debugnonce_start:  0
Mining block template, height 828267...
header:  b'\x00\x00\x00 \xb92g\x89\x93`a\x9f\t\xbc\x18\x88\xfay\x9ag\t:/\xbb4+\x01\x00\x00\x00\x00\x00\x00\x00\x00\x00\x8d\xe0\xbb\x08>\xd0z\x00\xff\x8f5X[-\xf2M?\xeb\x11N\xad\xb0B\xc5\x8d.\x11\xb2Z|\xde\x08\xd6\x82\xbaeZ\x00\x04\x17\x00\x00\x00\x00'
0   3e4ebfa6da274d250d242a86058afa8ebfc40c591e1b052620e40b45a07c33f5   00000000000000000004005a0000000000000000000000000000000000000000
1000000   647b7dc301561443e6cdfd10cb343da279c5a53e5c107ccd836ec346a1c902f6   00000000000000000004005a0000000000000000000000000000000000000000
2000000   4774976f03b7d33d4acbab8b179ce554f560c1ac19f7f6849677b7450983e629   00000000000000000004005a0000000000000000000000000000000000000000
3000000   85aa7fa78e4037a08402909f7022203b2eb24ad688683325aa7977f5ea34c16f   00000000000000000004005a0000000000000000000000000000000000000000
4000000   ee643572591461017298755dff3dab9a87c44ffccce7d3f25a054f67243882a3   00000000000000000004005a0000000000000000000000000000000000000000
5000000   d7ce8514048ff96ad1edf9ee66f1f9666696e01c1f5403b5dbad976718d1487d   00000000000000000004005a0000000000000000000000000000000000000000
6000000   08403f512a2b6587c6447f58d3d65508a73c55790d8ee128499a9afd1d81d72c   00000000000000000004005a0000000000000000000000000000000000000000
7000000   fef755887956e8628a82e992a08413646c1fbc95f7a9471c9cb31491b3e1cac8   00000000000000000004005a0000000000000000000000000000000000000000
8000000   82b2001aea7c5da0c109f3a8d9e21a23cd0629852839d7ad13082fa009bb3882   00000000000000000004005a0000000000000000000000000000000000000000
9000000   995ca715fe2d667cc1cd32eb552ed1884dc5f17b32474115a4d7f3c75093f80b   00000000000000000004005a0000000000000000000000000000000000000000
10000000   f7e7ee52e91cac2c7351095581282a79a5364cae8b1ba0bb92995f2fe5a74372   00000000000000000004005a0000000000000000000000000000000000000000
11000000   b2d09e98177adaa2a90f750033be90bc42287bc2d1ca5e2a193c96c55ddd362f   00000000000000000004005a0000000000000000000000000000000000000000
12000000   88574857beb33e3def43d95413e6ce09e09da119b225ded7308aca50e07f4d3e   00000000000000000004005a0000000000000000000000000000000000000000
13000000   c70b4dd8192a67ae1cabaa2334fd7f6e9f3fce11fc68fbdbcd97a6832547a3fd   00000000000000000004005a0000000000000000000000000000000000000000
14000000   b23758183ae2b6e6b675138b8fccb870c20703f7492ea8c015eaa182b758a239   00000000000000000004005a0000000000000000000000000000000000000000
15000000   4a352c5b4313a8da08da7bc46f7573772575c49f200bbb7206e2f41e4544abf4   00000000000000000004005a0000000000000000000000000000000000000000
16000000   7baf13a9e2e7490ce0448959a7decce436154ffe05f37df99cf521eee2dd8e46   00000000000000000004005a0000000000000000000000000000000000000000
17000000   f26db213487631e762030045fcd32f32f1023c27a71e106b21f2741ee82f4680   00000000000000000004005a0000000000000000000000000000000000000000
18000000   9a6fd6343023099a37ab842d29583fd484cb2783df7e7224a8ea9c8745964d05   00000000000000000004005a0000000000000000000000000000000000000000
19000000   a3777851f13e376f1136d51e995b27e97fc24e3dd638d35bff44f76adc6f73bf   00000000000000000004005a0000000000000000000000000000000000000000
20000000   01a849dab1059390650f91e09f05cfcac32f4bb3c2635f7ba9d1a3f282a62f06   00000000000000000004005a0000000000000000000000000000000000000000
21000000   c0a3089e644263e3e75bb44fa98543d474281cd9d068a3d438b5b9acd99e63b5   00000000000000000004005a0000000000000000000000000000000000000000
22000000   4682bec8f722bbcd2d1c4d02c844f12858be63719e36e28fc3231fdd04c854c8   00000000000000000004005a0000000000000000000000000000000000000000
23000000   27ecc20b94d5c8f638b2afa366269fc08fe3e64fd1c3da2919823f5f244a6fd1   00000000000000000004005a0000000000000000000000000000000000000000
24000000   822243eaed9de8f5a3273929e0324d80b547ded7704be9aaa13d730cb1f914c3   00000000000000000004005a0000000000000000000000000000000000000000
25000000   103f2bb1ea356c9417f41457e066826a41e415294c7a1307d74bd6d36e4f4f10   00000000000000000004005a0000000000000000000000000000000000000000
26000000   7db44314f339239317e3105aca27a6d3531944293ecff0cd795eafd1a5e9ef48   00000000000000000004005a0000000000000000000000000000000000000000
27000000   dbd70fa3c310bc0f07c766c7be403b93ccc74fa962307a7aa6ffe763da55c28f   00000000000000000004005a0000000000000000000000000000000000000000
28000000   ac0902987e6dabffd860fdc63d7cef59740874ca545bbe48695e2b869a4c7353   00000000000000000004005a0000000000000000000000000000000000000000
29000000   c6fdf11c8b96f49e98ba2f4d2dd3579cf3d629b78d25c4b40fe3db3d807f0576   00000000000000000004005a0000000000000000000000000000000000000000
30000000   557d8c8cb85004e3548c6ddd38d8f1c4e278ad0ae4017e142a95828f89d3ceb4   00000000000000000004005a0000000000000000000000000000000000000000
31000000   1b95e20a53c477da13d520f51844664c44c90de25b3b0ee6438c2bc851919dfe   00000000000000000004005a0000000000000000000000000000000000000000
32000000   80d1cc396bc55c94ac821a3a54c18ea1e13ba714965cf2059cf3ea2a693d64b9   00000000000000000004005a0000000000000000000000000000000000000000
33000000   bd2d87d3a305124d7e93aafa032afbe99e02ed83339dc9f33df7407c8db5cf13   00000000000000000004005a0000000000000000000000000000000000000000
34000000   dfff28039d6d5ca67fb96c7ca90ab2c30ed671a9cf80e2c235c15b46739b0ffb   00000000000000000004005a0000000000000000000000000000000000000000
35000000   6bbacfde9253cf922511252cfdf2b42b5ff61a5d692cccf31b6ac55a333ea48b   00000000000000000004005a0000000000000000000000000000000000000000
36000000   8f93f47ec7fa50bc946f29b17b271b4eba343513e0bf48c135f1894e269d5f2c   00000000000000000004005a0000000000000000000000000000000000000000
37000000   e6985beeefb85ac801f3a4b9eab8092585c734f045f1157816252d1c4cf05d06   00000000000000000004005a0000000000000000000000000000000000000000
38000000   3b77a569bc447fba972c514d9c2060798571bd4dc9ff45ae8f59a13c1f26fa80   00000000000000000004005a0000000000000000000000000000000000000000
39000000   83424396f1fe839e96facd51a1c9b1cb439b181919bde49fd063b9407cb3cc3d   00000000000000000004005a0000000000000000000000000000000000000000
40000000   cfe9990a10c5885e2fe67e13a10a3dd7f007e9711cf4c8c245f0a46477140733   00000000000000000004005a0000000000000000000000000000000000000000
41000000   e5cdc9b5f44623095243ab59aa7b636b7e25c6facf99ec49917a9de38d84cd4b   00000000000000000004005a0000000000000000000000000000000000000000
42000000   7b2ff8a6e5858953a2b5acc4326534470f8b09876b742b4235d6c38f223a9ea3   00000000000000000004005a0000000000000000000000000000000000000000
43000000   9310b5a4af8fc422786ff94d2d31b169ed06f03ab92fccbdd93b484cfd6f3dd8   00000000000000000004005a0000000000000000000000000000000000000000
44000000   d800a1bd2327f99000b719fa1396b147f4b34c8b2ff57e5b66da063b73466100   00000000000000000004005a0000000000000000000000000000000000000000
45000000   2a2e767bdfb0d512a330899b4d02c10e5d982cc60b7fd1bebde0ec641cdffa8a   00000000000000000004005a0000000000000000000000000000000000000000
46000000   650e6a353b4121832b961902031d02b3b7f26b19d9ab0e950bd81c4062277f63   00000000000000000004005a0000000000000000000000000000000000000000
47000000   a2d45ac3725530b1cc4e89cc018edc54093ac96f186c1b8b8445a5879e03b99e   00000000000000000004005a0000000000000000000000000000000000000000
48000000   97de4a3211050c4e97b5cd1a02229278a4886164b47dbe1dcb7836b70dc6468b   00000000000000000004005a0000000000000000000000000000000000000000
49000000   f9ce06678916b850ac8bd8030e103b897818780a1ddceb5c58597b7f5fb9ad65   00000000000000000004005a0000000000000000000000000000000000000000
50000000   3e10e2a95c1a714a988d29d2943b1a873a2488dee2f67b6545a3c2f6e7250b38   00000000000000000004005a0000000000000000000000000000000000000000
51000000   5b59f212d38f9f1ceb8b60235bb2862984d3006eef87db39b49097b02a679fcb   00000000000000000004005a0000000000000000000000000000000000000000
52000000   8895a72a5c3471a207fcb39abac95e8a6c660f9b8249b2089d1046c4fb2df863   00000000000000000004005a0000000000000000000000000000000000000000
53000000   7d5418776443fbb9b8d1c713b4ff670e9a796d9d069010181dcda2d24af6d5eb   00000000000000000004005a0000000000000000000000000000000000000000
54000000   67d06da9d9a08012f6faf1ee795f9ae2e7f48cc39ded1414d4e01fef02771b0e   00000000000000000004005a0000000000000000000000000000000000000000
55000000   