debugnonce_start:  1000000000
Mining block template, height 827344...
header:  b'\x00\x00\x00 R\x99p\x9d\x0c\x03\xdb\xf9\x1f\x81\x13\x9e\xf9\xf3\xa5\xe5-\xdd\x18\x9d!\xb4\x00\x00\x00\x00\x00\x00\x00\x00\x00\x00!\xf7\xc0\xc6(\xd9\xab\x9c\xcel\xf0\x13l\x95%\xe8\x95e\x06\x9c6\x10\xdf\x1e\xf3\xb2f\x0e=\t\xd2\xe9\xa2\xa1\xb2eZ\x00\x04\x17\x00\x00\x00\x00'
1000000000   3b39b665bb3b419232200072130ff67802973ebcf9cb0882fcc4772746052857   00000000000000000004005a0000000000000000000000000000000000000000
1001000000   4f51f29c52c2e087d8e03dbaa18a0acdb79eb12f09c18922079e0c76213cb5fd   00000000000000000004005a0000000000000000000000000000000000000000
1002000000   c6ef17ccc262f0e7139e5e8718fe6481720b8fe471064ada62742183ab6a1060   00000000000000000004005a0000000000000000000000000000000000000000
1003000000   eec9355f71f13c37ed600b9061dbf4b00dda2eff9dd81a1d8edf5b8a607c7d6f   00000000000000000004005a0000000000000000000000000000000000000000
1004000000   36e910521e1c5705581f3e93ee07a3b755101cb6b5d7548ae6f5f6d1d34017cc   00000000000000000004005a0000000000000000000000000000000000000000
1005000000   a408e13e3f792049a267fcb267b5ca9f7cb63d6947601148df2fc4cd3014ced1   00000000000000000004005a0000000000000000000000000000000000000000
1006000000   eab1adb6609a4822a0bc523a1233e7b37c984ca8bfbf3af8b4cd25ee850a2158   00000000000000000004005a0000000000000000000000000000000000000000
1007000000   2f16a08a945b9cf18a031c96e616f4ed60933f594e9bb8e34dc2b6090b92dbc6   00000000000000000004005a0000000000000000000000000000000000000000
1008000000   69ff3614e2982265bcb8df945e248e0c216bea3a1c2da023fdbbaecb0ff15786   00000000000000000004005a0000000000000000000000000000000000000000
1009000000   3569cc65c21a0602cbc9b97ae2cc431a02f72208d8c1ad96278d53632d7b0688   00000000000000000004005a0000000000000000000000000000000000000000
1010000000   f7d8786f410e660edaec0f62bb389baaa87a5ed860a92ef39d2d813b33318f8e   00000000000000000004005a0000000000000000000000000000000000000000
1011000000   15fa2fdbb04830139ed9ebf8f42ac8b3b4fd92cca43b6d813ef0575f5a61c0a8   00000000000000000004005a0000000000000000000000000000000000000000
1012000000   fec284d1ebb5eaeb3223c907b8678d4b4aef2d57e8fb7e65e650bed774aceac2   00000000000000000004005a0000000000000000000000000000000000000000
1013000000   abdba843239a0b1bacac04371ba48f656b0a3858591e2bb554eace2af6411612   00000000000000000004005a0000000000000000000000000000000000000000
1014000000   8ac2c860bfb4081537fa92ed28f6d5b9c6e7e0050bce8c432179cc32f26c9b80   00000000000000000004005a0000000000000000000000000000000000000000
1015000000   ed57c38818a018ede2d90ab929e0f8e02c4cb10a33d52e04eae75143a7dcbb59   00000000000000000004005a0000000000000000000000000000000000000000
1016000000   d7f8b2be839f51d0357fee74b7232756f4edf642dc651dea84fbfb1c160c5e83   00000000000000000004005a0000000000000000000000000000000000000000
1017000000   5f7f959be17cd3a22c0258dce930614dd8c15a05c96a1a3a95e4186c48d80dde   00000000000000000004005a0000000000000000000000000000000000000000
1018000000   ade912a1aea2b8a1cb7a196e985ed47e70babb72f7e25daa7691e72561e267a6   00000000000000000004005a0000000000000000000000000000000000000000
1019000000   4788d5d15db4a7b979137b7d6db7bfdb3db7b1bcb05466a610e89497fb8f7b82   00000000000000000004005a0000000000000000000000000000000000000000
1020000000   e6d1ac5dbc352bdd26f5a7876de30cbe101fea0f63d00a5840490957945b88f4   00000000000000000004005a0000000000000000000000000000000000000000
1021000000   9271d6d66a83b8dd97f9a24d6b97aa1629c6aecec4312a24e0a21588c473d37f   00000000000000000004005a0000000000000000000000000000000000000000
1022000000   66b600db0f31aa6d8091918e058310a146af225e3efe31fa17c7f92eae7eb967   00000000000000000004005a0000000000000000000000000000000000000000
1023000000   a55651831338c346088f4b6eeb54b190b8270708f8d2d82003e620748c130722   00000000000000000004005a0000000000000000000000000000000000000000
new_height:  827345
debugnonce_start:  1000000000
Mining block template, height 827345...
header:  b'\x00\x00\x00 3\xeeH\xa5`\x1dp\xdc\xdaYl\x9f\x94^\\\xe08{h\x16B\xd1\x01\x00\x00\x00\x00\x00\x00\x00\x00\x006 \xda\x82r\x0f\xcbRav\xc5\xec\xc77t\xce\xc5\x95N\x1c\x8aZ\xe32\x03\x92"O\x87\xfc\xcd\x85\x89\xa2\xb2eZ\x00\x04\x17\x00\x00\x00\x00'
1000000000   d43059560d858ed4d8b2ff22d60aa06cb3945ccc7924dcc2d385c65db297996e   00000000000000000004005a0000000000000000000000000000000000000000
1001000000   31e28a728f3c77cc6e73e568751544b50ae56967abb58084ef363aa61b178af8   00000000000000000004005a0000000000000000000000000000000000000000
1002000000   e2fabd0084c883f036ca1c9fdf2f963c06e3d4e6766c750031875bcd19747bf7   00000000000000000004005a0000000000000000000000000000000000000000
1003000000   ab20ac1eb4270458f917cea7a6667fa5ee2bff9846842e30717430f0999f4b6a   00000000000000000004005a0000000000000000000000000000000000000000
1004000000   d0889f76f734246d7d37aab12d8c208890cc6a05551b916e41dc28205e29e957   00000000000000000004005a0000000000000000000000000000000000000000
1005000000   bbb3cc6e686fca905f6ed88ed2486e1fc55b562cf347a12a6e99cf0cd97317a2   00000000000000000004005a0000000000000000000000000000000000000000
1006000000   f5666c1cd4d59231f5a0b9f0f9da55d22258cdff5376b14155da616abb1e20e7   00000000000000000004005a0000000000000000000000000000000000000000
1007000000   1175c34ce8ae67c262729e9261dec74e8fa36af0111da7c82425dde64cf12b17   00000000000000000004005a0000000000000000000000000000000000000000
1008000000   d133e13d1af0a18815ca42438110f2768beb61d3ab3282c9b1cbee5de39ecf31   00000000000000000004005a0000000000000000000000000000000000000000
1009000000   bd41367f6c66d72146d91075797f9d85679b69d5d7776aeed2c0e6b30f062c8c   00000000000000000004005a0000000000000000000000000000000000000000
1010000000   8d5635eacebef5baa14f1a80f4c25a1a5f6822c4a0f485d3fa8c47b30c9915d9   00000000000000000004005a0000000000000000000000000000000000000000
1011000000   88a85b704a4bc93b3a5e0c48fe97e3277719f738fd5e7db6d415f204b764b908   00000000000000000004005a0000000000000000000000000000000000000000
1012000000   428330ab993e60fce9dac8bf165b36f41c6d112c8560410ed05bc1f594bd22e6   00000000000000000004005a0000000000000000000000000000000000000000
1013000000   8fb4e64374cf5d0a9c53720c3e331e58679d3fa2bcb6d79cb851757a4820b2de   00000000000000000004005a0000000000000000000000000000000000000000
1014000000   e76e7aae0ac48f5a5238d5b1fea2fd1abb6fffe86e43155c6bb584f5476af6ee   00000000000000000004005a0000000000000000000000000000000000000000
1015000000   ee67d344fe3d3d44b75db1614a5b47096f5c413909dd77b62e7456989a7565d6   00000000000000000004005a0000000000000000000000000000000000000000
1016000000   9287e6523ba8fe4e1fb9b0a19b4aa4251470eb6e9faa6f63e54c379507e6bea6   00000000000000000004005a0000000000000000000000000000000000000000
1017000000   4f9944dc7e8fb05cb8a0efcdda56f530da07b75a3e43b6a541eeec9ba565088e   00000000000000000004005a0000000000000000000000000000000000000000
new_height:  827346
debugnonce_start:  1000000000
Mining block template, height 827346...
header:  b'\x00\x00\x00 \t8\xe6\x97\xcb\x94!\xeb0\xb8fY\x95\x89iE\x95\xa0P\xa7\xa4\x17\x03\x00\x00\x00\x00\x00\x00\x00\x00\x00\x1a\xa8H\xe7{vJ#\xdf\xd8\xcc\xbev\x95\x06\xee\x7f\xc6\xbf\x1cP\x93_N\xa1\x9dS\x17\x98feV1\xa3\xb2eZ\x00\x04\x17\x00\x00\x00\x00'
1000000000   367c122f09ba3fad5ebd9eba2a4f21c15086f6e71f541badf7ae08eb22f09566   00000000000000000004005a0000000000000000000000000000000000000000
1001000000   e6a0c13cad228c2d1baf8ef1b3222b9acc7f4a8806fa89b9f3156b57eb593276   00000000000000000004005a0000000000000000000000000000000000000000
1002000000   fc65a394f9a20a5b044edf1dc04062532ea5f3876bda01a1f53c7ec3a6d39af9   00000000000000000004005a0000000000000000000000000000000000000000
1003000000   39c8af9dbe39b5b38df1ba08a9ea5f3bea8c958db494e931f3b9c254074798b0   00000000000000000004005a0000000000000000000000000000000000000000
1004000000   6c1e304888755a8eba2278691df489e08b1a4e83297c8e2d4917ac38cad42e8e   00000000000000000004005a0000000000000000000000000000000000000000
1005000000   558217a9400db2c4006441cf351caba9d78fd0a5ad99ba7c1f15b58d0d8de13a   00000000000000000004005a0000000000000000000000000000000000000000
1006000000   f0adcfc10c7cb7ae22d3bc88b4aecd76053e03f42aa75b71b04d63fdf1e79bc9   00000000000000000004005a0000000000000000000000000000000000000000
1007000000   50b65149718c595e2d7049006571b7ba81f2f667e8a0332d98878d2cb7f23ccc   00000000000000000004005a0000000000000000000000000000000000000000
1008000000   cbc9434e070f136008f7e55b80923276633cba10d3427e639721c66aea23b5cc   00000000000000000004005a0000000000000000000000000000000000000000
1009000000   7f8b1c4798ff5b947795fcd3d09134252a06e2cb886ea42fa3472c257c74b2e4   00000000000000000004005a0000000000000000000000000000000000000000
1010000000   f73c010d771991aa01c47ba6cbd67da1930dd31f51d8c62dab09f13feb35e077   00000000000000000004005a0000000000000000000000000000000000000000
1011000000   54ffaff53edfbbd778b4106eb45f564176ad764db75e3f1082642132ce3c3cca   00000000000000000004005a0000000000000000000000000000000000000000
1012000000   4cd6e11f3756849d3a3a0064ba9e5f11c367ae7a4096ab2ad5c01819eeca499c   00000000000000000004005a0000000000000000000000000000000000000000
1013000000   e8c4d9c6a00cba6ee197868e54daff48316c467589399a1d46a90a1edb5a9a5f   00000000000000000004005a0000000000000000000000000000000000000000
1014000000   94b2e2772b9ddf3514af333cfe96c76300907e1e27285216d922382d72d78061   00000000000000000004005a0000000000000000000000000000000000000000
1015000000   828e219a53189f21571b3164481c30853532002c9ceb1756006cb41634f5f789   00000000000000000004005a0000000000000000000000000000000000000000
1016000000   6294965030d494923b8827b1e7ffd85a89a8761de00cb8c91d5bf1dfa2284926   00000000000000000004005a0000000000000000000000000000000000000000
1017000000   baf715df792ccdefa609b827a7f229593c70364091dcc9acf3b25d93c77da283   00000000000000000004005a0000000000000000000000000000000000000000
1018000000   76cb45202b6deac2af1c65d931d1ceba381a9b3514df8f7fedc9acf22b30aca4   00000000000000000004005a0000000000000000000000000000000000000000
1019000000   3f1f9c1949efe73b8f9c0d564774ea82314d3a851f958bb55486ca7e1abed5ec   00000000000000000004005a0000000000000000000000000000000000000000
1020000000   23a669004af69ad920caad51a94dc687dae07ab8bfd79acddb4dbe1749aeac97   00000000000000000004005a0000000000000000000000000000000000000000
1021000000   3e7b79c394c8e592c995b24ce10b54dde9d8c058f03935ae8021b6b58efb47e7   00000000000000000004005a0000000000000000000000000000000000000000
1022000000   741406c8ef3875950da5fcc4498360a6bb7eaa4af4b75eab2dd725824fc7ca60   00000000000000000004005a0000000000000000000000000000000000000000
1023000000   2e4e709e102a750f68b455254266bfda5d4f0557162f3c3014b71cbbeae8fd3d   00000000000000000004005a0000000000000000000000000000000000000000
1024000000   50aad1380ddeca134c6b333e49eb0df87298a7da93b3f9030725bcc43b3ad1b9   00000000000000000004005a0000000000000000000000000000000000000000
1025000000   17493feffe929823b203e66565e30939fccb97c30321e7890ae1d3ebba4723ff   00000000000000000004005a0000000000000000000000000000000000000000
1026000000   e52b6cb0b5519ca1e635084a65db28ea22d57ce74cd726351005ba0d8ffd9a95   00000000000000000004005a0000000000000000000000000000000000000000
1027000000   df97ce5ed53c9135efd90a5f1faf090e920a5d32bdd7f2031d218fed5ca124e9   00000000000000000004005a0000000000000000000000000000000000000000
1028000000   d57a71fec1b132372aab849b9d19d3c0cc01e2da511c5060706d319d94338f39   00000000000000000004005a0000000000000000000000000000000000000000
1029000000   df42e600ee0f35076afb70a3ed7d4ff516e823559deb381b3718295def2c6337   00000000000000000004005a0000000000000000000000000000000000000000
1030000000   5b5d7e1f2ac3a7ee735c2542b4128a1dbcfcc692fa70df99d7cb1b039827eb9d   00000000000000000004005a0000000000000000000000000000000000000000
1031000000   4be7aea42ec24da43e77858b1f43deb2fd51bc14015bd37edf4514607e7f8ec8   00000000000000000004005a0000000000000000000000000000000000000000
1032000000   aeeac73f6ef19b925fb778ad7a058eb07caccbb0162d6a443b75e68df3e3b995   00000000000000000004005a0000000000000000000000000000000000000000
1033000000   cfa5cc7b60210e3c1594598a68da225c889539401a5a431b97726801070b2d8a   00000000000000000004005a0000000000000000000000000000000000000000
1034000000   d2c47b95ae12a50ad3baeac958e9d0474c548c01449ffd77eca6d1458f8dfdb8   00000000000000000004005a0000000000000000000000000000000000000000
1035000000   2f447a3826d7504dc03355e6ac6aa618822158ae58cb1e4a8951e343fab05f7b   00000000000000000004005a0000000000000000000000000000000000000000
1036000000   244fe99b669d92bf78494c82f482ed638d6c3e54afa588f5b7b7579ed4f44a31   00000000000000000004005a0000000000000000000000000000000000000000
1037000000   1fbc6870e8c400dcc905626b8c31115e3eabd271a49fb8dc9137a17f88a306b5   00000000000000000004005a0000000000000000000000000000000000000000
1038000000   577a5a2a8b599f21013816590dcdd39dc94c5a8ff63d817f4d14408fd5cd6cfc   00000000000000000004005a0000000000000000000000000000000000000000
1039000000   d6c800f6dcbd685a7fc4f800baeee43ad70a30f1ee85792c884a0faacc1674c0   00000000000000000004005a0000000000000000000000000000000000000000
1040000000   d0e61fa19a7055509fd654a806bfbb48a2e1d8c2980bb3d9f451616fe4f803a1   00000000000000000004005a0000000000000000000000000000000000000000
1041000000   a75b4c45e17ad47dc650b23710765853b7506d986d9ae9f8b7370b5b9e942f8b   00000000000000000004005a0000000000000000000000000000000000000000
1042000000   305a3dd896e265e1428ee4273145f40f031b77c8fd3b51cbedd533f36f11f194   00000000000000000004005a0000000000000000000000000000000000000000
1043000000   dfef9304a01513c1347dc2f6046418eb4347e1d737a8a0d26ee2a05a7b0bdeee   00000000000000000004005a0000000000000000000000000000000000000000
1044000000   873281cd0e71da1b0efc68abf71e4f2e10a7f759a3c3a97e3633037c8185b152   00000000000000000004005a0000000000000000000000000000000000000000
1045000000   bc3f9df03e1a8957c308fbc4e9a0ecc70adc0cf173c6e7595a0c202644bcfd15   00000000000000000004005a0000000000000000000000000000000000000000
1046000000   1b84c1f3d36e3b39c3e409e7f08fe1d715e8ed58bf77d66ba336a46ac99523e6   00000000000000000004005a0000000000000000000000000000000000000000
1047000000   74cb912cb5f967f7e895bfa65473049b3b958cce7a16b5d1f67dd306fb88bf0c   00000000000000000004005a0000000000000000000000000000000000000000
1048000000   662ce18cca82647085286b19d6a600be47e52cdbbed14475902b14fd03838cda   00000000000000000004005a0000000000000000000000000000000000000000
1049000000   2378cdfdf41c0fa8e034586e3de96c60a5ea4bda44d9cd6940fb04391b3d2abf   00000000000000000004005a0000000000000000000000000000000000000000
1050000000   3abe6d042c029e5b641c78da9297212d1ae61c37813b17297dcd937b151c4283   00000000000000000004005a0000000000000000000000000000000000000000
1051000000   b25ae3dc032a705541dc9ac980cfb643a8e1e4747029e94c9d310216d8280617   00000000000000000004005a0000000000000000000000000000000000000000
1052000000   162db90bafd7b2d62d4b883ee5270d625d5ee5b248c0e2afb8c38baf8776be8d   00000000000000000004005a0000000000000000000000000000000000000000
1053000000   c37a0485f220da562e902f0a8f99b6f4083708255d3800d35f0640a4f24c5b47   00000000000000000004005a0000000000000000000000000000000000000000
1054000000   ee6363e2ba7977483cbb49dfb3961a345b286b8b6cff0d8230e05329a8cbd2e5   00000000000000000004005a0000000000000000000000000000000000000000
1055000000   20ea2b6ea634b0adec0d1736ba701113e8bd0aa8194988e0e4bea446bbec6267   00000000000000000004005a0000000000000000000000000000000000000000
1056000000   ae24e4a0c168decf4ee5e8bae68afe6a6c690548d87760e636daf5de61ed3731   00000000000000000004005a0000000000000000000000000000000000000000
1057000000   c756c063b0c9eba3787c36d04029b3433fa1a69518d370baa4ffcb363cbe3110   00000000000000000004005a0000000000000000000000000000000000000000
1058000000   32d901637a5eea8536e2a490dbfd8b88701d9c49f175d049765f39623683ce05   00000000000000000004005a0000000000000000000000000000000000000000
1059000000   50db2080021e91bb2e169e0740e866c5911b17c7a90482ae7e2e902b65180396   00000000000000000004005a0000000000000000000000000000000000000000
1060000000   c7d36f3a25d73d2d225b9f8c760e52a56acaa8c6caf9659e63f654f96ab20075   00000000000000000004005a0000000000000000000000000000000000000000
1061000000   791800895e18ce0be2c0272001bb11cbb0b8b193af82d1dfcc721c2d976a05f1   00000000000000000004005a0000000000000000000000000000000000000000
1062000000   db0cc7f5ab5ead9455ceb6d238f028c65e69eef6f2ee5c804c3e40717c030675   00000000000000000004005a0000000000000000000000000000000000000000
1063000000   cc31d4858e9d199925546eae1f173d16f55eeadaaf5dacc156fc57ea333a5d4e   00000000000000000004005a0000000000000000000000000000000000000000
1064000000   0e485289853dad2bdb39df473ff58406b2ef31e5954af3951978f26edbb5b62f   00000000000000000004005a0000000000000000000000000000000000000000
1065000000   415496493ce8e91c8b5fee82855f3967e7bb303da1a3ebff314961875fa17972   00000000000000000004005a0000000000000000000000000000000000000000
new_height:  827347
debugnonce_start:  1000000000
Mining block template, height 827347...
header:  b'\x00\x00\x00 \x9d\xaa\x170\xe1\xf8.\xf2 \x1c\xdeu\x97\xec\xe1e\xdf\x85Un">\x02\x00\x00\x00\x00\x00\x00\x00\x00\x00\xdez[\xa5#-\x17"\xc2_uI \xf3\xe9op\xa1 P\xe9\xb0t\x18\x19\x8a\x81\xc6\r\xa9n\r\xc5\xa4\xb2eZ\x00\x04\x17\x00\x00\x00\x00'
1000000000   ad0363ad10fa36d13b4d5f83735ea4f6c075103d7078aa1869051ab17fe38b37   00000000000000000004005a0000000000000000000000000000000000000000
1001000000   8f9a79c163ee090d3fd789a983b64e2edf47a285af21e45b444c7af34eb2cf0b   00000000000000000004005a0000000000000000000000000000000000000000
1002000000   4aba0f3ceabc5ba3fe2a353cd7f412b295bc480f4f8820369427957a492833da   00000000000000000004005a0000000000000000000000000000000000000000
1003000000   264e4044a43cb50b2915298f7027af58c3bf4d2315ae6b41a20f9c9c3e14e7e9   00000000000000000004005a0000000000000000000000000000000000000000
1004000000   735e53da428e4b823ef3554d4de95b0a5ef7cea0c51a138be055031576d9ae88   00000000000000000004005a0000000000000000000000000000000000000000
1005000000   8894debaf9e8d0f8223ce9e69aa6fedd73daf77147bff8b20ad364577f130777   00000000000000000004005a0000000000000000000000000000000000000000
1006000000   2f7e1fbaa3a326849c2d2ecac22d2ab65fc79de9ef8a9bbf6cf968cd7c388a0c   00000000000000000004005a0000000000000000000000000000000000000000
1007000000   720abe5c04fe47fc31e5afdd37d8296618052909b9259cfccc65fe0287954348   00000000000000000004005a0000000000000000000000000000000000000000
1008000000   43e893ba3e6cbbd78953aa98d85d33c0211c226bbbf5d44d3779ef6fd9e2b853   00000000000000000004005a0000000000000000000000000000000000000000
1009000000   ca45020fb3f070ffadc5e6db37e7bb2803265b0c011c312b113aeeafa77ffa78   00000000000000000004005a0000000000000000000000000000000000000000
1010000000   49d591ab46c81b97a7c2811e9e445f33888dfa05f3b7e5129cc6532c215f2ce5   00000000000000000004005a0000000000000000000000000000000000000000
1011000000   5c23527086454e2ac9f460e23f3f2d38fd7df49c4c1ff5022463114e45057967   00000000000000000004005a0000000000000000000000000000000000000000
1012000000   14af8a49dc1d9ebf5546f21391e5d461783ec24744ad85963b8492a5a2bc05a6   00000000000000000004005a0000000000000000000000000000000000000000
1013000000   9d968f38a28e16a8f73e2777e6855fb58018f6c37e55657eb621f3ff04c0ccd4   00000000000000000004005a0000000000000000000000000000000000000000
1014000000   d1bbd0e345d5ebc68b80ed0265a96e83d2c2139e9597c047401a50aa17732b38   00000000000000000004005a0000000000000000000000000000000000000000
1015000000   5959f648bd340d7afef2bded94f670e400951c349a20cc215ff45683e44deb47   00000000000000000004005a0000000000000000000000000000000000000000
1016000000   32649edfb4aed32301fcb6b95341bf5cc4f73ed38a4f6446e6ba075b13dbb7ef   00000000000000000004005a0000000000000000000000000000000000000000
1017000000   c64a16adec7264adf80c6888a860331bf75fcb9182c12f0123a2aaea5ed63db6   00000000000000000004005a0000000000000000000000000000000000000000
1018000000   cc787c7e7bfdf86648a1caa2ea6b13a69aba72653ee29fcf05485d5ad04255d5   00000000000000000004005a0000000000000000000000000000000000000000
1019000000   c85a95708c6d325cccacbe517352d3ce4a5b559fcdad05bd63ebab25da99f75c   00000000000000000004005a0000000000000000000000000000000000000000
1020000000   613fbeff5a83347bf66da23ba37f77c9ee1047b5e99888774bd74fa69eadb45e   00000000000000000004005a0000000000000000000000000000000000000000
1021000000   1605d33a1db13d1efbae3c755abd7395e8090dc27b539e9341d5801eaf125103   00000000000000000004005a0000000000000000000000000000000000000000
1022000000   1f5edbb48ce891ce863038a0b5d29f241185699fdc784c4f08e0338b795825a7   00000000000000000004005a0000000000000000000000000000000000000000
1023000000   60e60defb8c4dc982de706a57c09226da85591b9882e10b5ab172f085d42311a   00000000000000000004005a0000000000000000000000000000000000000000
1024000000   15cf23a7d858ba342b065befee2b35f861fef1510e41e4582b81913ef09d677b   00000000000000000004005a0000000000000000000000000000000000000000
1025000000   1f09ba2171455008cfda7a76a908e0a7370fc77881f0088101efbbf349f9448d   00000000000000000004005a0000000000000000000000000000000000000000
1026000000   0e7dfc09a88dfc6f13f3f697a3a2ad6565db344c2b4f5b18949833ce09b2053e   00000000000000000004005a0000000000000000000000000000000000000000
1027000000   872aef6d387b75e395a66c0f1f794591870a5bbae58d229dd35ca85ce3ab5b3a   00000000000000000004005a0000000000000000000000000000000000000000
1028000000   9a2897965c0feaeecf0674b3b89844da05386e2c71e8f00afd28803925b11d10   00000000000000000004005a0000000000000000000000000000000000000000
1029000000   d9cc4a3c3866ebed8c2aa3cd7f45a0c4518109fb56c5cda40470f43fab7e6b9e   00000000000000000004005a0000000000000000000000000000000000000000
1030000000   c65fe922c15cabdf08da3475b568fa9cea666defc7d89002d770c3a882f1434d   00000000000000000004005a0000000000000000000000000000000000000000
1031000000   579865c17c4684bdc10acdee7ce99b3499c4c82ad2f2fe77e106c8dee6b0171f   00000000000000000004005a0000000000000000000000000000000000000000
1032000000   2f337b900d4fcf3e4837d530a6ed5470a2eb8772d25c856dcccd9787ce21ea6d   00000000000000000004005a0000000000000000000000000000000000000000
1033000000   eef8af3271db8e791e89c76428df24676f8ca3579f0fec9f3479b374364c4a94   00000000000000000004005a0000000000000000000000000000000000000000
1034000000   d161021e166c79e4ec0ee4489d565f9e3e72f78c14d0c509a8406c0bc0c52b84   00000000000000000004005a0000000000000000000000000000000000000000
1035000000   89db481701a783069bff22ff17bd7b1e8868665eb4aaf2df1d82e7b03375729a   00000000000000000004005a0000000000000000000000000000000000000000
1036000000   9df216a4e17f09239183ac3257693202b64166f139f227565a39fda16bd0c59e   00000000000000000004005a0000000000000000000000000000000000000000
1037000000   d92143b96af8366c7367d83d0b2c24b26d4f28af4d7683627374b015a0477fba   00000000000000000004005a0000000000000000000000000000000000000000
1038000000   e844e4e6af4919d12378ba0e9b247469c5ebbcba52cded68f3219fca548f2201   00000000000000000004005a0000000000000000000000000000000000000000
1039000000   8123dff602fa7008eb849c4b6f551866ef98754e604bde33efca6500171dd157   00000000000000000004005a0000000000000000000000000000000000000000
1040000000   2d052cd271b6f1db539a9ba2b0536d35cd71ab96cd79d4d1717c0afe1fe755d3   00000000000000000004005a0000000000000000000000000000000000000000
1041000000   21e04221e2ec736d8d247a17e7c52f64f620f226b4ecbf91b4e1f3f49e14f421   00000000000000000004005a0000000000000000000000000000000000000000
1042000000   c274aab51c8831ae06cc85b1caa5686a88fe51a94ee87f432785b00a8896d59a   00000000000000000004005a0000000000000000000000000000000000000000
1043000000   b5f9ee24b80ecdbc792a68678581f683ca605daa33948d3177518a3c6bc30107   00000000000000000004005a0000000000000000000000000000000000000000
1044000000   a4bdccc62b90a4d25e7bd1df94568b170a7ee1b168a87a6ef0ba5345aac448e8   00000000000000000004005a0000000000000000000000000000000000000000
1045000000   392f444c983e3bdacaa102654e839daaee05eae3000fb29ec95dc025b55b97a4   00000000000000000004005a0000000000000000000000000000000000000000
1046000000   86eab2a668b92f0bbdcae2dc304dd0518891696ec000564a63df096b5531d352   00000000000000000004005a0000000000000000000000000000000000000000
1047000000   bf47adbc285f99ecbacaca5442d2b99a1bed4e7b7b3830c061cf122d2ec2ee84   00000000000000000004005a0000000000000000000000000000000000000000
1048000000   080a9186d07c8d3ce62e9c5476e9fc8dbcab526440c8249ce82524904f7bda6e   00000000000000000004005a0000000000000000000000000000000000000000
1049000000   1c728743ff0b045e64319fec5801bc29f06cecd9d9067475813e19b41f5e3e84   00000000000000000004005a0000000000000000000000000000000000000000
1050000000   0c4e19b5c95a6c1584e3cf8a3e3d86980f982c9968a19d6af30af7fcded4c4ed   00000000000000000004005a0000000000000000000000000000000000000000
1051000000   1f189796b687b96d7fda0baa9c40bc077fbb343c4960da1dad317ae2ba4cd566   00000000000000000004005a0000000000000000000000000000000000000000
1052000000   45814294e6dd506cef98562219707e145c19fb9316b48df8536041bab7c2dff2   00000000000000000004005a0000000000000000000000000000000000000000
1053000000   e5c49bbeb74484abe0edbe8f20f609d433d1b7da51d73b96377861f88c22cb8f   00000000000000000004005a0000000000000000000000000000000000000000
1054000000   75a2b1cda14ed752fcbc1e1748edb67d6356a383e4012d54b7514cbeb61a9395   00000000000000000004005a0000000000000000000000000000000000000000
1055000000   7d68af5c7a4ae6986709edad7292c1917ad4e1a1c69337e9567b6b173e6189d1   00000000000000000004005a0000000000000000000000000000000000000000
1056000000   0d89e316319852bf3d03df4c0b4452214e3fbbd77885dd5beb664d1d12616e44   00000000000000000004005a0000000000000000000000000000000000000000
1057000000   a5e58c75f20a03be79430cee69c16bd89dca22f272cca40f17afa259d70964f4   00000000000000000004005a0000000000000000000000000000000000000000
1058000000   26eb08cac0deaa2e6b07f3a7a196583c0a95a34087e1aedc2bd8ff97ce248512   00000000000000000004005a0000000000000000000000000000000000000000
1059000000   5f6794d43a12c8e3f3a186177a73974e53515dcba7f0db5c8d78778342906e33   00000000000000000004005a0000000000000000000000000000000000000000
1060000000   1b8e12122a732e93f2e72e7f239c0a0fd79d90309cd7afa6a269c8e757bc55dd   00000000000000000004005a0000000000000000000000000000000000000000
1061000000   b9436a21e0d63c7c107e3036d03f4c2a3fa43abda2c9385cc38a410d3d6b5627   00000000000000000004005a0000000000000000000000000000000000000000
1062000000   25d0efbc5223bb0c1351c988b0ff7902afa6d7e77bdd733a0d365d970ebaa86c   00000000000000000004005a0000000000000000000000000000000000000000
1063000000   8b2353a916e5a0aaf07a6eee24a891a5b64dc15e0fd97fc7e67b3315c3e2b9fb   00000000000000000004005a0000000000000000000000000000000000000000
1064000000   913c1b04b7c3e6e7873bad58f0b064823332f849044f1a81053c6c1d86eb104c   00000000000000000004005a0000000000000000000000000000000000000000
1065000000   29b38540199afb59d37481de7e8e5b116e88850d7fc33756c66040c8369ba04d   00000000000000000004005a0000000000000000000000000000000000000000
1066000000   fd674274763d16e3146960ac64b98a5c3f40ea272ac0a9f887a77a6e8d180c65   00000000000000000004005a0000000000000000000000000000000000000000
1067000000   ba9b53faaebf34c8b6a23562a359d82b0ff9d05fa880c1dc45600dfc20bccb79   00000000000000000004005a0000000000000000000000000000000000000000
1068000000   db6000a51bf93ac71264472c46ed6997bb1f645cb3611861d93f6a80f3fd43d0   00000000000000000004005a0000000000000000000000000000000000000000
1069000000   db48806aed2932b8a700665f992c395874575fa038616598ac43e00ae2e4fa06   00000000000000000004005a0000000000000000000000000000000000000000
1070000000   7517318a47cbd81d6ae8be7a355de1047618b9de642e489b15921f2c66b2df82   00000000000000000004005a0000000000000000000000000000000000000000
1071000000   d4310ebcecf1ba637165d9fe6b04acf180a67e48d5c7083761e82d2792a31ec6   00000000000000000004005a0000000000000000000000000000000000000000
1072000000   fbfef0dc5da41808a54cd1b8fd8f07e12487fc1af19f707061e8762b9cb8ef69   00000000000000000004005a0000000000000000000000000000000000000000
1073000000   862ff959b02fc1a1b6e8699ce407e2e8439bcd04b38b78a1cf7941877c17f27b   00000000000000000004005a0000000000000000000000000000000000000000
1074000000   2af4bfd4abc0153067ecdfe78fac41e9fdd6411fcfba9753e9233020afe74b45   00000000000000000004005a0000000000000000000000000000000000000000
1075000000   0c09c266d78a8947481357c99da3518767ab2371ad1c52d1b49eba9bf468612d   00000000000000000004005a0000000000000000000000000000000000000000
1076000000   57b15acc363599ae26169d0aefb707c72043054dcd736cc0fc7490049c6f720e   00000000000000000004005a0000000000000000000000000000000000000000
1077000000   c61bd8cd5df5a16f248310154108cd2b60328578729bed09ea1a79b2ccdefd07   00000000000000000004005a0000000000000000000000000000000000000000
1078000000   80c0d58f6aa456ed339afa2ae25b6bde95b91817372bdea07d312817efb21f57   00000000000000000004005a0000000000000000000000000000000000000000
1079000000   819d650c7cab8452c2c77d45882cf0a5d0084941d4ee5761f6a3275bf25bf990   00000000000000000004005a0000000000000000000000000000000000000000
1080000000   488fbe500a11223cb8ba2db4dedebf8e38b7fcd68462b2dc48f6dddb94a616be   00000000000000000004005a0000000000000000000000000000000000000000
1081000000   22314fb0d5e77e58adc7ae4c9f13408d57e9c28fcf0ef44bf70b093b6313f519   00000000000000000004005a0000000000000000000000000000000000000000
1082000000   c4d56656a9fa33332aa58cad79eaa3278db283a29b46e7efd2a9f27e08f31da1   00000000000000000004005a0000000000000000000000000000000000000000
1083000000   836f0fd8eac6f564c05f87f2eae72813820a3f5df9d48b01464cef702468e6cf   00000000000000000004005a0000000000000000000000000000000000000000
1084000000   af147bb54ab6a350d55eba61e8c36a23b50e583e9751700450b3690b6e5e16e2   00000000000000000004005a0000000000000000000000000000000000000000
1085000000   dc7a1b2571f393b64200080b4bd2622188e6efbbdeee16f2e6763d0bd39150aa   00000000000000000004005a0000000000000000000000000000000000000000
1086000000   09f1e9093e9457ac13d6c4c7040be6954afe646a27b85b3ec3784d2b326bf41b   00000000000000000004005a0000000000000000000000000000000000000000
1087000000   3a82780383dd7a17a3d0350573314dafc22d0cbfea6e13553580ba3497eee32c   00000000000000000004005a0000000000000000000000000000000000000000
1088000000   4f98531a31ff63b1b32f5e71890659832c6cdff1663bbdece708b3914868733c   00000000000000000004005a0000000000000000000000000000000000000000
1089000000   6e3ed71549545c6ecbc99d9b6c87b6c41fbecb41449ff87e129104579ccb2b64   00000000000000000004005a0000000000000000000000000000000000000000
1090000000   cd896d1321e236de8663035a07e7791d6a0c367f6ef14128f544f2669f42674e   00000000000000000004005a0000000000000000000000000000000000000000
1091000000   118209dd589509d74e7390f22f67f4b0399af0ff5e06f47392ae1e068c8f8240   00000000000000000004005a0000000000000000000000000000000000000000
1092000000   f528116f82708672f26ca537a2b8c4f0a26f1c728627656709854ba92cab721f   00000000000000000004005a0000000000000000000000000000000000000000
1093000000   098dcc97438fe4a27bf14f446fabc35177c293a687fc6d6174ef020c516d82c0   00000000000000000004005a0000000000000000000000000000000000000000
1094000000   aa58f277c57eddcaad2d4dbc5ac1c8e4ff25bd3f32d3f99615b591ace7f07941   00000000000000000004005a0000000000000000000000000000000000000000
1095000000   e598622644e7ae8351eca79de673d411da8bbb795446866b6e0e77ce6bd21451   00000000000000000004005a0000000000000000000000000000000000000000
1096000000   fc5b42ec634a4a39666734260b388ef7f6fa8c5c96a1ad063182151c98d790ae   00000000000000000004005a0000000000000000000000000000000000000000
1097000000   2c2ef9d8863d661028035c5b93c085a0e740aba1da803119061c98cce0963733   00000000000000000004005a0000000000000000000000000000000000000000
1098000000   f9f24225f7e46b705ce917af144dbc9aa9e0d9470ba6846cfe17fe030fd1fca5   00000000000000000004005a0000000000000000000000000000000000000000
1099000000   a0366c9573ac0f5fe939cdee22adee2f1a1ca197fe77f8f3537228e6c5fecc10   00000000000000000004005a0000000000000000000000000000000000000000
1100000000   8a7355c589e0fc1acaf4e8787e2b978904117272c73c67227199d8bc8546fa8b   00000000000000000004005a0000000000000000000000000000000000000000
1101000000   7ed5a6761307b446009830d8603544473090c1c3b1e1c637e943b40afa5e5229   00000000000000000004005a0000000000000000000000000000000000000000
1102000000   4193efa1c890f1246ddf6f75260e6ec040324bca3a4eed0fa6975130d03ca45f   00000000000000000004005a0000000000000000000000000000000000000000
1103000000   a8b88dab63ef4ed218fef2f2d0ffe5b04e367751b4fddfa3d7ebf5660ede7c2a   00000000000000000004005a0000000000000000000000000000000000000000
1104000000   eeb4801c6984b679d34127350375866cdfce903042e31a2edf1a95139a7b187e   00000000000000000004005a0000000000000000000000000000000000000000
1105000000   e13cff4ab242890d9eafb77fbd3b738ac141b894353c3330bf74b6755ffcb9e7   00000000000000000004005a0000000000000000000000000000000000000000
1106000000   422aa00e1576d9036d9af19cd1c80e8d398d58cdc088ddf6db950ae8ab28dee7   00000000000000000004005a0000000000000000000000000000000000000000
1107000000   bb85606367f6b3cf22c8e00fad8ed0283f37e320e15a4c4a1dad70aa049403ec   00000000000000000004005a0000000000000000000000000000000000000000
1108000000   a9ea9c917979b445a13c16bed01a24ec843d186995cda66e744c1bae8dcd942b   00000000000000000004005a0000000000000000000000000000000000000000
1109000000   020d50a30020268df6ca9b6494d71ee91974f715b4d94ddb541690369940e277   00000000000000000004005a0000000000000000000000000000000000000000
1110000000   f787df92060afbb97bfdca7b2a74336df8021a1a4a60368af2d96f3e93917bdc   00000000000000000004005a0000000000000000000000000000000000000000
1111000000   d4985981a76b957854161d3e02196e92569efaa3e3c18eb6066fdb13957d3ad9   00000000000000000004005a0000000000000000000000000000000000000000
1112000000   56f92d46c7eeef4068d40536413782545fae8601ea4db1cf6203d4d930d23d3a   00000000000000000004005a0000000000000000000000000000000000000000
1113000000   9ed10fa1975508e5ea889267c9c383d7c0624acec5ad660d221179131b38da3d   00000000000000000004005a0000000000000000000000000000000000000000
1114000000   f38e42601faa7c061d72d4e564aa6967e42c68ce9929aaddfefb06cfacbc9836   00000000000000000004005a0000000000000000000000000000000000000000
1115000000   abc23f93e3895ec99599a9473abd75d4dbd3523e10c5c3b8f7ea68f66cd51154   00000000000000000004005a0000000000000000000000000000000000000000
1116000000   3c653d9dfa2eb12bc9e144c55f22465dcc98380c7a03f3413524aa8c67550182   00000000000000000004005a0000000000000000000000000000000000000000
1117000000   a5bd8b9c9a86a6b0b7a50f8dc808d852148a79f4afb29744a8a4d635ab20863e   00000000000000000004005a0000000000000000000000000000000000000000
1118000000   13762d2f1bb239d63bc18f963359dc5d6f3a449a0c9f2bd5577a5d69337ab619   00000000000000000004005a0000000000000000000000000000000000000000
1119000000   2b6f780bf616c6a17f475ee32ae7e542eb5ca358d37d1a2ce3b65bdcdcc0e5fd   00000000000000000004005a0000000000000000000000000000000000000000
1120000000   5de5eafc8a167eadeac3592e21032151a95f9e5ea5ac48a65f2645286a4ee1a7   00000000000000000004005a0000000000000000000000000000000000000000
1121000000   eedf6d5873b250cbc02058b4ba171a6d5ad6876ebdb2256fdd8a77ff1884f862   00000000000000000004005a0000000000000000000000000000000000000000
1122000000   2ee19ec40674e68b0c9d42f80d89d6822c6c9ac625c577eb5789009a8ed3bb9f   00000000000000000004005a0000000000000000000000000000000000000000
1123000000   f3bd6de80d2d7dec78c5ecae37e2366f8974d3311d6aebcb50468bbf6a8eb878   00000000000000000004005a0000000000000000000000000000000000000000
1124000000   0b5c8f7674641964b1bd1d4d802d23b15abf37668eacb5d2b082ab6392fd6245   00000000000000000004005a0000000000000000000000000000000000000000
1125000000   96161999727c1945d69645bc2d3880c67db8660d95aac272d19320a6be502b00   00000000000000000004005a0000000000000000000000000000000000000000
1126000000   6ffde0cff33bedb32da1ca77da604cfa2426592b53dbea8939b395e5cdbcaebb   00000000000000000004005a0000000000000000000000000000000000000000
1127000000   ecb30f0c4ef9ac6bfdb1e3997133c1561e4477747a222fd0fc4e84fddd753348   00000000000000000004005a0000000000000000000000000000000000000000
1128000000   55623107044d51817fa9431b0b34bb33ba29601ea09fd5d8bd75c8f23bf4657a   00000000000000000004005a0000000000000000000000000000000000000000
1129000000   573f52784ad9a837113561b376e914bf13581b8b62c90859aedcebf08ec67f46   00000000000000000004005a0000000000000000000000000000000000000000
1130000000   5bc0f7ef44893efd6255c288c81d1d2fde77ba97d25edbafc492178bdce693c0   00000000000000000004005a0000000000000000000000000000000000000000
1131000000   6a7059c45aa75b1713e61878e497f90e319860b237d793891c169108a9d1f5ed   00000000000000000004005a0000000000000000000000000000000000000000
1132000000   9d7413961754fd6131d8556bb371b2a54a8eb6174296f6424cccf9ec631a4836   00000000000000000004005a0000000000000000000000000000000000000000
1133000000   f826bddda0ba31ac4387eb4c404596b42b74ba3b046716f826ebd2bb318f5e57   00000000000000000004005a0000000000000000000000000000000000000000
1134000000   b9e8006404fd7dbd73600bf0a0b41b627d2a4d760bdeb5cb034be2996fe26dfd   00000000000000000004005a0000000000000000000000000000000000000000
1135000000   1f9e78adc9cdf8fd3ecdf756b00227c752b9187be55235dd004527d175df5a9a   00000000000000000004005a0000000000000000000000000000000000000000
1136000000   49b10c5a9c7aab60fc8ff890a2c67df96cd9f8b7bfed05884de491ac36d4e3eb   00000000000000000004005a0000000000000000000000000000000000000000
1137000000   f09360bfdce51e4790d37ffdb115567c75595f657a43443c2b72576dc5b00d8e   00000000000000000004005a0000000000000000000000000000000000000000
1138000000   0120f5d61f53e6ebbe8d3795395c44b8cefc092081bb535882823b8ddf3885b7   00000000000000000004005a0000000000000000000000000000000000000000
1139000000   9a876dddfc302aadf28a4062c6937630c1c9edd83e73a557c7a26d40f5b85d0b   00000000000000000004005a0000000000000000000000000000000000000000
1140000000   03596ad7b0ff0a9ec10930440efd043701dbdacbdca9b20b343c769d429fe042   00000000000000000004005a0000000000000000000000000000000000000000
1141000000   3350cec3eb992fbe2ccc840e9e908cd30a152846d40832f312d8a42a812f4467   00000000000000000004005a0000000000000000000000000000000000000000
1142000000   b956f4dc149de96053719adfdaea61af69d34c657662693a4c0f2906aa3bbfd1   00000000000000000004005a0000000000000000000000000000000000000000
1143000000   4e7b99e946c9a7d1b9030d489e6d7b0bfcb4994b4c18f53d684def367a748b4c   00000000000000000004005a0000000000000000000000000000000000000000
1144000000   36227d791a9f5ae594b3be5277bc0c06001182833fbe1a4b03b8fc4b61b7c01b   00000000000000000004005a0000000000000000000000000000000000000000
1145000000   688d61ec811cd1588b448032ba15b2a776ba6013ae0e69a63d6a39fbad8226ed   00000000000000000004005a0000000000000000000000000000000000000000
1146000000   f95a4744ca99c1bdf09ccd36657d53b6037c9c277a2211f64ea51499c50548ac   00000000000000000004005a0000000000000000000000000000000000000000
1147000000   e7740828a3524ac1e6811f6e2be4f4a461aaccdb021f3e0bebe99c5c3dfeee10   00000000000000000004005a0000000000000000000000000000000000000000
1148000000   8efb6c439419aa9ba8217850cb9297c30b665f33f272f866174846c669d9ec51   00000000000000000004005a0000000000000000000000000000000000000000
1149000000   5928b1b69e7e929a14b0ea5d9e43d8c60805d0e88008ea42a9a6b87b675c6ab5   00000000000000000004005a0000000000000000000000000000000000000000
1150000000   501225992c723ac02555a96b329d509194006e31feefa821c3df56a7c3e3cb0f   00000000000000000004005a0000000000000000000000000000000000000000
1151000000   27ef3c983c6ad54e15ba8775992980bdb5cf355c222024c916f4679b39e69ea2   00000000000000000004005a0000000000000000000000000000000000000000
1152000000   83a01f9aaf156b91b29a8f1353d16f4232e12e3974c8164e19e0e24979de9342   00000000000000000004005a0000000000000000000000000000000000000000
1153000000   c666e2a07562654f832e831c1190a7830a00f9b3e167fcb5b5950dc4ff62bed9   00000000000000000004005a0000000000000000000000000000000000000000
1154000000   4de50e07e15c851464315701e2cd3df481f505797fb40e5fb011126a90994b3d   00000000000000000004005a0000000000000000000000000000000000000000
1155000000   cec17b5f8e24e4ded0cb55819c91142ba31f4aee6aeae3dce9f828d66797478b   00000000000000000004005a0000000000000000000000000000000000000000
1156000000   50b93e1dd9d08547dcfcffbaa0e8e512995524888a8763cf0fd956179b791e46   00000000000000000004005a0000000000000000000000000000000000000000
1157000000   d1bbc904e0bbdc2c42ed2ec1fca9798aad504b49a0acad9cf4c9aaaa6475968a   00000000000000000004005a0000000000000000000000000000000000000000
1158000000   6a339dff2d60569022a31829a67aaf294b5caaa12491abb214451b60833c5efb   00000000000000000004005a0000000000000000000000000000000000000000
1159000000   4a7e66ffd09305eda77ff4241d9e8316e6884a1e2a15f1ba5e9caa05dd55d627   00000000000000000004005a0000000000000000000000000000000000000000
1160000000   bc6837454305044e66b9a4899a23b6670b84177814f0dc88630206ec405f78a3   00000000000000000004005a0000000000000000000000000000000000000000
1161000000   1df2b75cb16a05b70a8dbb54fd8d0a6f9f0af72dc3af0a8f8c917daa91d00451   00000000000000000004005a0000000000000000000000000000000000000000
1162000000   042b580df9b5297bf7736810edd232d3145103442f391f2c85cc5def2915b235   00000000000000000004005a0000000000000000000000000000000000000000
1163000000   019484e3e1ebfcac9e8026ec249123918b4cd298f88c0c5be0d77e4fa1c6775b   00000000000000000004005a0000000000000000000000000000000000000000
1164000000   