debugnonce_start:  0
Mining block template, height 827344...
header:  b'\x00\x00\x00 R\x99p\x9d\x0c\x03\xdb\xf9\x1f\x81\x13\x9e\xf9\xf3\xa5\xe5-\xdd\x18\x9d!\xb4\x00\x00\x00\x00\x00\x00\x00\x00\x00\x000]J\x00\x94\x8bX\xf9h\xb5\x11k\xcc\xcf\xd5\x8dB>E\xdfV\xde\x89\xca\xa1\x89gCR+\x97\xb6\xa2\xa1\xb2eZ\x00\x04\x17\x00\x00\x00\x00'
0   ef74091433d42e71290fc8724f4d6783a47fd8fe9415774fd887ca92bbcb60df   00000000000000000004005a0000000000000000000000000000000000000000
1000000   d203001c578fd8cb5d13996dd8632e9a9eb5ffed8cca7f61afed4571466fab11   00000000000000000004005a0000000000000000000000000000000000000000
2000000   e903422c0eb993a83cf74d0948ee39585c006c4f2bc27a77390e9563992eb8ac   00000000000000000004005a0000000000000000000000000000000000000000
3000000   b648a30e10c18b44c51de045cde5544a157f3f3fac822193b8408888f1304cb9   00000000000000000004005a0000000000000000000000000000000000000000
4000000   f200f3a89b9fb3919041364ab5607a81ca65a25675bc465b8beb1ca7329df3db   00000000000000000004005a0000000000000000000000000000000000000000
5000000   464471bf9b72583d182c888b16877544cf3df58527f0532bcd337afce41afd47   00000000000000000004005a0000000000000000000000000000000000000000
6000000   267adbb2e4da817cb889e20251461bdf7b3f0ab78b5fefedd8542ecebd84fe73   00000000000000000004005a0000000000000000000000000000000000000000
7000000   6011dd36cfbac7d7a9f708880c848b56bb33917f5f7f70de00563c6f62afeddc   00000000000000000004005a0000000000000000000000000000000000000000
8000000   88e8dec59f7ac3f6ae5c09ebb0938e92586730f5a511d18680b392b4e7ce6a8c   00000000000000000004005a0000000000000000000000000000000000000000
9000000   02b45bb0d2b6a439c4fe6b269afdf52b181ac32326565113b68d4e544c21bd84   00000000000000000004005a0000000000000000000000000000000000000000
10000000   d798bcdcc08591e6f136639aecad2a235e873a4fa5a56ca5b8bac78385f3a43e   00000000000000000004005a0000000000000000000000000000000000000000
11000000   cc7346193570f1458be1d87f426074b0fff4fc8860402e130c650871767435cc   00000000000000000004005a0000000000000000000000000000000000000000
12000000   59c283545ef65dd4ad53dca3f074fd873e05ac564f14aadb1ad625913daf3256   00000000000000000004005a0000000000000000000000000000000000000000
13000000   6f6b3ecb36f2de70690fd062fdc11a29b9ab35d7b0d1a99ab823e72f6fced2c3   00000000000000000004005a0000000000000000000000000000000000000000
14000000   495e6362e378b4de5f6dc31442299ec38122b290dc08803ecfc4d3ac99c86414   00000000000000000004005a0000000000000000000000000000000000000000
15000000   42147f65c19ebc52c23f10a51314d84b289ae81a7f45436a12f5f02bc8b5ae41   00000000000000000004005a0000000000000000000000000000000000000000
16000000   d63712fcdece8918a9090f441ea81fb8fc48cf2345cd75e60a7f2a392053d81e   00000000000000000004005a0000000000000000000000000000000000000000
17000000   9d98724eda4d8049aa11c108e50b1a262a5568a2401b654b8d757aa608425df0   00000000000000000004005a0000000000000000000000000000000000000000
18000000   2619241496e62b00a77934ffb741be7e2ee1f7ff3ba6f37a5740171b354b2d82   00000000000000000004005a0000000000000000000000000000000000000000
19000000   38e98b42f69fa67e87ab7b605058c47161dd3f52f4ff35c513b97889290a7670   00000000000000000004005a0000000000000000000000000000000000000000
20000000   470bc08493233c13b5f15ee4bdacdfe9e43976f741521104c6d1dca2750ace0d   00000000000000000004005a0000000000000000000000000000000000000000
21000000   ca663315eddd55c0d25ddc183e3fb21b7a8487e6759869402e629619e07a6de1   00000000000000000004005a0000000000000000000000000000000000000000
22000000   7ae636202d0123f32f1c43ead2a03319c5ee93970757a879fefdf09b283358e9   00000000000000000004005a0000000000000000000000000000000000000000
23000000   c4578426b4d1416f4f062fa2932a91714cd59b8825c73256061df5eda26f7feb   00000000000000000004005a0000000000000000000000000000000000000000
new_height:  827345
debugnonce_start:  0
Mining block template, height 827345...
header:  b'\x00\x00\x00 3\xeeH\xa5`\x1dp\xdc\xdaYl\x9f\x94^\\\xe08{h\x16B\xd1\x01\x00\x00\x00\x00\x00\x00\x00\x00\x00\xc8\xb7\x9a[\x91\xfd\x99\x8a\xa0\x1b\xdd\xef\xcc\xa9\x1b*\x9bB\x81\xc4\x89\x10\xf7\xd6mfN%X]\xc3)\x89\xa2\xb2eZ\x00\x04\x17\x00\x00\x00\x00'
0   936948ef597e9286945762231f581aaacc7dd53370bdd54bc8c1b969cbac0eab   00000000000000000004005a0000000000000000000000000000000000000000
1000000   43aa59d58310f4d210c9e57213dac779deda2cc3ce8128713234cc6cb502a56d   00000000000000000004005a0000000000000000000000000000000000000000
2000000   e234a6d3ebfb194bc7299192a33b87c494454e9b2a7d039bde77647279d66888   00000000000000000004005a0000000000000000000000000000000000000000
3000000   45f72b7efcf92a5ec74dc054df2acf4a60dccab830bd7e207f8e58e48824a505   00000000000000000004005a0000000000000000000000000000000000000000
4000000   a63eb4d3210fb49166d1a8c3fe242b06144a1f190243b1c2f0e29f3ade521ade   00000000000000000004005a0000000000000000000000000000000000000000
5000000   fc4a031ceaf49339158644bf9e769305d83ff8fdb5e22fbe0bd9668a8be8cdd5   00000000000000000004005a0000000000000000000000000000000000000000
6000000   ea78cf226102b8c88ade21a5ca43ddbd5c612c173941da0c245e9b81519d3500   00000000000000000004005a0000000000000000000000000000000000000000
7000000   1e11a657cb4ff9b226e723a0ced26bd3c81593e1699f973b517961eff7461fcc   00000000000000000004005a0000000000000000000000000000000000000000
8000000   6489a2cc68a11b2a5fa4e5b5a52091ca3c36fef9c29d6a0e085eb05c28198fa1   00000000000000000004005a0000000000000000000000000000000000000000
9000000   b01682ac0527ad9c04bc8f9dba3bf481fcc9b72e601109d6ec3161b873354249   00000000000000000004005a0000000000000000000000000000000000000000
10000000   ee945184bd0de0decb0acdee383935396623cd88cd09cf333b8318da9fd52efc   00000000000000000004005a0000000000000000000000000000000000000000
11000000   c3e9a86411bd144fbd39ea09b404f499b3737c05f1d40bc6b61b685e0d70c1c0   00000000000000000004005a0000000000000000000000000000000000000000
12000000   a0948be2f877325146c11682b6c933d6c4d237354874c7f588162ed5d094d6be   00000000000000000004005a0000000000000000000000000000000000000000
13000000   3c653d41dc8658029fceae6ba399bd3e97d04adcf572c5c29a194cfd6c520de6   00000000000000000004005a0000000000000000000000000000000000000000
14000000   9f3b71945587a8563376b53883c6c5bc776eb0e0b61c293944e84be547eb97ec   00000000000000000004005a0000000000000000000000000000000000000000
15000000   ab0792af769633dffad81617ead70d021769af9ef5aa628dbd5639bf12343f3c   00000000000000000004005a0000000000000000000000000000000000000000
16000000   42d390c64d47c5435001be76181c2382fef326bddce1761861b524ad8bf0c0c1   00000000000000000004005a0000000000000000000000000000000000000000
new_height:  827346
debugnonce_start:  0
Mining block template, height 827346...
header:  b'\x00\x00\x00 \t8\xe6\x97\xcb\x94!\xeb0\xb8fY\x95\x89iE\x95\xa0P\xa7\xa4\x17\x03\x00\x00\x00\x00\x00\x00\x00\x00\x00+\xdf\xce(d{\xa7|\x1dq\xf5\x16T\x8d\x03\xb6\x8b\xe9\x00\xe2\x1cp\xa2\x1e\xb4k\xa4]\x0f`\x97V1\xa3\xb2eZ\x00\x04\x17\x00\x00\x00\x00'
0   a4c45f931d0372e814cbfae43eefd3a7c18ee1a95ebb3d258bf80a19b031d9e7   00000000000000000004005a0000000000000000000000000000000000000000
1000000   9050b8640a3bdc6afbb134db0b2681e43bb5f295c6cc9f1179ac18464706eac9   00000000000000000004005a0000000000000000000000000000000000000000
2000000   f0dcef70d760ddf10972d59a78ff70894c872accd7e3abc9918b04bcdd3e3c4c   00000000000000000004005a0000000000000000000000000000000000000000
3000000   47c426c30d4d8e3cb5a5b12523e196e7e8b2eefe9165691136b56b87c2092b52   00000000000000000004005a0000000000000000000000000000000000000000
4000000   dc9a9023596142bbff0e42e987494b96d827d81950c93b1ddf769547f6ec0abb   00000000000000000004005a0000000000000000000000000000000000000000
5000000   0bd604f5fb391a0333fe07e33fd4ba7ed1be5aa4320bed2826db2b5e0e2a3a19   00000000000000000004005a0000000000000000000000000000000000000000
6000000   8b03709850ba98534ffcdc0d5666ed60e8187057384a6bf7115f81bb644c385f   00000000000000000004005a0000000000000000000000000000000000000000
7000000   2716e7bd76c2cf0577d7423baad1a181936eeedbcb263279188963f9c4b2ddc1   00000000000000000004005a0000000000000000000000000000000000000000
8000000   c57e8ab7b8f0346689b812e5ce5a38ff92218221375c1550671bad9c59a72e1a   00000000000000000004005a0000000000000000000000000000000000000000
9000000   cc47b692afff4eb6bfa5de3af7d8cc564ffcdd6e68b0797787a90d3ca7351cdb   00000000000000000004005a0000000000000000000000000000000000000000
10000000   9af86db89f2c557ba8fe02205b99ce9e67ea021435915a420855b909de8d6878   00000000000000000004005a0000000000000000000000000000000000000000
11000000   6be66f4d4c8370b408199ba017b67768fc8fd56d15dadeccb2ab46079bf17412   00000000000000000004005a0000000000000000000000000000000000000000
12000000   f62a2e59d54976c367f98ffff92fece1d8737db4e9f91e3e5da14dc785cb6eda   00000000000000000004005a0000000000000000000000000000000000000000
13000000   9ae2a3d80bd84f2a5fcde3501d14bfef87c2930957901ef92adb4ff2b40f525b   00000000000000000004005a0000000000000000000000000000000000000000
14000000   9eadff08acff5cac47530df608a353592ba8c0062c9c527f9d7b643134563a8d   00000000000000000004005a0000000000000000000000000000000000000000
15000000   661684a3ef73986187b466c1942999c2bd24fe49445a9c7179ae7a6e628fd6f9   00000000000000000004005a0000000000000000000000000000000000000000
16000000   c7beb349ab2fbcbb56ff58fb0b4a9233a62560f3adb5857bd5a4c47c9085994d   00000000000000000004005a0000000000000000000000000000000000000000
17000000   ff9da9865500405b63abf1ea64ef1c62c9a7eafce0647f0aedbe85a74922b63a   00000000000000000004005a0000000000000000000000000000000000000000
18000000   cefdd9f735c2a937452a8bf3451a3786ca4cdb46725856e0fc562a59f7fbcfd5   00000000000000000004005a0000000000000000000000000000000000000000
19000000   ebbeb92ede2c851b28d33e77d90c21bffa92f7ffdc73a4c016ce2c0d8d2942d7   00000000000000000004005a0000000000000000000000000000000000000000
20000000   3a2327563686791302651563ecee36819db6ea26d8f6e7a7e0f7484966293c57   00000000000000000004005a0000000000000000000000000000000000000000
21000000   3578e4c770963e43d363d0e4e07dd328936ffaadb3e04946911f7dd341e02248   00000000000000000004005a0000000000000000000000000000000000000000
22000000   c3734931a936b433d7aa096130e40899d27439d5a2dd66b5e8c74c7ede4639c6   00000000000000000004005a0000000000000000000000000000000000000000
23000000   eac118ba3cd7fd8afbbe03664fbdae4483129e5dd9fa977eecc8ac47ab3448ad   00000000000000000004005a0000000000000000000000000000000000000000
24000000   4d919efc8a5e45f5a1c09ae3d3edd3be58da5dfe8c38a711709adfac213fc85a   00000000000000000004005a0000000000000000000000000000000000000000
25000000   c79e1cf307564eaeeee14aff47640b6764127c046830fdee89051e6598550ccc   00000000000000000004005a0000000000000000000000000000000000000000
26000000   05242622a654934ed97555f7291d19944b164643e5437ce5bf8984d94fc250c0   00000000000000000004005a0000000000000000000000000000000000000000
27000000   d039ca850f0a8ffda723b5ce658e81e9247f641ac143d23f4252e6ca256d5f2b   00000000000000000004005a0000000000000000000000000000000000000000
28000000   0c3ae6742f79ca54abe7dcdb6f719f4e43fc85149b09189fe15c09f3651f5e0a   00000000000000000004005a0000000000000000000000000000000000000000
29000000   9599ff5ecbaa593d638f4568a32899c24591ad0fc4c2ae18770755d56a6fd165   00000000000000000004005a0000000000000000000000000000000000000000
30000000   7d50944be2c407cf3fc9051a0ee6cd9da6f5d505c8a3a0689f980702ab000c29   00000000000000000004005a0000000000000000000000000000000000000000
31000000   72dc41cbc6367a92e677e54ae8a86cfb7b2e3fc9e722ed3317329f82babf8f60   00000000000000000004005a0000000000000000000000000000000000000000
32000000   036ebf1053dfc6b4e62b086921c7ecc2ad0d17f9b923f4654bc8ab9298e4fb7a   00000000000000000004005a0000000000000000000000000000000000000000
33000000   44effc70adf945275afce7a15e67ef87a89a2fb47b9000455dac079e81d21832   00000000000000000004005a0000000000000000000000000000000000000000
34000000   46ab78194a60a9815d982b40be6a1fb74c9e021264514d2e6158f4eebbdc9463   00000000000000000004005a0000000000000000000000000000000000000000
35000000   daea4180eb1887c698e164bda6cc53106fef007ffb3ded88c97c34cc7d6d577c   00000000000000000004005a0000000000000000000000000000000000000000
36000000   e1b7323e3422e8697754c5582c6e31d92810b5fa90fae73eb4b849eef4168914   00000000000000000004005a0000000000000000000000000000000000000000
37000000   42cece3f2884281945f05602cacf3cf3a8a39459c3421ebe58aaef772a19413f   00000000000000000004005a0000000000000000000000000000000000000000
38000000   c7658326a51491c32aa54da2f6a8a30011b0573d02d0a020b9af07503f1a5132   00000000000000000004005a0000000000000000000000000000000000000000
39000000   3a4858ccdbad055f73d12f9383cf92ececc5bb05a53c725528171951e6bb0604   00000000000000000004005a0000000000000000000000000000000000000000
40000000   9e2b3d690ef5cfb37241e9d8f6eae3b3f55c5abc2e0bf2270eb596f11679ec27   00000000000000000004005a0000000000000000000000000000000000000000
41000000   4d3d34bc19c17a0f78eb7eefbe450c267731cf129695efad8942da5dccc96e6b   00000000000000000004005a0000000000000000000000000000000000000000
42000000   a9c6088990e0299a655577f8b09556850fe75082d06e559751cf1a6e2a67ff6a   00000000000000000004005a0000000000000000000000000000000000000000
43000000   440cafbd25ca62dd4263753350795b6ad252664c51b4199ad2530231314b37b5   00000000000000000004005a0000000000000000000000000000000000000000
44000000   772526089758e32695a51c40ffa681b51bf24bf05134622f2bd6b9555f86e12a   00000000000000000004005a0000000000000000000000000000000000000000
45000000   4096403d60661a5fc3a42d2452d88fe5c7307ecdd90d70ad892d7c7beb761ede   00000000000000000004005a0000000000000000000000000000000000000000
46000000   1d146dbb639bd52d565f83efa1361420b4dcde3cd0fa6f2c8383199cd98353ba   00000000000000000004005a0000000000000000000000000000000000000000
47000000   129cf04bcf34f432c5fd3ed8efb6914596c589c8e5193e5aaec3d213517647c4   00000000000000000004005a0000000000000000000000000000000000000000
48000000   7f7dab9d42478f5a1d43eefeeb2f7442705cfcfcce48e7f70e3bbe8e048313de   00000000000000000004005a0000000000000000000000000000000000000000
49000000   0414492bcfa1e494d32083b59406be233d8452b261398642a1a6ac89da1daefe   00000000000000000004005a0000000000000000000000000000000000000000
50000000   1fd6c3c9271ebb4609d8afaabb6a9c822412c50213616b0bfe1b9612a2264957   00000000000000000004005a0000000000000000000000000000000000000000
51000000   2ba12266711b1f788debdd3f2e0c85be0749b67106affada905f8a0ac4f2247b   00000000000000000004005a0000000000000000000000000000000000000000
52000000   4137ac9950380443999c81c6c4ab07b6fddcfe20f935d297ce2eddaac95a21dd   00000000000000000004005a0000000000000000000000000000000000000000
53000000   5bfd2fd64be62282c218a06f71956d0613b40667ae1385c2cfbeb0d5aa40aaf4   00000000000000000004005a0000000000000000000000000000000000000000
54000000   8575badb931f90d492a2066846ca784a4af5787549c8de574cc86a859b5bed2e   00000000000000000004005a0000000000000000000000000000000000000000
55000000   e0617dc4e658827087733f764069c85411aa1e3fdd31aad0737487d1ab966bc0   00000000000000000004005a0000000000000000000000000000000000000000
56000000   0df342a4c7e36dfce43bb56a393480b002011a385bee72df9146dce4db7a8bef   00000000000000000004005a0000000000000000000000000000000000000000
57000000   554ae3030e7f972c842bce4764845b7e5fd00fbeb2ce59f2c0edae2fbed5d77b   00000000000000000004005a0000000000000000000000000000000000000000
58000000   2e3bf40fad6ff862aa10d07e17f5cb13422eac6baa5893844dddf92f9d982d26   00000000000000000004005a0000000000000000000000000000000000000000
59000000   1b00829eda59eaf04b0747e6b3666788063943cb5ca3307c0973ccb99bfcb30b   00000000000000000004005a0000000000000000000000000000000000000000
60000000   05e0d4f2c53830a1e3d1acf26c818b57908539651d352a9f1c6c1196d150043f   00000000000000000004005a0000000000000000000000000000000000000000
61000000   24e01c6f0ee2ca4772667b8909e8f84d9bb7c6ab7d84101c089b7e56f33becfd   00000000000000000004005a0000000000000000000000000000000000000000
62000000   3a7141d8c5007d2db1965c0e0b00d422c6298bc82cbd15ea8edf3dcf06e67d9f   00000000000000000004005a0000000000000000000000000000000000000000
63000000   d6a63ac700b7836405a8513380428afabbd2ea7c7234547087e9d64fb79c4297   00000000000000000004005a0000000000000000000000000000000000000000
64000000   ee4194645ff6ef005735b2e5e8e4650c32f41718cd3695d33daaeb9bec70b82b   00000000000000000004005a0000000000000000000000000000000000000000
65000000   297de5bb94b13b01ecb3ec6c485d70ba893c3549f56acba49d7a985b2d1e80cc   00000000000000000004005a0000000000000000000000000000000000000000
new_height:  827347
debugnonce_start:  0
Mining block template, height 827347...
header:  b'\x00\x00\x00 \x9d\xaa\x170\xe1\xf8.\xf2 \x1c\xdeu\x97\xec\xe1e\xdf\x85Un">\x02\x00\x00\x00\x00\x00\x00\x00\x00\x00\xd6\x01\xa0%\xcf\x82\xc8\xb9\xa3\x8c\xeb\xf4\x8a\x19\xfdg\x9c\xbaL\xc4Wm\x1c\xa4g\xae\xf7X\xeaI\xc7>\xc5\xa4\xb2eZ\x00\x04\x17\x00\x00\x00\x00'
0   75796b19f8258e577c05984c1a34a2f8c4514215f1337ec0dad0ee1f4cb53f45   00000000000000000004005a0000000000000000000000000000000000000000
1000000   695e2e6fb32979755b0a72fec23301c5bd0bf586829fc0b86e675f07ef752986   00000000000000000004005a0000000000000000000000000000000000000000
2000000   a7ebf82d9e716c66dc6c877feafcfd6fbc78621516e3046bd885d0e5c231e522   00000000000000000004005a0000000000000000000000000000000000000000
3000000   745af5e5863395976d706bdd47354f7b391442742185f366e61f995c5caade2e   00000000000000000004005a0000000000000000000000000000000000000000
4000000   74411a83ed63320c0ee139e707cd222e8c4c4c5984d5367d177d99bf597aad66   00000000000000000004005a0000000000000000000000000000000000000000
5000000   900a29a0998f58a39f8c90d70f9e154b72f6d9f2b7621134dc32ee5ad758ff1c   00000000000000000004005a0000000000000000000000000000000000000000
6000000   f314e42c2a57300fba5b4bb85b82ea46eb3ef31ceb45451354745df9769f75c9   00000000000000000004005a0000000000000000000000000000000000000000
7000000   61e22adfb85bb56573597aa26f84e46deb553fe84070e49f5c71e9de48899ba7   00000000000000000004005a0000000000000000000000000000000000000000
8000000   ec2f4dca915c9812a0c1a3c6c911ab85e7691731e363715384fcc149ca8b4f3d   00000000000000000004005a0000000000000000000000000000000000000000
9000000   6d13df15b0c86515e1bc36504b6ca3877048b147e6655158bc34ff2cd8f97ea0   00000000000000000004005a0000000000000000000000000000000000000000
10000000   1c72d37fda27d732f99f49947b4e440e39cffbf7e510ef693aacd87db8c45f4b   00000000000000000004005a0000000000000000000000000000000000000000
11000000   160c2eeedab8cfb6ceb4bc36068797a1164e9e5041f2210adcb887a3e371866d   00000000000000000004005a0000000000000000000000000000000000000000
12000000   a2234a8a46ed2be129f2670a14b3c9e48b5f1395753c161b71d5830ba790f7db   00000000000000000004005a0000000000000000000000000000000000000000
13000000   d4cb0faf9278f7b6f3231b543304cd83d821efc75772c6df2cb95b016875cf51   00000000000000000004005a0000000000000000000000000000000000000000
14000000   9c773b0527ceb369e3c806ec63f95da08aa68d2996af7abe831531d80b528541   00000000000000000004005a0000000000000000000000000000000000000000
15000000   2013184d43031e8c19bd242b310e7357d75ea43e5a1eac3bd83e1adc03ec7446   00000000000000000004005a0000000000000000000000000000000000000000
16000000   e44717927a0ab369d52336fe93b8dc7f71c40f33fa8229d23eb0161d8c99759f   00000000000000000004005a0000000000000000000000000000000000000000
17000000   c6a08f5bce8d241609ea98ae5121219b4ed5c896dcb64f1cf1bb30c89d656b26   00000000000000000004005a0000000000000000000000000000000000000000
18000000   04979fa3da63b82e27a3c3a88773d1babe1c642857f802e9494bb1541568cbfc   00000000000000000004005a0000000000000000000000000000000000000000
19000000   c152705403324cba4e6e46f10e67dedb027bf5cbdaf806301d2ecaebc9a972b0   00000000000000000004005a0000000000000000000000000000000000000000
20000000   dab2ca6534b852889cc64c3ccba0a1f292fb79bae377d6b7b08efddf7ab1664a   00000000000000000004005a0000000000000000000000000000000000000000
21000000   da05dd69cf8451d24bafc8389e78054ea8f119b7df6f00531c120cfd0302bc0e   00000000000000000004005a0000000000000000000000000000000000000000
22000000   0ff19d19c029cc00f736b7113084fc6cb8137442e9b54f0fe346b2718c0aac47   00000000000000000004005a0000000000000000000000000000000000000000
23000000   996d14ad80471dde387f4c456aa4f5885336ce44be56d27e78de5e121462e82e   00000000000000000004005a0000000000000000000000000000000000000000
24000000   78e498063e65092e0f4a1d5c2084cf6b7b3da19705ddefb1e1319f72d23ff848   00000000000000000004005a0000000000000000000000000000000000000000
25000000   09f85d9c515d84572ebc45fb6d91ecabf63965931fddc5e54b2c9f97c3f34545   00000000000000000004005a0000000000000000000000000000000000000000
26000000   278b4a791f14c186793e6f7fb4f378a38f2e458ec250914a15cbe9dd50700cb6   00000000000000000004005a0000000000000000000000000000000000000000
27000000   19ef4ec9a058db8fecb755d849a8f5cb2c7d60b587ce104ff32cb971a37cd453   00000000000000000004005a0000000000000000000000000000000000000000
28000000   a93d64f602bbf3d5d651407bf17c09eb440074635cc0cceaede8c0294465eb17   00000000000000000004005a0000000000000000000000000000000000000000
29000000   39c6d4e769b0d24fac8ed21a9203cfcadabaf7e0c1a06d9190ab32a5904fc709   00000000000000000004005a0000000000000000000000000000000000000000
30000000   4721aa10c7cf26f5c9a33f664e1b0c94fc8a97f97a77dd8703e1d5808289791d   00000000000000000004005a0000000000000000000000000000000000000000
31000000   d1201fd151f4ad92739b178b063e58bfa1531f1f8f30c4fdf62f4a7d3a7982d5   00000000000000000004005a0000000000000000000000000000000000000000
32000000   d621aa312ef0bf175d66a6cd83d474ba1fd5e1f3626ae4752b04c120c60a9eaa   00000000000000000004005a0000000000000000000000000000000000000000
33000000   ad7a267ebfca7b014a46aba21c9898f3dbcbc3c96e054fb622cd675e51621741   00000000000000000004005a0000000000000000000000000000000000000000
34000000   14cf0b15f2f6382047e3cb45326d724028c3938575316c797934e554a1bb4b75   00000000000000000004005a0000000000000000000000000000000000000000
35000000   7b2dc9ea028009194a7d4b095f8971096021fd4564332bbaf1c6e0162aec9d31   00000000000000000004005a0000000000000000000000000000000000000000
36000000   3958038d2f7fb710687cd801e17b394f01ebaae36f11840e30a3f434ad2c8011   00000000000000000004005a0000000000000000000000000000000000000000
37000000   56111634f1eb86d44ba9e8979861f1c54e1ded6a8c4269d483891ac6e63fc784   00000000000000000004005a0000000000000000000000000000000000000000
38000000   b1c893ab514b6f847204297da08f7a16c4ef6b03e25929b6f7831de12dc87a38   00000000000000000004005a0000000000000000000000000000000000000000
39000000   b8474d32dc1458f3d747707741b54a0ddb166eeae86a5187dd174e0f501953f4   00000000000000000004005a0000000000000000000000000000000000000000
40000000   b684f3f8c78e20bdf75f69cf5142e49fc73db55007426d30848db23398501b58   00000000000000000004005a0000000000000000000000000000000000000000
41000000   fe1e8645675d4c0ca84a9a83011568ef2fd435a817d95db76e63cb11d54c96b0   00000000000000000004005a0000000000000000000000000000000000000000
42000000   08f7bfddb61d01708653f0d621428dfe669b97065ffd7d463a5e639fab016ec0   00000000000000000004005a0000000000000000000000000000000000000000
43000000   2f5a42f6b7c0a897340451a955445e3ac3e3add136a68e0b56adb56a44e56617   00000000000000000004005a0000000000000000000000000000000000000000
44000000   7f1084f12016bb950d1d8e2fac509e58817341f3454f33981a147007bd1910e1   00000000000000000004005a0000000000000000000000000000000000000000
45000000   1e7a6f440f3391e3a3207d7b2edbf8d94c7a27cf4ae31c17521fdfb8eb23ede6   00000000000000000004005a0000000000000000000000000000000000000000
46000000   c86ec14cb58c96bec09339ec057b510985559328a6df366a408175b9c1b6027a   00000000000000000004005a0000000000000000000000000000000000000000
47000000   b7ff2313a26d45cc37c7c4a804a129b325b1a2c32036e9a568d82ab520c74238   00000000000000000004005a0000000000000000000000000000000000000000
48000000   4fe421a81018ba00828d26a6e0ce37844c9997ed82cd57cc2e03427efe3ce40a   00000000000000000004005a0000000000000000000000000000000000000000
49000000   374d4ab27afabd52fb21cfa30e44586b9feee0d9f5f1f07b1162f9c49320d037   00000000000000000004005a0000000000000000000000000000000000000000
50000000   b84349befbb9435cad8dc440e3c6cdcc1a6c13971e4b08f770c6fc0899f5fe18   00000000000000000004005a0000000000000000000000000000000000000000
51000000   9a2327f55a050ba4bb754a4142ee8245952ab3bab7df97a314b522586417ceac   00000000000000000004005a0000000000000000000000000000000000000000
52000000   bb110b61d5c81a9bf7f0496bae2a6bd674483db3d7386573cc0901115423b8ec   00000000000000000004005a0000000000000000000000000000000000000000
53000000   2c6ade29335dd60beda44ddb9f50ba146746abb5cf33f9ef7802099def995d4f   00000000000000000004005a0000000000000000000000000000000000000000
54000000   27fdf5474c173475bb385f171d58e7b5d0d8a3b46badd1951622de90d1fb074d   00000000000000000004005a0000000000000000000000000000000000000000
55000000   62921630fe04334eee31a135b7b141416623ea10c0e73ab61d6f846f41c0a74a   00000000000000000004005a0000000000000000000000000000000000000000
56000000   5a0126910e61b4713a3afe457747481f7135e6ead3e7dd5471e7f212404ff382   00000000000000000004005a0000000000000000000000000000000000000000
57000000   6801730b36c913b9559759515b3656e137a16a3f2d7f81bc1e73e0574566ebf8   00000000000000000004005a0000000000000000000000000000000000000000
58000000   f107401e6b6a2b800c7a1154c9cbbcc8ac013377b2e0e4bab67a540e29502a54   00000000000000000004005a0000000000000000000000000000000000000000
59000000   cbdf9b8b248f7877604b2db72457971c2657e83b13ca3e241ddb4061c667e00f   00000000000000000004005a0000000000000000000000000000000000000000
60000000   a951863e7fcdbc31db491a2cb5c59163fa62e4299f618f3b186eeac8690476eb   00000000000000000004005a0000000000000000000000000000000000000000
61000000   043add882c7a237e49c032d52659c314c0571b6ac3d875e31d06977dc7c44a51   00000000000000000004005a0000000000000000000000000000000000000000
62000000   2c8ac86b4f61565e74eb0efc20064f9780d290b88e180f09a77af8c599f3c88f   00000000000000000004005a0000000000000000000000000000000000000000
63000000   362108633ea9de502012efabb2b6ce23e90602fbe8f8f0b78ae5cd773e9ecaa6   00000000000000000004005a0000000000000000000000000000000000000000
64000000   f797acb6b7baa210fa26ded92fcaf5c92d439b8856d653714d59a3421b15aef3   00000000000000000004005a0000000000000000000000000000000000000000
65000000   37b72116493520ac82c2b627854170f534b9fcbc44cb183b89101f18ef1d9981   00000000000000000004005a0000000000000000000000000000000000000000
66000000   7f8c1098c6569ff075c5b48119b0d37ada579d9f6057a78f3b3c1b36ca90097c   00000000000000000004005a0000000000000000000000000000000000000000
67000000   b69c6f2f7070b042726257cec3ff30b80e235d91b0bb94d0cf9efd20923e7bf0   00000000000000000004005a0000000000000000000000000000000000000000
68000000   5fb07557f2328e4cc6613b72d195316cfebcfa745caa843518d2243af6e67cf9   00000000000000000004005a0000000000000000000000000000000000000000
69000000   8cf1f38c7af7d8dc605c178840cc99e6cb25f7ef2515f4a1f0edb23715b0a8ec   00000000000000000004005a0000000000000000000000000000000000000000
70000000   63b8dafb0cd89d6f294f5634dfb4735365b06cf3526afc84e5539f459ed7cceb   00000000000000000004005a0000000000000000000000000000000000000000
71000000   e6e4554bd5f0980ecbe2741ceb948e56cffebc999421a0d03403b81cff0c08b0   00000000000000000004005a0000000000000000000000000000000000000000
72000000   ac9ea7b7bcc4c178c733bf02ac4210bece8f218d4a589238120ee552e62331fa   00000000000000000004005a0000000000000000000000000000000000000000
73000000   cef0ef0cb0e2a7bdc7593dba178e9299fac689117197af4227726fdd9664eee6   00000000000000000004005a0000000000000000000000000000000000000000
74000000   b1dd6f8fcedb3cb133d8a10f381f5ca5b85c91d531e24cacabcba9d8ac92fdba   00000000000000000004005a0000000000000000000000000000000000000000
75000000   b8b7abadb3c1770dc46684d4cc423e8c83445439cff940036843fc6de7490baf   00000000000000000004005a0000000000000000000000000000000000000000
76000000   4a7521f006316c550d13b1df5f19163ce5acabc5a3d4f486da81daf94c2483f1   00000000000000000004005a0000000000000000000000000000000000000000
77000000   a7512f832449e172ae6afcdbe6cb0dbabc0707d41e412c30818d02eb442b6c73   00000000000000000004005a0000000000000000000000000000000000000000
78000000   3f0ed35fb912f52d24fbf1e9a9696066877cde49749b39da25c6c04ecdc385a3   00000000000000000004005a0000000000000000000000000000000000000000
79000000   983e2d3594187ca8b6d3dcc41e0866ce433dd671d4c0140392bdae15725597f4   00000000000000000004005a0000000000000000000000000000000000000000
80000000   4e41eac3cf2c4a8a4e84fa09b58cb2ce373f63acc487df6f253a379d0d5fcce5   00000000000000000004005a0000000000000000000000000000000000000000
81000000   96fc3f199a827db6fe004b9a66a5ecc1e033fbe214c888339a64d9bceae68397   00000000000000000004005a0000000000000000000000000000000000000000
82000000   b23c5e4f1499421d81f6ae7c3e77e35e6543ed9097dd6e8e4f5e69f9ef99b543   00000000000000000004005a0000000000000000000000000000000000000000
83000000   8785648cd0df4a76a13742b422d5f0a36a6a348363ca3af0aab08d4458e5c40d   00000000000000000004005a0000000000000000000000000000000000000000
84000000   5730bc07c9e9759dae81403bda1eb3f029505a13f56b89ceca398d379893c554   00000000000000000004005a0000000000000000000000000000000000000000
85000000   07b547f7f66b7ad6bad3651d68b9f091272d5f3c5fb5f15c86ddc4a9ec323d89   00000000000000000004005a0000000000000000000000000000000000000000
86000000   c4fe9f7b14440dbe039f6c3a8fcbb6f9f3b33b787f360cd6ffb0a5e3c5663cf5   00000000000000000004005a0000000000000000000000000000000000000000
87000000   4b997e799d6a554bfbb0abc78340538f9bccac5413a6aa39451034b8cd2dc3f9   00000000000000000004005a0000000000000000000000000000000000000000
88000000   7eeabd9655ed2ba64a906cf2e2389538ec2b61322fdcdd5b43c30683ed07ff0e   00000000000000000004005a0000000000000000000000000000000000000000
89000000   30e49ff00898951c76c690996815c568c40666d7a8acf47f99c4bde325be0568   00000000000000000004005a0000000000000000000000000000000000000000
90000000   4129c3a741ff2224b62c9990d989a0322a72de5cf0a9e47edc7804345017defe   00000000000000000004005a0000000000000000000000000000000000000000
91000000   301b62b458dc8f6b4077d6f73446a36d07ccd9f0d39a75cfa02482febeef54a3   00000000000000000004005a0000000000000000000000000000000000000000
92000000   b1808a539d57bb1409812380676561d0af1bd3db3ed96d230d4a6ec275406850   00000000000000000004005a0000000000000000000000000000000000000000
93000000   0237c9da4a67ee50b6cc89eb495b8e16e841a9e6c02a79787b339be106ad470d   00000000000000000004005a0000000000000000000000000000000000000000
94000000   42c105569d1ed5c93ecd9b775d6ee60959bd7b6b3393384bb4510d1607184993   00000000000000000004005a0000000000000000000000000000000000000000
95000000   b8f8c94a69c4512e0f47e49f6f70deae101d24fb7fb8314dfc357edef0c512dd   00000000000000000004005a0000000000000000000000000000000000000000
96000000   df31a89964d9531bd8c70c4e26f37afb061c13ea985f10066d9f9544c72c1d98   00000000000000000004005a0000000000000000000000000000000000000000
97000000   83a2f4f3985340dc2487770857810d62c5d4cf3db04e6ad8f742516917300243   00000000000000000004005a0000000000000000000000000000000000000000
98000000   756122e34cde6ca5790fb062c3510a6b0ab7c2dfeda5c7be89ae77ae8050a035   00000000000000000004005a0000000000000000000000000000000000000000
99000000   c50971151f191f71fe0fef0cf6a3c0d7d6054a8e4d998601cd9f3fbad4e7fafe   00000000000000000004005a0000000000000000000000000000000000000000
100000000   9b967d838de446891d4ef12d537fd1847ed80d2799f030e4dc10717e85cc054f   00000000000000000004005a0000000000000000000000000000000000000000
101000000   74ca44caa00a863753e8e08645010763fd0effd586cf399e52107c908f841a28   00000000000000000004005a0000000000000000000000000000000000000000
102000000   9ecc8328f0f093de696798b8ccf99f3fa4bcca9d002072bc5082f856587a1d08   00000000000000000004005a0000000000000000000000000000000000000000
103000000   227389e349a8bfde02ea48c2aa65b51ed646f6c8cbac02a6aa18bcdd96b4e2b6   00000000000000000004005a0000000000000000000000000000000000000000
104000000   80156a263187b9e5ebb55535b8a24271a3c04f4208065ac2807d9b7afb9edeaf   00000000000000000004005a0000000000000000000000000000000000000000
105000000   92fb764e138e5b480ad88262c4a651bb4af2569f6d273cb53a7d70c540082443   00000000000000000004005a0000000000000000000000000000000000000000
106000000   2a1c09e708cd80c7f5fa8c63d5903004b9463f0b4bfa58741f696eefd5b9219f   00000000000000000004005a0000000000000000000000000000000000000000
107000000   cd0ad79a740b91e49876afbdfa053c219b306bc65db98d0999b1b2994c291576   00000000000000000004005a0000000000000000000000000000000000000000
108000000   6467a7baf3a5f4773a8d063d1f917d38b1bf61fee3bf2ec092f83432a58811d0   00000000000000000004005a0000000000000000000000000000000000000000
109000000   ec0230d0824b0e5214d609811e3825a45bd22ba4aeb2c56b9820a0fd7a8e94be   00000000000000000004005a0000000000000000000000000000000000000000
110000000   7c3427d02b8a46e80aac041b61230a2c833b209a6fac842e07261bddd87adee4   00000000000000000004005a0000000000000000000000000000000000000000
111000000   26f70ebfde3a11987c46d03d7b107cf0fc5433c8a0f6cb9d9b03419713faa65d   00000000000000000004005a0000000000000000000000000000000000000000
112000000   6203c01fc2a4185813864e3cf6138a0ae0edcc2720f1018573b53b46aed58e12   00000000000000000004005a0000000000000000000000000000000000000000
113000000   57ff53f01d5dafb55586adf23f15e5987aa9689fa74b96f88a0cb062651c101a   00000000000000000004005a0000000000000000000000000000000000000000
114000000   456c07379afc389273dea3101ba3e1099889c97a5cb229da77d6b4acf25dcab5   00000000000000000004005a0000000000000000000000000000000000000000
115000000   990f4e2a4f46a8e903ee9815102aac097648a8ffd81094efc224aaca4d8ea6a9   00000000000000000004005a0000000000000000000000000000000000000000
116000000   2d491899ff5c05687133dc18e86625471dba1403b20d01c3bce32f3bb3e8ce71   00000000000000000004005a0000000000000000000000000000000000000000
117000000   39b1382c5367b1a26dae8e9a3bb42e6b570665286a5b14899513218f3b8193c7   00000000000000000004005a0000000000000000000000000000000000000000
118000000   7564daa051c553c58000eae31929fc54b25ee1daac2b52e10c5ef492d426a5a3   00000000000000000004005a0000000000000000000000000000000000000000
119000000   fbc3a7fad5de64ac4fdf6be7fe3b4903b940d44b95d94c1128285413d9b44dae   00000000000000000004005a0000000000000000000000000000000000000000
120000000   1a648422ba9008e648fc7146aec182efebf2bfa276ab3f54d69353f8f77219ae   00000000000000000004005a0000000000000000000000000000000000000000
121000000   4f8e16396dafc134d30519c346e1214ff1b36ad4172a1efe67417e6150cd091b   00000000000000000004005a0000000000000000000000000000000000000000
122000000   7c69ea3deb55f01c9b827a668ed2294bcb25f307bb659ff5d12284ca9435e385   00000000000000000004005a0000000000000000000000000000000000000000
123000000   c8ed6de1fe58e69bafd1545f663667604bdbd34b5bf646b6c1fc48c0cb264e6d   00000000000000000004005a0000000000000000000000000000000000000000
124000000   c79c72dd75ff3b6ddc633fdb27003b6c3b4cc57b703af277e5a4c9df0cf986cc   00000000000000000004005a0000000000000000000000000000000000000000
125000000   fa6cc648d80b6642ac71ff2ea32c0827dda535c9ee9d52451304f264fce30879   00000000000000000004005a0000000000000000000000000000000000000000
126000000   7961948d61dcf59f3aaed0766e286b6e3235755545bb60f197ff5516be39448e   00000000000000000004005a0000000000000000000000000000000000000000
127000000   6363e6435badef8e58e6253c5faea2cadbac27e47cff99c0ca88d3b584fd4373   00000000000000000004005a0000000000000000000000000000000000000000
128000000   05f81f8b82d1da4bd2c7d0d2430a8aac50f200f1dd26c708d9b513f5ea72b82f   00000000000000000004005a0000000000000000000000000000000000000000
129000000   7d02363a73fd63ae8ffb70400ff19416969bf9d84124ff78ab95c357c882be96   00000000000000000004005a0000000000000000000000000000000000000000
130000000   e9eec2798f6cf38edc03003e38d21c026bec3a2d44202a3f8d1204e573eccc3c   00000000000000000004005a0000000000000000000000000000000000000000
131000000   be9bbca00a3b7fb48e594be8a996a53ec7ef9420124dbdd243a2a4985c9abf3a   00000000000000000004005a0000000000000000000000000000000000000000
132000000   65cddef73a7b11a41e9e963fab8899f8ea0b31f0c777a5630e094f8939942e5a   00000000000000000004005a0000000000000000000000000000000000000000
133000000   75271ac334947b6be974875190fba868e4dd898c2ade55f007dbd1cddc13452a   00000000000000000004005a0000000000000000000000000000000000000000
134000000   9d17eaf29e610f7e3be460f8b7842a5571c926e327698c852dc9d67e50cd0f11   00000000000000000004005a0000000000000000000000000000000000000000
135000000   4b9cf7df70c47edf763d899aa8bfb7c0f03144d77c1872aa9139ebdd47d67b7c   00000000000000000004005a0000000000000000000000000000000000000000
136000000   fc363fea7da1b45039d1596b69cfefe985c261625721d1e4c98df3eadc2e4886   00000000000000000004005a0000000000000000000000000000000000000000
137000000   457fc2b4b901219e7900ee9716216e19599ea1f2c6cff5333189cad0dd61c4e7   00000000000000000004005a0000000000000000000000000000000000000000
138000000   395eb3a595187deb44006204a15b50bc5b194182cba84b1f258e10766ab1a9cc   00000000000000000004005a0000000000000000000000000000000000000000
139000000   1a76147e5b5cc50d83c8caf6ec934212b94cfd436699977d9428fb097ddcc312   00000000000000000004005a0000000000000000000000000000000000000000
140000000   663eef0882c1886e7de4af5ec9e5a8bbf70c3977ae8ec20da4d08cff0662cd16   00000000000000000004005a0000000000000000000000000000000000000000
141000000   e661336bbd2dee6222b19b33638697f1cee98edbf36874c484d6709bef47aaa2   00000000000000000004005a0000000000000000000000000000000000000000
142000000   55dfca24e49972832360ce9e69aa55e67d42533dca7e7e5c67445341497cd509   00000000000000000004005a0000000000000000000000000000000000000000
143000000   a4c6a51024750d35791b9059ee49198adaa4bc0eee36e0ab29c52f7251d1bfb2   00000000000000000004005a0000000000000000000000000000000000000000
144000000   3a5240ab10ac72346e9773fb74caa446115ec3365e4a8fc62427363c3f2a6d91   00000000000000000004005a0000000000000000000000000000000000000000
145000000   cdb5e7e7d5c111cede756999f3e44d0aa5f6331476e445288645478d51558256   00000000000000000004005a0000000000000000000000000000000000000000
146000000   f297ea3a130266e82fc67392c21333af7c0324b268a850ca1233e3b2f92e94f9   00000000000000000004005a0000000000000000000000000000000000000000
147000000   a021069599e8cc582da197b6a9269906fe44ca1a6331119305ba5d2d36ce1baf   00000000000000000004005a0000000000000000000000000000000000000000
148000000   c40a5dd68cc6f4224e0111dc30100062bec6d240dbccad0ef7acfaa753ff88df   00000000000000000004005a0000000000000000000000000000000000000000
149000000   3e1cceaf51f6fac1e6d1e558a325c098a13e384dd789e7050c96ff868fb00f0a   00000000000000000004005a0000000000000000000000000000000000000000
150000000   0a7c8c840529e9f28f2994104b00ed22d6db0e8f11e698eefe0a3064957e4996   00000000000000000004005a0000000000000000000000000000000000000000
151000000   8d515b648386c819ead7c9df878eaada32a3ff0d846fbb8e9f353d99da63ddf2   00000000000000000004005a0000000000000000000000000000000000000000
152000000   3da6a104566d69cfafe53cf3169eced4184a164604a33ec29dffe9d750713358   00000000000000000004005a0000000000000000000000000000000000000000
153000000   f1c16dbe5d4d9df60624bd12e19e6d284f0097d29e3ee85cd7d4d3777d279423   00000000000000000004005a0000000000000000000000000000000000000000
154000000   49d99e0732fc2d53f306ef4dd206e33617a3e5a5e07fb85fcd41eb9b84d9bf0e   00000000000000000004005a0000000000000000000000000000000000000000
155000000   eaf590aac385c9e0392fec4af8ce4d8b230c2dcad6e3c79e783d9c34359bdb35   00000000000000000004005a0000000000000000000000000000000000000000
156000000   5476befc5df5efecb23ea1143b944520f705d1f2f72ba745c592ceb5a59cfe90   00000000000000000004005a0000000000000000000000000000000000000000
157000000   6874daeda008acea6362a77fdcd3383b430bc016897eeb8f447a940cf13f938d   00000000000000000004005a0000000000000000000000000000000000000000
158000000   51e2e5779013c2169b504081d86a743674d8144bf4433afeb77b8e2b8e89fdb3   00000000000000000004005a0000000000000000000000000000000000000000
159000000   e62092c81487d5552210cba5325b19a96273deaf32027dea04b1fb4aa549d348   00000000000000000004005a0000000000000000000000000000000000000000
160000000   bc0b7a70616cf041f5676535f9bb9d1d039a0ec12d65f3427bf4f1b51a1429a2   00000000000000000004005a0000000000000000000000000000000000000000
161000000   9f4d53f0fa048fb1326b34bc8012c7550cea31076ec00e79426cb52b24355f23   00000000000000000004005a0000000000000000000000000000000000000000
162000000   8bf4bd7331ee99c8c102a6aababadbaaf84c818e99a4be44e4266f74c1d0da21   00000000000000000004005a0000000000000000000000000000000000000000
163000000   e8ccc32cfcf8a63675cc221bb93e3f049d2d9bc91824f293bfe950ccf78a6845   00000000000000000004005a0000000000000000000000000000000000000000
164000000   1b8967b5870b633f70ba165274869ebd714ed35114d3a953f2b5aef63b506627   00000000000000000004005a0000000000000000000000000000000000000000
165000000   313b5058ae9035cc92c6c5e41453aaa70f2b279ebd51128ab3ceaf9d6205098f   00000000000000000004005a0000000000000000000000000000000000000000
166000000   330326600a369f2646c342fb5859ebcdc70d1393f55b57fd7dddecc8e640fdd5   00000000000000000004005a0000000000000000000000000000000000000000
167000000   30159726b4b6acb407f089e001f7db9c03510add0282ce9e252e3ce158bd6d62   00000000000000000004005a0000000000000000000000000000000000000000
168000000   9308be0e7a8758b9dbebfe3a98b8f3252cf49e5de6c5cc02b047330876a015a4   00000000000000000004005a0000000000000000000000000000000000000000
169000000   