debugnonce_start:  3000000000
Mining block template, height 827458...
header:  b'\x00\x00\x00 \xf7\xa2\x89\x88\x01f\x153\x13\x82\x08\xab\x16LF\x8b\xb0\xc0\r\xf6l\xc9\x02\x00\x00\x00\x00\x00\x00\x00\x00\x00\nQ\x00\xb3\xd8)\xc8O0\xaa\xd5\xfb$:\xbe.\xbf\x8a\x12\x95"\xff\xaf@\xc0\xc5\xc70l\xb5\xfdPy\x91\xb3eZ\x00\x04\x17\x00\x00\x00\x00'
3000000000   27d6c7a4089445e957fffade22d270dd8348841cce2c2f2bdaf010d9bc5b0d68   00000000000000000004005a0000000000000000000000000000000000000000
3001000000   c4c609addb8e952035b10080259f82f6a22cdc5bb8838ad96a99f81598deaff0   00000000000000000004005a0000000000000000000000000000000000000000
3002000000   1b91d3aa75075a96073489067241d0d84bb6899c5369d14a9fd42e2b5708cab5   00000000000000000004005a0000000000000000000000000000000000000000
3003000000   12286939fd76ae5233a876a719bef99413d9a08a0975b5d7845f61f6786982eb   00000000000000000004005a0000000000000000000000000000000000000000
3004000000   01d44974d5572d140db83aa231771fb99a0db7101462f3bf87f7e7749876859a   00000000000000000004005a0000000000000000000000000000000000000000
3005000000   69d8d0f126b558cf9df2b5012d408e6768db8913fd6abb335ad7f06a655f7d9d   00000000000000000004005a0000000000000000000000000000000000000000
3006000000   205f8ec52bfae2b0ad138619bd770d290ad7a82d1989740798fa139abb4a3d5a   00000000000000000004005a0000000000000000000000000000000000000000
3007000000   a16a3024540b82ca2c4e24fe07f7374cc076d915a4b0295a7b9e8619a3046e4a   00000000000000000004005a0000000000000000000000000000000000000000
3008000000   ef32e78909983c903db3f04198277f56381bfdb40fe3f743bdddd885a43086ac   00000000000000000004005a0000000000000000000000000000000000000000
3009000000   6e7af4fd359dd4f098b9ca4730451609f6e3c643309f1f7d8499c6415e53408d   00000000000000000004005a0000000000000000000000000000000000000000
3010000000   27908b5cc34f0c3148b7ae769ef24a66e30e85c78b1306122d2935a599c86d60   00000000000000000004005a0000000000000000000000000000000000000000
3011000000   b00e0f5eaf76a9b35abdab12065f33a4e7a0766941877fc00a387e6beccb8f65   00000000000000000004005a0000000000000000000000000000000000000000
3012000000   2ad38049a687a4de4c1350931672ad17b8ddd9fd1a2d1696dd83ceb438111a39   00000000000000000004005a0000000000000000000000000000000000000000
3013000000   7816b6c68ef7d00c4a08b00db24c847c9505df8a0ce880ef5e9f8a6075c4eac3   00000000000000000004005a0000000000000000000000000000000000000000
3014000000   9cf7119a14d93c1a8801db860d7596991e46113b23534202129e6344e8cf82d0   00000000000000000004005a0000000000000000000000000000000000000000
3015000000   829fba43c7b3de0c715511b76adff4b8c4a83f7f4c43789c057d6c11dbe8168a   00000000000000000004005a0000000000000000000000000000000000000000
3016000000   d940ad9655e97c73fab052a6addb2120db3fd58a56279d281d1eaecbffcfc3a1   00000000000000000004005a0000000000000000000000000000000000000000
3017000000   a93ab7eb05851c6522946027c852f825e7738f6407723d24c763744d9e50672f   00000000000000000004005a0000000000000000000000000000000000000000
3018000000   ed7d320db5bbf07cb73cfd281c331fd8865e613a38aaecbec0d03f44e72967eb   00000000000000000004005a0000000000000000000000000000000000000000
3019000000   33cf767d5d9cf7be1270fdb6c45dc9b86a4f489ddac28e4c7e023d7c8d0b4996   00000000000000000004005a0000000000000000000000000000000000000000
3020000000   119f983ee4a5a95b0329acf6278fd524cb1cefff18ca6d7959fc4aea71178cf4   00000000000000000004005a0000000000000000000000000000000000000000
3021000000   c82fbdcd27888c12074f07f771764c037e4c683ee3c528eca1b8f74690d89d1f   00000000000000000004005a0000000000000000000000000000000000000000
3022000000   627eb00ad8c411f5ea46583196094dbc8229309272f213e69516cbadcfa06a48   00000000000000000004005a0000000000000000000000000000000000000000
3023000000   a479c681b7a4a21549ab77fd48cfd929ddab1601f5c7d7cd6449529160134657   00000000000000000004005a0000000000000000000000000000000000000000
3024000000   15e9dd53cf026d9059d5b19893458e329f616f047c0024b169f1f3aa95dc815b   00000000000000000004005a0000000000000000000000000000000000000000
3025000000   82f53175eff771b44713f935ffb947d494cfb96012ebe4ec084a55fa816d7536   00000000000000000004005a0000000000000000000000000000000000000000
3026000000   cd0ada1c8e15e898a7c8b3fa47d603abdfee8ec1fbd47fc367bd4a085cc9053f   00000000000000000004005a0000000000000000000000000000000000000000
3027000000   34800381be55d0c87e80f3e6afbc390284f0f3dc62bcf7270645750c68cc80e4   00000000000000000004005a0000000000000000000000000000000000000000
3028000000   a7f9f5d0bd8794960f97eeeff50d06304e283e51dd7ca1b71a59c7e2b0955430   00000000000000000004005a0000000000000000000000000000000000000000
3029000000   d9d4e1226564f82b21b79b9feb52661496772182ebbcb7562cb662e6ae64e42a   00000000000000000004005a0000000000000000000000000000000000000000
3030000000   66623582bbf4ca6cb44c888911125398f40a58bbd9ef8b63f8971eaade42a021   00000000000000000004005a0000000000000000000000000000000000000000
3031000000   2a459b28623c8e195e80f74809f99c7555000e4c9f5eaa87ad4de2fc24569190   00000000000000000004005a0000000000000000000000000000000000000000
3032000000   4e59164453c89daa83d9c83f125f58fa393ee91f97577bd206a2a84b7d1f5982   00000000000000000004005a0000000000000000000000000000000000000000
3033000000   096e75e85503314ac6838185c14707605e1dd0839b233af3e7062fd61b72927c   00000000000000000004005a0000000000000000000000000000000000000000
3034000000   cef95333460266cdb0267132c1e1acaaf11f4e3b72aad3b9e5402d1e24e617e1   00000000000000000004005a0000000000000000000000000000000000000000
3035000000   b2dc51aa85abb3c3c2532656649b6c48a72cfa505c0e819064e58b85f2f52502   00000000000000000004005a0000000000000000000000000000000000000000
3036000000   18168391254bd8c86f588823c56d76f8ef83a577535682eb1f7eedf13fbe7c04   00000000000000000004005a0000000000000000000000000000000000000000
3037000000   8d0ae32419a9bc5268b486e8221a821f97c0eb5ff7a19f2c7330fd936f1869fe   00000000000000000004005a0000000000000000000000000000000000000000
3038000000   e35c84f0ef93e7aa7aed985ebec01c329fbb5fee14e37e766619cb3fe2a3be86   00000000000000000004005a0000000000000000000000000000000000000000
3039000000   fcc1c4e2a34730b941441e78cafbb91a9f27636ac2daf082e1a2ca45ffa144cd   00000000000000000004005a0000000000000000000000000000000000000000
3040000000   b9e89cc7fcdd13e37f98429cb337e50202ab9de7d9e16f41cbc758e22f7a1eb2   00000000000000000004005a0000000000000000000000000000000000000000
3041000000   a53090ca365d1463fa27120f59d5b7ff773ec15a753e948a11196cb669d706fe   00000000000000000004005a0000000000000000000000000000000000000000
3042000000   39b3e27d82862f0d395048f23c367df4f21434e09aa3f427e7bb30752bdafae3   00000000000000000004005a0000000000000000000000000000000000000000
3043000000   982b06f67c31782de5208fe7926f92e605dff9ff56bd00b0631e78e666544a38   00000000000000000004005a0000000000000000000000000000000000000000
3044000000   bc56b456b9a8b36dd1f8c40560ec585fd55b3150e8631bf4dbcf03e1e66e92f2   00000000000000000004005a0000000000000000000000000000000000000000
3045000000   060ae24754ab6213b60b971625b27efef2b71c3dcc9b8eaac559bb3904c3c1cb   00000000000000000004005a0000000000000000000000000000000000000000
3046000000   135cfcc0a6e0505be4f027422bdd875c640a2dff33afa9b2cd6731e523d0f4c2   00000000000000000004005a0000000000000000000000000000000000000000
3047000000   542de8e31e32c519f9d778264c86448f30b4423eef6398cd09c5f048547b9b24   00000000000000000004005a0000000000000000000000000000000000000000
3048000000   9b0c70a7ef2ee8be00542500cc84e6571a3120d90aa754996b867c2c8790cf8f   00000000000000000004005a0000000000000000000000000000000000000000
3049000000   b81a6e82c67f198453f8b373b34bbfe130641bd1975e243353edaa70d9cd6c20   00000000000000000004005a0000000000000000000000000000000000000000
3050000000   c519a5771e86a4e7a57956022beef7afdcdd8ab72eaf792758f5d47bba094734   00000000000000000004005a0000000000000000000000000000000000000000
3051000000   350fec9483c411ec8d226bd8f87f92527c29c1ba328e5c3f21b564b3471d21b5   00000000000000000004005a0000000000000000000000000000000000000000
3052000000   1bce13c0cae2b5821c713a4c5e5254a5b073a889618d726e26080403120d782d   00000000000000000004005a0000000000000000000000000000000000000000
3053000000   07df3a6855452227464f0905c7ce4cafae570fb65b474c573f683b2dc2b94249   00000000000000000004005a0000000000000000000000000000000000000000
3054000000   8969a1687e0fc3d124dde9d9013dc8bc9a99407bbfa9485be35ecea7ff8a6067   00000000000000000004005a0000000000000000000000000000000000000000
3055000000   af8512b874e15aa8dd8e24d51f32ae074a3a75ca1bc5a10f5e12876a4d6afde9   00000000000000000004005a0000000000000000000000000000000000000000
3056000000   3935ec80a4a424516add4a95690fa6ccc71dee479766c24faf6c2f9c217d1cf9   00000000000000000004005a0000000000000000000000000000000000000000
3057000000   2eeee2798d099363e2e0df40162b1bdfa0bbf9e1123d1a2a7ab7f72bf97d28a5   00000000000000000004005a0000000000000000000000000000000000000000
3058000000   7deace52a0da8f261829be366150cdc15132184ed7909eeb16d5ec1321b8758e   00000000000000000004005a0000000000000000000000000000000000000000
3059000000   cfb6a08399f215136129dde26078752d6dad5c2a10c8deed24cce686eaf9a619   00000000000000000004005a0000000000000000000000000000000000000000
3060000000   fcf7229b806d8ef32615664ed3ebd59830d1019952faf10d3498558041f73281   00000000000000000004005a0000000000000000000000000000000000000000
3061000000   76f9efe74cb93b41cc2136e44d1a29337034cbd2f2641801dd1a9ac28ea5d2d0   00000000000000000004005a0000000000000000000000000000000000000000
3062000000   13a43cf4d4eb6a3243aab577716c9d3fe4981670cf7d7c675fae22766fee9a79   00000000000000000004005a0000000000000000000000000000000000000000
3063000000   fed8715d817ed792f0df47750274c33f2b241c37a34a32ff75444bd1b502f80a   00000000000000000004005a0000000000000000000000000000000000000000
3064000000   2394101c06f1949fa35569cae5faaf5d6b1d74d8120837d28e9c0373ebc46810   00000000000000000004005a0000000000000000000000000000000000000000
3065000000   881956777d732ccfd88443858790df95412724938df6d87a79f80b1dd3c81a5f   00000000000000000004005a0000000000000000000000000000000000000000
3066000000   2cff7a4f216758c8063a571648acf213bf5d84343ca1bdae6d601b7d095e6d95   00000000000000000004005a0000000000000000000000000000000000000000
3067000000   1b6d82987223eab9c4fcf0bc2a35c641b3301feb506279e9c599fb0664a634a4   00000000000000000004005a0000000000000000000000000000000000000000
3068000000   6ffc34fb15b8da473ac3a87780d521e39739501053c0157a78f74832b61d2949   00000000000000000004005a0000000000000000000000000000000000000000
3069000000   35f68d38b04ec4e4a80a3793f51de3e4065e1acefe31de131e1349dcc75f09a0   00000000000000000004005a0000000000000000000000000000000000000000
3070000000   a0d558bcf1f710717d5767370ffc3bfc59c5b237c328567033dbc62b1b6a65fa   00000000000000000004005a0000000000000000000000000000000000000000
3071000000   b4a6360a48b57818d8155d1816fbb0882229ceffbc72ae07b121ea7758b7ba54   00000000000000000004005a0000000000000000000000000000000000000000
3072000000   754679c7a80f21157a9768042bc5d0ad207225c94132d6adb42a9af538a880cd   00000000000000000004005a0000000000000000000000000000000000000000
3073000000   c290d65fa4bd787d6512eb41659110c78ed9f507c70db4fa37635e4566c4e15f   00000000000000000004005a0000000000000000000000000000000000000000
3074000000   cf189df2c763e44cb68cf6138394303031cf7e200216d04aa65443d97a4de516   00000000000000000004005a0000000000000000000000000000000000000000
3075000000   deea6c8a05f36d32f73beab2a83b4540e86a9f94bceff17e0aca75b1ccede7a8   00000000000000000004005a0000000000000000000000000000000000000000
3076000000   26ed263fd1b0a666b7cdee210635c1d542e81e147bf1824dcbbc406fcb9bbb51   00000000000000000004005a0000000000000000000000000000000000000000
3077000000   7a87260849a8a27b5c2b00f84394413cd41675412e9ac58526269801ae84ebd7   00000000000000000004005a0000000000000000000000000000000000000000
3078000000   6dfda794cf428f368fad92a506dc86d0d16772a9c40242028e628eda07725ba0   00000000000000000004005a0000000000000000000000000000000000000000
3079000000   b1f043d0fc2b5d1adb9b482a33c2563cd23bf87745c7aeabb29315eefefe9a7a   00000000000000000004005a0000000000000000000000000000000000000000
3080000000   74cbd2e22f13402d37f9209af21a37711c479c9e15f8ccdb50bf552d023eb794   00000000000000000004005a0000000000000000000000000000000000000000
3081000000   b403b8e6f1a206799523ff8afea29e77267bef3cc774baa17820dbeb307610d3   00000000000000000004005a0000000000000000000000000000000000000000
3082000000   6b766e40ab3a11796cf9f6a207d2b0e93f437a5f2e0d5d1a1660e01c856d3d64   00000000000000000004005a0000000000000000000000000000000000000000
3083000000   82b7f5860e8e7ed0f3c932302a216f770b242691c5be12bc358c31a0509773ed   00000000000000000004005a0000000000000000000000000000000000000000
3084000000   96b438845b5a2a1d1bfbec04e353b27b56bf47748ccd20bbd095a14f58f59f3d   00000000000000000004005a0000000000000000000000000000000000000000
3085000000   3c256fb96c58572ca6b8d3c95389d606a7dc43168d8199f2351fbe17afbf8a3e   00000000000000000004005a0000000000000000000000000000000000000000
3086000000   48d0b464babe2c6133fc0506071de68740a38bfeae30e0946a43ce6029e639da   00000000000000000004005a0000000000000000000000000000000000000000
3087000000   1d73b4543bc5ba6ddb70c6cbb0d958bb42c93f7e374313536800d1ad642e9f5f   00000000000000000004005a0000000000000000000000000000000000000000
3088000000   4fae6da0627cf9341affab33c87be1b0fab77f1c04586b2477c6f5168a6656ca   00000000000000000004005a0000000000000000000000000000000000000000
3089000000   f2823acd75945341221ab36732b29c6e80b43ea9075fcbcad2f19dda119170b0   00000000000000000004005a0000000000000000000000000000000000000000
3090000000   1a6e6b3bce44a1cf88ef07eaf741b13867586a7519ce53189f45cbd010c7f060   00000000000000000004005a0000000000000000000000000000000000000000
3091000000   d7b1ca2aa7a3dbbb43380dbeb0467758733ffb0deb39e23a79383c33ea3f6060   00000000000000000004005a0000000000000000000000000000000000000000
3092000000   df2611bfa428b7ef501e6e4ad9f510c0d9ffea6e4327963df41acf11ee54e6d7   00000000000000000004005a0000000000000000000000000000000000000000
3093000000   2585450a987490a6c80815c3743a2b87daf4e40db9cae77baf9f89873c5a283a   00000000000000000004005a0000000000000000000000000000000000000000
3094000000   1310fd65955a09623fc6e8a58e13dd4f3829d31748313b3282711b846d3fbe34   00000000000000000004005a0000000000000000000000000000000000000000
3095000000   5064a1498b230031ac55bcbebbb5030c929f3b4268fb58a7c5e88610bb9c0f5b   00000000000000000004005a0000000000000000000000000000000000000000
3096000000   f8c44e7e00263dfff1bec9c8fd627bec832bce36601f0ee6deeb8ca3a81d7181   00000000000000000004005a0000000000000000000000000000000000000000
3097000000   16d5fa9875f55bf9b90e04901a0b5e2fd33843edcfa86578a3cbea3945be6f10   00000000000000000004005a0000000000000000000000000000000000000000
3098000000   b3263b85cb5b538b626a6d8e6b5793d02e2d58208ddf7adf1bb4241e28a252a3   00000000000000000004005a0000000000000000000000000000000000000000
3099000000   ac037e3a943b8e00ab9ffff00af5f69b3a930c5b5b1a7bb43d9528fc5cb8bcdf   00000000000000000004005a0000000000000000000000000000000000000000
3100000000   6ff99465e4598daf26c112189c0eb79d9f6664e0ca8cc3266dca1368008b0a3b   00000000000000000004005a0000000000000000000000000000000000000000
3101000000   4abbddf7bcec6ee81f759003a68e5aeedd8618439c2b6f164a53176049ccde7b   00000000000000000004005a0000000000000000000000000000000000000000
3102000000   555185e226b8e2dd78b95499ea4b9bcc8ebb04b445add324816d229e38834f41   00000000000000000004005a0000000000000000000000000000000000000000
3103000000   5467bf8c2b447342fd8b955f10f761420e622c1f9b4db9a81709f510cac06d85   00000000000000000004005a0000000000000000000000000000000000000000
3104000000   5947e11e5baf923a1f786551307a16f8621acf509b99162c01a99c9022f71f21   00000000000000000004005a0000000000000000000000000000000000000000
3105000000   082312bea7cc7b37c44b3b62fc5a8db9f9df2f724da4877a134fd55b7ee68b49   00000000000000000004005a0000000000000000000000000000000000000000
3106000000   0d98f80b7cb3a5214f39f12a593e6d5abed5a31e9d355c51e82f892b8d47f54e   00000000000000000004005a0000000000000000000000000000000000000000
3107000000   bb799fd1fb7750f98b588dcfdf538793084118c64df95a87b6b1f5ad3bcaffb4   00000000000000000004005a0000000000000000000000000000000000000000
3108000000   b336c2fcc0cf0b36a1f734d5dd58ece2fd780a19d7fe4c293a1a781258804611   00000000000000000004005a0000000000000000000000000000000000000000
3109000000   fda635f6b0f51cdd0bf4f136cc34924d8940deed47312f3618c849c579346c35   00000000000000000004005a0000000000000000000000000000000000000000
3110000000   4d8dbced1738d10dc3faac5a2ccabf11a2e907fd3fc16c44acd008d093c19da1   