debugnonce_start:  1000000000
Mining block template, height 828267...
header:  b'\x00\x00\x00 \xb92g\x89\x93`a\x9f\t\xbc\x18\x88\xfay\x9ag\t:/\xbb4+\x01\x00\x00\x00\x00\x00\x00\x00\x00\x00T\x03\x85\xcd\x9c\x0f|\xf1\xf5d\xdf=x\xa5\x02\xa7\xa2\xb2\x1f\xc5\xdd\xb2Ou\xf0t;\xcd\x10a\xdcD\xd6\x82\xbaeZ\x00\x04\x17\x00\x00\x00\x00'
1000000000   eb8d4c75c6253bb43c6b4a86de810a177ea145cdc0e5c5f738d9c9275cf14131   00000000000000000004005a0000000000000000000000000000000000000000
1001000000   50e7ca81ef5cef4eee5580c1336736a98d53d8b2344a404c89c4bb8859bdb859   00000000000000000004005a0000000000000000000000000000000000000000
1002000000   c18e4b7f383204c297a97f7304dfc606f030422f821f5661ee975eb3d13e146d   00000000000000000004005a0000000000000000000000000000000000000000
1003000000   6b0cce4218c420df75b1948eb6ecf67603ff9d3b6a57ae1866e7d0d201d32266   00000000000000000004005a0000000000000000000000000000000000000000
1004000000   76f65789d9b2d4291c7162844246caf11fd8d53dcd1b1cc6f9aba13fb4c96dd0   00000000000000000004005a0000000000000000000000000000000000000000
1005000000   8b41c8e2e8273096828365d98ea1a9a120b3bcc6f91bb23c2730e000242760e2   00000000000000000004005a0000000000000000000000000000000000000000
1006000000   641338a0b1e81731351e4a4fece3233f4833c0243cc52c7ec5d4c3a3f3d33630   00000000000000000004005a0000000000000000000000000000000000000000
1007000000   7b7eb3aa1cc3e8c1eb055bc560668167f7beed8dd6cc7c183670c69e293f1234   00000000000000000004005a0000000000000000000000000000000000000000
1008000000   86b533c8be314288bbf47f4438dbba7b2274495cdce91ddcfb089e58fe8391f6   00000000000000000004005a0000000000000000000000000000000000000000
1009000000   1b5f940204ebc035f6da0ff0856c967ebccbd00e28f972ee98a2710eba16dbd9   00000000000000000004005a0000000000000000000000000000000000000000
1010000000   e0916864209f7e79a8570fe03d43e3ddd70691fb482690c951bbf62fa69da69a   00000000000000000004005a0000000000000000000000000000000000000000
1011000000   851b8b91a85b1ea4907aab505ece3f111755b8c77c1b086f323097f1a3ca5a63   00000000000000000004005a0000000000000000000000000000000000000000
1012000000   1ea42fcde34d0a327e8d0efa4fb2725012f7d08d19f1db9a76d795c389616578   00000000000000000004005a0000000000000000000000000000000000000000
1013000000   eef3d1db45ddd0e09880ea07d131eb6bd4f16f4f285b7a53faa9cb242318e597   00000000000000000004005a0000000000000000000000000000000000000000
1014000000   ef6bedbd63480b657423098edda3643edd7282c65619600eb79e47bdaacd582a   00000000000000000004005a0000000000000000000000000000000000000000
1015000000   ba188a42382b7b1c125369dcde95bb55a525b2837b8a0f791fb1d17d1013263a   00000000000000000004005a0000000000000000000000000000000000000000
1016000000   6e05a7c16e32e46d3bb6d0ff08b481d29578db2145a32a6afceabbf084264667   00000000000000000004005a0000000000000000000000000000000000000000
1017000000   628de2309df40bdc2b8928b6972a0da9cea9bab493523bf684af4e78157cb550   00000000000000000004005a0000000000000000000000000000000000000000
1018000000   7dd5fea3f85683b52b85dcca6e0caf51884478ddff11d0e776f5e2358e6f53ac   00000000000000000004005a0000000000000000000000000000000000000000
1019000000   d3097033991f90aba0fb37042015c1a427c8cfb5cf5e68d3cdfb4a78281e3f23   00000000000000000004005a0000000000000000000000000000000000000000
1020000000   ac8dcbb99c98d6ebc602574a2dc5ccc97bdd8f63ef5ef96033613c2d4fa4c6fa   00000000000000000004005a0000000000000000000000000000000000000000
1021000000   d7a62874430dcd035b0ab8105682bb6c1c64184e7b535f16b903c9a9f4dff766   00000000000000000004005a0000000000000000000000000000000000000000
1022000000   11d25d7bcf9d51b1f34d459e093849a30b885fd80b390c976671a92b8f85500d   00000000000000000004005a0000000000000000000000000000000000000000
1023000000   2ea58d2e258101a37465a2ebfe961251fd65540090e7f94ba926e575467c154f   00000000000000000004005a0000000000000000000000000000000000000000
1024000000   5d257905f2011a7b6b576034ba7ea2cccc4c746b50703380758d2aed4732463f   00000000000000000004005a0000000000000000000000000000000000000000
1025000000   f8f1c7a29f4eb428a367143014e1df792a39ee7a1b84532395ce2609e7cbd2b3   00000000000000000004005a0000000000000000000000000000000000000000
1026000000   d5565374df5adc73ce4d29eac868090d353cc86d7a3bb26db2cfb9598461b8c8   00000000000000000004005a0000000000000000000000000000000000000000
1027000000   3b8c06d9cdfce2afc25faad9b7c73835f7664ac98bf9e9759a124d2f1f8a5237   00000000000000000004005a0000000000000000000000000000000000000000
1028000000   5721e072fe1fe8a769549a6f1d695030eebd0528dadf2681067ce4119ea7ae29   00000000000000000004005a0000000000000000000000000000000000000000
1029000000   5cbce221ff8266fadc2ade67f17ab2e839ad89665e0ef57dafa98eb884ec2dc2   00000000000000000004005a0000000000000000000000000000000000000000
1030000000   ef9cb07a540e36e35193d77a2512d24a9c0bc1bfa571e4a85bf6c7f0f95c106a   00000000000000000004005a0000000000000000000000000000000000000000
1031000000   4e72d38395a1d4e39cab2c3d9d19b20140c51e01a0d1dcc45730751522e792c2   00000000000000000004005a0000000000000000000000000000000000000000
1032000000   1d86e8ed4373106e45e99c06a5c0b1ef269c2ad2432bbee39f29fdb14be87d35   00000000000000000004005a0000000000000000000000000000000000000000
1033000000   ed1df49fc1efcb8b288e4f9fca10c147de159cba186f18d62dd7c1ef94f3b0e9   00000000000000000004005a0000000000000000000000000000000000000000
1034000000   cb28dd780c38953631d9698974e84d933acbef35dd77857833bedab2b937bb1f   00000000000000000004005a0000000000000000000000000000000000000000
1035000000   7709cf21177cb22668d40da5f15b382583cc713a1309e53007719541c5b4a37b   00000000000000000004005a0000000000000000000000000000000000000000
1036000000   67abf60b18af424140402ae878d000dff7cfaa0216a8d62bd316ad1352e52b9f   00000000000000000004005a0000000000000000000000000000000000000000
1037000000   dcbb8ebba96f7ad006db5be9d9dc6f1e6857df275193d10ec5a7e2dcbc72f528   00000000000000000004005a0000000000000000000000000000000000000000
1038000000   c0674d1a1737b26f851625f113a039f50e7fe34fd2ea65cc28c7755151a718d6   00000000000000000004005a0000000000000000000000000000000000000000
1039000000   ec308497cc500cde8437d54f2f44d78345081525c2448d850242d71b5775962c   00000000000000000004005a0000000000000000000000000000000000000000
1040000000   87b39e620ba26ea3498bbdf729e5642d2a31f2586880427f7f6ff6ccc11d02a6   00000000000000000004005a0000000000000000000000000000000000000000
1041000000   e086f8b0c122f26b5079617c0ec6fde5877143972b7acf3076a557bcafc06402   00000000000000000004005a0000000000000000000000000000000000000000
1042000000   57ba60e3b0df7e7f9f750a1589c1bde0825f48c776f9bc233d97baa0e40b7813   00000000000000000004005a0000000000000000000000000000000000000000
1043000000   28a0389260af36756c2d2346f59fbc1fb35f54b6549916fe47c0bfc74c0f7f6c   00000000000000000004005a0000000000000000000000000000000000000000
1044000000   4f9d2a3f94a0b0f4fab839df27374cbd759e8fadd4778e6052909b1ab076bef0   00000000000000000004005a0000000000000000000000000000000000000000
1045000000   2121adbce77186fa2518ba28a7705a3ff8f2ca46ffaa0c4c422042ffe90f206f   00000000000000000004005a0000000000000000000000000000000000000000
1046000000   e76dfd50a604d2a0758f2bc0fcc3e8a3e9011a46615bb6808c8c468d8fcbb77c   00000000000000000004005a0000000000000000000000000000000000000000
1047000000   e0cff9d3760e6d45a3fd1e3115de2ad9df9ddd45ac0e00889711a691261dd971   00000000000000000004005a0000000000000000000000000000000000000000
1048000000   f52ba53202482f240b00414168df81dcd34bbc431257112c14b11896bdb3da5d   00000000000000000004005a0000000000000000000000000000000000000000
1049000000   2ae139a2ae9dd35ae44035847f9e022ffffa2ff02d35e7ac667b505e0db211b4   00000000000000000004005a0000000000000000000000000000000000000000
1050000000   9857e96ee02c01a6dee9b1645c2141b0df93e64751241ed251d13ac809ad4b48   00000000000000000004005a0000000000000000000000000000000000000000
1051000000   dfcf1b726f3cf8dc4e20e4c79a4ff98de6baf40d68d825ef20b9e63f1f8192a9   00000000000000000004005a0000000000000000000000000000000000000000
1052000000   b97b49f5e848ca0e86bae2586a97849b7cd40bff970b5155d74bba1f40cf95c9   00000000000000000004005a0000000000000000000000000000000000000000
1053000000   c3ab2259949db7cd0f9952fa0745efb8d59d9da844c8e40f8ccd1a1522749bfc   00000000000000000004005a0000000000000000000000000000000000000000
1054000000   