debugnonce_start:  2000000000
Mining block template, height 827344...
header:  b'\x00\x00\x00 R\x99p\x9d\x0c\x03\xdb\xf9\x1f\x81\x13\x9e\xf9\xf3\xa5\xe5-\xdd\x18\x9d!\xb4\x00\x00\x00\x00\x00\x00\x00\x00\x00\x00\xd0d]\x1c\x91V\xf6\xf7Xx)\xc3\xbf\xee\x08w\xcb\xe8\x01\x05b{\xb1j\x88P\x13\xed\xad\xe9l\x85\xa2\xa1\xb2eZ\x00\x04\x17\x00\x00\x00\x00'
2000000000   e2d8c18168043346dae11e6c85ad79c1021a16e2eea3b4e51c181b8de5706bae   00000000000000000004005a0000000000000000000000000000000000000000
2001000000   84ced55bd287eda023d3b6f61c58c78526e858ba08718cc45cf4fc987a396ee4   00000000000000000004005a0000000000000000000000000000000000000000
2002000000   17c69a6e88f95fd7fab523b3cf9758d48b6a46dd43b32a4f2c2daf49a2d86cd1   00000000000000000004005a0000000000000000000000000000000000000000
2003000000   9e69bf5f1e7a00e4d6603e93c69e9349c8eeb24923566121c72bd38ad8829569   00000000000000000004005a0000000000000000000000000000000000000000
2004000000   6b30a7332839d59fa984ed4360223c5412afec09995f80e361585938f30acf6a   00000000000000000004005a0000000000000000000000000000000000000000
2005000000   d0b06f68c7487a15d56dc0b89cf7da2755b0e4e08eea3e0c8531018d3c09e50e   00000000000000000004005a0000000000000000000000000000000000000000
2006000000   4ce0ca119f72f961bcf101ea383d7b6c899f46629393eb4b3b2045573ffb65ac   00000000000000000004005a0000000000000000000000000000000000000000
2007000000   5846d0d23bd8cb073d5b1237cdd4a4fe23d7d06f5ced4db95115446d0a747107   00000000000000000004005a0000000000000000000000000000000000000000
2008000000   fee03fbf75320a3468e22d4d663d2e94f6ca1e872ba52ac9ed27df1aa6b04cce   00000000000000000004005a0000000000000000000000000000000000000000
2009000000   69b93ba8e5783f2453de60fbebfa6ef0571a2220ba4f488e4a88dd90e078e441   00000000000000000004005a0000000000000000000000000000000000000000
2010000000   fb9cc17c9bb30f41ed7292723c49e806190fd8dc6be866e7b3fe47f53d05b3c0   00000000000000000004005a0000000000000000000000000000000000000000
2011000000   3de39719f25763cbab63d198428ffa32ed5cdec93c5de9a1423afc3bd0c456cb   00000000000000000004005a0000000000000000000000000000000000000000
2012000000   07e369f62cb29fd693b4586431a98ba669c55b8711d1a8bb12335d57eb1eac0f   00000000000000000004005a0000000000000000000000000000000000000000
2013000000   b20689a6b359d41e1dea49cba50bb8703a29496390d8d4a5d20b9d004c1e496e   00000000000000000004005a0000000000000000000000000000000000000000
2014000000   48dc5d1baf3a0ed9583d8af823713e17a383e7b52a01f4b2af12fec36b30fc32   00000000000000000004005a0000000000000000000000000000000000000000
2015000000   fcff887301badbc295f4d0eb6faddb832285a8056658727c1ad462329915a64c   00000000000000000004005a0000000000000000000000000000000000000000
2016000000   96f8424d822b8c54bcd9fd066dd7ba7492a7264c9b1495084a6f7bd1a3a226cd   00000000000000000004005a0000000000000000000000000000000000000000
2017000000   5fbd6cafd03e9a86b961cfcc888fd7fce8c80e7cf12f287fc36b46af34aa5f71   00000000000000000004005a0000000000000000000000000000000000000000
2018000000   678df9341dbc150f66d7f57f656afc87ad876a848935c00361d909a1d8ef5902   00000000000000000004005a0000000000000000000000000000000000000000
2019000000   369a55f6227a21a8758043a69f98aa969ce6576994ea39d48689027adc677248   00000000000000000004005a0000000000000000000000000000000000000000
2020000000   d27b59e4066a740d34f38e65ba6a617ba3a2d8613f01f8b7fb62f10c905f9658   00000000000000000004005a0000000000000000000000000000000000000000
2021000000   3c126fdaa4769425f5d4354c24d4b2ab4c71a0ebb5b3b7fe5864a57450381153   00000000000000000004005a0000000000000000000000000000000000000000
2022000000   8e5dfaef0edbea4660fd13b9a07c9a6a12c40aee3362fcd489e431f4403d204c   00000000000000000004005a0000000000000000000000000000000000000000
2023000000   e97074f32569c44bec8c1d03f491082a1f6cfa4b1a38bfe8565d1c2eb3186538   00000000000000000004005a0000000000000000000000000000000000000000
new_height:  827345
debugnonce_start:  2000000000
Mining block template, height 827345...
header:  b'\x00\x00\x00 3\xeeH\xa5`\x1dp\xdc\xdaYl\x9f\x94^\\\xe08{h\x16B\xd1\x01\x00\x00\x00\x00\x00\x00\x00\x00\x00\xcc\x8a\xdb\xcc#\x90W\xf8\xf3&\x02\xc8\x7f\xb9\xed\xdc\xc2\xb4iz\xe9\x8e\x8e\xb2\xab\x1d\x8a\xd3\xb2\xeci\x11\x89\xa2\xb2eZ\x00\x04\x17\x00\x00\x00\x00'
2000000000   9735e49d050ec5f8cee3970a1a14b4f4e54be3d3e6874cd43fb16fe57fcc5bf6   00000000000000000004005a0000000000000000000000000000000000000000
2001000000   916085b0066cd4e3733b2b2a82eab9fe102038f4314fe3a0f4aa77adbcbeef6a   00000000000000000004005a0000000000000000000000000000000000000000
2002000000   606ae60cd5e2eaefeff00cf71005d3b0febcf67c302d04212935f823702ba53d   00000000000000000004005a0000000000000000000000000000000000000000
2003000000   293c8ceea486eed2e2857590d194bae1a0bb22ec6e461ecb322a5642c7bd0fe7   00000000000000000004005a0000000000000000000000000000000000000000
2004000000   e49d9cd3b38d06228e3b560650d9a927bca9b07ebe05d47789e34f1200573b36   00000000000000000004005a0000000000000000000000000000000000000000
2005000000   181001d098d3a78780ca1f3248c095405b7dfa3274ad53167732713d7535ff2e   00000000000000000004005a0000000000000000000000000000000000000000
2006000000   3917ecdbdf91de10558ceda9608a846207e22450874541cbd9b5844c643a5258   00000000000000000004005a0000000000000000000000000000000000000000
2007000000   74d47f3d836c81722ef6eafcd8a4086702b19fd053e226fc3145127e541b6a6f   00000000000000000004005a0000000000000000000000000000000000000000
2008000000   f1682d6ddbd268515d21bac5ce57d2380d831a27923c769dbb22482714339695   00000000000000000004005a0000000000000000000000000000000000000000
2009000000   bfa0d5d73e698900347fa03a8044af13a035a4c6a74a14eaf614fb271dbbb30a   00000000000000000004005a0000000000000000000000000000000000000000
2010000000   f99ea7809adf4f2879da7316c023081d033790e51d60d5560cd0448ba3784007   00000000000000000004005a0000000000000000000000000000000000000000
2011000000   0552b3906f19a2026e716c8ee7a619d3e0faa742b4dd28479a8de12073e5a3ce   00000000000000000004005a0000000000000000000000000000000000000000
2012000000   34abcb1acf0595f04e1e48a691e6633b2e3239475a5b0e3d25f6c9184e77ccb4   00000000000000000004005a0000000000000000000000000000000000000000
2013000000   273a02573c700b9d78fd0fe54787b34f1f4c77a38f27b83f666fa7442fdc25fb   00000000000000000004005a0000000000000000000000000000000000000000
2014000000   8bac30d93fa8c1c26842eda172738f3386ad8c6c42fae0d9e30194fc911cd915   00000000000000000004005a0000000000000000000000000000000000000000
2015000000   202755b8f4b6e97e975e2887f3e6ca581ae163e23ecf7b5d3eff845505a11127   00000000000000000004005a0000000000000000000000000000000000000000
2016000000   8e2e43582388e22a16f637704f01941fedfbc9664ffc7593ce89f49b6c317239   00000000000000000004005a0000000000000000000000000000000000000000
new_height:  827346
RPC_URL: http://127.0.0.1:8332
RPC_USER: sree
RPC_PASS: admin
Traceback (most recent call last):
  File "/Users/sreenath/Documents/bitcoin_code/ntgbtminer/ntgbtminer.py", line 573, in <module>
    standalone_miner(sys.argv[1].encode().hex(), sys.argv[2], int(sys.argv[3]) )
  File "/Users/sreenath/Documents/bitcoin_code/ntgbtminer/ntgbtminer.py", line 549, in standalone_miner
    block_template = rpc_getblocktemplate()
                     ^^^^^^^^^^^^^^^^^^^^^^
  File "/Users/sreenath/Documents/bitcoin_code/ntgbtminer/ntgbtminer.py", line 85, in rpc_getblocktemplate
    out = rpc("getblocktemplate", [{"rules": ["segwit"]}])
          ^^^^^^^^^^^^^^^^^^^^^^^^^^^^^^^^^^^^^^^^^^^^^^^^
  File "/Users/sreenath/Documents/bitcoin_code/ntgbtminer/ntgbtminer.py", line 58, in rpc
    with urllib.request.urlopen(request) as f:
         ^^^^^^^^^^^^^^^^^^^^^^^^^^^^^^^
  File "/Users/sreenath/anaconda3/lib/python3.11/urllib/request.py", line 216, in urlopen
    return opener.open(url, data, timeout)
           ^^^^^^^^^^^^^^^^^^^^^^^^^^^^^^^
  File "/Users/sreenath/anaconda3/lib/python3.11/urllib/request.py", line 525, in open
    response = meth(req, response)
               ^^^^^^^^^^^^^^^^^^^
  File "/Users/sreenath/anaconda3/lib/python3.11/urllib/request.py", line 634, in http_response
    response = self.parent.error(
               ^^^^^^^^^^^^^^^^^^
  File "/Users/sreenath/anaconda3/lib/python3.11/urllib/request.py", line 563, in error
    return self._call_chain(*args)
           ^^^^^^^^^^^^^^^^^^^^^^^
  File "/Users/sreenath/anaconda3/lib/python3.11/urllib/request.py", line 496, in _call_chain
    result = func(*args)
             ^^^^^^^^^^^
  File "/Users/sreenath/anaconda3/lib/python3.11/urllib/request.py", line 643, in http_error_default
    raise HTTPError(req.full_url, code, msg, hdrs, fp)
urllib.error.HTTPError: HTTP Error 503: Service Unavailable
