debugnonce_start:  2000000000
Mining block template, height 827458...
header:  b'\x00\x00\x00 \xf7\xa2\x89\x88\x01f\x153\x13\x82\x08\xab\x16LF\x8b\xb0\xc0\r\xf6l\xc9\x02\x00\x00\x00\x00\x00\x00\x00\x00\x00!\xe6\xe0\xcb\xea\xed7\xb37rKp\x88\x9cW<\xfa\xb3\xfa4)\xd3\xa4t\x17\x03\x87\xa2\x94V\xb1yy\x91\xb3eZ\x00\x04\x17\x00\x00\x00\x00'
2000000000   3494b4130b531fdb0b900b255df94e7136a027fb3343176f004fc91457f95cd1   00000000000000000004005a0000000000000000000000000000000000000000
2001000000   a18d8bffb9370870d1ada155501c03120d247a0da31baa76ebc1a5c62a7d2b10   00000000000000000004005a0000000000000000000000000000000000000000
2002000000   286ab7c092197190c309766b9f9fffe897592ad74c785c567f7443872a7a3a17   00000000000000000004005a0000000000000000000000000000000000000000
2003000000   75d8fe73c67bdde9798a8a14d0bb6f8ad2367628a1613a0abcab79d2c63fe69d   00000000000000000004005a0000000000000000000000000000000000000000
2004000000   a8401e635efd8a84fd1f2fcba5601415469238c946924cbd86d7de74d9ab4345   00000000000000000004005a0000000000000000000000000000000000000000
2005000000   63a84fadaec350dfa4db2c95cb92ca6bbaa82e0b5f8faa0e76f369fbe1ba54fc   00000000000000000004005a0000000000000000000000000000000000000000
2006000000   7cea6b98b6f8941ce3831dc66263c587e6c1714e933d549d56047d9dfe5f3f71   00000000000000000004005a0000000000000000000000000000000000000000
2007000000   002d2a27931a4cf9b001be13698aba7732f9df13821727941e679edf0f1d4ad1   00000000000000000004005a0000000000000000000000000000000000000000
2008000000   ef420715a98e7b9a672bf3b80c019f25070d6f4292fbf7e12007602635613e3b   00000000000000000004005a0000000000000000000000000000000000000000
2009000000   3fa7111bd163c71717d6366956b45ad4b9c89b6b2e1b7bfcbbd9cc858a90c402   00000000000000000004005a0000000000000000000000000000000000000000
2010000000   2c81a53f56e1416cff1b5804dd0d141f471ed5533cd1c1ab83c1a86fa7b7995a   00000000000000000004005a0000000000000000000000000000000000000000
2011000000   28007d2ba92c8cc3c11df0d3bb23ca90bedda9c09f8915205ea8812ecaed28a5   00000000000000000004005a0000000000000000000000000000000000000000
2012000000   ae38e6778073aa00b6fc19830b0c8f8139441f97ac139f39d22c890501d0396d   00000000000000000004005a0000000000000000000000000000000000000000
2013000000   83a6225ba19cffb9041672d939fe024e9f8d06078f719fe22430c666a1af61f5   00000000000000000004005a0000000000000000000000000000000000000000
2014000000   f2b804fa57ac451f8f105e306e2b6d867b5912245e511965c44cd7b9ff2c6cfe   00000000000000000004005a0000000000000000000000000000000000000000
2015000000   2af0b2e6cdb593ed9f179fe8563caea2c654f6efdbfd82964157b7774dc2b2bd   00000000000000000004005a0000000000000000000000000000000000000000
2016000000   22635279b789c2cf823ceaab31f2a2fa77b9380a925932a8cbd82337e116bb18   00000000000000000004005a0000000000000000000000000000000000000000
2017000000   fe6588d811cc47401e3bb4db1223e510ff959a0d47c50c578ff164bf16b87cda   00000000000000000004005a0000000000000000000000000000000000000000
2018000000   69b2f3727b820b32992cc680d15d1fb10c4b137496f5927c7f8f7f2af1b2b391   00000000000000000004005a0000000000000000000000000000000000000000
2019000000   f64ee515260bcc95263000b989ac20cf1ba19f543a9e4789e3325a892bd028f9   00000000000000000004005a0000000000000000000000000000000000000000
2020000000   f47a2b1d9769946a128ef9428aa5eb12ab2c2c999f98c618e6133a1a75e6753e   00000000000000000004005a0000000000000000000000000000000000000000
2021000000   8a0d7ac246670f946f8c5d7a424ff14be3eff4030fb8ad6c4954778c33b32980   00000000000000000004005a0000000000000000000000000000000000000000
2022000000   fc2eb6eb2f474a55572be1216e0dd5d388e68aa3e0a7559151b29932ea8cc698   00000000000000000004005a0000000000000000000000000000000000000000
2023000000   8d225100256972dc6280d4436c0166844cac16107f6d8783ffd15af9fd2b411e   00000000000000000004005a0000000000000000000000000000000000000000
2024000000   98945feb0fa2bfc2cd171ae67187d7157d6d12ddd058145f2c469fb93a277f7c   00000000000000000004005a0000000000000000000000000000000000000000
2025000000   b4a4b042f8e86921029c47fb8b7a19a29cc26a6818f70136a35495ec4c699542   00000000000000000004005a0000000000000000000000000000000000000000
2026000000   16c7571077ebad050bb7494a9badfed3908949449c557158ad3275bcf885a077   00000000000000000004005a0000000000000000000000000000000000000000
2027000000   69a96b727c8722f5530c40ba26e5a588b9d0451c5018191860b272d1f0c76e9d   00000000000000000004005a0000000000000000000000000000000000000000
2028000000   d5fddae6cfe7dac5b3d9cb7c28d3e470636b50ae393c0afedc8e307f0a0b80f4   00000000000000000004005a0000000000000000000000000000000000000000
2029000000   5ca1c3adf8dc37822aa8f73febf8d2abaa2233cdf2f53d1b3304cf4adf8aecd0   00000000000000000004005a0000000000000000000000000000000000000000
2030000000   f63801ae845cebbd1a2604547c39fe7e2b10471b954a02bed9540af304d876be   00000000000000000004005a0000000000000000000000000000000000000000
2031000000   25889577b49ff0c42f8c78c0008a4d4669c2d37eeec413275b723760d9ed93de   00000000000000000004005a0000000000000000000000000000000000000000
2032000000   4d952632220e1a10d3684dfa78b6f27263f8bbb5a11a9e40d3467bec22851b13   00000000000000000004005a0000000000000000000000000000000000000000
2033000000   b3104f26403d42db9129b24dff7f157ba47ccd89c2a73faa8cae36bebaa9791e   00000000000000000004005a0000000000000000000000000000000000000000
2034000000   7f5bc764a5f2476292f8802fdff5753ae6c9e6b5b5404a666921ff031d974e4a   00000000000000000004005a0000000000000000000000000000000000000000
2035000000   f5b9ce07255235d49b3224c1cbc56161bc4752d0b39c19e8929ee40e56cfe08c   00000000000000000004005a0000000000000000000000000000000000000000
2036000000   def7edf096223800faa21bea700177cbe4c1986811019bec93e71170cfe2fc34   00000000000000000004005a0000000000000000000000000000000000000000
2037000000   3e55d146e53bccc48d964a3b59fccdafe8fed450fa5e2d7af784072b2227cc8d   00000000000000000004005a0000000000000000000000000000000000000000
2038000000   25de1fa35fff58fc9220bd77dbd260d16d2968cbb83debc0846e6af613f28c1a   00000000000000000004005a0000000000000000000000000000000000000000
2039000000   0bb6f7e726209696e444a7b4038583916b3e50674ddad89e100cb37e66045e0d   00000000000000000004005a0000000000000000000000000000000000000000
2040000000   d3e7a16086508c4bc911c963689d48b274f3aafbd8a27ed4834ec9c5f83fa5fc   00000000000000000004005a0000000000000000000000000000000000000000
2041000000   a8386f14d9966d3948140ee98c78b3a0ca80b90ab27e03e46cd0f3b1a5a24cb4   00000000000000000004005a0000000000000000000000000000000000000000
2042000000   35f9c90cbb08e6506b0c5c4b1d0519a8484a17031463d03516074ecc5d91b06b   00000000000000000004005a0000000000000000000000000000000000000000
2043000000   d9a275bba0dc05a48c9f38f82b34e579082d0c980f62d7e58061a4a14036d9dd   00000000000000000004005a0000000000000000000000000000000000000000
2044000000   603247f9e2b0c8fff0092759e80933e065fcbe98b9bce94c1bea25121b8ea4cc   00000000000000000004005a0000000000000000000000000000000000000000
2045000000   a68af129b0821cee9810222a3863b77c9a467e633948a0611bd13a750b840400   00000000000000000004005a0000000000000000000000000000000000000000
2046000000   8c8607f2631f9e656fb24e014b6e08cf583352e7f92f1965ba80ba3a1dd6f377   00000000000000000004005a0000000000000000000000000000000000000000
2047000000   b81c713187027e5821ec467a01daefcfc71372a39f96cb0ddc5c97fd9880193d   00000000000000000004005a0000000000000000000000000000000000000000
2048000000   f90a0683438e03ae8bfb3d4a7a495de8d485190e7821ee8c6dd98368de936472   00000000000000000004005a0000000000000000000000000000000000000000
2049000000   8cdf3b2606ca290326df19d844c442e1b69bbfbbb3ffebcf77ef7675a5ff72fe   00000000000000000004005a0000000000000000000000000000000000000000
2050000000   82c8d57fba5139286b337d44edc3441763736cc0a11f36d53e860319cec640ca   00000000000000000004005a0000000000000000000000000000000000000000
2051000000   97fc44dc8a196eb053f099228e990b9f21e12d92bb7b79ef2d89aedb8f8929f0   00000000000000000004005a0000000000000000000000000000000000000000
2052000000   846baef6226c70f1e4dff9720706115099cc73c03d646b533252f5c51d3f1e52   00000000000000000004005a0000000000000000000000000000000000000000
2053000000   d0c71f418911d47990bf9c7a57905a61b29a1fe8a23226efd8a7f9921262d768   00000000000000000004005a0000000000000000000000000000000000000000
2054000000   64fdbce8ddf0cc1f4f5c2d482b268d4c612d120b665786b8e114f61d2b511b97   00000000000000000004005a0000000000000000000000000000000000000000
2055000000   d51247ffdbe36e28f15e9129d081910216cc1f45eb67ca04815b52b2952b9a04   00000000000000000004005a0000000000000000000000000000000000000000
2056000000   5af85df9450f61c226881f5ec4ee9678cf166d9940563bc5a5ec6140c5b04cdd   00000000000000000004005a0000000000000000000000000000000000000000
2057000000   2546e0f55a8a9a49cc866bd3d9569c685b08841a4042f26b6e97c89f2b445e4f   00000000000000000004005a0000000000000000000000000000000000000000
2058000000   e5405f30f898809f2bba307adcedde9e5a02d398741f1c4d3d860487cd7eda79   00000000000000000004005a0000000000000000000000000000000000000000
2059000000   5d8dc0dd258c76a50e79de046ee654efcacf4ab720d5ba740a6326d822f4ac8c   00000000000000000004005a0000000000000000000000000000000000000000
2060000000   cebe2b1db5720526a1de49bff65f3389195403e975e9cd8642a8e007f2e2f245   00000000000000000004005a0000000000000000000000000000000000000000
2061000000   2dde22f387c73f8cad42760ff6c7973d5b2248763dd01da603cb9bdd628cb35f   00000000000000000004005a0000000000000000000000000000000000000000
2062000000   a4ac87f082e7b95867b99ebfd682c57278d2bf98a27a0027b75f8c6948b6ed47   00000000000000000004005a0000000000000000000000000000000000000000
2063000000   b44f2477cda5b7354f369da8c87871ac445593d18fd0b7171c6321b1efe23edb   00000000000000000004005a0000000000000000000000000000000000000000
2064000000   b556dc6983c9f75ed620efa7e9b50c9335a33c8e0608a2e6e17c6a527745f20c   00000000000000000004005a0000000000000000000000000000000000000000
2065000000   b0861f3531ae08fad9811a98dddeff7567dc99275b3026271836319761c8b51a   00000000000000000004005a0000000000000000000000000000000000000000
2066000000   12e1f76015f4e7c254f1656e360c3c3d7f55ce7732e67080388a2d563a5f59ce   00000000000000000004005a0000000000000000000000000000000000000000
2067000000   ea7dd672fce7f7802c98c1d10c79cbf1d2e26e5bca12ce72e22d680838900472   00000000000000000004005a0000000000000000000000000000000000000000
2068000000   5c1dda8845c65da779d2241ce736626df5b0f0fc02ef13f37442484ac2156073   00000000000000000004005a0000000000000000000000000000000000000000
2069000000   b8be3773d662306e7678dc194228a2d992983bf5e6e936ce17c025c6d1d20ba7   00000000000000000004005a0000000000000000000000000000000000000000
2070000000   c41e076ef633cc667c7502431c2a2156d7894b82534385c0fedd59a66b069995   00000000000000000004005a0000000000000000000000000000000000000000
2071000000   07c824fb1f462debdbb3f2d85906fdbdcfb95bba1cf0ed958625fdd8555fa356   00000000000000000004005a0000000000000000000000000000000000000000
2072000000   f5c9b189435399ac4789950c8fce3b1e4d1638610c82c74151bce3221bbcc519   00000000000000000004005a0000000000000000000000000000000000000000
2073000000   282d33943585feefe4de940c03c21fb9b0345d49fb512befd60a859b8b2d3b50   00000000000000000004005a0000000000000000000000000000000000000000
2074000000   b0a27b1fd4108f7033cb9c8fb516a21d6043974617461dfa03173195561a6e54   00000000000000000004005a0000000000000000000000000000000000000000
2075000000   bbf1f822b20b83e4e3dec8e50f7f5366c2e8041e8e8631e98c3db7de875feb64   00000000000000000004005a0000000000000000000000000000000000000000
2076000000   cc4530b87755069737ba095a0a027ecc8134ae633ba9044ba336b72b7a1eaa1a   00000000000000000004005a0000000000000000000000000000000000000000
2077000000   492bda429d5eaa79f0a90a814b18064083651a855e998c7a049246cad338eb41   00000000000000000004005a0000000000000000000000000000000000000000
2078000000   66b7c9293ac976ea9a9a0f460df864d436acb428b7b083b4f251b4f24952531c   00000000000000000004005a0000000000000000000000000000000000000000
2079000000   e84dc4966dedeada96797b1fa2bd0caad37d43e059a3136a3f00c72e1d137f4a   00000000000000000004005a0000000000000000000000000000000000000000
2080000000   efbe58c87e716969c53c88542a0f83e94e3ab42b37826c078655899105359f56   00000000000000000004005a0000000000000000000000000000000000000000
2081000000   4eebd0ab2ba258676db8c7a00eadc59a045c3290fdde7c05dcd8a7aac4fa492d   00000000000000000004005a0000000000000000000000000000000000000000
2082000000   389b2cd71db0b2c66c0dc74a46b2d226b278f92118e3bc506911851c3044e835   00000000000000000004005a0000000000000000000000000000000000000000
2083000000   4f16f30320271e64f8d530e649c5eebd78ae6183dc5c5fb701ce48a1514df599   00000000000000000004005a0000000000000000000000000000000000000000
2084000000   5660f67d555ce3bce883e8ff2e05cfffa863938ae3713e7b302422842be7f969   00000000000000000004005a0000000000000000000000000000000000000000
2085000000   17dc1c9340be85ffb2cf6e5f4c01e4a970cabba0c50b4f250f696ee87da911c6   00000000000000000004005a0000000000000000000000000000000000000000
2086000000   003bfbad0cd3660d7374223722a08424543ec43785bc9e8292068800dfc2515e   00000000000000000004005a0000000000000000000000000000000000000000
2087000000   319ec6dce08b5231a63d15ac7c9665070f5f8df4ea8153fa6889b5cdb2e15a34   00000000000000000004005a0000000000000000000000000000000000000000
2088000000   4611354f76913b9226cf53c797cc170a3e2a7d450ccca4cb99892aba68e0e4a9   00000000000000000004005a0000000000000000000000000000000000000000
2089000000   a7b1fc39fe5dd601eab20029a92de320ac7416482485e1c273ee2c5a207d67d9   00000000000000000004005a0000000000000000000000000000000000000000
2090000000   f88f2e6ebac1c2b87c9fb1e2a5ec86c0a28722c09851871bceea2a8a83d976ea   00000000000000000004005a0000000000000000000000000000000000000000
2091000000   192b1b56d81fe6d6ac3fed45dcd0d2707f3c88c2486c79b8427355fca5b378d1   00000000000000000004005a0000000000000000000000000000000000000000
2092000000   bb09725e34538ae16b1c9c07b97ccf20a06e52a00a695b5be9f959ff448c0ea0   00000000000000000004005a0000000000000000000000000000000000000000
2093000000   92143e2ed8c578b60a2ae1441a0e826f17656fef94f4d2437b53de500c2a29ce   00000000000000000004005a0000000000000000000000000000000000000000
2094000000   003cf11921885aff996690ced7ccb92046645f1a22380973ba4207941347a7b4   00000000000000000004005a0000000000000000000000000000000000000000
2095000000   6bdace35f3b336d4e1ef6fc69555d304ee25473abae77ba30a925cb105a90cab   00000000000000000004005a0000000000000000000000000000000000000000
2096000000   27334d0224f4a903c4c824d13896a451fdcd548942afc77cc18e7c8a53f828e5   00000000000000000004005a0000000000000000000000000000000000000000
2097000000   8d7b586997cb40789cae867e0b89618a7b50ca342c42688709ca4f40fc24e499   00000000000000000004005a0000000000000000000000000000000000000000
2098000000   66bbfde1985e6607fcfddb58e28db36470209690a929f99086540a020f396a05   00000000000000000004005a0000000000000000000000000000000000000000
2099000000   11c4e9952d3e4e112efded77cb2dd5a648a24c4a603757bbbad2ee35537b47d6   00000000000000000004005a0000000000000000000000000000000000000000
2100000000   1e751a7174904da2baaab5ef130dfcfe8b0370acd1e5bc52a500920ccedf3276   00000000000000000004005a0000000000000000000000000000000000000000
2101000000   589a073d4f53fa1bc32c9104baabadae4cb70f20bc25e2a79ab003896b2f8694   00000000000000000004005a0000000000000000000000000000000000000000
2102000000   e3bf17494b6f8ff4be7e7bc138b51587b95ca0e1dd3494d2700a32df2fe01340   00000000000000000004005a0000000000000000000000000000000000000000
2103000000   e06e0d13a14f200e63141c3ada64e96b6ddbdedcf9443342497df35a50e20b01   00000000000000000004005a0000000000000000000000000000000000000000
2104000000   86a788605132d55dd847de0082d8073f7a726eb65a449bce34e4fb8b3a48a272   00000000000000000004005a0000000000000000000000000000000000000000
2105000000   e9ed7e298eed96d135f3afbabbb6206aacb6e7687008eb8ce8af71ce71772806   00000000000000000004005a0000000000000000000000000000000000000000
2106000000   8ecc6124ce2e9fa72d55ae2c0acc7fb26a16c3718959b3a3ea5240b81a03d44b   00000000000000000004005a0000000000000000000000000000000000000000
2107000000   3fe3963198729c64f3110877c697bb5ab6ef48a0576e2312c255f09912ccd24b   00000000000000000004005a0000000000000000000000000000000000000000
2108000000   53e0d8f3282cc5a8ed21e09cf4bc89ac96b56503a7178056d5da8f1ffabeaf20   00000000000000000004005a0000000000000000000000000000000000000000
2109000000   b6b703860f502b5388b1fb123d9e252365688cf62160fb014f2b6d73f1537977   00000000000000000004005a0000000000000000000000000000000000000000
2110000000   36944b9689b2fd40b71d709f6b9077a2f6e5b1a8f1bebb809bc9f7d290ba0b96   