debugnonce_start:  1000000000
Mining block template, height 827458...
header:  b'\x00\x00\x00 \xf7\xa2\x89\x88\x01f\x153\x13\x82\x08\xab\x16LF\x8b\xb0\xc0\r\xf6l\xc9\x02\x00\x00\x00\x00\x00\x00\x00\x00\x00\xa1\xd5\x9d"\x93l[ \x02j\xf2\x1d\xf7\xaa\xc1\xa9\x04\x15\xe0^\x05\xd2Ym\x0f\xc2\xc7\xd6W\xd7\xcc\x94y\x91\xb3eZ\x00\x04\x17\x00\x00\x00\x00'
1000000000   931ac0c4c8a5e43698248c7e9cb72a02831756e7db01323b8dccdbb89512e583   00000000000000000004005a0000000000000000000000000000000000000000
1001000000   6c2f9e3336a32d486ebaeb6b2d576d4c3d31ed465b80c0d33030e12e91379502   00000000000000000004005a0000000000000000000000000000000000000000
1002000000   d0ff9710cdd00f7ae89a5d814679197ef6aa2d8f6cc2a7964e449cfe76e5a40a   00000000000000000004005a0000000000000000000000000000000000000000
1003000000   bbdec1facebd2ffee64a135677d4329c458ed7ed6d34cc9b6ed9af2d9b30cced   00000000000000000004005a0000000000000000000000000000000000000000
1004000000   3550719ea95ae7d8d566c62464e9372a827ca97e5418402953c7b09381506f3e   00000000000000000004005a0000000000000000000000000000000000000000
1005000000   68f03ebfaf0ced689cb0423759abba362ec087d7d47750aac69c60b5d6c22d93   00000000000000000004005a0000000000000000000000000000000000000000
1006000000   0bf43c7ff25cc13d6d716543b22d7314fbfd5f643f9cf8214945531b89579452   00000000000000000004005a0000000000000000000000000000000000000000
1007000000   54db52cac3843c21456b16cb700ab51de531e072375323567b330e3c86cc525e   00000000000000000004005a0000000000000000000000000000000000000000
1008000000   c462aa40230cafd1409b9ed5ec904c7cf06c1d317222886353a9e3e9179f7e4d   00000000000000000004005a0000000000000000000000000000000000000000
1009000000   9cfc1aa6c7652dbddf4fd718aab36eec8ae1690bff217208e70e07e256214cc5   00000000000000000004005a0000000000000000000000000000000000000000
1010000000   6b99898f37f28e18709f5384c051b9920e49ccf13bcfe78625d5b9c7cdb171a6   00000000000000000004005a0000000000000000000000000000000000000000
1011000000   638e5a3377bd2dbb76f38f0dc059731a0fab1bc591269388d173eba97e1a990f   00000000000000000004005a0000000000000000000000000000000000000000
1012000000   e02101ea414757a0192a0772a35edac6dad405f9bf4dcf4aac6cce3e0da8f37a   00000000000000000004005a0000000000000000000000000000000000000000
1013000000   9e278c34bc7344f94c4fce153fc254655ed25dad33f83b71c4825b2af862d0bc   00000000000000000004005a0000000000000000000000000000000000000000
1014000000   671697bc43c2ef44f54deb71a7791814af5a628cc7d95d7ae878e0ea64b72ea1   00000000000000000004005a0000000000000000000000000000000000000000
1015000000   0a1765671cfbcc18cf900ae4d47bc3c0ebdb388fc4972233ad95f93c98bd1e62   00000000000000000004005a0000000000000000000000000000000000000000
1016000000   d2867149b4069e5cd8d3e014d6ade9c1ac3989b627de873fe9e6803181d17b4e   00000000000000000004005a0000000000000000000000000000000000000000
1017000000   b75c3de187d3556b4f090b937fa6a33d11b9a28105fb1f00e1ec8d4ab85bbe8b   00000000000000000004005a0000000000000000000000000000000000000000
1018000000   7aea63ef9de62571c2adeafd42ed746339bcf850d2871d2d7afb2fc6869e2e4f   00000000000000000004005a0000000000000000000000000000000000000000
1019000000   066e68c83eaab80fe64cf2db1248edc5c0909c5d4d1622acb4d40a832d0f3d31   00000000000000000004005a0000000000000000000000000000000000000000
1020000000   7bad94b0c051f77f420dee29f55f1301d3eff0ba096ac213233c30f00a0f6dd8   00000000000000000004005a0000000000000000000000000000000000000000
1021000000   0d0317d18b5bdcd3d2a99282e320b07c0db53134c4e30f0e4dcad6e58b617802   00000000000000000004005a0000000000000000000000000000000000000000
1022000000   0bb74c4908e9ffcc70238ad810fdcc439d2c99cd42ed64c54f7e234e408cb1a2   00000000000000000004005a0000000000000000000000000000000000000000
1023000000   ed445dbeea8419fadbbec0227cf5653f866fad251ad01822ec8f3cb95d8e6241   00000000000000000004005a0000000000000000000000000000000000000000
1024000000   d9a7c54f63046c496f415cd0b0c158c67919c2bf9289cd26235e207fae191fc1   00000000000000000004005a0000000000000000000000000000000000000000
1025000000   1d91afb56a213b9cf17b954a38634476dc24605aed0603f86e13aaef244615bd   00000000000000000004005a0000000000000000000000000000000000000000
1026000000   32af8e3c29083f4de5b363e8f1b91dc701a4e16aed45aa9e1e2c8a7767a037c2   00000000000000000004005a0000000000000000000000000000000000000000
1027000000   e7db92682b0278400cdff8d8041aa9cc3a14eb95c215b5f6630d9ac067e0ade6   00000000000000000004005a0000000000000000000000000000000000000000
1028000000   7d80d5a1935cb287699be1af34f322479e3c7009adcf24f2661dfc16fd54af38   00000000000000000004005a0000000000000000000000000000000000000000
1029000000   fce6647568d6ad59224ef0fa397059313bc177be2c59841c8595c4e886aee0d9   00000000000000000004005a0000000000000000000000000000000000000000
1030000000   18ac953a62ef8d03d01bd87a50bf9f536316eff42441da091ba853fe6942e64e   00000000000000000004005a0000000000000000000000000000000000000000
1031000000   214cd803ef57d7e7ae9013476a5e7333d60f385c00142abbd10710bb3f47e971   00000000000000000004005a0000000000000000000000000000000000000000
1032000000   c93d13176081c142b4281b742ddbd78599e323cfe17a06a66dea6c6e4bbc73a4   00000000000000000004005a0000000000000000000000000000000000000000
1033000000   55ea8ea1a1cfeff605d92eee87626ed5958c1a110dc69ffc595804009849617c   00000000000000000004005a0000000000000000000000000000000000000000
1034000000   2551fe2188877c30bf28d9f0884782b4c038ccbd897358653d5a6c0016b4d6e6   00000000000000000004005a0000000000000000000000000000000000000000
1035000000   4bdc597fe34172952211e9c4d6b39b838882a07af163746649941346862591e9   00000000000000000004005a0000000000000000000000000000000000000000
1036000000   65058b471e2e281e8441fdb97337c0d678e421ae57d2e1ed4fb6049b765ab7ec   00000000000000000004005a0000000000000000000000000000000000000000
1037000000   c81b2d593ef40a0af423094b0189416cf5d726c6f4abe2a5172190ea31464e7f   00000000000000000004005a0000000000000000000000000000000000000000
1038000000   89cda2ec4e6e38cb7de14ab6a5356a0e3198d1fcce930fecb7db69e1087ecdad   00000000000000000004005a0000000000000000000000000000000000000000
1039000000   21d7085d72d3cb7419365a3476062c1dfb5f0d6e42e0276d9a96ff13f93c4771   00000000000000000004005a0000000000000000000000000000000000000000
1040000000   7468cec93fa8c1bf5c374ae24b518c08e206444aaf5d7052e1f8146e4f3e90df   00000000000000000004005a0000000000000000000000000000000000000000
1041000000   c8a2b54874fb8cd85b774da51a29e373830ce07bb7c3f8f91f5dd09c893adcbc   00000000000000000004005a0000000000000000000000000000000000000000
1042000000   24ef1f208200e472cea4b3b2c6594fd4e72bd0e42abd6984480d4ad2a5276321   00000000000000000004005a0000000000000000000000000000000000000000
1043000000   475b2e839053b51dc3bd28b802b88c7c4a6b50389b3963bd9a22abc26cd4f328   00000000000000000004005a0000000000000000000000000000000000000000
1044000000   12e1519d4bae6d0d21725d260402b2f170d494c628a86c3986558aab92d64d14   00000000000000000004005a0000000000000000000000000000000000000000
1045000000   71683b28b1f6ef58396967981020eaca32e919fe88a76113a9f1236a2cfd9905   00000000000000000004005a0000000000000000000000000000000000000000
1046000000   cf82581cbee4d22913890b3d3dcc7606664263c1294d64b3a666d1690630eea1   00000000000000000004005a0000000000000000000000000000000000000000
1047000000   f0bb9cc87b7ba7e9ce9601f3869b0df668bd225afd06443e99ae1c7622d3fe61   00000000000000000004005a0000000000000000000000000000000000000000
1048000000   ad45ede97830a245891de25da9294b1138a341dceca35e2c2319f7e46605a9ea   00000000000000000004005a0000000000000000000000000000000000000000
1049000000   5a9c9128e4f7f06e775f15ae24426acb253fd1d1b79e03c32e8dfdfa9fbf759b   00000000000000000004005a0000000000000000000000000000000000000000
1050000000   da4b3f403c98d290cd35733855b7e7d35dcee789411ed68d43d823b5cff426f4   00000000000000000004005a0000000000000000000000000000000000000000
1051000000   f5524171a37ba32f9fbf0d05715e187667e4b052d737be2ae3f99676cc405048   00000000000000000004005a0000000000000000000000000000000000000000
1052000000   f95ee8b3933b9d03c551daa1811e8f677222e58a134dad9ab7bd9b2e5dfa4f64   00000000000000000004005a0000000000000000000000000000000000000000
1053000000   27294156040af96b586ca8f6635dfdf77681f0846f0b8d005150c13a10c6de9d   00000000000000000004005a0000000000000000000000000000000000000000
1054000000   28c9fb595dfab063f51856cb177def014006646132a9a24d765fea0fefc399c4   00000000000000000004005a0000000000000000000000000000000000000000
1055000000   5cc50c679c1eb99f3dd6ca36da589d7f244ce3f3380f43d81188d067f274a0ab   00000000000000000004005a0000000000000000000000000000000000000000
1056000000   28b93bbe165d1bd2fb800b0e5472548045b7fdb987f31309103c3cfd8312758e   00000000000000000004005a0000000000000000000000000000000000000000
1057000000   a664906ee541a7735d381fb03825e5fe90a6cb1acc6598a165a75f0428138b48   00000000000000000004005a0000000000000000000000000000000000000000
1058000000   1ee6d9b8943e06f286ab28e6a50c3f7e3cbf509f92ea10575407d629a5a651e2   00000000000000000004005a0000000000000000000000000000000000000000
1059000000   84d38556de4822b967f67b05961715b129042037eb40588a6b27d0a4eb2e4310   00000000000000000004005a0000000000000000000000000000000000000000
1060000000   fbb6d4459e97554ad040b62cba1536e2bcc772552dbef56ce831223430688ff7   00000000000000000004005a0000000000000000000000000000000000000000
1061000000   9a5e463004df6df69eac9f84a88c781ad3e97837a7316411f2e843d47ba7ce1f   00000000000000000004005a0000000000000000000000000000000000000000
1062000000   c7d6199c97ce3637dea5dffd2969fbbab23cce3cd427509edb0701b63a9bdcc7   00000000000000000004005a0000000000000000000000000000000000000000
1063000000   e543a6c42df64c63cbba26f564a507728622ecd52ae8f6f7d0e5f844ddb208df   00000000000000000004005a0000000000000000000000000000000000000000
1064000000   c8ac03aeb8c62e4c35ff99b9f0aaad184514ddcc2b8485e639913577ae29510f   00000000000000000004005a0000000000000000000000000000000000000000
1065000000   2785f87242ff275de649565db53fe43a3ab6efbe627e0212b361c9d37e2c9180   00000000000000000004005a0000000000000000000000000000000000000000
1066000000   59d68011dea0f5ffe75f9d3fbd1dfc70926a066bad492b4d1fe285c55813506b   00000000000000000004005a0000000000000000000000000000000000000000
1067000000   fd89374c20908c967eeaf3496d01440ac33c415cb1a256da35f1bf808314ece4   00000000000000000004005a0000000000000000000000000000000000000000
1068000000   48c3d97a13284855c0c9e9c9de12b3c04bbfac882abecd7fa77e962cc004eba4   00000000000000000004005a0000000000000000000000000000000000000000
1069000000   ef345314030663640864baafbc5e957d2f5e6f527159526527e03a54e69e5f30   00000000000000000004005a0000000000000000000000000000000000000000
1070000000   90d2fec9ce1935ff55aa301f4122d742f90061a1fedcd9504deaed5dbcf51659   00000000000000000004005a0000000000000000000000000000000000000000
1071000000   da7a1593b5d7067c8c085ca6083044322b3c0db707afa00a763123e7a61d5718   00000000000000000004005a0000000000000000000000000000000000000000
1072000000   44da5fe96d0de7418487350fd3c90fb3bfb7967383ba3396846d9c3607ea4a51   00000000000000000004005a0000000000000000000000000000000000000000
1073000000   b2ecbcf0c524cbb6a0337b522b08947371c117fd697769dae5e06a55d7897f46   00000000000000000004005a0000000000000000000000000000000000000000
1074000000   1f943b65c101bc3a9a494e018dde915e2e7d674ef27f3ac224aac4c6a26a9c37   00000000000000000004005a0000000000000000000000000000000000000000
1075000000   2d594e240b5c1a8edaf61fe557868f0875093269030e13c3dcb75950e85756fd   00000000000000000004005a0000000000000000000000000000000000000000
1076000000   b39475273dd3d924d6acf18b28f6e972549184ecd1b50dab47e901c1bd9f385b   00000000000000000004005a0000000000000000000000000000000000000000
1077000000   c654e83dfc0caac0594eef2fbdbd6d8f88d4e88f2970d6ec5ca1b4c538a13397   00000000000000000004005a0000000000000000000000000000000000000000
1078000000   13c2b491f9f8f2cb4b183d3d1e80f54de0cf23eeba35913a212caafe1f2bff87   00000000000000000004005a0000000000000000000000000000000000000000
1079000000   e61793cdc330309e0fb4879f94ab96be8105623d94b44d9ec5ae0d470bd7983f   00000000000000000004005a0000000000000000000000000000000000000000
1080000000   9ce7249c04e34c800ddb867e129882b43bd10f72c41d608b509e79608a7a76d7   00000000000000000004005a0000000000000000000000000000000000000000
1081000000   d59482ba9182ba99a084fff2937f2f81d72e983091a54d4798a8db48c7860646   00000000000000000004005a0000000000000000000000000000000000000000
1082000000   d33ea95c3a10d4c8772d54bbea06632eb2354c848a3729bd1b24fa569e71909b   00000000000000000004005a0000000000000000000000000000000000000000
1083000000   c6245eef3acb7208f316fb735c22d1782644a8ff722b9075286919992fef3ade   00000000000000000004005a0000000000000000000000000000000000000000
1084000000   1bdc87d86826ef08028c7c90c5c30935c1a4635a0c7c48cc175a9e565d78c620   00000000000000000004005a0000000000000000000000000000000000000000
1085000000   b7b6c0012d8e58caeb546be1c1adc656e8e0143e5083b16316b99d7c1bdcf4ff   00000000000000000004005a0000000000000000000000000000000000000000
1086000000   5ed85532d44e0b62197da5709258bf55c155d589d6bade408bd22a269457fbb0   00000000000000000004005a0000000000000000000000000000000000000000
1087000000   a921d986d956a264a85c91dfa7026a8cc0adb220676070ea01cadb2ee836e0b5   00000000000000000004005a0000000000000000000000000000000000000000
1088000000   779f66f0f58bf2b794832a41f8260290cb605968e34cdee51d4453f704a6cbc8   00000000000000000004005a0000000000000000000000000000000000000000
1089000000   0eb4c18feb9e91f9e2e020b0be3eaf6de369ff77f4125f4b242ccb83a43de991   00000000000000000004005a0000000000000000000000000000000000000000
1090000000   4128a08cc774f433b3dc4f4af42815c666f53426c4393f7a7c4c9954b51767fc   00000000000000000004005a0000000000000000000000000000000000000000
1091000000   ec5d9cc1fb5ee5367870d36d8cbbb7833e03159c1cb26d916f6ac2688e6cbea3   00000000000000000004005a0000000000000000000000000000000000000000
1092000000   c9754dcbc36ebb0a416ea019f96918d5cbb118289dabb8bc2303156c26d47b01   00000000000000000004005a0000000000000000000000000000000000000000
1093000000   e73ddb368d64e535b921e14c087bce306ae696dbf5d5adfc61a46ebf5b3df040   00000000000000000004005a0000000000000000000000000000000000000000
1094000000   b9e87b30ffc8612e2a2e959ca850a4572805ed809042054335ce36e9bb31d27e   00000000000000000004005a0000000000000000000000000000000000000000
1095000000   768a5c8ea3b1070529ab4103b9ecbe424acedce176ce5d2770a435a10ce5761d   00000000000000000004005a0000000000000000000000000000000000000000
1096000000   15d530bcc5167eba789bfb63021cf2b2342fcd0c3a1ebf9d5a428e04178a439c   00000000000000000004005a0000000000000000000000000000000000000000
1097000000   61aa2810a32668a708ce2744ca625842b98bb91b3a8c48ec33d62ba7e8a35477   00000000000000000004005a0000000000000000000000000000000000000000
1098000000   ca9998c89487aec90942057a18220782a6fa56f34b7ef916dc90efef964c3609   00000000000000000004005a0000000000000000000000000000000000000000
1099000000   6d10acf90402c1f22ff50db5860896ca3d4280fed75cf9bcfcd88a1bbc751944   00000000000000000004005a0000000000000000000000000000000000000000
1100000000   07af42439f1bdf740c7b37d61121c3b981f289f309081229e6c4683cbae23ed7   00000000000000000004005a0000000000000000000000000000000000000000
1101000000   069ad08ee90882d575bc5f12b75911ea7bc7e64119af9abb2f9d96b88aca3321   00000000000000000004005a0000000000000000000000000000000000000000
1102000000   806d004eb3cb2f2c4f1d77a244708796b9c3960ee140d1c257ae4766c7e1e86b   00000000000000000004005a0000000000000000000000000000000000000000
1103000000   06d7523b05bf5b4dd9d64c686e6f0bef45e56f4d9bf01d49a6b35cd36f1af1d6   00000000000000000004005a0000000000000000000000000000000000000000
1104000000   6d10099290c2ca9a4d96231fa674975ab23d68e64567cbd59974d6fbe6671ca6   00000000000000000004005a0000000000000000000000000000000000000000
1105000000   8e68060d852489ab4dad34878ea9e13f719f2bcaffa0a007d7aa8af8a9fe8b0a   00000000000000000004005a0000000000000000000000000000000000000000
1106000000   df2a3973ac8b3489f7b3781e8ac880472987911e48aac4c4212f93c0f5235072   00000000000000000004005a0000000000000000000000000000000000000000
1107000000   a5b517bd46b592066769142390a0f5055b55242069e33d601bc069c02c2c2577   00000000000000000004005a0000000000000000000000000000000000000000
1108000000   3cb1d267587db8a860461cdf4c20f97e33706f95de7d481d7bf3c1f8377d7e45   00000000000000000004005a0000000000000000000000000000000000000000
1109000000   cb507ddfbb2fe4f3fc8b4ff0b6a3e082a7a3d380f1bd112daabc68146ae6dabd   00000000000000000004005a0000000000000000000000000000000000000000
1110000000   0de8a1320705fcc46917e5a0a2cec21946226443b087a7cb18379c36f3ecf2f5   