debugnonce_start:  0
Mining block template, height 827636...
header:  b'\x00\x00\x00 06\xe7\x83&d\xbd\xbaj\xc0\xd5I.\x00;\xdb\xd4\x1dp@\xafd\x01\x00\x00\x00\x00\x00\x00\x00\x00\x00\x96\n\x1d\x13\xe5Ok\x08\xf56\xce.\xd7f\x07s\x1f\xb1\x818u\x18\r\xaf\xab\xeenq\xcbMC\xb4\x05\x11\xb5eZ\x00\x04\x17\x00\x00\x00\x00'
0   852017c3310a872e5989392197f72313ed638d48b8f0624bda0038225fd06a18   00000000000000000004005a0000000000000000000000000000000000000000
1000000   34ec6c8a44e1675044cc6eb3bff505c1f86270032e07ce29480bd8ddf484840c   00000000000000000004005a0000000000000000000000000000000000000000
2000000   7d90dce28ba974ea584871eda2e6bb72450123e43cb12035f26330eedc5998a4   00000000000000000004005a0000000000000000000000000000000000000000
3000000   d4555c7497b7248bb46b0e6922ad4785e0e53cd2a08d6c35050307b475bcf1e8   00000000000000000004005a0000000000000000000000000000000000000000
4000000   d4e89b7f95193ae9ef82f4e5bee93f80b6ccfcecd5851fe8a3775c2a8f9310d4   00000000000000000004005a0000000000000000000000000000000000000000
5000000   e3a9530b60750e948095f1ea746f6c523d5a427a847144a62bebef14fe5b7345   00000000000000000004005a0000000000000000000000000000000000000000
6000000   c735c156fee0fe6cd1df910143c0c695fcbbea8ef782e8c38fe308aa10f30ae6   00000000000000000004005a0000000000000000000000000000000000000000
7000000   17e40d989ec6bf1e110f08003208b0978c4d6dfa5fcf70ab02b76aca9d1ca6c8   00000000000000000004005a0000000000000000000000000000000000000000
8000000   ec35ec3b7947bf2f5398957068711905878d97fb24ac5c0034fcdacb1a897fc6   00000000000000000004005a0000000000000000000000000000000000000000
9000000   317034e00ce3f465931561041189e14b54a2126165f742a7a66b0b42c1e449ca   00000000000000000004005a0000000000000000000000000000000000000000
10000000   6c3b5759f99d1518b5c391322b59b2560d3182be8e7dd78a84546ebfb1b559eb   00000000000000000004005a0000000000000000000000000000000000000000
11000000   4f91276132d937277751eae365e995e291a9e18d8fcec0ce3b86e5664a5e7572   00000000000000000004005a0000000000000000000000000000000000000000
12000000   f581fc212d8b2d8e6959eefdebcc2ebf258087eb7d0a7aa71252e2cd360b14c5   00000000000000000004005a0000000000000000000000000000000000000000
13000000   f08708db66889cc900c6000de70c59a76bc54f032f69999c271a0421068d7df1   00000000000000000004005a0000000000000000000000000000000000000000
14000000   627f6d7b272d03dcd26c8b30df313ef064d61977e681aca72a8a27915c1e8da0   00000000000000000004005a0000000000000000000000000000000000000000
15000000   bf335dcb68e85c0b6aabc96bc0eed4246e36d9aae033d5790fbb3af23e470b53   00000000000000000004005a0000000000000000000000000000000000000000
16000000   94fbb8b8394459e56756394a67e2063a2bf56618bc02882d96419ee2618b5c73   00000000000000000004005a0000000000000000000000000000000000000000
17000000   d97a8ffa9a420913ff625f4d036895fed90676dceba26c7a60e697080eb876f1   00000000000000000004005a0000000000000000000000000000000000000000
18000000   674009e41356068d63c6141d99534e9985aeedf82ebb7c168a60b8095b4999d7   00000000000000000004005a0000000000000000000000000000000000000000
19000000   588863e3f392b46b5021d7cdb986a2a0b437d157610868cbb39762358dd7dc1b   00000000000000000004005a0000000000000000000000000000000000000000
20000000   ed7e19ac0469db81447e8ae0f70b8bf10ab07ecfa79cb92ee6c4e8b1e0cdf631   00000000000000000004005a0000000000000000000000000000000000000000
21000000   f4d2ec2acc5bc7e1f5f5fca75ef0b8dd43baf6ce03b015e08cabf96185133c9e   00000000000000000004005a0000000000000000000000000000000000000000
22000000   52632d7024262c1389bedd6234b633f9a50ee527b5e36ce419fdb2601bf985af   00000000000000000004005a0000000000000000000000000000000000000000
23000000   f3c189df65075ffa6856ef747acfa4ec339c4e25b3a078fa0907e8648f26621f   00000000000000000004005a0000000000000000000000000000000000000000
24000000   c8d06b72cea446afc156d9c35e81fbfc0cd805fbf08b7b29c4229ab13c55acbe   00000000000000000004005a0000000000000000000000000000000000000000
25000000   1f342fa81fb0479e78fcbd0507e8eb2481465d83243ac77a059c99d59cc8d2c1   00000000000000000004005a0000000000000000000000000000000000000000
26000000   e7dcc326bfb37db4091f1eb47f95d59fc828d6e904e7e9363c1897806eeb3d9f   00000000000000000004005a0000000000000000000000000000000000000000
27000000   7b2d0a097e0b4a5b98ceedfd894732288aa84f67bb4020ebaa511151d495aae5   00000000000000000004005a0000000000000000000000000000000000000000
28000000   7ac87e0fd3448666af4274b32052dd9c602c64c25da482cc867663dd557e8695   00000000000000000004005a0000000000000000000000000000000000000000
29000000   fa9fc2e09e82f47eba1da13315bac651a7964f4e82b1e5cdfb1c441359b3322d   00000000000000000004005a0000000000000000000000000000000000000000
30000000   bc338d1ce6beadcb67c2333326694f7a7fbfa3bc794a94bed6188292e579c78f   00000000000000000004005a0000000000000000000000000000000000000000
31000000   59f22e95a09b23b9cde98ac1f7f16cc0222a35a9ee2b3d56ca166850eaafbb17   00000000000000000004005a0000000000000000000000000000000000000000
32000000   28679776fd29c60795820ddd03ae515f77c71cffb22269fed99edb9445c357e5   00000000000000000004005a0000000000000000000000000000000000000000
33000000   257156463234bc979862f0c9eed2afc13f545ab1edd252ecf13a835cff252fb5   00000000000000000004005a0000000000000000000000000000000000000000
34000000   65b78567cb55f216b70d36ef696eecd925669baeeb5e0958c6d6c26af54ff7bf   00000000000000000004005a0000000000000000000000000000000000000000
35000000   af1ae29814eef28dc956bbb02f7822a4c11458603eb6a2fa37ba230c72081fc2   00000000000000000004005a0000000000000000000000000000000000000000
36000000   1d518c6c6c74d5f0bee40013986997eaef9604bc4c679d0b0f271e555cddd372   00000000000000000004005a0000000000000000000000000000000000000000
37000000   0c4e6ecd3077fe468877802464523994112848776162a55c97f34aa103c85375   00000000000000000004005a0000000000000000000000000000000000000000
38000000   5cfe5a89b5b77df96b89a331e15dc4b180b3d1cee3dc4a6c09be44d73062762c   00000000000000000004005a0000000000000000000000000000000000000000
39000000   fb832b6e315f35becf437504549ad6ed12d368954bcf5572951f507ca196b555   00000000000000000004005a0000000000000000000000000000000000000000
40000000   dc850bb86ce1b021dd690d654ccbcf3f9e1d168807fb2d8eecd1292c540fbf32   00000000000000000004005a0000000000000000000000000000000000000000
41000000   76cd93de8a471510ac5a4cd72a64bf32bb6814b7e92db6c1852594ff89d9572e   00000000000000000004005a0000000000000000000000000000000000000000
42000000   e8f1077a232916a030f0de775a23c479ba8175b45bc41aa1cdc0f779d6135c0f   00000000000000000004005a0000000000000000000000000000000000000000
43000000   35a889d02470f4ad21a98bfcb9f87391aa109b1e90831d21026d69bc6b8a635c   00000000000000000004005a0000000000000000000000000000000000000000
44000000   1aa93b24ad279c46df6dfa24053268951279a5a8f23be534ea0bee6e31cd4ed4   00000000000000000004005a0000000000000000000000000000000000000000
45000000   f732b6439deadae9d19da362171beea52b033641f2b461e01d03a9259d8b77bd   00000000000000000004005a0000000000000000000000000000000000000000
46000000   7b64076e6d8938e1ece141e05dc00b0fbe5c0a7d2659a4ef3f59bdb77720b8e1   00000000000000000004005a0000000000000000000000000000000000000000
47000000   57269ae820bce890a0d49140498d89e38af92dc10253fe4fd6289f8f4a8eb7c6   00000000000000000004005a0000000000000000000000000000000000000000
48000000   14da2bd18d14596ea1262738afc480eb06d0d88ad0d61ed7dea03cc56c647f87   00000000000000000004005a0000000000000000000000000000000000000000
49000000   57097dc8eca9e48271df256914220c7a09cef3209db07916b2f9e4d58a2a6f7f   00000000000000000004005a0000000000000000000000000000000000000000
50000000   3ed9a2bc4938dbefba9f5a28958acf0662b4594d895c4c10397b10f63c41ea31   00000000000000000004005a0000000000000000000000000000000000000000
51000000   d72b1a368691742a7573f8c22f7a6d1a48a941de9923910c423b58ddb90ccd94   00000000000000000004005a0000000000000000000000000000000000000000
52000000   82a2b40435757a39ff0a92b18e06257d5888cc99dca7ec82f145d4ccaf343b0d   00000000000000000004005a0000000000000000000000000000000000000000
53000000   1e0f183594109e30242393d26fb6a5019e7f596d42c505307346ba5f2cd860a6   00000000000000000004005a0000000000000000000000000000000000000000
54000000   eb8d4ecdac8d919676e767cb13f8b10a49f9181a405aba58f076c8e94d71db32   00000000000000000004005a0000000000000000000000000000000000000000
55000000   