debugnonce_start:  2000000000
Mining block template, height 827458...
header:  b'\x00\x00\x00 \xf7\xa2\x89\x88\x01f\x153\x13\x82\x08\xab\x16LF\x8b\xb0\xc0\r\xf6l\xc9\x02\x00\x00\x00\x00\x00\x00\x00\x00\x00\xcbNAH\xf7\xda\xff`\xfc\xb9\xb7\xc5kY\n\x94T\x0e|\x03\x81\xb6\x16\xdc\x11A\x83Z\xeel$oy\x91\xb3eZ\x00\x04\x17\x00\x00\x00\x00'
2000000000   cdd86ee3ec56bbe42d6e9ada7bc5a52e0d2aa556277d5d831b4359faf50b4861   00000000000000000004005a0000000000000000000000000000000000000000
2001000000   ad13690f56352f5e4d0717d0ae7e284b56cb82b8020416adf744918a95991f99   00000000000000000004005a0000000000000000000000000000000000000000
2002000000   0e3d6cbfcc4d58a20f91a4d560bd37ba3847160e419d1c3f6f22c56001a7fe09   00000000000000000004005a0000000000000000000000000000000000000000
2003000000   05175b0d3ef2a251793aed9887711634aed0460054afd15ab0f06ee717ef5418   00000000000000000004005a0000000000000000000000000000000000000000
2004000000   be5e174f13de028018ace326d9369bdaceeff9540e2a432ca03e80f10feee244   00000000000000000004005a0000000000000000000000000000000000000000
2005000000   08eb9a3a6bd769c4806dab0df39ae9a6dfe5580f55f1f829cb283bd9e879e33c   00000000000000000004005a0000000000000000000000000000000000000000
2006000000   0572d2d9d27e712cb887a0169ff0cd41136dfc38849d17332b8530076c346d1d   00000000000000000004005a0000000000000000000000000000000000000000
2007000000   25f98f9903d256ecfa095091c66bd7e5ce2538bb8f76a274754e4776b30c4351   00000000000000000004005a0000000000000000000000000000000000000000
2008000000   9965cdf70208317b52fbf914fafa34892b132011865d6303a479cb43e9a107cf   00000000000000000004005a0000000000000000000000000000000000000000
2009000000   d7197c223daa95dd0022540da08f889aaeda44fca7faf6cbf2b1e34b248f1234   00000000000000000004005a0000000000000000000000000000000000000000
2010000000   7f9500acaa5c56a315a02bdc59c46866982f7d8f66be0a346198c1c443d9f16a   00000000000000000004005a0000000000000000000000000000000000000000
2011000000   1461d503878617cf07bb89933f043a8afa6df16a9748f9d4e15d3dca41f4a65c   00000000000000000004005a0000000000000000000000000000000000000000
2012000000   98f39018144a960029df969f659c218d9d20704af1215f36f3c89d936541f880   00000000000000000004005a0000000000000000000000000000000000000000
2013000000   79f394c52dfbc8a0ca21b79ee2fb560e262c6ad57fa71a687e844eeaa3b7aac9   00000000000000000004005a0000000000000000000000000000000000000000
2014000000   0daa38cb6645118503870527d818854c33698ae57fc98c971aa44b0ca7eeeb6f   00000000000000000004005a0000000000000000000000000000000000000000
2015000000   d73dbd4e128bb73f11255529e0746cecef9682e289d5db6d5c61db1abb874dea   00000000000000000004005a0000000000000000000000000000000000000000
2016000000   79ffab04e7d611039cea72ca343e114f6e68eed06adbe4f49fec8279eb75080a   00000000000000000004005a0000000000000000000000000000000000000000
2017000000   3421003d565d27a516a93fa92e551c789175e3f81b3bfcefbc3c7cbc544b47f6   00000000000000000004005a0000000000000000000000000000000000000000
2018000000   bee59fd54a021aa0835f2639f86f74330abf2560820b8c78e75fe49fa8a71da1   00000000000000000004005a0000000000000000000000000000000000000000
2019000000   191dcb3e992238be2e6e8515a32e9cfa666e3b4b5faf2812da644a220923c976   00000000000000000004005a0000000000000000000000000000000000000000
2020000000   af9802888ac41fc1381c09207b04bf164a3ef9a5ea41499beabbb3f2418fddc7   00000000000000000004005a0000000000000000000000000000000000000000
2021000000   88c020ad29885dbe1ab9861ef0ce1a8889b082e5fefb2c1c0a77e833d50cb52c   00000000000000000004005a0000000000000000000000000000000000000000
2022000000   7b91630ffafc3924452b213c7e1f89f5d0d5eb60cb93b2f7933ff6d7633e9aca   00000000000000000004005a0000000000000000000000000000000000000000
2023000000   13964c9188ece2878d979b8c6b362bd8ecaec3064fc08eeaaf530c2f6a19e100   00000000000000000004005a0000000000000000000000000000000000000000
2024000000   d0cddd672c9235bbac57beb1d7ddd4dbf16410f008dbeb6427a60d0c4ec231de   00000000000000000004005a0000000000000000000000000000000000000000
2025000000   c41be91adbdb78bdcb0f7095c85460254e2a0c209f3734113c33ff7aa0e50007   00000000000000000004005a0000000000000000000000000000000000000000
2026000000   8878044a14cb32ca6d30d23818c2ce881dc80fa8612a4600f9203920fe87e678   00000000000000000004005a0000000000000000000000000000000000000000
2027000000   5e2b1e5267b7820ae0b99e0a785216d0ee4cf0944865864e6f3bc5b80987d6c0   00000000000000000004005a0000000000000000000000000000000000000000
2028000000   a02266c2268fa043bbc7743e08cf28b895dd7b0ddf760bd8a3b5429ff20d2a9f   00000000000000000004005a0000000000000000000000000000000000000000
2029000000   7ff9636d6f2d9a362426fc9c0f4aa27045877c767437cc03ce9f775aec32f9d4   00000000000000000004005a0000000000000000000000000000000000000000
2030000000   9ac27516e347890e6f9b90b907d3dacfb89a9146b094e1a4ca20a62bd596897c   00000000000000000004005a0000000000000000000000000000000000000000
2031000000   89ea0359ca3c5a01924ba395abcb940fbf4418d627abbffa12771de6abaaac41   00000000000000000004005a0000000000000000000000000000000000000000
2032000000   6bcdc596f55f0c32c2bc9b68751bcb0aedf5be1f71e9338606cdf843ff9f6512   00000000000000000004005a0000000000000000000000000000000000000000
2033000000   2671334356295b1f39b7ef6aae84465f35a87c4215ea79c7fb6fb95a05c38eb4   00000000000000000004005a0000000000000000000000000000000000000000
2034000000   37f9f76e222ca89221cbb294a56b8410f0e216831c48bbdcc1ef245326bdeee2   00000000000000000004005a0000000000000000000000000000000000000000
2035000000   45325a187d868ebab3f24dcb86e7f4318ca903b56287de47a70fac9d376d1c0b   00000000000000000004005a0000000000000000000000000000000000000000
2036000000   d495665e3d5e5373c3f736001c110823067f50179e092889fee78eea8016ee76   00000000000000000004005a0000000000000000000000000000000000000000
2037000000   3c59587f3cc169a5940962caa2b1464140d1d271c7745cdbf86ca91af30bbc79   00000000000000000004005a0000000000000000000000000000000000000000
2038000000   69e65f8284d6063f580e66102dd0ddb6c4e8b02a764065e15726e55c0d11360b   00000000000000000004005a0000000000000000000000000000000000000000
2039000000   c28036ea1958197f4196ae164b3663def531743f3c288f00f9df864a948c28f3   00000000000000000004005a0000000000000000000000000000000000000000
2040000000   2244c977fe0c440d4811063cece1979a654985ef8ba490b32109b234af24f9d2   00000000000000000004005a0000000000000000000000000000000000000000
2041000000   aa11cd170bd4fc58a86a89041325471712db9b881e170c118c8a38acd6972b69   00000000000000000004005a0000000000000000000000000000000000000000
2042000000   7ed32aa144fee65b3cafa092cd18283f1dc624691933524ce4cd0d700504cbae   00000000000000000004005a0000000000000000000000000000000000000000
2043000000   5a99d57f62b969e66469dde68798a124b3d50709d56cecb7e4a82c8efe9a1424   00000000000000000004005a0000000000000000000000000000000000000000
2044000000   5e308ff9b8a544fdaae12659fa831ee38ee008f871d00e78e046e567539b1ef9   00000000000000000004005a0000000000000000000000000000000000000000
2045000000   a1de4e257b62764afd6a76d33bc121c23b69a4ec703ca83e37839892280e0771   00000000000000000004005a0000000000000000000000000000000000000000
2046000000   8a40fa10c5a9a62d1040f489f839ae1740182240d5843321a31a236438e5ee0e   00000000000000000004005a0000000000000000000000000000000000000000
2047000000   d784a4ee6785caa460e6c027a49923143cbacc0cc110d35e531906cb70d7f95e   00000000000000000004005a0000000000000000000000000000000000000000
2048000000   164d731ff9ed4f05f5dfd80b8952f940c185677299e662c41c0a2c180daaffa5   00000000000000000004005a0000000000000000000000000000000000000000
2049000000   29df0649e44975f1591c205e9fc24fa32e2f25a0fc3b4541cb16ce3ad5d37de9   00000000000000000004005a0000000000000000000000000000000000000000
2050000000   8bef128b478c9224d2a3ea2430083e48f3dd9174790e873cbfb4ffff4e5734c4   00000000000000000004005a0000000000000000000000000000000000000000
2051000000   487bb8b4ea881654cd037119e409609ce179261d87947342371233268834b29e   00000000000000000004005a0000000000000000000000000000000000000000
2052000000   835c271a12bae5326957a02d8e24b0899def13a7203de3e667f5d6e09f38b73b   00000000000000000004005a0000000000000000000000000000000000000000
2053000000   d5f3686ccf527ab92d77804f5fe2f4d29c8bd8518a11ce2c0534a1323228518d   00000000000000000004005a0000000000000000000000000000000000000000
2054000000   b27bd3bece57b1fb7452d980e00c48799a16e03ebb6df002e4c67ff86be9b910   00000000000000000004005a0000000000000000000000000000000000000000
2055000000   9825a3465c6c1e2fffd2e694a2ca0cb429aa485eb7a96952033ca2c4cd2922d2   00000000000000000004005a0000000000000000000000000000000000000000
2056000000   8289ca2c5b4198fb7e81612242abef697db43bfae03b151b55c4bb9a6b0ca21b   00000000000000000004005a0000000000000000000000000000000000000000
2057000000   2d3aee1d50b5d83c333e8f65a69f2f31289cade3052b1cf1e15ee2f879c1375e   00000000000000000004005a0000000000000000000000000000000000000000
2058000000   e38b7aaa6ade00b42bbe9f109f2bcfa6d4aa06058997e31f6bd884421c96bb7f   00000000000000000004005a0000000000000000000000000000000000000000
2059000000   a373ef2578cbb70a3dc2fb038cd02e14355b2851f80974376de67e2cda839574   00000000000000000004005a0000000000000000000000000000000000000000
2060000000   4e547953e5a88c9a3d575facb0e352ff92c2e8c45511e649b77e72ac2157cd54   00000000000000000004005a0000000000000000000000000000000000000000
2061000000   2c4519765e9b8e11c01596970cf318078492326b6a1ed48c64730ce20b462b58   00000000000000000004005a0000000000000000000000000000000000000000
2062000000   f03244c6300187d575ec67a111d40275a492a4ff413c6799db7347e15c62424d   00000000000000000004005a0000000000000000000000000000000000000000
2063000000   d281223584870d6c29a7731835a312a7b04fcd360eadae18a83b369ed9fa4149   00000000000000000004005a0000000000000000000000000000000000000000
2064000000   06ccac007b57e0c0f3b33a3b6a9346d7f0ffa0a6cf6604cb44fb91d01e550143   00000000000000000004005a0000000000000000000000000000000000000000
2065000000   a4884da08334333e2cc25550ddc58d77ac3afd1516d27f1acf939be8a525383d   00000000000000000004005a0000000000000000000000000000000000000000
2066000000   083d867c19d98e2fc1589798103fa7d15a23fbc28cc2b77647d29dfd8fb0b9ff   00000000000000000004005a0000000000000000000000000000000000000000
2067000000   077495e5ece82d49a8e841e58c03d2360bf5f855566100a0e8121e1d4c8c93ae   00000000000000000004005a0000000000000000000000000000000000000000
2068000000   46975c841e8ceb1aa6ea141127008c529762d722623cd6bb8dd0d456dc77e883   00000000000000000004005a0000000000000000000000000000000000000000
2069000000   4944b97f3f0c392babb8da9f8de3a9de69bafe28f7604db1da59dae5595bc140   00000000000000000004005a0000000000000000000000000000000000000000
2070000000   f434e2dae2d4919839d1753137bf8f82bae019ad02316cd2dc9f9a7c2ef564f4   00000000000000000004005a0000000000000000000000000000000000000000
2071000000   ccba0dafb3dc15314bb291661d7baeb93a575a78a5373e91f2e65ce4174988a2   00000000000000000004005a0000000000000000000000000000000000000000
2072000000   6e588090c2d11a611a0f741b8fce0cb3101c0db9e2bb4614a605e77bdf6a2857   00000000000000000004005a0000000000000000000000000000000000000000
2073000000   a67cc13a535f6d2922c982388e44a4a30d8e2c33298aec2d50512b95ec1d24fd   00000000000000000004005a0000000000000000000000000000000000000000
2074000000   9d403de165326d7d7340abf51d1f12d1f57be2609ade10399dbb3c5816f76642   00000000000000000004005a0000000000000000000000000000000000000000
2075000000   aa7fb564c16f970246be4467253825f4db32f3f2302a2946af1e2ca96e073f9f   00000000000000000004005a0000000000000000000000000000000000000000
2076000000   d8ebb575731c74c716a5246630d2b6be4b2750c0df068bf5ba3a016522b244d7   00000000000000000004005a0000000000000000000000000000000000000000
2077000000   d038ae69d141e635d49ae66ad7617b081224c25f10cf73b729ec1ca555fae8de   00000000000000000004005a0000000000000000000000000000000000000000
2078000000   56ff9ecaa9ba2f66c90a8ab7af4bbfe467781e365bb266cd602734685f694943   00000000000000000004005a0000000000000000000000000000000000000000
2079000000   0f5768501ec1c08ccfd774b88c06509d1e0d8909478979a4846f63e998afae56   00000000000000000004005a0000000000000000000000000000000000000000
2080000000   ba91530439e4eb7e12c688536caeb167626d1ab55718b2faf495a0f6d66d9ee0   00000000000000000004005a0000000000000000000000000000000000000000
2081000000   a643d86e70ad3280cf614b95f5ffeda85b9178b790974950d8760998e4eff3e3   00000000000000000004005a0000000000000000000000000000000000000000
2082000000   44935e21ba937c0469dcd048764ffa7e89101404424637fc22fab523b1599ec1   00000000000000000004005a0000000000000000000000000000000000000000
2083000000   5db2f1e5f2c862ce8eefdeee9a2648d579551eba87d5ce71798bd8fccbf4ae14   00000000000000000004005a0000000000000000000000000000000000000000
2084000000   1a60cfb9f3f50b70b127157b0338d36a0c237183a49829c0c65a2598f699f263   00000000000000000004005a0000000000000000000000000000000000000000
2085000000   f3584167fe5f624a0454bcf6d0fcbc957730399aa03b8a964788c9b1f6219d64   00000000000000000004005a0000000000000000000000000000000000000000
2086000000   d23f7898257869ade9def92cade5c7b7fbe58b98862e7e150268ed4aa66561b6   00000000000000000004005a0000000000000000000000000000000000000000
2087000000   89c0f04b0098291488ff7dc512dcd015bd9c7bf127749180dd960cf017f88c7d   00000000000000000004005a0000000000000000000000000000000000000000
2088000000   3ef71a15b321cc8c511ae41e2c1b6d7337a785b1c438fd88b542583528f3734a   00000000000000000004005a0000000000000000000000000000000000000000
2089000000   a499f950c87b87af56fbac75ce410307169ef07b26afd6ed6dbeac798b57f0f5   00000000000000000004005a0000000000000000000000000000000000000000
2090000000   08424ada37900fc116f981bf65ddb297cda440ce75924a897f81155ae29efb75   00000000000000000004005a0000000000000000000000000000000000000000
2091000000   d7c05af25d7e671cda63d90dcc9e6c011df576cd1c54abc08276cc8cf1dd3279   00000000000000000004005a0000000000000000000000000000000000000000
2092000000   543d07273d31780c7845099d2e67469cf1ad196760fd4b4eae983d63c298dffb   00000000000000000004005a0000000000000000000000000000000000000000
2093000000   c7f6658d69bbdd0ae795e14bedcec62400f60c6356af5d34e0f94256595b3297   00000000000000000004005a0000000000000000000000000000000000000000
2094000000   cb2e1ffbaec390d7ede3a5909fcba90f599c5c9a2ec2c3058554e0c42722d3fc   00000000000000000004005a0000000000000000000000000000000000000000
2095000000   b7b8543e24dc0ed3c6361a3c14198c38bce93578a2ec76bbc6d1c2088b5eae95   00000000000000000004005a0000000000000000000000000000000000000000
2096000000   54aa5a68ec7a8c8d9f3ebf070b5ebfe37cb55671882b09c21036a4770f1996ba   00000000000000000004005a0000000000000000000000000000000000000000
2097000000   c94a83568efb2e83bae565d293d6b4e44272ea7ce52da8d67a7f226c7c9c9686   00000000000000000004005a0000000000000000000000000000000000000000
2098000000   ee47315a6edd6fe75c0b026fbd11bd12859872d7c118a26ceed8e9ebdee75465   00000000000000000004005a0000000000000000000000000000000000000000
2099000000   d51ea44c498c90abd1458e5c19f4aae76426eb7c7af2104306ae9864bfb55d3c   00000000000000000004005a0000000000000000000000000000000000000000
2100000000   9616de1b0abd2a646388787b55936fa5cb8456547149656d5d63373b6a64f1e4   00000000000000000004005a0000000000000000000000000000000000000000
2101000000   d49b5d6a8992199505657b38f66607749bdce4422fca240f07729d0e94f7d01c   00000000000000000004005a0000000000000000000000000000000000000000
2102000000   fb268eb4dfa987ea5216bec4c98bf444426f67a8a984833b5c41891ba4721ac6   00000000000000000004005a0000000000000000000000000000000000000000
2103000000   6b8c95ab73fcc0c1eb6daa3839d12da35e8e6aa25a98bdfe79de4fd2ba306a4f   00000000000000000004005a0000000000000000000000000000000000000000
2104000000   d2707df08a077a4ea2dcb930a5d7d9862ff21f8f51a0471aaaeca1076ea93e98   00000000000000000004005a0000000000000000000000000000000000000000
2105000000   211355d1f67b046c4b78ebfb80cce134f0361c724c0dbf4ea7d4d7ca3bd5f206   00000000000000000004005a0000000000000000000000000000000000000000
2106000000   93f740bde4f6018140abba446f49d7db71127723a55dfe5e9b24969f13b94800   00000000000000000004005a0000000000000000000000000000000000000000
2107000000   b8b4a51d4fc65f6357424b788898f1d06e5c373ce7ba25d2ec4995a4c3efd9b5   00000000000000000004005a0000000000000000000000000000000000000000
2108000000   86f8eeada629630fbc24843911a80e86d762c28ebd5f8d4a9fd2d51928653a7a   00000000000000000004005a0000000000000000000000000000000000000000
2109000000   94d142ddef9e2f831fb5db110ec080d616ed2c6ba60bed6f7fb78523d2d05d0d   00000000000000000004005a0000000000000000000000000000000000000000
2110000000   86a65648d62ccf6576be426a066f8328d39a320c40ed105f5902f1c5427295dd   