debugnonce_start:  3000000000
Mining block template, height 827458...
header:  b"\x00\x00\x00 \xf7\xa2\x89\x88\x01f\x153\x13\x82\x08\xab\x16LF\x8b\xb0\xc0\r\xf6l\xc9\x02\x00\x00\x00\x00\x00\x00\x00\x00\x00\xa7\x8a\xacr\r\xf3\xc3\x03\xab\x85Q\xab+\x1e,\xff\x03\x0e(\x81\xe5rq'\xabW\xbcEq=\xa04y\x91\xb3eZ\x00\x04\x17\x00\x00\x00\x00"
3000000000   87e5a689080bca33059a557609b94525f8b314b92d01d4fa44a82796a19c743d   00000000000000000004005a0000000000000000000000000000000000000000
3001000000   6b306a07ed62641e28ca87ce80c58e1940b64436c6cce7d0778f6989a578cb1a   00000000000000000004005a0000000000000000000000000000000000000000
3002000000   cc54fc1b700718c6d11a702d14c8ff000d8e6c97a0310fe8a826a149006cc015   00000000000000000004005a0000000000000000000000000000000000000000
3003000000   0df1c34b77382fe2aad4ccd53afd160c6d6df90bd46123bdb60cbe4abbbda7d4   00000000000000000004005a0000000000000000000000000000000000000000
3004000000   f6bc6652152969e3b3935c713cec5d5347bf6e7bc67516e9d75577ab8635b24e   00000000000000000004005a0000000000000000000000000000000000000000
3005000000   f7e44fe0ade5831be1d6b0f2f827f509db05be7492b90df1751c63a6386ddb64   00000000000000000004005a0000000000000000000000000000000000000000
3006000000   8353bbe8f2cd904ca3734b5cea62977664fe0e8099fdd1edb52192b82c97d6fe   00000000000000000004005a0000000000000000000000000000000000000000
3007000000   4b02972d35c3f451ad6ea29dd6eaf7e3104d39639d6a498162f2173d112b790c   00000000000000000004005a0000000000000000000000000000000000000000
3008000000   85b709a3f98432a15182eee00abc68c87860d826af13163d7470ac7815779eee   00000000000000000004005a0000000000000000000000000000000000000000
3009000000   d39c9c47b0dc0a3795936041e1398b6986d0733927e12877b3afcce502dff16e   00000000000000000004005a0000000000000000000000000000000000000000
3010000000   09ab335ad73d49cdd0c2367eb7c432ac12d9bbc4006517e1b974f792b94f68a5   00000000000000000004005a0000000000000000000000000000000000000000
3011000000   23f327cd4e323822616763cc0bbd1362ec5647b5e48e98cc0b8f9dd568bd13fe   00000000000000000004005a0000000000000000000000000000000000000000
3012000000   0a92b6ed9841c13a24f5302f14ffc4f903d3aad441bf3fde1c8f1aa0f74ace6e   00000000000000000004005a0000000000000000000000000000000000000000
3013000000   2a84a3e481c6ed331d2f9b2e09ceeabae54e208b60a90531f94c1fa93b773799   00000000000000000004005a0000000000000000000000000000000000000000
3014000000   e9dccecbe0d71d05b38eb7b12185b26d61b8fcd89c31c4aa077a388e6d004048   00000000000000000004005a0000000000000000000000000000000000000000
3015000000   c7f6d109e677595807e97ff0200d1d3c76085d2c4bbe262a89bf0b1542b82bab   00000000000000000004005a0000000000000000000000000000000000000000
3016000000   ac5e76c5b5fc53bb6a6eb7b81ce6e6927c5cf25b69c1fb20d79efee7d78dfb76   00000000000000000004005a0000000000000000000000000000000000000000
3017000000   13c142f1da124a57c64e7e7350e9edda63bd0c919a89b9cf8a830b5c2e7acc19   00000000000000000004005a0000000000000000000000000000000000000000
3018000000   2a58495350350e67cff2bf1d35c64fdee6c074a99d3d0b9e10f1e16c4ad20b07   00000000000000000004005a0000000000000000000000000000000000000000
3019000000   e3d7bbddca71d1f0ce9faa080393cfbf61a905290dd6e182a1ae17d433e01b83   00000000000000000004005a0000000000000000000000000000000000000000
3020000000   b2e7e5b25012778dad51346ed784f1f29cbefbda86e1950c7321a14a5fcee076   00000000000000000004005a0000000000000000000000000000000000000000
3021000000   a80f99ad925b3484b58e98aba22a8b55ae4aa446d35605005374bf7932639290   00000000000000000004005a0000000000000000000000000000000000000000
3022000000   2b4f90c6ab128f611e5fdbbaf01013c5702372e7d1c5e0efcc356a5eab229789   00000000000000000004005a0000000000000000000000000000000000000000
3023000000   f7ff927196ecc6a0cd4ee7852da5c75aabde38fe5cac902df73fcb1ae37917cf   00000000000000000004005a0000000000000000000000000000000000000000
3024000000   d09bdaec7ce818afb19d7b54f0b780354ffb91554ddd61ab3fc392cf7da7be0f   00000000000000000004005a0000000000000000000000000000000000000000
3025000000   4c87fc242e2f6b60df53972d70f10ffe1deca0475025b3f38f8d53ec95bfa77f   00000000000000000004005a0000000000000000000000000000000000000000
3026000000   e9bfe8c04fc44c3d16c0993d07632af5738c22b4d0c26b2c61e9acb2ab2757b2   00000000000000000004005a0000000000000000000000000000000000000000
3027000000   f7fd579d9f69c83b60d7be156118a7a9622736f336003b1056f20673474c02a3   00000000000000000004005a0000000000000000000000000000000000000000
3028000000   e5306fc0a82f5d745292b94febf87c4f8ef51e3a5f1c4d268b2ea9793d48131b   00000000000000000004005a0000000000000000000000000000000000000000
3029000000   14e85ca761d4e1226ec41ba73f79167bd7e0b43081a336328536931163415d85   00000000000000000004005a0000000000000000000000000000000000000000
3030000000   5d511b1975790cf05d72a770dbe7a23e99b6a633cbc3619a43ff59184d506bb6   00000000000000000004005a0000000000000000000000000000000000000000
3031000000   95aaa976f34c23a2ead114826d2447ae8aeac9a9f37fa34c5006e985be4e4e94   00000000000000000004005a0000000000000000000000000000000000000000
3032000000   f7433ada24a37d45ccce3a68463840bf665181736ac995ed252bd47de6ee11dd   00000000000000000004005a0000000000000000000000000000000000000000
3033000000   86fc3824e4b37c7b3ae39e9ef0d3b98b8910f72897a25f22f27aef647be6cd8c   00000000000000000004005a0000000000000000000000000000000000000000
3034000000   7c63590a90259ce9f1dea2d1a4726c84fd5759814039fb3b95b7cb23e84d037e   00000000000000000004005a0000000000000000000000000000000000000000
3035000000   555afd28f0226c9b20a127c96485b2dbf572f222523b6ca7fd5c3e0a1c0a07cc   00000000000000000004005a0000000000000000000000000000000000000000
3036000000   d6d5e79f33aeb6db47eb1aa335050269aedcc91b3ac672683440afd35d4732d9   00000000000000000004005a0000000000000000000000000000000000000000
3037000000   097eed701497eb0c5a9e6c5fd0efde0d70b92189f9c5b4304e06d4f164b08b64   00000000000000000004005a0000000000000000000000000000000000000000
3038000000   53ab61cadf68bcc81094014fee4235cf10bb36c0fcaac38ed2a8431ce36d008b   00000000000000000004005a0000000000000000000000000000000000000000
3039000000   1cef7dc7927831ea7a259505b37f5f589722e2250254509b5fb912dd2a529036   00000000000000000004005a0000000000000000000000000000000000000000
3040000000   ac7c9a922edc59bbd12ab6bcb21a9ce5c203c660d5db01534d2e2540cf8529ef   00000000000000000004005a0000000000000000000000000000000000000000
3041000000   44232407a43e80fe5932ee5868b114640a1c82bf02fe4ad32d47aaca245fc6be   00000000000000000004005a0000000000000000000000000000000000000000
3042000000   2235511eedd6bce504af73757baa28c02c061e6880b83afa3fbabdedb2dec0a2   00000000000000000004005a0000000000000000000000000000000000000000
3043000000   46140b411960c3078ccdd4ac321420c08db5639da0b06efe9cac06b256b99b89   00000000000000000004005a0000000000000000000000000000000000000000
3044000000   3ffdac85f8e1868c0de0cbf14a78488b3d27715a7f2d6238e1da4f8dfe78b093   00000000000000000004005a0000000000000000000000000000000000000000
3045000000   fd596a58f7cab364aaf1d8c648365ff806c640890a03ffc513f81e62dfcb0811   00000000000000000004005a0000000000000000000000000000000000000000
3046000000   6325ba9809b60548af711df357169b6f65f784f41c57eff7779543c6c6e8ba61   00000000000000000004005a0000000000000000000000000000000000000000
3047000000   409cbe4c6a84f821fe586cd9af24f200d88adf0e8b33f8f86fcacdc5e4e5ee46   00000000000000000004005a0000000000000000000000000000000000000000
3048000000   fa57a7147e715ddc9df89f8430b1f040a8c7d7f6e9d8067d6921589e79412679   00000000000000000004005a0000000000000000000000000000000000000000
3049000000   cd632b8dafc826d69ef8a70ed080daae948a2c13364c1dd0ce7b527d606bd02e   00000000000000000004005a0000000000000000000000000000000000000000
3050000000   d5249854326564afd0724f5fd0092f7697b4eb45011569c656e86488d12e645e   00000000000000000004005a0000000000000000000000000000000000000000
3051000000   cc8702667dba4cc62b4080ebc91b2ccf1e7bd18f61cb07b06a12fda70c99e1fe   00000000000000000004005a0000000000000000000000000000000000000000
3052000000   6bb76e6f7fbe1740928285a6f081701019f33fcdae884f9195f903685244daab   00000000000000000004005a0000000000000000000000000000000000000000
3053000000   0838cc2fd7428f4a78359c98c8247e2a47da72cb33a6cbe3a8178d2dc70e9e44   00000000000000000004005a0000000000000000000000000000000000000000
3054000000   03bc3ac59feb150bd987845610f4aa4490c933d8543c642cfe01b11f0ef29a6e   00000000000000000004005a0000000000000000000000000000000000000000
3055000000   dc97d29edceeaf55236d2f522fe49bad64a7130b296e26ad0e89a72baf0c2917   00000000000000000004005a0000000000000000000000000000000000000000
3056000000   3be58b553b72c36df76a3329ba726c625070e261cbfff02822b5c640c94186a0   00000000000000000004005a0000000000000000000000000000000000000000
3057000000   4bffd3573bc2c6b285b9c58b8f8a3387cf8e91fbc9cb95ad256e3887aab2f746   00000000000000000004005a0000000000000000000000000000000000000000
3058000000   94bd6a4a3c826fc9b02e78ef9939f88881fe8efdecde5db891907780230f8fb3   00000000000000000004005a0000000000000000000000000000000000000000
3059000000   1366f83938c2abbbe095d743559d6dd8af4300387cb00fdd4b40778756307d90   00000000000000000004005a0000000000000000000000000000000000000000
3060000000   83ec9fe7f5542a2872014b6dbfc3f2efeb33ee25e0d1153e2fb622d9989c0832   00000000000000000004005a0000000000000000000000000000000000000000
3061000000   e2748b146b621139766790590e828c130f51089ba2210992522ce8d24984dd9a   00000000000000000004005a0000000000000000000000000000000000000000
3062000000   97cacaa6ba1b5bbcb729fb1ed792c469d7e3f3abae9da2d47349d470b5581f82   00000000000000000004005a0000000000000000000000000000000000000000
3063000000   eade39a3e68f1b9142f4e1cf43ef47ee83510ce0ad48db9b39f7f34db06ebd62   00000000000000000004005a0000000000000000000000000000000000000000
3064000000   7f517dc682cab12dab0b977929253a3db96287a10ecc588e885a83bf4a8c901e   00000000000000000004005a0000000000000000000000000000000000000000
3065000000   f5714120cc115be015b6b4b81ed483429f9159926d820949a69227325f30bdd5   00000000000000000004005a0000000000000000000000000000000000000000
3066000000   68efc6e2772e9a74ddbc3d9b3cc25f78d8ea6c1e8fe6cd00d171bcbf7e9f78e5   00000000000000000004005a0000000000000000000000000000000000000000
3067000000   00e93eaa86f8e7087615e9a4c526e1729a4e63891c308dff7454a619df1ee7d6   00000000000000000004005a0000000000000000000000000000000000000000
3068000000   a46ab21e44e321cb13720e97889aa999090a79aa2cff733c51f57899ca882fa7   00000000000000000004005a0000000000000000000000000000000000000000
3069000000   00e020faf7559d37cbfe39b786b985136bd4076b794bb7e901425df57abb1624   00000000000000000004005a0000000000000000000000000000000000000000
3070000000   72c73036cacb110085719890c83731ee997cc6b1ed7c70ff59c5894ed4a340dd   00000000000000000004005a0000000000000000000000000000000000000000
3071000000   e37f1bd13fd1843e5fcb45219a291f289fe468e8a95dae63c6c89d34570a8484   00000000000000000004005a0000000000000000000000000000000000000000
3072000000   ffd10c93fab52b8db692b41d71446506e6437a5de477524bc0ce2b21d1352c90   00000000000000000004005a0000000000000000000000000000000000000000
3073000000   673e2000ed79f2eda78460918a1ea93fb8ccc1bb07eba448f4cad9f0f9e12245   00000000000000000004005a0000000000000000000000000000000000000000
3074000000   12815dd19b2396e6c6df2b5fe575789a4e11b84f91a53066d5411a1f6935456e   00000000000000000004005a0000000000000000000000000000000000000000
3075000000   92bd9b728f974d54ec86f3ba806361ac0dd5178a609b8ebaababe1e55e2dcaf5   00000000000000000004005a0000000000000000000000000000000000000000
3076000000   a80db1b793dacd9797de37e9659c701510ab87dc00d2b27892f5b3d19e04fe0b   00000000000000000004005a0000000000000000000000000000000000000000
3077000000   f638c2fa7eadf0e493ce96e0b61c5132cdf14e42d91fe5ba131d6062b5f774f6   00000000000000000004005a0000000000000000000000000000000000000000
3078000000   872ac6f4f7b5feebb69c7ea965b842fbe673318bed676479f44e878ff1ae5caf   00000000000000000004005a0000000000000000000000000000000000000000
3079000000   d8f622de8a040d4c54f859f3dad3e13bdb844bf47d5c84f31d8fdaa98f7082aa   00000000000000000004005a0000000000000000000000000000000000000000
3080000000   a97eab9a94a574cdcaed06de9bd7b6cae035a14c2435bff4125739b34ac6a987   00000000000000000004005a0000000000000000000000000000000000000000
3081000000   1ad91e1adb4b06d305a45058cb475ba29a4ac1acd1b59df88f84cbeb33221235   00000000000000000004005a0000000000000000000000000000000000000000
3082000000   dc69b9fc875ec47ebc201fb0f9d84747dafaa12392b02500dca0b017572ce25f   00000000000000000004005a0000000000000000000000000000000000000000
3083000000   6ffa3cf9af5ea3b3cab9b90ba9a425b6a8ea34f0bfff61ca529ebe55d1bf2550   00000000000000000004005a0000000000000000000000000000000000000000
3084000000   56e7f387b16cc3b12d481e600a0bfd54d2d3cd0ce78d7555649145ef77230d97   00000000000000000004005a0000000000000000000000000000000000000000
3085000000   fe7517dd7bfdb6c08eaa5a26b2a8e2ada7b2c47914586fa9cf090c6a281055f9   00000000000000000004005a0000000000000000000000000000000000000000
3086000000   1a5e947228cd0ec23ca83f06e574718d17a2f6f8a82225f6f5606eba238c300b   00000000000000000004005a0000000000000000000000000000000000000000
3087000000   a0999e11e70f1bac84daadcce3dca90be69146031e0b04883a2dfb756e444178   00000000000000000004005a0000000000000000000000000000000000000000
3088000000   d31a44aafc39a6e9cd4c1c9e14f7f6a6af898e23eb08b6753eb0657fc400d14d   00000000000000000004005a0000000000000000000000000000000000000000
3089000000   be64cea2223c53c1ec56d52f1b2cef0dddfefcebd2cff58d600ced4aafaa751d   00000000000000000004005a0000000000000000000000000000000000000000
3090000000   26924cb4a8b4a3f31dde8cff5bc939d4e4dd1e8fb0781406d36b8e18aa23a792   00000000000000000004005a0000000000000000000000000000000000000000
3091000000   dcc1506cacd13fc61a9592e3f5c2566df237cf4b54c8471f67a6647c2fec3eb1   00000000000000000004005a0000000000000000000000000000000000000000
3092000000   d96bbf9d41622b219af56fb3b527ddb044178e7e8c56928613d9f932034d4fc1   00000000000000000004005a0000000000000000000000000000000000000000
3093000000   86cbf08c6928961aeaf89671aa0409d95a681ad05481963d607a61b37b46ec28   00000000000000000004005a0000000000000000000000000000000000000000
3094000000   98705566b7e7950e134d5ac837b154024db52fec62e73659513dbd384a3349ea   00000000000000000004005a0000000000000000000000000000000000000000
3095000000   512cc9f2134509cfd7cce8d0a50c589baf89b9cac5f347327efac5b2445322fd   00000000000000000004005a0000000000000000000000000000000000000000
3096000000   3f9f1094bae9a1fecc53e4345e9203634cb15aa9489a667bb25a627f67a42494   00000000000000000004005a0000000000000000000000000000000000000000
3097000000   c745fb071e15dbd2e4fc094743a9beaecd7d2ea6e1763848590340319aa16a29   00000000000000000004005a0000000000000000000000000000000000000000
3098000000   d3aedde70c9bdbb652cfd407c587a561cb86dce4a047b9e3fe20fc8cc0c9810b   00000000000000000004005a0000000000000000000000000000000000000000
3099000000   ec997241284e1f380315d8debe2fcc72e13e3cf8e9238c4ab261beb6fb5b7927   00000000000000000004005a0000000000000000000000000000000000000000
3100000000   96c49ef22a88826e26455a3a91c1e68b3a3257c756b79d56768799c918fa3876   00000000000000000004005a0000000000000000000000000000000000000000
3101000000   d7334389683427129c15cff690b504b1822a28084365415cf94dc8579a4633c5   00000000000000000004005a0000000000000000000000000000000000000000
3102000000   5c82f61dab857440b47ecfaf980a1ad85739f9a2ea2cf35b6b97e6a52c5c1e53   00000000000000000004005a0000000000000000000000000000000000000000
3103000000   74c5cf593b86e793eeb0ad4d68acb0e5ff473463470f0f302cc588bbe0798a65   00000000000000000004005a0000000000000000000000000000000000000000
3104000000   08ad0dc95721d16a7eb888c49ad94109e00ec6d0317fef79416199ef3bb6cb68   00000000000000000004005a0000000000000000000000000000000000000000
3105000000   3c213f946c7f8703ce8c4207f003bc529d0cfc640ea6ebb9a4620d8706230cfb   00000000000000000004005a0000000000000000000000000000000000000000
3106000000   68f054162112d95c23e23902de2a95f25426cdd1e3a57f85b79b7eab16033922   00000000000000000004005a0000000000000000000000000000000000000000
3107000000   4a5ece1faa741e9544bed9530ca0a10ced79cab8a5cddab92d2e76b394af8b31   00000000000000000004005a0000000000000000000000000000000000000000
3108000000   3a0bbfa2cdbfab6cb1d57fc1279ce2bb242c4713ec58aab52ebf2e0585301e63   00000000000000000004005a0000000000000000000000000000000000000000
3109000000   d2d8e77adbd097791e5d16f681d90695757b46b9194c5fb7f5aeef4749fcd08e   00000000000000000004005a0000000000000000000000000000000000000000
3110000000   fe9cc08ae62cc63b8b882f7189810c4334535c4214a0713ff593388a71fb08aa   