debugnonce_start:  1000000000
Mining block template, height 827344...
header:  b'\x00\x00\x00 R\x99p\x9d\x0c\x03\xdb\xf9\x1f\x81\x13\x9e\xf9\xf3\xa5\xe5-\xdd\x18\x9d!\xb4\x00\x00\x00\x00\x00\x00\x00\x00\x00\x00\xad\xb0iA\xe6O\xa2-\xbc\xb7\x9aa\x9e\xb9\xae\x8eY\xda\xf3\xe7-\x9dp\x8bl\xc5\xe81\xb9DX:\xa2\xa1\xb2eZ\x00\x04\x17\x00\x00\x00\x00'
1000000000   0cc5b29ac65228fc84f166b6b3ea4dfd59bc29ad9e1b76401a8067f33ebee4cc   00000000000000000004005a0000000000000000000000000000000000000000
1001000000   191c611b83a088c34b2f06150d7d7167938a711a82a9c04e3e78b582d8f47aa4   00000000000000000004005a0000000000000000000000000000000000000000
1002000000   5b5f7955a41bd616655f36c7dd7baa5cd68a8cb4d6682be5fb2c31298613b97b   00000000000000000004005a0000000000000000000000000000000000000000
1003000000   636bd3604c54d1be2ea26a0f446f98742a6deb4004107f1726fd4a0d0e8d8e75   00000000000000000004005a0000000000000000000000000000000000000000
1004000000   ffeb0e0aead92a9ee0458f9d204ce63b301c87bc384816ab8848f8a4784c841b   00000000000000000004005a0000000000000000000000000000000000000000
1005000000   56b809e990c9e059c57368b739ecc0187ab596ad6c109032a7f1e28f889f6f9c   00000000000000000004005a0000000000000000000000000000000000000000
1006000000   00ddcb640a187f5422ad70451564c1efa437e877009d69dc07517bc3d1d0fee9   00000000000000000004005a0000000000000000000000000000000000000000
1007000000   71f4f13f410c877638f857d4db996cf4bdccde648095f246587ea6257a4e7e1f   00000000000000000004005a0000000000000000000000000000000000000000
1008000000   e51e4bd018d115bf370c294af128fad5cb59d879c8c0b8eeb8c60ce4e51aaea0   00000000000000000004005a0000000000000000000000000000000000000000
1009000000   766568b80e645f1f5c9c2269a9e23ec31856f75ef007cee81892adb6731386e9   00000000000000000004005a0000000000000000000000000000000000000000
1010000000   0ef2a0ddaf2607be0085e6520b58779dc898bc6151551de1481cb25441e795b1   00000000000000000004005a0000000000000000000000000000000000000000
1011000000   5e75e2527a1d698c4bf53432cf95b2397b90a0f6f74bd166bfd47cc20dacb672   00000000000000000004005a0000000000000000000000000000000000000000
1012000000   c90bfbc8da68973619c5b84f94880c673ccb270f8f548d7161923a703d2265f6   00000000000000000004005a0000000000000000000000000000000000000000
1013000000   d046b9ff8823f866f4c118d2f7975a191e4c4a67155d84652dc6435d9051a526   00000000000000000004005a0000000000000000000000000000000000000000
1014000000   ead26521410f0bfc737622191d9d0ac1077b5f61cbefc16f6c43611b0e036359   00000000000000000004005a0000000000000000000000000000000000000000
1015000000   1a1217493091638676959ad537949073f9ce6c3b960d15c5e92991e5e69ea853   00000000000000000004005a0000000000000000000000000000000000000000
1016000000   d447f6e4b83c9acb05c247325746d4aae9b932e1b64270edf659474a839511cd   00000000000000000004005a0000000000000000000000000000000000000000
1017000000   5ed0879d6737602f92345fbb48cf9079ab6a211796267f89e1470b9b3ff7ecc8   00000000000000000004005a0000000000000000000000000000000000000000
1018000000   bd9a37121f6658cc3a106d6f41bae6f6d8a1b2fbde9def02ba865ab67382121f   00000000000000000004005a0000000000000000000000000000000000000000
1019000000   2d8e3f03ca73f7df29afaf4020c4aa42138ee16a42854dbd6b56ccdecf3a02cb   00000000000000000004005a0000000000000000000000000000000000000000
1020000000   e13ce7741d789de17e3bbe525a9565c7bb76a6892a562149b797a6a41380d76a   00000000000000000004005a0000000000000000000000000000000000000000
1021000000   ec9ef1f1d781ad02104d34910a53568cedf5e431961eb3362422240110cd8214   00000000000000000004005a0000000000000000000000000000000000000000
1022000000   23e7db22e89edadf492a467e9ff3b4477a7f2302768e4f266598c99fbab20c4f   00000000000000000004005a0000000000000000000000000000000000000000
1023000000   3259b895d492961b2bc0cb3aa3960e13e7343c16d15b16c871040ec2957c687f   00000000000000000004005a0000000000000000000000000000000000000000
1024000000   2522106049e2e2c933894780279bef8f520d88c332b1fc0738d4ba4e9b5c30a2   00000000000000000004005a0000000000000000000000000000000000000000
new_height:  827345
debugnonce_start:  1000000000
Mining block template, height 827345...
header:  b'\x00\x00\x00 3\xeeH\xa5`\x1dp\xdc\xdaYl\x9f\x94^\\\xe08{h\x16B\xd1\x01\x00\x00\x00\x00\x00\x00\x00\x00\x00\x00\xd3\xadS\xab\xc7Wa+U\x0b\xbf\xb8)\xbf\x07\x8bEt\x00)\xf7p\r\xdewvp1\xb1\xe5k\x89\xa2\xb2eZ\x00\x04\x17\x00\x00\x00\x00'
1000000000   c405c1fd727345c83c259c5f63268e3aa3a0ad301883f9647c0103649a48bea9   00000000000000000004005a0000000000000000000000000000000000000000
1001000000   c7e0e43c3e7ab7e7b1d9aed342964b3aabc3d14bab5738a4506b9adeaef15805   00000000000000000004005a0000000000000000000000000000000000000000
1002000000   f01613603079dc809fdbbae710094e36fbc123d678e56bafcafac02939d5a765   00000000000000000004005a0000000000000000000000000000000000000000
1003000000   9d14a722950d5258bedaa37ad8831e82ee60ad4081dd3ccac8960add27c49fd7   00000000000000000004005a0000000000000000000000000000000000000000
1004000000   b564d38dd9bfa0b0789d3eb6746200869aa1fddc7a8708b25bd0ada025afeeee   00000000000000000004005a0000000000000000000000000000000000000000
1005000000   04e6705f7d988e7f1bd4ef51e17d0f738b9fed951e8397817b11d8fedee68f30   00000000000000000004005a0000000000000000000000000000000000000000
1006000000   5168ca1b2cd5467f5e8c433e38310fd00c77c05a1a24cf9e6a2a7d011774619e   00000000000000000004005a0000000000000000000000000000000000000000
1007000000   715fcc0beb6d8fee6a4d6d3497e585f3a63acf4d205baba8b274e0a7694d2578   00000000000000000004005a0000000000000000000000000000000000000000
1008000000   05c11fa6eb2d19dffe7778d0d3bf51c1bcd1a05d33fa8b8670b5f5299922ccc5   00000000000000000004005a0000000000000000000000000000000000000000
1009000000   073e7a9ef2c1b245927f1ec8290447aacd1c91aa25f9ce55bc8b063a9df84302   00000000000000000004005a0000000000000000000000000000000000000000
1010000000   8c81f645fc55247eab74ef98995cdfd96552c5ec754b94e211ce1747905e2cb5   00000000000000000004005a0000000000000000000000000000000000000000
1011000000   1de9465096acfda0a00a9d32586cc5dcba5636b6ed5290294b35dc2ff4e9a08e   00000000000000000004005a0000000000000000000000000000000000000000
1012000000   7d8bde3c57bb8d6ec08f2bbbd425668c106d5b08b8e58ad17f2975ebecf434a4   00000000000000000004005a0000000000000000000000000000000000000000
1013000000   f03803dad34151aa1b023e8f721931bbeaa979eee8321cea3a83ba401d1e9d3e   00000000000000000004005a0000000000000000000000000000000000000000
1014000000   44de65f13aaed31ee9dffac67c3b240c9f1d0ef9f9a1e4e2f3d44ea9c4cff1a2   00000000000000000004005a0000000000000000000000000000000000000000
1015000000   9038618d631aa3fc470f5fc538cb1675e73499851f393bc7c54d86a155c3f73e   00000000000000000004005a0000000000000000000000000000000000000000
1016000000   4633a1b7833587de88596bf76ad898825c9896d66e4fa50bc6a1ceb52e372836   00000000000000000004005a0000000000000000000000000000000000000000
new_height:  827346
debugnonce_start:  1000000000
Mining block template, height 827346...
header:  b'\x00\x00\x00 \t8\xe6\x97\xcb\x94!\xeb0\xb8fY\x95\x89iE\x95\xa0P\xa7\xa4\x17\x03\x00\x00\x00\x00\x00\x00\x00\x00\x00\x9dHPeX\x8c\xeaz\xdd.\x9do\x19@"c\x06^\x17i\xab45\xe9\xdf\xc9\x9aN\xb9/\xa7\x951\xa3\xb2eZ\x00\x04\x17\x00\x00\x00\x00'
1000000000   8d750cbbe98b3f557b27580a9d49ed5075ef6aa0a617f6ecf469cd75929caab7   00000000000000000004005a0000000000000000000000000000000000000000
1001000000   2cfb21651df94dc765d1061105f4acaa2ccb66eb01124dcaed033843fc1ab330   00000000000000000004005a0000000000000000000000000000000000000000
1002000000   0143d8b82d0f788170fdf4149888d9dfa23a073d8051dd3dc5520dd4597b7502   00000000000000000004005a0000000000000000000000000000000000000000
1003000000   266a1f518009445d45404dc53b16b4bb9c586c9443f137004863f968c3d03538   00000000000000000004005a0000000000000000000000000000000000000000
1004000000   f24d6fdefb22aea66f893856b57616c0029438836af83fcb97734b4e04b7ad89   00000000000000000004005a0000000000000000000000000000000000000000
1005000000   04810e0aa13bb1fbf87f672334bfd1f406bb425879f08841502a10e35bc7f5d1   00000000000000000004005a0000000000000000000000000000000000000000
1006000000   4d74cb5bb938cce86a52e77ad887e879e4f72c2a4c3b6e9163ac72bcb2595a24   00000000000000000004005a0000000000000000000000000000000000000000
1007000000   d1cb383b928cd8d9575bc8b936c16814c1cf00296c02342b3d09dbd32b365871   00000000000000000004005a0000000000000000000000000000000000000000
1008000000   4775525b3b55e896cd4fe11a0277e80e0ce55fd2b0e7d3c4a5d74278e0fd75af   00000000000000000004005a0000000000000000000000000000000000000000
1009000000   fa0f664b82f552297e09253991d9370303ffd07a62fc3308215af502178f944f   00000000000000000004005a0000000000000000000000000000000000000000
1010000000   aca7c054257a50cac67234a329b0b4840af6406bc456987a023a2475c843d446   00000000000000000004005a0000000000000000000000000000000000000000
1011000000   0d8fa92546b8d99a5d735793ced5af07ae57c795182ac99ddbe4c4ec5c89d35d   00000000000000000004005a0000000000000000000000000000000000000000
1012000000   2ced3d34b96d6ed862e8e2d586e3e0e6f610e2a8054fa6ffcd35f5eaa11501b8   00000000000000000004005a0000000000000000000000000000000000000000
1013000000   7e6d053888a558560768bfef099bc79d9698380918d79883b14c5902b73d187f   00000000000000000004005a0000000000000000000000000000000000000000
1014000000   78583ccb2a6f469c8e461ee7512648a7b8183ba648865f3cf9dc07019eb624df   00000000000000000004005a0000000000000000000000000000000000000000
1015000000   663ccba6daeb410f6a8246aa04151da7034bbb7709d82bba9a93eae6f9780231   00000000000000000004005a0000000000000000000000000000000000000000
1016000000   b9168a7124e5b61d1133a8fe7b2fa0694231b880ebb3ab5d48e0a5628d539c4d   00000000000000000004005a0000000000000000000000000000000000000000
1017000000   111afc563b27ea4f2a446b93b222a6df5cd83b3f29386a47ebf957461d55ce8a   00000000000000000004005a0000000000000000000000000000000000000000
1018000000   3fcbbfba202b5eca5549c3e4aed4168c0c06430d864f9e0accd171a40e6c7bbd   00000000000000000004005a0000000000000000000000000000000000000000
1019000000   b143e82631d35bf3ced3d672a43012e1eef6c40438c6c9c0fe5d9b16de376c9c   00000000000000000004005a0000000000000000000000000000000000000000
1020000000   00df5c9e69667d9f077548b4812733fa8d549b55adfae7d184ebf0a352c80cd8   00000000000000000004005a0000000000000000000000000000000000000000
1021000000   d88f99f82ea0b6e7c27a8f4bac670db02d4540da382c3427a61fa4e2481f41c5   00000000000000000004005a0000000000000000000000000000000000000000
1022000000   efc4e643c6005c4c40833acf4f79d32993dca7ac18cca633dec5437233fa65e3   00000000000000000004005a0000000000000000000000000000000000000000
1023000000   ccf2b3da6cc396c028bc0006a015308d14997f8b850279c265d028ff225e6947   00000000000000000004005a0000000000000000000000000000000000000000
1024000000   843d52b338b8e352080417693b493686fe76ce193079ddccc8836833d497e6a0   00000000000000000004005a0000000000000000000000000000000000000000
1025000000   a92b29b7645e7e6aa84e1ee2290f9d99660786889a44047bea2dda90ede9da27   00000000000000000004005a0000000000000000000000000000000000000000
1026000000   824d81bad453f49eea6badfacc7db90d989e3088d47ebe8858fb60805e4eaee1   00000000000000000004005a0000000000000000000000000000000000000000
1027000000   97b8642cd8157363ec76ebdcc32c98476f36a3f5b190027047d7422f43f71a11   00000000000000000004005a0000000000000000000000000000000000000000
1028000000   dc4e85cfc78006c1e7e19dd0a33f722bdb555a39ddb95b700fbbf9246c2e5a3b   00000000000000000004005a0000000000000000000000000000000000000000
1029000000   69e86a203e0a8da33d699f5cad31270490e227719a8783ee988e02a31f1675c3   00000000000000000004005a0000000000000000000000000000000000000000
1030000000   3475d2a1541f3372498d8bccc85dd6c7d9601279935a3af4ce6f2224184f5534   00000000000000000004005a0000000000000000000000000000000000000000
1031000000   15a0e5beac33874affbb52015dc3466d4f798a9b97d5f3d86358e1294f8312e7   00000000000000000004005a0000000000000000000000000000000000000000
1032000000   d146046bd297b374393d02954d727206657350cbcfc3f3dfea545e955295811e   00000000000000000004005a0000000000000000000000000000000000000000
1033000000   3088195d926bfd0fba724f043bcb26ea3ffd4be7624a5a8c49dc902f3c2c5ea2   00000000000000000004005a0000000000000000000000000000000000000000
1034000000   888fce051003f94b141785d1681d85dfb51cbd93a6f8257fa1bc3ada5e9f44a1   00000000000000000004005a0000000000000000000000000000000000000000
1035000000   7be3c84fb54a6679147b8eab14bdcc617c591f4a19402bca92507dbb098f8b4e   00000000000000000004005a0000000000000000000000000000000000000000
1036000000   5b9e7dfa76c1b35d7d536a8e01edf4574da9835b824199b5574de78b9a4f6258   00000000000000000004005a0000000000000000000000000000000000000000
1037000000   ee09f140a830d1d80f7049612f9fbc524e7647fc496f19d8b92b8cde7677b679   00000000000000000004005a0000000000000000000000000000000000000000
1038000000   e2e9e54180eec4a4f981a922a878b7dba6d0ab85bd0afaccc2657a59862e1cb4   00000000000000000004005a0000000000000000000000000000000000000000
1039000000   7b9a43c7ced7189b06504a71aefc88e33f7efb94124c816338bd8ae1c39e2133   00000000000000000004005a0000000000000000000000000000000000000000
1040000000   d90bf3ad570ef2501951a7b76f50395aaba2266350de1165d9b0ddf5b4fef77a   00000000000000000004005a0000000000000000000000000000000000000000
1041000000   0d20e1395115d2d8496afc830d7899ee2234748e066c49fa23095a2394b81a0c   00000000000000000004005a0000000000000000000000000000000000000000
1042000000   ab074eaad7ba3fd5a534e85b23f7c499273e8e28412e23f5e695d5e2f2b87403   00000000000000000004005a0000000000000000000000000000000000000000
1043000000   f9a6e8d88d705be517ee773f16001c6afe04c26c9c7a73923b8d398ece9631d5   00000000000000000004005a0000000000000000000000000000000000000000
1044000000   c10cbdcead25a445511e4ed5e25e390eee143da50c37eedc2536e20eabf8a5fb   00000000000000000004005a0000000000000000000000000000000000000000
1045000000   7032c6ddcafb78cfcf61300ad78412ad572cb9138c39b35a93f0427aca3376db   00000000000000000004005a0000000000000000000000000000000000000000
1046000000   cc5941a9af377f9b1827b55943b22d5c40db154de685d9c8d862600ae379901c   00000000000000000004005a0000000000000000000000000000000000000000
1047000000   2227df548e4ff14b98b4240808b0e2ddfac7bacc52bca488662936a239865544   00000000000000000004005a0000000000000000000000000000000000000000
1048000000   12e40a2942b87c0e31af4ddae675cf8edc131421747f5e13a2b23c2f79d97ede   00000000000000000004005a0000000000000000000000000000000000000000
1049000000   296d5db2c54a66622a7f270c688516fae0fe645b95675331ea3ab24ff4cdde20   00000000000000000004005a0000000000000000000000000000000000000000
1050000000   278d44aec349230a8be77d67500c5eaf31114a0aed0fe09f93ce68124d401247   00000000000000000004005a0000000000000000000000000000000000000000
1051000000   262c97e440f80dbdfa9509d443862fd4443b3e80bbb6310af8cd336a06c173fd   00000000000000000004005a0000000000000000000000000000000000000000
1052000000   a36f49b6231374e11ceffd125b50d5464192f6661f929ee46f0d65971fbf7cea   00000000000000000004005a0000000000000000000000000000000000000000
1053000000   76518e920d39dd97be618ef7c7a3a2a271a5c3e73abcadc6afc83b10fa9d8c51   00000000000000000004005a0000000000000000000000000000000000000000
1054000000   b4eff426c762382e8fce985c15043753860a3ffb72bbddac64b0c8dde28d291d   00000000000000000004005a0000000000000000000000000000000000000000
1055000000   0268c6398f54c3290e47e93177f35a7c6843cab955ce57d3e4a1443f4b801e0b   00000000000000000004005a0000000000000000000000000000000000000000
1056000000   006177133c715a92a34793bba907837e2bf559d7a4331064208fece739735be4   00000000000000000004005a0000000000000000000000000000000000000000
1057000000   6a8767ea38c72f9eb95743ff0a76477147ea8f749f7bd2c9ce5ca7ff9ad1f19f   00000000000000000004005a0000000000000000000000000000000000000000
1058000000   b7800065bff3be8f84ba924bc06ce95838be45402bae04f5be807f6f7a118b5a   00000000000000000004005a0000000000000000000000000000000000000000
1059000000   978ca662549276bffa180d2299213ea43362ed137baa4b238425c667bec6bc74   00000000000000000004005a0000000000000000000000000000000000000000
1060000000   7851330852e2c8f330752c30d0029fcd05db0da827764e0380f5a7f41ac44747   00000000000000000004005a0000000000000000000000000000000000000000
1061000000   9ddae4b5fbee64102922b83c8a788702e846ea099e1dd70958c5723835314154   00000000000000000004005a0000000000000000000000000000000000000000
1062000000   42c4b47fb65c326018a27c08f2c08e70e15a24706ad297a631856d9e80710932   00000000000000000004005a0000000000000000000000000000000000000000
1063000000   8902fe99c9de5e85f1377b16c175b7c9a597af165a4571169e50d1d8d5f77791   00000000000000000004005a0000000000000000000000000000000000000000
1064000000   825b1cc2f78502bf891a0728dabbe21d49e8a3898d1cd6468d08b61684dc1754   00000000000000000004005a0000000000000000000000000000000000000000
1065000000   331cf0c8c0d8073a4170b1183769306b040002245ff8053189e830b1d641c0f6   00000000000000000004005a0000000000000000000000000000000000000000
1066000000   9ac0879f95a64fcea817de30aaecc23c4c3416e06fc1fa479565a41abababc28   00000000000000000004005a0000000000000000000000000000000000000000
1067000000   3ea1e9681058e94a6a9f79c16a7042519d713f635c6d0fdfa6f797c43e5cdcf9   00000000000000000004005a0000000000000000000000000000000000000000
1068000000   6c64c121a3dd30c0c34004f5b5d104ea3e86eed0bd9303c0e00f954140252636   00000000000000000004005a0000000000000000000000000000000000000000
1069000000   3470248609bbc2063f1a6ed0406d537111fa4d4b4c29b20557e2e72f8a02681c   00000000000000000004005a0000000000000000000000000000000000000000
1070000000   0916904feb6c9f2d943291288a46c0391187adaf44999dea54f8a8d52e7d8569   00000000000000000004005a0000000000000000000000000000000000000000
new_height:  827347
debugnonce_start:  1000000000
Mining block template, height 827347...
header:  b'\x00\x00\x00 \x9d\xaa\x170\xe1\xf8.\xf2 \x1c\xdeu\x97\xec\xe1e\xdf\x85Un">\x02\x00\x00\x00\x00\x00\x00\x00\x00\x00\xa9p\x07V5\xda\xdc\xe7\x1c.1\xc5\xe4\x83\xbd\x9b5\xcc\x903\xc2\xce\x06;\\\xaa"o\xcf\xf0 P\xc5\xa4\xb2eZ\x00\x04\x17\x00\x00\x00\x00'
1000000000   800b8ad88175280f6e0ee9bc4cf180a4c422f522c93c7b6490ec4bbd4750d7f7   00000000000000000004005a0000000000000000000000000000000000000000
1001000000   8121451dd3068c58f3a6f1ad3fbff3aab7f0ceb0868d69a5c91ecacb73f13947   00000000000000000004005a0000000000000000000000000000000000000000
1002000000   855678586a0632fecea915ced488c1b284db7fdf9a885c2eb6da745f34d06697   00000000000000000004005a0000000000000000000000000000000000000000
1003000000   610b7229fd73d5309481d463fe3ea4841a7ae87e1d69c7913b0ad77515da75ee   00000000000000000004005a0000000000000000000000000000000000000000
1004000000   078862bde50231ee079d694798ae9baab024b5c7a41d85130fb99862ccfdb0ec   00000000000000000004005a0000000000000000000000000000000000000000
1005000000   4f16dee90dfb7add81986bdc6dbaaa00f8009c42220b0e9114239f028613bfdc   00000000000000000004005a0000000000000000000000000000000000000000
1006000000   f7888cf0077843b863b5b60b34cb277b8d0f7fdfe9aefb6559c7664cc8049ce3   00000000000000000004005a0000000000000000000000000000000000000000
1007000000   d3800cd38d83d2193afa59c97a0c73694280ebcd81a7703a23375f7853d84045   00000000000000000004005a0000000000000000000000000000000000000000
1008000000   65cd6c40ff91926939e9242eebc7672e21d741915815648e468ea54df3f734da   00000000000000000004005a0000000000000000000000000000000000000000
1009000000   6038629a2aaf289f23d9b163a80621ae00f27be29f4cf7b9886579a2e4622821   00000000000000000004005a0000000000000000000000000000000000000000
1010000000   16ab64b8a9bc210d4842c46d79c9c2fd01f2b5e4015dd958bbdd99ca1f278b90   00000000000000000004005a0000000000000000000000000000000000000000
1011000000   40e757e8eafb3f28d2888638f926fa8e4973e412a0e4ecb6964327acbace72a8   00000000000000000004005a0000000000000000000000000000000000000000
1012000000   c9d22a62c78ac611b022f199db751d1b254e98b63d8b3139fb8113d67ac218ad   00000000000000000004005a0000000000000000000000000000000000000000
1013000000   b1d8597620c6dd0f628d8c3bed3f74741ffa266632c261a7c08686d402076f28   00000000000000000004005a0000000000000000000000000000000000000000
1014000000   3d3d3ac2bd992450757bb16c2d7c020d6acc7c6f2497141035ee4557e8052d3d   00000000000000000004005a0000000000000000000000000000000000000000
1015000000   392f087c7a84e9eb301de0d322e254a991a0c2d5a57e7ff860a38a4f275ff488   00000000000000000004005a0000000000000000000000000000000000000000
1016000000   70218ab2fdc6d94b745666ebd38205f69dc3834d28547aa54d982843487b3b7d   00000000000000000004005a0000000000000000000000000000000000000000
1017000000   e62c2a6c6da1b04db612626d1fb2b30d5851500880bcba27d8dd070e1ba843fd   00000000000000000004005a0000000000000000000000000000000000000000
1018000000   928eb88d68c933e05f40cf3c5aaa1477e6c9d5072092422a5c770942c1cd4c33   00000000000000000004005a0000000000000000000000000000000000000000
1019000000   619044d8670fd7f2c438a2f033eacd7f83b88e5731dae7ff33a5d7aab097bd98   00000000000000000004005a0000000000000000000000000000000000000000
1020000000   6e6520779fdb255dfa68babfef0b0212da51e6115ce9feaf258aac5b0fbe24a9   00000000000000000004005a0000000000000000000000000000000000000000
1021000000   1783d501ef5fd6baddfb9a21687cadbff1004638efb9dc965012c38bd739f249   00000000000000000004005a0000000000000000000000000000000000000000
1022000000   09edb2c37a44f0c04c74faaa00488080c3c2918a1009726c973acd2e589a419d   00000000000000000004005a0000000000000000000000000000000000000000
1023000000   006c4afd7ed3b7f25ec5d6933570061376e4fd1e1d7b0b391fbcaa89fdc68022   00000000000000000004005a0000000000000000000000000000000000000000
1024000000   b5c5cf4be24a8436ab1735c580e19bd1057adac5784d1ca61ff9d2cd9d771b4c   00000000000000000004005a0000000000000000000000000000000000000000
1025000000   b8d6866468a46048625be3890be13f539c06ec4177405ff66fb8e0ddca8ed4d0   00000000000000000004005a0000000000000000000000000000000000000000
1026000000   b6ad0c9478052288cde370e3d0e80c0bed337f0ee0dca5a87d19a35f065509bd   00000000000000000004005a0000000000000000000000000000000000000000
1027000000   35781ce102018867181c3b742519f270666ce47a9924b213aac1f61e818cad64   00000000000000000004005a0000000000000000000000000000000000000000
1028000000   f122519062b6dcd5736ef105ff959b3b5ce3db69e15a8511a6f854bb9717ef7e   00000000000000000004005a0000000000000000000000000000000000000000
1029000000   9d6e6701dbe77ed0f6571c0e7d7a3bc27eeaeee0a7451fff0fd63ea9c4114990   00000000000000000004005a0000000000000000000000000000000000000000
1030000000   bd385692d126a1e94389124822e4b687d93d80ac1f113d2d85699243f784b2d3   00000000000000000004005a0000000000000000000000000000000000000000
1031000000   6c8d4552c3d1b5768fd25c5ede078a56dc8daba2147dc7502ceca34058e3f6ac   00000000000000000004005a0000000000000000000000000000000000000000
1032000000   e507d2ecc57277ced5f7372d09bff1b9a57d47b361f3d2da83856d6f19e89120   00000000000000000004005a0000000000000000000000000000000000000000
1033000000   a32ed5abd81987fcf1e2aca45b5748ad7d5b16f049c49c65a3fcfb3d3d11bd60   00000000000000000004005a0000000000000000000000000000000000000000
1034000000   c57d4cd85d07eba9601fb79564bad764d1f95c3346e56430684818937ae5df83   00000000000000000004005a0000000000000000000000000000000000000000
1035000000   be12a7b6ffaa168e67748921ac2aa56862b03f271c8662f08f1f364770d0e404   00000000000000000004005a0000000000000000000000000000000000000000
1036000000   f2152c270c9013a7385c4ba8d972c159d6ce635d4befdbecd668353a6e1c3d81   00000000000000000004005a0000000000000000000000000000000000000000
1037000000   d4c8585b1b8f1e450375eedccf9cde9cb08283ef2302c653e17fb43e0b05ef1d   00000000000000000004005a0000000000000000000000000000000000000000
1038000000   c8115bcb35a3ca577e32ed4a2f91ca05cf653e7dcc9cb2a32cd346214980a681   00000000000000000004005a0000000000000000000000000000000000000000
1039000000   9f3d1ff66953f78724d929a4a1b9138bafe52053397b57ee47d9159580573ca1   00000000000000000004005a0000000000000000000000000000000000000000
1040000000   d2a8fe4b1a71b02ebe2b1619e2d1a9f198655086fb4e3aec27e84697cad60d01   00000000000000000004005a0000000000000000000000000000000000000000
1041000000   f5056e7846913d6deb81890e82b8c8933a773bbe209b3e48c8b115deeea3ebcc   00000000000000000004005a0000000000000000000000000000000000000000
1042000000   08445f517c60748dcd89f65fb5e056211a10125355c753fcf1b66aa5a4245675   00000000000000000004005a0000000000000000000000000000000000000000
1043000000   5918785da57db5965e78a8b5c5777df5adf4aa87790413318bd9a354b60cfbcd   00000000000000000004005a0000000000000000000000000000000000000000
1044000000   8d04ec2959b882d9871a0c6b202a49ae030acb1077ec790cb724609c6eafa2af   00000000000000000004005a0000000000000000000000000000000000000000
1045000000   5fbc30d4823aa2e1c6d514ce532e84f4c00848395861c8d70c20da9406db6cc5   00000000000000000004005a0000000000000000000000000000000000000000
1046000000   770be4fe95309b9b3df58b46b2f297ac7a67e0377c6438e145efa8861452516a   00000000000000000004005a0000000000000000000000000000000000000000
1047000000   cbc25230391a176366a36f8388c1bb80a222075e55a5730bede63b2262ba1e3b   00000000000000000004005a0000000000000000000000000000000000000000
1048000000   2f166bae7fe225cc0622413e6048ab6b8134b62fef2e1a8df40f31dc5e382794   00000000000000000004005a0000000000000000000000000000000000000000
1049000000   cdf7e5ff9a7dd5d086ed32a3fb6935247a3c1e267fa1630e5ce90b7616add087   00000000000000000004005a0000000000000000000000000000000000000000
1050000000   e70f39a4fa79c776fda567fe0d16ddc515ea098a6ea6103f5c382a5225928095   00000000000000000004005a0000000000000000000000000000000000000000
1051000000   ed56918c05e914a134d0eafd14b72f48a956e1ab1a9f9584d3b72e4c8185e2df   00000000000000000004005a0000000000000000000000000000000000000000
1052000000   b7495ee0793a2cc489b7a0fe206d90698ebe8430b02cc1dc5fa54093ddb9debf   00000000000000000004005a0000000000000000000000000000000000000000
1053000000   c03b60003a30eebd42d9da3f6288f195eef98fd46449e0da855615ed99d56c59   00000000000000000004005a0000000000000000000000000000000000000000
1054000000   472538a5f945b3c81a7567beb1d439589e8e63974708c287fc188886b0377340   00000000000000000004005a0000000000000000000000000000000000000000
1055000000   73a93b19ac71b16f7ec1cde92ca4a89b83322c9f8876e3dc6d8f0c6a0163d6ad   00000000000000000004005a0000000000000000000000000000000000000000
1056000000   0cf082c90077908857e7db0e0f727b3484e1780e3a4a286f68673630d25bf720   00000000000000000004005a0000000000000000000000000000000000000000
1057000000   5c429b9a0ae329a871953e6fc54bf829d22d316d3112f26c6d0b2e2c0a0d36d3   00000000000000000004005a0000000000000000000000000000000000000000
1058000000   fbf6270e6d9837451c351741a27b8681fc0285060cf7cec24b6625c9bd9af1d3   00000000000000000004005a0000000000000000000000000000000000000000
1059000000   cec81d150f9f5ad5e453403fd9db8518826659227081fd2ebbf49c856e667ea9   00000000000000000004005a0000000000000000000000000000000000000000
1060000000   475903275051706bd1af8226f488dcb664cf3ba6e60969185b2fc74f5488887c   00000000000000000004005a0000000000000000000000000000000000000000
1061000000   1a4fbc0641404369c330f1337ddb7daf5bbe251f920ed1be68377f1260eafded   00000000000000000004005a0000000000000000000000000000000000000000
1062000000   0629eb14cff2092e42f94c4f366826678a128bfac0cd484113ff69d98b98425a   00000000000000000004005a0000000000000000000000000000000000000000
1063000000   9c4c3407bc3c17c479728313b41342d5da394600aa6bace6c3bd95f56e901071   00000000000000000004005a0000000000000000000000000000000000000000
1064000000   a061a452fe80b99bdd6489b85ae35974def46aa98e3c436013265d6a63984f07   00000000000000000004005a0000000000000000000000000000000000000000
1065000000   53d4aa7fa7e7965c7b44b29cb67055bd5a30750f6e3f0b251dd9a7045d75c138   00000000000000000004005a0000000000000000000000000000000000000000
1066000000   0bd9b555a756eb4ab9ccefe630c02a606024a34bfe80a5aaad6c95dc06f4258c   00000000000000000004005a0000000000000000000000000000000000000000
1067000000   861bfde74ecbf9c042b14918d08899c7be90ba7899104aa577241ef302c878f0   00000000000000000004005a0000000000000000000000000000000000000000
1068000000   27634ea24b76d4e2e8211b30c9ed6d61b3072412a65e07fdd2b34b87f3aa8018   00000000000000000004005a0000000000000000000000000000000000000000
1069000000   daf7d712004b8d07afb6dc572b514cef2e6317f508a99ca3eeeea474448905c0   00000000000000000004005a0000000000000000000000000000000000000000
1070000000   02dffd78d1dfb832dbbe6e90902db0740a7c7e682a254ee871e424af90c28858   00000000000000000004005a0000000000000000000000000000000000000000
1071000000   53bf58ad6e5d919d19eff75c7afd5ecc9ee56491424b4439d80e5969124b7311   00000000000000000004005a0000000000000000000000000000000000000000
1072000000   82eacdb0c2f21b1ff28c6d59a1c97de332010e41ab9af44b1bbd0bd280efd0ab   00000000000000000004005a0000000000000000000000000000000000000000
1073000000   c8f20eef2dd145b3b6718fe88c60fa733f1fdcca81036bccd296374ce5ab6883   00000000000000000004005a0000000000000000000000000000000000000000
1074000000   227c968424306b55629ba3f83a8a9f69657c9c90d9007f7c8f7b55f66c5b74ee   00000000000000000004005a0000000000000000000000000000000000000000
1075000000   1bb642e2d2fcc6718597da7f2f629a50a418e68dcb4499132a305011fe34fcd7   00000000000000000004005a0000000000000000000000000000000000000000
1076000000   8d35916021a80625ff59b68927d1fccd88e5e2561539039d7040c24453761792   00000000000000000004005a0000000000000000000000000000000000000000
1077000000   292926ae5aa7943c82857e7d2d4edbfc887587c6bbc22dddc9cd3f205d03d8bd   00000000000000000004005a0000000000000000000000000000000000000000
1078000000   d28b7a6d03646a937beff4e020564f7ece43721416e96dada3fb42ae036ee291   00000000000000000004005a0000000000000000000000000000000000000000
1079000000   9a160ebbc664375c814719046baa1d33a909d11b47992011ec99c6fa839c98e6   00000000000000000004005a0000000000000000000000000000000000000000
1080000000   14fb7e103d2a4f5e9cc100785fe87c9af037688036f8eeaf74d80e9872ac4dfd   00000000000000000004005a0000000000000000000000000000000000000000
1081000000   c2551eab5991eb8fde6ad550a58db5276ef8a9569a7d6e62274db7a8c26d7df0   00000000000000000004005a0000000000000000000000000000000000000000
1082000000   a3326010820d365ea05357ec61a6708b96465e5614f68b2430b647f20069d3d6   00000000000000000004005a0000000000000000000000000000000000000000
1083000000   8a669a20a1292d421340c4b8de278a3687fa0f8f52bf2814258d97b77e78df2a   00000000000000000004005a0000000000000000000000000000000000000000
1084000000   78f855483b770efda791bf514667a73e1dfb29304051762bba006086e7a0e3ae   00000000000000000004005a0000000000000000000000000000000000000000
1085000000   b8419964b70866364952314c83882ef7527269581f9b45138bbdeeed7d1b60bf   00000000000000000004005a0000000000000000000000000000000000000000
1086000000   10604b8522349742f88a0d587d905ea2f349ad6db04ae783fe8b5d05bbaff986   00000000000000000004005a0000000000000000000000000000000000000000
1087000000   716233ce5d9b952273751c94a5d1520ac9d4dc5e5e553b6bd1e5c5b2980f0d39   00000000000000000004005a0000000000000000000000000000000000000000
1088000000   597acbfe7c992a4b37d6d2332048700584c5df903687fb93b44df18551be547d   00000000000000000004005a0000000000000000000000000000000000000000
1089000000   ad0840f48fda26c7f10a4a7677a99f78c97175820bedf33b36a614839aa5fa3c   00000000000000000004005a0000000000000000000000000000000000000000
1090000000   8ec993e15680664a5defcceacc028349fff670c848126a1966cb1ec805a30996   00000000000000000004005a0000000000000000000000000000000000000000
1091000000   9a15f570ecc8546173c4760d63730fe545f10c6586106d6c74a5489dd3792556   00000000000000000004005a0000000000000000000000000000000000000000
1092000000   73f3311251b353ab14a3ff97a6673cc90b284b79e750a7b409591ef703a4661d   00000000000000000004005a0000000000000000000000000000000000000000
1093000000   e5194fce4ce7fbfd27b805f3ba2a2c83f03054af87ce492a20ee93b1e41f56b9   00000000000000000004005a0000000000000000000000000000000000000000
1094000000   f27acac86d652e2b4bfaa3098f14743ac5374cadb3b0c1d916b2614ce3838d50   00000000000000000004005a0000000000000000000000000000000000000000
1095000000   8462dd725fa239b76b0af916e074b4df57d439107389eff80658121184f53f58   00000000000000000004005a0000000000000000000000000000000000000000
1096000000   6528e63997ec4c3b7f6186d92533404ae4560cc6ad3f26da0684ade3290d62e7   00000000000000000004005a0000000000000000000000000000000000000000
1097000000   6a294995093a724d065670ee65487954d6b5234c01ef7537a471e8a921327a72   00000000000000000004005a0000000000000000000000000000000000000000
1098000000   15c16a24c6d3fe6c6e8e0b7e8b037a17fa563179065ed1ea4884526f2f38338d   00000000000000000004005a0000000000000000000000000000000000000000
1099000000   7bda1f850979a72bdafe1ffa5992f2a3f651fe6fbaff0054a63f2df136730d5d   00000000000000000004005a0000000000000000000000000000000000000000
1100000000   980b17b16abd554765ed861e09d34460119a91a192348f6bb17ba660896c5fcb   00000000000000000004005a0000000000000000000000000000000000000000
1101000000   a7f31ff0256a74071efca204ebc53e8581afc1f7f3d40cc405e174cf44573d19   00000000000000000004005a0000000000000000000000000000000000000000
1102000000   9d50031b4c86abeeb7c20c6b359bcaa7f54e4902a9093dc72d2983431d18d796   00000000000000000004005a0000000000000000000000000000000000000000
1103000000   562490099ef70cead5cf8c0651cfc5ee676062a6f4dcc910901b61a575a43ae6   00000000000000000004005a0000000000000000000000000000000000000000
1104000000   bc545a74f746bdea8d744469fa5918ab202d902a0c59b435b58d25e0710aace0   00000000000000000004005a0000000000000000000000000000000000000000
1105000000   bc9731c49dc7dc2b2cd86bad79bdba88dd61458afdc01a85021f9891f528ad32   00000000000000000004005a0000000000000000000000000000000000000000
1106000000   aa4ba12261132c3b31064e2417919efc2b30303c06cc90d2ef32b08ffeb745a0   00000000000000000004005a0000000000000000000000000000000000000000
1107000000   191a25c2589c967bc0b6d3fa5fdd17dce6c107ec470487ccb0c1bc6c50c5a5c5   00000000000000000004005a0000000000000000000000000000000000000000
1108000000   1e0df11342467d8be861f4759dc624ed74c9d208251e4c5385c3717293663787   00000000000000000004005a0000000000000000000000000000000000000000
1109000000   21a9e32f5aec8408a44471236fbad94cc7d4e448bf5b90c51a0a50a3323cc998   00000000000000000004005a0000000000000000000000000000000000000000
1110000000   6577998fa99731b8436c8dc0e297c7b3c81542aa5fe795456f761bb4bb92e342   00000000000000000004005a0000000000000000000000000000000000000000
1111000000   5d3af23de2f7cbd9c8273db81957dafe3a3cd78f58e7eb77b9062b3fc007b0ff   00000000000000000004005a0000000000000000000000000000000000000000
1112000000   075f6bd722924c7eb0891d395df69e6fb272c48b69f70ac4af92013b709bdd4c   00000000000000000004005a0000000000000000000000000000000000000000
1113000000   a7b204e1e5501575f83c0eea29dd0b5a65746d481371a7d1cde913df67cd2e6b   00000000000000000004005a0000000000000000000000000000000000000000
1114000000   67068a2cae17d333f00844be5821610300fa2458204f03a42efb04c47c773f3e   00000000000000000004005a0000000000000000000000000000000000000000
1115000000   e003c4d50e2d37ca1f12b85e172d1e36189937b99a41f26dd05197839b381483   00000000000000000004005a0000000000000000000000000000000000000000
1116000000   d49db67de0603ca0c53d233f1166f9e13e02d6597c40b5c94073550ca709ec4d   00000000000000000004005a0000000000000000000000000000000000000000
1117000000   6bd2f8d7afd891dd4a655236d86b7a3d4bd8399ca982fb878bdfde9ffb7b3a1b   00000000000000000004005a0000000000000000000000000000000000000000
1118000000   958a6175bc0ab6638848a0951ace71f617bebacd61a0d15ebb3d99b18f543577   00000000000000000004005a0000000000000000000000000000000000000000
1119000000   ad0a83677261d6484b2128c1bb104e8474ff6468cffcc598f472747b69ce456f   00000000000000000004005a0000000000000000000000000000000000000000
1120000000   5acaf70e5ddacab512a5e046ca27a19a52106d649091b6012caee796bb79b372   00000000000000000004005a0000000000000000000000000000000000000000
1121000000   8ae4db3a6824f178c1013c250d2eaa88e5c774bfadee7bf766997b9ef84d3968   00000000000000000004005a0000000000000000000000000000000000000000
1122000000   a4ad6f71589cdb13e1695211c8067457be990a15a1054f1f9c6c5fad31439271   00000000000000000004005a0000000000000000000000000000000000000000
1123000000   8b30cf73c425baca980ff190654acffc705f9efe6a4a13f3973705f97b421e15   00000000000000000004005a0000000000000000000000000000000000000000
1124000000   0fe9768375e72a7e3422807cfbb9f406ce2e47c850ca43927bb3774ba2d75ddd   00000000000000000004005a0000000000000000000000000000000000000000
1125000000   9be594827fec83f8b7c3fda822e4881a70b32a33d726028349d0c5aa8b407917   00000000000000000004005a0000000000000000000000000000000000000000
1126000000   da989132c816e1faccc508937fa7e1962736da6b5bfe94ba93b9a60e232d8e12   00000000000000000004005a0000000000000000000000000000000000000000
1127000000   a63b7de858bf95e999a30e6ded04b7f5d8fd45ca53cf40d5a1479c778234bc92   00000000000000000004005a0000000000000000000000000000000000000000
1128000000   84072fec20a2733de64f9ac9f06a13640787bca42ef6e2e1774cdcd1715c69be   00000000000000000004005a0000000000000000000000000000000000000000
1129000000   89576353336f2e6299c479b25e0725f5a8092c6f80049e6f820309a06d1503d1   00000000000000000004005a0000000000000000000000000000000000000000
1130000000   b2645e34ad2d72bbf404428966e562e70e1fa76e3b89357b09b087bb49c892ae   00000000000000000004005a0000000000000000000000000000000000000000
1131000000   be84f30c9e98fe636829249f05ff1578abbbd5af276e7b23afcdc5b0cd07a17b   00000000000000000004005a0000000000000000000000000000000000000000
1132000000   257132a6585ce4f992d5d688dfa34f2e654fdbdc45fcff07f646d102c3503718   00000000000000000004005a0000000000000000000000000000000000000000
1133000000   809e5233ea6ab4c2a581199fa747abc03a212c269bd841db3539fd061d9c8bac   00000000000000000004005a0000000000000000000000000000000000000000
1134000000   ab34297ebdd7521a71a3c7a8c3cfa8bb369c6330ed713a3b2a2a0135593e6ba5   00000000000000000004005a0000000000000000000000000000000000000000
1135000000   2e189990365cd78766b65b8d9b2c330ad0eb6e2eda25dd582e9baca46097bddf   00000000000000000004005a0000000000000000000000000000000000000000
1136000000   712fb41b6dbd43c718a6cb52e3659f12d577fcd29379aded6d0fd9a2df947764   00000000000000000004005a0000000000000000000000000000000000000000
1137000000   ed5e6551b3cccc1ba46d82f76434bfb6bffd5e300cb5c0940c6314dbeb176162   00000000000000000004005a0000000000000000000000000000000000000000
1138000000   8d55c96d1ab204f942534b2a66d479dc6c77e4f67a1e2b123193571e6d569d84   00000000000000000004005a0000000000000000000000000000000000000000
1139000000   9bd67a8c619feb60efd4df61c8445efdf86db909fdd9a36a24da64ef8e5c97ea   00000000000000000004005a0000000000000000000000000000000000000000
1140000000   1eb85063a0f3a2df5df88796436ac3e12027c9c242620f9d5b875d8ab81beffd   00000000000000000004005a0000000000000000000000000000000000000000
1141000000   4fc0602d9f819a1a2e37ec0ae37ff4e43bd56f12678a79a1f9ffe218d77352d7   00000000000000000004005a0000000000000000000000000000000000000000
1142000000   6e3b51b96bbae681c8501579d6df289b97aa87ff324d2e1d9ced7688b6ac8dae   00000000000000000004005a0000000000000000000000000000000000000000
1143000000   54fc2f43d4b4b82975169ba7329d4017cb02fab0660788545e9eca3629097b7f   00000000000000000004005a0000000000000000000000000000000000000000
1144000000   b210990c5707114d935d590a5aebb6c6134158ecd5b91f238b4092b15c262393   00000000000000000004005a0000000000000000000000000000000000000000
1145000000   71c7e5046bf6fb2e193bb1269ba482ab5ab4089501bc17c5bdef4ee2aeb25484   00000000000000000004005a0000000000000000000000000000000000000000
1146000000   f52f824a3f358dbfde9613627d0ac4772ddfe6c82bddf4e69321cab08b63062b   00000000000000000004005a0000000000000000000000000000000000000000
1147000000   0c8023692b97aa825cba08e0f152d552d725e09a83952b55671ced652b175eaf   00000000000000000004005a0000000000000000000000000000000000000000
1148000000   2d8ba2158d2505ec8c80cebaa830a183bae67bb0f0b7fa9566f12c343c0daa17   00000000000000000004005a0000000000000000000000000000000000000000
1149000000   7c10890870c79ec87db902db44196ade4fe8cfc378139e45c091556522844bf5   00000000000000000004005a0000000000000000000000000000000000000000
1150000000   9c6f7049a6ac23671a995cddf78387a28d3b38555a78bf0f2cd4a2c2570275f0   00000000000000000004005a0000000000000000000000000000000000000000
1151000000   5cb27f01ef0c742595d593426835d080d3b2c0db6b3bba359d96c98b1f81f56b   00000000000000000004005a0000000000000000000000000000000000000000
1152000000   0adc1e1f7a26f4adfe51bca81e71673fa0d8bd54dcefe7a49e1a5fe0b2564086   00000000000000000004005a0000000000000000000000000000000000000000
1153000000   08789a71edec6457645f8523591baf50c73e02e226fcaff7d3d365bb59504ec6   00000000000000000004005a0000000000000000000000000000000000000000
1154000000   369b1eac383604721125ccfed85c42928c9f3586c62130c801a681b4c12b32cd   00000000000000000004005a0000000000000000000000000000000000000000
1155000000   e4efda68c9e345f78015e13e62d31f61be9b4c916363de6d75465363b42a11a3   00000000000000000004005a0000000000000000000000000000000000000000
1156000000   7161a307553a9c7e0910499a94f4d5da9d8309c6ee8a064a353dc06e20549d87   00000000000000000004005a0000000000000000000000000000000000000000
1157000000   cfb114e4b9b0822dea199377325d223af86ed9ab107d6d0e94a320d10fd254af   00000000000000000004005a0000000000000000000000000000000000000000
1158000000   6ca2b9c3236d6d79cfc4415129eff87e81fb0ce2bee2415f5a8ce153dd6908a3   00000000000000000004005a0000000000000000000000000000000000000000
1159000000   