debugnonce_start:  3000000000
Mining block template, height 827344...
header:  b'\x00\x00\x00 R\x99p\x9d\x0c\x03\xdb\xf9\x1f\x81\x13\x9e\xf9\xf3\xa5\xe5-\xdd\x18\x9d!\xb4\x00\x00\x00\x00\x00\x00\x00\x00\x00\x00\x8d\x96\xe6\x91S\xb6\xbf\x8d\xa4.\xdf\x1d.1\xee\xc1?\xd0_W\xda\xcdd\xdb\xa3p\x03\xd0\xeaK\xe0\xbe\xa2\xa1\xb2eZ\x00\x04\x17\x00\x00\x00\x00'
3000000000   a4d4affa823b5f0088e111639e0bd727bd553b49731bd8f34dc885af1b47ced5   00000000000000000004005a0000000000000000000000000000000000000000
3001000000   bdd84b59fa81ae241055b486ffd2e23856e1e0492934e43c5837c3ab6c60253a   00000000000000000004005a0000000000000000000000000000000000000000
3002000000   1c9e1992e9bae1ca43b36e35b830161f7b8a9ae853a3462a7cf1ae98a7b39b08   00000000000000000004005a0000000000000000000000000000000000000000
3003000000   b610cc8372c7001c15499348fe1e46d30cada69215cde2929dee099526c96131   00000000000000000004005a0000000000000000000000000000000000000000
3004000000   30dc4079042d5b90321db24c179d4bbc19f56ab8a4aeba78e9944a561eb4856e   00000000000000000004005a0000000000000000000000000000000000000000
3005000000   a121876f95eedb5b67bf3b39ee0a9d300439f24d0bd894bfac3a87448740264a   00000000000000000004005a0000000000000000000000000000000000000000
3006000000   88f0ff0e0b550cb2872fe06bf876698f23d35aebadc09f234cf3e5f621c4cb8c   00000000000000000004005a0000000000000000000000000000000000000000
3007000000   f5a042af2a572ed90f214071b7a119f8b7e078ac9c8c400570e184ad474d0c96   00000000000000000004005a0000000000000000000000000000000000000000
3008000000   1524d5a100fce5676e149ee7a685eb1478b3cddf0ca8602c82e768fdfd2e27df   00000000000000000004005a0000000000000000000000000000000000000000
3009000000   61b8d3889ec9ea191fb8b9edad529844caf81d54597e5c9fcf81937c2e5dadd7   00000000000000000004005a0000000000000000000000000000000000000000
3010000000   1ded66c8e40930c3a297f13f02575a34c911421957a71b8db47c3819c861db6b   00000000000000000004005a0000000000000000000000000000000000000000
3011000000   9a4b1f9770cfbf54281434e9a9cd1c23686088381bfc3e44aebf31a08b39bc05   00000000000000000004005a0000000000000000000000000000000000000000
3012000000   d07eb4cf7d24ab63927820e0f33f1db8964efad08dee5d5a951545e536edfddd   00000000000000000004005a0000000000000000000000000000000000000000
3013000000   a75891f0a58853a5db9017183d6b77c853509be227e7b900dbad416a4102a7ac   00000000000000000004005a0000000000000000000000000000000000000000
3014000000   8a479861ad3eed215d47bd2ca658462c6bef0cf9c766c5142525ffb77cdca86c   00000000000000000004005a0000000000000000000000000000000000000000
3015000000   cf6a48ee1447cd327769f43b515b9d57cdb13263e50b8c088c00e96137c8e52e   00000000000000000004005a0000000000000000000000000000000000000000
3016000000   bb57ddcd56583eeb1ffd232d80794e866adfc1fba1a9af56d4709aec1b428871   00000000000000000004005a0000000000000000000000000000000000000000
3017000000   1184c540daf53e0f53865d91c66e1979e8e214c75f2f7317aff821de27af0176   00000000000000000004005a0000000000000000000000000000000000000000
3018000000   d49054c83bd7fe51f8d116b96a08d7e813e03332f1a3001d1ff8eff2df31dd05   00000000000000000004005a0000000000000000000000000000000000000000
3019000000   43eb9c9f1e2974e50404f270b3078ae648ac716eb27c264bdbb3c986f57ceb0b   00000000000000000004005a0000000000000000000000000000000000000000
3020000000   3b2b722a53c16701f5678793a71f1e824f6b88ca6e94049e5f872918a326d032   00000000000000000004005a0000000000000000000000000000000000000000
3021000000   95c97eeb5e0dcce4fd24aca12d31c746e7d2ebe85821aed61566c18ff20cfeb3   00000000000000000004005a0000000000000000000000000000000000000000
3022000000   621aaea5f946e85ded36f48a831f4fae06909e2c2e838d691ac1ff9bb627177c   00000000000000000004005a0000000000000000000000000000000000000000
3023000000   7fa6964e3fa84e3347d59400c59e39025566e7283426ce1ec10836bd44fc1bc7   00000000000000000004005a0000000000000000000000000000000000000000
3024000000   2869661c93ef58805620a1845506dc67106cd72875b604ead2b32d395d9c140a   00000000000000000004005a0000000000000000000000000000000000000000
new_height:  827345
debugnonce_start:  3000000000
Mining block template, height 827345...
header:  b"\x00\x00\x00 3\xeeH\xa5`\x1dp\xdc\xdaYl\x9f\x94^\\\xe08{h\x16B\xd1\x01\x00\x00\x00\x00\x00\x00\x00\x00\x00Vr\xc2RA\x81z\xa5\xc4\xb7\xbf\x8d&L\x1a\xeb\xba\x93B^\xd0\x1d\x80\xe7\xd6'\xad\xe0\xa5\xbb\\\x1a\x89\xa2\xb2eZ\x00\x04\x17\x00\x00\x00\x00"
3000000000   e9084ad53d6c8b1423682d524e7df8aa2a596558e7cfac033f54e9a3b88760a0   00000000000000000004005a0000000000000000000000000000000000000000
3001000000   bc89ff024dedeb1291d477ee1f0dd1db1127b6e8185adb2663902090ebaaeb3e   00000000000000000004005a0000000000000000000000000000000000000000
3002000000   275edc74f21a6ba7e41c5fca027399e0b3469ff167892d0b182d599297f3e3ec   00000000000000000004005a0000000000000000000000000000000000000000
3003000000   c72f2ca23f5b0ce12de267c287f430ce54acca58cad4cd0d7a103d0d2db72d37   00000000000000000004005a0000000000000000000000000000000000000000
3004000000   35ef4adb69b8f7749174330acf809b39ca4da0412648106a67d51ffbd6ae14e9   00000000000000000004005a0000000000000000000000000000000000000000
3005000000   75fe6ef397a086fc37a3546b9ccd797f624837011497654805d73a6c37b9f862   00000000000000000004005a0000000000000000000000000000000000000000
3006000000   e3f4824f924978d43bc02ddadcfc82d53c4ecc328ac8a3dc862fb7f9cf644c8f   00000000000000000004005a0000000000000000000000000000000000000000
3007000000   cbdcd3cf74e0eed002bc92219900f264549fd788df6f26f89a67a5d46908ff8f   00000000000000000004005a0000000000000000000000000000000000000000
3008000000   3d309f33d042d555218058de765853450a0d0eb85087f6d6475ce3adcd63dc35   00000000000000000004005a0000000000000000000000000000000000000000
3009000000   43718ebf54dcba1fc175a71d58b4e11efded82cc7a6baf8ad77e20cc1f636ced   00000000000000000004005a0000000000000000000000000000000000000000
3010000000   5b630d4871d10ed255e90564102e4420ce5c4b61cc93324a1b3ce2499daa4754   00000000000000000004005a0000000000000000000000000000000000000000
3011000000   73f81f10e755c924f7a59514d1364f03d4f446c12c5c219f6b1c8a68477715b8   00000000000000000004005a0000000000000000000000000000000000000000
3012000000   86bc6c10160fc20a2c91ef5f39b700cb578951f7d2252ea58c5152ab79768fd0   00000000000000000004005a0000000000000000000000000000000000000000
3013000000   d611f7830ef978f8ff2478d6a59bdefce3eccf2c6698d2bb93981ecb9a2959c5   00000000000000000004005a0000000000000000000000000000000000000000
3014000000   ff433d9a3683bba0ba4bc14c1e02fd2ca5a4f11d00ad252c99feb34f89dbbc63   00000000000000000004005a0000000000000000000000000000000000000000
3015000000   dd499bde41e631f848a2c1b3e69123194b40c2dab858d3e79621ecbbac8b4817   00000000000000000004005a0000000000000000000000000000000000000000
3016000000   d7c525f6c4545573e4dd931b2425b3f02b3a9902b9b45f95e6d68d32ae1eb7db   00000000000000000004005a0000000000000000000000000000000000000000
3017000000   b5d0dce77ba7340b4549d7b52c4db73e7feda891e89a315842867b066f5ffbbe   00000000000000000004005a0000000000000000000000000000000000000000
new_height:  827346
debugnonce_start:  3000000000
Mining block template, height 827346...
header:  b'\x00\x00\x00 \t8\xe6\x97\xcb\x94!\xeb0\xb8fY\x95\x89iE\x95\xa0P\xa7\xa4\x17\x03\x00\x00\x00\x00\x00\x00\x00\x00\x00\x8f\xaf\xc0\xa3%\xb92_\xb9pg\x13RT\x80g\xae\xfc\xb6\x1b\xf5 h\xdb*\x0boB6\xc1\xb9[1\xa3\xb2eZ\x00\x04\x17\x00\x00\x00\x00'
3000000000   a82559125b9bbffdf3098073b5c0b5cdc4f587f2b40fc08a2b169ef55da13bce   00000000000000000004005a0000000000000000000000000000000000000000
3001000000   b7c91d3b5a18d427306364ae99203da30e78e87898884e5b730e66d807d8fa55   00000000000000000004005a0000000000000000000000000000000000000000
3002000000   8c81dad9e2da3c1df22e12dd9938608811ecbaf0d3bb2fd9c9148cab728b9f06   00000000000000000004005a0000000000000000000000000000000000000000
3003000000   834dfa5ad03b3f5f8240b93a4e7fa5b5d11056349a0b78ee5be57982742cd117   00000000000000000004005a0000000000000000000000000000000000000000
3004000000   8731a9d98dbb6c5494a34247c55871f575bf1aee30106b0c1d9a5bae3a773e32   00000000000000000004005a0000000000000000000000000000000000000000
3005000000   7fcb21849c487a67c8acc3db338c1da69591f22e93d9ffa69e7d0a3756882f3a   00000000000000000004005a0000000000000000000000000000000000000000
3006000000   7ceae9233b391012a2eed375667a2ce5a7e647b0c8c770f5d4540f6ed44138b7   00000000000000000004005a0000000000000000000000000000000000000000
3007000000   0f6851007491358d189208566b91cee5a5d61217d864f24e42624d029fc98b6e   00000000000000000004005a0000000000000000000000000000000000000000
3008000000   cc9a7c809d65a6320a6b2b79a3a035c8a8ed4104c51649b7586629fdda211d2a   00000000000000000004005a0000000000000000000000000000000000000000
3009000000   e6150d95e9303caebd802559c138d81b551b686b656c2a7b7a9061079939a550   00000000000000000004005a0000000000000000000000000000000000000000
3010000000   762794964a08d3edc713958dab34345de3657dc1fe2efbe7901b86975fa6e5fa   00000000000000000004005a0000000000000000000000000000000000000000
3011000000   19db552d644645f487b1d4048e0f5e45911469829313349bf2c94a5725ebdff1   00000000000000000004005a0000000000000000000000000000000000000000
3012000000   e5c8ac9d57bb8a1d1539eb456e5e0b686b1cbd8f07dead88a30dc4fb87dccb9a   00000000000000000004005a0000000000000000000000000000000000000000
3013000000   1cbebf002d89ac550acd4c6fbcd0beb8214008a08e941f1d59a93dcd6b79b309   00000000000000000004005a0000000000000000000000000000000000000000
3014000000   5d78e7c0345070e3e9fd75e28d128ff15bebe5a8a9d0cd53552771ab786279a5   00000000000000000004005a0000000000000000000000000000000000000000
3015000000   58f42acbb63f157ec388512e1ea7f831aeefc0777174592943d3629dd2e7eda0   00000000000000000004005a0000000000000000000000000000000000000000
3016000000   e2aa8170c2ed2c2c02e6d618800a31778037f1bd6e251a5b876cf75fa154ce84   00000000000000000004005a0000000000000000000000000000000000000000
3017000000   434d01ad37973c726a4bb541e222d300d83e7a718f8b2deb2303707d38779ab8   00000000000000000004005a0000000000000000000000000000000000000000
3018000000   717534d1d192e8f9fdf810b864125985b00d521e8d32d7420e7112bb4cedbefe   00000000000000000004005a0000000000000000000000000000000000000000
3019000000   5217b7f2c1178d5a68657c1d9fb424c5965efaafe697607a0d43fbd622c1fc57   00000000000000000004005a0000000000000000000000000000000000000000
3020000000   35b10d18ccdc40d2e58e6ddf2a06cf316253288a1870fae913351b8496cbba57   00000000000000000004005a0000000000000000000000000000000000000000
3021000000   a0c2b61d10ee32e3a7504e94e65b17a7218a2953c8c6df19cebe3802d121afd9   00000000000000000004005a0000000000000000000000000000000000000000
3022000000   1a5bf30152815ac192bc9d0b2a6515005bf621664da7122ada2988c96c8562c6   00000000000000000004005a0000000000000000000000000000000000000000
3023000000   642a6905cee4f13bf8c40ace9eb1d3b503652254c88085ef6c49f28910bd0ed8   00000000000000000004005a0000000000000000000000000000000000000000
3024000000   5ab1a14596f01e3c72cf12154b39c9def2315676ed615af245e74fb7d7f5c99e   00000000000000000004005a0000000000000000000000000000000000000000
3025000000   40ac9ada6bf0226b94a93b7ce916aca2bc9ddcd549cd8a6da179a0f5b75eabd3   00000000000000000004005a0000000000000000000000000000000000000000
3026000000   1efa4f2a94472ba6bb3a76eadcd318882e644d459006ddf206f26602d5a44eda   00000000000000000004005a0000000000000000000000000000000000000000
3027000000   f8aa2ac3fa3bffe98bc957a69be04712ea84db46414777853fb5b175d8b0f140   00000000000000000004005a0000000000000000000000000000000000000000
3028000000   383af1a6c0748fb0cdcb5a4d78f538d987cc5bf83409a9a9214cb6716e02cf81   00000000000000000004005a0000000000000000000000000000000000000000
3029000000   4b80a5330666334d66ed24fdcb2a84d3388b29b82a5117d78f02cb1650163307   00000000000000000004005a0000000000000000000000000000000000000000
3030000000   66af68ae4c928287d6ac33b1f0382f0911d239ce6041af319d9317aa3c471ce6   00000000000000000004005a0000000000000000000000000000000000000000
3031000000   7e7e3824998bca206513bc32f1120213c576db878e68a8c078fddbbbcd1c4fdc   00000000000000000004005a0000000000000000000000000000000000000000
3032000000   4450593fc6a74ea6c40e87882a9f891137435f4d231abe75587e052841f3df77   00000000000000000004005a0000000000000000000000000000000000000000
3033000000   648e6b9ef598cf9eab92226ab700afba60404922bd5b4dc08353eedd9d78f2ff   00000000000000000004005a0000000000000000000000000000000000000000
3034000000   80f1f94dc74ba8de1c7d4e7923d52b9cf621d293977a718a945d60472e738cfd   00000000000000000004005a0000000000000000000000000000000000000000
3035000000   dc62d39acc665900e04a30efae88a95ef6ba30477a3b5d28cbc96198ac2bf090   00000000000000000004005a0000000000000000000000000000000000000000
3036000000   bf8275409689d83f901d70167e787232d82b42a0fe901c32ca7aca0ace998a9c   00000000000000000004005a0000000000000000000000000000000000000000
3037000000   1dcd1cd0fe4673b669bc8663230d1654da9510c47e4aa2d8435248bc17159b63   00000000000000000004005a0000000000000000000000000000000000000000
3038000000   6eb42ab23078214e0b05878ab89e8078502d38d8ed3bd0c6b6887dde52c27af6   00000000000000000004005a0000000000000000000000000000000000000000
3039000000   bedd68e0da257bcaf8d404e3c057ecd095d825c8689315b1b8e2d2c65a1b56da   00000000000000000004005a0000000000000000000000000000000000000000
3040000000   33c0f4b9cf3ba63330f6fc835d5634f899d3d4d1c9ae1b761773112da7917ff5   00000000000000000004005a0000000000000000000000000000000000000000
3041000000   609f90b51b88f2479bb6daab3f920bdeae584f246b6fe4ef05368f9633caf1c1   00000000000000000004005a0000000000000000000000000000000000000000
3042000000   1ebcb121fade72e442b5518ff39294e7f4b6ace9c01028c8ff276a4acb900a6b   00000000000000000004005a0000000000000000000000000000000000000000
3043000000   e6d9eda54a852af295305253fb0620a9489425958d57364c1d99dbe1768520a2   00000000000000000004005a0000000000000000000000000000000000000000
3044000000   96d63625579ea166c8453704eada86b2fbea411a64ae9ae73e54453d6ccd4d20   00000000000000000004005a0000000000000000000000000000000000000000
3045000000   e10ff30c17e244a4070a57691e49ae721c86fe68bb12bb6ea42b2b1c9797e6aa   00000000000000000004005a0000000000000000000000000000000000000000
3046000000   35332a9e9e4179a8316950f0f4dff6790157730daf88063701d33edecf18784c   00000000000000000004005a0000000000000000000000000000000000000000
3047000000   dc829894c7786ed24af52cbefd3ad071345d08588af6b802a6b9ace0888a3163   00000000000000000004005a0000000000000000000000000000000000000000
3048000000   2d6f3921b7e8d8f4bbe96a2f42bedfb6fb3da8ea0159aac08adb7b14ded1d817   00000000000000000004005a0000000000000000000000000000000000000000
3049000000   992fdc86e71bfc468b6272ccb625ee91640828ec4466a2fd21b815dfd6aad9bc   00000000000000000004005a0000000000000000000000000000000000000000
3050000000   e2c602ad7674d9fbba8b655f502086325ecf1577f00b947b9db16ee796d88a35   00000000000000000004005a0000000000000000000000000000000000000000
3051000000   87cca4483186025eb8ba946505097c3ea5c54fadaf72f5ab7e11ac253a48205a   00000000000000000004005a0000000000000000000000000000000000000000
3052000000   52184c6f725b9653b78fae62972d7318f030ac9b9e7283ed52aa5a5c4fbf9c01   00000000000000000004005a0000000000000000000000000000000000000000
3053000000   608df5ea626829e9ea4d2a5ca62f08b71b95b8a51d738325fb18f3c65de4d5a5   00000000000000000004005a0000000000000000000000000000000000000000
3054000000   9808f9c8f6998d94d41cd79031030b41a6d829196ee33b5c7404fda614e497eb   00000000000000000004005a0000000000000000000000000000000000000000
3055000000   88cd5cf49e0e5740a8e0b54784e012cc5a73ece09085d964a924e9ff7dced00f   00000000000000000004005a0000000000000000000000000000000000000000
3056000000   71bfe08662fb9bf8bc76d87b17de2c7172f983e49982b58082bd7f296de69872   00000000000000000004005a0000000000000000000000000000000000000000
3057000000   55f3798cd2511a63e894c78720657da0906b40eb2d64fa5b82293e2d384cacb4   00000000000000000004005a0000000000000000000000000000000000000000
3058000000   e0100c282be71f62ce2c86437d85326516362da11ea4bbee16d936d0a0658462   00000000000000000004005a0000000000000000000000000000000000000000
3059000000   9914fcf79f1cbf27638afbdd0610aaa3a487dc48d901ad68f55272f643bc1d04   00000000000000000004005a0000000000000000000000000000000000000000
3060000000   5428cd1913ee97c6c76f6f62457c8699cb8ecb47ce2e81b94165d29e418f2279   00000000000000000004005a0000000000000000000000000000000000000000
3061000000   320ab2d29ff15bd7f4686f78655bb15fddb44a16bb8c5b964a518eca58732623   00000000000000000004005a0000000000000000000000000000000000000000
3062000000   a1194faa9e415c395bae7c6494cd1098a796e2795f14617b5955b5c6d3455a04   00000000000000000004005a0000000000000000000000000000000000000000
3063000000   562689aa82fea6cbe110b3d4a923379750a86594602327fae64d81fd88b992fc   00000000000000000004005a0000000000000000000000000000000000000000
3064000000   8c1fd0377dd377d3304775f676b57448f1f9b6f117c4185988eacff55e516c7f   00000000000000000004005a0000000000000000000000000000000000000000
3065000000   946468824bb5aa50869addafbde0d8553c85d587d550799af1b214660bee30f0   00000000000000000004005a0000000000000000000000000000000000000000
3066000000   2162d094f974a29cdbd4b0ad23a2c21bdeaf812b9c43d3728798be9753bcd50f   00000000000000000004005a0000000000000000000000000000000000000000
3067000000   ef4aac5598201be347f263fcd20fd3092f450cab7052d3b958d76b1fbb6e2171   00000000000000000004005a0000000000000000000000000000000000000000
3068000000   06f0844010cabc224472da9ecd748f365b268f98615f4337f3a7c8b013d9dbc7   00000000000000000004005a0000000000000000000000000000000000000000
3069000000   7b7422b65fa5b8070340ca374512edea14992217631488f029a5d101fef6cd3f   00000000000000000004005a0000000000000000000000000000000000000000
3070000000   4907dc0d3664929eeb6ad1c9e004913aa046f48c889ba3cd7d057599a9610ffe   00000000000000000004005a0000000000000000000000000000000000000000
new_height:  827347
debugnonce_start:  3000000000
Mining block template, height 827347...
header:  b'\x00\x00\x00 \x9d\xaa\x170\xe1\xf8.\xf2 \x1c\xdeu\x97\xec\xe1e\xdf\x85Un">\x02\x00\x00\x00\x00\x00\x00\x00\x00\x00\x8d\xddd\x14^\xf57\r\xbb\x97q?|U\xad\x14\xab\xa1nW_\xbfA\x93\xbb\xd3t\xe0 \xd4\xff\xae\xc5\xa4\xb2eZ\x00\x04\x17\x00\x00\x00\x00'
3000000000   c1faa236a5609c6d6a670a557dd8666ef07d10e5a83753a3739d77185909d832   00000000000000000004005a0000000000000000000000000000000000000000
3001000000   078b55767648a82d333f3e626105c71b5b96d3ef4c118ba187f2533c5b41efa8   00000000000000000004005a0000000000000000000000000000000000000000
3002000000   93c666fad158b429bb396744858e0cf3c4e698eb1215b0a75b99ba44bc75a9f4   00000000000000000004005a0000000000000000000000000000000000000000
3003000000   9cb0592036b666a39672d672eae4de12be9d4f16bcb379fd943a8121ae2cbe22   00000000000000000004005a0000000000000000000000000000000000000000
3004000000   2e6c91a21bbf717dcd50f09f090da7854b84f12229f4a3a9a8fd29c8008c989e   00000000000000000004005a0000000000000000000000000000000000000000
3005000000   54e5ad942df5f1b9523b71ccca540568b8e9d4e87b23d9f0aeb92a49ab7c8880   00000000000000000004005a0000000000000000000000000000000000000000
3006000000   83b0b4a20bfb808acf24829acafef9e96dcbc2e5d0f5e97ad66fc69ddcfe379e   00000000000000000004005a0000000000000000000000000000000000000000
3007000000   ef07a6d7f819fa93d3704f2b7b3064457561cb04df942f3faede7c7e61b270e8   00000000000000000004005a0000000000000000000000000000000000000000
3008000000   e380ef3010dbda372713dbaff3e908de0cc3d97cf9220e47269391e23af89fb3   00000000000000000004005a0000000000000000000000000000000000000000
3009000000   c50f6f75ce1912fe5066333411006a1a6d3600e9e5bc15f92015f1627d2afba4   00000000000000000004005a0000000000000000000000000000000000000000
3010000000   a4dc591ef313e1ab2b8a9753d19533f83114bc5a8bdf946463fc3d43737182cb   00000000000000000004005a0000000000000000000000000000000000000000
3011000000   e8f6532942f8006998597b0d7c043c02f5031ba755cda3550841e93e35a853ba   00000000000000000004005a0000000000000000000000000000000000000000
3012000000   720cee6e0986bf2925b2d8edcbee2c53d51a8b102ceb7eba2eab132318236cbe   00000000000000000004005a0000000000000000000000000000000000000000
3013000000   d021d39b4d0043a1b825821a831e193d2f685ef93c01b872afd0f019be04da2e   00000000000000000004005a0000000000000000000000000000000000000000
3014000000   73ef823fc83cd1b238411dec87dd6f3cc258d5efff6d22c383b9230561c03299   00000000000000000004005a0000000000000000000000000000000000000000
3015000000   a452eeb657af50659b4303ae9adb06f842a571efb13ac945d9050008c6a8a5e3   00000000000000000004005a0000000000000000000000000000000000000000
3016000000   d28db8f78caccca981c77ecd71e84e9c715a5de227ba6c2dd0b3ebc3b083368e   00000000000000000004005a0000000000000000000000000000000000000000
3017000000   2ad90bf7539d1ba3a54a0523d23f46715798df4d9c69ee5ff70b9ca5476a953a   00000000000000000004005a0000000000000000000000000000000000000000
3018000000   bbd1d8e3aca0d278e79d9581828c5fbcda13d732583a84820414096a30b4450a   00000000000000000004005a0000000000000000000000000000000000000000
3019000000   368743cd4b4ec5af016fe3853bb9f62fc9f1ece3cc23e884c28c33172effe7bd   00000000000000000004005a0000000000000000000000000000000000000000
3020000000   87ee7ca4829226bf579ff14317505d4223c2e494b221073ba993f5de9cedbff4   00000000000000000004005a0000000000000000000000000000000000000000
3021000000   9eae0059a7bcd78c9f2991ae0f0000916dac5058e7692ca9910698111561bbc1   00000000000000000004005a0000000000000000000000000000000000000000
3022000000   708e953cf02f77d1f5ce0dbb24a5f1dcb4df195f5c955f721a97b20195fbba51   00000000000000000004005a0000000000000000000000000000000000000000
3023000000   d2522e22007a3816798085951e42592cc66c6b9e1f294c35e7a5175f34c19ecd   00000000000000000004005a0000000000000000000000000000000000000000
3024000000   54e6c368a08860868d9e5d7bbc6ca8d019914f758afc10f2406a272ffda768c0   00000000000000000004005a0000000000000000000000000000000000000000
3025000000   93c57511a095249531179099c6ebff4c2e10cad93a99a1113f95c596ba98c0fe   00000000000000000004005a0000000000000000000000000000000000000000
3026000000   2f8e360bbb886eaf331aaa85d2853eba6706d6aad2ed352a55adf1074faf40fe   00000000000000000004005a0000000000000000000000000000000000000000
3027000000   f01b6adbca0853b2d350e054cd1c70e57d913b73deb7030c6cdbc7b1dfc43aa5   00000000000000000004005a0000000000000000000000000000000000000000
3028000000   fca0b505f51b8717b686f265916fdb99c655bfcfb69b5ea3edf7ad46d58a4aab   00000000000000000004005a0000000000000000000000000000000000000000
3029000000   64295b3a417e58f87eb7a530963831444f3a0de5cfb58eb0db801c6a2b703aa2   00000000000000000004005a0000000000000000000000000000000000000000
3030000000   2400b64ce14d7c308cb4f99b805eb76c1e5d2ce9a8f9daadff48ecba31aed438   00000000000000000004005a0000000000000000000000000000000000000000
3031000000   e3abf2530288a5b6fc887f2a059c3e4703cead7b67c3866674d22efdb76da0ad   00000000000000000004005a0000000000000000000000000000000000000000
3032000000   7523873048cd1826c0d20307b1b590c07b05876fa34884e862de739b70818935   00000000000000000004005a0000000000000000000000000000000000000000
3033000000   fe46f9a2e099aacf46bea7349caa12a3253e2235f16f0ed760cfcddb1ab7eefd   00000000000000000004005a0000000000000000000000000000000000000000
3034000000   4ea19485380fd1bbe3951c3aa1ec8c41d6a179ad471a1b0969f2232095f3be92   00000000000000000004005a0000000000000000000000000000000000000000
3035000000   84bd9ba977db6811b8a353416492664f3ca2bab350117fdfc169ee95c24f67b2   00000000000000000004005a0000000000000000000000000000000000000000
3036000000   b543f33911f2edccecbe8c92a8b78f7c7beafe8672a6bd2c93f89ca7e0c34ce9   00000000000000000004005a0000000000000000000000000000000000000000
3037000000   f835fd9b26523a9cab78859775d62882cd1b7f4d57049c20cbc365a955423775   00000000000000000004005a0000000000000000000000000000000000000000
3038000000   3c02da2fb46dee10b6ed3e702b2d5ac269334a94d24e8503b243eaadf66145b2   00000000000000000004005a0000000000000000000000000000000000000000
3039000000   eb1aea5e54374b799f5e9675d65d21e31ff899ec23048dd176bf5beba0a0f52c   00000000000000000004005a0000000000000000000000000000000000000000
3040000000   7a3c112e87a2719e7bc01132ce5d8077fe73bb43a18c00bcc01f51c6b2d9a069   00000000000000000004005a0000000000000000000000000000000000000000
3041000000   9c6c9c35c7ab522b6e69211aee74363c0b1487045504036f702a3fa9a0c7698d   00000000000000000004005a0000000000000000000000000000000000000000
3042000000   a067b75dd3187d42aee79afb61445e17f443ac13a8e5e2b85900e3257d115d1c   00000000000000000004005a0000000000000000000000000000000000000000
3043000000   18cdb2806272761d20f95cf4ee435df1de624e11f209b14ac77720b85af3b543   00000000000000000004005a0000000000000000000000000000000000000000
3044000000   3bb49f6117b4a2c80f42a79bf1560b963a20c6b03d60220ac7a35db46db09c99   00000000000000000004005a0000000000000000000000000000000000000000
3045000000   2e6d9d10c22452b3ea0776b2b8edf81909222f7f074d6853c49dee3477c4a582   00000000000000000004005a0000000000000000000000000000000000000000
3046000000   091988b62d24494d4bd28e270041b3f69c95d01db3bab25edb6dff587c1d643e   00000000000000000004005a0000000000000000000000000000000000000000
3047000000   c0bd5a844a85eccdc0c0081ba3d215ee073d3d825ea478ad5182b8887e5bea5c   00000000000000000004005a0000000000000000000000000000000000000000
3048000000   0c5790e649aa03f8a0103e620e3ce054203017b84e4ffee72b35999d5327faf5   00000000000000000004005a0000000000000000000000000000000000000000
3049000000   41f561e051bf08eb74c8340f15c4f0fdca8a11f548f81b5f0ef04f69b3d8a50a   00000000000000000004005a0000000000000000000000000000000000000000
3050000000   4e46126a12fa4cd5519bf57ab3ebeb482c167e759395b6f77c5b99f4b3252ff3   00000000000000000004005a0000000000000000000000000000000000000000
3051000000   c3a1a11d357e943abdfcb288fe855cc7cb25f50425e2b25bcea09934c2d36651   00000000000000000004005a0000000000000000000000000000000000000000
3052000000   609239b93c80b4742c72bf3556d4fc98af821444d1473e254ec63ce390214144   00000000000000000004005a0000000000000000000000000000000000000000
3053000000   cd1b8b38998aaae050adc0be8dd916b678755f61d3f0bc05d27752797616191d   00000000000000000004005a0000000000000000000000000000000000000000
3054000000   49efc1ceb2ca593ff353f1d0e2d644b48e68059d63bd8de26f4affd7c7adf9fc   00000000000000000004005a0000000000000000000000000000000000000000
3055000000   8571bd1685499d7cb82f441e090910c3e59145ab3e475821e243fcbd0be53f1a   00000000000000000004005a0000000000000000000000000000000000000000
3056000000   022815b697d6b10dae0a079db1cf4828d0975d3d274b8908e0f61993784b5f4a   00000000000000000004005a0000000000000000000000000000000000000000
3057000000   0a6d0096e6a53ddff92a42a5dd239d6d629568f84e33dc41d59a59b98ea9649f   00000000000000000004005a0000000000000000000000000000000000000000
3058000000   acd187fe1e0e30f68e284ebe0378676bc651ad07934a58df7a4907b60be89c00   00000000000000000004005a0000000000000000000000000000000000000000
3059000000   2559ac1b7544b75d1c9335b7f6d1d3a237ad17fe0d5c2fad89825477f2cee66a   00000000000000000004005a0000000000000000000000000000000000000000
3060000000   d52f68431484e86648fc8bcc6848c0c8496fb81084fd4d91717eee3e64908ed8   00000000000000000004005a0000000000000000000000000000000000000000
3061000000   ea0d15ca1d7305fe87ad4589dacec62d3b15d70130521446b1c6c48fc54af47d   00000000000000000004005a0000000000000000000000000000000000000000
3062000000   5ccb18f461920bfc4543239060200bfabee7e65faf8a59bed78b7f35c8b708de   00000000000000000004005a0000000000000000000000000000000000000000
3063000000   1f015c0fce98de3826044e12f26d9e6af6da9033acb6d9ba2a1a766d426e7107   00000000000000000004005a0000000000000000000000000000000000000000
3064000000   9feb1361082567c21916bf1625dd66e4b0c11e91c7891d11628166c538740114   00000000000000000004005a0000000000000000000000000000000000000000
3065000000   6800503c021072fd43c7b1cad43e8a5ee39a3d617e46fdf0b4ecaf450cf4f15f   00000000000000000004005a0000000000000000000000000000000000000000
3066000000   d6b4af7870291af13078da225586e8e7a2294e5be4300765412780e0bcc8be75   00000000000000000004005a0000000000000000000000000000000000000000
3067000000   0b339d944e667ac93dac03c750cbeb343eaa2fb5318b523981328827a50f7939   00000000000000000004005a0000000000000000000000000000000000000000
3068000000   61e355ac9b46f8b4275956993344347ff9ab8b97220edbb298cff07e9bfb44f8   00000000000000000004005a0000000000000000000000000000000000000000
3069000000   8c1c72606de72ea14552a3ae87e5b472540f8656cb04c9e5c9fc139fa74ce56f   00000000000000000004005a0000000000000000000000000000000000000000
3070000000   69d00ccd262865da22370988c06501b7dfa162a7f23f1f2e611082ad434f4047   00000000000000000004005a0000000000000000000000000000000000000000
3071000000   0fa6157f9db548ddf8cebb8b2fac398e9cc5c6f533c34fa91c75b4933c123cb8   00000000000000000004005a0000000000000000000000000000000000000000
3072000000   c335284c871dda2e7b52791f302ca7a955a8a72ada56752e488584bb7bfdc7ec   00000000000000000004005a0000000000000000000000000000000000000000
3073000000   3681b5adffe74ad48df8efab00df36fe84a7642b9f0ff1743d2536fd1db0674f   00000000000000000004005a0000000000000000000000000000000000000000
3074000000   00386e7e6665e9cc7c35ea0fd1b9d2508e19fac0f0c84b0bc58e47a3ecd2f355   00000000000000000004005a0000000000000000000000000000000000000000
3075000000   968325b496b2083f142b732571e11c73ab0b158e07010f6c1ef477e140e34171   00000000000000000004005a0000000000000000000000000000000000000000
3076000000   ee28aebc66a983cc7947bdb53d611c2467410aa9ab75e586ab7987d8db48efa1   00000000000000000004005a0000000000000000000000000000000000000000
3077000000   651518adb7e428c2ce571bb8b838ee63a1cd39f2f5ab562d366a1aa5c57094b7   00000000000000000004005a0000000000000000000000000000000000000000
3078000000   74c9fb05da237f6d2f3c0796f66e5c45ddcaa1f55f9247abd13840939abf3528   00000000000000000004005a0000000000000000000000000000000000000000
3079000000   e627065b78daae6c67d93a8721572fe497427eb04a71e5a61588ca99b175a187   00000000000000000004005a0000000000000000000000000000000000000000
3080000000   3bab7ec95b76eef948d3400cd1119e7a0c511c5cd3d3c84ddb86ad31e1b2950d   00000000000000000004005a0000000000000000000000000000000000000000
3081000000   f6530dda0692090042ca2639c0b99d64ebfcb713db13144d89ac4f313667b2f2   00000000000000000004005a0000000000000000000000000000000000000000
3082000000   9ca22f3ba7c3caeb264f42aaa79531d181e81d2a380e63f2e3daf3f76278f4da   00000000000000000004005a0000000000000000000000000000000000000000
3083000000   3f1d26b0be858e863828330e88f3ec332a44b22bd18c196aaf9a426d5e55a6c9   00000000000000000004005a0000000000000000000000000000000000000000
3084000000   01a78c1fb220b1c86a174e680bb76d0c3db55d2bb272baa616a4d3b96dc0ab4c   00000000000000000004005a0000000000000000000000000000000000000000
3085000000   d910a81abd33a1719f625c6bc256156834564ccd5ca86a78ce3c9f813903446e   00000000000000000004005a0000000000000000000000000000000000000000
3086000000   38acb96d40e1f54517d822a357308d8ef4952d16e12cf48fe6d5fc5f39984c2d   00000000000000000004005a0000000000000000000000000000000000000000
3087000000   d57cf368a296477d1e1654e456119ec4368e24d9a1fd4a51d6ad73d2a11caa1c   00000000000000000004005a0000000000000000000000000000000000000000
3088000000   95f8cc9c4c5b15a7eca373af138e237809d6041462fc3b66d664541b1d6f8365   00000000000000000004005a0000000000000000000000000000000000000000
3089000000   df21db90b7c0666473564efe718977228b54b101a163dd9f26aefd64c0d6e864   00000000000000000004005a0000000000000000000000000000000000000000
3090000000   901637e52c8c270db088c4bd9373da6799c227c3af133554799018b7334f1a65   00000000000000000004005a0000000000000000000000000000000000000000
3091000000   afb9c388f477179c49ef251e0018026a160500b7fdac57722e13e84c7f708c74   00000000000000000004005a0000000000000000000000000000000000000000
3092000000   473cd1917dd5a608a7f8b23eef9de0a798f87c4b3a417fc55b6257e80403de0c   00000000000000000004005a0000000000000000000000000000000000000000
3093000000   1b53dcfe8855371ee532458e87f46fdd6a5299315c948aea370591cbeeb8ab2f   00000000000000000004005a0000000000000000000000000000000000000000
3094000000   f31ffbc587056487f4d6073c4fb6d5aa9c4f5059956b046ab0d68b48231d3c63   00000000000000000004005a0000000000000000000000000000000000000000
3095000000   50796cfaa44e9c530ff5824c4048c1207ef560108fb8922b089f9f69e95bf9ef   00000000000000000004005a0000000000000000000000000000000000000000
3096000000   145744b744bbbd353b8b5cba7e76c4be56e85972782ba8e64451714a52399f96   00000000000000000004005a0000000000000000000000000000000000000000
3097000000   3588e7d955ca6bfbd66b1b85163962c9b6799f21e020eda68bbdf718f8602221   00000000000000000004005a0000000000000000000000000000000000000000
3098000000   5b697c0bf77c88542401c34352aca87ac9b053309f0c988a4431b28a19122f2b   00000000000000000004005a0000000000000000000000000000000000000000
3099000000   a33be0fbda3c2c16e5c81b044a57f4232872d7e2801492f17c18e7ed0f577b72   00000000000000000004005a0000000000000000000000000000000000000000
3100000000   0466daee9b71f362327954594ca197f92054c3e3bd4cf8eaa4cbddc718f2ccbb   00000000000000000004005a0000000000000000000000000000000000000000
3101000000   5583d8ab1310374b8e576a86721376aa647f5f3ad04fb665aa361ead8e8d91a0   00000000000000000004005a0000000000000000000000000000000000000000
3102000000   0336864e70bb3f6cd72906c4c77cbc0ba1dd462dd3890be4f101ef155f451882   00000000000000000004005a0000000000000000000000000000000000000000
3103000000   90a2de112ddf3b18c71ad7c3d54a5f6840493cc5c2d6759ff1eb941c4ea8f46d   00000000000000000004005a0000000000000000000000000000000000000000
3104000000   6032dc3add65bf2b44f7d9c5360385f0da85d0b1f9af02484581d6d7dc7abaeb   00000000000000000004005a0000000000000000000000000000000000000000
3105000000   a0e73d0b71594e04c861828be8c44f5ec7652d4ec52a8d2bd702736c3d58a778   00000000000000000004005a0000000000000000000000000000000000000000
3106000000   f7e95148c04415900d9324b98d9073d0522f8b03b29a3820988df4a9e6dae09b   00000000000000000004005a0000000000000000000000000000000000000000
3107000000   96d7b26c26ce7e7b44b0ce9b87a2be5f2385bf2c69aea693cd7581645a9198d1   00000000000000000004005a0000000000000000000000000000000000000000
3108000000   b1a767aa5fd9ea322e39f721d8753c559d600c87b4af9188ff6123bc21d9abfa   00000000000000000004005a0000000000000000000000000000000000000000
3109000000   13f0eebea061bba931d43c8dfee258a2066c041da13b25e39fd35d380151a31b   00000000000000000004005a0000000000000000000000000000000000000000
3110000000   7ec79ddd6ebf5f5bb784efca662b0d33113e601eee56340343a3d469b77e88c6   00000000000000000004005a0000000000000000000000000000000000000000
3111000000   5b39182e782d02b899ae284019c2b2fbef576aa92fe2ff0a724edd63b557315c   00000000000000000004005a0000000000000000000000000000000000000000
3112000000   18f05f760ec18f3f5a664c49ed4fffc14e1924bf7a37190fb1e2661304db8a2d   00000000000000000004005a0000000000000000000000000000000000000000
3113000000   d4d259b43384c9a422f5c68201d658b7c5df5d29c7707e828921bbb57b3ff248   00000000000000000004005a0000000000000000000000000000000000000000
3114000000   4e45b43c7123572fa4fa386655f487d1a916168ae3555951bf8ff9f5a5bd06b8   00000000000000000004005a0000000000000000000000000000000000000000
3115000000   bf7821fb1cafaea05e27313b56b3609e2cc3d15a9cc8ca1cadc3179c46d70213   00000000000000000004005a0000000000000000000000000000000000000000
3116000000   5b0fa27f5ed2061a00ea92a1d1a98ff048111214cea14d4eeb92b1447ebe53bb   00000000000000000004005a0000000000000000000000000000000000000000
3117000000   01b804ebd3b3dcd4fa0ae3cbf66292c858c0085c653f3c4811ce6d45ecd4557c   00000000000000000004005a0000000000000000000000000000000000000000
3118000000   1b6bca6bd2ce9642cd4e3fd833aef534ca7af36105ff04ae508b4bda0bc6de70   00000000000000000004005a0000000000000000000000000000000000000000
3119000000   54f7597c18103b6067b7535b550e4e2066bc9fb0795dd29084929ac48523d4b1   00000000000000000004005a0000000000000000000000000000000000000000
3120000000   88e8334029177d7e4078ef3a8eaf140cfbae9f492fe945120943d9e54cb0c2e2   00000000000000000004005a0000000000000000000000000000000000000000
3121000000   bc9a62fe636fa5f06b22ff46917864c54b4f7e31ecadd9f78eb0a555e781b05e   00000000000000000004005a0000000000000000000000000000000000000000
3122000000   0ddd7724eb7e7b0679f4e48044e1b7178a5cbf179a79d9dede8256102b026bff   00000000000000000004005a0000000000000000000000000000000000000000
3123000000   9ea24aec95030be8f558addca78bbc04180d484ffd74417a54b0018b5e89c685   00000000000000000004005a0000000000000000000000000000000000000000
3124000000   2637170b148fd466b31fdba0c8dcae2d62f153f085199687f47e4f890e986141   00000000000000000004005a0000000000000000000000000000000000000000
3125000000   b2ff93819754b53afefd7993f358f1a99b9da8d9fb501cfeb0259be18c6d359b   00000000000000000004005a0000000000000000000000000000000000000000
3126000000   6ca55476f4167d5e9c203b0e90199bb841ee72b593237785bdb423ae21b010a5   00000000000000000004005a0000000000000000000000000000000000000000
3127000000   12f14fa04c2370fa4039bb63d1e66533dc8e5f53680465e4d1886b517d756141   00000000000000000004005a0000000000000000000000000000000000000000
3128000000   5e548712259efb72c239539aec423946eac2a23a1b175a6be780bc5ace97e767   00000000000000000004005a0000000000000000000000000000000000000000
3129000000   00f27133087a8982858f18785d9996060c428c642857127daad6361854570183   00000000000000000004005a0000000000000000000000000000000000000000
3130000000   b08cef4f450953226d0bf3737c66a1f89565f9e3a1a7aebe02209c1f4af089ad   00000000000000000004005a0000000000000000000000000000000000000000
3131000000   5d6ca04d3a0c97486a1c0b04394635cf601bbd72f88a716f03f24f44da9a1d6e   00000000000000000004005a0000000000000000000000000000000000000000
3132000000   a160e63c8b321c667e6b3cbd56e3e73c28a654ce5d57f97900abe881d2e1cd2d   00000000000000000004005a0000000000000000000000000000000000000000
3133000000   4097c57aa283c577648334a742d1dbbf798c2a036b24c45579f3bcc20d2661bd   00000000000000000004005a0000000000000000000000000000000000000000
3134000000   4fb70bb0b3b23466365c80ac8c6746b4fb76790f53dbdbb32f00d041a9297b61   00000000000000000004005a0000000000000000000000000000000000000000
3135000000   53847addacf6555fcdf52afbea6be2f95abebcad5db0c1d72c424d3baa346bf3   00000000000000000004005a0000000000000000000000000000000000000000
3136000000   09f058231ae1a20a61e36e02bcd7a94ec2cad9505905637bf6fb747109cc8b2e   00000000000000000004005a0000000000000000000000000000000000000000
3137000000   ab44a6a62b253c2919400561e97be3c1490fbf8387310188df1b917785d5febc   00000000000000000004005a0000000000000000000000000000000000000000
3138000000   5e8978a2cf656db6b22d2d0da17a05994081765d532e0447dd3ce99efaf3975e   00000000000000000004005a0000000000000000000000000000000000000000
3139000000   d8a8d5652c35b585b0daa759cd93e6e25a8bed1a740d834a621283f1a9f36c5b   00000000000000000004005a0000000000000000000000000000000000000000
3140000000   2625d16434a2320aaf110ee3cd213fa254170b5ffbaf6bb0f50fe2059c838075   00000000000000000004005a0000000000000000000000000000000000000000
3141000000   8a43a60489cccda5decc7d78635a7e9512e13ebebc3e0ed2ae81121dce55b1cc   00000000000000000004005a0000000000000000000000000000000000000000
3142000000   735e8018cd56123bd11315e3d721d71c44d9c5e8bb29497c9ca7bc0b9bb8b70e   00000000000000000004005a0000000000000000000000000000000000000000
3143000000   6204dfe48492d89f5809f5871bc1f552f9c090e4c29c63f0684034cc2935122a   00000000000000000004005a0000000000000000000000000000000000000000
3144000000   f5297f003657a730d86858ecf32eb4554c452ae5255b98258c56474350305481   00000000000000000004005a0000000000000000000000000000000000000000
3145000000   bc1d4b6b20e4ec846cdbedd5e6d00bfa12be4e272bf2b79de8b8d2ed5e5fbf80   00000000000000000004005a0000000000000000000000000000000000000000
3146000000   17f30105349b8b1f41422525c125b83b760bed1c98352340fa2cb390452f361f   00000000000000000004005a0000000000000000000000000000000000000000
3147000000   6f47303f25138743f96ab5d40b0e414b4da19c92ceee980c436fd4a96675264d   00000000000000000004005a0000000000000000000000000000000000000000
3148000000   b7453b684b339cac44130cfbd945e0fead5aac7aaa4c2f749abac895055bef65   00000000000000000004005a0000000000000000000000000000000000000000
3149000000   3fc9d68b995f5c27435b8cbc11b88aa42180585604987f28930efbbaadff6e5f   00000000000000000004005a0000000000000000000000000000000000000000
3150000000   27540affd19d04bb8d7ca7b2d5f07d6fcb5042c63114ace1f8949c5b806bdedb   00000000000000000004005a0000000000000000000000000000000000000000
3151000000   61027b0cce2e6d552e2c969120182713ce4ce8ba0edf70816e09839127366e08   00000000000000000004005a0000000000000000000000000000000000000000
3152000000   28895a17c4d3e756c732ad66e7606d5440bca2532c6701301655a13e5fcb81dc   00000000000000000004005a0000000000000000000000000000000000000000
3153000000   5b81c0a17bbb51e80176cb8e29e4c293027b7a59e79ac3aa75ed768d3afc5c7b   00000000000000000004005a0000000000000000000000000000000000000000
3154000000   7e624e765a0700983a59354aea611bff29edb235f679a1227dc19500a5bd8d5f   00000000000000000004005a0000000000000000000000000000000000000000
3155000000   abe440a3538386655be66c39a5f835721268223029aced2e6a8d36466fd01bd4   00000000000000000004005a0000000000000000000000000000000000000000
3156000000   165aed5ee9c0398ab321d0d18c0ecc6a2b9bcad58caf65888404b78bd2866cea   00000000000000000004005a0000000000000000000000000000000000000000
3157000000   c6d34e98f530901ea02ad481a53a56339e4a9a470a326ea53b6edb19f7b6d2df   00000000000000000004005a0000000000000000000000000000000000000000
3158000000   