debugnonce_start:  3000000000
Mining block template, height 827344...
header:  b'\x00\x00\x00 R\x99p\x9d\x0c\x03\xdb\xf9\x1f\x81\x13\x9e\xf9\xf3\xa5\xe5-\xdd\x18\x9d!\xb4\x00\x00\x00\x00\x00\x00\x00\x00\x00\x00\xe1\xd0(=h\xdd\x86\xca\x16,\xa5P\x9b*@\xf4Xx\xb5\xa9SWz\xae[\x8f\xd5\x1a\xb2leq\xa2\xa1\xb2eZ\x00\x04\x17\x00\x00\x00\x00'
3000000000   792fec93e80644acbcad506ba8a9a16575f886fd6ecb5a6ec98051ee601292ac   00000000000000000004005a0000000000000000000000000000000000000000
3001000000   51640a64c84ecf533e1eb10ab696a1f3bc206c36fb4acad1fe0037e68a9e1059   00000000000000000004005a0000000000000000000000000000000000000000
3002000000   eeb2efaed2683bd0baba5de7873af05a26495dc4af52352200ebfb6f448d879b   00000000000000000004005a0000000000000000000000000000000000000000
3003000000   e35c6c5697f7fc4002b92c74fe0af21360f3c7e6157b003b2dd4d22d8ecc1bf2   00000000000000000004005a0000000000000000000000000000000000000000
3004000000   789ede9e980d67fb316debd0a433f0308a2735c41512b265c191cd003d9de299   00000000000000000004005a0000000000000000000000000000000000000000
3005000000   a35e2c346c3c0ac31cedf758e6409cbc2b4cce9b667ecf6709f31df51b4e9b3a   00000000000000000004005a0000000000000000000000000000000000000000
3006000000   937132ddf641aafc1f2d45677d0dac2700c9ed9e4c8b707f19758ac59bb1e340   00000000000000000004005a0000000000000000000000000000000000000000
3007000000   6161083d65ea46a0d58d4d7e8169e3c73a365827062872716fb70a3013ffd4a9   00000000000000000004005a0000000000000000000000000000000000000000
3008000000   5f4f6c4923590cab95a4d23fea4cc0d62f7f430143f35d471fb9b0a8d8b6791c   00000000000000000004005a0000000000000000000000000000000000000000
3009000000   16ad50b9c82634ac4cfd9a57042e0d227da7d6f1d848beeeba5b336b6a89c2db   00000000000000000004005a0000000000000000000000000000000000000000
3010000000   1b824fba6dc1bbb1d025e3d2d341c93175e7eb9e14744d8eabffe010451eaa7e   00000000000000000004005a0000000000000000000000000000000000000000
3011000000   2bd2ce710cf78e92f5f8b9a01680fb0293ea96fdbb76494ebd339ca940913f52   00000000000000000004005a0000000000000000000000000000000000000000
3012000000   016b18368f8bf1def7bcbfc84c43e0488fbd447cabb692b0189021d4a19231f6   00000000000000000004005a0000000000000000000000000000000000000000
3013000000   4e8518f96006eccf65e9b8770cf70e7ddda86965a63b9fd72886d612669fd45c   00000000000000000004005a0000000000000000000000000000000000000000
3014000000   9340cec5c1052d723a3b2b4205f5da71d8c09badf0b57e681a7aca13e8784b79   00000000000000000004005a0000000000000000000000000000000000000000
3015000000   0a7e0965981759258428a7de0770d6513daebfac3fe8c2b842b13722ff64749f   00000000000000000004005a0000000000000000000000000000000000000000
3016000000   2bd3ed4df29089725afb6ac770c9cd2eac39f2a3a30ffcfb3170c414d8eed376   00000000000000000004005a0000000000000000000000000000000000000000
3017000000   e1a76866d81dec67a52eeae69c2dbd097eadce73706c488c82d8f6104ba538dc   00000000000000000004005a0000000000000000000000000000000000000000
3018000000   3fa27b676e7777d7ebd3f6030d56b8f11475eb52476f165b5097702172e77737   00000000000000000004005a0000000000000000000000000000000000000000
3019000000   36f8e41e9cf3a1954b1fd0135aa0cacd918ecfa73e9db4efcddcf8744f69bc8e   00000000000000000004005a0000000000000000000000000000000000000000
3020000000   705e9f818c71dcfa3f3d40cfe4afdd1a8d70785c8c6685670280930bb0384bd5   00000000000000000004005a0000000000000000000000000000000000000000
3021000000   b851d3b3f15e8dddaec0b2b503675a3641cd5695ccd6cffde66f28069ebfe5ba   00000000000000000004005a0000000000000000000000000000000000000000
3022000000   1c99de216e1f9300dae42778e895143ecfcf4c42b9773a83253dc9793a9f0df9   00000000000000000004005a0000000000000000000000000000000000000000
3023000000   8b66d35fe20873977144bb4b79b018a2e38129c89f9a41f7199d2ad6cb608eb6   00000000000000000004005a0000000000000000000000000000000000000000
new_height:  827345
debugnonce_start:  3000000000
Mining block template, height 827345...
header:  b'\x00\x00\x00 3\xeeH\xa5`\x1dp\xdc\xdaYl\x9f\x94^\\\xe08{h\x16B\xd1\x01\x00\x00\x00\x00\x00\x00\x00\x00\x00\x87SA\xd4\x14\x13c*d\xf4\x97\xdc\x0fD\xef\xa1\x95\xf0\x94x\xd2\x83}\\\x98\xcd\x1eH\xee\x0efn\x89\xa2\xb2eZ\x00\x04\x17\x00\x00\x00\x00'
3000000000   5d80a772b76c60d5030afb308fd84bcfc56c1f073b8c244a34a78577c843b5a5   00000000000000000004005a0000000000000000000000000000000000000000
3001000000   f1d04a34f76fe76214fd642851bcc79e1846aa2cf4caa86c79b61037dd80b4b4   00000000000000000004005a0000000000000000000000000000000000000000
3002000000   e78a1571f2eaf7263fa9334f414732ba30f0c8bdaca1be7e369b6916cc55a0dd   00000000000000000004005a0000000000000000000000000000000000000000
3003000000   78fed136177834743ce3bf07d415513ab9f7c408483c9ad56204982274630201   00000000000000000004005a0000000000000000000000000000000000000000
3004000000   bf0efe2b78b69fdad3618e940bc1c187b20ee3b69a46a1294f79bf30ef40d042   00000000000000000004005a0000000000000000000000000000000000000000
3005000000   a67f05737a4135fc4ebdb648617ec040e91c2c43c3358d2c61baf7ff8afd509e   00000000000000000004005a0000000000000000000000000000000000000000
3006000000   2f735217282942eb2c2a195c48e2c5df2983904c801949f324ca42066c575366   00000000000000000004005a0000000000000000000000000000000000000000
3007000000   7113be2bdf4f932eac7bad350ee7b1d9250d013998c75fc58ba6d4cee2ad5c67   00000000000000000004005a0000000000000000000000000000000000000000
3008000000   b545d2be350d01f928318a36200d5e17c105f07fb312e260fd2efb8885fa989c   00000000000000000004005a0000000000000000000000000000000000000000
3009000000   9f5b464858fbb5b1e6e7c4b406533f9e2e707c612d2b84a6b44346d6706f2b9c   00000000000000000004005a0000000000000000000000000000000000000000
3010000000   3b782297fcd66483d6e4a2dee86ddcffb0aa7cbe319474c86e1698286a01541b   00000000000000000004005a0000000000000000000000000000000000000000
3011000000   f8ef31b3b95775158ac04602fe60f75ad7aa45c716131ab9161994d39c13d71d   00000000000000000004005a0000000000000000000000000000000000000000
3012000000   74dd22f250bdc731766d2062f9de67edce6c1b924f6f596167c8d35c47d3cd39   00000000000000000004005a0000000000000000000000000000000000000000
3013000000   b8bdbc69a94f9ddf289dd8c5f331ebef481c5900acfee2db93529de2d8e0295d   00000000000000000004005a0000000000000000000000000000000000000000
3014000000   2042d3c86951621509064d4031193e9101d877e62f0b1224b0e686f15176590b   00000000000000000004005a0000000000000000000000000000000000000000
3015000000   881feaded1b4e353458421a92ebcf346865a82ddb43b47a38449edfa7977e383   00000000000000000004005a0000000000000000000000000000000000000000
3016000000   6f240ff5c07398a1f63a55944095100fc8170955a14a97198049059744657cdd   00000000000000000004005a0000000000000000000000000000000000000000
new_height:  827346
Traceback (most recent call last):
  File "/Users/sreenath/anaconda3/lib/python3.11/site-packages/pymongo/pool.py", line 932, in command
    return command(
           ^^^^^^^^
  File "/Users/sreenath/anaconda3/lib/python3.11/site-packages/pymongo/network.py", line 181, in command
    reply = receive_message(conn, request_id)
            ^^^^^^^^^^^^^^^^^^^^^^^^^^^^^^^^^
  File "/Users/sreenath/anaconda3/lib/python3.11/site-packages/pymongo/network.py", line 247, in receive_message
    length, _, response_to, op_code = _UNPACK_HEADER(_receive_data_on_socket(conn, 16, deadline))
                                                     ^^^^^^^^^^^^^^^^^^^^^^^^^^^^^^^^^^^^^^^^^^^
  File "/Users/sreenath/anaconda3/lib/python3.11/site-packages/pymongo/network.py", line 336, in _receive_data_on_socket
    raise OSError("connection closed")
OSError: connection closed

The above exception was the direct cause of the following exception:

Traceback (most recent call last):
  File "/Users/sreenath/Documents/bitcoin_code/ntgbtminer/ntgbtminer.py", line 573, in <module>
    standalone_miner(sys.argv[1].encode().hex(), sys.argv[2], int(sys.argv[3]) )
  File "/Users/sreenath/Documents/bitcoin_code/ntgbtminer/ntgbtminer.py", line 549, in standalone_miner
    block_template = rpc_getblocktemplate()
                     ^^^^^^^^^^^^^^^^^^^^^^
  File "/Users/sreenath/Documents/bitcoin_code/ntgbtminer/ntgbtminer.py", line 82, in rpc_getblocktemplate
    data = m.read("blocktemplate", {"_id":1})
           ^^^^^^^^^^^^^^^^^^^^^^^^^^^^^^^^^^
  File "/Users/sreenath/Documents/bitcoin_code/ntgbtminer/db.py", line 18, in read
    for d in data:
  File "/Users/sreenath/anaconda3/lib/python3.11/site-packages/pymongo/cursor.py", line 1262, in next
    if len(self.__data) or self._refresh():
                           ^^^^^^^^^^^^^^^
  File "/Users/sreenath/anaconda3/lib/python3.11/site-packages/pymongo/cursor.py", line 1179, in _refresh
    self.__send_message(q)
  File "/Users/sreenath/anaconda3/lib/python3.11/site-packages/pymongo/cursor.py", line 1060, in __send_message
    response = client._run_operation(
               ^^^^^^^^^^^^^^^^^^^^^^
  File "/Users/sreenath/anaconda3/lib/python3.11/site-packages/pymongo/_csot.py", line 108, in csot_wrapper
    return func(self, *args, **kwargs)
           ^^^^^^^^^^^^^^^^^^^^^^^^^^^
  File "/Users/sreenath/anaconda3/lib/python3.11/site-packages/pymongo/mongo_client.py", line 1388, in _run_operation
    return self._retryable_read(
           ^^^^^^^^^^^^^^^^^^^^^
  File "/Users/sreenath/anaconda3/lib/python3.11/site-packages/pymongo/_csot.py", line 108, in csot_wrapper
    return func(self, *args, **kwargs)
           ^^^^^^^^^^^^^^^^^^^^^^^^^^^
  File "/Users/sreenath/anaconda3/lib/python3.11/site-packages/pymongo/mongo_client.py", line 1526, in _retryable_read
    with self._conn_from_server(read_pref, server, session) as (
  File "/Users/sreenath/anaconda3/lib/python3.11/contextlib.py", line 137, in __enter__
    return next(self.gen)
           ^^^^^^^^^^^^^^
  File "/Users/sreenath/anaconda3/lib/python3.11/site-packages/pymongo/mongo_client.py", line 1324, in _conn_from_server
    with self._checkout(server, session) as conn:
  File "/Users/sreenath/anaconda3/lib/python3.11/contextlib.py", line 137, in __enter__
    return next(self.gen)
           ^^^^^^^^^^^^^^
  File "/Users/sreenath/anaconda3/lib/python3.11/site-packages/pymongo/mongo_client.py", line 1246, in _checkout
    with server.checkout(handler=err_handler) as conn:
  File "/Users/sreenath/anaconda3/lib/python3.11/contextlib.py", line 137, in __enter__
    return next(self.gen)
           ^^^^^^^^^^^^^^
  File "/Users/sreenath/anaconda3/lib/python3.11/site-packages/pymongo/pool.py", line 1598, in checkout
    conn = self._get_conn(handler=handler)
           ^^^^^^^^^^^^^^^^^^^^^^^^^^^^^^^
  File "/Users/sreenath/anaconda3/lib/python3.11/site-packages/pymongo/pool.py", line 1714, in _get_conn
    conn = self.connect(handler=handler)
           ^^^^^^^^^^^^^^^^^^^^^^^^^^^^^
  File "/Users/sreenath/anaconda3/lib/python3.11/site-packages/pymongo/pool.py", line 1563, in connect
    conn.hello()
  File "/Users/sreenath/anaconda3/lib/python3.11/site-packages/pymongo/pool.py", line 778, in hello
    return self._hello(None, None, None)
           ^^^^^^^^^^^^^^^^^^^^^^^^^^^^^
  File "/Users/sreenath/anaconda3/lib/python3.11/site-packages/pymongo/pool.py", line 822, in _hello
    doc = self.command("admin", cmd, publish_events=False, exhaust_allowed=awaitable)
          ^^^^^^^^^^^^^^^^^^^^^^^^^^^^^^^^^^^^^^^^^^^^^^^^^^^^^^^^^^^^^^^^^^^^^^^^^^^
  File "/Users/sreenath/anaconda3/lib/python3.11/site-packages/pymongo/helpers.py", line 315, in inner
    return func(*args, **kwargs)
           ^^^^^^^^^^^^^^^^^^^^^
  File "/Users/sreenath/anaconda3/lib/python3.11/site-packages/pymongo/pool.py", line 960, in command
    self._raise_connection_failure(error)
  File "/Users/sreenath/anaconda3/lib/python3.11/site-packages/pymongo/pool.py", line 1134, in _raise_connection_failure
    _raise_connection_failure(self.address, error)
  File "/Users/sreenath/anaconda3/lib/python3.11/site-packages/pymongo/pool.py", line 406, in _raise_connection_failure
    raise AutoReconnect(msg) from error
pymongo.errors.AutoReconnect: localhost:27017: connection closed
