debugnonce_start:  2000000000
Mining block template, height 827344...
header:  b"\x00\x00\x00 R\x99p\x9d\x0c\x03\xdb\xf9\x1f\x81\x13\x9e\xf9\xf3\xa5\xe5-\xdd\x18\x9d!\xb4\x00\x00\x00\x00\x00\x00\x00\x00\x00\x00+\x1d\xd5\xf7\x10j\xda\xde\x17k\x0b\x91\xac5\xad\x03U\xa1\x08(\t\xb0\xf3\xf9\x1f\xd4\x85{\x91\xa3'\xa9\xa2\xa1\xb2eZ\x00\x04\x17\x00\x00\x00\x00"
2000000000   32bfd37e532388d9fbefe90ad62547655a46a334520dc3945756d8c86edd3916   00000000000000000004005a0000000000000000000000000000000000000000
2001000000   53fa4a5896f162d5bbf47084e46ea04d943e41d14410c323628d09b6bd7b2d35   00000000000000000004005a0000000000000000000000000000000000000000
2002000000   ed57bb484f0e4b3e6951abb3677e8839fe6a85b1587c99220d53e31703e5bf71   00000000000000000004005a0000000000000000000000000000000000000000
2003000000   762135a29e8afde7c799c6f85d4b841160bd02956707e24e982d0a45eacd85bd   00000000000000000004005a0000000000000000000000000000000000000000
2004000000   956da44eabc76d5771da8e366cb4a2882e71b9cf058ebcbc72f3ee3cb658ae5b   00000000000000000004005a0000000000000000000000000000000000000000
2005000000   83024306dab0a65c198dc36d3fe54224a2226b8eb18135cc51307dd888bdcdbd   00000000000000000004005a0000000000000000000000000000000000000000
2006000000   82d6ad01908ebd0013eeb222c76123f6d540dfcc9d8aa532f99065c1eb3660af   00000000000000000004005a0000000000000000000000000000000000000000
2007000000   4987b92b9a1864a8645dd3899db5695701e8441662ae54d09a4a0f3656c960ff   00000000000000000004005a0000000000000000000000000000000000000000
2008000000   5eaaac14b19d5b3aec8752eaa9ae21aafd30512037fd4b4f3518ab990c23cdb2   00000000000000000004005a0000000000000000000000000000000000000000
2009000000   82eeab1d44f59b0e2bbe39bbf58eb1f5cc7ee23a0f00216a256d7891dcebe8f3   00000000000000000004005a0000000000000000000000000000000000000000
2010000000   dde87bfd20de0dcf3809a74f7925032d0645794646bd28b22534a58108c0fa89   00000000000000000004005a0000000000000000000000000000000000000000
2011000000   c7e9438c265939b92a62d530268cd0d63a86351ee6de73296659235a8dbb3add   00000000000000000004005a0000000000000000000000000000000000000000
2012000000   11bfbccaca52fe22447d796f3afdfa3c8798b6e4e7fdd0e4171e13c8028e9867   00000000000000000004005a0000000000000000000000000000000000000000
2013000000   7397e5c00538f0d139a45ed30fa9eb37bcd649aec5032e2bf461ee56901b4298   00000000000000000004005a0000000000000000000000000000000000000000
2014000000   f64a2731b2e4743757d8393cc1d264831748a42ce5807f0fb95bfebe259c2fcd   00000000000000000004005a0000000000000000000000000000000000000000
2015000000   77f1c10923f2118f490bf7c030ba76262aaa81ded73764044d682b2f2f161bfe   00000000000000000004005a0000000000000000000000000000000000000000
2016000000   bc5fa398d0b01e8b9d3484a029e3aa0dbd0fb63ede0eda8365612dbb2f924c59   00000000000000000004005a0000000000000000000000000000000000000000
2017000000   cbce82c3acfba250cab8f0899412fa4b88f4ebeb87b8ac7fd8e48774667850ac   00000000000000000004005a0000000000000000000000000000000000000000
2018000000   97fc788b63b512bb462e4f073a9134cea5ab8b1a1bcfde1dc75aa24dbecde18e   00000000000000000004005a0000000000000000000000000000000000000000
2019000000   0a303823723adb5593ae0d32a6e33b1f6f075bd370b052a36fdf1a5e7001d449   00000000000000000004005a0000000000000000000000000000000000000000
2020000000   fee3e23693ff59e694e60f4787106ceb9761e002c9b6bfee1569d4f24c14e5a4   00000000000000000004005a0000000000000000000000000000000000000000
2021000000   4c58f1e333cd6b07226ccc1e6003fe8f45602164b21115a8923c66c189c53880   00000000000000000004005a0000000000000000000000000000000000000000
2022000000   d8d4a6b83fc42bfc9a1cf0d0bb903b529cc6804cb7b20835c78448f87429ffad   00000000000000000004005a0000000000000000000000000000000000000000
2023000000   cc92c01aac47582fe889c2a241f7bd81e52e8ff76fd191a7fbe5074e57800990   00000000000000000004005a0000000000000000000000000000000000000000
2024000000   1f9e6a0d4bd43ab530206bff5661e14ec7f41450a9cd9605f3f63048242f7676   00000000000000000004005a0000000000000000000000000000000000000000
new_height:  827345
debugnonce_start:  2000000000
Mining block template, height 827345...
header:  b"\x00\x00\x00 3\xeeH\xa5`\x1dp\xdc\xdaYl\x9f\x94^\\\xe08{h\x16B\xd1\x01\x00\x00\x00\x00\x00\x00\x00\x00\x00\xa8\x1f\xccJ\x0f1;\xd3\xf2\xb2'\xeby\xf1\x981}\xac\x14\x7ftJ\x80?A@\xf9\xd98\xa4\x93\xf5\x89\xa2\xb2eZ\x00\x04\x17\x00\x00\x00\x00"
2000000000   424e6700b494aeb986dfa7ac05c532705ed25a76101076560d9dfb1e936ae979   00000000000000000004005a0000000000000000000000000000000000000000
2001000000   19b428a8fc504b8b2ae2163ec0461d6968266a2055ba54ffbd82067840580c52   00000000000000000004005a0000000000000000000000000000000000000000
2002000000   97cda359b5875b819fc65206c6fd31f2c9e72a2e2449fdadfbedf3e9c6aa0dcc   00000000000000000004005a0000000000000000000000000000000000000000
2003000000   778eccbd610289975b745a8671c2defd30dacaaffed748d0b7fd6f6a44937585   00000000000000000004005a0000000000000000000000000000000000000000
2004000000   f057fffb3f05f4d5b58139c73a32e0eaca02e024a0d191f03bf621ca77ca3429   00000000000000000004005a0000000000000000000000000000000000000000
2005000000   90d033337b4e8381da46ec5dcd22c0f9d01207653b0cc7549f4f23b0924811ca   00000000000000000004005a0000000000000000000000000000000000000000
2006000000   b355a05a6f3d7bd49305b1cca502b46de22e2cffb1196274ad14cfd0ad08bcc6   00000000000000000004005a0000000000000000000000000000000000000000
2007000000   4d81afd932c1ce381568cedbe27fdeb4d31265488800d763f38eed542597247e   00000000000000000004005a0000000000000000000000000000000000000000
2008000000   7462428411e3b31a7896447419dd580328fe26f62403ce41e8ad5537816a43a1   00000000000000000004005a0000000000000000000000000000000000000000
2009000000   62e686489bb35e337038b1a5595950763f878ade3ef7f7c63adac10a69547df6   00000000000000000004005a0000000000000000000000000000000000000000
2010000000   ed9e2ee040e3d3a1346e9ce3018d85118955bc2f52ff8aa6145205a1812135b4   00000000000000000004005a0000000000000000000000000000000000000000
2011000000   e0e97b227ee7f3122c08cd42b083b899d43ac991ef683139f322a1b26479856d   00000000000000000004005a0000000000000000000000000000000000000000
2012000000   61376e8f772ecff8bc5fc452cd8b00b409bac07f0cc783eee3e8950fdcd53b2d   00000000000000000004005a0000000000000000000000000000000000000000
2013000000   a634889a0f760f332a6f04d357b02fc8874cb5427023c50950056c1f2126dd22   00000000000000000004005a0000000000000000000000000000000000000000
2014000000   ff6e8b1c48a622a5d92e66f8a509e63683164c813b41eade07e9192a101aa775   00000000000000000004005a0000000000000000000000000000000000000000
2015000000   1f78f1fbf471da5fd6b576068ce4c2f428b017b7da5d45f28973c243e93cf4eb   00000000000000000004005a0000000000000000000000000000000000000000
2016000000   2182cac739bce39d4520d96f6e6cc1f54b561e8dbd68abe3603520320e8a6148   00000000000000000004005a0000000000000000000000000000000000000000
2017000000   6509a240bdc874cfc731278d5c3ae325bab366033f2809ac7dfa64a107b8c550   00000000000000000004005a0000000000000000000000000000000000000000
new_height:  827346
debugnonce_start:  2000000000
Mining block template, height 827346...
header:  b'\x00\x00\x00 \t8\xe6\x97\xcb\x94!\xeb0\xb8fY\x95\x89iE\x95\xa0P\xa7\xa4\x17\x03\x00\x00\x00\x00\x00\x00\x00\x00\x00\x8fz80\xc5z\x95@A\xc3+c\xd8N\x1e\x92\xdb\xbd\xf9\xc9\x8d\xa0\x95\xa4\xbf=\xe9\x1f\x9e@\x12\xde1\xa3\xb2eZ\x00\x04\x17\x00\x00\x00\x00'
2000000000   007cd1d9dab872961aac44bef749c5635af1ce2ea61be9af1bde7d16068deda7   00000000000000000004005a0000000000000000000000000000000000000000
2001000000   b611ddbb24641af00e5674823f7eaa30710d514577cc500185ee2d0e51bd1353   00000000000000000004005a0000000000000000000000000000000000000000
2002000000   bc760929ed2ccd914d8a57fbb5a883d08725f3b20165fb4344342807bda0dacf   00000000000000000004005a0000000000000000000000000000000000000000
2003000000   bb3bc786db5e2211a5c744249ffe434f1a293a53edc0d78339f6dcac500a120e   00000000000000000004005a0000000000000000000000000000000000000000
2004000000   d3c8e0a25fc552e41f364767f8f4824586df69afd0e5d0a9d3e0a37064adcddb   00000000000000000004005a0000000000000000000000000000000000000000
2005000000   1d5a9937c1568b1a0a9fc9ef831361de107a61c568852aa1aa27503f9ec5802c   00000000000000000004005a0000000000000000000000000000000000000000
2006000000   44097fc7c48c268c0058c8a80a3e27b483d19148ce4a50d72e382f8771e7d557   00000000000000000004005a0000000000000000000000000000000000000000
2007000000   91803c3484c455d85ce428e3a29b1945120811ca3a3d5256a13fb06feb92a1b8   00000000000000000004005a0000000000000000000000000000000000000000
2008000000   03c7b0581a0d65ee37493c08c69e3876217c2621605835f942b5dc9e834ec0cb   00000000000000000004005a0000000000000000000000000000000000000000
2009000000   2554967e23f29963231de17d4d3838c4d8581a4a59f31127107c031464c9b19c   00000000000000000004005a0000000000000000000000000000000000000000
2010000000   9daa4348ed6e8e8dc566f582ffe39be7bf50131a6e7fb7aac1df744872faad5b   00000000000000000004005a0000000000000000000000000000000000000000
2011000000   ab3009dcc91a8a0871514499542a5c94df6583f6aaa3f6dfa0d0ecc92e9b997e   00000000000000000004005a0000000000000000000000000000000000000000
2012000000   52d3bb0a5a8c8f3d07afa445aeb086fa078e52d3aca34bc4c2dcbe22718b2f37   00000000000000000004005a0000000000000000000000000000000000000000
2013000000   b23adea4b38ce51bb80af2d78d67c1ccc8aafabe82ad403d8ea834dcd146c7bf   00000000000000000004005a0000000000000000000000000000000000000000
2014000000   1d4d535da43632060169fc9fefc9068f3d780aeb55cc8f7e14d7fbbd99b8d1d4   00000000000000000004005a0000000000000000000000000000000000000000
2015000000   e7ae9aef4b8b952780fba6306286197be2268ff27a8bbea9f59a98aca6f31771   00000000000000000004005a0000000000000000000000000000000000000000
2016000000   184b91124764fa4ea98f05cf553221fac5c89eeab5ca988a0eee69360c4473df   00000000000000000004005a0000000000000000000000000000000000000000
2017000000   a05005c4fc84edcb2df04094b24c695300f37a0f3572afd6fced9cc0da8b6120   00000000000000000004005a0000000000000000000000000000000000000000
2018000000   a0883783184ceb474ae19ba0d6e5b6c524ade0ccd23dda532de91ac95bbd19ba   00000000000000000004005a0000000000000000000000000000000000000000
2019000000   d2b6372c6f9d12089e0a02c37db04bd0ca37d9f3292f4fe321fad36d718f4218   00000000000000000004005a0000000000000000000000000000000000000000
2020000000   b65f00315546767b732ff23c401eff29a311d04463eac80127fd3b08b0bb269b   00000000000000000004005a0000000000000000000000000000000000000000
2021000000   255d87617c0737546ac7d5f0fb7121cb409d017742b793cad48a94fe49b71ee2   00000000000000000004005a0000000000000000000000000000000000000000
2022000000   e401fa08d1413c20a14f9be124c7bf884b01391a0e508ef9d65cfe5dff0cf7f9   00000000000000000004005a0000000000000000000000000000000000000000
2023000000   f2cff2990dc894283aa53611978c9701e4f5005dfdb84afc779935798b590190   00000000000000000004005a0000000000000000000000000000000000000000
2024000000   c061b87100a4e6403b939977f8fdaa0c523e47e18a1346d6f5d8ea8431014006   00000000000000000004005a0000000000000000000000000000000000000000
2025000000   e2c5d7646609afc401392edbc7e6e17585ba878388ea75c4d0d7d5f75e6b7cfa   00000000000000000004005a0000000000000000000000000000000000000000
2026000000   82c9ee06c64bbbe2b253041d627ee33da8deaafb40549aead1b4e35a66ddb84b   00000000000000000004005a0000000000000000000000000000000000000000
2027000000   6c0ed3dfca91b444e7d1be3df936b531028c0bc749c626f2eac01fa39f49ca15   00000000000000000004005a0000000000000000000000000000000000000000
2028000000   13999ab2dfe0c6d75de79fb4dbc833bde708565039fe347daa6418d46626677b   00000000000000000004005a0000000000000000000000000000000000000000
2029000000   b334f33645b8b8755e0abba326328b9450bcc6a64ae7ef3499de40ff191a48d9   00000000000000000004005a0000000000000000000000000000000000000000
2030000000   7a1a8c6e69161de622eb7d54d4708bb09b15b59b49b9f179023c11d19f292b55   00000000000000000004005a0000000000000000000000000000000000000000
2031000000   e340603e9b2bc678721fc0b8baf3a080098c46a1fafb26e59d5859f9ee7c4bf6   00000000000000000004005a0000000000000000000000000000000000000000
2032000000   c7935bf56ef37a7119ca977d27cf6f7a95e75430e70c34638bf7921f7b86d510   00000000000000000004005a0000000000000000000000000000000000000000
2033000000   33e701d99cf05ca7ee26f7840b30fec97fc61f2d168a02923dd43dd17fdb41b7   00000000000000000004005a0000000000000000000000000000000000000000
2034000000   0f2c7ab84f5b15f6c0b7f96c8a3e188c76aed237046a8ad535153fb28c40b6ec   00000000000000000004005a0000000000000000000000000000000000000000
2035000000   97b6ee37ba093a83fd8d0f9d264f7cb805cad2d57be9137b0a178812359da462   00000000000000000004005a0000000000000000000000000000000000000000
2036000000   b0b335433e39286370cfd84c1d3cd54d6b76dc9ae1153fe53fdf3ec46c926ff2   00000000000000000004005a0000000000000000000000000000000000000000
2037000000   f5d08e7c77a996504288f35efd826ba36c62aacc01e3bb55b55d1313cad6c1f2   00000000000000000004005a0000000000000000000000000000000000000000
2038000000   1e909cd0ed92539a7b204565a091b649be0f87e31f1e20f4a66b25c69c0e9cb8   00000000000000000004005a0000000000000000000000000000000000000000
2039000000   639b63e58d0b7ce135411eaccaebeb3a97c85409a6b5712f6aa4cf7a54e048b8   00000000000000000004005a0000000000000000000000000000000000000000
2040000000   d761a21c081a1677f51e2c3bc6f1a064d7463843ccd49839288783fb039a145c   00000000000000000004005a0000000000000000000000000000000000000000
2041000000   5dab24ec11a66c33884cd3d4aa592e1173f97e925e9c9f407d8f0c2ed7a4a1aa   00000000000000000004005a0000000000000000000000000000000000000000
2042000000   62abb49fe4c29547472a2d3030dbe246765260b139c84053d2db6f22395a3227   00000000000000000004005a0000000000000000000000000000000000000000
2043000000   74b3c36a7e17523ca495f7373b7cefa59e2501faceac61cbc26008048a49b4ed   00000000000000000004005a0000000000000000000000000000000000000000
2044000000   969d1ae5046a8f4fcf72997607333090fc483e664c095a3f96fbf8b914d43383   00000000000000000004005a0000000000000000000000000000000000000000
2045000000   ac3be1160d0a9f98e8f7494f974e9695d32d2cbe721bc581a7496a0dd93757af   00000000000000000004005a0000000000000000000000000000000000000000
2046000000   3b1e158e24327fc31c0d017b66f62942cde5bbc142a1c3a0f89b7720041071b7   00000000000000000004005a0000000000000000000000000000000000000000
2047000000   6dc92554b62f213acb33020ec19498bcd3c3de26345ae6dd6e848d5f4708cdc8   00000000000000000004005a0000000000000000000000000000000000000000
2048000000   b674614f691689bd1a602cd1e5403bf233a7656117b6ed2f6de680835be14228   00000000000000000004005a0000000000000000000000000000000000000000
2049000000   90cc0b1459debc7a8f0de2ad47aa8be218d94a339d285e1eb58314e190bf0cc7   00000000000000000004005a0000000000000000000000000000000000000000
2050000000   c9d30e7e0a2a7d7126085ea2af3e9c7030eefc599739dba2a6a8ef20bd87ec5c   00000000000000000004005a0000000000000000000000000000000000000000
2051000000   32e19e47d591a0c3fa70849a3ac97377ce84c530fbc8cf6c1cd007565197f172   00000000000000000004005a0000000000000000000000000000000000000000
2052000000   fffc382ce8a6a9d4f0766abc482205aa016d197c2b1ac7ceb27ead477e6228c5   00000000000000000004005a0000000000000000000000000000000000000000
2053000000   c543261a907f78112893dbcfc38bac3b744a9c20d8b332f9be34e96dcf8f201c   00000000000000000004005a0000000000000000000000000000000000000000
2054000000   fa4c93cd4efb923b9936b3e1abcb93390cbe5fb2e91be54074cb74d6a411cc62   00000000000000000004005a0000000000000000000000000000000000000000
2055000000   782d25f7ded7b048b586a2a3678c231b65ea041987a6e3e1a777ee2a37cc17a1   00000000000000000004005a0000000000000000000000000000000000000000
2056000000   956a439ea6f00cba54ed28a394453a51f1cd6952bcc217765b1f974e264f0cc7   00000000000000000004005a0000000000000000000000000000000000000000
2057000000   8397e70d399b4790d5bddde1efc205b60a80a6f9596be7436d9805cbfd481f50   00000000000000000004005a0000000000000000000000000000000000000000
2058000000   267487971b1ea54e4a712b7d1dbf8d4c4a31d4ea689c163632500875bf79cee7   00000000000000000004005a0000000000000000000000000000000000000000
2059000000   ec8b8261e51f31a77586983aadff2b32d12db63248dd543329e97c6e9e2256d5   00000000000000000004005a0000000000000000000000000000000000000000
2060000000   34e775d41229b518e1d40d497676310dff02bc018ff8891cfa57a64d6afcb77e   00000000000000000004005a0000000000000000000000000000000000000000
2061000000   d1235abfc69675bfc746c0db9c5017c9ab0e59d9f7e24d735e9f5780e7346683   00000000000000000004005a0000000000000000000000000000000000000000
2062000000   1fc41cccbf8b3e8f6e6a5091da52d7f1f547ad831c95280c607daa131f7723b6   00000000000000000004005a0000000000000000000000000000000000000000
2063000000   b4de73b4a67c7797ecfd76b974ec3611abc21198e6209a8ea3e95536178a15cd   00000000000000000004005a0000000000000000000000000000000000000000
2064000000   08bc46bb17fd038968bf78525f26c62130ed1255d44eb8c7887dad77038f7621   00000000000000000004005a0000000000000000000000000000000000000000
2065000000   42e695dee09889513113719712e08139fbf9d75f4ea77e83965502bc6faeac50   00000000000000000004005a0000000000000000000000000000000000000000
new_height:  827347
RPC_URL: http://127.0.0.1:8332
RPC_USER: sree
RPC_PASS: admin
Traceback (most recent call last):
  File "/Users/sreenath/Documents/bitcoin_code/ntgbtminer/ntgbtminer.py", line 573, in <module>
    standalone_miner(sys.argv[1].encode().hex(), sys.argv[2], int(sys.argv[3]) )
  File "/Users/sreenath/Documents/bitcoin_code/ntgbtminer/ntgbtminer.py", line 549, in standalone_miner
    block_template = rpc_getblocktemplate()
                     ^^^^^^^^^^^^^^^^^^^^^^
  File "/Users/sreenath/Documents/bitcoin_code/ntgbtminer/ntgbtminer.py", line 85, in rpc_getblocktemplate
    out = rpc("getblocktemplate", [{"rules": ["segwit"]}])
          ^^^^^^^^^^^^^^^^^^^^^^^^^^^^^^^^^^^^^^^^^^^^^^^^
  File "/Users/sreenath/Documents/bitcoin_code/ntgbtminer/ntgbtminer.py", line 58, in rpc
    with urllib.request.urlopen(request) as f:
         ^^^^^^^^^^^^^^^^^^^^^^^^^^^^^^^
  File "/Users/sreenath/anaconda3/lib/python3.11/urllib/request.py", line 216, in urlopen
    return opener.open(url, data, timeout)
           ^^^^^^^^^^^^^^^^^^^^^^^^^^^^^^^
  File "/Users/sreenath/anaconda3/lib/python3.11/urllib/request.py", line 525, in open
    response = meth(req, response)
               ^^^^^^^^^^^^^^^^^^^
  File "/Users/sreenath/anaconda3/lib/python3.11/urllib/request.py", line 634, in http_response
    response = self.parent.error(
               ^^^^^^^^^^^^^^^^^^
  File "/Users/sreenath/anaconda3/lib/python3.11/urllib/request.py", line 563, in error
    return self._call_chain(*args)
           ^^^^^^^^^^^^^^^^^^^^^^^
  File "/Users/sreenath/anaconda3/lib/python3.11/urllib/request.py", line 496, in _call_chain
    result = func(*args)
             ^^^^^^^^^^^
  File "/Users/sreenath/anaconda3/lib/python3.11/urllib/request.py", line 643, in http_error_default
    raise HTTPError(req.full_url, code, msg, hdrs, fp)
urllib.error.HTTPError: HTTP Error 503: Service Unavailable
