debugnonce_start:  0
Mining block template, height 827458...
header:  b'\x00\x00\x00 \xf7\xa2\x89\x88\x01f\x153\x13\x82\x08\xab\x16LF\x8b\xb0\xc0\r\xf6l\xc9\x02\x00\x00\x00\x00\x00\x00\x00\x00\x00\xe7\xd8\xa0\x87\x18\xc1\xef(\xaa\x80\xa7\x02\xd4\x06\xa0.\xa9\xfb\x1ezI\xf1\x08>;\xf8 9\xa3<BCy\x91\xb3eZ\x00\x04\x17\x00\x00\x00\x00'
0   11e6397218683feaf69aa6428f53b065786b8e5a54c654747bb1240fa01740c5   00000000000000000004005a0000000000000000000000000000000000000000
1000000   d8cdd880db95f6c0b738acf01fae81749ca801b4cd15af70ef6d7e95bacf00e0   00000000000000000004005a0000000000000000000000000000000000000000
2000000   9437773ea69dfdbfc89a146a4c97cc474192625c535e7773beb73f0661b90f66   00000000000000000004005a0000000000000000000000000000000000000000
3000000   87eed96d80ef0c3091efb9586f10191d952605f82e930a40d9109b9280dfc0af   00000000000000000004005a0000000000000000000000000000000000000000
4000000   ce0bc900413818776d9321ca1bf716d7475a14b4fc52be6c033621a38060d4e9   00000000000000000004005a0000000000000000000000000000000000000000
5000000   784f56c6762d135bd5aeeab068841f0122c7a5c1ce6094cb58a1c747c6d8e9d0   00000000000000000004005a0000000000000000000000000000000000000000
6000000   04153f746e18ecfca45c91494f13524fde5e528729671b7e8f11d8f5600c8e70   00000000000000000004005a0000000000000000000000000000000000000000
7000000   f759e78c2adbc1252f8ff8b36ab2cc910e2c6049b2bf35871e624a421f1209d5   00000000000000000004005a0000000000000000000000000000000000000000
8000000   85e4597e219b24543bcd1a77c7a4e74ab5b05d70aec1425e6e56f727c9e82fa9   00000000000000000004005a0000000000000000000000000000000000000000
9000000   338ace5d2a79fcf5303fb10c40eba85d4e3e49560d176b9f68174b3447c29bc5   00000000000000000004005a0000000000000000000000000000000000000000
10000000   2c074cbe04914141a925bfec584904f3a77122c39e8e95ed1a793b62822543eb   00000000000000000004005a0000000000000000000000000000000000000000
11000000   e47eb9b026247ed6c32860a1e48b1284b98a4b593ee62720caa5f40780acd756   00000000000000000004005a0000000000000000000000000000000000000000
12000000   8ed5071a06cbd44b2d5dbec64a958a6fd01424fd8ee0508d14c247000961984c   00000000000000000004005a0000000000000000000000000000000000000000
13000000   5332a9035d3aecd6e512a3d0e13930dff66b4216c317c1b1c4b3b81059e0a37d   00000000000000000004005a0000000000000000000000000000000000000000
14000000   876c8b1852b95067acaa1dee24ce704abdd6a8a76f569237805ea450c48bddbc   00000000000000000004005a0000000000000000000000000000000000000000
15000000   c8b7592977d843aa1b62d3c98ca71a37c33e0e3ca7395234e8b20d1f51cfc23f   00000000000000000004005a0000000000000000000000000000000000000000
16000000   20c530bf791c6e6bd3656fdada04de1ecf9a5cea9795bc41c17142c9c7d3b823   00000000000000000004005a0000000000000000000000000000000000000000
17000000   401e6861adacad2ff69e6a6918ab1d12b9925c3deed9d047cfae0ed1519e63dc   00000000000000000004005a0000000000000000000000000000000000000000
18000000   16daff3901486e2d1c0937e73baa3ff249e3fae3cc7f09b72138cdea910e6f13   00000000000000000004005a0000000000000000000000000000000000000000
19000000   8e2fb47d9305b08a20be37d04e225355b9c22202319b9b1e43da465030771511   00000000000000000004005a0000000000000000000000000000000000000000
20000000   0b170d62ab0936bbaf6704d156ce6c106e824c37dd796d5944bd72f266a38aa1   00000000000000000004005a0000000000000000000000000000000000000000
21000000   e8dd7438673da0a6617b18b75fb2dfeee2d8e60d0d6a1a376f7ccd30b85dbe82   00000000000000000004005a0000000000000000000000000000000000000000
22000000   0fd70ba3c34f33801f1eebe447aa2e8ac0ad8472626e65bc522cfefd1c66f5ab   00000000000000000004005a0000000000000000000000000000000000000000
23000000   28c0c23c37baa6a74a5da323c274597418d41190035a4786852e3a8340926c51   00000000000000000004005a0000000000000000000000000000000000000000
24000000   4bdc3fdf65e489326e85b31dc89219230374909f8e1e1384a55d67ab28fc535d   00000000000000000004005a0000000000000000000000000000000000000000
25000000   ffc0336285147c04e742c1e69ae4e9795b041d33011340d95cfcadc83c8c4f08   00000000000000000004005a0000000000000000000000000000000000000000
26000000   3d93196108823d060e56bdbf324fd1891fd87b6dcf563f6c66c115111b913fab   00000000000000000004005a0000000000000000000000000000000000000000
27000000   212c4b8251fa133096a5da09321b744d9558ec2d55fab76c3c8281ded54afea4   00000000000000000004005a0000000000000000000000000000000000000000
28000000   f2fb9469afdbf4d23c0c6691a59a0c0cd26312acfcfd84e69b0fe2487180246f   00000000000000000004005a0000000000000000000000000000000000000000
29000000   cfa6ba22778a536e3c77517b0f698adda6457be5a1e080bed533de18b0d08c5b   00000000000000000004005a0000000000000000000000000000000000000000
30000000   df016f9c5ad77fb3d4a0c00d75d42f3ecd6a5d723d663e4d77a3fb91a136ec75   00000000000000000004005a0000000000000000000000000000000000000000
31000000   a66a97de135745443fe070d3befe09f455916a6c7453dded354278eb4e97492d   00000000000000000004005a0000000000000000000000000000000000000000
32000000   be79c58961e4d30bc2998ffd2e1fcb948deeb727fe2445a9fb5f5b069cc6d2f0   00000000000000000004005a0000000000000000000000000000000000000000
33000000   392376e981364e9310e93ae465a1cc78b9daab4d053d926fc7e98e6cfd70488a   00000000000000000004005a0000000000000000000000000000000000000000
34000000   74c1dc4cead3a179096961581e7b44353c033c279a520b688281c05e76037eb4   00000000000000000004005a0000000000000000000000000000000000000000
35000000   4101fb62dee915f4a23032ea11f954ab2a14900cb4bd9d256f0dbc26eee137ef   00000000000000000004005a0000000000000000000000000000000000000000
36000000   301f9f21973e9845b10040d0afff9398e02c12d7b7e247b714bfa635f4fc5997   00000000000000000004005a0000000000000000000000000000000000000000
37000000   fc5ed8d89649c5863ddd7f69844c57db85d916559795d7e0a2eec98f765f5b2b   00000000000000000004005a0000000000000000000000000000000000000000
38000000   8c957e1a88ba8e225c8d220714c74c6b7b72ebe5d23da69b07ed6ee384d92003   00000000000000000004005a0000000000000000000000000000000000000000
39000000   a53ba3ffa4b85fae833c2478c214ac812a52c9d28409640cf3d4a97bb859a487   00000000000000000004005a0000000000000000000000000000000000000000
40000000   d643e40282d378de6a335a5601222e83f3afdf3ee5d1817bde623079a78e117e   00000000000000000004005a0000000000000000000000000000000000000000
41000000   4f3b670add85e2a9bdbbe655ba5ed27449a6f32508799056cbf7d3bad2d61a6f   00000000000000000004005a0000000000000000000000000000000000000000
42000000   58989b730d3dfcd9f507dc4a639be9d0ea30b86a10a611863e1d6ebe99e2b90a   00000000000000000004005a0000000000000000000000000000000000000000
43000000   09843ea82ac661737a78f63bd9b2d913d80c9d5d75aa940f27634d8c9a25bc00   00000000000000000004005a0000000000000000000000000000000000000000
44000000   26f7468f87aa327b43d8c458c633b6b17a27a0d33850808091d466d7957a57a9   00000000000000000004005a0000000000000000000000000000000000000000
45000000   39580962fd3c1c046398c811e513000f8cf237977f2dc2a1b4e09bda79f3f662   00000000000000000004005a0000000000000000000000000000000000000000
46000000   34f0cb00d493442c0115d39de5f0e1afe8ec0c0fc691358d328a4133cb4eae53   00000000000000000004005a0000000000000000000000000000000000000000
47000000   83e1f8467e02a8c62d877103906bb00d30f6c36ba37c87662e50da1c2bf229f1   00000000000000000004005a0000000000000000000000000000000000000000
48000000   f58bc00aa0dca642a53f81cdad7e437c8ff20d7be3b8536b1ed97d8a7fd52f94   00000000000000000004005a0000000000000000000000000000000000000000
49000000   f79cd17c4df5f8fdc1d323fdc1363443afc81d5fa962b86c1a01f722260e09b2   00000000000000000004005a0000000000000000000000000000000000000000
50000000   541269b9a2a24cd29c202c627bac5feca603676a594034895bead322c6ec15da   00000000000000000004005a0000000000000000000000000000000000000000
51000000   22ebe283f0960d9e20ce8d2a0fe0ff65079e00ea57df5b6061f6907b0924b703   00000000000000000004005a0000000000000000000000000000000000000000
52000000   541398fa4f5bee7f3744e7885aa015f2940f5ac9be9e16529f0bff91a52913e8   00000000000000000004005a0000000000000000000000000000000000000000
53000000   6377b1624ec3269aa430aeff521111de0293a0520b04bc6577f1a110611a03b7   00000000000000000004005a0000000000000000000000000000000000000000
54000000   47849d0e206c2a26d597c3d1e85ff65d2b8318262a5651412afb35699f959a0e   00000000000000000004005a0000000000000000000000000000000000000000
55000000   12f256894bcca55adcea55c2d699ea742eba744573aa608a32f1a8fb16073876   00000000000000000004005a0000000000000000000000000000000000000000
56000000   72e5060641c58fec5401aad29a970e06503ec9ede09599a710a08f0c7609b3fb   00000000000000000004005a0000000000000000000000000000000000000000
57000000   4b1af386d57d4fc26f84ef7c5e246d4197d1b897f6f4c5816b5336f4d2d5f5ea   00000000000000000004005a0000000000000000000000000000000000000000
58000000   9cbc7c7a9b6ad7f90939e04ce7e57c753886134094cb95ea588ae207d71599b9   00000000000000000004005a0000000000000000000000000000000000000000
59000000   60248ac1a768ece828baa8d8af1187dcf20aa30105d626aa51e6cef6e7039fa1   00000000000000000004005a0000000000000000000000000000000000000000
60000000   738298489a03caf380dabc0a93d5e67166e9dfd4812ba820e10d4e403b3e75c4   00000000000000000004005a0000000000000000000000000000000000000000
61000000   c6d61b64774500b53936368710893a95823d6563e4ce838a25346faec2389ade   00000000000000000004005a0000000000000000000000000000000000000000
62000000   86ef0f813c5b9d870eafa5028d24f52310ee22d295e2eb24cce68f13f122ba7f   00000000000000000004005a0000000000000000000000000000000000000000
63000000   55bcecce4c23e56fdf6f235afc14b89e2934bff9ae149a1a2d9f2abf62bb4ef5   00000000000000000004005a0000000000000000000000000000000000000000
64000000   187443279f25e26c21e1199eae96ceadf08f0ba39aabb7d7da8e5df6224c6248   00000000000000000004005a0000000000000000000000000000000000000000
65000000   21b655e2ed2e1bde9db1a1f2dff855bc537a52682947d6fc36a935ade167ef46   00000000000000000004005a0000000000000000000000000000000000000000
66000000   e7734d33ed18c5cdf4a02d2bfdba0d15cf6a2d629235c5c31207822390736bc7   00000000000000000004005a0000000000000000000000000000000000000000
67000000   2a532a44936d4554dd6e514bfcd3ef838173cf2145e7f94ade645282c01a9062   00000000000000000004005a0000000000000000000000000000000000000000
68000000   1565b03f6c29b4e451f66659ebad689ff67d21bd4f54dd895ca3b845e100c62a   00000000000000000004005a0000000000000000000000000000000000000000
69000000   5f09c6d2557449f1fe9c4e9238db9c77ac4351888852929420802430eae6f080   00000000000000000004005a0000000000000000000000000000000000000000
70000000   9b1b3d7633bb528ddd7565d4422b4cd7630507170be1c669e95ad940affde768   00000000000000000004005a0000000000000000000000000000000000000000
71000000   178f094b3f7ac313230b648403c4343b7b95edf186dc250e590026cc439390fd   00000000000000000004005a0000000000000000000000000000000000000000
72000000   4aeb79766de54f16bdb9f57fbf5e6a26aa185622d1d31217c7c7a3c2b6900a8d   00000000000000000004005a0000000000000000000000000000000000000000
73000000   4df8f3f7e5da7d9207f61fa71f5d2807706c5fadd6ac938870c3842d7f877651   00000000000000000004005a0000000000000000000000000000000000000000
74000000   2be662947601af3d4f1dbcc9dfece516df700e46a8e5cdb7397cdf14da9647ce   00000000000000000004005a0000000000000000000000000000000000000000
75000000   6df9f531ede70afd61339d071dbbc699a17b2fcb3a9ad059931cb6ee4c5acc40   00000000000000000004005a0000000000000000000000000000000000000000
76000000   84099f2a9f928cb977b05785ae7fb536bc89cbbefa38741fe81b7891c427bbab   00000000000000000004005a0000000000000000000000000000000000000000
77000000   38118660b5c4e5b99e733f9ed87245dc166e979fea8299c7615a2750420fd804   00000000000000000004005a0000000000000000000000000000000000000000
78000000   046b38381038b71d70c3c20ad250a5fd0d9b3641337989f6d9a7f092e9336339   00000000000000000004005a0000000000000000000000000000000000000000
79000000   8112931b83267badc48fc8371fc6d1c89a1a067053ba6f6f0bea16617771648f   00000000000000000004005a0000000000000000000000000000000000000000
80000000   c115c96697378b749699b2fd179b6528a6cf7a72987c68a131a8e4c4a0ecec1e   00000000000000000004005a0000000000000000000000000000000000000000
81000000   f9d180798e5a315ca3c366d7f3fe51603effdc8aace0c61d18cfc889b7e678ed   00000000000000000004005a0000000000000000000000000000000000000000
82000000   c34c49c8d4f32a51d56a7ee71ad419ba4c90dd2882c1547a1bf51d2ed3631b28   00000000000000000004005a0000000000000000000000000000000000000000
83000000   62e571aeb422d8d3d34aacd4024207e3ed4696018eee6731d97514adef50024e   00000000000000000004005a0000000000000000000000000000000000000000
84000000   0f1177a5d06b628d592560d70935c69e6679f7ed8dc25f2692670e1439fcb17b   00000000000000000004005a0000000000000000000000000000000000000000
85000000   c043b8d86d90306cbe0943e188b152f6aa7d3da0249696773ae5f4570ef35fec   00000000000000000004005a0000000000000000000000000000000000000000
86000000   f0846ed484444522ff27b2728cddb060f3e26202f7dd03a210c5427183c51969   00000000000000000004005a0000000000000000000000000000000000000000
87000000   0f57201ec0be223f824a15d5ded99b75ad6767e7ab5e19db414610ea1e314a45   00000000000000000004005a0000000000000000000000000000000000000000
88000000   39f0a67c0c726c90a2f1099f2f7064ff9855505f5e642d19aa20640e5a796f33   00000000000000000004005a0000000000000000000000000000000000000000
89000000   52be91a183af96c4ec29a298559a53fd09520576213a066f49bfa0b710739929   00000000000000000004005a0000000000000000000000000000000000000000
90000000   401103235d6d88306a8293eb2e9061ff4ddca58fca2db6b43e3db267a280326d   00000000000000000004005a0000000000000000000000000000000000000000
91000000   1774569cba1d34bca178b7bdce17d9bccad4688c3817dad80fbcfaa861ea084e   00000000000000000004005a0000000000000000000000000000000000000000
92000000   e7aaaf4051aebfbdc5808903e32cfe0b49b509f92628f64940e8f0fc450dc11f   00000000000000000004005a0000000000000000000000000000000000000000
93000000   b02df109c071b7fbec3a470313ad13826ee17d01971c5ed3aa956227f1adf96e   00000000000000000004005a0000000000000000000000000000000000000000
94000000   1110c80ad9028a32a92fcc31dfc405a823154c73b4536c1c02eff40b843e2100   00000000000000000004005a0000000000000000000000000000000000000000
95000000   dc3bb661aaa0cdd92fa3d317e6ab4047c6367135385091652dd400250911ef10   00000000000000000004005a0000000000000000000000000000000000000000
96000000   bf4d382a818f5b134e6de744f982111d2c3d807f80e507392a91414ae55efd0e   00000000000000000004005a0000000000000000000000000000000000000000
97000000   e4bfabd6312115da5f77ab7cb346113c2e6a0be15a1a59d278baf06f0f72b63f   00000000000000000004005a0000000000000000000000000000000000000000
98000000   a8f87e7d99bb09dfcc0fdca62b9858fd13b95c812e38cdd825cc1eaa8021fb18   00000000000000000004005a0000000000000000000000000000000000000000
99000000   ca7c8aad9bc97c1bb6eb92885691cee7779a629d1efcee4fcead1fda58eb8281   00000000000000000004005a0000000000000000000000000000000000000000
100000000   af5426cffffc42197d6470f5e50c2b34f0b4386c08d6121004e6459fe294c9cf   00000000000000000004005a0000000000000000000000000000000000000000
101000000   abe98029e700e9c2aee77ee152791b8643dd73341ad5041c4174137ad6751069   00000000000000000004005a0000000000000000000000000000000000000000
102000000   2d0bfc78796bcaa93bb67f8fd4d149ef60f8f08369e8426036258da343f9747b   00000000000000000004005a0000000000000000000000000000000000000000
103000000   d3bd01550de223f31e2b082891f81461398407d5ee4ddb2f3a13dc827af2f530   00000000000000000004005a0000000000000000000000000000000000000000
104000000   0649683eb28414b2a08f18a61c7687297276372f21a578b0ef7a3ddd79c7e6f5   00000000000000000004005a0000000000000000000000000000000000000000
105000000   b0124b8960bf780be57cf45f262f68e82acb51f67afd92ee477ceff8a4878f42   00000000000000000004005a0000000000000000000000000000000000000000
106000000   3f51879947fcd1e7edb9b68a74e9c1160620ec0414283555df12dbf51d2f8d99   00000000000000000004005a0000000000000000000000000000000000000000
107000000   588b9867a4a900211854f660e48b3fa391d1913ba4e6195bdc7c0d6a527b8bdb   00000000000000000004005a0000000000000000000000000000000000000000
108000000   60d8bbf3647db664d4b04219e92bc8977c0a13f5b09edfd060cdf18b95aeac27   00000000000000000004005a0000000000000000000000000000000000000000
109000000   4698bbe411776caff546998aba8b30024a1b015ad195cec66f186b4ce21d835b   00000000000000000004005a0000000000000000000000000000000000000000
110000000   7577b8f24bd07124465b91dcccae608c93609e5fd82a91f2f220bf4462f42b6d   00000000000000000004005a0000000000000000000000000000000000000000
111000000   67626b427d5f6725f9d5d07c5b2d844c61fe86d644e18389f0de5fe0255a2d55   00000000000000000004005a0000000000000000000000000000000000000000
112000000   