debugnonce_start:  1000000000
Mining block template, height 827344...
header:  b'\x00\x00\x00 R\x99p\x9d\x0c\x03\xdb\xf9\x1f\x81\x13\x9e\xf9\xf3\xa5\xe5-\xdd\x18\x9d!\xb4\x00\x00\x00\x00\x00\x00\x00\x00\x00\x00\xe6\x8d\x1e\xb0H\xff(\xc6\x18\xb9\xa7\x7f\x96\xaf\xc1\xbe\xf3 \xd5\x0c=\xa5 \xc4\xa0\xe6\x9a3\x19\xff\xffj\xa2\xa1\xb2eZ\x00\x04\x17\x00\x00\x00\x00'
1000000000   c6cf219911f40c89b2bb8b95f920d81b69827c0aebf634d9303e3c3e04134a3b   00000000000000000004005a0000000000000000000000000000000000000000
1001000000   0b1ff7128e461c1b91c301f22670ef3c69aa9d8c806b697997af992451a47ea5   00000000000000000004005a0000000000000000000000000000000000000000
1002000000   9320b2ffdad449ef4a902fa25991825cb8f0e5b36ca108bcf08d65c001b8f611   00000000000000000004005a0000000000000000000000000000000000000000
1003000000   b574161da587bbb1b298edd19705723d7fafbd19313dbd2bf810a9c3d9081aaa   00000000000000000004005a0000000000000000000000000000000000000000
1004000000   79812a9b7840b2b42e58129fe0627f2ff5888502b9446d008d2a64521e1842c9   00000000000000000004005a0000000000000000000000000000000000000000
1005000000   1528c238665dc14eb1964381addd9faf8c0997e30a1668bbaf2d614080ddd58b   00000000000000000004005a0000000000000000000000000000000000000000
1006000000   00fbae13849a748b55c3777e05f0f0677252b5663fcf4821b8bd004ac4c8e25d   00000000000000000004005a0000000000000000000000000000000000000000
1007000000   349a3a26c479688c949ed29139602cba4c9a454cbd564f9958d5cee7097f4d43   00000000000000000004005a0000000000000000000000000000000000000000
1008000000   331e23a827b41b912dbb23de816601e3d5f34fc133f94351c87f9c1b4460cab2   00000000000000000004005a0000000000000000000000000000000000000000
1009000000   11c3e8695e2e9014f762fb0eb814138dd6e21bf05bc5a01a1b4f4de034c7f8ff   00000000000000000004005a0000000000000000000000000000000000000000
1010000000   4e33fc2c0021163502fc44fac5ac1011267c794fbdf9d915ff9f2d9f9a102246   00000000000000000004005a0000000000000000000000000000000000000000
1011000000   b0b38d4901bec98f9e7245ab1960b999fa4c1b274081d3ac248bd922c4ce6919   00000000000000000004005a0000000000000000000000000000000000000000
1012000000   1158f8b750449bd2e6b59c866c952b57c981613b54478aac80f3fada1f33fe80   00000000000000000004005a0000000000000000000000000000000000000000
1013000000   e94ec0a690a4e4404187cd19387c2c9091aaa08940076c50cc7c137a44d82e34   00000000000000000004005a0000000000000000000000000000000000000000
1014000000   b0ffe3ef91ceebaeee3664adb721366309045deb219dcf19a3a66a11f90f807a   00000000000000000004005a0000000000000000000000000000000000000000
1015000000   2a25308fa38b53c8953ab71627d352750d4ac53e0fe449de9d5d52e1a1653e3b   00000000000000000004005a0000000000000000000000000000000000000000
1016000000   2ab9694cb679f053d8662adbb073665d40755fc40eb116d8b8cf5501992789c8   00000000000000000004005a0000000000000000000000000000000000000000
1017000000   645e7838abc55c2c9f87565aa880e8875beee9f1e5572ec046e7c023484117b8   00000000000000000004005a0000000000000000000000000000000000000000
1018000000   a4246a682af3ade1ca2ad05ae389c6020db8f4a674a641d28ae047184bc743df   00000000000000000004005a0000000000000000000000000000000000000000
1019000000   494de8f8cb820d9cbf817feddddf1e767e4dc7b3b7aaf9c39487e765f67d0ba3   00000000000000000004005a0000000000000000000000000000000000000000
1020000000   0b9a0b41c331324d80095690e3d3cb66f5a9fa26f076f0f862bc184db5163304   00000000000000000004005a0000000000000000000000000000000000000000
1021000000   3b5525d712c700d7a292ae94f72aaf483209e2274ac38c82a5c509e262986834   00000000000000000004005a0000000000000000000000000000000000000000
1022000000   c1cc90de1e94f13f154a5770c146a79788fe60b8a838cf052c4bfa74a097a80b   00000000000000000004005a0000000000000000000000000000000000000000
1023000000   98f55da28b0a863813752b918e8e7d0bbc0f83d507fa591affc4141599c9a1ec   00000000000000000004005a0000000000000000000000000000000000000000
1024000000   3bd2d0cdb33dd1eb1fb5564cd891a3ea9a0ab141ca7fe53322d9430bee64dbcd   00000000000000000004005a0000000000000000000000000000000000000000
new_height:  827345
debugnonce_start:  1000000000
Mining block template, height 827345...
header:  b'\x00\x00\x00 3\xeeH\xa5`\x1dp\xdc\xdaYl\x9f\x94^\\\xe08{h\x16B\xd1\x01\x00\x00\x00\x00\x00\x00\x00\x00\x00p\xe9\x12\x97x\xb7\xb4\x9f\x94+\xb32\xee\xed\xa4\xce`\xbe\xfaH\xbe\x94\xd9\x185\xa5\x10YY\xe4\xb2\xfa\x89\xa2\xb2eZ\x00\x04\x17\x00\x00\x00\x00'
1000000000   7a0a885c16d2cc666aef7aa7d6fdc7684c39730502fe4f81c01e5d27c3967438   00000000000000000004005a0000000000000000000000000000000000000000
1001000000   3288a0a42d95f85cca265e8e48885091fcf9e64d316dceac54fb1d80ec265f1e   00000000000000000004005a0000000000000000000000000000000000000000
1002000000   844c10fef26e337de24bd4eec88853c9c9d87103541427c94daf2c6d370e0193   00000000000000000004005a0000000000000000000000000000000000000000
1003000000   a8ef55f7f6c89ba76758321e5799a97be434502b862485a3b8825457ee04aeaf   00000000000000000004005a0000000000000000000000000000000000000000
1004000000   2015d293db7e09d10346b007e45442ac28caa1c6bcbe84e77cb30f61dd463c28   00000000000000000004005a0000000000000000000000000000000000000000
1005000000   b771821f22538efe2c7f5c8575bce5ff4e2b19d0af42f4f17bffc3ad6d48e579   00000000000000000004005a0000000000000000000000000000000000000000
1006000000   abf181526d5e494c129d8ef6fcb7b0df11b1761e59e0bc4f0398288a3b194904   00000000000000000004005a0000000000000000000000000000000000000000
1007000000   85453c5ad07002199539d0aa7c524b1b1484fc98866c941c6e60eb357395a61e   00000000000000000004005a0000000000000000000000000000000000000000
1008000000   057baa902ad7f424e78654391b6bedd6141c3baccffdac3c087d302793e07ba8   00000000000000000004005a0000000000000000000000000000000000000000
1009000000   b5a5c29cfd9acaac0b4e421f1910b39779b832905c02d5ef65330a04e3844fb2   00000000000000000004005a0000000000000000000000000000000000000000
1010000000   3d3fc05765c7c199ce9027153289793b058b99324e8a1045acc0b1c770a2b8ca   00000000000000000004005a0000000000000000000000000000000000000000
1011000000   2a2ea58919143fd3c74dc27edb509c4faaa6ec782c2efff75b6558a164e71c8c   00000000000000000004005a0000000000000000000000000000000000000000
1012000000   2b5e78e0fa223d51b508b5f70f886052b9981966637c442171a8efdde2dec35f   00000000000000000004005a0000000000000000000000000000000000000000
1013000000   c76a40837477ee8c40fef081e138034df6526e03a3a1335113649cd4b7fccc87   00000000000000000004005a0000000000000000000000000000000000000000
1014000000   c9db35b109eead33e2c46e3b7f18df810fbdd2239e8e92d8c05202df170a2c63   00000000000000000004005a0000000000000000000000000000000000000000
1015000000   4c1b3f81fce2e67953100e740d6d2c9c6add2b1a9700d57dc8cc292acc2a1036   00000000000000000004005a0000000000000000000000000000000000000000
1016000000   078d4cd9a4ba90fef66af31e4c82a23a7a56bb4ffbf3624adab14f3310020331   00000000000000000004005a0000000000000000000000000000000000000000
new_height:  827346
Traceback (most recent call last):
  File "/Users/sreenath/anaconda3/lib/python3.11/site-packages/pymongo/pool.py", line 932, in command
    return command(
           ^^^^^^^^
  File "/Users/sreenath/anaconda3/lib/python3.11/site-packages/pymongo/network.py", line 181, in command
    reply = receive_message(conn, request_id)
            ^^^^^^^^^^^^^^^^^^^^^^^^^^^^^^^^^
  File "/Users/sreenath/anaconda3/lib/python3.11/site-packages/pymongo/network.py", line 247, in receive_message
    length, _, response_to, op_code = _UNPACK_HEADER(_receive_data_on_socket(conn, 16, deadline))
                                                     ^^^^^^^^^^^^^^^^^^^^^^^^^^^^^^^^^^^^^^^^^^^
  File "/Users/sreenath/anaconda3/lib/python3.11/site-packages/pymongo/network.py", line 336, in _receive_data_on_socket
    raise OSError("connection closed")
OSError: connection closed

The above exception was the direct cause of the following exception:

Traceback (most recent call last):
  File "/Users/sreenath/Documents/bitcoin_code/ntgbtminer/ntgbtminer.py", line 573, in <module>
    standalone_miner(sys.argv[1].encode().hex(), sys.argv[2], int(sys.argv[3]) )
  File "/Users/sreenath/Documents/bitcoin_code/ntgbtminer/ntgbtminer.py", line 549, in standalone_miner
    block_template = rpc_getblocktemplate()
                     ^^^^^^^^^^^^^^^^^^^^^^
  File "/Users/sreenath/Documents/bitcoin_code/ntgbtminer/ntgbtminer.py", line 82, in rpc_getblocktemplate
    data = m.read("blocktemplate", {"_id":1})
           ^^^^^^^^^^^^^^^^^^^^^^^^^^^^^^^^^^
  File "/Users/sreenath/Documents/bitcoin_code/ntgbtminer/db.py", line 18, in read
    for d in data:
  File "/Users/sreenath/anaconda3/lib/python3.11/site-packages/pymongo/cursor.py", line 1262, in next
    if len(self.__data) or self._refresh():
                           ^^^^^^^^^^^^^^^
  File "/Users/sreenath/anaconda3/lib/python3.11/site-packages/pymongo/cursor.py", line 1179, in _refresh
    self.__send_message(q)
  File "/Users/sreenath/anaconda3/lib/python3.11/site-packages/pymongo/cursor.py", line 1060, in __send_message
    response = client._run_operation(
               ^^^^^^^^^^^^^^^^^^^^^^
  File "/Users/sreenath/anaconda3/lib/python3.11/site-packages/pymongo/_csot.py", line 108, in csot_wrapper
    return func(self, *args, **kwargs)
           ^^^^^^^^^^^^^^^^^^^^^^^^^^^
  File "/Users/sreenath/anaconda3/lib/python3.11/site-packages/pymongo/mongo_client.py", line 1388, in _run_operation
    return self._retryable_read(
           ^^^^^^^^^^^^^^^^^^^^^
  File "/Users/sreenath/anaconda3/lib/python3.11/site-packages/pymongo/_csot.py", line 108, in csot_wrapper
    return func(self, *args, **kwargs)
           ^^^^^^^^^^^^^^^^^^^^^^^^^^^
  File "/Users/sreenath/anaconda3/lib/python3.11/site-packages/pymongo/mongo_client.py", line 1526, in _retryable_read
    with self._conn_from_server(read_pref, server, session) as (
  File "/Users/sreenath/anaconda3/lib/python3.11/contextlib.py", line 137, in __enter__
    return next(self.gen)
           ^^^^^^^^^^^^^^
  File "/Users/sreenath/anaconda3/lib/python3.11/site-packages/pymongo/mongo_client.py", line 1324, in _conn_from_server
    with self._checkout(server, session) as conn:
  File "/Users/sreenath/anaconda3/lib/python3.11/contextlib.py", line 137, in __enter__
    return next(self.gen)
           ^^^^^^^^^^^^^^
  File "/Users/sreenath/anaconda3/lib/python3.11/site-packages/pymongo/mongo_client.py", line 1246, in _checkout
    with server.checkout(handler=err_handler) as conn:
  File "/Users/sreenath/anaconda3/lib/python3.11/contextlib.py", line 137, in __enter__
    return next(self.gen)
           ^^^^^^^^^^^^^^
  File "/Users/sreenath/anaconda3/lib/python3.11/site-packages/pymongo/pool.py", line 1598, in checkout
    conn = self._get_conn(handler=handler)
           ^^^^^^^^^^^^^^^^^^^^^^^^^^^^^^^
  File "/Users/sreenath/anaconda3/lib/python3.11/site-packages/pymongo/pool.py", line 1714, in _get_conn
    conn = self.connect(handler=handler)
           ^^^^^^^^^^^^^^^^^^^^^^^^^^^^^
  File "/Users/sreenath/anaconda3/lib/python3.11/site-packages/pymongo/pool.py", line 1563, in connect
    conn.hello()
  File "/Users/sreenath/anaconda3/lib/python3.11/site-packages/pymongo/pool.py", line 778, in hello
    return self._hello(None, None, None)
           ^^^^^^^^^^^^^^^^^^^^^^^^^^^^^
  File "/Users/sreenath/anaconda3/lib/python3.11/site-packages/pymongo/pool.py", line 822, in _hello
    doc = self.command("admin", cmd, publish_events=False, exhaust_allowed=awaitable)
          ^^^^^^^^^^^^^^^^^^^^^^^^^^^^^^^^^^^^^^^^^^^^^^^^^^^^^^^^^^^^^^^^^^^^^^^^^^^
  File "/Users/sreenath/anaconda3/lib/python3.11/site-packages/pymongo/helpers.py", line 315, in inner
    return func(*args, **kwargs)
           ^^^^^^^^^^^^^^^^^^^^^
  File "/Users/sreenath/anaconda3/lib/python3.11/site-packages/pymongo/pool.py", line 960, in command
    self._raise_connection_failure(error)
  File "/Users/sreenath/anaconda3/lib/python3.11/site-packages/pymongo/pool.py", line 1134, in _raise_connection_failure
    _raise_connection_failure(self.address, error)
  File "/Users/sreenath/anaconda3/lib/python3.11/site-packages/pymongo/pool.py", line 406, in _raise_connection_failure
    raise AutoReconnect(msg) from error
pymongo.errors.AutoReconnect: localhost:27017: connection closed
