debugnonce_start:  3000000000
Mining block template, height 827458...
header:  b'\x00\x00\x00 \xf7\xa2\x89\x88\x01f\x153\x13\x82\x08\xab\x16LF\x8b\xb0\xc0\r\xf6l\xc9\x02\x00\x00\x00\x00\x00\x00\x00\x00\x00\xa5}F\xdc7\xaa\x93\x1e\x8d`\xc8|b\x92\x9fT\xb0M\x8c\x1biXi\xe8\xca\x92\xec\xe9\t\xd4\x1a@y\x91\xb3eZ\x00\x04\x17\x00\x00\x00\x00'
3000000000   27c2ce2ba1abb74be68bc1f4d4fee62251774660542c59cf770cc8dfed2f89a9   00000000000000000004005a0000000000000000000000000000000000000000
3001000000   120edbaa474f8f5de706d67b818a43bd5c9f4cd64a8f02383549fbe93c0127ad   00000000000000000004005a0000000000000000000000000000000000000000
3002000000   05082729f04efe87d6a6efbc72d8bea3c5d1e66fbd9e19eb0cc84f061dc5792a   00000000000000000004005a0000000000000000000000000000000000000000
3003000000   7cc99b1bc1c7f52c6664ec330f30663d9af2c42dde99c5f2736cf5e17ce8d37f   00000000000000000004005a0000000000000000000000000000000000000000
3004000000   e79ce55516a2bbd17bdd0c3971916893b0a45ff5cd23e3b0a8c4e2208ebc9f0a   00000000000000000004005a0000000000000000000000000000000000000000
3005000000   6617fe03eb6cdc56b80229ae3aa623a2a040f0cbf89c19335de208a2394844a1   00000000000000000004005a0000000000000000000000000000000000000000
3006000000   f932282f2f22cd5ca03fdfcdbe90cd9b089e99fff47a829cae13a7953ef4dc59   00000000000000000004005a0000000000000000000000000000000000000000
3007000000   e82ba57d12acd58bcb5a28a33fe519e2b89a2abfc4ec832d86ee17426d6c048f   00000000000000000004005a0000000000000000000000000000000000000000
3008000000   087dc43e4e3bf2ec575e486eae1e7b5454f72d874bca1c2eaae1d7ef825c7d84   00000000000000000004005a0000000000000000000000000000000000000000
3009000000   6a48a0c3449e393342e0d14c5cedda13ac0009fa9b96ed34ccf47ef2e8cf486f   00000000000000000004005a0000000000000000000000000000000000000000
3010000000   a976a9e207d7a4c3fc7c4b33341a23b5bb6dc539891b72c33a93d3434b46f729   00000000000000000004005a0000000000000000000000000000000000000000
3011000000   3a85f9582752a349a914147180dc68a89cf925f5e4a552642fcae33a7a65a559   00000000000000000004005a0000000000000000000000000000000000000000
3012000000   1939e3f751405f91fc9190ce2b8dce7da2ab127a52323d2efdb32b70c612134b   00000000000000000004005a0000000000000000000000000000000000000000
3013000000   4540b752a07e1248260ca600c8fce6c167185160618f533ba55e3b70cabf919f   00000000000000000004005a0000000000000000000000000000000000000000
3014000000   11ad8840b4ef3a89b88090dab71e73bd1da4d759b0fcfa4fa87002c9742df390   00000000000000000004005a0000000000000000000000000000000000000000
3015000000   2a39589d558b19926811f8dfbf8901c1e591722ce8e2a3987ccaa5023ae56689   00000000000000000004005a0000000000000000000000000000000000000000
3016000000   c8962e32fee7cd16f39ebeb40c4850f1e8763983732ad273c07b7a4b5553a2b6   00000000000000000004005a0000000000000000000000000000000000000000
3017000000   31138cfe16272de143177a6dd1648ed8a4a4c1899b5256d47bbb1160b7921a8a   00000000000000000004005a0000000000000000000000000000000000000000
3018000000   2018bf1689e802d166ccf34e3f4df30241c82ff63fe26d8f019cfdfc3ffa5e7f   00000000000000000004005a0000000000000000000000000000000000000000
3019000000   6bc61793e97bf0da4b69ee8d686bb91b0e37ce97052170d4518b4ab40d70be39   00000000000000000004005a0000000000000000000000000000000000000000
3020000000   8a5b2c00e1c8f020d7ac2e2f16a192f07f5928e79c585c21f2749169da12388a   00000000000000000004005a0000000000000000000000000000000000000000
3021000000   ce1cb2de07f6a8a1a3cc0deebc8b88243b08c54822c840e439ac79e4d1fc070b   00000000000000000004005a0000000000000000000000000000000000000000
3022000000   b7f5d4b804fb1109bfe6fd7629ebe085cb7c5317aedcfae9da2824b100dbdc8c   00000000000000000004005a0000000000000000000000000000000000000000
3023000000   99049d6129d88db6dc4cc24f1bd417c3ac2c804e8b0c4956e1382bfdd81e02f0   00000000000000000004005a0000000000000000000000000000000000000000
3024000000   4989165db7fd86fb55f97cee89ce6a3ee2164be7563322415e60332672eb7985   00000000000000000004005a0000000000000000000000000000000000000000
3025000000   f465f8a9c31c7b15eb3fcc90b1a6bfe07a0a7bfb46343de4277f3d54e0fbe67d   00000000000000000004005a0000000000000000000000000000000000000000
3026000000   abea6fa2af9e3c9cc2565797cfc6692e1193deb04dc46787bf0261e1db920341   00000000000000000004005a0000000000000000000000000000000000000000
3027000000   374420725d122f7037009d6dc52032c67c0b7473c479c28bdf31ac97042d7857   00000000000000000004005a0000000000000000000000000000000000000000
3028000000   b19d856d653446b129816b876216b9b3bd6522ae067ad384c2aefde295f00c86   00000000000000000004005a0000000000000000000000000000000000000000
3029000000   9ec858e537228ee49e49121dacbcfdeb3b01f806e17d6f5ed7ccef5c4dfc5141   00000000000000000004005a0000000000000000000000000000000000000000
3030000000   eca433474e50da56b215aa8599bfec1d84b9431420a7d97c79ef5d41ba04bf03   00000000000000000004005a0000000000000000000000000000000000000000
3031000000   b1dbf593230ea50558d6088540261196926e6780cf93ff8ffaab84304a220174   00000000000000000004005a0000000000000000000000000000000000000000
3032000000   7f56ee6c0aac861c16d61eab1444b6de286e174cab4906b631ceff94bf5c1483   00000000000000000004005a0000000000000000000000000000000000000000
3033000000   091651d66ea30a511dfc6acbc4e5a4429ed1e55e66f2294c447faff1d51bc7fd   00000000000000000004005a0000000000000000000000000000000000000000
3034000000   503a0c816d65b8ef4a84b1a9f8744f7b6ca1c0d1298513f385f8031d6b79e7af   00000000000000000004005a0000000000000000000000000000000000000000
3035000000   f2695dec186cb4a92666929a1675b618776d798223dd5eea0fd7d704158b170d   00000000000000000004005a0000000000000000000000000000000000000000
3036000000   fdd5a5850a31d07642b6aba6c779904bb34dadc9d4e26854fd73bfe98e154aca   00000000000000000004005a0000000000000000000000000000000000000000
3037000000   b8a0fa467078a7c09a9c4c6b80eda38cf168bd4161602c757f39a95f86c6d8ee   00000000000000000004005a0000000000000000000000000000000000000000
3038000000   94bbfb8627bcbf11d0cb31b0a7afaaf6feaf2c24bf765023e20d169630b4404c   00000000000000000004005a0000000000000000000000000000000000000000
3039000000   b4c272f36794c6ba1646b2e49982bd561e0af01273be8dd4a568ea7b223d51cb   00000000000000000004005a0000000000000000000000000000000000000000
3040000000   b42bc6ff462b889ef9d0ea65ad596186f3aa3c5de04cb946257acbbbb9dce5aa   00000000000000000004005a0000000000000000000000000000000000000000
3041000000   e174f5a61952783f74d7070466f57e585cb9767f6311a74e1c1666e9e848cfdb   00000000000000000004005a0000000000000000000000000000000000000000
3042000000   16f823002709f0a843bd66357352c9cd71afdd05ebe618fedb010a3b97677d71   00000000000000000004005a0000000000000000000000000000000000000000
3043000000   eb3767647098196c6fa7a77464e19e63cecacf631a082f58f2c65219da412b1e   00000000000000000004005a0000000000000000000000000000000000000000
3044000000   9648804c85b88325e30defbdf9e0e31f1709d8e23206f779926e81704f98485e   00000000000000000004005a0000000000000000000000000000000000000000
3045000000   5c401c112b1dd9d7eb439e98ca8da894deb7dd8691020337c06fd466ce1456e7   00000000000000000004005a0000000000000000000000000000000000000000
3046000000   7cf124ad3f0a255075c239084fc371eb8e9792cc746240c54741a1e3e60885ed   00000000000000000004005a0000000000000000000000000000000000000000
3047000000   0af65561149b05c8ef2e4606520e288c613da9fa984587516baa3168b98c2940   00000000000000000004005a0000000000000000000000000000000000000000
3048000000   a7eabd190f546fd77a4a98cc86ffd1cdec6f7c4411641f31a8391bbbabbc1a03   00000000000000000004005a0000000000000000000000000000000000000000
3049000000   0404034d675cfbc093830f7db6362423d02322948983b1a4863ae59a647e6f4a   00000000000000000004005a0000000000000000000000000000000000000000
3050000000   77c6217befb24ac54e659a7b24358af16b259d465f589ce7a047fb1c90975328   00000000000000000004005a0000000000000000000000000000000000000000
3051000000   a207901d18ddc00ef5bc9c7162a0c91e3a795c74dc928ae157cf5ab690ea0925   00000000000000000004005a0000000000000000000000000000000000000000
3052000000   d97aa2acc81d0f5efec5b2de80a7c40ea31bd215f0f3aad95b1ab519b0745175   00000000000000000004005a0000000000000000000000000000000000000000
3053000000   b328d987a6307e7b5f2801a2977b8d2a340b2b9d5978071cbb7e370e0a1d8886   00000000000000000004005a0000000000000000000000000000000000000000
3054000000   99d0a7b675284091fde130c29fc8f91eb046dff5dbf140f716800656cae7696d   00000000000000000004005a0000000000000000000000000000000000000000
3055000000   f99525badf087e57569846746d2ebeb552d5140947cb375a117274b4302d7bca   00000000000000000004005a0000000000000000000000000000000000000000
3056000000   dd22c0cf850936ed23dc56cce76c4b2ab8a36c5379bc27f02ec3ebfde718d38d   00000000000000000004005a0000000000000000000000000000000000000000
3057000000   1c4ee385a28e52932f33e8363049f865da29bbf67c517a063e8b34942efa38cf   00000000000000000004005a0000000000000000000000000000000000000000
3058000000   e4b34afd5b9071be71b8c9df2538ffac111e6edb9f2c6ab763bea45206b8eee9   00000000000000000004005a0000000000000000000000000000000000000000
3059000000   4e4dc50b27946d82a8f03053c8cb4380e17ee1cbad568e0b6f8b15d3f594e779   00000000000000000004005a0000000000000000000000000000000000000000
3060000000   1631b9a30450998eb3763b725dfc36d8036ce409e9cae0410871b29e750d1f56   00000000000000000004005a0000000000000000000000000000000000000000
3061000000   aca2948536a5c608d72f82179d9a67b08448b6fc243b04c9d8361c7ecfa02872   00000000000000000004005a0000000000000000000000000000000000000000
3062000000   34431d21f6ebb5c9ff862da69a0315e16c3db35b429c8df730e9d5c9e87174b1   00000000000000000004005a0000000000000000000000000000000000000000
3063000000   09d94a7ceb35efdd31f23c10cd561d5f9ce1fb25a92c0809d7a7814fe54577bf   00000000000000000004005a0000000000000000000000000000000000000000
3064000000   2095e9a323c7bce7b0fc9bc281827290fcafbebfb475a5f8f7ce2bd526c7aba3   00000000000000000004005a0000000000000000000000000000000000000000
3065000000   37f35d83ad9781dda1510170808e002906ac68c68395d7f6c63f9736cf73b90f   00000000000000000004005a0000000000000000000000000000000000000000
3066000000   efa574ca256aeba616ff89fd647c55132df1862c79c1543f11643c3bcb0ed40d   00000000000000000004005a0000000000000000000000000000000000000000
3067000000   5311e03d1fb8ba92e3a743b3a874e68bac1275c3e74807aa59496018ee2150f2   00000000000000000004005a0000000000000000000000000000000000000000
3068000000   241a80e6590734b8a20596b7bb803e51cef018c0f4604518a5250cb5a2261196   00000000000000000004005a0000000000000000000000000000000000000000
3069000000   a2d7ffd62b146db844852a9a340e89ec97f87c49f32e1472b0eb14175bd8d692   00000000000000000004005a0000000000000000000000000000000000000000
3070000000   49b89ca7c42212aeb69b27ab5c9a22058be2d0a8a98b30ab7f9480a8df7cf200   00000000000000000004005a0000000000000000000000000000000000000000
3071000000   d2477effb6f8ae79e14b59187faacdcf194a659b77d15a8f7a57700765bdd7e3   00000000000000000004005a0000000000000000000000000000000000000000
3072000000   2c02eef54ff1ac79f1865eadea22a927b7140c6fee014bf93085bd581875333d   00000000000000000004005a0000000000000000000000000000000000000000
3073000000   d778f3dbaec1fd34fd5b1e32e7053197e6f2cf31b3fd2e2da043cede01348419   00000000000000000004005a0000000000000000000000000000000000000000
3074000000   428cc838255c55298e1f27d1d7eaed5a24a1a4b9d708b07791d23d0dbe8500de   00000000000000000004005a0000000000000000000000000000000000000000
3075000000   dbb3407b089b29088150ee088fb3efa4128bd3370ad3974aa53c6e688bb4252f   00000000000000000004005a0000000000000000000000000000000000000000
3076000000   71a63947591df787f5c6fadd91a5d1a9d3a8929483190e6ef75ee25e7b5e384a   00000000000000000004005a0000000000000000000000000000000000000000
3077000000   c49d7322b027c6ad45e17e04de4fe23064bf948b6fb47867d4d4afdb26ed1409   00000000000000000004005a0000000000000000000000000000000000000000
3078000000   45dbee46e7dca72d91909dcade2b221c1986e283c0ad7185d57a1d4c18a4b72c   00000000000000000004005a0000000000000000000000000000000000000000
3079000000   61992804ff025226e4274617eecc5ab94bff07b09bde6d5527f2446e1156e769   00000000000000000004005a0000000000000000000000000000000000000000
3080000000   adae7de47b1d56a6a6ec9a63c5d9ef3618bee7e02528ffd776c9622ba0109760   00000000000000000004005a0000000000000000000000000000000000000000
3081000000   5b5c51d6e1aefeba4c19df6715953e364bf72d90a8fb76a7a63ff250409d83f4   00000000000000000004005a0000000000000000000000000000000000000000
3082000000   71559d9c0a760dc88553db0375605fbadd48638898e772b43be106a64dd78bf1   00000000000000000004005a0000000000000000000000000000000000000000
3083000000   af72fee70033c62dd1b65a138c6acfb0a7581c30c6f7236ba2602e9b2c32ba34   00000000000000000004005a0000000000000000000000000000000000000000
3084000000   425e90c7ff040a03565088d4224c7f2b848da3f92af8f8687cd475fa3ce00955   00000000000000000004005a0000000000000000000000000000000000000000
3085000000   c5a9657c5cd534ec52472ca5d01c9e61822919bbb43b6b7244336c5513b240de   00000000000000000004005a0000000000000000000000000000000000000000
3086000000   5ebb582998b7493b8d08be8e2b7edbb2ee4b154b6331728f0f85f97af00350ec   00000000000000000004005a0000000000000000000000000000000000000000
3087000000   9a0640286dd598b86c05811d8c1b1fbc0ac53e64776f6c832e7c1a6a38984904   00000000000000000004005a0000000000000000000000000000000000000000
3088000000   63c1e7f6f6e06fb0763bc15add131e7c2f9c178035cd31a865113819d2ead327   00000000000000000004005a0000000000000000000000000000000000000000
3089000000   014cfcf8b06b3c783f5147ec8981417eb1d24687a6209fe847b4be142af054a3   00000000000000000004005a0000000000000000000000000000000000000000
3090000000   7860bf136132f1bd388823c18ddef54e5a1bf77db1e6be912ec8effcb249fa70   00000000000000000004005a0000000000000000000000000000000000000000
3091000000   e5f6157b9d06e8624ff3a2736952813aa9ac37457c66da63690816a294bd720f   00000000000000000004005a0000000000000000000000000000000000000000
3092000000   7df7b70de498535179aa612586139050e9d8e252077e936d24166a0c6025fde4   00000000000000000004005a0000000000000000000000000000000000000000
3093000000   1f3d515e82c55b3e760cb5da4ab0bf28ba46efc52052f4ae206d9f908ccfe76c   00000000000000000004005a0000000000000000000000000000000000000000
3094000000   291560bb16b23aad35aeda6261db9646c1b2d2a015bf7d47513e9693fe6aceba   00000000000000000004005a0000000000000000000000000000000000000000
3095000000   ee90ce86ee0952a8c2476f281e6f01ace2fa5a58bbd7461ad5ab913f8ed8d57e   00000000000000000004005a0000000000000000000000000000000000000000
3096000000   6936353560a3a95aabcee94427cef442700e55c5bac33b97a62239c93454d36d   00000000000000000004005a0000000000000000000000000000000000000000
3097000000   10f65dab9fd107cf21737d03d35214f63650c63865f7562d0f86aadbf4ba1758   00000000000000000004005a0000000000000000000000000000000000000000
3098000000   62b270ab6055c82bb373468035bc3d80ad1defa8358d5a5b7fb716c6cca168e8   00000000000000000004005a0000000000000000000000000000000000000000
3099000000   e166c2442e96b7ea78c61d2c67b27a69ea9baf41004904719b0a9b7210351217   00000000000000000004005a0000000000000000000000000000000000000000
3100000000   e1a0acfa8e7f3c21e16ea68cb503ee026ff53bdeac75b33d1b5e76f419f708a9   00000000000000000004005a0000000000000000000000000000000000000000
3101000000   c457faaf909ed3871cf6043ad0f82c1d8896e9d5164df869475b6c160c25667f   00000000000000000004005a0000000000000000000000000000000000000000
3102000000   48b412145c8ae03cb60de4556cd10d0bf6542ccfebfec89b63b261dea0d493fb   00000000000000000004005a0000000000000000000000000000000000000000
3103000000   e77a3c04e0b4d3c70ccc27a27459e783ed95246e1c43d4a443c395539e1a3a01   00000000000000000004005a0000000000000000000000000000000000000000
3104000000   b9bc88e6f8216982346f27a04dcff0d5494e835bd66492a04310a36fb864dc61   00000000000000000004005a0000000000000000000000000000000000000000
3105000000   ab6edc0a53b8c087e8a26cc9f0b827e7bcae57ddb4541a5242f364e9cdd6437f   00000000000000000004005a0000000000000000000000000000000000000000
3106000000   1df07f165f9cb2e0b9e1401f58b7239d3c556669c7db52c2479cdd642ba22edf   00000000000000000004005a0000000000000000000000000000000000000000
3107000000   a941ae0d2acd114275b4318b9aefe7214aa8aa724f6b0fc51db21c83cd5e64d8   00000000000000000004005a0000000000000000000000000000000000000000
3108000000   1941b1f2995000b8bb670635af926c63f3f314035702a9e9e593586fb9181ed1   00000000000000000004005a0000000000000000000000000000000000000000
3109000000   976e89e94a6aa60e749b34d281af4dd3b58c6e0ac206084dbd78f812c6ed3e7c   00000000000000000004005a0000000000000000000000000000000000000000
3110000000   1e92983dcd2b1fc58de03ce1fa9938a69cefc00c2b12f880ee7fc3be92006042   