debugnonce_start:  3000000000
Mining block template, height 827344...
header:  b'\x00\x00\x00 R\x99p\x9d\x0c\x03\xdb\xf9\x1f\x81\x13\x9e\xf9\xf3\xa5\xe5-\xdd\x18\x9d!\xb4\x00\x00\x00\x00\x00\x00\x00\x00\x00\x00\xe5\x06\x031\xf2\x03nhV%\xb7|\xe6\xc3\x19\x9f\xf8)B\xef\xa7P\xa7\xb5!P\n)\xb6\x8e\x9d\xa3\xa2\xa1\xb2eZ\x00\x04\x17\x00\x00\x00\x00'
3000000000   f8e8c7fe0c0dfbb29832120710f1717ca2732991703ccd2d65b0cf0bcd458bca   00000000000000000004005a0000000000000000000000000000000000000000
3001000000   4861e87869eaa99d12f616aeb020cddf0c87e4161cdeec2edfe2ad8d228dd1ba   00000000000000000004005a0000000000000000000000000000000000000000
3002000000   a8b14b926a4e017eb24cd6563657ae6f403ccad34e23897bf245382ebae92280   00000000000000000004005a0000000000000000000000000000000000000000
3003000000   c04b225f1b43a9701a4975988b6fcc16831e9ebe063f2a1bff0189820b5261c6   00000000000000000004005a0000000000000000000000000000000000000000
3004000000   a59d45280d37fd92ea9722bb6dc5e2d14878978d5c12c761aa2027fe64f6d2f9   00000000000000000004005a0000000000000000000000000000000000000000
3005000000   4ba52fa60a17ec5d5486c5da3517e58c6f8396a4456938fefd0276b34c61d1db   00000000000000000004005a0000000000000000000000000000000000000000
3006000000   2bd049e13a2f2d07a444b4c44d27fe44b7da0638602bb0a946e497b1b499bd56   00000000000000000004005a0000000000000000000000000000000000000000
3007000000   7f29e7629e9b31814043dc9e25549fdb02272e11721b3b76713065bcbff4e0ad   00000000000000000004005a0000000000000000000000000000000000000000
3008000000   b8ae922b479314afbf6a44ee7cfabde97b5fa3802d5d980058d6726b1469c97e   00000000000000000004005a0000000000000000000000000000000000000000
3009000000   dd456ef34fc816ea40351ebc2cee2eb1ae199a3da7690a78d6122e14456ddb94   00000000000000000004005a0000000000000000000000000000000000000000
3010000000   f27cde321e57b5901a9e06267d39f1c5b046f1496bf0c5ae473224c24bd0331f   00000000000000000004005a0000000000000000000000000000000000000000
3011000000   31ec734cff7ee1e54aa451307407d6a4d31a9443adb5eb0cd0459b97f0f76a7e   00000000000000000004005a0000000000000000000000000000000000000000
3012000000   a15206a3d8333982bf3ba055f540e0ff221995682ee16020729a7c943f73fbb1   00000000000000000004005a0000000000000000000000000000000000000000
3013000000   347f4103ce3a7e4d8651220afbac9e81685011766266f03330a26d3450e6561f   00000000000000000004005a0000000000000000000000000000000000000000
3014000000   d1ba068dde2fe659cd07879d5ad4e382aadf9f6e7ed406c6f2794c36e734f811   00000000000000000004005a0000000000000000000000000000000000000000
3015000000   64f06b439628c60f9af3031c35675ddee05549a78da9f83fdb61c17035296ca1   00000000000000000004005a0000000000000000000000000000000000000000
3016000000   c5dd5265c0dd2f87f77e01ce1167f3e3a30dc95129806d72c19fef7a7bea8acf   00000000000000000004005a0000000000000000000000000000000000000000
3017000000   e7ac0f06e0643485f0541da227a140bf74fded3351a521eeef8531a5c8006625   00000000000000000004005a0000000000000000000000000000000000000000
3018000000   5594567c974bafa3c461fad436dd60c7989eff6a67a27a1416815a696050e071   00000000000000000004005a0000000000000000000000000000000000000000
3019000000   ed8b15a2444e7dea18794aa0957ac093e0a0ef96cd10ea39a1f6466fe988d9f6   00000000000000000004005a0000000000000000000000000000000000000000
3020000000   11967d7be4d73f15aec268b331d82ef98c558196cf57c582f2e8e82efe8d6f0e   00000000000000000004005a0000000000000000000000000000000000000000
3021000000   9e899289a10ae6d08a572eeb50b06d479c55b6f40c60dfb9ee571bda5044698b   00000000000000000004005a0000000000000000000000000000000000000000
3022000000   a2a4af15f04721558e02fcd6d1ca5dd968aef5fb8dce138f57228925850527e3   00000000000000000004005a0000000000000000000000000000000000000000
new_height:  827345
debugnonce_start:  3000000000
Mining block template, height 827345...
header:  b'\x00\x00\x00 3\xeeH\xa5`\x1dp\xdc\xdaYl\x9f\x94^\\\xe08{h\x16B\xd1\x01\x00\x00\x00\x00\x00\x00\x00\x00\x00}\xac\xd5\x0f\xab\xc0ara\xf5y]^\xdc\x1f\xc9:\xb7\xb7\x81\n`Z\xae\xc8&\xc6\xec\x97N8\xfc\x89\xa2\xb2eZ\x00\x04\x17\x00\x00\x00\x00'
3000000000   59224bfa73553e166dc8228a3e7bde17d12f1374115ec161d863a480ddb9b818   00000000000000000004005a0000000000000000000000000000000000000000
3001000000   4df6272e75d3973ea88bbe991f05a1d3286ff463f4f06032ad35bafd08372ccb   00000000000000000004005a0000000000000000000000000000000000000000
3002000000   4ae5701f3d78fc79d0fd6762be7e08d4ade45031b486c63018ce3f8f8459b5a7   00000000000000000004005a0000000000000000000000000000000000000000
3003000000   31b137c66f112d4df29aaba658d9fe59f6aaa78481fb1e01088f29109ddf6f68   00000000000000000004005a0000000000000000000000000000000000000000
3004000000   4d33048db1ac991f5ac41ce0823728b99f6d6680fb08e696f45e8c7d4489fecb   00000000000000000004005a0000000000000000000000000000000000000000
3005000000   895af37e93f20673f75425dfb765cc4352aed5bc29ace104a7f21686fcf4255a   00000000000000000004005a0000000000000000000000000000000000000000
3006000000   cf0571b52113cf6b34e9bb1fec41f9d0a8caaf610af1123cc18a87f0f5083b2f   00000000000000000004005a0000000000000000000000000000000000000000
3007000000   1e86bf306965f7cb41e6a469f39329116080111c1d9a5062c38d8968b6cc0ae6   00000000000000000004005a0000000000000000000000000000000000000000
3008000000   c2fd69adc9b9ad2a013bcf7af65a932d7224bae3a3edb9607bb5a2f15945b208   00000000000000000004005a0000000000000000000000000000000000000000
3009000000   5a1cd9d9877381806f02febc3d9a1b24e99a9285a60727879d60f9bf55a15503   00000000000000000004005a0000000000000000000000000000000000000000
3010000000   dbc22865dab1898ae8d5b0a002eb145b1494422835e299be3d5f0d741fb017a8   00000000000000000004005a0000000000000000000000000000000000000000
3011000000   58c9b893866cb06f8e9dde821142b37b29e45bccd28a0fdd2334682250855768   00000000000000000004005a0000000000000000000000000000000000000000
3012000000   e0399b2c391465e68febf3493c3b48eb808b7e8c5a8aea1a72b3acaca0dcc280   00000000000000000004005a0000000000000000000000000000000000000000
3013000000   6644b5cc2d263a8e787fac3740c0441d4efed91d0212b8eb18d0988506fd5f05   00000000000000000004005a0000000000000000000000000000000000000000
3014000000   6db0ffbb73c2711658907358bdda3d0fcc14ad5e94cd77c261ee34bdfbf833da   00000000000000000004005a0000000000000000000000000000000000000000
3015000000   2c84124f42b0b16e25168a481b45842981fb5296494258d21f7eb0b571b1d1b4   00000000000000000004005a0000000000000000000000000000000000000000
3016000000   408cc522f12d90acdcff1636d0259ec94c0fcbbddd1ac6892a5268e756aeae48   00000000000000000004005a0000000000000000000000000000000000000000
3017000000   2ec16a1977e9ef8cecb9905333138aadb3ded933ebcc475c7ef1cf549ab3b143   00000000000000000004005a0000000000000000000000000000000000000000
new_height:  827346
debugnonce_start:  3000000000
Mining block template, height 827346...
header:  b'\x00\x00\x00 \t8\xe6\x97\xcb\x94!\xeb0\xb8fY\x95\x89iE\x95\xa0P\xa7\xa4\x17\x03\x00\x00\x00\x00\x00\x00\x00\x00\x00W\x9a\x1d\xe4\xe0\\y7o\xc5\xe6\xc7\x8b\x9dw`"&\xb1\xd8C\x1bo<\xd6\xc5\x80\x1en\x08n{1\xa3\xb2eZ\x00\x04\x17\x00\x00\x00\x00'
3000000000   8aac4d7374d84b25a1706ea127061e768b957ead655654cb63228e5767e31839   00000000000000000004005a0000000000000000000000000000000000000000
3001000000   0f544c974dcf69fb6555ad052f6aea5e37e31727e945c5a8e1489145363accce   00000000000000000004005a0000000000000000000000000000000000000000
3002000000   bae27e9eac4089b49028c4ce758cb105c265bf50f063702eec981b39bde7b913   00000000000000000004005a0000000000000000000000000000000000000000
3003000000   a33e23ac728fbb7cb3a2dfaf58369f6aea953c5fbb14925d19af86030340826d   00000000000000000004005a0000000000000000000000000000000000000000
3004000000   55dbca139e879648aefdcebccb1aa065569d8e2a3748f957470f7822cc5c6fa0   00000000000000000004005a0000000000000000000000000000000000000000
3005000000   c1e8b333116a711ac3e99faa33fc30f32c3c05840162a1cf2328574632458124   00000000000000000004005a0000000000000000000000000000000000000000
3006000000   156f2cb96c67e796e5f1dc0d0fe7cc6f8a8b53f847d0dd357b512a81be0a3a5f   00000000000000000004005a0000000000000000000000000000000000000000
3007000000   e00176c578d8d65a76df7850056421000d5a89603477e612e372c94677a067be   00000000000000000004005a0000000000000000000000000000000000000000
3008000000   13fa2a3b0fd2e1d18aec1e0a5a84bbab1c2eb59598e7622dae6adc673692232b   00000000000000000004005a0000000000000000000000000000000000000000
3009000000   1e1148691c1c16302c0ac2dfb1560d82c6cc010842253f24404f55f4c9e47d44   00000000000000000004005a0000000000000000000000000000000000000000
3010000000   435e93ea394ac066ce6cf82b78bcea312cdb3e129ccc899f1fb2bc9d0ac6a253   00000000000000000004005a0000000000000000000000000000000000000000
3011000000   f188eaf4b9ad9c93316737498288547a26eb2fc40a05a17515c9521a189867e3   00000000000000000004005a0000000000000000000000000000000000000000
3012000000   1a3ecf1cd8843762670428ee45ab3e191a66657f4820513401e8b1cc45a3437f   00000000000000000004005a0000000000000000000000000000000000000000
3013000000   770fef83c6cb91e6f01d59aaf7f7449eab24e58d08072dac929d58268ff4ab8c   00000000000000000004005a0000000000000000000000000000000000000000
3014000000   7ec4fe03765a98ab6b9c86aa4440fe57aebe894b1232fb01da91896074a3a77b   00000000000000000004005a0000000000000000000000000000000000000000
3015000000   9edda23f56ae60297041f02f6e00e09d3be22596de505fe7a05bb9130dd5d380   00000000000000000004005a0000000000000000000000000000000000000000
3016000000   9f5a7545adfa4b696871b590ad16cb4357c5abc65d324706954819a563f350b3   00000000000000000004005a0000000000000000000000000000000000000000
3017000000   625bcdd5a8c7c31807d6d9d09ef68f41ad44c1f53a691b53a92382098c864c96   00000000000000000004005a0000000000000000000000000000000000000000
3018000000   0c9c8f6d165bca1e263010f5457f90c678d008e92e9eb1252d2cc814b6ac79ba   00000000000000000004005a0000000000000000000000000000000000000000
3019000000   27dc0a45b1ee4d11e079c15d68847c994f0e969705d3e8900b92258d4ce3414a   00000000000000000004005a0000000000000000000000000000000000000000
3020000000   b88161521945d9808c72f1678553441d54d9864411451fde035fb4d55d6043ff   00000000000000000004005a0000000000000000000000000000000000000000
3021000000   09615efb6069059560c2cc9432497731c74f0a3511a26c66291dfcc8a7b49291   00000000000000000004005a0000000000000000000000000000000000000000
3022000000   c052531d5d5bbe49fbd4b82e0a86a0a4b53e69ead016cbeefe9378a43bc28efe   00000000000000000004005a0000000000000000000000000000000000000000
3023000000   38d7b4403eb1e74a060ea1dc5bdbf85a3661e176c36b734c6ab8f3716e658104   00000000000000000004005a0000000000000000000000000000000000000000
3024000000   d448f27846387f87fc86161f7c6ffb6ed9606e3da44b0cc17ec8d90f60bf7ee6   00000000000000000004005a0000000000000000000000000000000000000000
3025000000   9fe8d50195cc36ec6ad42aafb4272b1ac8b3539b181447ea7afe7f42d450a67f   00000000000000000004005a0000000000000000000000000000000000000000
3026000000   ba5759727c54d63b52fe5b81f5041c721ed6bcd4016706cf98903d85592cca16   00000000000000000004005a0000000000000000000000000000000000000000
3027000000   aa5538bc8828547272df8b1cdeae5be0ff77cb7e3026a0ba84cb305a97d50510   00000000000000000004005a0000000000000000000000000000000000000000
3028000000   e47bf2b873431d3fa99607516794ac9fcf05475d9737bfd0c7c62b5e310b0f3e   00000000000000000004005a0000000000000000000000000000000000000000
3029000000   e600421a2e2b69f904b71056e35d769586f933ee6108d31c74f834098d98a08e   00000000000000000004005a0000000000000000000000000000000000000000
3030000000   ba7e61f15c41b2761f03d2d7973cf0edfac636f1e1f15a81a9c1e4f7f8399b8c   00000000000000000004005a0000000000000000000000000000000000000000
3031000000   2e1771380454a9dcaa56d952a2310c70d6cc4c95f8748062e1ae77e4f7122587   00000000000000000004005a0000000000000000000000000000000000000000
3032000000   e87591d66920fa546a1d060b866c0a9154c401572ad3705319f4a51897ab39bf   00000000000000000004005a0000000000000000000000000000000000000000
3033000000   794859d8d13fe91556002635664f6bb33045258a4c3fafbfd123c1994c70b0b1   00000000000000000004005a0000000000000000000000000000000000000000
3034000000   a3826de12b9676271e312f7c29ee8c4bf87a5c2a66db741f3edf6affda495184   00000000000000000004005a0000000000000000000000000000000000000000
3035000000   e3e2bf3bd1d8e4979c40995387574205ed0d5297f9ca438158163543bb6fab4f   00000000000000000004005a0000000000000000000000000000000000000000
3036000000   2ebba3a0f28dab2c0fd56817ab274cf8e2c7f30972af103b5388018c2993c52c   00000000000000000004005a0000000000000000000000000000000000000000
3037000000   032682ecd4c198e588f4f8787dd31fd8c9e76dfc14f08da9ee5449c5c0e90bb8   00000000000000000004005a0000000000000000000000000000000000000000
3038000000   df6324f4db4d9a7632edeaba634e4595bd05cfa099093dd95a7f098e2e5c52a2   00000000000000000004005a0000000000000000000000000000000000000000
3039000000   fc10138ea617932603629f700d936d1230c2e837d6b8bdb72aaac3a401b247d5   00000000000000000004005a0000000000000000000000000000000000000000
3040000000   c2c2181f62263ac837e05e3077a53f55e0f1f2d6132f80fb2ff78afaf611ef8b   00000000000000000004005a0000000000000000000000000000000000000000
3041000000   3269c72810ab3a09f3b598691ed389ea07eecdfb110abe2ee05efd1b1b77da44   00000000000000000004005a0000000000000000000000000000000000000000
3042000000   86e3ca92919471b0540b573aa03760f3882712bad3e4e5ebf66f5b5895336c58   00000000000000000004005a0000000000000000000000000000000000000000
3043000000   0c3765c8ad6e6e626cf8544d1c10c0a6a873ce509870c0a9a9310f600c9e0d9c   00000000000000000004005a0000000000000000000000000000000000000000
3044000000   c5e4d057cb9a5f161f11a4416198894c67967da6fcb6bb4acc71d1945c0367bf   00000000000000000004005a0000000000000000000000000000000000000000
3045000000   bf2b6f5ed333070a5103823ff455b13b888a005351e9893a618a6bf7931fd3b4   00000000000000000004005a0000000000000000000000000000000000000000
3046000000   f4965d54ccbe06e09878d03e2d3b207bea1b77d799f3758ee41e03f67c00ec66   00000000000000000004005a0000000000000000000000000000000000000000
3047000000   f54494dc5fb8cde2f891c098d4437c9994dbb3e4906fda03bd3c24a0a0161814   00000000000000000004005a0000000000000000000000000000000000000000
3048000000   fb303510dbf6e9ef28de894fb2fa2b7454b76eb9aaedc28bf0b34c6ff667f6d4   00000000000000000004005a0000000000000000000000000000000000000000
3049000000   a44aef388f8d18773f95734e7f352338f4147e1aa78c04fa2dbcaa03e6b527b9   00000000000000000004005a0000000000000000000000000000000000000000
3050000000   2c359ef10c10b52cbe4b28192858e6dd71f6ad54d67e019b3dedad888560314a   00000000000000000004005a0000000000000000000000000000000000000000
3051000000   7d654051b09fb99836ec5bbb4f52c6d4f39a3ec4c5ab2e1077e43b95037055d4   00000000000000000004005a0000000000000000000000000000000000000000
3052000000   ac7d44ea197ffa086389057779f51b33b8599ddab5883712f3aa7be721c4a8d3   00000000000000000004005a0000000000000000000000000000000000000000
3053000000   717af1f57b1c7344334ae0b7fd491987d09aa0369e67c5e6286fd5e940555b62   00000000000000000004005a0000000000000000000000000000000000000000
3054000000   500a39332b01c8ecfcf7684a5d032a47872498c1477e47ca390ef2c0f5eebdaf   00000000000000000004005a0000000000000000000000000000000000000000
3055000000   0cb3a1e8b1b35aac683bc399afc7bcd11b89bdc384cd199cd4cfd8337485f397   00000000000000000004005a0000000000000000000000000000000000000000
3056000000   ea4eb2c1d1afb9d681f3f9f50dcadace018d3d4b7ee68d8d6e104240226ddcfb   00000000000000000004005a0000000000000000000000000000000000000000
3057000000   61a4313fc2c6a98720c03c0ea00e9e10b8de3713efb655f3e751bbd4c402db95   00000000000000000004005a0000000000000000000000000000000000000000
3058000000   01b1495145995725bf54d6bd73b64654cf5db7ad44d5584b78a81e82d3be5318   00000000000000000004005a0000000000000000000000000000000000000000
3059000000   05fc8f0e10676bfca3df20f84d922a2f70a350ac85562e30f49c1c4e1feea778   00000000000000000004005a0000000000000000000000000000000000000000
3060000000   be7bc4cf059e7a1971cdfedec8fd1f17d2606b9be408afcaf25eec7083c06e06   00000000000000000004005a0000000000000000000000000000000000000000
3061000000   6b5e68835f7c7d1e5dd180f9685e658d685e619e33cbce433a72c1f1c9f64826   00000000000000000004005a0000000000000000000000000000000000000000
3062000000   c5d1f95f99a8793f5f745623c0633c91a089361fc959ecf05319721926b8b131   00000000000000000004005a0000000000000000000000000000000000000000
3063000000   a63becc576e15b250da2aca37711cd8ae20b59ba82fa1b8f54bc61840206c107   00000000000000000004005a0000000000000000000000000000000000000000
3064000000   9ec323b54e3d01a58b4498181bd73638881bff1502245eeb0fae5378403440a1   00000000000000000004005a0000000000000000000000000000000000000000
3065000000   d866cd0410ebfae22c5f0016736e70d3d3592abd1cae4a7e1783a86f73304690   00000000000000000004005a0000000000000000000000000000000000000000
3066000000   45229fd6868242ef9835d53c222c4f58d0cd03a2e16c160d77e68e69311cadac   00000000000000000004005a0000000000000000000000000000000000000000
3067000000   81cfcd4c6579d479d8046e44d74f704889860de4ceb317b88f303241db587d97   00000000000000000004005a0000000000000000000000000000000000000000
3068000000   2bf951fc5542156e4fe4a4da4407fa2c842b55cf472b88300b8979d2a8ec4c38   00000000000000000004005a0000000000000000000000000000000000000000
3069000000   5f5019ffc71a283c353d8113492e57b563512b56369dac5389142c3698f824c3   00000000000000000004005a0000000000000000000000000000000000000000
3070000000   48df34ab187b659b9639937f96959e871bfa8287d6f82ab073fd07eff4349e6f   00000000000000000004005a0000000000000000000000000000000000000000
new_height:  827347
debugnonce_start:  3000000000
Mining block template, height 827347...
header:  b'\x00\x00\x00 \x9d\xaa\x170\xe1\xf8.\xf2 \x1c\xdeu\x97\xec\xe1e\xdf\x85Un">\x02\x00\x00\x00\x00\x00\x00\x00\x00\x00\xb6\xddlz\xf7\xcd\x8e\xc9\xe4\xedO\x04\xcd\xdb\x9c\x06\xd3\x87P-\xcd\xe3\x9b)\x0b\xb0\x1e\x14Z+x\xe2\xc5\xa4\xb2eZ\x00\x04\x17\x00\x00\x00\x00'
3000000000   957757424b9bc6e0bddf33845fbe2948a344ffe383d8efd284bdddc9da46a052   00000000000000000004005a0000000000000000000000000000000000000000
3001000000   aa35d95b2f253da47b50c45220a33424b3417abeb470af8ec80ebdb2a4dddf39   00000000000000000004005a0000000000000000000000000000000000000000
3002000000   4f68ba8f7e237ee01e7562bd0f99af316d19e5004315f810379b7c3a7b27d9e8   00000000000000000004005a0000000000000000000000000000000000000000
3003000000   73957acfe8447cdae1e6a83a49c58a09b04796c70d0cecba0052956bed55cae9   00000000000000000004005a0000000000000000000000000000000000000000
3004000000   65a174df493381f3e382e6e80e85d2afd87370776e1119fac3181c8d33f204d1   00000000000000000004005a0000000000000000000000000000000000000000
3005000000   0598999d91850fdf70fa7ef2b663afba05109aa85621d56d87d123d68efa9389   00000000000000000004005a0000000000000000000000000000000000000000
3006000000   8fa5b518fab1706cb2081e3fa824c4264f427d3d1d3dc26b4c61d715789001d1   00000000000000000004005a0000000000000000000000000000000000000000
3007000000   483e0c922dcd2ebbe921d669d4bba48e5002564a586c17a144ccdbdcef27bde7   00000000000000000004005a0000000000000000000000000000000000000000
3008000000   1251768fa247abce9449257401cb0576195beb47e04205e1e64cc44b34cabc9e   00000000000000000004005a0000000000000000000000000000000000000000
3009000000   ff746fc52e8a2a87d0324fee63ff0030c57eba163920ca6e789348177a8101db   00000000000000000004005a0000000000000000000000000000000000000000
3010000000   688bd73599df17905233c6e2107128b39c95f213c51b1cd6393ce59cdf734d92   00000000000000000004005a0000000000000000000000000000000000000000
3011000000   2e3fe576f06c20e5ab6eecd290d33812bd85d5b7b46552a8efed26acc5ef2c65   00000000000000000004005a0000000000000000000000000000000000000000
3012000000   2e5b205b74e29f2b19e1c7e93bd8cc1dcc0c56e69a7481ecef62d89b7529fdec   00000000000000000004005a0000000000000000000000000000000000000000
3013000000   25287e109cdfbe8115265a2b6ff422c28d7931de9ad821485e28a9734fa9a2cd   00000000000000000004005a0000000000000000000000000000000000000000
3014000000   c9a9a4d35ec25e28c7e3f7d62b506a0be3a31ee050f6819615d620699699738c   00000000000000000004005a0000000000000000000000000000000000000000
3015000000   973c44e5d0550c0cd3fb751d786cf39814ca4e56cf9a123fcd95e6a223a2fd44   00000000000000000004005a0000000000000000000000000000000000000000
3016000000   9055ecd34ae8f663408eb319e3158a9603f1967c6d03df05a20c87437a41c72e   00000000000000000004005a0000000000000000000000000000000000000000
3017000000   a26d4a948a9da07aab01f8c0c6f83c07a55d95a0464a0668fec4ed2d405f2f2c   00000000000000000004005a0000000000000000000000000000000000000000
3018000000   cf43a75f023bfb8efff4bbd7d1f828e5207f4cc5ef79a7985895a5b15b4eec24   00000000000000000004005a0000000000000000000000000000000000000000
3019000000   6aac0015fbf37211b7ed90aac6f7e6089663399339864f5164ad54dec7420fb6   00000000000000000004005a0000000000000000000000000000000000000000
3020000000   9dd91a9f51731d72daf3ab7a74e24f72b1e34f9e002db939529b548a12084b10   00000000000000000004005a0000000000000000000000000000000000000000
3021000000   fe7c5b6c3d236bd027077e9220d25e2829a1f27cdec34a42227c2e30756baee5   00000000000000000004005a0000000000000000000000000000000000000000
3022000000   25b0582b252af218812022f9f2cbef9f840929fa36a4ebe8fd3c6685ea931677   00000000000000000004005a0000000000000000000000000000000000000000
3023000000   0092b3052d14481666232ef196a8ae2efa51bd79a70f8b76d411c308a98451cd   00000000000000000004005a0000000000000000000000000000000000000000
3024000000   74bdf621b446ee705de830c0df3b86695ecb7fc12fe7b54397ec04b64746efd7   00000000000000000004005a0000000000000000000000000000000000000000
3025000000   d8694a477ed2d6269cbb863112b34cf839af1b54437525eefe8d41678e0739ca   00000000000000000004005a0000000000000000000000000000000000000000
3026000000   f796a9f994f342e078ac6f38edfac806a935568c1aaf18167765e8ed0879461c   00000000000000000004005a0000000000000000000000000000000000000000
3027000000   13b90c6c406437971589c19d84f61f2b1e1480abf1323b4b6de57a6a8be17389   00000000000000000004005a0000000000000000000000000000000000000000
3028000000   8dca82d1597239eeb8205649c6e31668abd3d14455e29f7e2734152de1540b0d   00000000000000000004005a0000000000000000000000000000000000000000
3029000000   3fc7dd085331b307750c84777abd24a2f7083cbaeabed01b93253fc556642e99   00000000000000000004005a0000000000000000000000000000000000000000
3030000000   413efa1000df96f653a1189f313573e686ecff300f0ac9d097180bcaf0d0f596   00000000000000000004005a0000000000000000000000000000000000000000
3031000000   8974060e38135c48e8b0228c382cc07412746646149ad93cfbba376dff3faacb   00000000000000000004005a0000000000000000000000000000000000000000
3032000000   dfdea74f5c35f0eeee5cd169e3fc355893bd0bc747d327507095f22e7978ea13   00000000000000000004005a0000000000000000000000000000000000000000
3033000000   60d6544f1a5f065da0fadda8cce5b0a13da8b713c7e2649f8b78a72942161889   00000000000000000004005a0000000000000000000000000000000000000000
3034000000   131a6f38f715dd704e8d990ac6d146cfb5b460ea4bc2932f3f1649bfd6fcd0c8   00000000000000000004005a0000000000000000000000000000000000000000
3035000000   e2d069f913a7260ce2f1837ef48b862decf0bffc11f93e64e731bf6568aa6564   00000000000000000004005a0000000000000000000000000000000000000000
3036000000   e39365aef5399e1794bbe37f0dca39a2b460a7730726b6ae096e63b787154802   00000000000000000004005a0000000000000000000000000000000000000000
3037000000   b63b36d667b540ee304c841f5d331d262cb6810b895e2d2b8ff537fb42f08398   00000000000000000004005a0000000000000000000000000000000000000000
3038000000   f692ee3f9ea286d7c8e0ac118a9845bf032d9faa02dd0bc56942917fb3213098   00000000000000000004005a0000000000000000000000000000000000000000
3039000000   1f1861e65b9b732733aa3f3a353e662a7bdbe5faf592a772fe4360947ff340e0   00000000000000000004005a0000000000000000000000000000000000000000
3040000000   6b53e0ee30385ffe241a9494c6158345b789a8ef196aece521d671cd315bb051   00000000000000000004005a0000000000000000000000000000000000000000
3041000000   f6a8db90ccb4ae2ee4b9264df408ab6a78b86fe3aa4d797706a7817707028524   00000000000000000004005a0000000000000000000000000000000000000000
3042000000   9e9c2f96f03e0da7142cc54c5096371412c23dad4d3ecb2809670323a09d05a2   00000000000000000004005a0000000000000000000000000000000000000000
3043000000   fbef9d9429702c453b1443d5c14c447c8000bd72a045ee585c916e73329cba01   00000000000000000004005a0000000000000000000000000000000000000000
3044000000   7519c80f71e8cdf7d90175756b8f75eda519144726f3449ee6f9b8ecd1861acc   00000000000000000004005a0000000000000000000000000000000000000000
3045000000   0ce5f16ce40bcab3fa830a437e085af9861865abcfc52672779cdb2a7c94bf54   00000000000000000004005a0000000000000000000000000000000000000000
3046000000   cd5d57575e2f4ada0c19cb1bb55a7ca7e9fc2a3adc1e0284c63f59369872510d   00000000000000000004005a0000000000000000000000000000000000000000
3047000000   09e37c6a74bfa8a41c5b9d55d5f9767a9619c572d138e375c7103762f822668d   00000000000000000004005a0000000000000000000000000000000000000000
3048000000   90d9250edf6dcd72086dca567afd696b122aa9235a84221e76ab8ef9b86f4228   00000000000000000004005a0000000000000000000000000000000000000000
3049000000   7a47dde48f20aaf6d73d0285ed0d75b2e507fe5234cec6b861c098eb7e369df6   00000000000000000004005a0000000000000000000000000000000000000000
3050000000   eac6cd651429cefa7997e8aedcd65907febd6d9dbfee4cb9200c6284cb7fe8d7   00000000000000000004005a0000000000000000000000000000000000000000
3051000000   1cd25f8ba1a921f2ec7199c29b9a09f44e0846b8b7e0a7baeef490151d7062d4   00000000000000000004005a0000000000000000000000000000000000000000
3052000000   d75137ea4daf395c299606a54bf0463391e177457f1485b4e7383ef7cd77f36f   00000000000000000004005a0000000000000000000000000000000000000000
3053000000   8e765875c3614e12517d954d0a6b382fe57b101c18e61e2e3e09a2d242a796e5   00000000000000000004005a0000000000000000000000000000000000000000
3054000000   bfcb6928ead252e39e1794157f0b1755e9e65e0987d4f8938329960a1db0b56a   00000000000000000004005a0000000000000000000000000000000000000000
3055000000   7621333dd40f578f412df21e9ffa7d48a42d832d038b26702238cfc0b0e94147   00000000000000000004005a0000000000000000000000000000000000000000
3056000000   86aed8092af57caa2eda913d115d21e4670f83d4d5852c8e86cee0d277baac4a   00000000000000000004005a0000000000000000000000000000000000000000
3057000000   099fcfdce93e2ba8bc166afbebca2cb8b25ba1dfdba165e9b384b8cfa0e29b44   00000000000000000004005a0000000000000000000000000000000000000000
3058000000   0d674a1d405f5dbb029ae05791b6a226857b8b8c7a6ee6b01776f28aa67eb33e   00000000000000000004005a0000000000000000000000000000000000000000
3059000000   948629963b90c0033874692ff1f8f10e5a2616dd2935447f8b3ddd070056ff49   00000000000000000004005a0000000000000000000000000000000000000000
3060000000   120569de1e5e6254fb09eff7e695f474f9f92b4f858830ddc12378d803903622   00000000000000000004005a0000000000000000000000000000000000000000
3061000000   43881ca1f15af3d409b5155fd243cd2103935f0daeae0da05d944a3c16c7f3e3   00000000000000000004005a0000000000000000000000000000000000000000
3062000000   65afbeaa61873d666743444746af34c725a915e7c9f2311ead6e120e3974b7b9   00000000000000000004005a0000000000000000000000000000000000000000
3063000000   835405d651636fda04f44c4cce81b55a6724ef3621c61053a5ee8768d6f841ec   00000000000000000004005a0000000000000000000000000000000000000000
3064000000   2ba4af87437e56d878e40e1dc322599aa0ca324ff0c446ced60fc9db54a1e73c   00000000000000000004005a0000000000000000000000000000000000000000
3065000000   8b0ff2d4432b198953bafaf106dc1c640ee186ec7512abe65262fe661aec29fb   00000000000000000004005a0000000000000000000000000000000000000000
3066000000   e45d4cde3fa6ee440a361751d615880ed303d8e8a2eb81493dd838b221d84802   00000000000000000004005a0000000000000000000000000000000000000000
3067000000   f1afa2fd5c97c4f4a850f7245e5fcd5b9bbd33dbac9ca177e89b380a77198627   00000000000000000004005a0000000000000000000000000000000000000000
3068000000   52f7dce90e657fa200a26fc8652c4e85190249847b8b7696b2873c7f8d097a9f   00000000000000000004005a0000000000000000000000000000000000000000
3069000000   10efaee026c9355198e0d7c59fd3435c5fb9a616eff8b4b11f713b9b1ca230cd   00000000000000000004005a0000000000000000000000000000000000000000
3070000000   5124f2e0be542c53a6814bf75bec492f9e032daba53cfaf37bd418bdada76cf4   00000000000000000004005a0000000000000000000000000000000000000000
3071000000   b6b94b7de6d2c34a94d27290ed2fb6323745ce9c8dc9461356532971529f4d9f   00000000000000000004005a0000000000000000000000000000000000000000
3072000000   28376d8379ebeb99f4659214fdfab436ebf0323569a5177118b13893332b87b1   00000000000000000004005a0000000000000000000000000000000000000000
3073000000   bd0a8d127850971c3253fdcab0b168f2b768b15e04cc01c4bdd67d2ea85d9b9e   00000000000000000004005a0000000000000000000000000000000000000000
3074000000   4fbb365f7cb588f35375d59203657c3d674c2c3b2a74b49697972684d50e99fc   00000000000000000004005a0000000000000000000000000000000000000000
3075000000   93b8045fdb4307aa6e25bbd185df3f7c3f5d2afdc157e5b6f2fbfaa0504eb7d6   00000000000000000004005a0000000000000000000000000000000000000000
3076000000   b54a9118cba2ffd3dbb4b95620a4b8c4310e6f1d93715fc543012c70d4a41ae5   00000000000000000004005a0000000000000000000000000000000000000000
3077000000   b5a4a150d8ccb6479ffb85c50adf4c19ddd9eef008897278279cfbafbdeb8874   00000000000000000004005a0000000000000000000000000000000000000000
3078000000   d5f61cd431a06b43aa01c801e7ea4e7de5ac79d7cafda28864c85142c7675e90   00000000000000000004005a0000000000000000000000000000000000000000
3079000000   145665ecc552f2e4be5ca4444a66a28b10b1572750bca043bcab238d2be0517f   00000000000000000004005a0000000000000000000000000000000000000000
3080000000   0b034fab3e617e7d94873fe0e04fd9cd261e55a89966c26a351ee25dd8313bf6   00000000000000000004005a0000000000000000000000000000000000000000
3081000000   ad7eb6cf84f244a7b8c291155842c0637a274aabd66c8e135d46f4bce3904bc7   00000000000000000004005a0000000000000000000000000000000000000000
3082000000   0b80b75b80435322f313a7b4646dd2ac528df85df957900ebe1ea1609e2e95fd   00000000000000000004005a0000000000000000000000000000000000000000
3083000000   3d431b7c20bf442ce6c9c9f022c108a1e67fc65c4fa565433c804067fc8ce03c   00000000000000000004005a0000000000000000000000000000000000000000
3084000000   dd73a722f6a499c1ed251de5234ce3328064c483671c5fff7b28e394756f2192   00000000000000000004005a0000000000000000000000000000000000000000
3085000000   b7d9061f5bd5812509ea601e6bf40202b8464e27a4cef943c6b13b33a499ca9e   00000000000000000004005a0000000000000000000000000000000000000000
3086000000   a173911a5d074966170ff6e2542b87f58acf0cf815e241923032f9fba17ddcfb   00000000000000000004005a0000000000000000000000000000000000000000
3087000000   3ffe88c6ef98e25bf8d195bfa0982e32bdbc218e0ccfdf7f10b9b54713625451   00000000000000000004005a0000000000000000000000000000000000000000
3088000000   633ff1eade24cc994b624f18f5efb0c59e053625078742d3087b791aa4954e2e   00000000000000000004005a0000000000000000000000000000000000000000
3089000000   8afb8b8118b2653db4238d6b15f0f5014a70113b1888c6251bd88efdab771710   00000000000000000004005a0000000000000000000000000000000000000000
3090000000   4111ae9c0b0cb9c9ae1bf96f9318502af55f1ced57c2a6ecc1dd6636374cda8a   00000000000000000004005a0000000000000000000000000000000000000000
3091000000   42246649dae3098b36cf9dc92a3fb4e7ab523e8ab9ea09ec7982cdd11f64c743   00000000000000000004005a0000000000000000000000000000000000000000
3092000000   25778fef68c52d05718cf0f201c351927c8d8c3ccab49832a0465afb5a8b9d08   00000000000000000004005a0000000000000000000000000000000000000000
3093000000   04ce2d682d4bfe31b7627e12ccfda0dd9050872eeee21481b4de249d7fa62643   00000000000000000004005a0000000000000000000000000000000000000000
3094000000   aafed6a0da9805e90d094cb0a134233ae5b6451e759b792fc14109086f31e0c1   00000000000000000004005a0000000000000000000000000000000000000000
3095000000   f684d9957af0557d849a343718fc77c81efa1d074e4a2dca9cfddf43f83a4745   00000000000000000004005a0000000000000000000000000000000000000000
3096000000   65c63c068673e73b1a326a6702d99fa0373772f5918ff2ddd01efc2a5225a54d   00000000000000000004005a0000000000000000000000000000000000000000
3097000000   4ba0b6fe8abeef710ae6990a24eb5267f9a384f0db4417f8548bd356dbe782a9   00000000000000000004005a0000000000000000000000000000000000000000
3098000000   b5b31d89521f55b4a8e3872e0d72eb2ee22eb1e4879a198dcb4fc01223f4f70e   00000000000000000004005a0000000000000000000000000000000000000000
3099000000   e3b05ca60dd8ea73a11b4d08a5d0ebe68dce23ae202da1af92463941140caf2e   00000000000000000004005a0000000000000000000000000000000000000000
3100000000   2047847c250a156e427b23c12495025ef398de817e890d88cb8d112c93f68714   00000000000000000004005a0000000000000000000000000000000000000000
3101000000   74526a56dc5e5424bcc4767e33d30978ea80b6c529f365c79cdeec1842f8c6c4   00000000000000000004005a0000000000000000000000000000000000000000
3102000000   42de12b9ea6c73504ef0a08195fcd1e41e4575df0fba17d72fe60a9348615399   00000000000000000004005a0000000000000000000000000000000000000000
3103000000   9038deb29fa585477f8c1d18acca9f010e9d7be2879fb994df68c84f7f00aeef   00000000000000000004005a0000000000000000000000000000000000000000
3104000000   7239b8c1d759f9c396aa7754fc979ac27e4c35c3e134960dc58ce5f5d3decbed   00000000000000000004005a0000000000000000000000000000000000000000
3105000000   0b4f736ce09831e12a3455a429e416ca2326a844cd187fdf1259d184b598f7ce   00000000000000000004005a0000000000000000000000000000000000000000
3106000000   1c40df022064ebcc278619bc92a07ab9eb9dc0fa359bcd4124f0b3ed8383e46a   00000000000000000004005a0000000000000000000000000000000000000000
3107000000   c9caea21a66bf6351fbbb6187e284b4a19fa5f492f692e01042abb03448da46e   00000000000000000004005a0000000000000000000000000000000000000000
3108000000   dda8afed7608093d6bacb92c80e0217f98862ac9c49e751c0d235492b62d94ed   00000000000000000004005a0000000000000000000000000000000000000000
3109000000   48870a9f50e7b8b6e62bc37db861862779848e4e9b923c4f824e896dd16896ff   00000000000000000004005a0000000000000000000000000000000000000000
3110000000   39dece675e2e847eabc66039cab359fdb4165811e4f1697c335a401a95c68d26   00000000000000000004005a0000000000000000000000000000000000000000
3111000000   899e848ea880102eb0037d722c18feeb59f4361acb8d70dcd0e49e3a0feed59b   00000000000000000004005a0000000000000000000000000000000000000000
3112000000   eab86ead129cd9b6bb60ae7f56acc8a842a7a2cc4f3ad1b115b677f3aaa9dcfe   00000000000000000004005a0000000000000000000000000000000000000000
3113000000   607bc97575b3d496d988f510b525ff2b67f0bd4f68ac93d76bb9b6fb5b00fd69   00000000000000000004005a0000000000000000000000000000000000000000
3114000000   8514a4e535ae351bf6dbf40bfbad1fa90bba0c744f390abb2b8f95bd2cf9926e   00000000000000000004005a0000000000000000000000000000000000000000
3115000000   084b21978b3eb55f46204e4ebdf3dc05919781bc7eb565667861686b38fbcc94   00000000000000000004005a0000000000000000000000000000000000000000
3116000000   a5d1a73e6545c0cb3fcb1eae4b4a2e59a897db59f5d4317037284d7084f8e836   00000000000000000004005a0000000000000000000000000000000000000000
3117000000   d1a95c77311069c1d3a10c5b2b35ed0c4d09e0b9ba98005f1965d5d04837892d   00000000000000000004005a0000000000000000000000000000000000000000
3118000000   f715f937ddab97d5442073857df7ae6d89e80c60ff1a9340f00a52f81867c940   00000000000000000004005a0000000000000000000000000000000000000000
3119000000   9623dea9d5a8dacdf495defdb83c1620b4d14f53356dd4a408026c152fe6c07f   00000000000000000004005a0000000000000000000000000000000000000000
3120000000   b8a1526fa86da5d3e58bb0c0f608bb617df4bddc0edc7aef4f2f7134b1d0afbc   00000000000000000004005a0000000000000000000000000000000000000000
3121000000   c9102fd6d3188d0fffd359bfe9de93f0df409e1ce5369f75f998194515e063fa   00000000000000000004005a0000000000000000000000000000000000000000
3122000000   3ad71137c1717b5190ff67118130932d349976229722e69bba6814c2f0d3cfb0   00000000000000000004005a0000000000000000000000000000000000000000
3123000000   721f1a3bfd5f2202d704f81f6b779194c318355db94bc52fc8ff4fa2db00ad66   00000000000000000004005a0000000000000000000000000000000000000000
3124000000   a34f664ac686cf7883c10e995d15d1d65a27a35a5fa36a57430cff96104334b3   00000000000000000004005a0000000000000000000000000000000000000000
3125000000   244c35d8fd879808e86ba00474e4f2c71cf6f4c69bfae5cb2e36f1f48b22bf22   00000000000000000004005a0000000000000000000000000000000000000000
3126000000   637f538ab2b317ddabe142e7481bbed0cb0a53f9d8b61c0ba348d93d0ab04913   00000000000000000004005a0000000000000000000000000000000000000000
3127000000   36c094b349081ec0694423706f3e11eaf5c0300b91bf5a1063c1c099b1c65f6b   00000000000000000004005a0000000000000000000000000000000000000000
3128000000   37b63d1bcaceeecdedfdb62a648757207fddbbdecb735e15b466f6f89474b348   00000000000000000004005a0000000000000000000000000000000000000000
3129000000   101fef5f4e157d2157c9d5a12f52a35bbce0b1d89a2ff337219349cd362b8625   00000000000000000004005a0000000000000000000000000000000000000000
3130000000   d1d00d37f7cdfdce54654a7d4d914723951ffec487484660686430bd6f989f9e   00000000000000000004005a0000000000000000000000000000000000000000
3131000000   7a39c2cd93fe5232095c3bdfc1d1c38e7febe7f6bdec2e40ed427fb5d9a0c2fb   00000000000000000004005a0000000000000000000000000000000000000000
3132000000   5a1c318f23f80880925765643ef5037fa68b943ba3f6c7ae12c030e8ab5d7646   00000000000000000004005a0000000000000000000000000000000000000000
3133000000   b3d60f8bab948d007eeb1b4b09d05f6851802fed61d0827a99447b75a835d791   00000000000000000004005a0000000000000000000000000000000000000000
3134000000   3dc79e9129c06ea3ed1e9a6c702545e75741af1ed2ebedb4d29b8698ad66736e   00000000000000000004005a0000000000000000000000000000000000000000
3135000000   97d63b647f75c8100a25946090c7888f74d3ee7d40f9a74767be76bca166c488   00000000000000000004005a0000000000000000000000000000000000000000
3136000000   6ababf65772270124b34d0d2ab1d90678f76dbaf6e44da659d34338463f97e54   00000000000000000004005a0000000000000000000000000000000000000000
3137000000   0e9a8ebf6c7779cf9c4cc73faac9835cadb2326804d6f7e9151c16533f271130   00000000000000000004005a0000000000000000000000000000000000000000
3138000000   5cef2f9025c0f2c85396b6dbe5dcf99c911df7c0def06c6c0286162463e904da   00000000000000000004005a0000000000000000000000000000000000000000
3139000000   6778e5593dd6fc5b746d415644b16d57f002f992652d3872f0cb44cda69f0c87   00000000000000000004005a0000000000000000000000000000000000000000
3140000000   bce2d183c4a31163e9ece21544c76b4fb06fdaf47fe758f615f22d704c4bee0e   00000000000000000004005a0000000000000000000000000000000000000000
3141000000   36db96171aca4a014e6702b3cfc750497190584fb2b6c8485a797f650545698e   00000000000000000004005a0000000000000000000000000000000000000000
3142000000   2a8b83db2c63135b5946546806af9932713ce5441f22b2346e3c5390d3badbbc   00000000000000000004005a0000000000000000000000000000000000000000
3143000000   5d65a31241985d024e4b7c58af65b0a17cd4bfcfc8028f2868e58ee669de80e5   00000000000000000004005a0000000000000000000000000000000000000000
3144000000   312c5373af2e2d2d7cc1463224f99410ff96f06337a10c1a4ba9ba46bb07a701   00000000000000000004005a0000000000000000000000000000000000000000
3145000000   6f5229b20e3584d27fa34f94cd888da9414e1c77dbf159e9c8b337c823da8b76   00000000000000000004005a0000000000000000000000000000000000000000
3146000000   84457e6450d09789c6c027e2311bddd418716fe7a3c6f42f17f0472256744874   00000000000000000004005a0000000000000000000000000000000000000000
3147000000   95eef082747e753940976692e56abcb6fe4a868d79a3843b3f02033698940d04   00000000000000000004005a0000000000000000000000000000000000000000
3148000000   b24e756a96ded8f889555af192fb1f423596f32fa24de13d0f4851d9a2d5cd84   00000000000000000004005a0000000000000000000000000000000000000000
3149000000   bb428d416b368348702977e0135991c58be1168fe1326143c44e8daeda4ffa46   00000000000000000004005a0000000000000000000000000000000000000000
3150000000   26492701b24bf9c71d90d2ae2c1b067e606eb0768bd4c3ab039460ec4f1b3bdd   00000000000000000004005a0000000000000000000000000000000000000000
3151000000   57cfd63c1b7ef1698e078071d48837c7639092cc8b49fae02883949c931bb729   00000000000000000004005a0000000000000000000000000000000000000000
3152000000   85247b1a53806cf2dcdcc5c7ebed4fb87266f7a486d2fcd4a05a9e6703a81d20   00000000000000000004005a0000000000000000000000000000000000000000
3153000000   0caacfdff63cc9db3d253e17b78dea37cd5834d018d7ac15d351948c45e49f80   00000000000000000004005a0000000000000000000000000000000000000000
3154000000   e02aaf9427fbba7a7dd60a79e5f8b270900c3ac97ddf926652eb454dd56e17f7   00000000000000000004005a0000000000000000000000000000000000000000
3155000000   5c490afd9625ab5b20e6228503ba30d874a40ec27be29ba6c1eff49a4ea73b3a   00000000000000000004005a0000000000000000000000000000000000000000
3156000000   e1582589e50a08afe9991b7bf2c600d2adad7715ce53011d2130720fb6a412cf   00000000000000000004005a0000000000000000000000000000000000000000
3157000000   a2cfc948ac963c777582f1ae16357df35842a8759afe4ed0cd6e0b506d29f65f   00000000000000000004005a0000000000000000000000000000000000000000
3158000000   baaa0b3a00365bffa5a8608c910db7dbc0efb1eb0ccb59adc1a5b758e4e0e459   00000000000000000004005a0000000000000000000000000000000000000000
3159000000   f24ce5b610b9b04045ca3099884f86f8b92265fe27246ffd23f82346b9d1e2d5   00000000000000000004005a0000000000000000000000000000000000000000
3160000000   