debugnonce_start:  1000000000
Mining block template, height 827344...
header:  b'\x00\x00\x00 R\x99p\x9d\x0c\x03\xdb\xf9\x1f\x81\x13\x9e\xf9\xf3\xa5\xe5-\xdd\x18\x9d!\xb4\x00\x00\x00\x00\x00\x00\x00\x00\x00\x00\xf5\xbb\xc7:;C\xd8|>\xa5\xa3\x14\xab\x15\xf1\x0f\xa5x-hj:p\xb1\xd8\xedz\xae\x85q\xe6\xff\xa2\xa1\xb2eZ\x00\x04\x17\x00\x00\x00\x00'
1000000000   f8690fd18cc9ff4e9e4c14b5bde26f2553760438ae880133663f229a5c277971   00000000000000000004005a0000000000000000000000000000000000000000
1001000000   4c1d7126f1a3607a5759b91bb77a7f2aec7e0efc79439b58039c206c2f42c934   00000000000000000004005a0000000000000000000000000000000000000000
1002000000   1e9890bff892663f8d031e684cf65afcbf741d3126ddb60a437b1d2856ef3833   00000000000000000004005a0000000000000000000000000000000000000000
1003000000   a583b262c60cf3442fd1056eb7c7420aac486fe3e694372d5761deaf49c9edf5   00000000000000000004005a0000000000000000000000000000000000000000
1004000000   80adf135be11e159063f965c899e66c01e90dcb63b5181feb275d3d8c9c315de   00000000000000000004005a0000000000000000000000000000000000000000
1005000000   11ca3dbc44186002d86c32b154e914d6b47b4284137969621764a487ea16e93e   00000000000000000004005a0000000000000000000000000000000000000000
1006000000   5092f75b0936556fe178ad588b7e958e1d28ea4a29a8c7d2db509da9d87e80a1   00000000000000000004005a0000000000000000000000000000000000000000
1007000000   3576d313227bbc44b956c280a85a8166f4f7f4610408e4c79f644ae169c44704   00000000000000000004005a0000000000000000000000000000000000000000
1008000000   a6ac8afd192a4badbe6b18ce71119e92b7cc0e0240105f1a72650953d4dabce3   00000000000000000004005a0000000000000000000000000000000000000000
1009000000   105adeadbd6c376d432013ce62678b25f0ad1bce9f2e68b02f77f5ac99cf6637   00000000000000000004005a0000000000000000000000000000000000000000
1010000000   96460afa4d479932e8636d2f72683f81295fbb978350ade66dd063b4dafa8357   00000000000000000004005a0000000000000000000000000000000000000000
1011000000   5fc628b6a39d37b0f27c98a67a6d89e67e3c9baa39555c24b7f729824b15e24f   00000000000000000004005a0000000000000000000000000000000000000000
1012000000   d4aa696739f7ca36275c1a9b399fe4b61d3ad7477ba672b4309ea87486b20629   00000000000000000004005a0000000000000000000000000000000000000000
1013000000   076b9bacf5cd5348154c963e800cb674183654bb75deb0ff0c2b9ad9e072fc30   00000000000000000004005a0000000000000000000000000000000000000000
1014000000   d09192321cfd48e447237a5687f87e6cfd996ab8350e78219b31de1080a7967e   00000000000000000004005a0000000000000000000000000000000000000000
1015000000   2102c89b90b2b1d52063de128fcf034eb7fc61b981cbbfd579d6f03954277a9a   00000000000000000004005a0000000000000000000000000000000000000000
1016000000   ce3a503e43311a777bed98fd3923ff1ea5d9a4054b1d78356962a8adbabc225f   00000000000000000004005a0000000000000000000000000000000000000000
1017000000   68b6c9e1512295c7ee20248fcea46202e62dfece98ca655b24b116322cb18a68   00000000000000000004005a0000000000000000000000000000000000000000
1018000000   80c8aa0e2a5be6d5b97d5264478c2f983752fad7546a45b51e6152a791d57054   00000000000000000004005a0000000000000000000000000000000000000000
1019000000   4f418adedfc2d622afc701b0e3b4f174093c99bf25bf14379a555549283529da   00000000000000000004005a0000000000000000000000000000000000000000
1020000000   618256bb07e1618988a47ab6e3046bfd011df7fc3844c503ea4e242ecad481ee   00000000000000000004005a0000000000000000000000000000000000000000
1021000000   7a69ac80a7a7f990c49adb83a29aac9208360ba0f8ab7e0b882ccc339e5a1802   00000000000000000004005a0000000000000000000000000000000000000000
1022000000   0ceb9299aa62426d2201c1cddcb4d2927ed7bcbeaa56c673669792548d16e5d0   00000000000000000004005a0000000000000000000000000000000000000000
1023000000   a2e6ed1d4adc23c3208f9794d55c7439c74d597e2f328def2b6b86255f651e6e   00000000000000000004005a0000000000000000000000000000000000000000
1024000000   de2852cb6db280503e6c4f64c46fa28058f3107bdec11fabcfbcd679489f3f20   00000000000000000004005a0000000000000000000000000000000000000000
new_height:  827345
debugnonce_start:  1000000000
Mining block template, height 827345...
header:  b'\x00\x00\x00 3\xeeH\xa5`\x1dp\xdc\xdaYl\x9f\x94^\\\xe08{h\x16B\xd1\x01\x00\x00\x00\x00\x00\x00\x00\x00\x00\xe6Sn\xbe\x8d\xd1\xc8\xde~y\x1d\xe4:l\xf7i\xcf\xf6\xce\xc3\xad\x9c\xba\xe1\xff\xc0fP\xe7\xe9\xd8\xf6\x89\xa2\xb2eZ\x00\x04\x17\x00\x00\x00\x00'
1000000000   1d3fb9647d533b2edd52137918671103038127ab02b3143dc66794c4b2f0c973   00000000000000000004005a0000000000000000000000000000000000000000
1001000000   8a2526cdcb4f6c3b89d57fceaf2209b1e9b0c76841dbb0795af002978b725c69   00000000000000000004005a0000000000000000000000000000000000000000
1002000000   0c2d9a2facfa0cf9f4811f10dce4e3bd65c0e9a829bb2ed8b45901e6274e5d84   00000000000000000004005a0000000000000000000000000000000000000000
1003000000   779bf6d454d709128566566b5c7b47fa5dc163212a4547bba25666b4be57160f   00000000000000000004005a0000000000000000000000000000000000000000
1004000000   b9a0dd6c47930a836e5087e6a2f4905e9090d4e1e90b20df1e0722fda11f54da   00000000000000000004005a0000000000000000000000000000000000000000
1005000000   77dbc9b6b0cd19c8f9c3115177690f9204c06297fa83669a8f13f50de89a8b88   00000000000000000004005a0000000000000000000000000000000000000000
1006000000   17cc8084344ced435c934b1d839e38ea00e0a5dcaa90f39b340cc414247e8b65   00000000000000000004005a0000000000000000000000000000000000000000
1007000000   afeab04efffaa2575cc703d85e63e8ff224ac90485b33379f7d51523e0a4dffd   00000000000000000004005a0000000000000000000000000000000000000000
1008000000   34435b0fdf675e8a46a5b95dd961271012410ecbb2ab66ccc6d6838050edff61   00000000000000000004005a0000000000000000000000000000000000000000
1009000000   2335bbce62a9cdd266d9ef38dbff7572c315582068c216ee24af3df9e48becdb   00000000000000000004005a0000000000000000000000000000000000000000
1010000000   a50aa4de81f2bf8b6802ed26016b512687b493e295c731caac035f3d7e3e38cb   00000000000000000004005a0000000000000000000000000000000000000000
1011000000   8a00403e633cae20b2fa96d123491c2f5832c7b0d237284493ddda66cca8060d   00000000000000000004005a0000000000000000000000000000000000000000
1012000000   2871030a8549b4f7fd21597d21b866a6f8046f13f0ca3c5f4c3e80b051f54cae   00000000000000000004005a0000000000000000000000000000000000000000
1013000000   f28c1603f420bcb2ac037e31ff9344e337765b63a6851ec4b5998eb698f07d32   00000000000000000004005a0000000000000000000000000000000000000000
1014000000   7c6417bebb94118046a334a7f3e8eeb8849609ae79d65c9a8f1329aa3a1961d3   00000000000000000004005a0000000000000000000000000000000000000000
1015000000   c50fe2bda6779112f5c835e66a62008ac577f2725343b419041da633bb51af7a   00000000000000000004005a0000000000000000000000000000000000000000
1016000000   651d5cf6213db4e35d76b58ef969b7c097825fd78e853df9731c16316aa114fe   00000000000000000004005a0000000000000000000000000000000000000000
new_height:  827346
debugnonce_start:  1000000000
Mining block template, height 827346...
header:  b"\x00\x00\x00 \t8\xe6\x97\xcb\x94!\xeb0\xb8fY\x95\x89iE\x95\xa0P\xa7\xa4\x17\x03\x00\x00\x00\x00\x00\x00\x00\x00\x00\xe7\xa2T\xe3\xd8\xcbU\x94\xbb\xd3\xcd'\xf8\x7f\xcd\xeews_hR\xb8\xea=_\xa0\\\xff\xea\x1e\xbf\x9e1\xa3\xb2eZ\x00\x04\x17\x00\x00\x00\x00"
1000000000   34625f47ff35101ea7a882d6e506f18a69fca7ae62a6532115105a643a8d1555   00000000000000000004005a0000000000000000000000000000000000000000
1001000000   57d0352dd6cdd2dc56496b336064ff391d9535ce089975ff99172ced16358790   00000000000000000004005a0000000000000000000000000000000000000000
1002000000   d610d91de579a7a70ad1d534757e6b52841d05c1c044b0354461b421695756a7   00000000000000000004005a0000000000000000000000000000000000000000
1003000000   ad78a2c793b4bffe92dfbeabef114f6176a0c8aa7c9ff391bf05288275993ef9   00000000000000000004005a0000000000000000000000000000000000000000
1004000000   93e0d369b8d0ddb31f72cdaf2916fc36ddc6e47c8196f9e030e9bf64303a64de   00000000000000000004005a0000000000000000000000000000000000000000
1005000000   c8cecfe714563beae98c7aa9c083e7873e8fa8a6389031a7c340788e4f5ebf8d   00000000000000000004005a0000000000000000000000000000000000000000
1006000000   880688279c10d36fce6e4cc90ad7d6d3d9c55b57e32e29c470b167958a7796e6   00000000000000000004005a0000000000000000000000000000000000000000
1007000000   01e877ca29dc654e06cb67915b1a6142642c12f42de832d924452613063e4091   00000000000000000004005a0000000000000000000000000000000000000000
1008000000   ab7ff1e5232f5f3bac95b4735d5986b478034858238c55431fcda99b4ddfad63   00000000000000000004005a0000000000000000000000000000000000000000
1009000000   2e90fe6abe4ce679760bfac03c1c1c5b081e8ffbfc5c090910fd996b6032750f   00000000000000000004005a0000000000000000000000000000000000000000
1010000000   24c30add49c296e2f56e051e2bb4293fba14c058afb11eafff77b50d94695d8a   00000000000000000004005a0000000000000000000000000000000000000000
1011000000   ac4812e67d832a9536990d2460314abd0c36cd10f9ea596f9a26b59d4d7e31d3   00000000000000000004005a0000000000000000000000000000000000000000
1012000000   0bc75f895c9b7159225d1e613a024eb68ea287b85e08964327d21efb16a35a66   00000000000000000004005a0000000000000000000000000000000000000000
1013000000   70fc537bece71204084b132341b2b1f23e47120e58e6f8b2139e44dedc64b1ed   00000000000000000004005a0000000000000000000000000000000000000000
1014000000   0800d1c767ecf28d8d9600075d4d1a383c1c3bd63e9133e8ee753950527cf374   00000000000000000004005a0000000000000000000000000000000000000000
1015000000   812b0271da545f99f7c6fad8dc8824dea43e9f43ab6aa4544bc19fb058a3bc41   00000000000000000004005a0000000000000000000000000000000000000000
1016000000   ec0f7217d5f6f610a9721d323875a6f67c1b8fe46eb7b066c3597ef9b0f4d971   00000000000000000004005a0000000000000000000000000000000000000000
1017000000   32a2abf51ab7ad4b014451460db33016130932566bcc3368264243cbab9aad91   00000000000000000004005a0000000000000000000000000000000000000000
1018000000   a28fc4095791e005aa1cb0ffddf7cfb69c9c6b06a8db098ac4175a11489fe942   00000000000000000004005a0000000000000000000000000000000000000000
1019000000   31eee710319b4ee962214e6a5038907544d06cd9f8fccf5dc047796a0d3c7d17   00000000000000000004005a0000000000000000000000000000000000000000
1020000000   147f8c3995c275543c46cbd0dc81b76798163cd0bf92560b3824a5d8ced2d6ef   00000000000000000004005a0000000000000000000000000000000000000000
1021000000   7c1310fd4412d142188b9c91550e513b79bce6c794f7a27661d6964c45db2179   00000000000000000004005a0000000000000000000000000000000000000000
1022000000   5ba97fd42d2056320e2fdd5b5ca812003d8d6acbac8f0466260456b657243eb5   00000000000000000004005a0000000000000000000000000000000000000000
1023000000   53949305c74f2f1f80e31ca5f7a0a6ecf422eaed8a5abe9e8ed5641c2de1076e   00000000000000000004005a0000000000000000000000000000000000000000
1024000000   2ec581d3708d77923dcf18978461661ee4815bc78d248ee87d002ed43844a013   00000000000000000004005a0000000000000000000000000000000000000000
1025000000   75ef8ad6b51e6048d86cbc55980d778305681774df904806980058985e9b9285   00000000000000000004005a0000000000000000000000000000000000000000
1026000000   d50f51a2f1e723724a893c8e88d42d029e432d454e413d9c0564e6c49ed2c95b   00000000000000000004005a0000000000000000000000000000000000000000
1027000000   7003ab6a2123c847b85e8ce2d117666511b1453d5956a94f101b37f0d4ca0ad1   00000000000000000004005a0000000000000000000000000000000000000000
1028000000   149c756239522082294f04a17cf1303891753ddc70f181d2c34478b69303091a   00000000000000000004005a0000000000000000000000000000000000000000
1029000000   957edbc7a95e4ef29d59a66f5ba4dd026d0c0cec07c42df0b16bbf30f7dcdcb7   00000000000000000004005a0000000000000000000000000000000000000000
1030000000   0cc3f23f1cee595e00ff0e98b5a608af8c99568ea2e7a89db120094b093b88f2   00000000000000000004005a0000000000000000000000000000000000000000
1031000000   07bcbae6746a5b57c76cd0728447511218f6e05505a7806807da2b4e62940262   00000000000000000004005a0000000000000000000000000000000000000000
1032000000   0f8c11991882d63a73b9702e4a92c9876e9b41c783a4bf7b08b51937983216bd   00000000000000000004005a0000000000000000000000000000000000000000
1033000000   d586b5be9fb0bc5e34f22b7ed3db0cf4148329cc954eed12b79c8c343c763b8d   00000000000000000004005a0000000000000000000000000000000000000000
1034000000   07388c4642c3d77ba4058937f971b980c90662a7c7906c77c9b2e036f4ffc131   00000000000000000004005a0000000000000000000000000000000000000000
1035000000   cced45ee143775c24077ee22ba063f30e3a218f8757f78d16621ade1ebe7c862   00000000000000000004005a0000000000000000000000000000000000000000
1036000000   d1a57f226353af8f969185971debde396398a39b1fc25e1dfb5905bf89f38e12   00000000000000000004005a0000000000000000000000000000000000000000
1037000000   f0884f30abbe76dd058bffd7f0d1cd84a5860c3a0154c41379dcbe1f4c978da1   00000000000000000004005a0000000000000000000000000000000000000000
1038000000   8eeacbe84ac2fccd10377c2836197967b196ebeb4df742fe03ed732d7d9b6be3   00000000000000000004005a0000000000000000000000000000000000000000
1039000000   06de6e733183185a74158b8afccbb5588a9cb281a98bd6dddf56f151c590f88f   00000000000000000004005a0000000000000000000000000000000000000000
1040000000   05842ac3359efefa75473c01a6166fbdbb24aee906c65a7a1bd392cab99fc603   00000000000000000004005a0000000000000000000000000000000000000000
1041000000   e4379de7c15cfbb94ecc4b4071733e24acb3f0fb0c408f457eac9adeb6ab5209   00000000000000000004005a0000000000000000000000000000000000000000
1042000000   2131b95e8049b94018f075e8c2c88645745fa76d18743d481fab961a9c401125   00000000000000000004005a0000000000000000000000000000000000000000
1043000000   e80dc56760fc074b3d959904a1b2ee8ebc7b97ef30a38cd22f4edeb4faf479d0   00000000000000000004005a0000000000000000000000000000000000000000
1044000000   9ce2dc61fe9e3238191d327fad68e472e76c4dd355328acce3125018457d6fbe   00000000000000000004005a0000000000000000000000000000000000000000
1045000000   e95db95d34c602ffb5647ed9ca42843be3eae60c6bfa7a8ed17a2285cbce03e2   00000000000000000004005a0000000000000000000000000000000000000000
1046000000   f305f2f5e76bfe1806fc0ff6aa2ca6c9eca012a9bada94f387abc495e4f4938a   00000000000000000004005a0000000000000000000000000000000000000000
1047000000   b1719509b2c5b5a30db83ac013f5751222bc6cca95a050e6e78681d7ba6d88ea   00000000000000000004005a0000000000000000000000000000000000000000
1048000000   addf53b6608d73a7138db49b56f6d94713f257e71af8137e35c2fb871c239617   00000000000000000004005a0000000000000000000000000000000000000000
1049000000   19accc6e66f4d0655a8379c76774e6145c9ae603cfbbcf2d8f0d07381c84bdec   00000000000000000004005a0000000000000000000000000000000000000000
1050000000   2e136fc560f8ddc17c9cda878991d0e8efd22a995cd397efff3169b9c8e8776e   00000000000000000004005a0000000000000000000000000000000000000000
1051000000   77230ac2bb75ff87deb0648239141da7018695e86ab543a882dcecebc4c2db40   00000000000000000004005a0000000000000000000000000000000000000000
1052000000   008f8cb8d9aad8b4c7627e105bc17b2409c5ea8dfac78336ca546d744373329f   00000000000000000004005a0000000000000000000000000000000000000000
1053000000   2683ae3738bbf6bc9e9a5e07d8973aecd4cd922e5f3d8078f033bf7c383d4be1   00000000000000000004005a0000000000000000000000000000000000000000
1054000000   17fabb45675ba6dd1cbd6188c14885be543b593eaad9310bbe03499eb2fed9ec   00000000000000000004005a0000000000000000000000000000000000000000
1055000000   b6ffd568bb62e09d3e6884e8c3cfe47cf4f1d284763150cdc051615569a1f796   00000000000000000004005a0000000000000000000000000000000000000000
1056000000   95a7c1143b0ec0ee4d3f506b204cfe84e56b30cadc84f8fb44fd3a75381a2406   00000000000000000004005a0000000000000000000000000000000000000000
1057000000   188a9488b89ad4d3f0e8c805d902f9d6601e6a3bb9a3126fc87dafcf1abf6b95   00000000000000000004005a0000000000000000000000000000000000000000
1058000000   1e0ae1425739904850e59e1db9ed86ffb2923e7b33c2e5d7d8963ae7afdcc976   00000000000000000004005a0000000000000000000000000000000000000000
1059000000   13409a07d0672fc0a500f3df729281405e500ef74af894f0b632639f5ab81d55   00000000000000000004005a0000000000000000000000000000000000000000
1060000000   3a77480ad7778667be1566e11752b5f8d4b20b0903086aa800e9d2ebed229340   00000000000000000004005a0000000000000000000000000000000000000000
1061000000   9d53fa493802b026a7ebffe1e59143e5f6b40b063c17aea487821691c0e51787   00000000000000000004005a0000000000000000000000000000000000000000
1062000000   ecb2be7726d9d09b4df58350808fda4cc0ed93f984457c9eba194c37e890f642   00000000000000000004005a0000000000000000000000000000000000000000
1063000000   93faa0f89c8feb3ef96b52befe03dd47086c72e12bbd6150038b4530433db990   00000000000000000004005a0000000000000000000000000000000000000000
1064000000   42b56cabfe46fa4091e3a6d83cdca68ea3abfb718c173448ff5be3853fd0dda1   00000000000000000004005a0000000000000000000000000000000000000000
1065000000   452a7a3c84303de41df60ee76bc649e75606aeca4338dab195d86fe6d2d0237c   00000000000000000004005a0000000000000000000000000000000000000000
1066000000   88f170f8da1d35d8a66bf2ff7a63f84ee37afe364bf7442dd19074a6b475e229   00000000000000000004005a0000000000000000000000000000000000000000
new_height:  827347
RPC_URL: http://127.0.0.1:8332
RPC_USER: sree
RPC_PASS: admin
Traceback (most recent call last):
  File "/Users/sreenath/Documents/bitcoin_code/ntgbtminer/ntgbtminer.py", line 573, in <module>
    standalone_miner(sys.argv[1].encode().hex(), sys.argv[2], int(sys.argv[3]) )
  File "/Users/sreenath/Documents/bitcoin_code/ntgbtminer/ntgbtminer.py", line 549, in standalone_miner
    block_template = rpc_getblocktemplate()
                     ^^^^^^^^^^^^^^^^^^^^^^
  File "/Users/sreenath/Documents/bitcoin_code/ntgbtminer/ntgbtminer.py", line 85, in rpc_getblocktemplate
    out = rpc("getblocktemplate", [{"rules": ["segwit"]}])
          ^^^^^^^^^^^^^^^^^^^^^^^^^^^^^^^^^^^^^^^^^^^^^^^^
  File "/Users/sreenath/Documents/bitcoin_code/ntgbtminer/ntgbtminer.py", line 58, in rpc
    with urllib.request.urlopen(request) as f:
         ^^^^^^^^^^^^^^^^^^^^^^^^^^^^^^^
  File "/Users/sreenath/anaconda3/lib/python3.11/urllib/request.py", line 216, in urlopen
    return opener.open(url, data, timeout)
           ^^^^^^^^^^^^^^^^^^^^^^^^^^^^^^^
  File "/Users/sreenath/anaconda3/lib/python3.11/urllib/request.py", line 525, in open
    response = meth(req, response)
               ^^^^^^^^^^^^^^^^^^^
  File "/Users/sreenath/anaconda3/lib/python3.11/urllib/request.py", line 634, in http_response
    response = self.parent.error(
               ^^^^^^^^^^^^^^^^^^
  File "/Users/sreenath/anaconda3/lib/python3.11/urllib/request.py", line 563, in error
    return self._call_chain(*args)
           ^^^^^^^^^^^^^^^^^^^^^^^
  File "/Users/sreenath/anaconda3/lib/python3.11/urllib/request.py", line 496, in _call_chain
    result = func(*args)
             ^^^^^^^^^^^
  File "/Users/sreenath/anaconda3/lib/python3.11/urllib/request.py", line 643, in http_error_default
    raise HTTPError(req.full_url, code, msg, hdrs, fp)
urllib.error.HTTPError: HTTP Error 503: Service Unavailable
