debugnonce_start:  2000000000
Mining block template, height 827344...
header:  b'\x00\x00\x00 R\x99p\x9d\x0c\x03\xdb\xf9\x1f\x81\x13\x9e\xf9\xf3\xa5\xe5-\xdd\x18\x9d!\xb4\x00\x00\x00\x00\x00\x00\x00\x00\x00\x00\xa7\xd9+fP\x00\xf6X\xef\xec\x8fY\x8e\xe9\x04\xa8\xcac\x9d\xf2\xc9\x18\xae\x8dJ\\\xdf\xf1\xb2\x0bJ\xb1\xa2\xa1\xb2eZ\x00\x04\x17\x00\x00\x00\x00'
2000000000   9defc47375a5cd47403843b7bd77ef80de32540c01f5cef0a1e193118ffd08fc   00000000000000000004005a0000000000000000000000000000000000000000
2001000000   5a94ee5e52b19d5d5b6dc3e621c99bb7b9d28bb6dca36cb855bd061d18f21b9a   00000000000000000004005a0000000000000000000000000000000000000000
2002000000   575214e8b5a78f7c149cc0730f714f4adfd8e36ac3cd354a73b90d412888bf39   00000000000000000004005a0000000000000000000000000000000000000000
2003000000   8aa6b93534aa24e2750f98085ea2be182781b67ed4807fd3d1ac9ed50bd50548   00000000000000000004005a0000000000000000000000000000000000000000
2004000000   73241f50d1fa8b0cad4952f8fb902a1fb0df9abcf564eaf2cc4bc2ec54c687ca   00000000000000000004005a0000000000000000000000000000000000000000
2005000000   4618927623c5b193bfc2b5492056e932bc6fef630986b0be1ee50458ba02b881   00000000000000000004005a0000000000000000000000000000000000000000
2006000000   dde2f70affedb4c866c51bc05e266b2d1866b68562cc8c35bd005f70435b3770   00000000000000000004005a0000000000000000000000000000000000000000
2007000000   e6935f48da62c26a0356f767ef225179ed4700c3fb5754887c1626de323497c9   00000000000000000004005a0000000000000000000000000000000000000000
2008000000   1d17386d22c3a0b94fb555c3e1257062fc351301cbbdd7f21eb16ba9317b6bc5   00000000000000000004005a0000000000000000000000000000000000000000
2009000000   24b70a66315c44ca413c41b1f4be034204f1694d29f74c3d988cd917e6d777d1   00000000000000000004005a0000000000000000000000000000000000000000
2010000000   980b0f09ae19b33c0c24ca06defbd5a366c79f3021d997010e618d91be8eca62   00000000000000000004005a0000000000000000000000000000000000000000
2011000000   d4e092065737c65e32f6394cdad4a2ce2773e3cd0b6cfacf022d1bd9ec05d90d   00000000000000000004005a0000000000000000000000000000000000000000
2012000000   ad4b4dfadba0e0f2478dbda18c96606bf580e5682411104fcd0ff01d309738bd   00000000000000000004005a0000000000000000000000000000000000000000
2013000000   d4f47968c1ccdc86e064811e3b503071a83a717c329c848537a96ad123419f42   00000000000000000004005a0000000000000000000000000000000000000000
2014000000   1d660b74f00002baedf37aa1e4febb298bcaf233b205d68caa36263543d5cf9c   00000000000000000004005a0000000000000000000000000000000000000000
2015000000   4665b226264da9bb240df610fed75dc93622141b84904ecf5f782b9dbb3c23d5   00000000000000000004005a0000000000000000000000000000000000000000
2016000000   bf641aa01221d8e7fc53624588bea65c3f09b38bdd639b180016d13de7a06c0c   00000000000000000004005a0000000000000000000000000000000000000000
2017000000   3de22007fb39cdd706cacd808db00059a6ba8b4a8448ada96548c4ad4999b8ea   00000000000000000004005a0000000000000000000000000000000000000000
2018000000   2e16bb237850b4bccaa8d6a977a5b1055c1576b38a8b2d42e63024165af98540   00000000000000000004005a0000000000000000000000000000000000000000
2019000000   90ef206d9e85a13324395a3a1bb194dd8242e44b55da91c1663a88f5a1bfb5bb   00000000000000000004005a0000000000000000000000000000000000000000
2020000000   b49f69a3a4c52f34e5d3d089f2d2c1c28eb10fc1568680bdea4c7d87be5ec5f0   00000000000000000004005a0000000000000000000000000000000000000000
2021000000   f6f129213a5cd2f0779d988a6d72619d0291c5cda542602a3258a7478f83180e   00000000000000000004005a0000000000000000000000000000000000000000
2022000000   14f9cf1ac96189eb28e1d71a6d6a263ef22bbf34af042505827d8d8f6c6575ad   00000000000000000004005a0000000000000000000000000000000000000000
2023000000   41e9a19a09bfe0e7a8db84f66a8444b812b86b8608937c4c0a65af3b9b206a43   00000000000000000004005a0000000000000000000000000000000000000000
2024000000   8b9895dd962f842ab7af38cec8f8a45f79c48132baadd76cdd96681d4688d941   00000000000000000004005a0000000000000000000000000000000000000000
2025000000   c19ad66319ad9678c870d06d7f92971c6a067c613ff8d9c5aa5040e0a8185a28   00000000000000000004005a0000000000000000000000000000000000000000
new_height:  827345
debugnonce_start:  2000000000
Mining block template, height 827345...
header:  b'\x00\x00\x00 3\xeeH\xa5`\x1dp\xdc\xdaYl\x9f\x94^\\\xe08{h\x16B\xd1\x01\x00\x00\x00\x00\x00\x00\x00\x00\x00\x04\xc9\x7f\xd9\xfa3)\x84\xea\xdf\xc8\xfd\xeb\x7f\x03.\x90\x89e9Y\x99\x84\xedVq\x9aZ]\xb8\xf8\x90\x89\xa2\xb2eZ\x00\x04\x17\x00\x00\x00\x00'
2000000000   58ff2d8b7c65ce0616c53a2c62183dc7ba6efc4f9f481449c5c86722bacab051   00000000000000000004005a0000000000000000000000000000000000000000
2001000000   be00f5ef27b4516eceebb8beb3ac6d43964b5245e689850907b5cfabd31dda27   00000000000000000004005a0000000000000000000000000000000000000000
2002000000   d2378f058f7c8cbcc2750719174c1f2ce53f36da37b97c86dc040c591b48f45f   00000000000000000004005a0000000000000000000000000000000000000000
2003000000   0a6b02a393a75eb6edc21fe7fd3410868e2b182805b30c16de706ac70ec57db9   00000000000000000004005a0000000000000000000000000000000000000000
2004000000   41ca657aa5b19cb3120c3005ccf5c35cc3afe274be9274a15bb75d5cfc58483f   00000000000000000004005a0000000000000000000000000000000000000000
2005000000   d388d579b9d6c0961a62092b5e6232f3c74138fbdf4ae29283c8c0c773e18026   00000000000000000004005a0000000000000000000000000000000000000000
2006000000   3d0d0dda90489f39db10da4b2e4d745e28a2619576871c87108cac67fc324fd6   00000000000000000004005a0000000000000000000000000000000000000000
2007000000   299f27eae2022f0cba1a2d2e181153b07274f17de2a8c6bc4d939b5e70607583   00000000000000000004005a0000000000000000000000000000000000000000
2008000000   566910c14a7042dc9be19e2e92f61f42156e8b652d54a2f4cd527a39a42c2564   00000000000000000004005a0000000000000000000000000000000000000000
2009000000   96c6cb6e50525c3125c53b67d51bb551485a410c259c9f563cb038b5b23e13ee   00000000000000000004005a0000000000000000000000000000000000000000
2010000000   cb62be69bd0cb2e062689dc1b8b65b6c66d2a03842004434438024c3d9484aaf   00000000000000000004005a0000000000000000000000000000000000000000
2011000000   c53c0c177d54373cc3ac717debf7062236211dceba5eac24a2c3d05dfa75f856   00000000000000000004005a0000000000000000000000000000000000000000
2012000000   115c3ec236a44602089073507d6abc54122d5088b5bd04f2077e55ecadb0f420   00000000000000000004005a0000000000000000000000000000000000000000
2013000000   1f67ad43b46757f5e47514c6e10f2a5c682f6ed8b6e58c338bb21293eabca6ce   00000000000000000004005a0000000000000000000000000000000000000000
2014000000   74124f885abeb15a8e124f19d4b27990fb6a7d1ed6aed9e053ee93fe8243e5c9   00000000000000000004005a0000000000000000000000000000000000000000
2015000000   23bd0169695539fbca6f07e90543cecbbc5adb2e4834a9ddef51de6cea03fa90   00000000000000000004005a0000000000000000000000000000000000000000
2016000000   930c87b665778037eb8c3c3efcf38c4befa061c245a6de6fc396c2439aac8ee4   00000000000000000004005a0000000000000000000000000000000000000000
2017000000   5415d8c7b79b9c6450e387c1e5d1c7b4e6f5ef443e4e9be393d39d9ca6add99b   00000000000000000004005a0000000000000000000000000000000000000000
new_height:  827346
RPC_URL: http://127.0.0.1:8332
RPC_USER: sree
RPC_PASS: admin
Traceback (most recent call last):
  File "/Users/sreenath/Documents/bitcoin_code/ntgbtminer/ntgbtminer.py", line 573, in <module>
    standalone_miner(sys.argv[1].encode().hex(), sys.argv[2], int(sys.argv[3]) )
  File "/Users/sreenath/Documents/bitcoin_code/ntgbtminer/ntgbtminer.py", line 549, in standalone_miner
    block_template = rpc_getblocktemplate()
                     ^^^^^^^^^^^^^^^^^^^^^^
  File "/Users/sreenath/Documents/bitcoin_code/ntgbtminer/ntgbtminer.py", line 85, in rpc_getblocktemplate
    out = rpc("getblocktemplate", [{"rules": ["segwit"]}])
          ^^^^^^^^^^^^^^^^^^^^^^^^^^^^^^^^^^^^^^^^^^^^^^^^
  File "/Users/sreenath/Documents/bitcoin_code/ntgbtminer/ntgbtminer.py", line 58, in rpc
    with urllib.request.urlopen(request) as f:
         ^^^^^^^^^^^^^^^^^^^^^^^^^^^^^^^
  File "/Users/sreenath/anaconda3/lib/python3.11/urllib/request.py", line 216, in urlopen
    return opener.open(url, data, timeout)
           ^^^^^^^^^^^^^^^^^^^^^^^^^^^^^^^
  File "/Users/sreenath/anaconda3/lib/python3.11/urllib/request.py", line 525, in open
    response = meth(req, response)
               ^^^^^^^^^^^^^^^^^^^
  File "/Users/sreenath/anaconda3/lib/python3.11/urllib/request.py", line 634, in http_response
    response = self.parent.error(
               ^^^^^^^^^^^^^^^^^^
  File "/Users/sreenath/anaconda3/lib/python3.11/urllib/request.py", line 563, in error
    return self._call_chain(*args)
           ^^^^^^^^^^^^^^^^^^^^^^^
  File "/Users/sreenath/anaconda3/lib/python3.11/urllib/request.py", line 496, in _call_chain
    result = func(*args)
             ^^^^^^^^^^^
  File "/Users/sreenath/anaconda3/lib/python3.11/urllib/request.py", line 643, in http_error_default
    raise HTTPError(req.full_url, code, msg, hdrs, fp)
urllib.error.HTTPError: HTTP Error 503: Service Unavailable
