debugnonce_start:  0
Mining block template, height 827344...
header:  b'\x00\x00\x00 R\x99p\x9d\x0c\x03\xdb\xf9\x1f\x81\x13\x9e\xf9\xf3\xa5\xe5-\xdd\x18\x9d!\xb4\x00\x00\x00\x00\x00\x00\x00\x00\x00\x00\xc3\xa0\x8d\xb7\xdf\x15a\xd7\xa60FT5@\xc3\xd4\x04Z6#\x96\xc1\xed\x06k\x1a%\xf7\xc5!U\xd8\xa2\xa1\xb2eZ\x00\x04\x17\x00\x00\x00\x00'
0   3db7745b77d66de1338ddabe08031a8d22777a773cea114ec977ec56d8005cc8   00000000000000000004005a0000000000000000000000000000000000000000
1000000   460afd2f98555dda1664f52f4644c0ce5b09fb093a2e36b4cc6e3f5ea52ba6b9   00000000000000000004005a0000000000000000000000000000000000000000
2000000   4870aaa148d6eaf1789491e2086403587bde27ef792e68e3e124d84eb8cdd5b7   00000000000000000004005a0000000000000000000000000000000000000000
3000000   e90e64e6995a2ad55dbcccc6f20a4100ef66eb270e6c541663e44f708975a13a   00000000000000000004005a0000000000000000000000000000000000000000
4000000   695731d106a0fa438fdfa204ed03c23b3ebcffb5044d90db7bb752661ba0dbb7   00000000000000000004005a0000000000000000000000000000000000000000
5000000   a2e6661ade15098cfa4e6efd08d7b192c05c48b5c6e46179c7f9eb82e8c9232a   00000000000000000004005a0000000000000000000000000000000000000000
6000000   38b587b86a0b98ca3c00c49eccf4aacad94e0ce85e8eaca8ecd2648d2ad2849f   00000000000000000004005a0000000000000000000000000000000000000000
7000000   4a33981dbf5a318e1f82f2b1c7cf86d0508ae662ab5e4495aa536775d274e3c8   00000000000000000004005a0000000000000000000000000000000000000000
8000000   2064059f31d0b61caf1eb20d7d8ffd21944a117f4daf93f1973d905a73169bd7   00000000000000000004005a0000000000000000000000000000000000000000
9000000   9ff66a7a7e0b844ff4ae4d8b0bb6ae8c5ad76403417bc58bbeee8317026f8cd1   00000000000000000004005a0000000000000000000000000000000000000000
10000000   bcd9ceac5c3b8a686264f578a3fa85ab011a62d9b85e5f0a1ae1dfc8263e5b9f   00000000000000000004005a0000000000000000000000000000000000000000
11000000   f896ebaf46e1706881e79edb92deed21244594825a400c02849065cfedc97b23   00000000000000000004005a0000000000000000000000000000000000000000
12000000   d9de2d592180930c03750c05761e2eaf95153fd2b1da4d6eea2c6582e4dba50a   00000000000000000004005a0000000000000000000000000000000000000000
13000000   09f32ccd1e5eb22091e704772703fc6754379ea81e2a2941e087a140ca9dfb69   00000000000000000004005a0000000000000000000000000000000000000000
14000000   fc5ac5a78df612128d6be8a52aef295689318d758143b8c61926f64bfae06c16   00000000000000000004005a0000000000000000000000000000000000000000
15000000   6b91d1f19894c5bf4472307f1e9ac6ba2759c4065db38a78211fc0a988e7044d   00000000000000000004005a0000000000000000000000000000000000000000
16000000   957d4cd439c79e929e7e1d4fa380affc18f5a63a71a1f9434c9709f612fa083f   00000000000000000004005a0000000000000000000000000000000000000000
17000000   3ff8ee2f7099af3f78b5f8368a7df536d2c098e291d00a5c285b0463992da959   00000000000000000004005a0000000000000000000000000000000000000000
18000000   12e8dd9ffe49191f663cfff898565f57e4f5ff7f201dafc3c6c8d123b2bd1462   00000000000000000004005a0000000000000000000000000000000000000000
19000000   ae500d3f714da8e40e949ad5b6a5dfdaf60b1c4422aaecd287dc4edeb28ea8a5   00000000000000000004005a0000000000000000000000000000000000000000
20000000   7ee98f700df1f4270a74a63073b0ebd6c25dbfdb1759cb7af62b32e23f6df8c3   00000000000000000004005a0000000000000000000000000000000000000000
21000000   aea78ed5b82a8feab423a3d48fe83047b8d12935c3d7b59cbca9ab46ef72643e   00000000000000000004005a0000000000000000000000000000000000000000
22000000   f3d8a4cedd0b095b7bbce3bb53ebae07ea4b897af42afbc2e68e34bd1f463058   00000000000000000004005a0000000000000000000000000000000000000000
23000000   1ff3d1295ccee59981bf992473680672e171fc2e3974d4c05e2fda25522aabb0   00000000000000000004005a0000000000000000000000000000000000000000
new_height:  827345
debugnonce_start:  0
Mining block template, height 827345...
header:  b'\x00\x00\x00 3\xeeH\xa5`\x1dp\xdc\xdaYl\x9f\x94^\\\xe08{h\x16B\xd1\x01\x00\x00\x00\x00\x00\x00\x00\x00\x00\xcb\x05\xaa\xff\xe7\x87\x96\xdf6\xdf1~\n\x92o,1^\xdd\xcd\xdb\xe6\xef\xfb\x8e\xbf\xaeto\x9dO\x9f\x89\xa2\xb2eZ\x00\x04\x17\x00\x00\x00\x00'
0   62e28661ea000d351273792c7e77cd894af22faa4f674329b76676a833d6299c   00000000000000000004005a0000000000000000000000000000000000000000
1000000   4232c2249cb04cc2f843b259334683ec9b14e562feebd2debc1bf6bc568de1a7   00000000000000000004005a0000000000000000000000000000000000000000
2000000   4c9018f0b1447e3ff02af9fd56fc0e63e5047fc10fd68a50208f4eeeff7e9de9   00000000000000000004005a0000000000000000000000000000000000000000
3000000   9fa54def496025c5c3077556b3677ded62c2bb6abb3a8b3295f4652154447ad1   00000000000000000004005a0000000000000000000000000000000000000000
4000000   f0eb424946fb3d0e7bcef610e6c702f619da9d5fa23eb65abdb4bb12bb98735f   00000000000000000004005a0000000000000000000000000000000000000000
5000000   a11c9ccec31e9e23c716f2f3bc8fc206640f4d9bc1e8729a81b3574a28b946f4   00000000000000000004005a0000000000000000000000000000000000000000
6000000   e040cd3291212af67005455a110aec1e4ead73b76106e061c29d61a3692dfc72   00000000000000000004005a0000000000000000000000000000000000000000
7000000   fa632b5c3502f09614e5f63de035d96287d121ef41dc0b0c2b31015779f3668d   00000000000000000004005a0000000000000000000000000000000000000000
8000000   f0acb10a8be545f011d4fa348ab1257addd89f55bcb1399251fa6608df572cbc   00000000000000000004005a0000000000000000000000000000000000000000
9000000   5e0adab21ece835c4251ab2c6896e1927474c5312ebdda954562f14417fb6175   00000000000000000004005a0000000000000000000000000000000000000000
10000000   63e06b9db138b1872e41b649566b9ddbddfc575943cef33060a6262250a0add7   00000000000000000004005a0000000000000000000000000000000000000000
11000000   e181675321f08456f8214a8e313cd58497b16ae50bf1c8d9db112fe222c3dece   00000000000000000004005a0000000000000000000000000000000000000000
12000000   6149f65af6e89287d4dffc36c5dde423902035328905cedb992b22c2942dfde3   00000000000000000004005a0000000000000000000000000000000000000000
13000000   c38835358aeb30fa4612d5734322148a97d5f142c24e39a673a934fea9e33a45   00000000000000000004005a0000000000000000000000000000000000000000
14000000   6ebe1f81dd1c46f3209d02b56fd3246548fafdfb3e64ffbd3b12d5012054736b   00000000000000000004005a0000000000000000000000000000000000000000
15000000   00f3db6e0e4cc059be76ca95b82afdda92b0cc497f855618d1d1594b217e44da   00000000000000000004005a0000000000000000000000000000000000000000
16000000   1ee8311f22e4bd705f0ab6b33a29a8380ec79fc7a00982137842fcc7ddb4adb6   00000000000000000004005a0000000000000000000000000000000000000000
new_height:  827346
debugnonce_start:  0
Mining block template, height 827346...
header:  b"\x00\x00\x00 \t8\xe6\x97\xcb\x94!\xeb0\xb8fY\x95\x89iE\x95\xa0P\xa7\xa4\x17\x03\x00\x00\x00\x00\x00\x00\x00\x00\x00g\xbe\xf8'\xdc\x8c\xd0\x868Cb\x0c\xd6\xd1j\x0eV]9\x8ag\xcbo\xa8&\xb1\xbdF\xef\xf9,\xab1\xa3\xb2eZ\x00\x04\x17\x00\x00\x00\x00"
0   3e88c77f37013d29c3d999944fc85bb8d5652c4844f5f252dbbef57c4fa2934d   00000000000000000004005a0000000000000000000000000000000000000000
1000000   d1db362510243c35ba6eb26d4b815a930dadc378f168bb0bf2f6f5b6b5f0cf0b   00000000000000000004005a0000000000000000000000000000000000000000
2000000   c87d252d42e79baac58c84f640150b87b3a2d10518cd5d8fd1acd3d61e1fc617   00000000000000000004005a0000000000000000000000000000000000000000
3000000   f52ccf55bbfa407442eb74c8a1fe9b77a795d177f2997314b98e4d5a41f30a0d   00000000000000000004005a0000000000000000000000000000000000000000
4000000   c7aab5d563757ecaa92f4401dc7aa5dcfa82a8ffdc8465d67929607ed124c09c   00000000000000000004005a0000000000000000000000000000000000000000
5000000   c2ee3de95d6d62bf80e34336e7e9d8612ccf0b1366ea3415e33f71ff2fe1638a   00000000000000000004005a0000000000000000000000000000000000000000
6000000   8bc838de87ce0bab0d88c0362e0a9a8f7166e9963aeb1139120263aab29ceae4   00000000000000000004005a0000000000000000000000000000000000000000
7000000   4e5c386b5c063bb7152d3e89c958f10ecb61f93f1f49a29bb16deb06df6f5d1a   00000000000000000004005a0000000000000000000000000000000000000000
8000000   c36be2230ccb661f77076ed5b7409134b3c12952ebc0b7ff0b864a30a2d58975   00000000000000000004005a0000000000000000000000000000000000000000
9000000   dd1738ce88894a1ce931e9b104356402578e3ed53e6718264abaf5991a9862b0   00000000000000000004005a0000000000000000000000000000000000000000
10000000   d9dec0bc1c1d6e03de256c70152b5fa6a2fdb2f039a2084d8b30f96f2d8ae744   00000000000000000004005a0000000000000000000000000000000000000000
11000000   0d93a56514b5c3c99cb212cf2c5fbdfc2fc2ee239d7089055a7eeee77865befb   00000000000000000004005a0000000000000000000000000000000000000000
12000000   7a68e652b058c04291a3389966a46054b9e3053345456c90ec6f3d18eb788c4f   00000000000000000004005a0000000000000000000000000000000000000000
13000000   0c150b99a9cdd5adea9088186478ee2423c1a8d55d999058ebd4c9e6dc7d1141   00000000000000000004005a0000000000000000000000000000000000000000
14000000   26873ced32e4a5f6568e52878300b96ee5450cc015fae1b4e15f8feaf876ffc5   00000000000000000004005a0000000000000000000000000000000000000000
15000000   d6b87d860157f97553894a9946358626ba550b589574759a452a4eecd6dcbbc2   00000000000000000004005a0000000000000000000000000000000000000000
16000000   038624590c07539f582967ea66c482598d3b7f93e394921212ce42791578e1ed   00000000000000000004005a0000000000000000000000000000000000000000
17000000   be7a1424465d810a8717c69f01932e471d27957e049da5d50f456f9f914184fa   00000000000000000004005a0000000000000000000000000000000000000000
18000000   330a3945c44a57aa11fce81ac34fce113e5b6eeed98b2fd6a6c8e6e7454da963   00000000000000000004005a0000000000000000000000000000000000000000
19000000   35abdddbfccc18d4f3225377e13130f4354ba835a23227151c4d038c17280093   00000000000000000004005a0000000000000000000000000000000000000000
20000000   1d675dac736b9f5e3d8a1dea8f3675d87f1946fc31da6052e63c48f2261d0560   00000000000000000004005a0000000000000000000000000000000000000000
21000000   4be65cb5e36f1b154d8799b9da5ebc915bf4a1c13dd2ef0bcee66d824577844e   00000000000000000004005a0000000000000000000000000000000000000000
22000000   302b1062c8885ff31e90135c82f2954670073ee62df159aa8e644349f7440cc4   00000000000000000004005a0000000000000000000000000000000000000000
23000000   614f1c9b3dc59d2cf0a412cad829f971d0ff18dd229f1763cc91a0d674fdbc37   00000000000000000004005a0000000000000000000000000000000000000000
24000000   2bab488ff7a05be0261902e60c172c5dd8be683044c61718ffdaf8121c7c4ba6   00000000000000000004005a0000000000000000000000000000000000000000
25000000   69fc7ebcb3375974b34488c8979172b83095f4ed533d979abdffb6c9a7223e14   00000000000000000004005a0000000000000000000000000000000000000000
26000000   23d995a1f99b827dc0dcf3582bfd0471b6ac7adcfadfe40177bdef6dea51a716   00000000000000000004005a0000000000000000000000000000000000000000
27000000   2793d9f5594648245f216cf5d8b4f7d5008e268d7c0b0e7747ac4047caa6a36f   00000000000000000004005a0000000000000000000000000000000000000000
28000000   133579a9dd2cc68a53da0b6b92a0493f27e879c2ee54233a4143866c3462fc93   00000000000000000004005a0000000000000000000000000000000000000000
29000000   ad1fe07b4b96ce806a1fd3ada57aefc12ed6d5eba829514ab6337599897d1d92   00000000000000000004005a0000000000000000000000000000000000000000
30000000   3a49e55fb70de74f97e03449cb966e4d5bfda22f154737d6c187bec416901dde   00000000000000000004005a0000000000000000000000000000000000000000
31000000   748b958deb594e38e11ef3e83fc8244cd60cee474f1f16de0f049dafb5665431   00000000000000000004005a0000000000000000000000000000000000000000
32000000   f783e3093cbbf69862342c96461dea5759dced63e9447eacff51480a7f550ba1   00000000000000000004005a0000000000000000000000000000000000000000
33000000   2d02dcf1ed4a963814222ce94c95a0ce3ba0faa95113daa02dd36bc07f4aa871   00000000000000000004005a0000000000000000000000000000000000000000
34000000   353d39fcfb20624e8fa69191d0eeae3f5bcbc0d2a8c32c616c5b10b3e03b9a78   00000000000000000004005a0000000000000000000000000000000000000000
35000000   b8aab522787f348187be764154767518c1a68bc37e053172786d9a30003e7c23   00000000000000000004005a0000000000000000000000000000000000000000
36000000   37200f6cc1fe97e4c9a26b48dcf8120ebf9593b39f80210d364909294473d93b   00000000000000000004005a0000000000000000000000000000000000000000
37000000   6643911124bc1e4dea2cf0162763ce10885cdf84aad0a89c8c6a820c63a5204c   00000000000000000004005a0000000000000000000000000000000000000000
38000000   dec1166ecfbdc041b7e54b9340349208cdd5d40351db4638ee397dc4e60f4dc8   00000000000000000004005a0000000000000000000000000000000000000000
39000000   9fa166aeeeddc61d503b00f7c2122facdc713c6ae3a80bba6e41a9f3eaf3bb84   00000000000000000004005a0000000000000000000000000000000000000000
40000000   d902b527caa766baeb6e9b9ac1ebb027c4cc6636b3ee6cb97156ef4cf50c6df3   00000000000000000004005a0000000000000000000000000000000000000000
41000000   bec4f0568834a24bd488ff4e5d7d952db26b2ec86627be02032c1fab1b9c3691   00000000000000000004005a0000000000000000000000000000000000000000
42000000   00336b0acc2ef3d0a30e9ba9388458d1a55db8b22f42c79ff950f885d7446205   00000000000000000004005a0000000000000000000000000000000000000000
43000000   90b3a5b2cd27d710e900b624f6ea13b337ac21291e21a122eedcf9918039994d   00000000000000000004005a0000000000000000000000000000000000000000
44000000   ed11b36c59ac9bee3ebd713d6f630dbc297022ab9fdab8a2a12fe351f144cc81   00000000000000000004005a0000000000000000000000000000000000000000
45000000   6f349f64c1b9472cb182a9d4bee1d1a238064037ef1156be21ee1681f327613f   00000000000000000004005a0000000000000000000000000000000000000000
46000000   c1ff0290db3225274c034a8708ec1c57fa70fa52208c01c9fba3b1c06fa27add   00000000000000000004005a0000000000000000000000000000000000000000
47000000   edaf714ba605a4c96d225d9ab475e15de5f23c2120492c7e1ece5a71dd5db2a5   00000000000000000004005a0000000000000000000000000000000000000000
48000000   99db13a33bc62c15e143e00a697578480bdb6d40658619f0f6f91ca8d0396261   00000000000000000004005a0000000000000000000000000000000000000000
49000000   beab50b3f6e86684b14d3bd6d7b407516380f296c3691a9b6f33fba0669724d3   00000000000000000004005a0000000000000000000000000000000000000000
50000000   b56550ccaa5976f98bafcc676cb90c4ac79f28ebdb011187bce253edb2f4c67c   00000000000000000004005a0000000000000000000000000000000000000000
51000000   a866373c9374cc60d30b97fbb89183890ce1c425e9e15b0982ca94781ee847dd   00000000000000000004005a0000000000000000000000000000000000000000
52000000   a1b6a9c70db2df1291f33f580f5ee7ae2bb42195b4be274655640af74d70c0e2   00000000000000000004005a0000000000000000000000000000000000000000
53000000   a76e6244205c115f5ff9e7d0b5b58020f4b849186d611804a71cb649c85247bc   00000000000000000004005a0000000000000000000000000000000000000000
54000000   2063767f0bf155fe073082c56e44f2b529db86239a47fe0faf7ffbe19c24e92d   00000000000000000004005a0000000000000000000000000000000000000000
55000000   99d69afb9c3defa141906b4a0f934edea953045e8d4bcf4da3cd3fc0c2b75831   00000000000000000004005a0000000000000000000000000000000000000000
56000000   79fbc6de597506b42c2da9d92aaee0c3ed0b193deec53824688dd1eba910e42b   00000000000000000004005a0000000000000000000000000000000000000000
57000000   e7f7f0ed34632023004acb0a2fe433101907fbddde24607625ffcbdcc5368cfd   00000000000000000004005a0000000000000000000000000000000000000000
58000000   f2baee53120a36db51b8ce958cb647bac6788b96803f6f1fe0ae4bcf078d253e   00000000000000000004005a0000000000000000000000000000000000000000
59000000   dd736f5ded1e0c74b426c01d97ea01128278b748437fbf76ad38fc56bf981667   00000000000000000004005a0000000000000000000000000000000000000000
60000000   b53c47633b3134004b9b3d53b3a0fadfcd9f5c7e6e315031425c1b897df5ab13   00000000000000000004005a0000000000000000000000000000000000000000
61000000   a08f96ee8096bf5d03bfe2c6d4451381cdea36910c11d7567afe1afeaf853101   00000000000000000004005a0000000000000000000000000000000000000000
62000000   1fb8118ff698d187aae1beba26aa589ac7c27ed2f64562803ab757121cfe54cf   00000000000000000004005a0000000000000000000000000000000000000000
63000000   1e21209bc49466506ecab89f8712f6edb98ae01d1a74b05396a5a7406d90634a   00000000000000000004005a0000000000000000000000000000000000000000
64000000   b5251ea8435ca122192f57326c4e69825940a392858ff352eb9737043fee594b   00000000000000000004005a0000000000000000000000000000000000000000
new_height:  827347
RPC_URL: http://127.0.0.1:8332
RPC_USER: sree
RPC_PASS: admin
debugnonce_start:  0
Mining block template, height 827347...
header:  b'\x00\x00\x00 \x9d\xaa\x170\xe1\xf8.\xf2 \x1c\xdeu\x97\xec\xe1e\xdf\x85Un">\x02\x00\x00\x00\x00\x00\x00\x00\x00\x00\xec\xb7\xb3\xecs\xbb\x1f=\xc7\xad\xf4\x1c;\x1c\xa0\x0eg\x80\x86\xe2\xf7DR\xfc;\\W\xbc":\xe0\xc1\xc5\xa4\xb2eZ\x00\x04\x17\x00\x00\x00\x00'
0   5dab211b8221dacf5297f3f0cb815b3296c1a580a97aeb457d04c60a666c374f   00000000000000000004005a0000000000000000000000000000000000000000
1000000   c6965beb12a776d8c718840eb6ff22a885c4186794c8e9f4db691580dabba48b   00000000000000000004005a0000000000000000000000000000000000000000
2000000   066620be513399b25bfedcaab699d25c24edd62cb60af8dd1053255d358b4b1d   00000000000000000004005a0000000000000000000000000000000000000000
3000000   d8dcb36f3011eeb689f40cf6bf90bf81e10888555dc0d041717a151f48315e12   00000000000000000004005a0000000000000000000000000000000000000000
4000000   996f44f266d50ff7cfee8e9f237a4340e4ed931899cdbb7f205a32f12b4ffdeb   00000000000000000004005a0000000000000000000000000000000000000000
5000000   0bf0a9f62c569e67e44d57154a6296ac47575f230ba390e98ce633e027048ebd   00000000000000000004005a0000000000000000000000000000000000000000
6000000   691e653f7f30619b118b005e6eafdab38004e69f194a694ed25818882e2dd6fa   00000000000000000004005a0000000000000000000000000000000000000000
7000000   c33123516e27655b32a90957e92c9f386a8577e3cb0f5608b6be9ac5eb820a6b   00000000000000000004005a0000000000000000000000000000000000000000
8000000   f224b189530e96d86a2415b3e05114fe63b4ce22a3b18d181b11ab7baa3b10f8   00000000000000000004005a0000000000000000000000000000000000000000
9000000   5f2b364b0803cfc5f8cb71f8ab266dfd51c4ef5c62e9861837bbe750b45e282b   00000000000000000004005a0000000000000000000000000000000000000000
10000000   d22cf2b4c172bd61e8572ee9708b99d839038e9e4e6a5e9fb3a6c228663cfb61   00000000000000000004005a0000000000000000000000000000000000000000
11000000   f6650a2eec911151472e1c4d02fe9ec0dce80d32afd13c13854b6f64e57ea944   00000000000000000004005a0000000000000000000000000000000000000000
12000000   f3df02d60199087ac9d5ffffaedb60565d90d6393ccb425ea57eb15fa59dc4d8   00000000000000000004005a0000000000000000000000000000000000000000
13000000   dc35d8cbd206d2d8ce7dc6345bdf8e0b814be25d7cfbe053ddd6833f272f0ec4   00000000000000000004005a0000000000000000000000000000000000000000
14000000   4c6938b570b0f46c0dcc0f823846f4fee456fdc6235ab35d64f58584d9bb0b56   00000000000000000004005a0000000000000000000000000000000000000000
15000000   2356ca90505ed3b13a2e1223bc0aab6b5be5c58e079eac7dc89c9d86f93e251a   00000000000000000004005a0000000000000000000000000000000000000000
16000000   e33b6f1b81cb79ff8579fd444282f7083d8d57f7fd330e0e9d9202e86b7bf97d   00000000000000000004005a0000000000000000000000000000000000000000
17000000   77009a958ea70133ba61316823c08089532236a03bbd66c63127510a1478d0cc   00000000000000000004005a0000000000000000000000000000000000000000
18000000   58524c4ed91e41f0379174de0c81553a0e800c6941637b658173c8b3ffc109f4   00000000000000000004005a0000000000000000000000000000000000000000
19000000   1b81dbf20060f51a5e9538e9d62644913fce7cb20ab03ca6144194f15b45d4e2   00000000000000000004005a0000000000000000000000000000000000000000
20000000   373af3986f865a44b8a9fe019475e8f34bd6a3706d993a3df4d1a2de9ec67c63   00000000000000000004005a0000000000000000000000000000000000000000
21000000   471b44cf5db4b22c21d81ed61fdd85305113e37c01632e4305a07d4de1828429   00000000000000000004005a0000000000000000000000000000000000000000
22000000   839cfeed24526b77ded3060f37b1d5869c8a70d5e1b96b14684894aa471e60f6   00000000000000000004005a0000000000000000000000000000000000000000
23000000   7529cab2505f0cd85c8b20028e2bc01cc58716fa9430b44fb5f873d42dc8200e   00000000000000000004005a0000000000000000000000000000000000000000
24000000   f070de1788429256901f99b941ec8ac2476f9c27bca511096b86d94aa24cea52   00000000000000000004005a0000000000000000000000000000000000000000
25000000   487e3769be1e2de061ddea46610662ce53026f1902ece1a2a91e0a576032021b   00000000000000000004005a0000000000000000000000000000000000000000
26000000   2a9c94f3b8e89251348853bce86c244b72ab9b8c021bbb277094952d7976ec2e   00000000000000000004005a0000000000000000000000000000000000000000
27000000   e311fdd61fefda0f12702a0f70edbd68f2bae3aded70dac55dbae71b6c09ae71   00000000000000000004005a0000000000000000000000000000000000000000
28000000   ab18cce6a5e6597d4ebcde72d9b92243e53a1b1b25ea3a46b8fc119508758c04   00000000000000000004005a0000000000000000000000000000000000000000
29000000   93aaf0e7080d1d5882040fc3d18b29ec290130fffef96454d125f5a031cc55e3   00000000000000000004005a0000000000000000000000000000000000000000
30000000   8c06a2b6e4378360f65fbabfec4c035f1e9998de24d2536a846176c12c40635d   00000000000000000004005a0000000000000000000000000000000000000000
31000000   ec139df9040d5e60e20d7ae667f11922d676df718000480bcc0ceecf050bcb34   00000000000000000004005a0000000000000000000000000000000000000000
32000000   5c28c72522b144fc3518946b2939401dd742dcc5d1a7d808a42a6df810c53df7   00000000000000000004005a0000000000000000000000000000000000000000
33000000   66a9b983456838ea4d1a69fb3be5cf775ef8b5c3ae715aacda879276b730e851   00000000000000000004005a0000000000000000000000000000000000000000
34000000   2eb702cd3a6260426a3495e85abfb36283b95840994d9439f5a780aac8b79ec9   00000000000000000004005a0000000000000000000000000000000000000000
35000000   0e43842e2332bf76dcd7471f019b0c87e0f743825247b4d76b6418d15a66a93c   00000000000000000004005a0000000000000000000000000000000000000000
36000000   9f27e84bac28b74013e4b24ef65a1990cc5b816aa5adb83c40d269878d6477dc   00000000000000000004005a0000000000000000000000000000000000000000
37000000   8c24b9c9d333bec4f9d4a59c3d9e3b0638dd474c60fa37a5de14581278931a08   00000000000000000004005a0000000000000000000000000000000000000000
38000000   23cffffb60ecd4d5bac1e68cb3ce39acd8a0d7f42c025c2adc9c5a823a0b8d0f   00000000000000000004005a0000000000000000000000000000000000000000
39000000   725b2928331736832b18be438b32f6ba2ab8cdd5ec7679b6e61c680ea5e4ddb8   00000000000000000004005a0000000000000000000000000000000000000000
40000000   e66df12c3f40517a1efa18fcad7028ac67269cd602c90e6165cbeea2293bf209   00000000000000000004005a0000000000000000000000000000000000000000
41000000   249b0417c0ecfccfe2560c939477ccf936178fcd4724618d5630634f844619c8   00000000000000000004005a0000000000000000000000000000000000000000
42000000   3c18c5cc6f9e5685b2f0bef0ab85b9d00e2dd868a7ef4dca652d889ffca04307   00000000000000000004005a0000000000000000000000000000000000000000
43000000   cd806254b31c47106ceb1fa6ae9147c59cee3dfa7ae21c275c77bf28684a2875   00000000000000000004005a0000000000000000000000000000000000000000
44000000   d8341e8b922edc761abec0aaafe0bcc7f1af0e94a65daff5aee7ed4e3d426ba1   00000000000000000004005a0000000000000000000000000000000000000000
45000000   c09a5ae05748ba1e4134e33e2cff0e42ee2886a90a2698144f86383d075e69e1   00000000000000000004005a0000000000000000000000000000000000000000
46000000   3f631ca621af86d606c58909adedcb1642011e4464279eebb89741090dd01ca9   00000000000000000004005a0000000000000000000000000000000000000000
47000000   3897eb07cd1d27ea7acfc32592802880c037f69d883bad3155bbb8a9bbd7cf5f   00000000000000000004005a0000000000000000000000000000000000000000
48000000   78b25b0b8753090a84fc48e5f546b775b92557e138b29a7432ca5a4f59df7ee8   00000000000000000004005a0000000000000000000000000000000000000000
49000000   170dedc01a225ff0e8715465bd3dcf5c1fe1d6362fb0bc2a8b22fd71703e03b3   00000000000000000004005a0000000000000000000000000000000000000000
50000000   781f5384f2c4eb505240efb7d7ac97e4fd2c9c94140e970f5f044d9775ae8272   00000000000000000004005a0000000000000000000000000000000000000000
51000000   e2b217b08da1294207ad061aa19abfa653b3f7de1643430dc24e409875433525   00000000000000000004005a0000000000000000000000000000000000000000
52000000   c1614224405cbf4bcd6c2220ab90d196dcc42221ba4fbc0337d2ff080cc244d2   00000000000000000004005a0000000000000000000000000000000000000000
53000000   d6c4d716cf278f2f16be9b3d03bd22695ddadc27fd13077f7e5850615ea18258   00000000000000000004005a0000000000000000000000000000000000000000
54000000   ee90af4fc1de139c8adb71f2fafcb4b53fc226e81b0ddac18cda100c9f444c8c   00000000000000000004005a0000000000000000000000000000000000000000
55000000   2c1eda776adc81456b7e6307fdd12169e11022d316190e434a171acce0d39604   00000000000000000004005a0000000000000000000000000000000000000000
56000000   264e80b4076af6376257a1475d986681655b35bd2994e3c8f32f4656bc1fc1d2   00000000000000000004005a0000000000000000000000000000000000000000
57000000   7fc6f8d142c47de5c51d74b023256c11ba2df3a505b540676e0a1d02beebf0ec   00000000000000000004005a0000000000000000000000000000000000000000
58000000   997020e7bb8bd8c2314883fe33a3af318818fafcaccbc2e0b9e3efabc5803d68   00000000000000000004005a0000000000000000000000000000000000000000
59000000   570499cc09a4338db0fb6272431d62c1464b11421a215374435702dbf4de6b9f   00000000000000000004005a0000000000000000000000000000000000000000
60000000   47ab6cbfeccc185d25807983186ee809c261a54f727c83608a2f130c212ddb94   00000000000000000004005a0000000000000000000000000000000000000000
61000000   9ef9f93e0a879352c9928dc0aebedda13c0a44c8b0c638833ae8c358a91f147f   00000000000000000004005a0000000000000000000000000000000000000000
62000000   5b149bbfe9a74ff3449dad30a78b3d9ccde638a62040151626552300e4b5e589   00000000000000000004005a0000000000000000000000000000000000000000
63000000   00d557040808af314c996801f85de2e511579e8d7047309c53d72d0f2755daf2   00000000000000000004005a0000000000000000000000000000000000000000
64000000   f25781a63a26cf786b381af7a62888e103eeeaf8099467f3b1651715b0074597   00000000000000000004005a0000000000000000000000000000000000000000
65000000   0756dad0e21dc4275ac6d061f6113c17f285884e8f1fdb5f5fa4a3701c6953c9   00000000000000000004005a0000000000000000000000000000000000000000
66000000   b9838d822286a64ffe5484f440268cdbec9410ec83fd666786c8c1c7e5e0c4fa   00000000000000000004005a0000000000000000000000000000000000000000
67000000   c8eb1f7196389b844daa223fbf316ac4f2287a0308a149c4cc23e8c7aaa3c096   00000000000000000004005a0000000000000000000000000000000000000000
68000000   46eaf69f58d7d2fccb1152ce7fb8ed567fd30e5b2e43dc95375b22d0ee5e9470   00000000000000000004005a0000000000000000000000000000000000000000
69000000   39cdfaea8bc9edace2443bde48ef810fdad8be3aa69110a690737f1caa26d2ed   00000000000000000004005a0000000000000000000000000000000000000000
70000000   eea754abfed0406dbea7406e0cf088691651764016ae3afb4a4260c1532437a8   00000000000000000004005a0000000000000000000000000000000000000000
71000000   79488e02b87045702fb92817b7f094072745dc7cd54a260697557e5e31858e6f   00000000000000000004005a0000000000000000000000000000000000000000
72000000   e148cd7a48637a3b7075aa6ab15312057e7051d4d06ca7788e431697478cd55d   00000000000000000004005a0000000000000000000000000000000000000000
73000000   657a8d8240f8d3b722158e6c5312eef27f560f46bd40e348ce84d202eed8ac36   00000000000000000004005a0000000000000000000000000000000000000000
74000000   42c11ccdded4f1bcb5bdec1b58d514f0b16ba2ac9dc7a1c58f8293020ce613f1   00000000000000000004005a0000000000000000000000000000000000000000
75000000   5b2f9f467013369491bfbb3a4dab2087511840b5da4641212c0ff60e2688384d   00000000000000000004005a0000000000000000000000000000000000000000
76000000   c72371072d54e0876044f1f7c9024e429731ce58a0f5bff5a24a482f43bb274b   00000000000000000004005a0000000000000000000000000000000000000000
77000000   2495cb76015b030e855dcd7edba593c72e126637b88ae02a90767f1364b11734   00000000000000000004005a0000000000000000000000000000000000000000
78000000   74630007a6871d6f51bbc77f2164009d3bd7655f0bcb0078ad5b794eb3e2e503   00000000000000000004005a0000000000000000000000000000000000000000
79000000   b38c7142bc503e02ec62a954963e4a6dd6b9858fe8a97af935cbc3494d843de3   00000000000000000004005a0000000000000000000000000000000000000000
80000000   1eb04484736f8bf4de689537e804e4f3bc83ce89baa8d4aa3e82a109a3184c89   00000000000000000004005a0000000000000000000000000000000000000000
81000000   cdc20ae0504c19b7dddd3ae70a1342bdbafbc7e665479a85d4ecc2a2a38b9792   00000000000000000004005a0000000000000000000000000000000000000000
82000000   281ac16b618d1c6ed225e6adcbe885cef5c577518a3dc575a72a561638230e45   00000000000000000004005a0000000000000000000000000000000000000000
83000000   6bccab2a762408df08f613ccebb0d9811dbd438992911805c649465057e1f684   00000000000000000004005a0000000000000000000000000000000000000000
84000000   62bad952975e29439a4453da620c9410ba3f521c628cb90baf36d610d5ed1b7c   00000000000000000004005a0000000000000000000000000000000000000000
85000000   0acd19e0f0fe01cfd3d5e2a4d2124c235cef615185ee9bea7a74fdc609199071   00000000000000000004005a0000000000000000000000000000000000000000
86000000   31109cdc19b763b9944af24fa1e61e93a2fd0211474a5d9b556166af20302a8c   00000000000000000004005a0000000000000000000000000000000000000000
87000000   e132a9927a6ede86435a73e731a971383001fc12c7a2c052abee2c371428a7e8   00000000000000000004005a0000000000000000000000000000000000000000
88000000   c35edf4f64398937b559a8cc8e2f951ef3c357dfa92ca1b21a9c07e057b00aef   00000000000000000004005a0000000000000000000000000000000000000000
89000000   140b61d143057e6eac40bc2db9d78e38b80fc8e2c729e5c2a5f1a601b4333580   00000000000000000004005a0000000000000000000000000000000000000000
90000000   42cd7bcd300e7e40bd9f5522284b644601eb607e0fac2ee5099a5aabe0eebbe1   00000000000000000004005a0000000000000000000000000000000000000000
91000000   ce04b52915fac8523dfbd574186f19390d4a320f8a27a93f6eafd2bd21a5cab2   00000000000000000004005a0000000000000000000000000000000000000000
92000000   04f8e214052e257242f2194adf6152b39fc29b38c51a543707538f240563b8e1   00000000000000000004005a0000000000000000000000000000000000000000
93000000   705d90afb3bafe419efa281b20a0d9f311fc5cd2c6642c000d7c1baf9d032982   00000000000000000004005a0000000000000000000000000000000000000000
94000000   9e07ccdc3e548eae4e84d7a36f22dc388720ce376b3402ada1084cb55810804d   00000000000000000004005a0000000000000000000000000000000000000000
95000000   52f9f826bbbccee0da8467b16a6757d3703962d8320e97ac06dc7d1bbdf9a893   00000000000000000004005a0000000000000000000000000000000000000000
96000000   18061bc7039b9810eb580c9a31f330e05f462c4b063b24c1b03168fdc634184e   00000000000000000004005a0000000000000000000000000000000000000000
97000000   d20d8500492d801682542d4a551698a7605debd28b36176ba99c2ed9a2d0a168   00000000000000000004005a0000000000000000000000000000000000000000
98000000   a914d583dd8f0505df3d5bfea92d2660828c4420470a05482826b7db136cda0c   00000000000000000004005a0000000000000000000000000000000000000000
99000000   9ab05b25ce7a7ab9438a1ef10ea4a424bbe1221d19cb8c6d8d5c846efedda150   00000000000000000004005a0000000000000000000000000000000000000000
100000000   e15a2a84d4433b41af482342b4632ea327b46c89960f5d2895864decd4b85200   00000000000000000004005a0000000000000000000000000000000000000000
101000000   48c53f1f22b418e373c1e32ba0dafa85feeec0ac20fc1fd3d0a2aba8cddda3f4   00000000000000000004005a0000000000000000000000000000000000000000
102000000   ff93fb41b72aee93d0832d089e9e6b603bbc8a6f307da73cdccc6702dfeb35e2   00000000000000000004005a0000000000000000000000000000000000000000
103000000   2da9394f8047e678acbdd7cb253c243c85089d8aaf2137ed8e920477f34391d5   00000000000000000004005a0000000000000000000000000000000000000000
104000000   4ed63692b1323360e146f1e7903120e18c23a67bb730d9cf58cd31817ffd5827   00000000000000000004005a0000000000000000000000000000000000000000
105000000   d22ff66c169c7064be41fe6fb4d7bc1730cebeef21cbbb066a8c85b3910b642c   00000000000000000004005a0000000000000000000000000000000000000000
106000000   ee92f7166cdd326bd2e4fca15e1696b67c163441d298aec4f58fd24a818e4822   00000000000000000004005a0000000000000000000000000000000000000000
107000000   cb2dc30b3db8d4f3c2cd2928ead78023e90b428c3ee3a2b902aa00e4570ae682   00000000000000000004005a0000000000000000000000000000000000000000
108000000   c5739df6184bb52a649f40a6b86c5d8197eb6d4b7b9444cd27f4ab73d42032ab   00000000000000000004005a0000000000000000000000000000000000000000
109000000   e52c766aeb6689e9405a286b726b769a2531196efab90ac426fd55c529d4eea8   00000000000000000004005a0000000000000000000000000000000000000000
110000000   4ed87fced3e4c946a4eeab089038e9d001efbc1dc0cf633cf2e632e2540b0fa2   00000000000000000004005a0000000000000000000000000000000000000000
111000000   f9b198bf9907a064499cac6c2d5f394c6476c2a41fad8459055d56efe9e1052a   00000000000000000004005a0000000000000000000000000000000000000000
112000000   ab473c89d101189ac6170f1f7aa64586d3eb17a150af81b2a4dbbcab1e8e7ee7   00000000000000000004005a0000000000000000000000000000000000000000
113000000   c05f71055f4b8563bddbf4ebee67165d8f64cdfe0da60af48364bdc1367c96ac   00000000000000000004005a0000000000000000000000000000000000000000
114000000   1a36bee7e500dce443c257d824cceb22f5f8569c89691bdf090bad1e3358dd85   00000000000000000004005a0000000000000000000000000000000000000000
115000000   8bc683d1b18c796f711995fe9b50d3a1b76d7e0f4fcd40f7d9e7169f2c5b5c56   00000000000000000004005a0000000000000000000000000000000000000000
116000000   d2e077c9f1fb5b7493a580e656518c7bd733cf96ee83a2c7a4134f20679b2fba   00000000000000000004005a0000000000000000000000000000000000000000
117000000   92fbc0fe1c8ef5792970ac97e924776fa103c51d1b92b0ad53f31d3fc7b77d50   00000000000000000004005a0000000000000000000000000000000000000000
118000000   7ff4ad3a2eae6fd4868eaa115df0474b98f126cada0e4504b4be0ab66b6441be   00000000000000000004005a0000000000000000000000000000000000000000
119000000   778ae9af94e495beb0eacc8cc199152860214f1fd4f42c36e92e753e3ce7a3b4   00000000000000000004005a0000000000000000000000000000000000000000
120000000   00b3123c0ec62280329b31f687c18f7551767f9802a4354f7b68db24663eae50   00000000000000000004005a0000000000000000000000000000000000000000
121000000   ea6e297e79d6186cc51c53e0b55dd935b08ec1c87b19e974817c940105557636   00000000000000000004005a0000000000000000000000000000000000000000
122000000   8521a70e3259e8e41f470e722600fcc30588623f96c11756974857d97603c91a   00000000000000000004005a0000000000000000000000000000000000000000
123000000   a69c4a5e4a4a05dad3e4c91a43e70d87470c840612b7e920ed8066e11254863e   00000000000000000004005a0000000000000000000000000000000000000000
124000000   f4b036c82f321489042ffd645e111e196315b8d6720990215ed2f998b1f83c5e   00000000000000000004005a0000000000000000000000000000000000000000
125000000   1a20aca7ebbd0db12a0eb7b95bba6fbd465fc19bbb960dced63c6ffeaa0db346   00000000000000000004005a0000000000000000000000000000000000000000
126000000   09b239ba070462db4df9e8ddebc4df12a483159e429dedb303b81784c33c7152   00000000000000000004005a0000000000000000000000000000000000000000
127000000   c70a83da54293046876c28d254c09e1456026a2f9ffd8c929fb6b84fbf6a5157   00000000000000000004005a0000000000000000000000000000000000000000
128000000   e8b84f045ad2eeeca39cc795e0148914352f0c39cf80cddf30c7e9cb06c16488   00000000000000000004005a0000000000000000000000000000000000000000
129000000   94694e61b698666274eaa8389e89a75996165bf3ebee8e168d8430412318227f   00000000000000000004005a0000000000000000000000000000000000000000
130000000   d699e93e307bc4d3ff1e5cb27a0732ba519f85fbe421c23e671b00d7a9d64d1c   00000000000000000004005a0000000000000000000000000000000000000000
131000000   fdc4a41ec7bc0ebe850a3724b31d45e6642e193301fc2a6794eb716af3097736   00000000000000000004005a0000000000000000000000000000000000000000
132000000   43037b09ebbb39d035c5d322593c4b842f14fafa4f3c92fddba3ecbeaebed4e2   00000000000000000004005a0000000000000000000000000000000000000000
133000000   d2fcb24a26764932cf856988e0dd24402c9d21fba03d1027bed61dc5243a48b3   00000000000000000004005a0000000000000000000000000000000000000000
134000000   35c2c7cad6af6a91c76874c40b906eeabbdcfadb3ce4c6de01cc6f3e8efd2c57   00000000000000000004005a0000000000000000000000000000000000000000
135000000   be9ee90efce72ce536852c381959e3e29ee41345dbcbb52250734794b9af9163   00000000000000000004005a0000000000000000000000000000000000000000
136000000   b860a0ca320b33b5bc4335eb67b82c1f92762075e7481c2fdb8154a603aaf678   00000000000000000004005a0000000000000000000000000000000000000000
137000000   1c11887c65ab833745026e20ee01fd6701915bd81322e64110f9b69f91831360   00000000000000000004005a0000000000000000000000000000000000000000
138000000   2c89a01744dde944a0a814c04c4bc2590f3b1723f293521b4d99218463c30536   00000000000000000004005a0000000000000000000000000000000000000000
139000000   5d41b5defa30e34ad5cc858629312e7be9543950763f632a3bb1c7feed560015   00000000000000000004005a0000000000000000000000000000000000000000
140000000   7b711c140b2bdc9c47e53c95f48f6b71c22867000e0d0546b5296cdb9b020f05   00000000000000000004005a0000000000000000000000000000000000000000
141000000   dfc37da7cf4a76a8aec100437d4ed7016858972fa8d5bfda55cdd7bb8568df7e   00000000000000000004005a0000000000000000000000000000000000000000
142000000   94a1a1be39a998578176626f9ae8bf19fb7bad1df44bba8e103508bd54b9a616   00000000000000000004005a0000000000000000000000000000000000000000
143000000   3158fc2dab5112311ae494c9430529b0e635bc9f655ea7e858d984d458ef1b51   00000000000000000004005a0000000000000000000000000000000000000000
144000000   4c575a5d46795c949312a89bb575181c2f8dd8bcfb9b0468fd29f91dd3198cf2   00000000000000000004005a0000000000000000000000000000000000000000
145000000   09934262f082e3a3e335b844e0614a60f8eeff77228c3c87db2870764803f9e2   00000000000000000004005a0000000000000000000000000000000000000000
146000000   920626239a2f23eddc6efae6cb6a8eb6c28d3d4ee849f201b316f95931ba75cf   00000000000000000004005a0000000000000000000000000000000000000000
147000000   5cbb9294b140f4fb5cf2939f3313a1715e4e0269fb7ad58a1a5bb04bae27b6ff   00000000000000000004005a0000000000000000000000000000000000000000
148000000   00185285c4ea0b156ef2459930cda0a2094cc1b34fc6f582569ba25dbe774d04   00000000000000000004005a0000000000000000000000000000000000000000
149000000   970ac48b4b5227d5c4254424b0db924f9cf01c681e2851cdb6006ad8843a968d   00000000000000000004005a0000000000000000000000000000000000000000
150000000   9a503f6d9e824239af402bc7b41e03fc3fff7ae5c4c58ea781bfe0acdc4b8a05   00000000000000000004005a0000000000000000000000000000000000000000
151000000   653db7f4f1a065a211f1cfdc1a8ff10d30f574106cc933737191e9f5adf073ce   00000000000000000004005a0000000000000000000000000000000000000000
152000000   9ca58859c93719fc42492b51535751216cd4cb85f6b8d3c620cf49eecd8b4f02   00000000000000000004005a0000000000000000000000000000000000000000
153000000   04be9bd8af8ef00068831a7d0259eb3fcb870c5156c20a833e602abab128f3e0   00000000000000000004005a0000000000000000000000000000000000000000
154000000   fff3a366cbd38418299b7d66fc92b1f26d2756d6310a24bf8312fabc7f11f132   00000000000000000004005a0000000000000000000000000000000000000000
155000000   e948aef96427ed415151999fc1282468f760ebda2a08a24e57f21ab360f22e8a   00000000000000000004005a0000000000000000000000000000000000000000
156000000   d3bb7c282019a1a2d12061a54d6f0be4a42ca6e2f5b532e550badf3728dbd9a2   00000000000000000004005a0000000000000000000000000000000000000000
157000000   edc79614938f9dd7940079c31184a8f4968f2ffd45e417f53d0c509237010125   00000000000000000004005a0000000000000000000000000000000000000000
158000000   44ad195ea0d115dcfb87172ba90c3e0e7d135038d8340e0034311eca51387bed   00000000000000000004005a0000000000000000000000000000000000000000
159000000   9e5c96c1a591a1001885cc1293eacc4509f3494e0dd3bcfb2aa475738e18ef80   00000000000000000004005a0000000000000000000000000000000000000000
160000000   a7e63ddcf23a0d3cf471190a17351b97a970a979f53661e90c6cf52873cfe681   00000000000000000004005a0000000000000000000000000000000000000000
161000000   9ffe1fb6f3c5c4e4599e3456bbf434fe3f88fb8e7a126a34b244ae8658471227   00000000000000000004005a0000000000000000000000000000000000000000
162000000   0ba2d483ef9e05b7e67693a052d150e40aa5727eb438b4e397ef0ee4b2126716   00000000000000000004005a0000000000000000000000000000000000000000
163000000   bf551fff26e954118c76b19e48e1423a2d13a6f01db348087d32c2963067a89c   00000000000000000004005a0000000000000000000000000000000000000000
164000000   01a033b6931e01f2b80ca3f82c85d540125b87ce589494094dd34bce54f21c43   00000000000000000004005a0000000000000000000000000000000000000000
165000000   272cc1e88ad5817bd130f69150ab34c4e9d3c4837e8f1df14c53abdd2a7ac1a5   00000000000000000004005a0000000000000000000000000000000000000000
166000000   b85502326b1dd3c464396415b61c23ca594b3bf67ec8c94464793cbab4543952   00000000000000000004005a0000000000000000000000000000000000000000
167000000   59b6e58cb002546f1055e4e5b5b77028c413b3b5e06229c9a614db08ecfe4b29   00000000000000000004005a0000000000000000000000000000000000000000
168000000   1e111198f7edbe889ea1ce62171ceb0805349717bb8eccf4216f839bdba0d4de   00000000000000000004005a0000000000000000000000000000000000000000
169000000   