debugnonce_start:  2000000000
Mining block template, height 827636...
header:  b'\x00\x00\x00 06\xe7\x83&d\xbd\xbaj\xc0\xd5I.\x00;\xdb\xd4\x1dp@\xafd\x01\x00\x00\x00\x00\x00\x00\x00\x00\x00\xb1\xdc3\xaf\xe8!c\xd1b&\xf8\xb2~|\xf2\x1d\xd9\xfd\x9b\x84pq\xe4\xb8\xb2\xa9\xb2\xdc\x8d\xe3\x03\xd1\x05\x11\xb5eZ\x00\x04\x17\x00\x00\x00\x00'
2000000000   07aab2a24d2e15d1fc3780e75734cf9573c8c4691127ac8bf81c2ca72462d79d   00000000000000000004005a0000000000000000000000000000000000000000
2001000000   c2ab536cbaec50e4652ab28fa2119b27f212dba63d64f21f79694fda47b72b76   00000000000000000004005a0000000000000000000000000000000000000000
2002000000   b8be31210b36ab6a4ef72a6c08750a904b6b9eee2c311740d3c5fc4f6e2c24e1   00000000000000000004005a0000000000000000000000000000000000000000
2003000000   fb25f957d5f989b70e24d46a1b547038f4bd6f3f971c2070633a66cea272d974   00000000000000000004005a0000000000000000000000000000000000000000
2004000000   4360611706e1b30c6585bd64bc5deb7d82e38bcd438a07aeec4bcbc456f15296   00000000000000000004005a0000000000000000000000000000000000000000
2005000000   0eb9ac1de11871f10bd69f97b6d9a5f1d528e0cf4e2111e7d442536c43b6e1db   00000000000000000004005a0000000000000000000000000000000000000000
2006000000   f43bb56461b2ea89b2606c44709e88d0b49aab057efe76db03557b8a11c9be3b   00000000000000000004005a0000000000000000000000000000000000000000
2007000000   d1b2eae4d44003f6f3d90868b38c8915d3215650b14392eaaf8e28def0456a95   00000000000000000004005a0000000000000000000000000000000000000000
2008000000   969bb978b909dbd1ed4715e640f5b1e984fdb7d0cb64cf1a690f8b5e3836ee58   00000000000000000004005a0000000000000000000000000000000000000000
2009000000   3cb429ecec6abf98739fd3959eae017c69df7b2989c54af80efc46f645510d1a   00000000000000000004005a0000000000000000000000000000000000000000
2010000000   b428bb9803ef8097f31088303be9dc684eeea0c12aaf894230b358cc8f847828   00000000000000000004005a0000000000000000000000000000000000000000
2011000000   32214b2fff121f67681ed2640f7aec25cc474f6a2f2766c8822b5069d212dc9a   00000000000000000004005a0000000000000000000000000000000000000000
2012000000   1ab599cfd6ed8179716385450460b84d41949b71d5109428444df56a057366ea   00000000000000000004005a0000000000000000000000000000000000000000
2013000000   6d378d91a8d365b0e43dadb4c9fa6ac42aff8a38e482fca0a7ce48d4cc738037   00000000000000000004005a0000000000000000000000000000000000000000
2014000000   2171f58f8f8bb8716bf74d424de9c7558055ef73067f7f893551c84bb807524a   00000000000000000004005a0000000000000000000000000000000000000000
2015000000   2dd9682593626df7d6b691e4061aa5c2adf08a43f422aa90858ef441e3ccfe6e   00000000000000000004005a0000000000000000000000000000000000000000
2016000000   b9f180cf7a5bb060de1b768c1556bdf92b7dbb01273a650f0b3335a757f4fc39   00000000000000000004005a0000000000000000000000000000000000000000
2017000000   5804f0150063219b98f5945df2cb88d5493f4a86620e50a0a4cd6cbee4bb4cd2   00000000000000000004005a0000000000000000000000000000000000000000
2018000000   f1850562850ff68e27d5f1edf91260ff7e53aca3edc8c84a5127e0b5bee1ead5   00000000000000000004005a0000000000000000000000000000000000000000
2019000000   a2948a524cbce6ea9c56e0a39e22ccf9c4e2ebe45dc85ffa9a4d264bcb69ea23   00000000000000000004005a0000000000000000000000000000000000000000
2020000000   b51b43b90f30f2abd92267dd14dd010315c3f775977987655f0895cc200f1f8d   00000000000000000004005a0000000000000000000000000000000000000000
2021000000   6c685765c7e42d55d2a6aa3a3e0d3fbe7046f86a7ec3def8cfbac3fe07dda0ab   00000000000000000004005a0000000000000000000000000000000000000000
2022000000   6f62b8bf8d0f24b24695df6a76df07d014a47fe545722051bbb06f04d7f9a2da   00000000000000000004005a0000000000000000000000000000000000000000
2023000000   2adc89f2c1d029fe179bcc6ed6e1b4bfc509e8e2e6ceb489e0362c1097214fc2   00000000000000000004005a0000000000000000000000000000000000000000
2024000000   9bdcdb82d9a9b6ec42539c69356dab0e8e2d2293e34bc39a5f24b221169f820f   00000000000000000004005a0000000000000000000000000000000000000000
2025000000   d37c863c3982abd95b5fcca4a1dc4669b1765a1cee0d48ec72f9ef38e16aec13   00000000000000000004005a0000000000000000000000000000000000000000
2026000000   bc3b4c036afc896c513fce5a61530f06a72ace59cdbc195089b98dbbc6bd4fb9   00000000000000000004005a0000000000000000000000000000000000000000
2027000000   6e83dd437e84ccfb3eb638033ce6c9ea0437db8ceb84124871f9e37bec74cb97   00000000000000000004005a0000000000000000000000000000000000000000
2028000000   3b37fd67d4a5cb8e76fd15a1a98c51e3ea4ddeb113d7c2959310d5f4f6f16da0   00000000000000000004005a0000000000000000000000000000000000000000
2029000000   cdb1bd6d8cf4707d2ee47765f2757674a81ef9dd49eea1597ea6eda094f1179f   00000000000000000004005a0000000000000000000000000000000000000000
2030000000   f9dbaa25e3a39e4d7627b2e058d383912c49cb75d46cefb74c7cfaba04eb9319   00000000000000000004005a0000000000000000000000000000000000000000
2031000000   2122d111d52eaf46da16399e3bd742482a6b2d3f630875df0c407fbda5d4d589   00000000000000000004005a0000000000000000000000000000000000000000
2032000000   cc1e1525a38dbb70dab9918e97639906509e27d6025071c8cd015bf623ed3fd6   00000000000000000004005a0000000000000000000000000000000000000000
2033000000   ac4df642a689b5c1eb350d82073c84ba82175bdc59a7135a0a058895012762cc   00000000000000000004005a0000000000000000000000000000000000000000
2034000000   78512e5bddfdfa5f2510d969707cba02dbda829ac5213c0d5e59cbc7a187bfa7   00000000000000000004005a0000000000000000000000000000000000000000
2035000000   79bc38996d77e02b14eb1f8e5e6dcfd17a6e4175b11e8eb9e3cc0278bde5b369   00000000000000000004005a0000000000000000000000000000000000000000
2036000000   2f5727e9c4913517e2df770f5f47a15242ef15944b95cdf023085f88437ce6fa   00000000000000000004005a0000000000000000000000000000000000000000
2037000000   d6c9e6c486d09f4fdd8cd8ca07632a538af52ba3cffd821f25537dc49a997b46   00000000000000000004005a0000000000000000000000000000000000000000
2038000000   56d9e06e42914273583ac015ac44f790c75f12a66fd7446d74ad2bc0298f7f7b   00000000000000000004005a0000000000000000000000000000000000000000
2039000000   b6456d49ab422d0da5dac18588855cc91a72e7f4f2e52c0616e399286084c673   00000000000000000004005a0000000000000000000000000000000000000000
2040000000   632ce525ea8d275a25e20c50098bd26591c29a749f29bf3fcd58718fb179505f   00000000000000000004005a0000000000000000000000000000000000000000
2041000000   ab654b6ffe7461c97ab95fbc273baca1ddcd07df813a4a09ecdef62bb1219b00   00000000000000000004005a0000000000000000000000000000000000000000
2042000000   f27acec137940d3166deb0f0dca208f29b7a1c1e4b32cd53cdb71616b373e297   00000000000000000004005a0000000000000000000000000000000000000000
2043000000   6de25748e3aa1b36e0d4ba277b7933545740ff319e00f1962fd302e8047c66f8   00000000000000000004005a0000000000000000000000000000000000000000
2044000000   66400495f4f527d2d6f11a9b07de27ddcc272a0c2161406e7f8d9982f4dbf55f   00000000000000000004005a0000000000000000000000000000000000000000
2045000000   1c7ddd62eee6aa6ea35d379ddd5f8b23f6e3b924d5db422e0737d00b510f599a   00000000000000000004005a0000000000000000000000000000000000000000
2046000000   f29e6912af8fd391853e40d0f90ecec4b6b7ef385af2c729e5a4aabf13b51f64   00000000000000000004005a0000000000000000000000000000000000000000
2047000000   c3e47c65fa10c94d23537a3e20f522bd3073ea3ab7e5ddca3e4421acf6ca7d5c   00000000000000000004005a0000000000000000000000000000000000000000
2048000000   007370127d8b5bc9774005ff481f61564dece9b7c8c5dd792c716cff2088b798   00000000000000000004005a0000000000000000000000000000000000000000
2049000000   b1452f354986360e860b383941c68d821e2a2220f86f112c007bc0978b30527e   00000000000000000004005a0000000000000000000000000000000000000000
2050000000   6e101ea5d7f65668eaf9187c186f44e9ad7674d152d57def26b145d5e6df0eee   00000000000000000004005a0000000000000000000000000000000000000000
2051000000   bafa8ae437a677b50dbe99b1221d527c78dcc817598fa74f9eb39e41a5bfb505   00000000000000000004005a0000000000000000000000000000000000000000
2052000000   2835062eac6494bd0431e9c1e41f2d54872a8f0a84a23e693f9c54642f2acd10   00000000000000000004005a0000000000000000000000000000000000000000
2053000000   a0374a6dea27dccd0952f545290b4bb1b7e07f57d73655e8b4d25c4cbf114a57   00000000000000000004005a0000000000000000000000000000000000000000
2054000000   