debugnonce_start:  3000000000
Mining block template, height 827636...
header:  b'\x00\x00\x00 06\xe7\x83&d\xbd\xbaj\xc0\xd5I.\x00;\xdb\xd4\x1dp@\xafd\x01\x00\x00\x00\x00\x00\x00\x00\x00\x00D\xc3$\x84\x8bA\xbb,\xd1\xcd1\xd2\xceq\x0f\x8e\x8c\x863\x1a\xc3\x7fv\xf8\xab\x97c\x8c\xa56o,\x05\x11\xb5eZ\x00\x04\x17\x00\x00\x00\x00'
3000000000   b55a39396af5e15a4c27fd0a77bd08b05770eaea94093fb7cadd62f75ff1e20a   00000000000000000004005a0000000000000000000000000000000000000000
3001000000   d69cc823473082acb528a7431e35477357f6a6e66d418792c786c4abfa268e67   00000000000000000004005a0000000000000000000000000000000000000000
3002000000   1b46033c7079b67d49d1027f1aba114a3e451a87eae1f1978b60b0e1c8540317   00000000000000000004005a0000000000000000000000000000000000000000
3003000000   03a84a7dfae600747edff092cda88e71fa5037381a4717e8f6e149f429a73449   00000000000000000004005a0000000000000000000000000000000000000000
3004000000   bd9f4ef413ed30279f0809cbf2aad9ad6f7411d28a6147e4b14c8c88809466db   00000000000000000004005a0000000000000000000000000000000000000000
3005000000   e4ffacef04cfc32f79ad8a31249b150b9ac40db30a7fe5b5e9d6b1f8365609a8   00000000000000000004005a0000000000000000000000000000000000000000
3006000000   ac6bbe98dcdec8f1fdd90e21e99b0d84aaecbdc980483b19a114393ec44249e3   00000000000000000004005a0000000000000000000000000000000000000000
3007000000   8052d2b70270a75ef9a5ea5a0efee9fbb5364f68984d92aaa75065b116571244   00000000000000000004005a0000000000000000000000000000000000000000
3008000000   07fb8d23ae6fb37ec4ab20adad80d2a8c201daf5a9b6f031a955e7e716481c7b   00000000000000000004005a0000000000000000000000000000000000000000
3009000000   ea459b290237dc68215d4878471159213b56f3891dbf403266ceb56e04173464   00000000000000000004005a0000000000000000000000000000000000000000
3010000000   23dc56c238cde2d933a4ad8a30924ff735c576773d8c2f7f2cfc60923a5e3c64   00000000000000000004005a0000000000000000000000000000000000000000
3011000000   1f55b54c48c6e7dd3419ba232dbcf1dad55ca846111603f577d760379fa86342   00000000000000000004005a0000000000000000000000000000000000000000
3012000000   858ec0e9c2615879b6f39c7939ec42af025dd3e4cc256c0a023c400da386d390   00000000000000000004005a0000000000000000000000000000000000000000
3013000000   3388fb6dc4efa013c9780b342314e0f6353994c92c46c248d60c9cf831c8c129   00000000000000000004005a0000000000000000000000000000000000000000
3014000000   3ad74672a9bd25fed58ffb799afd456f979cc90747923ead3e9bfae78db508c3   00000000000000000004005a0000000000000000000000000000000000000000
3015000000   a4e5a69f24daf1b5a3d79190db697d97b7e907f811207d99a13fa9b86cab918d   00000000000000000004005a0000000000000000000000000000000000000000
3016000000   05f3b7cd42b5162111c4fa7bad4e7f00852f1e22003f4f0ffa5145e6247d041c   00000000000000000004005a0000000000000000000000000000000000000000
3017000000   437dbddc57af717a2e6f5dafd3d25d6c8117053f0e665599bb5b277066da993d   00000000000000000004005a0000000000000000000000000000000000000000
3018000000   5822952a68db2a00a6f51df256beebe42a7d9d035a788c9b1ef3061cda60cbf9   00000000000000000004005a0000000000000000000000000000000000000000
3019000000   0c5aa59235666ffcf5921968019b88a0d9acd841877ebf999abe9ab05070bfba   00000000000000000004005a0000000000000000000000000000000000000000
3020000000   4fa049d9a0e6498f093f7f05060edad5e0d3b5df91471cf649da5f0a0a27903c   00000000000000000004005a0000000000000000000000000000000000000000
3021000000   bc09ed244e57c5e9eb2da18ad44533f4b1792dd8f35feb977a1d3b2d45700eda   00000000000000000004005a0000000000000000000000000000000000000000
3022000000   0c6dbbad5574aaefdfa4988093f1a5c1cb7913b2a62a88e0b2bcc4824df524e1   00000000000000000004005a0000000000000000000000000000000000000000
3023000000   dc024c8622c5f1da2ccc9ce311aa6bf947d7cb135ea7f4685aed4c0f418fbe16   00000000000000000004005a0000000000000000000000000000000000000000
3024000000   5e788942b502ce0524339b17103294afb7349cd4ccfd16750cc04135dc267a21   00000000000000000004005a0000000000000000000000000000000000000000
3025000000   695b41c8cc16ad0a6a04350c7a4ddec335919141ff8aedb1cd3b7eb2171ce7bb   00000000000000000004005a0000000000000000000000000000000000000000
3026000000   5ef2f86b13723a59e76cc945e00fde1b83894e1eb436b5af313a6a9d0be66098   00000000000000000004005a0000000000000000000000000000000000000000
3027000000   b1a48cb8585e643db4fb615aac6a53ab36ab8f4b08c0f74cafc0de3c9ee5bd0c   00000000000000000004005a0000000000000000000000000000000000000000
3028000000   7fa5d5b466a7324304072f4d843219d22d5252bc7a37ff86bacb84515178c9bd   00000000000000000004005a0000000000000000000000000000000000000000
3029000000   df2135cced359f2ef2e2ec5d6d45ee52aceabee32d30bf4ffdaeb2c9739952f1   00000000000000000004005a0000000000000000000000000000000000000000
3030000000   4cd26502312199d09f108141ee02aff59a00a59446f40ebc19b65a5784785c06   00000000000000000004005a0000000000000000000000000000000000000000
3031000000   0fbbbbe6d69e040435c28a64ab55e130a31f98d5f195ea67b53266f0b969d95a   00000000000000000004005a0000000000000000000000000000000000000000
3032000000   ccc9279b5a2043b6c7bac9bfd18d3cca7b3645870def86106c0e66668f25bdf3   00000000000000000004005a0000000000000000000000000000000000000000
3033000000   5d4dad2d4512d9f1efb93559e0ab30e623e79cc80e9c0de732c3df10d23aba47   00000000000000000004005a0000000000000000000000000000000000000000
3034000000   1368cd9a109413405db5f8be6c698ac2467f7a3f07e49b32e88fc6b3e9688284   00000000000000000004005a0000000000000000000000000000000000000000
3035000000   420ec6ecc1ae830c0b2885fb78362df285a62112b3ebe5c33afb3d292c98e640   00000000000000000004005a0000000000000000000000000000000000000000
3036000000   c97fd077d1a43e13745a6a651014cdd9fab45c8940fd8baa45bf6b5f4517c9d9   00000000000000000004005a0000000000000000000000000000000000000000
3037000000   ee1937dc277be57965e6385fec677f2372ddc4d2e2419c8967b8b7e9f9c4e274   00000000000000000004005a0000000000000000000000000000000000000000
3038000000   a8c323f806d81e4a3b1fe5b6d472f9257ea971fbd47b73064b31aadd59948ce5   00000000000000000004005a0000000000000000000000000000000000000000
3039000000   b2406f23f37304aad60458a9b68ab0afadd8f4436074ffa81b3ffec8b2651b7c   00000000000000000004005a0000000000000000000000000000000000000000
3040000000   6400cbe2d61bd2d0dfef98f9cd993cb135924cce2dced8d4fbbc0eb449d50329   00000000000000000004005a0000000000000000000000000000000000000000
3041000000   b3841d1885d9c1e090218fe630894251441386d3d705a0d14ef237fc18008deb   00000000000000000004005a0000000000000000000000000000000000000000
3042000000   4d0e01b2b954d8104ed2975abed0ceb8011e5051294b0569b1aa9a96cf7c11b4   00000000000000000004005a0000000000000000000000000000000000000000
3043000000   d2c75a482d18a6e41830e04e203efb48296eb5b09b164d8f5075cfc2b158950f   00000000000000000004005a0000000000000000000000000000000000000000
3044000000   70b9e92425bab0350ae06bf83739fdbea522db9031fc0a0b4a2b08c1b5f4e5af   00000000000000000004005a0000000000000000000000000000000000000000
3045000000   7017055f847171203868b6a1d07ece4e1d027de531ab2d3141e1fc7da6cd097d   00000000000000000004005a0000000000000000000000000000000000000000
3046000000   929301b8ae9bc29777198ce93ee4403af888e1e873cf2693527fa8a5b9257026   00000000000000000004005a0000000000000000000000000000000000000000
3047000000   4821e122850ef37be61196719765c7c5d321ceb108cfde07b97f8e59190a1d36   00000000000000000004005a0000000000000000000000000000000000000000
3048000000   7128dc031db2061d22ea21d3ff75925a91f10cf4164d3894439c1256208fc2d5   00000000000000000004005a0000000000000000000000000000000000000000
3049000000   dbb9b8824217d24ea0e7d2a36db5c07e8557547ecef280e5f8b921c78eb25b80   00000000000000000004005a0000000000000000000000000000000000000000
3050000000   408a801909a3113b4609a2d9a0f25a2cec8ac42b777ab4d583d1aa0af2f61ea1   00000000000000000004005a0000000000000000000000000000000000000000
3051000000   b08e198f62d059b74a56783df736200282cdccbf103d4c55d87ceeb61dc8994b   00000000000000000004005a0000000000000000000000000000000000000000
3052000000   8d5d8e194abe3f5c3b40d0e85e555ea355783f3c0a70a71ad7c98ecab5452ae6   00000000000000000004005a0000000000000000000000000000000000000000
3053000000   c7b50afa06e7d710688a17d3c50fc858b76ee6ee3345e4a52c59b1273ddc7bc5   00000000000000000004005a0000000000000000000000000000000000000000
3054000000   