debugnonce_start:  0
Mining block template, height 827344...
header:  b'\x00\x00\x00 R\x99p\x9d\x0c\x03\xdb\xf9\x1f\x81\x13\x9e\xf9\xf3\xa5\xe5-\xdd\x18\x9d!\xb4\x00\x00\x00\x00\x00\x00\x00\x00\x00\x00\xae\x96S^\x93\xad\x82\x8c\x90\xee\x14\xb6\x83\xc6S#B\xea\xba\x8ed\xf9\x01H\xf8\xa8hD\x00k\x80\xff\xa2\xa1\xb2eZ\x00\x04\x17\x00\x00\x00\x00'
0   b05b8a962f83b881b01bfc125b43ec47c660c3ad8d1c4bdd69ab05a5d09a5c1a   00000000000000000004005a0000000000000000000000000000000000000000
1000000   ded5f4ea7bca5e2a2bb2395018c3796fb560cb294332378b8281af41dcf98668   00000000000000000004005a0000000000000000000000000000000000000000
2000000   9d5e390e0c23826b09b11ea887799d3df6e0a436b8b1391c2ed6ae2ee59635dd   00000000000000000004005a0000000000000000000000000000000000000000
3000000   5c97df050e9af694f731077e324563d550e217296f83c48256de5cdeab98257f   00000000000000000004005a0000000000000000000000000000000000000000
4000000   2380e26b73d5643a70f0092115ccdbbbf2af5ac41d1fedd0f6a72cc0cedb0979   00000000000000000004005a0000000000000000000000000000000000000000
5000000   46960852a8799c94414ac44aab76a0361c2911d10877e96d65fbc1b070218eb7   00000000000000000004005a0000000000000000000000000000000000000000
6000000   b2e06fcf51e430ffdaac9941f191fe481679956c502f545f0ffcfbe96c099d85   00000000000000000004005a0000000000000000000000000000000000000000
7000000   4839d148f302f20dfa3bd818463a3feca4853dbcf22446c1178a068979cbfda9   00000000000000000004005a0000000000000000000000000000000000000000
8000000   5b7f8ac93688fd2be574c29345fa0e746da33b27cb26b44147844ec9d5fcf686   00000000000000000004005a0000000000000000000000000000000000000000
9000000   8eba7d541cd3fbb76d0f195ab69a331823487b7838eec6c8c77147891f61e0a6   00000000000000000004005a0000000000000000000000000000000000000000
10000000   1beaca48f5ba5e0bc7af3cdcd756268cc857d1d151d077a8e284c836c2b34fb7   00000000000000000004005a0000000000000000000000000000000000000000
11000000   cc90dd4c424dc008e5e328da065bd29f09174a79d455c70cbf483dd924c35721   00000000000000000004005a0000000000000000000000000000000000000000
12000000   f6cc4086c8b59be5d9e259c1d2aacf992c1e8aaaebfe0e0323e147b7ef809600   00000000000000000004005a0000000000000000000000000000000000000000
13000000   158e417e6bf3969edf41050695e20a74c08a04d379fa0e9541c1a023e72d2b9e   00000000000000000004005a0000000000000000000000000000000000000000
14000000   2391e6e243b0d886f7aeb8121cb946ae865c0307b08d807a813b55b9c8e6d3e5   00000000000000000004005a0000000000000000000000000000000000000000
15000000   7bb247168d76cf3959bbd4b5662a0b66980ee400ca437748d335c228c91a812a   00000000000000000004005a0000000000000000000000000000000000000000
16000000   67b816681c54ebd2867902c86d9f9daeb8766c5f672b7a455f95371d25ce25c3   00000000000000000004005a0000000000000000000000000000000000000000
17000000   c98f5dff9a88d3dd34c9820dfa9d5006663184c07812142b126057b57c5fbddc   00000000000000000004005a0000000000000000000000000000000000000000
18000000   f67ca63ee27a7feb062ac47d05560d8fee1a45a1eba399b14b25f403a53bd8ef   00000000000000000004005a0000000000000000000000000000000000000000
19000000   5272c12a9638b672deba15f8b71672f98a87a2578cae5f0d00cf9fe305e017c1   00000000000000000004005a0000000000000000000000000000000000000000
20000000   b98a48e2e94908f37d5526761fa1d4489c794cb29beae9ad80c9c1681940a0d7   00000000000000000004005a0000000000000000000000000000000000000000
21000000   4c6fbd37e2cf41efbb38c23e2db041ad6da156bc67d0021d3326b79db290953e   00000000000000000004005a0000000000000000000000000000000000000000
22000000   93d093f167686d96ebdf6174882769f24b98e818446b1dd611b3eaea6bb92cf2   00000000000000000004005a0000000000000000000000000000000000000000
23000000   c4b5c6e02f6bf4afb4e1a67fb123413dfbd9f770a0d07e20309dd9e99094eae9   00000000000000000004005a0000000000000000000000000000000000000000
24000000   0ee51203d256de1f2e8f04ecf9d19015a5aa540a732f8e17e21bcbe24378ed16   00000000000000000004005a0000000000000000000000000000000000000000
25000000   068093d97540dd71e67e883fa49415e2d4d21556fa5967b2349023326dda6739   00000000000000000004005a0000000000000000000000000000000000000000
new_height:  827345
debugnonce_start:  0
Mining block template, height 827345...
header:  b'\x00\x00\x00 3\xeeH\xa5`\x1dp\xdc\xdaYl\x9f\x94^\\\xe08{h\x16B\xd1\x01\x00\x00\x00\x00\x00\x00\x00\x00\x00\x05\x07)h\xb2f\xd6\x06-{\xb3\xdd\x17.\xb7-\x9a\x8c\x8f\x1aO\x1f\x92\xf4\x98\xba\x13\xf0b\x94\xbb?\x89\xa2\xb2eZ\x00\x04\x17\x00\x00\x00\x00'
0   69b62af71f1068751ae0e9a61ad3a77a634e92a31c6b4b0e563a9770e64faf49   00000000000000000004005a0000000000000000000000000000000000000000
1000000   e98f92f2048a4704bbaa74429640c71de5adfdb9dbd38d92bce8cae2cb6da1e9   00000000000000000004005a0000000000000000000000000000000000000000
2000000   2e897d8f8c7a3117a00bf84b575573aba0c9a8a303d6ff645a9eb9baf3e4049f   00000000000000000004005a0000000000000000000000000000000000000000
3000000   d7a8abce558530727531e31f8f5a4952d3b3df1e6f42dd43cfec55abeccf28bf   00000000000000000004005a0000000000000000000000000000000000000000
4000000   e71077069532f8bde0a1374bfba0bc377cf06692cd7a7b1e2579aa81d7f02a5a   00000000000000000004005a0000000000000000000000000000000000000000
5000000   a530ffb49e200e6062e17d5206c527bc254828c7f76dba57ef132a9fa521e305   00000000000000000004005a0000000000000000000000000000000000000000
6000000   20db6767056070c611fb133a75e1c964cb477a47a852f2b038f2cf8d8009bb96   00000000000000000004005a0000000000000000000000000000000000000000
7000000   9711144f17e7add0f94c5f3f47e01e17e82a47cca0fc72c7d8994c9d2579d998   00000000000000000004005a0000000000000000000000000000000000000000
8000000   3d5eab6583bd93b2f0ad911f528fc467cc93b13c585ffd62b7c978473f5d9380   00000000000000000004005a0000000000000000000000000000000000000000
9000000   dfce60dfb34292817f9d98b21f23700e8d405eb067cee135ab444bf0dd88afa2   00000000000000000004005a0000000000000000000000000000000000000000
10000000   44543a8ee99400d685497db99a510958a62a549564566ae7c6a53b17cf533e57   00000000000000000004005a0000000000000000000000000000000000000000
11000000   221657684ad28b35966f5570ea6eeb8ae9723b38f990657f7397e2f4a4828095   00000000000000000004005a0000000000000000000000000000000000000000
12000000   6691cd361140f33ed169de90e9e0d3150178664191310a42edd5f240c382fcd8   00000000000000000004005a0000000000000000000000000000000000000000
13000000   95202e53824af552e1178cb61aa47352b10176ac9eab0ac8b3bf9b910b0d5916   00000000000000000004005a0000000000000000000000000000000000000000
14000000   fa384a229c6c77a18ba4d09e845c9535f53cd798485083254182bf9a47601ab5   00000000000000000004005a0000000000000000000000000000000000000000
15000000   9aaa9cce503a7f65797a30f2d92f8cb3a9ceefb09013295aab3d35e1f9f9ce82   00000000000000000004005a0000000000000000000000000000000000000000
16000000   2504a232e931efd961c455deebc1aab0b84efbd43f3dde2279658957b6ff36d4   00000000000000000004005a0000000000000000000000000000000000000000
new_height:  827346
debugnonce_start:  0
Mining block template, height 827346...
header:  b'\x00\x00\x00 \t8\xe6\x97\xcb\x94!\xeb0\xb8fY\x95\x89iE\x95\xa0P\xa7\xa4\x17\x03\x00\x00\x00\x00\x00\x00\x00\x00\x00c\xb98#\xb2m\x99z?\xec\xf0f1\xa1\xe6D\x87\x1e3\x82\xe6\x9f\xb6\xc2\xd6\x13\xbc\xd4\x90r\xa4\xce1\xa3\xb2eZ\x00\x04\x17\x00\x00\x00\x00'
0   1e0e2d0c082009db539aa1fd07e70d5f810034b6295ffe70bdf6590c5b015875   00000000000000000004005a0000000000000000000000000000000000000000
1000000   8b03f9e74834ef544151121577261bca610fd61229b53d892552191c65db1293   00000000000000000004005a0000000000000000000000000000000000000000
2000000   dfc5bfb639ea5a81d41b862790b44fc6c40f4e6d93ece33139002b40ea47d8e2   00000000000000000004005a0000000000000000000000000000000000000000
3000000   be3dbbc410adfae81e1761ed4cc03989ed32e09b06ecbd2ccb6bc8d04b0222b6   00000000000000000004005a0000000000000000000000000000000000000000
4000000   7dcc6d9393f520315405285a8262601049c385b640f4d586e4c2101745501b6f   00000000000000000004005a0000000000000000000000000000000000000000
5000000   745f12585f34e03c60ff93b313a76a6a3da2a0fcc90387915a5d26739f76cfa8   00000000000000000004005a0000000000000000000000000000000000000000
6000000   f045c7833e2725eda0cf38d9b9f6a4a054c9cfddb531978a85a46c423c8ce775   00000000000000000004005a0000000000000000000000000000000000000000
7000000   9fdf8ecb4e2898f0e0f6f7caa5e7906121e44a4742c4d71e8503d8e50fccf740   00000000000000000004005a0000000000000000000000000000000000000000
8000000   93d2c71308a87682775763d4fd4132377aa02cfba6a59c58242ec87a98fd2e86   00000000000000000004005a0000000000000000000000000000000000000000
9000000   98e550e6bc8c5a9473c89a26142bf215295f2792dcf52dd2a911f67e0e721608   00000000000000000004005a0000000000000000000000000000000000000000
10000000   fe9127643ad9c33b0a23b1be3bcbd263c79a863c77ea9f83c77b81f70e1850c0   00000000000000000004005a0000000000000000000000000000000000000000
11000000   f477bad1c7f84d5586fcfe240a2a6c154b048922e65a5124ed097fb7ec1c57c5   00000000000000000004005a0000000000000000000000000000000000000000
12000000   fadab8b556f55bd3c44fcdc4cdd8dff6615497a9ca72ac98fa021d4ada98b2d1   00000000000000000004005a0000000000000000000000000000000000000000
13000000   f17c149a555312cc196ba3ca9a1c0153ef28a8a086cb305eb84de2f2f383cfdc   00000000000000000004005a0000000000000000000000000000000000000000
14000000   0512da5e2e96576d1933ac18f2ba9575ac3074db67cb20851d86e4ead5528c05   00000000000000000004005a0000000000000000000000000000000000000000
15000000   2feacf836696d10b6add5a58973532040dc43d1a069b2b9b22e8299513aa1ea9   00000000000000000004005a0000000000000000000000000000000000000000
16000000   2e01756533b69273934541c4f12e3c2abdae10ff18b1c046c6f81feffe5c262c   00000000000000000004005a0000000000000000000000000000000000000000
17000000   3f414b288e7010032bd300cc88da6393956be9c8e6c6e60284c8ca4f8d63fe2a   00000000000000000004005a0000000000000000000000000000000000000000
18000000   6f7350c82130667f0526cc4ca0e99856e5b2c550e142318f841fb2aad4659e33   00000000000000000004005a0000000000000000000000000000000000000000
19000000   1aafab517cbe8eae7c6d0ae432e977aae046fa604801976fdc11861563abad4b   00000000000000000004005a0000000000000000000000000000000000000000
20000000   d77de20c62e2634edd9f0771b8025529cd4e960f883b02f1033f2885ad1ade9f   00000000000000000004005a0000000000000000000000000000000000000000
21000000   5db0920672e28feb4712cb5afccf198599f9328e6bff86145cc7c335e6850bfc   00000000000000000004005a0000000000000000000000000000000000000000
22000000   98655ab117798c9f48ad8f0044917efc482b5621a80c15ede95aa2ebc99908e9   00000000000000000004005a0000000000000000000000000000000000000000
23000000   f75fa694f4038f5834ef4ae800a317efacd76ef7e5f53f0dd666aef615f0aa97   00000000000000000004005a0000000000000000000000000000000000000000
24000000   5ca7ae7286b717a89836c9a053e08ca10cb58f81f9387d109000bda703ac33f1   00000000000000000004005a0000000000000000000000000000000000000000
25000000   d8053d008ea0b712b032e82d348c393f12e9b89bdb98695cc049fd342b426bfa   00000000000000000004005a0000000000000000000000000000000000000000
26000000   d4ba6a0e912795855330ad70b5756ffa8d7c7a45abbe3c2a761eb516b1d9807f   00000000000000000004005a0000000000000000000000000000000000000000
27000000   70d75e30abb0bb23bd3abc49abfe4ad94b6f4c89456fb82b3a01f36ab46e2d7b   00000000000000000004005a0000000000000000000000000000000000000000
28000000   2fe281ea0e07d5168fe3684ad99848a0ae3ad81204705084c64239855791f1bc   00000000000000000004005a0000000000000000000000000000000000000000
29000000   b9580337d498397c7d06a4fc72f8047853891056852ceaaea0a15e2bd1d6d1d9   00000000000000000004005a0000000000000000000000000000000000000000
30000000   47689313c2d910f299a8a129a17271efc60880ff579ef2014930bc1840cd5186   00000000000000000004005a0000000000000000000000000000000000000000
31000000   5014dd466111f7f95f37065f9e3f77fc1aa2e74c686a2d2f7407c40d3f797f43   00000000000000000004005a0000000000000000000000000000000000000000
32000000   550c20cf71168a1bf8456efd6a23e3a15274b1e336230543e57bd57e6a9b501f   00000000000000000004005a0000000000000000000000000000000000000000
33000000   fc498b9f8706fd49b7869e595678edbdb7cb2261e0d51ac6d1c7c98e14907da4   00000000000000000004005a0000000000000000000000000000000000000000
34000000   1c2427cd5137560190e2296403201b076bc40c22caa9dbdf7e2cee3ac96f5282   00000000000000000004005a0000000000000000000000000000000000000000
35000000   30acfb4e65a1beab4a5f0c61b638ec91d9f2aca3c8448456565588640d0f4242   00000000000000000004005a0000000000000000000000000000000000000000
36000000   122e07e5c6a3b7c045ab6fd802b3744e7e578ff9912866b44065a5f0c71499a1   00000000000000000004005a0000000000000000000000000000000000000000
37000000   4c63d0429431a3a8bd221e27475cd4cc0d634ac8ebb63420fcb9652f9dd25a64   00000000000000000004005a0000000000000000000000000000000000000000
38000000   397b11eb0d8a2067940c8f8ad725c76ed4d49b51b572e09446b523a053ec5de9   00000000000000000004005a0000000000000000000000000000000000000000
39000000   a427a254b0dca0d6559cd0ea7d7105ba49f49e4edce93c45845cfe443786b3c3   00000000000000000004005a0000000000000000000000000000000000000000
40000000   08f2fd8251b366b4b4f9c79e32ffce8c19a0b813580bd143d0301422187bcb11   00000000000000000004005a0000000000000000000000000000000000000000
41000000   44580317121657db6583f5b329d531417334e40b475e81b33253a31334480826   00000000000000000004005a0000000000000000000000000000000000000000
42000000   dcab2f217333e9f18296d862a7fec80db91b1d79dde86cac95256b2eb3f3f83f   00000000000000000004005a0000000000000000000000000000000000000000
43000000   42ebe0564a3c8bc1298b0e64162ba018abcec18a5cc0c24aef80d0fc06772414   00000000000000000004005a0000000000000000000000000000000000000000
44000000   97751b04eeb0cc0f78bc1114e9ab89a675406d1a2becf0cb4ffdeed6aade858d   00000000000000000004005a0000000000000000000000000000000000000000
45000000   0ea7f5351fd197791e9c7293df81f271e9bc451571911b1b0c81ba05dc151378   00000000000000000004005a0000000000000000000000000000000000000000
46000000   fd474276a43fa8395fc5278b5c6511e6e2bd2eada84504bd67484fcb0a75ed38   00000000000000000004005a0000000000000000000000000000000000000000
47000000   856e80c81b33ca45906af58ec37b6457fe5a998f757bb4d856fb72fbf2e47ee9   00000000000000000004005a0000000000000000000000000000000000000000
48000000   6c077a4901274a99063a47dc4950ded6d871ab3a2e8c00fcb88e97ac5ba80bdc   00000000000000000004005a0000000000000000000000000000000000000000
49000000   65bc361da4ef9de744c69e8c161a977b063e5eebfab4be98f7806fb617aa8524   00000000000000000004005a0000000000000000000000000000000000000000
50000000   bfba2eabe9fce039d2965a089db014f00a47772c25530c120e026aae69944e91   00000000000000000004005a0000000000000000000000000000000000000000
51000000   9a15cd36f9521ab73804008fac79b0824d3d01c6c6b1d9294145404e4a9c2a6a   00000000000000000004005a0000000000000000000000000000000000000000
52000000   c99a14d0834e89291ccfa0f29858a2707e7b0fd241e2e90734a5c2950aea6adb   00000000000000000004005a0000000000000000000000000000000000000000
53000000   9562f7732da7bf3f891f4152b4fe5b10ab3a07765413f66f745fa97fc5914f50   00000000000000000004005a0000000000000000000000000000000000000000
54000000   fb83834d1f5a8403bcbeb35880764c6e393a49b6efe629b07ae0ca73f1cea23a   00000000000000000004005a0000000000000000000000000000000000000000
55000000   827894df0596c1b8b6ceee99950439b441de4ebee4bf652a5512f3665f538d9d   00000000000000000004005a0000000000000000000000000000000000000000
56000000   08598ba6fc604f4dcf782df0bda72a0451d46514e4c880dc13168e5100286841   00000000000000000004005a0000000000000000000000000000000000000000
57000000   5354ab5ad38603c7a11b7d8aebd46f71fb2b9a6abd9c03c62f87424bf47ce0bb   00000000000000000004005a0000000000000000000000000000000000000000
58000000   453272fabb96f53be9eb6f16fd8f31ca9d652994f380cbfbeeb82cc2661b1b10   00000000000000000004005a0000000000000000000000000000000000000000
59000000   37964192b239aca6bd30acc501369039c3080c999d4b409e64bb8055d3ef934c   00000000000000000004005a0000000000000000000000000000000000000000
60000000   2fcfdcdede76144021a5c36cec20297f5ad6f3b149b45b6e5de7c099d9265307   00000000000000000004005a0000000000000000000000000000000000000000
61000000   6dc7a54b110c11e612aa5f114400e561cc36db9a6a4af066fa66ab37a52bb85b   00000000000000000004005a0000000000000000000000000000000000000000
62000000   ec378c335c74338e61e44e2b53081c66a0e5cb9f3868ba169f911a7329eb8966   00000000000000000004005a0000000000000000000000000000000000000000
63000000   020ef16b84876c7c4e668bddae64b8fe2490437587c9555fe3e1bc9366d0fb93   00000000000000000004005a0000000000000000000000000000000000000000
new_height:  827347
RPC_URL: http://127.0.0.1:8332
RPC_USER: sree
RPC_PASS: admin
Traceback (most recent call last):
  File "/Users/sreenath/Documents/bitcoin_code/ntgbtminer/ntgbtminer.py", line 573, in <module>
    standalone_miner(sys.argv[1].encode().hex(), sys.argv[2], int(sys.argv[3]) )
  File "/Users/sreenath/Documents/bitcoin_code/ntgbtminer/ntgbtminer.py", line 549, in standalone_miner
    block_template = rpc_getblocktemplate()
                     ^^^^^^^^^^^^^^^^^^^^^^
  File "/Users/sreenath/Documents/bitcoin_code/ntgbtminer/ntgbtminer.py", line 85, in rpc_getblocktemplate
    out = rpc("getblocktemplate", [{"rules": ["segwit"]}])
          ^^^^^^^^^^^^^^^^^^^^^^^^^^^^^^^^^^^^^^^^^^^^^^^^
  File "/Users/sreenath/Documents/bitcoin_code/ntgbtminer/ntgbtminer.py", line 58, in rpc
    with urllib.request.urlopen(request) as f:
         ^^^^^^^^^^^^^^^^^^^^^^^^^^^^^^^
  File "/Users/sreenath/anaconda3/lib/python3.11/urllib/request.py", line 216, in urlopen
    return opener.open(url, data, timeout)
           ^^^^^^^^^^^^^^^^^^^^^^^^^^^^^^^
  File "/Users/sreenath/anaconda3/lib/python3.11/urllib/request.py", line 525, in open
    response = meth(req, response)
               ^^^^^^^^^^^^^^^^^^^
  File "/Users/sreenath/anaconda3/lib/python3.11/urllib/request.py", line 634, in http_response
    response = self.parent.error(
               ^^^^^^^^^^^^^^^^^^
  File "/Users/sreenath/anaconda3/lib/python3.11/urllib/request.py", line 563, in error
    return self._call_chain(*args)
           ^^^^^^^^^^^^^^^^^^^^^^^
  File "/Users/sreenath/anaconda3/lib/python3.11/urllib/request.py", line 496, in _call_chain
    result = func(*args)
             ^^^^^^^^^^^
  File "/Users/sreenath/anaconda3/lib/python3.11/urllib/request.py", line 643, in http_error_default
    raise HTTPError(req.full_url, code, msg, hdrs, fp)
urllib.error.HTTPError: HTTP Error 503: Service Unavailable
