debugnonce_start:  0
Mining block template, height 827344...
header:  b'\x00\x00\x00 R\x99p\x9d\x0c\x03\xdb\xf9\x1f\x81\x13\x9e\xf9\xf3\xa5\xe5-\xdd\x18\x9d!\xb4\x00\x00\x00\x00\x00\x00\x00\x00\x00\x00\xe0*h\x0fb\x1c|\xe5\x9d\xa1>\xff\x0f\xe7\xf6\xfd\xda\xf1\x13^\xd2\xa8\x00\x02\xd5\xd9\\k0\xd2ge\xa2\xa1\xb2eZ\x00\x04\x17\x00\x00\x00\x00'
0   49918bdb6e26361c51ba786e33d11f6849ec0e6dbace6db9cd4d524df2a36360   00000000000000000004005a0000000000000000000000000000000000000000
1000000   f275ed3ab932248d3af1f1e597b562a55bfbdb699ddc3550757b5fcdd6edcaa0   00000000000000000004005a0000000000000000000000000000000000000000
2000000   a63f102b0bb17cbc36c865b05cd5fbafe5b87883e34de2d06850bf8e58b5170a   00000000000000000004005a0000000000000000000000000000000000000000
3000000   e4b018d975411681ba83a4f59d101433e6395864bdfdb4302700e04ba52fef15   00000000000000000004005a0000000000000000000000000000000000000000
4000000   7248b226710fbc4ba921cd3d2d86d9527ab4dcf7bdf8da5042b360fa8919f2d4   00000000000000000004005a0000000000000000000000000000000000000000
5000000   fbb6171f82dbc22351682811848080fc9a977218eb9f980d26f7ddc9fb8ae358   00000000000000000004005a0000000000000000000000000000000000000000
6000000   83c78718dc31c7fa23d5cfee079d9bb320447945b8ed2ec8a1c0bafddcb66b5e   00000000000000000004005a0000000000000000000000000000000000000000
7000000   c5ac927232bdd7ea61d19c7c4f585b54eb8817e714056d4c54ca76be67cbb937   00000000000000000004005a0000000000000000000000000000000000000000
8000000   bf023d3cb0d8e7215fda0adebc276f2c8c75ce34c2d90295b8a8af12b9880f97   00000000000000000004005a0000000000000000000000000000000000000000
9000000   ee9ee31c708619d106e64968d8c548afdd6ab65eef469eaebc72fd800b9ddae8   00000000000000000004005a0000000000000000000000000000000000000000
10000000   6055d63c20ab92ab517ddf5b64f37496e9d3d70268c6b2afefb75890836ac642   00000000000000000004005a0000000000000000000000000000000000000000
11000000   905eb2b8fcba00574f34d5d7586a03983addffb62b8d573d29e88feb44cdf488   00000000000000000004005a0000000000000000000000000000000000000000
12000000   6d922da53b65389bb7d8573fc84dbe60588ab0041cee6d24b3e3c0643f318e80   00000000000000000004005a0000000000000000000000000000000000000000
13000000   5294ce1dafa1a12edb1c39f708b442c7d519b0787e02c638a4a92b4b83afa13d   00000000000000000004005a0000000000000000000000000000000000000000
14000000   8fe2bf33222f68429d93c931297c63aa707b0bddd77dc5933582d0610e21453f   00000000000000000004005a0000000000000000000000000000000000000000
15000000   1db803efa7a6a404c02e6395c91b08c02361f7367988550428bea33f7315e847   00000000000000000004005a0000000000000000000000000000000000000000
16000000   aa619ee7e4561595ce0b97964c167a1ce8be200572766561de54b307ccf4e29c   00000000000000000004005a0000000000000000000000000000000000000000
17000000   5cc413b7f433d16d5010e4e6a99c799c9b8334b0f9e3ba9342d5246517c880e7   00000000000000000004005a0000000000000000000000000000000000000000
18000000   9eee6fc4ed456c5bedf63caa412f7f8be98384b2766b922c0c1042603b23ebe1   00000000000000000004005a0000000000000000000000000000000000000000
19000000   78b3431d48245786795de5b753abea9239224165d4ebd22ac3b8737ec8faa7f6   00000000000000000004005a0000000000000000000000000000000000000000
20000000   e904ee954801e765853b5824bad058e16ba8db811710249ef7e8203c6a408ff1   00000000000000000004005a0000000000000000000000000000000000000000
21000000   988ebbf330095cd99d3cd529ea9a274f4f8b64a4fa352021e10edeac8b20c327   00000000000000000004005a0000000000000000000000000000000000000000
22000000   20067fd512b740e0a71fa15e35f040b55c62b8cfbe21cd952ce1e15ac30ff09e   00000000000000000004005a0000000000000000000000000000000000000000
23000000   11488febcf271452e680bf2e5fa6b9c27a6c60684aeb546fbfc786149c33dea0   00000000000000000004005a0000000000000000000000000000000000000000
new_height:  827345
debugnonce_start:  0
Mining block template, height 827345...
header:  b"\x00\x00\x00 3\xeeH\xa5`\x1dp\xdc\xdaYl\x9f\x94^\\\xe08{h\x16B\xd1\x01\x00\x00\x00\x00\x00\x00\x00\x00\x00o\xa8]\xba\x0f\x9f\xbd\xaf\xe4\xe5h\x92\x19\x8bs\x89R\x18T\n\xe9\x17\xbe\xb2\xea\xaf\x82\xb9t'\xe7\x1b\x89\xa2\xb2eZ\x00\x04\x17\x00\x00\x00\x00"
0   4a16065979b146a0f48ab45f5856dba4bd9d57137e4db42cc2e841c490edcb89   00000000000000000004005a0000000000000000000000000000000000000000
1000000   0858b95a39f1f070b34eb0500f55d97e4c3a93e007bb9a39a054848e4c1764e5   00000000000000000004005a0000000000000000000000000000000000000000
2000000   42ed716eddc26abc06bd85fc37373e8e9ed8bc2c2169d370220f59b887dfb6f1   00000000000000000004005a0000000000000000000000000000000000000000
3000000   75b3ba7686767bff70f8e3332d0ea12089ba560d1fe739d486c9c86d1a15a852   00000000000000000004005a0000000000000000000000000000000000000000
4000000   0baa915fc7f2740ec5d3bbc422ee00a920b4e7e5b34da4ae3478ad039787ef28   00000000000000000004005a0000000000000000000000000000000000000000
5000000   158409034b13f8580021b6c963e3992169cadfb6e247d1303220294f3eab2676   00000000000000000004005a0000000000000000000000000000000000000000
6000000   4267ca3cd83b160709ec8e2d3a77d9a36854aaa16448ba92a491f95f31e87e19   00000000000000000004005a0000000000000000000000000000000000000000
7000000   8bcc6c80c77824b0128b1c308ecf260bcc28e9aa39c08dcfd5f5dd49fd3e68c8   00000000000000000004005a0000000000000000000000000000000000000000
8000000   6d48c5a71d9c3f26cbe98a470e4eb6e668254a7b3e019b0a80e631b859684b1b   00000000000000000004005a0000000000000000000000000000000000000000
9000000   8078ec278006ed53a43107dfeadffda13038c5a74ed74f9fb2cd0bee35d6f2f8   00000000000000000004005a0000000000000000000000000000000000000000
10000000   506d80c4a161a46de4b641a7d688db37801be8a01e289f5bc5c95a1477d358d2   00000000000000000004005a0000000000000000000000000000000000000000
11000000   59c394f9d8f29aac4e255c80dec0968bfcc47f942b5d92e013384326b5632006   00000000000000000004005a0000000000000000000000000000000000000000
12000000   429aa28b9181afaa4be7ea3e928a491e07faa52ecd3e2a1a5b5c7810832d0703   00000000000000000004005a0000000000000000000000000000000000000000
13000000   730d1a394af33e809646ea59fabbdbf94caf988249514e75f5010203937fcd09   00000000000000000004005a0000000000000000000000000000000000000000
14000000   8a3b3de0be4560ef266cb000292105751a9fa80feb617b22cf92a1d18d79d00b   00000000000000000004005a0000000000000000000000000000000000000000
15000000   bd79a6cde3e527a8872a88483edb37f53f6f3d730eafd583866f42f559ed58ab   00000000000000000004005a0000000000000000000000000000000000000000
16000000   48b40a4b74550866e97b28fedbacb4843d9002079796ec7eeb9a4ddd68f1c6c2   00000000000000000004005a0000000000000000000000000000000000000000
17000000   458a178ba7e68f96fb67594ace418fa1dd0e8af5bc966f2080b2584dd37e6871   00000000000000000004005a0000000000000000000000000000000000000000
new_height:  827346
debugnonce_start:  0
Mining block template, height 827346...
header:  b'\x00\x00\x00 \t8\xe6\x97\xcb\x94!\xeb0\xb8fY\x95\x89iE\x95\xa0P\xa7\xa4\x17\x03\x00\x00\x00\x00\x00\x00\x00\x00\x00\xc5\xe0qp\x83\x8ci\x04\x11\r\xc11\xcav-#\x05\xa8o\xa7\xa4\x11\xc6huw\xc2KH\xbdV\xdf1\xa3\xb2eZ\x00\x04\x17\x00\x00\x00\x00'
0   95f26a2758226013a8691eb8f1aaabfb643e8efa01ac389b6bdccd2d25ec7404   00000000000000000004005a0000000000000000000000000000000000000000
1000000   00f1f1151ad612a8b566f681fa93dc114944bc6f2f049794a634a3135ad53b05   00000000000000000004005a0000000000000000000000000000000000000000
2000000   8fbbfe0b6c0dd4d6a4a7addf3a5c000bfc1cb67bbe7d2e732bf08037a5b276c4   00000000000000000004005a0000000000000000000000000000000000000000
3000000   d540d044f657c0f536753b7c07c06e8f04c79dbb4ab3b3c3a198d29b8f22d942   00000000000000000004005a0000000000000000000000000000000000000000
4000000   340484b89003f034b88ae28da86791d041c0022f2434126a89876a9423e05860   00000000000000000004005a0000000000000000000000000000000000000000
5000000   a3b8cb7bbd763a05d6c151328b2b7d06056622b4190527a6cb3d0536896076c6   00000000000000000004005a0000000000000000000000000000000000000000
6000000   9b98af13a3e60296615b3a177a646491e3a402933b82768a6c58f6bb69347889   00000000000000000004005a0000000000000000000000000000000000000000
7000000   fb2744ce596b62a1597c6c511e9232fb61b44c0a1a5605d9182920132d78dad1   00000000000000000004005a0000000000000000000000000000000000000000
8000000   4a1f98b26ab1cf3ab6c6c4568a2db962164c28d97747b7c9978cba3880b12dc7   00000000000000000004005a0000000000000000000000000000000000000000
9000000   94d799408f72d54634099021d3fc0636828e9834b19256c038e88b37094fd4a0   00000000000000000004005a0000000000000000000000000000000000000000
10000000   9b02bc462d6ce7769897a6e355cb657056a34f4ef8d05f27d0f5f31087fd58e9   00000000000000000004005a0000000000000000000000000000000000000000
11000000   a34194990e68cac9f96b279f0e05fafa48f2f43ea803f19232e15d21ed222686   00000000000000000004005a0000000000000000000000000000000000000000
12000000   6628ac1b7bc7d17a07c825d4f942adacb6ac4911a0ef6a23be1fc73d2cd395f7   00000000000000000004005a0000000000000000000000000000000000000000
13000000   51b5ece69833cc5b4ee73ca4d304c0a9119d2f28107adefd075a1a9951b40643   00000000000000000004005a0000000000000000000000000000000000000000
14000000   953a732bdf6552910636cfeb2b203d8b129d508184fc743c7f18af0ce062dc09   00000000000000000004005a0000000000000000000000000000000000000000
15000000   1c2f4b8303be5394eaf966b0597b16de44bda9f6640a53805952610db752761b   00000000000000000004005a0000000000000000000000000000000000000000
16000000   999958a088807bd8ad22d756efd6e494e43a9c64242d0ac96538abcb89f0171d   00000000000000000004005a0000000000000000000000000000000000000000
17000000   69dc0235c2eb3d9adcbb8bd1e23de94dd6e4bd5f11d035c1e039f19a5aea607f   00000000000000000004005a0000000000000000000000000000000000000000
18000000   67dc9288f49edfdbe2017cf67dbd3ed1d0cf125f3a6c234d000a69be553ade67   00000000000000000004005a0000000000000000000000000000000000000000
19000000   1db5cb406620ab2b5ac65305caa7639f2c6722e523f1c2f1ecc66e744868c47b   00000000000000000004005a0000000000000000000000000000000000000000
20000000   b3a4048ed435a06826b44d8241e6c0673f7c76e1bdf7221b4f2f612bc8f3f6e3   00000000000000000004005a0000000000000000000000000000000000000000
21000000   96794bcd3e34d1bd79ac798b89fce4f2bbf429675cbb8452af6a8f63f97bafea   00000000000000000004005a0000000000000000000000000000000000000000
22000000   c4fd6502c934d5db10460af379dfa54aa357ef4972d4646f9a9566e1ff7a1822   00000000000000000004005a0000000000000000000000000000000000000000
23000000   91738b3d43a76d6efdc70e9effabfbdcb23b7c6dd09148e968159e6f80071605   00000000000000000004005a0000000000000000000000000000000000000000
24000000   f4f2b81850f22bc94d6a4852d2ec0de799a77d0ba6ef4dbc67770caccedde1ff   00000000000000000004005a0000000000000000000000000000000000000000
25000000   4939f2143e24d6a2852eb87d06ba5fd4cada694dda420cdfa8cd2b1aa9ec77a6   00000000000000000004005a0000000000000000000000000000000000000000
26000000   a5ca2c94e0896256802ebc7b0ffe2bf6a06ff2d116e863f2f993dd5f820396b6   00000000000000000004005a0000000000000000000000000000000000000000
27000000   cf5230d29c38ce226e74acc8f2a31094a6853aa5799301d9571149216e2bc1d3   00000000000000000004005a0000000000000000000000000000000000000000
28000000   4662a788c999863dfd6d42fa082e417e2c7b3b2645ec099bfd2d3ae74110b3ab   00000000000000000004005a0000000000000000000000000000000000000000
29000000   f13420882a721463c3536d3685979131706b1612115d4e59d10b006cf045350a   00000000000000000004005a0000000000000000000000000000000000000000
30000000   e9b519f05a985799dd473dc281fe4da3be719b64c0e21b3d3e477916dbbdfd62   00000000000000000004005a0000000000000000000000000000000000000000
31000000   33747c45b25fc4c5eb8e6d886d0778f31b797a41bc6bbec6b8aa681616cf59ea   00000000000000000004005a0000000000000000000000000000000000000000
32000000   892ea1478491183865f7658167b108d052c25993aae2e116bbf338a23a88b3fc   00000000000000000004005a0000000000000000000000000000000000000000
33000000   43a35c7da6a59ff03c8f2b1d966d00d2c333f9e09cd06eccf7ef28aee7ee3fcf   00000000000000000004005a0000000000000000000000000000000000000000
34000000   ea56cbbda98f02718ee2f74e97abd1833dccc111f5587d5fb4bb4c30a05e366d   00000000000000000004005a0000000000000000000000000000000000000000
35000000   fc275f64378a71e088749427bc0830a7d6f8bf60d07fc9fd8cca12261b61242e   00000000000000000004005a0000000000000000000000000000000000000000
36000000   5d8742bbef09807177081918d83c08c7fe89cf17ef0625582b42b20a2e796b95   00000000000000000004005a0000000000000000000000000000000000000000
37000000   0133188e8318efd381441392d8ea10d97d570de50d0184b6d2fa36dc7e8f38be   00000000000000000004005a0000000000000000000000000000000000000000
38000000   c17968992b9813efa4edf4ae467b44fc4bb2aa5e8ab89111b5e14ae733a47a0c   00000000000000000004005a0000000000000000000000000000000000000000
39000000   c5e6f5e7a38b60063485d7c748775f93001969403d95e3a094a4402b50cb8231   00000000000000000004005a0000000000000000000000000000000000000000
40000000   f2f3bc5e8a2aad7e241068acc4d14016964da86d8dc32e68437b01b899e20e6f   00000000000000000004005a0000000000000000000000000000000000000000
41000000   95e3725a4cf7c6152812bbeabef77cb3903e47f705c94d6f0e4964f4477cfd59   00000000000000000004005a0000000000000000000000000000000000000000
42000000   08f72ce2b5ac95a79aa05f1f564f0acb0fa4c08b891d3cd5502dc773c3c3ae19   00000000000000000004005a0000000000000000000000000000000000000000
43000000   b11d295d01a80e341df51c584260e400eca3f4bf7d24e11cf97a9794e523197f   00000000000000000004005a0000000000000000000000000000000000000000
44000000   f022ac9d4a5f12e983c2cbebab768d124030aac79b3eba02c8a174ea88991097   00000000000000000004005a0000000000000000000000000000000000000000
45000000   52b41b630e2eb8a1ec65b9bcc815ac97180540863fb76ff4613d50cbdcf87308   00000000000000000004005a0000000000000000000000000000000000000000
46000000   4109a155f0feb8831fdf1f9b184067b09a3a42858b8eb7d0b292128b8713709d   00000000000000000004005a0000000000000000000000000000000000000000
47000000   e7ed7761bcb5d511ccde40f584c688a7beba61b63c85c73bf533ee215b255a6e   00000000000000000004005a0000000000000000000000000000000000000000
48000000   1630bb785ca7b4ff04f6c4632bb5a3f9f22550284823730fe08608312d0f6cd8   00000000000000000004005a0000000000000000000000000000000000000000
49000000   9e95b3349d60b744d07dc45c988d9ccd94380f47dce3145f3c67580430ba14e7   00000000000000000004005a0000000000000000000000000000000000000000
50000000   a336c147c101f7b1795dea4918dd202fc2414f43d1bffed5c74f96e5a4a40b5a   00000000000000000004005a0000000000000000000000000000000000000000
51000000   1882171d8aa1a08f0507399da7bd8de59612aa547269c82270fe50ad4c19a1bd   00000000000000000004005a0000000000000000000000000000000000000000
52000000   50d3915986824ce9e1625aa5ebf7ecc3efa59696c120458cdee679c71e501df1   00000000000000000004005a0000000000000000000000000000000000000000
53000000   b63eb5b882b277fef1d5e869d14180f00caf90eebd41fa1abc159541af040781   00000000000000000004005a0000000000000000000000000000000000000000
54000000   5d34f936ad123fbea2414006572864e353463dc2bba1500647a9cccf4df479a0   00000000000000000004005a0000000000000000000000000000000000000000
55000000   bd56034417a677c46ef9f6119765cedc4925db153d8f5b4c6f732dc13128993b   00000000000000000004005a0000000000000000000000000000000000000000
56000000   12794ee03505e88bc95b9a05361a0a8b13bb99ec222b05d2e56db01f5dcaed4b   00000000000000000004005a0000000000000000000000000000000000000000
57000000   d773a8469bf822c355a5cb03e31a82adf7fd37627dfd0e13abdd4e50b7023283   00000000000000000004005a0000000000000000000000000000000000000000
58000000   d46495519cf40170103e89626b889b137033cdbba8a11a2c0e9667c53ad823d9   00000000000000000004005a0000000000000000000000000000000000000000
59000000   a07e2e1309f3a418b205156b3e44cf8b0aad09fbecc997b6ab9aaa333e26c7ca   00000000000000000004005a0000000000000000000000000000000000000000
60000000   b98b890f9d08c3d06e0bd7013955105a10211b38f41691927e3130b8a52e7594   00000000000000000004005a0000000000000000000000000000000000000000
61000000   a77b1225346bd1a3cb5fbe26acf8430dc8a3a49f54190392d8162d6b4b22909c   00000000000000000004005a0000000000000000000000000000000000000000
62000000   5cd51f018bfcdd3bd68caff8e11f44161db5bfdc49d5b3599e984401c9b34e9f   00000000000000000004005a0000000000000000000000000000000000000000
63000000   524a3326ca6650bc355ac74900d9759748baec6ca63cf28466ec75d8f89f9d4d   00000000000000000004005a0000000000000000000000000000000000000000
64000000   eb9e0cae7fbfe4c307553d6cec9d52db2cd81692919948f62ae9f3bafcc93d3e   00000000000000000004005a0000000000000000000000000000000000000000
65000000   3349129c335e08ea80408edd17f734a3b0414075666762d939ddd3648f857d8a   00000000000000000004005a0000000000000000000000000000000000000000
new_height:  827347
RPC_URL: http://127.0.0.1:8332
RPC_USER: sree
RPC_PASS: admin
Traceback (most recent call last):
  File "/Users/sreenath/Documents/bitcoin_code/ntgbtminer/ntgbtminer.py", line 573, in <module>
    standalone_miner(sys.argv[1].encode().hex(), sys.argv[2], int(sys.argv[3]) )
  File "/Users/sreenath/Documents/bitcoin_code/ntgbtminer/ntgbtminer.py", line 549, in standalone_miner
    block_template = rpc_getblocktemplate()
                     ^^^^^^^^^^^^^^^^^^^^^^
  File "/Users/sreenath/Documents/bitcoin_code/ntgbtminer/ntgbtminer.py", line 85, in rpc_getblocktemplate
    out = rpc("getblocktemplate", [{"rules": ["segwit"]}])
          ^^^^^^^^^^^^^^^^^^^^^^^^^^^^^^^^^^^^^^^^^^^^^^^^
  File "/Users/sreenath/Documents/bitcoin_code/ntgbtminer/ntgbtminer.py", line 58, in rpc
    with urllib.request.urlopen(request) as f:
         ^^^^^^^^^^^^^^^^^^^^^^^^^^^^^^^
  File "/Users/sreenath/anaconda3/lib/python3.11/urllib/request.py", line 216, in urlopen
    return opener.open(url, data, timeout)
           ^^^^^^^^^^^^^^^^^^^^^^^^^^^^^^^
  File "/Users/sreenath/anaconda3/lib/python3.11/urllib/request.py", line 525, in open
    response = meth(req, response)
               ^^^^^^^^^^^^^^^^^^^
  File "/Users/sreenath/anaconda3/lib/python3.11/urllib/request.py", line 634, in http_response
    response = self.parent.error(
               ^^^^^^^^^^^^^^^^^^
  File "/Users/sreenath/anaconda3/lib/python3.11/urllib/request.py", line 563, in error
    return self._call_chain(*args)
           ^^^^^^^^^^^^^^^^^^^^^^^
  File "/Users/sreenath/anaconda3/lib/python3.11/urllib/request.py", line 496, in _call_chain
    result = func(*args)
             ^^^^^^^^^^^
  File "/Users/sreenath/anaconda3/lib/python3.11/urllib/request.py", line 643, in http_error_default
    raise HTTPError(req.full_url, code, msg, hdrs, fp)
urllib.error.HTTPError: HTTP Error 503: Service Unavailable
