debugnonce_start:  3000000000
Mining block template, height 827458...
header:  b'\x00\x00\x00 \xf7\xa2\x89\x88\x01f\x153\x13\x82\x08\xab\x16LF\x8b\xb0\xc0\r\xf6l\xc9\x02\x00\x00\x00\x00\x00\x00\x00\x00\x00\xfe\xf11t\xf6V1\xec?\x19\xfd\xd8\xf1\x02\xd5\xe2F!\x10QG<W\x089\xff\xd4\x9cBs`dy\x91\xb3eZ\x00\x04\x17\x00\x00\x00\x00'
3000000000   e0b4838f7236a4a295bc1baa3b3d4dbdcff19c5822c9999ecd8f49520bdd60e9   00000000000000000004005a0000000000000000000000000000000000000000
3001000000   07c36a6eee986e6cb9fc7a68e524fa3fd1551b4b09ac20cfe4b1f10b5e881814   00000000000000000004005a0000000000000000000000000000000000000000
3002000000   75bc9656f94dc694e12b5a5ce0c88ababeb0b21d81f615a5043a9c1311b8b26c   00000000000000000004005a0000000000000000000000000000000000000000
3003000000   c3955a9ccec96b19d289aeb24f4d7c446afac7bfdbdb41eff8a7dc509cdcef65   00000000000000000004005a0000000000000000000000000000000000000000
3004000000   307b7894d4e6f46326664930382a12cd17c78936df066477f0de001a5585c070   00000000000000000004005a0000000000000000000000000000000000000000
3005000000   70a1d65f6798862e06ece90da5380a11f68b9cf2a6bbf6990505820170525e90   00000000000000000004005a0000000000000000000000000000000000000000
3006000000   d26ab87b53cef2007c241d08615920fac43c4c3790e5736b62a58313f9cf1ae4   00000000000000000004005a0000000000000000000000000000000000000000
3007000000   ca4e538db78d966b94ef685693763df278c1b3a1b8a3f22f42e1535b8bd8ba66   00000000000000000004005a0000000000000000000000000000000000000000
3008000000   759db3bde4fce20f22919dcb79d46a37714a6dea29fbc743fcfb6c29c1478722   00000000000000000004005a0000000000000000000000000000000000000000
3009000000   33895beb00b9438a101d367afadd7ac8c8dc424908bc01ba907580d03b26fce8   00000000000000000004005a0000000000000000000000000000000000000000
3010000000   60994f048d407e549d6323b1c21dafb8a145383625f8e64f907bb85b08a0f91c   00000000000000000004005a0000000000000000000000000000000000000000
3011000000   47b42089e9922a208da3b39cc5a444d647ec7a32c204cce7286db73e905b443c   00000000000000000004005a0000000000000000000000000000000000000000
3012000000   cea5b8fbab039b60fcb9f9e87cf0bfe4d059ad312b76275ac84d9ce3c44c28eb   00000000000000000004005a0000000000000000000000000000000000000000
3013000000   422d1ed2eea937326416f86c672ef2f32969529f58a0561d8bd0f529191c89bf   00000000000000000004005a0000000000000000000000000000000000000000
3014000000   12a1a556ee9d4690462533dc5978341a649b1f49ddf6cc7499380124d395b094   00000000000000000004005a0000000000000000000000000000000000000000
3015000000   80f75f8f5619ffa4fa621d4c28207a2359d78ff34950692f1647df868dc62d7a   00000000000000000004005a0000000000000000000000000000000000000000
3016000000   31bc64c2e108d80e26fa60be700b64b0944b7bf1b366a17c1561e87e0980c3e4   00000000000000000004005a0000000000000000000000000000000000000000
3017000000   b181780aa6bf3e63ad732b41f0e2b20352ee065a0d9a0dc485a845ef98e1f5de   00000000000000000004005a0000000000000000000000000000000000000000
3018000000   1e3e683c298da7ebbc960f7cde2bd0c6cb6eef7152c105828d2e31ed8a5ac939   00000000000000000004005a0000000000000000000000000000000000000000
3019000000   d508a4dd1a990cb69e6157d675c2d59c8eceedb3c057316fa713fc221486d65f   00000000000000000004005a0000000000000000000000000000000000000000
3020000000   5273d2f24bf3c1923f6e2c88aec5c6f15d999f11d04207fe9b18e051822c64ed   00000000000000000004005a0000000000000000000000000000000000000000
3021000000   dbcd541e06645d70b2033ddcd7f8e615a08ef84152ce97274e6263ca45a6a25d   00000000000000000004005a0000000000000000000000000000000000000000
3022000000   78847ada1a37fcb901f1a5d466b24a29726f69098b7e1811eb5b2ab83f9041e4   00000000000000000004005a0000000000000000000000000000000000000000
3023000000   683af3e977bb31e2a3ddee83cb65e141b3b69cb71c270dcd429f465d8da51555   00000000000000000004005a0000000000000000000000000000000000000000
3024000000   6720659259459b4311ba9fce529b37305b241593fc19ba855768c55d6a5ee8a5   00000000000000000004005a0000000000000000000000000000000000000000
3025000000   3e6afbbaf042cbe0dd8541ef23eb3e1e1119006e080f8cfb999f0c08885c92df   00000000000000000004005a0000000000000000000000000000000000000000
3026000000   9b9063f39e39a658ac98ad1d1a0d49055b28c4b3f323b96c9ac6e2f4f340d987   00000000000000000004005a0000000000000000000000000000000000000000
3027000000   4ebea1394dd9753362855a02aba0c29f23bc26bb8df519edb78285ebbfa2132e   00000000000000000004005a0000000000000000000000000000000000000000
3028000000   7788aaef60c06480b802341abcd89c532d6690315590102f04f8639fd0e2b5c6   00000000000000000004005a0000000000000000000000000000000000000000
3029000000   2486dee009e4e95ebc9b64c849d1277504f112300058d1facac22314ce4753b5   00000000000000000004005a0000000000000000000000000000000000000000
3030000000   75aa5ee555866f42b7356a5f73884ae1cb190cc2e60ed7a16610f4b73f5a06b5   00000000000000000004005a0000000000000000000000000000000000000000
3031000000   97afa0bc98702e5e6d8ce94add28e627a56786bb35f98f770cc7a367eaa7989d   00000000000000000004005a0000000000000000000000000000000000000000
3032000000   f928df70e5c9a0f6a75fc584a75e75ad5a2c74738eb58a69d85b2d96a1802e66   00000000000000000004005a0000000000000000000000000000000000000000
3033000000   428c504215084a5a59d0f9615ca142126ae7e73c7167230b733a2c4aafd2ba0a   00000000000000000004005a0000000000000000000000000000000000000000
3034000000   28f1ea5bd724e986bf8ce42368b89ba2d5450bef8b298b0aa854290b9a720006   00000000000000000004005a0000000000000000000000000000000000000000
3035000000   0d24950f206abd13859b61636cca51b063c6c6068b714aa8a98cee26919c8801   00000000000000000004005a0000000000000000000000000000000000000000
3036000000   cfcf885704629683b3693096d946f0cbcc2ab88f58e93d11a89e1bab71345f14   00000000000000000004005a0000000000000000000000000000000000000000
3037000000   d98f85783becd2c2c20eb403d490a2472695a569461263200c34cd9c6b15b380   00000000000000000004005a0000000000000000000000000000000000000000
3038000000   7f8317c1b0cbcc74b723b372997c78e38852c71c23d118b8db3b5e40e83715bf   00000000000000000004005a0000000000000000000000000000000000000000
3039000000   b5a08ff84882d646edfffc2af2b81787dcd11af64000e35f2c7e7918680c4580   00000000000000000004005a0000000000000000000000000000000000000000
3040000000   718e77f77e93e77245cc14961eeafa3ec20bd28bcb64160c7af77ff203d1b24f   00000000000000000004005a0000000000000000000000000000000000000000
3041000000   410211537ac6c639403014ec6bbe7d1c46784a4770ae9db64d902323148e3a30   00000000000000000004005a0000000000000000000000000000000000000000
3042000000   91620ac4826561d66411cf52ba5a0a6eab98dbd2d7e638792ac965bfa1465964   00000000000000000004005a0000000000000000000000000000000000000000
3043000000   00298419b7b55237fe4c5408b8ff276c31fb789798349e779cabbf86c04782cc   00000000000000000004005a0000000000000000000000000000000000000000
3044000000   cf24e140766b5f775c7b43315a29aeafa043e72061e8c565c593888fbc0c7487   00000000000000000004005a0000000000000000000000000000000000000000
3045000000   a32e6b044c2dacb9fe3048b0790c5fc769d2710d0089cd54e9d748b5c6a5385c   00000000000000000004005a0000000000000000000000000000000000000000
3046000000   4bc7afff8e0ebab8ccffcda110b0df62e7d68394fce0b056042aaaa73ae72ccd   00000000000000000004005a0000000000000000000000000000000000000000
3047000000   0dc6bbd1a9d697fd8d6c981b836fc3f7eea67b39536050d2b783463e026fb0e2   00000000000000000004005a0000000000000000000000000000000000000000
3048000000   261df4d4530a27d5d87de6917f6a143d23fec3a5b4113f10a80eab22e13077ab   00000000000000000004005a0000000000000000000000000000000000000000
3049000000   eccbb6832cb51b3a220209849227869da5a72f9d7b50c3c17a9478935dbf3f26   00000000000000000004005a0000000000000000000000000000000000000000
3050000000   bcbef46cdfd44f023a309511b290770ff9fc1e087e9ef350040a6cb3d3131ff4   00000000000000000004005a0000000000000000000000000000000000000000
3051000000   6d07073247e714b5fab68eaeac218b270bac4ee917fef0cbaff66b5f33dd80fd   00000000000000000004005a0000000000000000000000000000000000000000
3052000000   28b43eed674cc756a869a45e5eb92cfa89b99bfa58acd9e3c5ee354a63b99d61   00000000000000000004005a0000000000000000000000000000000000000000
3053000000   b8228be7e5dd599a6b413f78162cfb90f1364ab6e1bf583a4a9e121d1dbb2dbd   00000000000000000004005a0000000000000000000000000000000000000000
3054000000   42e4267f5f90bf71bc364f65a00da8e6d24b4f991e7f68624fde6098faee637f   00000000000000000004005a0000000000000000000000000000000000000000
3055000000   1ce9cc90c487521ece7866f1588a85f8ea0ee3493ff1b813eb5a9cf4a845a3cc   00000000000000000004005a0000000000000000000000000000000000000000
3056000000   b3e3ad006767c4ae9fc70596deae9bebfa62d9c191a02cc9edde86cff96f6e02   00000000000000000004005a0000000000000000000000000000000000000000
3057000000   c63ddc1062d34761dad3a5a12cae94e285e5d81a8e1a56847b701633ebdc44c3   00000000000000000004005a0000000000000000000000000000000000000000
3058000000   bcf6ca8d97b83348b9f2094954d52aea08d9ffeb83b45e5e259fece712f7b345   00000000000000000004005a0000000000000000000000000000000000000000
3059000000   25aa250b3f80b8720218a3468a06482e7c4c79d62e8b36f70daa8a1450d49f3f   00000000000000000004005a0000000000000000000000000000000000000000
3060000000   2be170517c1f9cb1dda282aa1e949597bb8c2ef1b60e137d4786453921847f95   00000000000000000004005a0000000000000000000000000000000000000000
3061000000   0ad5cb689e02d4622aa5f0adf00ca7a1232a97a37da8befca22bb2a39a93147b   00000000000000000004005a0000000000000000000000000000000000000000
3062000000   326bedf175dee43c6920d55ebbf17ed2e1a26486e2c00ce07de88efd8494059b   00000000000000000004005a0000000000000000000000000000000000000000
3063000000   1c7c47333ea054b29b1a71ba3a5d925945c1aa9ffdb7b5281de0b79ebbb9737f   00000000000000000004005a0000000000000000000000000000000000000000
3064000000   91f36cc52e66b2de99bcce0df7476e61be17701577edcd78accaf69ff8252bdc   00000000000000000004005a0000000000000000000000000000000000000000
3065000000   20786cc6cfa382a05d116ac97d53fc306754d7124dc56ec29138530e980b2a98   00000000000000000004005a0000000000000000000000000000000000000000
3066000000   48e3ab87d6a2e92584fc5feaf5d047df48c5804b11de9563ba4033bebf7f7019   00000000000000000004005a0000000000000000000000000000000000000000
3067000000   851f3197e2564eb9688fbb53e418cf87212aae1c8647764220ee2ef478ade682   00000000000000000004005a0000000000000000000000000000000000000000
3068000000   51d8904f4dab5e5d4d376a6449e2604ef3d15a9d3c42a8a6c080073304fc2ec0   00000000000000000004005a0000000000000000000000000000000000000000
3069000000   c82c6db6491b8661751548b4033f25cf3129ea3bd006309c262d105ec9a9cbd8   00000000000000000004005a0000000000000000000000000000000000000000
3070000000   6f12e0fa6fb6c1ef7fc9b842112d236ee3014668621c733cbcd3ff7d891ee401   00000000000000000004005a0000000000000000000000000000000000000000
3071000000   3cb35a9417be258d3bc7d8f68ef8e74ac7ea4386c4bed6331f7bc6cb95a50080   00000000000000000004005a0000000000000000000000000000000000000000
3072000000   a91226876c0a695f4f995864a4c340e7175b35ba77dd94a3d9a63207930ad5ef   00000000000000000004005a0000000000000000000000000000000000000000
3073000000   2918f740aaf020c39f5bd556c2658c4c0ea24759b42d32bdd949ef9db8432dd3   00000000000000000004005a0000000000000000000000000000000000000000
3074000000   d66449898e219c7a10d9a44432b127b688c147c0de16dd6901ac2d5b0c32724e   00000000000000000004005a0000000000000000000000000000000000000000
3075000000   08a0d12cd7fb46969645a906aae5938841ac0824524a4358281f35ce52fdec9a   00000000000000000004005a0000000000000000000000000000000000000000
3076000000   a944aa083c215f3c1e2449d1db5cece8067721837c986699f5b9d6e308054b03   00000000000000000004005a0000000000000000000000000000000000000000
3077000000   db200bddddceda96ec0abeb83f6083f57f4cce781d149a37e530041ca351e5aa   00000000000000000004005a0000000000000000000000000000000000000000
3078000000   fee5d944c355594a0779577338adb4925c1b392bed9a0c9b6a1ca00f039ac13f   00000000000000000004005a0000000000000000000000000000000000000000
3079000000   b50cdb6057d834a5ce75bfe01858d033952db565c04751e0f9cffd1bb7cdeb51   00000000000000000004005a0000000000000000000000000000000000000000
3080000000   d93ad65d7c730e139adc56a67c596621078814b62dfc0cfbe387494e0c3eaf4d   00000000000000000004005a0000000000000000000000000000000000000000
3081000000   fd04f1637d2483b5cba23da7bb997dfa6dcf701b22524a2d5c6c68a5ba6c427f   00000000000000000004005a0000000000000000000000000000000000000000
3082000000   efe6c792ab45f7559878c8d13213557288e5f231028573b730e5ac678af85b8c   00000000000000000004005a0000000000000000000000000000000000000000
3083000000   a7ee13c2f0a667edcea8c20aeae7f5df26e10c00abdd94532382d4e8caba14c5   00000000000000000004005a0000000000000000000000000000000000000000
3084000000   37e4151b49f5747c3556842dd710d2c22be2155ea9bcdcb364e48dc6ec07c0dc   00000000000000000004005a0000000000000000000000000000000000000000
3085000000   96939d40ecc78dfff0a8bf6d5fb82a88b0a7de80cf2a244c1709526263378f2a   00000000000000000004005a0000000000000000000000000000000000000000
3086000000   e321df843a2420214713f5d3dfde30f839403cbd42656c8e9ef5d2a45172e4e3   00000000000000000004005a0000000000000000000000000000000000000000
3087000000   cd49d40a9c723be56eaa523b35120e6e7529c4274ef4efa51bc9b58f7da7b0cd   00000000000000000004005a0000000000000000000000000000000000000000
3088000000   4f768b430d933bd9deffc25eb58a89734bc3560da14cb5fdd87d43bebd4d7ec3   00000000000000000004005a0000000000000000000000000000000000000000
3089000000   58dfb471193bc76396dcedb2eb50ed12ac0dc1ba74eaa1ea87381c258793b004   00000000000000000004005a0000000000000000000000000000000000000000
3090000000   2891b661d9a942014f4983d77503d3dc6ba5eceb881dce7e187548aa239ef104   00000000000000000004005a0000000000000000000000000000000000000000
3091000000   eb68f64ed25e84d3c787e49a143e0518d4542abbc1d36f021ad127295c8e5e01   00000000000000000004005a0000000000000000000000000000000000000000
3092000000   e1f53a6541ec7f5a41bb4d6622750b6cabe2a271d65120ea651f408dd3ac58e3   00000000000000000004005a0000000000000000000000000000000000000000
3093000000   ea92600889c74b6a4afadb515803001cb99b03ab01f518c52e16018c736a21a2   00000000000000000004005a0000000000000000000000000000000000000000
3094000000   56aa0ed94b040de106c7a40e57ccb0383c0a5f0b46715848d4d04484ad43409c   00000000000000000004005a0000000000000000000000000000000000000000
3095000000   02f269c3895e94f9d8b8ca18db2de9959b43f767766cf4a4bc4a2ac44821b645   00000000000000000004005a0000000000000000000000000000000000000000
3096000000   e6f7625094bc34c41f401348a963fc1a30363ee8f8a24d5fd1788469c81a2671   00000000000000000004005a0000000000000000000000000000000000000000
3097000000   cb3f79e57079a80e38f7346c79e91759474114d0214a1e039e77dd82eb12d0a5   00000000000000000004005a0000000000000000000000000000000000000000
3098000000   e9285114ee05d50a18964f733573eadb4b6bd2e93e35a37cbef7196057900be7   00000000000000000004005a0000000000000000000000000000000000000000
3099000000   9ce8ab793c31f432976d4902253468c63f9226850a02e1eea512d8c0de9f7189   00000000000000000004005a0000000000000000000000000000000000000000
3100000000   a4a430e6baaf630bd53c9cc0fa963f5dca8e9af6c917c6f3a1fa62615a5ca549   00000000000000000004005a0000000000000000000000000000000000000000
3101000000   c549d6061009edce68997982b0cb9276b1421193ad77063305b8597c2207fac4   00000000000000000004005a0000000000000000000000000000000000000000
3102000000   7ae0f8d0f9f9aa4f6366d055a0d126e4a20741bb8dc2ef551f8db86bbd4df88f   00000000000000000004005a0000000000000000000000000000000000000000
3103000000   1f4e74e436dc26dc8689f9aee54167ee9d1daf49cc4caebc14512efa2004aa22   00000000000000000004005a0000000000000000000000000000000000000000
3104000000   867575cd51693ff509608c6e6317c94e370a71cdb5dd12e576b7d4415d86388a   00000000000000000004005a0000000000000000000000000000000000000000
3105000000   44c86401c0723284ca0ce9853e2b630a56109ad45c0898d526e84946ad99c355   00000000000000000004005a0000000000000000000000000000000000000000
3106000000   2fdc611653c5d718c6e3b81f4f22842820eeb2770e772ab6f45e242af3e9ea83   00000000000000000004005a0000000000000000000000000000000000000000
3107000000   5ed7a540340c471965d02f116957cd2f21f926daaa625d61a9acafa3304ac5d5   00000000000000000004005a0000000000000000000000000000000000000000
3108000000   1ce0019ce6cea2c2dd8b9723c7becf6c678180b3955871fe82c37bdf7a31adef   00000000000000000004005a0000000000000000000000000000000000000000
3109000000   bc02ef4fe7c69f3946f35c47acaf02d6ad00bbb9823e54c569c066034acec7a7   00000000000000000004005a0000000000000000000000000000000000000000
3110000000   a1eed4c08e9a63e0217f93f321ca2377a2aeee973c7038798caad8e666603313   