debugnonce_start:  2000000000
Mining block template, height 827344...
header:  b"\x00\x00\x00 R\x99p\x9d\x0c\x03\xdb\xf9\x1f\x81\x13\x9e\xf9\xf3\xa5\xe5-\xdd\x18\x9d!\xb4\x00\x00\x00\x00\x00\x00\x00\x00\x00\x00\x94R6':X\xb0|\xb5\xbb\x98\x86\x00l~\x1c\xc5\xd7\xea)`~\xb3i\xcc\xec`\xb7\xd1\xaa\xedY\xa2\xa1\xb2eZ\x00\x04\x17\x00\x00\x00\x00"
2000000000   ab1193adf5f7a32f0a53a484708534376bee75b54c2423e47f5c69a1706528ae   00000000000000000004005a0000000000000000000000000000000000000000
2001000000   10014a3f427a1b175900117e73034a41f62cba9db28a4baf5e5c193222de72cb   00000000000000000004005a0000000000000000000000000000000000000000
2002000000   ad0ffbd887b87ce6d34fc2118059805d6582e854b6e268a9843f0ae6743c3ad2   00000000000000000004005a0000000000000000000000000000000000000000
2003000000   3cd72401e45ee628d9968786ba5aa84d7de1c2f5fd6137a12e64c100a680e5b7   00000000000000000004005a0000000000000000000000000000000000000000
2004000000   7a694e0518efa589b1596796210603e3547104be255838fe87f25365c2fce73c   00000000000000000004005a0000000000000000000000000000000000000000
2005000000   0362ad0756d6c26dc81c926487ef182509efec3b8e983e06560a46c651b0a331   00000000000000000004005a0000000000000000000000000000000000000000
2006000000   1782cdaad25f4890e1fb1aa58b304dec27c51a465e5eb1adc34f3836741cd9f9   00000000000000000004005a0000000000000000000000000000000000000000
2007000000   7943db51e59098f5a82673af3e22b7871a22729df13e085ef3d1a4de5e4215fb   00000000000000000004005a0000000000000000000000000000000000000000
2008000000   77b74a336f5eb930ed2b43a6dc2cf47ee3dfe30a1cbdac8e5229ca3c1fedde3c   00000000000000000004005a0000000000000000000000000000000000000000
2009000000   dbe973da260451fcd96b755d5b9eb7d15eb89778717564a8b57e3ea432de19fe   00000000000000000004005a0000000000000000000000000000000000000000
2010000000   243b9e78b6cfbc3e4092de32161f7ea65d957de3a34f5d0e43b0a797a7f281d2   00000000000000000004005a0000000000000000000000000000000000000000
2011000000   2c7fd93c4a0cd82e62a90d60f71fab0d63c37f5f6f2ae482af7cc4b0cbe5d611   00000000000000000004005a0000000000000000000000000000000000000000
2012000000   4d0059c17f3ee0d1b8209c9f0d9279b4f125557ead282463da558bf5da1fbf32   00000000000000000004005a0000000000000000000000000000000000000000
2013000000   1f08f8a6e5087decdc8ee3690cd4991a58967f3d5954ff37a9dc5448115cfe29   00000000000000000004005a0000000000000000000000000000000000000000
2014000000   ca596df9d5f391abfca5261cf5304c8887be84d6b99947900f3e962b2e7e394d   00000000000000000004005a0000000000000000000000000000000000000000
2015000000   8e1778c37cbe52490d1b4ed196778311ffb02173df0bb09030cd9d6bee9a7e89   00000000000000000004005a0000000000000000000000000000000000000000
2016000000   93329b1e6101cbe16eeceb5d906d1b708cd4fec098d8047db5e2cd30109d4a9c   00000000000000000004005a0000000000000000000000000000000000000000
2017000000   10b55a098e3d3133459bf8713a7be4adab8430259f09981aa43b88564fd0bea1   00000000000000000004005a0000000000000000000000000000000000000000
2018000000   06db14c1741204b29ea3c9256c5858bc8a92fee555a58f973fee30f3508f0cab   00000000000000000004005a0000000000000000000000000000000000000000
2019000000   11038334effad6e42711fb6b1e0ac315892731d003da137cf103322dc81fd278   00000000000000000004005a0000000000000000000000000000000000000000
2020000000   393deff6c613665653bf24aa5cf29b339eff20eeb52e1b92dac53ce272986987   00000000000000000004005a0000000000000000000000000000000000000000
2021000000   c55a61ca3a24fcc91b0f9fddb356e1569e58f417be0d7435af4cc9c3ec7b58b8   00000000000000000004005a0000000000000000000000000000000000000000
2022000000   1e911123e9f2d293966e72b5e7496c4977d5668f08354fb557e67037be73779c   00000000000000000004005a0000000000000000000000000000000000000000
2023000000   b17fb6acdbb00690e92a9ae69b0ebd4c11ad68bf94146fc0e8f1ec8eb332d23e   00000000000000000004005a0000000000000000000000000000000000000000
2024000000   c084d47cd37ebcf3d26f7573c0433e641c008b5e7fbc9c871299b364b670e572   00000000000000000004005a0000000000000000000000000000000000000000
new_height:  827345
debugnonce_start:  2000000000
Mining block template, height 827345...
header:  b'\x00\x00\x00 3\xeeH\xa5`\x1dp\xdc\xdaYl\x9f\x94^\\\xe08{h\x16B\xd1\x01\x00\x00\x00\x00\x00\x00\x00\x00\x00A\x9a\xb9kj\xb6\xda=_Fo\x9f\xed\x8ai\x95\x9d\x17u\xb8q\xd5 (+t\xe2\x0c\x86\x1en,\x89\xa2\xb2eZ\x00\x04\x17\x00\x00\x00\x00'
2000000000   a7fe7fc4df14173df43f8142955e877e2495326a080ff504f9ec3059621d145c   00000000000000000004005a0000000000000000000000000000000000000000
2001000000   f4f874e88a2c62650e056d6ff1905f14ee2ff5915c57a96a7b5676279a9eb8e9   00000000000000000004005a0000000000000000000000000000000000000000
2002000000   b3eb7eac852d2b06075d200703364e9d06d2c7d15a2416947fa26989a0896672   00000000000000000004005a0000000000000000000000000000000000000000
2003000000   c189e5ca5dd0dc66a28ae34f48decfe91c0ba6e76dc5ce0f2de2c521356efb76   00000000000000000004005a0000000000000000000000000000000000000000
2004000000   3d4729724fcb0ba30dc7a1ae0252f1cdbcf4e138b20d5a31262138540e255380   00000000000000000004005a0000000000000000000000000000000000000000
2005000000   bf6b5c4a9240ec8fbe45eab0fdd1633411ba1b02038cc4f887d188abb2897d55   00000000000000000004005a0000000000000000000000000000000000000000
2006000000   30a5d2508d0e44c70af9c4b4cb65dc6603bb6877bd37a8a3303605e87ec5d7f9   00000000000000000004005a0000000000000000000000000000000000000000
2007000000   123482af57b71b2e57eaa66668c07f1f882c173c939fcb7a7e300533d59d8990   00000000000000000004005a0000000000000000000000000000000000000000
2008000000   9d6c710991e572d148b96a8d966e8626a3a56421719226134d8056bda27cdf44   00000000000000000004005a0000000000000000000000000000000000000000
2009000000   cf8df4e9dd44e9986bab4695619da08520836574caa0d1c1a1f3047633528697   00000000000000000004005a0000000000000000000000000000000000000000
2010000000   92dab9a8d6e65388c00aba20b518beffbd49dc69ccc7faabf352d447099fa713   00000000000000000004005a0000000000000000000000000000000000000000
2011000000   ddb1a005ee5d9eab88e6e46c8fd471cf280835de691d1922d9cadf649db5202b   00000000000000000004005a0000000000000000000000000000000000000000
2012000000   b01403b60be7bf89d167be4c4858d1ce11e2da07afaab52f59683b4f8afe4dd1   00000000000000000004005a0000000000000000000000000000000000000000
2013000000   1d2c020ae7406241b36b40c28393e5fc669a6e4c64f860f9dd3d581d3c96e50c   00000000000000000004005a0000000000000000000000000000000000000000
2014000000   e49a95fc18c6d4b43884ed5762d6f7789cd5759a763d0e88c27c256db3a7db0b   00000000000000000004005a0000000000000000000000000000000000000000
2015000000   957fa7ffcb559d9a3f10dcf07f49d1671ea7432b52453c57779917cb9e3b55d7   00000000000000000004005a0000000000000000000000000000000000000000
2016000000   79669c2bb77277aa8fc62e53337540512f9413db3639500c41f0f064ce885c18   00000000000000000004005a0000000000000000000000000000000000000000
new_height:  827346
debugnonce_start:  2000000000
Mining block template, height 827346...
header:  b'\x00\x00\x00 \t8\xe6\x97\xcb\x94!\xeb0\xb8fY\x95\x89iE\x95\xa0P\xa7\xa4\x17\x03\x00\x00\x00\x00\x00\x00\x00\x00\x00\x99\xf7\xbe\xa1_\xae;/\xa5\xb3V\x92\xda=O\xb7\xfe\x95\x86]\xf8\x8f\xee\xe7\xb0\x0b\x9e\xfe\xc4U\x96\xb91\xa3\xb2eZ\x00\x04\x17\x00\x00\x00\x00'
2000000000   bbb09584321b7912ace280e792f2e8b1cca051e8f2f9827d668967dded80bd04   00000000000000000004005a0000000000000000000000000000000000000000
2001000000   ca87c596bf1029324dfe16123d25feb0dccfcffcedc0f4a53c61a7354e86bf60   00000000000000000004005a0000000000000000000000000000000000000000
2002000000   c364968bea1a00442c34c1487808c3a929576c5fbe8ee22c94eac24c1ec888f8   00000000000000000004005a0000000000000000000000000000000000000000
2003000000   73eca1a4562d90bc699ff449e6cfd94b851045780d78b00744771c5004d51000   00000000000000000004005a0000000000000000000000000000000000000000
2004000000   58e52b28653a06e77909d59e8244cd8d313b886868aa6edfe38ebec9fca55daf   00000000000000000004005a0000000000000000000000000000000000000000
2005000000   c96705dd01fdc2348a32921ade0e2d09cc6f0de6ab0f83d4bf28add8a89186b9   00000000000000000004005a0000000000000000000000000000000000000000
2006000000   166c47a8a9b2644416196c8646a94bfbbfb9a49f26c30f0b2ccd7c0bc86b167c   00000000000000000004005a0000000000000000000000000000000000000000
2007000000   c8a97ff9efa474f9659d99f8b875daa6e16bb6a36816b19804c0908c8eb37c1e   00000000000000000004005a0000000000000000000000000000000000000000
2008000000   2d418f882133f3e32be1878d401cc765cea397825e8595586e4e89f326f417a2   00000000000000000004005a0000000000000000000000000000000000000000
2009000000   78f5e6700f4e64fafa979e211264e296746fa66992a45b64f63311621c34daba   00000000000000000004005a0000000000000000000000000000000000000000
2010000000   a715041fc98d2c19c7cc216d13c842d871de8b7d1eeeb67e4aef8f2f56fb47e5   00000000000000000004005a0000000000000000000000000000000000000000
2011000000   f8ab382105ad3445d456668f1a192618a7ab7386869b0391c1f587d802f84f2b   00000000000000000004005a0000000000000000000000000000000000000000
2012000000   1b1ab71122032de29f11947bce227dade0ba9f593d169b6fd9e109eea676a246   00000000000000000004005a0000000000000000000000000000000000000000
2013000000   6ed4648c393b2e50757cf3b7f082b11f8732934e2a1b3b6654cef7f148e5b411   00000000000000000004005a0000000000000000000000000000000000000000
2014000000   ae0e8f2718674162bb628ecaedae524b82ffd4180df34472b3c09171f93c0c3d   00000000000000000004005a0000000000000000000000000000000000000000
2015000000   340a5b0bba4452de0378e8f8cdcc8227b18610de8ac6804ac996e540e8d0fc59   00000000000000000004005a0000000000000000000000000000000000000000
2016000000   56ec69f4554ba773f62941447ae6488eb15eecf4bb86b4e1a5e6407cc4ae1505   00000000000000000004005a0000000000000000000000000000000000000000
2017000000   62a69c3da58492b939b2355765247c76fe85c7f43e90ab8f2d00395da874520b   00000000000000000004005a0000000000000000000000000000000000000000
2018000000   41287012d9e9831d73fcde24b1dbdefa367c2e587aef6191b9499143ca7cb60a   00000000000000000004005a0000000000000000000000000000000000000000
2019000000   cafabcfb7db8767086825edbfe79f209ee587b9a3258784d39c7d409377ea01b   00000000000000000004005a0000000000000000000000000000000000000000
2020000000   42952d059d522dcd4009afc0ad3fa26b71c8c5805d2b4652cae8d6f907150c79   00000000000000000004005a0000000000000000000000000000000000000000
2021000000   feb39fc9b7bad4d292c4c6aa7ebf891baa06e8a8cd9a1f40eed51f0c0d85a861   00000000000000000004005a0000000000000000000000000000000000000000
2022000000   ef3b0ea6eb2591ad4c94cb236ad52dcfef4cf697d8472f64e18f588ef10d22c9   00000000000000000004005a0000000000000000000000000000000000000000
2023000000   8280efd97ba357bbddc9ae64c7e768d32ce454a353e1be66f3d037d9f5a973ff   00000000000000000004005a0000000000000000000000000000000000000000
2024000000   f18d46528b9cc8db530fe6b413e65937d03a87bac841f46b454081ad2e0796cc   00000000000000000004005a0000000000000000000000000000000000000000
2025000000   adef3f53b0e0804fd37fb669d2ceec3f717c2574f504660dcaa4d73d4c2e5f2d   00000000000000000004005a0000000000000000000000000000000000000000
2026000000   a1f94f5461a4bad94895ac0ba8b445e54ab3f71f826d5d44f38f693a3b54bad5   00000000000000000004005a0000000000000000000000000000000000000000
2027000000   acdf3ae18fbaf65b6523f656c1a47c1a3ca9e3e5d9a9cc869f4a315a6b49e6a4   00000000000000000004005a0000000000000000000000000000000000000000
2028000000   f4a29ea5d92ecbd0490941beec379c1eb70cec55d8c7493e12e5f5697fb1b2ac   00000000000000000004005a0000000000000000000000000000000000000000
2029000000   2a6d89ba494e34d862525dd7e42a2060d61697bf0fa2f689d532a35213d528b7   00000000000000000004005a0000000000000000000000000000000000000000
2030000000   266eae50aaaaef765c2982a51e9deb79c834dfb30249f5347086f0c95a7c8950   00000000000000000004005a0000000000000000000000000000000000000000
2031000000   92addaf7cf2591f61991da99ad897b742a2d73ba9ac496465fa6c2ea3a3a5b45   00000000000000000004005a0000000000000000000000000000000000000000
2032000000   afb3e1481ded9d510361cb56fc9e26f246cd47023f430cdad5465f4acf5323fa   00000000000000000004005a0000000000000000000000000000000000000000
2033000000   6b5e645d4a5f1a2cca3c887b8ae7b3eef98f8aaaf812659bd47e0c4351d125c3   00000000000000000004005a0000000000000000000000000000000000000000
2034000000   32d8a39c68bb375d9fcfd1d9559910fdfdb100fd2e88840f73e5e96cfbe2027c   00000000000000000004005a0000000000000000000000000000000000000000
2035000000   94eb23276b0b03f9b80e6bacdfe7ba5bcca8ee776e0d10cdf2ca02ab50dd3f0c   00000000000000000004005a0000000000000000000000000000000000000000
2036000000   bdac7169b7605a8276e6ec409c835b0010371c594947857253d821f902111843   00000000000000000004005a0000000000000000000000000000000000000000
2037000000   efb1aa3e6f3b36fd39826f462b1c553d402f7f4f828f0eec01dd53e35aeb4a20   00000000000000000004005a0000000000000000000000000000000000000000
2038000000   07c672e2ac2cef7d2d75bf393169275b55922bf22e435127b2d05a990d27ec9b   00000000000000000004005a0000000000000000000000000000000000000000
2039000000   383023ba81229a4dd54a5c2b9f3edbf0037e6af87687a3de511dc9ece3393680   00000000000000000004005a0000000000000000000000000000000000000000
2040000000   a08bf8367fa4bd3db6477329d61237999bb8da25d7941b81e6bbe7bc69b182f8   00000000000000000004005a0000000000000000000000000000000000000000
2041000000   146cc82f9b2ad4469a192f553a2434564ad6bac527e820ea7a7d713f1499d389   00000000000000000004005a0000000000000000000000000000000000000000
2042000000   36892aa514941759c08925416da6e04e707c0ddea9ff66087e85f7af3be9c355   00000000000000000004005a0000000000000000000000000000000000000000
2043000000   0f56818a1a3d81d019ecd1443609dc28c0fb4100908a6fd3b0a616f9ec44ef90   00000000000000000004005a0000000000000000000000000000000000000000
2044000000   5c863ce51ea5609034b15e15be0aa40ea4bc7f944bd3fe14da84ea106d5b34c2   00000000000000000004005a0000000000000000000000000000000000000000
2045000000   3c44e6c22092598f4652bc1b27fcd415a63e9a5af9ae7bed6ed0f738cd0de843   00000000000000000004005a0000000000000000000000000000000000000000
2046000000   8c88b54d9cc8a0905dd3a011491aa6f54d971bbc8950cb18ebcd3549dc5d6e9b   00000000000000000004005a0000000000000000000000000000000000000000
2047000000   8a179cc62d8a1a5968f37419c05a9449415581827197e91f38d7a08450d15db4   00000000000000000004005a0000000000000000000000000000000000000000
2048000000   3b2571f87064c3d70a43cbbd51c08e77753437d5e2a3f3ebadc79837e8bac9d5   00000000000000000004005a0000000000000000000000000000000000000000
2049000000   76c28c4abc9522caca2d3ed16d9c440060c26fdb2a002b9dede7dd65310fb5fa   00000000000000000004005a0000000000000000000000000000000000000000
2050000000   a1816e8fe14e2f6569a0f63e3fa67c49cebba259401c6e8032249de5ba97a93e   00000000000000000004005a0000000000000000000000000000000000000000
2051000000   d5b07fcc43a382c9ca47acb6dab8b8bcf60338016689fc61700554b9b2e64266   00000000000000000004005a0000000000000000000000000000000000000000
2052000000   e66079f54a487f660c9785719c4505005ab8ac22974a9dcfcbcf66c3c33089c2   00000000000000000004005a0000000000000000000000000000000000000000
2053000000   635d45d6bbc014b8b9c0c90e8d605c6ed111049cbd499e2131997042d17cc65e   00000000000000000004005a0000000000000000000000000000000000000000
2054000000   e57d6ad5925dab9ef13bb56af1da7d78ca099454f0ddfc89835e44277195715b   00000000000000000004005a0000000000000000000000000000000000000000
2055000000   80f2057a822bb14289146a60a1664146c7ffd88d51d5d8b07073099ad5d9a7d5   00000000000000000004005a0000000000000000000000000000000000000000
2056000000   6b180f08f1e393cd3dc5f55af942f690f4506cbc572611d34c7438975e6a133c   00000000000000000004005a0000000000000000000000000000000000000000
2057000000   3f5f4a40b16e66057e21a83fc56b544a62c5d8028e879a55ae949582c660d9a0   00000000000000000004005a0000000000000000000000000000000000000000
2058000000   76abaee620f24979bf241184fea07da813291f9292266ef3757baa9044400c7b   00000000000000000004005a0000000000000000000000000000000000000000
2059000000   25949460857d99b24decc7cd4cc3aee65383315a8b9dac83e51f6ecbf5ee925c   00000000000000000004005a0000000000000000000000000000000000000000
2060000000   35b79602ec1702678f05df9984777af0f6017ca894f97a2f9b4186da699c38be   00000000000000000004005a0000000000000000000000000000000000000000
2061000000   ef60d137e01c9aebcc202a324ac06e4c4f5b16967793429627d54f4500b58937   00000000000000000004005a0000000000000000000000000000000000000000
2062000000   353cd9f408c0328792ee2d600ce2a09d0dfa316918750ebf7a2d6eac184838f1   00000000000000000004005a0000000000000000000000000000000000000000
2063000000   31a28c73d556e38cbc19eaa7315fe71bd86975d8c0c89a757889df113af852a6   00000000000000000004005a0000000000000000000000000000000000000000
2064000000   ba874ead0bc5b64a455a6dc9df175b27e18f7fbf4afa7ef17fd8c228ec775302   00000000000000000004005a0000000000000000000000000000000000000000
2065000000   5c34a64a6a4e0d9a43c84237019b813398387d77a2a7dddaf6a548a7d8ef93d5   00000000000000000004005a0000000000000000000000000000000000000000
new_height:  827347
RPC_URL: http://127.0.0.1:8332
RPC_USER: sree
RPC_PASS: admin
Traceback (most recent call last):
  File "/Users/sreenath/Documents/bitcoin_code/ntgbtminer/ntgbtminer.py", line 573, in <module>
    standalone_miner(sys.argv[1].encode().hex(), sys.argv[2], int(sys.argv[3]) )
  File "/Users/sreenath/Documents/bitcoin_code/ntgbtminer/ntgbtminer.py", line 549, in standalone_miner
    block_template = rpc_getblocktemplate()
                     ^^^^^^^^^^^^^^^^^^^^^^
  File "/Users/sreenath/Documents/bitcoin_code/ntgbtminer/ntgbtminer.py", line 85, in rpc_getblocktemplate
    out = rpc("getblocktemplate", [{"rules": ["segwit"]}])
          ^^^^^^^^^^^^^^^^^^^^^^^^^^^^^^^^^^^^^^^^^^^^^^^^
  File "/Users/sreenath/Documents/bitcoin_code/ntgbtminer/ntgbtminer.py", line 58, in rpc
    with urllib.request.urlopen(request) as f:
         ^^^^^^^^^^^^^^^^^^^^^^^^^^^^^^^
  File "/Users/sreenath/anaconda3/lib/python3.11/urllib/request.py", line 216, in urlopen
    return opener.open(url, data, timeout)
           ^^^^^^^^^^^^^^^^^^^^^^^^^^^^^^^
  File "/Users/sreenath/anaconda3/lib/python3.11/urllib/request.py", line 525, in open
    response = meth(req, response)
               ^^^^^^^^^^^^^^^^^^^
  File "/Users/sreenath/anaconda3/lib/python3.11/urllib/request.py", line 634, in http_response
    response = self.parent.error(
               ^^^^^^^^^^^^^^^^^^
  File "/Users/sreenath/anaconda3/lib/python3.11/urllib/request.py", line 563, in error
    return self._call_chain(*args)
           ^^^^^^^^^^^^^^^^^^^^^^^
  File "/Users/sreenath/anaconda3/lib/python3.11/urllib/request.py", line 496, in _call_chain
    result = func(*args)
             ^^^^^^^^^^^
  File "/Users/sreenath/anaconda3/lib/python3.11/urllib/request.py", line 643, in http_error_default
    raise HTTPError(req.full_url, code, msg, hdrs, fp)
urllib.error.HTTPError: HTTP Error 503: Service Unavailable
