debugnonce_start:  2000000000
Mining block template, height 827636...
header:  b'\x00\x00\x00 06\xe7\x83&d\xbd\xbaj\xc0\xd5I.\x00;\xdb\xd4\x1dp@\xafd\x01\x00\x00\x00\x00\x00\x00\x00\x00\x00\xb7\xa5+g^u;\xbc\xe4\xeeN\x9d\x82ag\xb4\x7fY\x05\xe6\xf0uV\x1f\xe0\x9eb^\xdbo\x9fz\x05\x11\xb5eZ\x00\x04\x17\x00\x00\x00\x00'
2000000000   784afff8bd3e557c09ea6f3278f69a0d9982e62b5c0bb1c8d86ec0773af84b18   00000000000000000004005a0000000000000000000000000000000000000000
2001000000   e7266aef1d603c7468e51c5bb0cfbb76805ef782430a2591abcc48e16e448aa7   00000000000000000004005a0000000000000000000000000000000000000000
2002000000   a7c69708e75550b78f0a663533803d821362519f4ef3e020510102488f1162d9   00000000000000000004005a0000000000000000000000000000000000000000
2003000000   86437ddb56c9d4a555c262561da38a26085d36c197c98d0e9a87bb650768999e   00000000000000000004005a0000000000000000000000000000000000000000
2004000000   5e57a03bae4448f9172bcd071aa9a1c48305ca65d2dfb3c6e9689bcb8f7d60dc   00000000000000000004005a0000000000000000000000000000000000000000
2005000000   ecdfd59497b45f101f0cd3428dea4e65ba6196d14bafe3c5185f2a2645ef07f4   00000000000000000004005a0000000000000000000000000000000000000000
2006000000   210a26891134dd748ef9213f0db394a5cfd6e4a5fb1fcebd83d3dd0b92bb454b   00000000000000000004005a0000000000000000000000000000000000000000
2007000000   ae462eee884cb019a3a4068c0ce7e3be20ff68db74fe81124ef2749e0b0805c7   00000000000000000004005a0000000000000000000000000000000000000000
2008000000   68188fd9f24496c8a8bac3bca48ad2651415db03c5525895a7ee3dcb30414f33   00000000000000000004005a0000000000000000000000000000000000000000
2009000000   2c3ccd5b6edc07e40fbee6682e6fa2e7c94ca856ed29bbd499577abdbf725339   00000000000000000004005a0000000000000000000000000000000000000000
2010000000   68c63c3691fb699f4076e6c4cf52c1c299a30bdde722d12ce5fe0f18de812aa9   00000000000000000004005a0000000000000000000000000000000000000000
2011000000   a577488c0dbfe7b06ea1b3680e9f1f148d0d3e3d60f779df22b4ec04dddcaf2f   00000000000000000004005a0000000000000000000000000000000000000000
2012000000   b824ddc96ff6bfa54cd1713c439ad2bf778020c6a2a11b997c1f844df55f8903   00000000000000000004005a0000000000000000000000000000000000000000
2013000000   7cf28b48a16df58c95d527bd6e579d4fa76d4c70bbd809f0c29f4e02524baece   00000000000000000004005a0000000000000000000000000000000000000000
2014000000   f13b8aa7afd042b067ef108194c340d850f4c1a9bef698b222ee8014224ab5a5   00000000000000000004005a0000000000000000000000000000000000000000
2015000000   312cf2024be7f2b6a47d4b7196e6014b8f56b8205ba88cdbdf151175ffe35e87   00000000000000000004005a0000000000000000000000000000000000000000
2016000000   55e06358cc951384a393204d78927a426d11881fa31efd823539672c22a07835   00000000000000000004005a0000000000000000000000000000000000000000
2017000000   bef1c0055ec56f80c58f93f664f34f20d274754f3adc3b47cfd55be4a2205242   00000000000000000004005a0000000000000000000000000000000000000000
2018000000   86dece32125dfd287ea799cb7759871b4328f40aef5c9e92f13d3323ee7a5187   00000000000000000004005a0000000000000000000000000000000000000000
2019000000   57c3396c1aad9074339bf088e9e67750809458d20bf4fa93dc15b37af622b906   00000000000000000004005a0000000000000000000000000000000000000000
2020000000   a1a2a9a8f67d9ab8c4f6d0a53472399ef1c94b14cd62d80c3b81c3fb384f5798   00000000000000000004005a0000000000000000000000000000000000000000
2021000000   8ad8aa375cb773c952846d617f716a26a89a3c875464cc40735784b0d2174d7c   00000000000000000004005a0000000000000000000000000000000000000000
2022000000   13d865a297ddd4de0452a366fb960919c461481e477896a554e7d9365d9cedbb   00000000000000000004005a0000000000000000000000000000000000000000
2023000000   7a9c0cad33a5946c29d08281a0f752642f6f9676763ae578fbd3038b1bc2d29a   00000000000000000004005a0000000000000000000000000000000000000000
2024000000   da41212a943bc2b1f7f8c670af474e3853e778c4850c0052f2184ef1fc405006   00000000000000000004005a0000000000000000000000000000000000000000
2025000000   82ba7cf93ecc465cc0354b40fccb6c8bffb684ea09ed84bf46927cf2acbdd9c6   00000000000000000004005a0000000000000000000000000000000000000000
2026000000   b3105d71ea4658253b3da5e2e0c0aef46281237613cce44dff02ce1aeb5f13ea   00000000000000000004005a0000000000000000000000000000000000000000
2027000000   1b670c94190d7dcfd33b1a305a70f3bf00628e3da51f0b77ab9d955ed2e75ab3   00000000000000000004005a0000000000000000000000000000000000000000
2028000000   a1b9a94194ef5f1aeb4b5aee3f63c67885155d116b94fe7baf5808d84829cc79   00000000000000000004005a0000000000000000000000000000000000000000
2029000000   13efaacc48168061c5db811e75b63f0a937b5e6100c5ee7d1559c292dd50307c   00000000000000000004005a0000000000000000000000000000000000000000
2030000000   854af10c127a234218b2c68b7b2c60d62b787c0a2e49546730212a04c7e8cb23   00000000000000000004005a0000000000000000000000000000000000000000
2031000000   c1a47e520822a0d1cf4b937f38a4abd46c270c4d5160c9507440cd92862dc2b7   00000000000000000004005a0000000000000000000000000000000000000000
2032000000   3a8b07d3ac57965b13a90d4517db8431c4b7b7374d90cb58793dda207881d9d1   00000000000000000004005a0000000000000000000000000000000000000000
2033000000   20b932a4ef13671b6d4e0728c35b17b9f568aab6c41b23613e0514601f017a75   00000000000000000004005a0000000000000000000000000000000000000000
2034000000   e5b5fd7def67405d69e820aa2d03775b3ac6725de4d089fc5c381728fa962a87   00000000000000000004005a0000000000000000000000000000000000000000
2035000000   64e84dfa555a0dc0d7624388789dbfe94dfd7f93968d652c902d88a83d7c70fc   00000000000000000004005a0000000000000000000000000000000000000000
2036000000   39d5aa26a3e6e58214ea9109b123317c17e4dc0e7e8b53aa0ecce3ec0f3e3147   00000000000000000004005a0000000000000000000000000000000000000000
2037000000   88d4ad08df0108c7ab23429a5aeb7a6f436d389c23b79a86ae83670ddf0697f4   00000000000000000004005a0000000000000000000000000000000000000000
2038000000   fae2e933400c57941f1ca12d9ffdd0681452401bb410783a1de6b7df39464530   00000000000000000004005a0000000000000000000000000000000000000000
2039000000   498ad7739eaa12fd4feaab0dbc1da41a4e8670a045e934d098f5e25e6f3b756d   00000000000000000004005a0000000000000000000000000000000000000000
2040000000   391c053696d8d94188e9559dc938836254891b7444e74819c41ed72d3d697acf   00000000000000000004005a0000000000000000000000000000000000000000
2041000000   6cd55f369bce3e13726004bac4c84ebf59988d22819a318911720b5e72e3d26c   00000000000000000004005a0000000000000000000000000000000000000000
2042000000   5182aeb5ffe02a9d45758d46dbc4120caabf8f15d182cf2975022de446809ac4   00000000000000000004005a0000000000000000000000000000000000000000
2043000000   308fbb40270d8336dd32c02193f78dc8ef3fe828f90cc1b18324647f3d577630   00000000000000000004005a0000000000000000000000000000000000000000
2044000000   29e3c68683ec1c3240b0478931aea04d7d7011ff01f3b3e68f1e00338752754d   00000000000000000004005a0000000000000000000000000000000000000000
2045000000   09c3087fa259b998307d28db08c28bbb85cca3b5410804a9f611e339ea60cf4f   00000000000000000004005a0000000000000000000000000000000000000000
2046000000   814508716c432d28838adadf3d561ef2455e83cc7d9d93d72faac8e822c5dc83   00000000000000000004005a0000000000000000000000000000000000000000
2047000000   8b4ea0d2d33fce4f9a8ca98d8187731bfa09fa9b08ae7a34a1a2d223f98eeb23   00000000000000000004005a0000000000000000000000000000000000000000
2048000000   b69c3c54edf41e348556aabb6a322e64b25503221de2e8e2a51cf2ffbb3e5e33   00000000000000000004005a0000000000000000000000000000000000000000
2049000000   4c5eeb322cbc4c67b309f39d1172ddcc45c8fe1696682311e5b8f592380dcd8e   00000000000000000004005a0000000000000000000000000000000000000000
2050000000   9fc25465bc5b9eb46ff7f29b43ed77538f1cac8471c2dcd03673ff66b267bff9   00000000000000000004005a0000000000000000000000000000000000000000
2051000000   a1e01ea24a4f63940c58f4e4557433691cfa73ea83b67a719b01759afd3a86b8   00000000000000000004005a0000000000000000000000000000000000000000
2052000000   3887fc625db2a9c3c04aeab2884c2cfdaecf89f08cc04ae7f1545183898f8565   00000000000000000004005a0000000000000000000000000000000000000000
2053000000   5ed98b02ae94368ff764898727f447eb5fac5f801dea94650d65285e7b0eb88b   00000000000000000004005a0000000000000000000000000000000000000000
2054000000   