debugnonce_start:  3000000000
Mining block template, height 827458...
header:  b'\x00\x00\x00 \xf7\xa2\x89\x88\x01f\x153\x13\x82\x08\xab\x16LF\x8b\xb0\xc0\r\xf6l\xc9\x02\x00\x00\x00\x00\x00\x00\x00\x00\x00\x1e\xe01\xac\x9d\xc4\x8f\x03\x81\xce0\xa0\x8d\\\xae\xda\x1ai\x82\xca\xd7\xb4v\xe8\xb7\xbf|`g\x93\x17\x1dy\x91\xb3eZ\x00\x04\x17\x00\x00\x00\x00'
3000000000   295862c7e30c118ab17e9527bee29d2bf56b653526216ef376d0e860b4fa52ca   00000000000000000004005a0000000000000000000000000000000000000000
3001000000   7aa509c4947b9b792469d9a128cee88f9ea3d14482601c00c54488ef7a143f5c   00000000000000000004005a0000000000000000000000000000000000000000
3002000000   b507d80aa35f9f6537ce591c921071bd21c8a0d31cd36e9b3feea1ebfaf97d39   00000000000000000004005a0000000000000000000000000000000000000000
3003000000   8331a3afd522fcfbee2c15d278539f5101193457492ed7a50cc437c0170ce975   00000000000000000004005a0000000000000000000000000000000000000000
3004000000   83d04ebcca1fdf9988a85e8757970f81ab3ed21062ed3d053b2034c9f0351dc5   00000000000000000004005a0000000000000000000000000000000000000000
3005000000   e55fcb6416102b964e054bd601ad1cd3715e3631d8d693772b0653a38aedeedd   00000000000000000004005a0000000000000000000000000000000000000000
3006000000   69eb144d6b6a93c15281d7526f31d1a9cf8aeb22a025ebbae2f2392edf9b2121   00000000000000000004005a0000000000000000000000000000000000000000
3007000000   7a17e7ce5f4a1e18b0bfca5e7cdf6202ef01e25d7da9fdb2185e7d5beaf44af8   00000000000000000004005a0000000000000000000000000000000000000000
3008000000   86d1cc1e9333e2b5c2077c3660a2d5e2de2dde3e58c383f83a32799f4c877df2   00000000000000000004005a0000000000000000000000000000000000000000
3009000000   9fceb53eb6f4cc1a8d9741c83aa98c4b274155f51151fcb38f8a9163a9ecabc5   00000000000000000004005a0000000000000000000000000000000000000000
3010000000   b016b46654a18941097fcf4e90458902b8132adaf486efc0bb621e93a2dbdb9f   00000000000000000004005a0000000000000000000000000000000000000000
3011000000   3672f2bd8355166af81cde4054e3b528e5245145fd586f72a3acbc124c7ffa07   00000000000000000004005a0000000000000000000000000000000000000000
3012000000   2bc81ba4a5e94136f8853fa1d0e4224b8f83d4d0dbb3c60257aa8515ba5f1367   00000000000000000004005a0000000000000000000000000000000000000000
3013000000   95b0c9d3ae5d397facd7f94eb1e71c81ee857d50a2aa718d149adfd8fabb443b   00000000000000000004005a0000000000000000000000000000000000000000
3014000000   0dc84278ec4bae1d9fef81c838508bcd16f6c0469b9d7ac004febc99fdabf739   00000000000000000004005a0000000000000000000000000000000000000000
3015000000   7182b634101c59763ce2161742eae730b298bad2747725e2ed7f186cd7f55f52   00000000000000000004005a0000000000000000000000000000000000000000
3016000000   19b61608446425e575b5fbfccea8995c26da061e9eb6461481de541769234bd1   00000000000000000004005a0000000000000000000000000000000000000000
3017000000   b85656ff940038529d53e67c2f924c82889d9359cefe453dbb0ff311616f6b3a   00000000000000000004005a0000000000000000000000000000000000000000
3018000000   5485a84f14c82d8e4ca9ab6d7ae346830a42b010c5324c9db719c34536fbad1c   00000000000000000004005a0000000000000000000000000000000000000000
3019000000   a191575a6daa52a1d0a7b0679f13c2d2f7d1c3d2d6f4649702357e72cc04ef4c   00000000000000000004005a0000000000000000000000000000000000000000
3020000000   42061ccb28ccf25451e4caa42f711f90a80f977628ef253e3f598a6842885d9a   00000000000000000004005a0000000000000000000000000000000000000000
3021000000   e2da787e6212e3c46906dbd8529d3753e3d0cdf0b5c0de9c594055874d82eaef   00000000000000000004005a0000000000000000000000000000000000000000
3022000000   2ddf2d502f5da8c53b500dbb316b52485b5d1a1d522af4a7d0d9028ec3c934bc   00000000000000000004005a0000000000000000000000000000000000000000
3023000000   4a849515fe65f11269807a49308e1899c603bcfd319cdd63fd3a5dceb2d0f58d   00000000000000000004005a0000000000000000000000000000000000000000
3024000000   b31475120ac3640637a42b72efa5f960607b84b74585a4fa660f2c25c86485e4   00000000000000000004005a0000000000000000000000000000000000000000
3025000000   2f39e6f48cd87f0f2eb4e02ca4b5f30d4398743b1e005034dbb886537e302c8a   00000000000000000004005a0000000000000000000000000000000000000000
3026000000   17f64c25c723162bd50af4d373de8178681bc31b1ca7a1ddf0328704f72ba790   00000000000000000004005a0000000000000000000000000000000000000000
3027000000   ad19da0157e176a3f70fb84679a4c4b4ad9aa4e0bcc9b71838dd336ed2e5edc5   00000000000000000004005a0000000000000000000000000000000000000000
3028000000   c44fff03195e65465c14645b594d234ff2b07cd087f916ecac58734f8d3d396e   00000000000000000004005a0000000000000000000000000000000000000000
3029000000   b5d6da1748cfd055768b76dc595babc1b4a5b396cf8517e9e01b2917ce33ffcb   00000000000000000004005a0000000000000000000000000000000000000000
3030000000   32e1dd9d8fc5da4ad47c92cefb2b3b00aac3861150fd4a93ac2e9d86b7aa9ebd   00000000000000000004005a0000000000000000000000000000000000000000
3031000000   338548a329820e6cf03518ccfde4da7a7e1343c79c5e6f7b60bc21dad164070b   00000000000000000004005a0000000000000000000000000000000000000000
3032000000   fc0663b1287d7341ef3874e3e4899e75e5abb20875791e2c028251dff77673ee   00000000000000000004005a0000000000000000000000000000000000000000
3033000000   0dba9f852500cf8d9a6a219020b35ff912250ee8f7ba084bd0271e5dad584adb   00000000000000000004005a0000000000000000000000000000000000000000
3034000000   a8710e6d20ad8274a2abfeae0b8276f33158fe747e46864aa20bdc193a4077ff   00000000000000000004005a0000000000000000000000000000000000000000
3035000000   60d1e0b8aea857fa496847858b07356175dea62d08dc7aecd5eb98769ab6b467   00000000000000000004005a0000000000000000000000000000000000000000
3036000000   af3a017a8c5ba69683421b1b92ce9b934cadd1ae6b1eef85987388b6e803e201   00000000000000000004005a0000000000000000000000000000000000000000
3037000000   cf5afde0ffeb61aafbc76e52bab38ce8175418a913144d93e01c4675506597db   00000000000000000004005a0000000000000000000000000000000000000000
3038000000   ccf9e53acc4683237d441c1e77b22dc60e27e5b3f6a7b119bc5f0b9e50a1666b   00000000000000000004005a0000000000000000000000000000000000000000
3039000000   4ef88a4a1b5f59649232107fe187367728f4ac1a4caac8d56e55f688baac2d52   00000000000000000004005a0000000000000000000000000000000000000000
3040000000   955d70c21ea2e3f548c9ee237ce18ff4e9205f2e6014bdbbae74563c14561fba   00000000000000000004005a0000000000000000000000000000000000000000
3041000000   0b8cf2da00577ea96b4aad6dc95bf6d493f2ed006d0132629d11c0ecca50274d   00000000000000000004005a0000000000000000000000000000000000000000
3042000000   8fdafa27df91e41b6685795e82f320a42f4923b7510f6d873268b7623b1c38e3   00000000000000000004005a0000000000000000000000000000000000000000
3043000000   08096e51f197aecdf80ac5e26cc7dcebea1fa4b381799dccddb38157587295f6   00000000000000000004005a0000000000000000000000000000000000000000
3044000000   d5bc774c413ded205fe7e0fd729cd1bb18d78459cd640341e7cbc40330c6cf00   00000000000000000004005a0000000000000000000000000000000000000000
3045000000   ebc344dfd396c36631575a1562c51787fd796c23d7814f5cf2d76bbbec7739ee   00000000000000000004005a0000000000000000000000000000000000000000
3046000000   5f039d3247e1218bfb771ad92efefabc6ed42723380e6e271c1a743ada14b486   00000000000000000004005a0000000000000000000000000000000000000000
3047000000   a4dbe744d53b5ac6b2f0f91f50da8897a1f0de021b917bf32fba318a33f267f7   00000000000000000004005a0000000000000000000000000000000000000000
3048000000   a2841d860482afec57893ecbd56f8c2618d548abd34d4197998ae90bcafb6f4e   00000000000000000004005a0000000000000000000000000000000000000000
3049000000   2b247a0bdd621d5df9509d00bd31c1ff886ec3e95613f31acbbc0460000248c5   00000000000000000004005a0000000000000000000000000000000000000000
3050000000   fc491a5bce42a5aadaaa45baf8aee4d76e918e56f7cfc113b2c55eae37f4fc71   00000000000000000004005a0000000000000000000000000000000000000000
3051000000   5c76fe77d8b1120101b21f1cb8780b37146c280bd9536dc255ba02e0889f94b9   00000000000000000004005a0000000000000000000000000000000000000000
3052000000   e917768d0ffa0d524ea7172779db935e4a64c5c7ceaba997be1c06e9eec9d77e   00000000000000000004005a0000000000000000000000000000000000000000
3053000000   d24ec55fd8c6d053edd6f60cc496e3e9692948b11ab83459cefc9aff28fd5d32   00000000000000000004005a0000000000000000000000000000000000000000
3054000000   31775c4a5303db618edc90e0a41bfd480c6574485c6f68a9ab8a69cd2a074bc0   00000000000000000004005a0000000000000000000000000000000000000000
3055000000   30c18b81d76424e69944bf1ff7cf2f4b1e827611773301032c55e6a44336bceb   00000000000000000004005a0000000000000000000000000000000000000000
3056000000   a66326ee07baf53e2a6265721d3b4cc28403a62a112e3a7d3979e02da871a27e   00000000000000000004005a0000000000000000000000000000000000000000
3057000000   84446f25f161e91fbb109805b7981c34161a5cbd1f007dbb418bb6a64c04b04c   00000000000000000004005a0000000000000000000000000000000000000000
3058000000   4983d5baef6f5ae669b6b212ec9b87afe0e1d931862fc437db2a506b980b5a24   00000000000000000004005a0000000000000000000000000000000000000000
3059000000   b7ab2976dcb00c647f1bc7e50a0c5e545ddb2a93b109accae8d367cebc1e069e   00000000000000000004005a0000000000000000000000000000000000000000
3060000000   e7c0d1e58f2ba8d15079358b27a9f78c53efa2338e2c5e96b806e838404f8536   00000000000000000004005a0000000000000000000000000000000000000000
3061000000   30a2331a61210dc9251123799dd395c49d96a5c80d6a028573da5587d8c78d19   00000000000000000004005a0000000000000000000000000000000000000000
3062000000   5bde3a07c040213d505876d79a5d3124b70d045196bb273e7efab6fccd5cff5f   00000000000000000004005a0000000000000000000000000000000000000000
3063000000   89cf92577464ff6355644ef970b0bf04efad146fd2b168a14539cccfd532a875   00000000000000000004005a0000000000000000000000000000000000000000
3064000000   d9637f843e3841fe9bc01a027e50c775a092187e8273de6068899ac6c1c10dff   00000000000000000004005a0000000000000000000000000000000000000000
3065000000   5241dd929bffc1a054aebe34500fe877ffa5cb8683c30a0799ba99fc970d3fe3   00000000000000000004005a0000000000000000000000000000000000000000
3066000000   970d5d44e156664716d7bbf070a54067898c6d136dbb16a26f170de053779241   00000000000000000004005a0000000000000000000000000000000000000000
3067000000   10bdd2b36be8a5e310b2fe035fcd1d5883fbd0ac3a595cd02ee8b6474ee2039d   00000000000000000004005a0000000000000000000000000000000000000000
3068000000   9fc197f85d8f7956b2913d7352bc842254cbf7023ce804922585f225dbf01b07   00000000000000000004005a0000000000000000000000000000000000000000
3069000000   d2b87f980c608778a1a61c9f32839842226177c2e27c895b2bbf904d47661f74   00000000000000000004005a0000000000000000000000000000000000000000
3070000000   8bc1b4a4c7f2f1709113aae3f29988a7c2e13f32e6054a6b499c96bf80170028   00000000000000000004005a0000000000000000000000000000000000000000
3071000000   6507f1ffc2228376d2a5b9ddecdc26589b52cb039c24538087b4f65ffa895bef   00000000000000000004005a0000000000000000000000000000000000000000
3072000000   221f8c084722a5748c4f0617dec8e18acfd379f815d1a28998a12e95b0b87706   00000000000000000004005a0000000000000000000000000000000000000000
3073000000   9f2b0c48f03277ebcefceba93ef0fbfa13ba1f7747711c57ca6d1266aaf561b0   00000000000000000004005a0000000000000000000000000000000000000000
3074000000   e0f1f0f479c3ad7e87439d4cb27c75cbbe379552b53814d67fa361e40a529fd0   00000000000000000004005a0000000000000000000000000000000000000000
3075000000   10157297b240a2d18fe6e3d0922611c7eb1f5e04d1b3882bc97b8e1c0aceb194   00000000000000000004005a0000000000000000000000000000000000000000
3076000000   3d182852dadb840038832b678f1d737c603206ad9a29ddc14f9ec7f422ebb092   00000000000000000004005a0000000000000000000000000000000000000000
3077000000   1d780ecafc5ca46e2b97f14139af272afd109f89a72f01436d1931b6ebd6489b   00000000000000000004005a0000000000000000000000000000000000000000
3078000000   6ddd152fd9ba43c45735997e7e64919c5c879b56a33e4e99462cd63246353b82   00000000000000000004005a0000000000000000000000000000000000000000
3079000000   335e449ac624d4a3123cd4a91b7a0421da5a35fe785aa05305eb4e0609f88e8a   00000000000000000004005a0000000000000000000000000000000000000000
3080000000   76df74a10218511008df3ccbe83318b2262939d486291c556856a4162f8ae615   00000000000000000004005a0000000000000000000000000000000000000000
3081000000   ea26391c4b9951cc281670412bb4dd891f3408c2bbeecefedd1acae7f0cbbfc9   00000000000000000004005a0000000000000000000000000000000000000000
3082000000   dde83c5c8544295f7c116123d5c34018b832564e599295b4e414751f7be6727b   00000000000000000004005a0000000000000000000000000000000000000000
3083000000   17382d1c38b031a7b2763f398b2254941079d855668390f8aa559d808cb78740   00000000000000000004005a0000000000000000000000000000000000000000
3084000000   eda5f28b3d49d0f6c4916072b47247849fd8e32bc2dcefb1d701864c7a0be8e0   00000000000000000004005a0000000000000000000000000000000000000000
3085000000   c6fb4b8981865a610851ceb3c21b91223bcfc3db2676267bd8694d43670f8d69   00000000000000000004005a0000000000000000000000000000000000000000
3086000000   86e3cc8e79c123f6117e0e6966b981b726f5fa7206ab22833c5113597a984044   00000000000000000004005a0000000000000000000000000000000000000000
3087000000   721829d33f20e41f7f884b5371aae9fae7c3d9fb95519bc5821a47b7b730ff5d   00000000000000000004005a0000000000000000000000000000000000000000
3088000000   e30ad170325d30847efc38c26ea27d496465306358e19cb5f74bae81809811de   00000000000000000004005a0000000000000000000000000000000000000000
3089000000   c965337f0ff775f3fa57f8cc6d0945174c3466d45656893204956899fda9be0a   00000000000000000004005a0000000000000000000000000000000000000000
3090000000   80cc66c9e77dc89c2f88e81fc2ec961a103dc659798ce7e29c49c555fbfbbeea   00000000000000000004005a0000000000000000000000000000000000000000
3091000000   fb0af35454085b185fc20be2ef2e160a9d9a50f4bdf24d3104637d403955cadf   00000000000000000004005a0000000000000000000000000000000000000000
3092000000   5c681f26ca7c25b684349dc5acb7f594d713e6d04c12c9c583ec1a1530764251   00000000000000000004005a0000000000000000000000000000000000000000
3093000000   1c9230add32ec9c7e4870d307675e2cf67804e9d071500b197d24d82be650591   00000000000000000004005a0000000000000000000000000000000000000000
3094000000   5936d2ce93485b92097d9a4a0e00892bff28b5ce35e3596dfc82cccdd70d5838   00000000000000000004005a0000000000000000000000000000000000000000
3095000000   20d2473c6ea0c1a932ae4109eed2e45145be402feef4d8e02ba9700954fc31bf   00000000000000000004005a0000000000000000000000000000000000000000
3096000000   6d758189bf622a09a970d151ca8db7251c604e3cce79140b4cabd6b5c49e9469   00000000000000000004005a0000000000000000000000000000000000000000
3097000000   16f1827f3e6d10a6b12a8d4c08eae4cf5259e952bf6a1899d9db22b04402f5ce   00000000000000000004005a0000000000000000000000000000000000000000
3098000000   d68e06f7854c58014dc28e5aa73bb2d65c405cc98a7457440c837864e2def0f8   00000000000000000004005a0000000000000000000000000000000000000000
3099000000   3ac43770f0ebb89f7985853cbec117128bf79ac1c1e4105cb4df7d85ccec5703   00000000000000000004005a0000000000000000000000000000000000000000
3100000000   de087cc3ed982e938a28358090e4fa38efefc864e3e257f691d2acc7eff3d767   00000000000000000004005a0000000000000000000000000000000000000000
3101000000   c8654f03ed60090153c4da48f0a10a44c7325d17c334a873a6787dd20703708e   00000000000000000004005a0000000000000000000000000000000000000000
3102000000   5c544e1a2696275346988bf72060be55dbccf7f2c798bffd4f89ea8d41864044   00000000000000000004005a0000000000000000000000000000000000000000
3103000000   b1e538dec7c6f6b34e203dff307a306afef305aeef650db6862c72ec65f11003   00000000000000000004005a0000000000000000000000000000000000000000
3104000000   f48fff6f94163d32dbc132511122a331d1a053ed038102640a9376a545ebc0f6   00000000000000000004005a0000000000000000000000000000000000000000
3105000000   bab3cd1cff6b8bc26c9800ab906bed9080a28bcb44a757af8219de6bc322a4b6   00000000000000000004005a0000000000000000000000000000000000000000
3106000000   89f8cfb3715c42d0308acc4371179abe508afe31e35e8f5c9a14e39909d4e4a2   00000000000000000004005a0000000000000000000000000000000000000000
3107000000   e0637b5610cc33088aba75c55d7bde4e994caf2fdee62a5a0d8384f4508d0b35   00000000000000000004005a0000000000000000000000000000000000000000
3108000000   342d8864cb780cd7ebd47e0ad13b6acce6d4baedaf46e05dcfb0570326b49019   00000000000000000004005a0000000000000000000000000000000000000000
3109000000   7bbfe73c2e562e53729af29ecbe6649ee13b3478c93ee8b4bff713d533af751d   00000000000000000004005a0000000000000000000000000000000000000000
3110000000   bd1bb64fef09e56d55fae5790da02ea33793e397f416c2d2b5b79c740336fea4   