debugnonce_start:  0
Mining block template, height 827344...
header:  b'\x00\x00\x00 R\x99p\x9d\x0c\x03\xdb\xf9\x1f\x81\x13\x9e\xf9\xf3\xa5\xe5-\xdd\x18\x9d!\xb4\x00\x00\x00\x00\x00\x00\x00\x00\x00\x00\xf8\x00\x80\x14\xef9\x18\xdc\x8d;\x1d\xe0\xd0/-<\xd8M\xebZ\x1a\x86\xfd\x8e\xcc\x12\x1b\xda\xbb\xb2\xff4\xa2\xa1\xb2eZ\x00\x04\x17\x00\x00\x00\x00'
0   3f74573dafcaa0a1dcb4a6e9d0b328d257a94fd50db8bf491e8d36a6b96def79   00000000000000000004005a0000000000000000000000000000000000000000
1000000   e18b717e48a1e32be91a9f94af0dc9c4dd7c158fc8d349b724608882daf448fe   00000000000000000004005a0000000000000000000000000000000000000000
2000000   a0fb1d01d482e358645856092c514b106cb1aa2d490496261a78ef8aebaa15d3   00000000000000000004005a0000000000000000000000000000000000000000
3000000   dca9654a7e72c2b5449c6b93ef270e8dc424599a46eb80b9d84bae5e8764965c   00000000000000000004005a0000000000000000000000000000000000000000
4000000   4908127c89f62dd4cdd67283b7823aff5e82c950266b3fec18e02bfc642e8835   00000000000000000004005a0000000000000000000000000000000000000000
5000000   47d07c71d6438744d285d387b10ea2ea2a47105a5cefc438ac57f41a498e6662   00000000000000000004005a0000000000000000000000000000000000000000
6000000   18d3aed714d1e87981367f834d8950717e25bfd95bc327e42c88ad98d8f874b6   00000000000000000004005a0000000000000000000000000000000000000000
7000000   303f07cdc34314b9ec3cb096156670c736f82cfa0603b21e819a1cbcbed852b5   00000000000000000004005a0000000000000000000000000000000000000000
8000000   36bd6b6f4f476dc82f98795f480aec21cdc9f940793b07c9f2bf66192cdae075   00000000000000000004005a0000000000000000000000000000000000000000
9000000   0110a0119dda3b0f810e50c47c4d2c6b02bee8fb080d62db5499b5a96ea71cf0   00000000000000000004005a0000000000000000000000000000000000000000
10000000   2a6ced37d364adb4a509cfa3c827125c90633d8c2e75529899e7dce32c354328   00000000000000000004005a0000000000000000000000000000000000000000
11000000   de0af1565944b29635ec8d0112d2c08607568a4d4ce7acf0c3d6c24d28fd6bf4   00000000000000000004005a0000000000000000000000000000000000000000
12000000   ba8b8651d9a5b2a582bf9d67c80c33fb3f23e5416c483f23fbc6f8a3d42961fe   00000000000000000004005a0000000000000000000000000000000000000000
13000000   adfb2155e4c9fd58be44095c0defd2b64a47d01669e4dbbd6676914209926af2   00000000000000000004005a0000000000000000000000000000000000000000
14000000   6bb7611681a8be6d3371845b2498607b76ecda1af75a4ca18fe5430d748f3d64   00000000000000000004005a0000000000000000000000000000000000000000
15000000   4db3e140a0dc61747064ab0841f977021bf266b87ba6ce0f53cccd0d3a9c03f7   00000000000000000004005a0000000000000000000000000000000000000000
16000000   f658f59312a0ff32e04dd54d03535937d1ec1beae52730f205320570f20c85b9   00000000000000000004005a0000000000000000000000000000000000000000
17000000   2ecd822457f5493ae78e1666823898a09bb77772908a97348697696ba407c66f   00000000000000000004005a0000000000000000000000000000000000000000
18000000   e7c8fa2c9641a5742f787d48c39b1b8b0c686bd5c7b8d50cc065bf30ffe23d49   00000000000000000004005a0000000000000000000000000000000000000000
19000000   4fc796aa52476c6064e376bd6ff3e26462bfd024f96704edc3381b646466515a   00000000000000000004005a0000000000000000000000000000000000000000
20000000   43fb73d4abb79f10dbf0f57fefbae0fc2d9cdc0e679a1784ee16af8e908124d0   00000000000000000004005a0000000000000000000000000000000000000000
21000000   1688d477e1f49e6e227be244e848be8c8a79d4b2a07e69502a0632f31bb49e1d   00000000000000000004005a0000000000000000000000000000000000000000
22000000   3c1e1db21294b8e8b6906f908781e055977be922889f5f91feaa4a448c05d485   00000000000000000004005a0000000000000000000000000000000000000000
23000000   5f02f25cc07668573680b182db4afa3f8263bcbfb73f9a614f9ccda0103b9af8   00000000000000000004005a0000000000000000000000000000000000000000
24000000   3dfa759b6562cb60a11323147bdc44a3fe2d9240ca858fc21ab171ae7ddafa8a   00000000000000000004005a0000000000000000000000000000000000000000
new_height:  827345
debugnonce_start:  0
Mining block template, height 827345...
header:  b'\x00\x00\x00 3\xeeH\xa5`\x1dp\xdc\xdaYl\x9f\x94^\\\xe08{h\x16B\xd1\x01\x00\x00\x00\x00\x00\x00\x00\x00\x00zb\xd5!\x17\x16\x87\xbck\xd5k\xa2\xf3\x8cO2\xc1\xf5j\xa5-\x97\x9b\xd1\xb1\x91\xd4;\x02\x0e\x1c^\x89\xa2\xb2eZ\x00\x04\x17\x00\x00\x00\x00'
0   3fc74c925d94b550db3c6e52aa267898c554c791eb30bb162a64a8198899c6bf   00000000000000000004005a0000000000000000000000000000000000000000
1000000   64a6c76181dd3d38b2af85a16642fb6cd2cb48efc239cdf7dcfea604bf8a2a8e   00000000000000000004005a0000000000000000000000000000000000000000
2000000   ff28f931aa4db8588620e2d24b0dafa9f2b5efd6fb70fe952c6082ea2a280811   00000000000000000004005a0000000000000000000000000000000000000000
3000000   0baa75d5f051c63b1ac116ea2c5f6b308574c440d879df36a9d870fad6877469   00000000000000000004005a0000000000000000000000000000000000000000
4000000   422c5427d06310116c5fc6b4d202dc5492ff58c606f477677ec232dd99304e78   00000000000000000004005a0000000000000000000000000000000000000000
5000000   88caf306402b692eab89c9f429632363113a060d4b7e6f4fbb44bed64de0057d   00000000000000000004005a0000000000000000000000000000000000000000
6000000   bc84a687341130da99e617e85c7557946864da6557dd879a5657ebd609bccd02   00000000000000000004005a0000000000000000000000000000000000000000
7000000   26746e221f397397896edef00caa8f73ce7c8ba47042a349a6476c6f7b40316f   00000000000000000004005a0000000000000000000000000000000000000000
8000000   287f0ed730a7a2ba7fcf66dcc6bc75e4bff0032f881dd6631526993564dd7449   00000000000000000004005a0000000000000000000000000000000000000000
9000000   ac469805ee7d138612af83ef443e68603cdb8f303212a4070c6fc738d087be57   00000000000000000004005a0000000000000000000000000000000000000000
10000000   1736016c5a42c3888dc3e4ad7bd7182f4625785af7ecacfcf11fd7dcba8340c2   00000000000000000004005a0000000000000000000000000000000000000000
11000000   0d259a440614cc8fa6e5922ba790ea304f23e51e3f0d1d05d52f5c2a94a623f8   00000000000000000004005a0000000000000000000000000000000000000000
12000000   899d5e5f295ff893aa9edeb059fcc080a274b41ca12448cc97092c03e295ea99   00000000000000000004005a0000000000000000000000000000000000000000
13000000   dfe0923798353bb0cc6c9ef6fbfc442d11a55ca2489c56676769156521607353   00000000000000000004005a0000000000000000000000000000000000000000
14000000   18c6286a2b2ffdfadfd31f715c6708e49de5983d9d0ea216c3a916d354e73302   00000000000000000004005a0000000000000000000000000000000000000000
15000000   70a60395144c69cab44734162a0a4dfb4dd308cf5aa25ca24022c2878e192689   00000000000000000004005a0000000000000000000000000000000000000000
16000000   ee927c075e1047d8ac5f9d59b5e6f93fb505f69433a8d2f6e88bce7b49af8be2   00000000000000000004005a0000000000000000000000000000000000000000
17000000   c04d57199979b7f2d81a55704f063f6073cd1af3ba6d70b6132fc6bd5c5f7cbc   00000000000000000004005a0000000000000000000000000000000000000000
new_height:  827346
RPC_URL: http://127.0.0.1:8332
RPC_USER: sree
RPC_PASS: admin
debugnonce_start:  0
Mining block template, height 827346...
header:  b'\x00\x00\x00 \t8\xe6\x97\xcb\x94!\xeb0\xb8fY\x95\x89iE\x95\xa0P\xa7\xa4\x17\x03\x00\x00\x00\x00\x00\x00\x00\x00\x00%\xed\x0e\xf8\xc3\x87F?!",M\xea1N\x9c\xe2\x82\x97,x\x81\xe8%XrD2dK\x9e>1\xa3\xb2eZ\x00\x04\x17\x00\x00\x00\x00'
0   2bd02044c4c084e54177e0873c86a3248d901d97d2ca8b0886ffb048d5250cde   00000000000000000004005a0000000000000000000000000000000000000000
1000000   953d49441102c191bff7001ad71096ef129820ba661d024f9916784a4ec08c7a   00000000000000000004005a0000000000000000000000000000000000000000
2000000   3e9ced71b6ba340304c2904c7c149082b198ab75fc52d7d42a3f091093409b05   00000000000000000004005a0000000000000000000000000000000000000000
3000000   a5d51014c4105d15e448dc6e3015d0e84d27356eee4d5fd11d26dfd4cfec9e0d   00000000000000000004005a0000000000000000000000000000000000000000
4000000   0451b723d1f2ca974e545844148a482a1443f54389d1083cbd44d69c34cbe557   00000000000000000004005a0000000000000000000000000000000000000000
5000000   98aa6107b0a4cc1532ca2c153767d11bcbb500a41099ddcb60315b0e1a3d4f85   00000000000000000004005a0000000000000000000000000000000000000000
6000000   3e3ee425e9c99e4653e4c7c41064e2bd3fb08193520c720338ef125a4b05d797   00000000000000000004005a0000000000000000000000000000000000000000
7000000   e44a0092265525cc9a7e7cecfabfe42b2776959e392ba1a52084ec7f2f48c70a   00000000000000000004005a0000000000000000000000000000000000000000
8000000   6691d6c2775b72860797e42c9331cde9cc372f36e5058d7ab9ba2456b85b8e1f   00000000000000000004005a0000000000000000000000000000000000000000
9000000   7ba42df33c9975b4a9638856548d6cecfe5b195c65419fcef350276e39aa7215   00000000000000000004005a0000000000000000000000000000000000000000
10000000   e7f0dba364b0b288abeec84eac0edd1f08f9c1f80fd1509ce43511a7dc159264   00000000000000000004005a0000000000000000000000000000000000000000
11000000   6590f3385b534b224e9f3b667dd47d9d428b8d90dd471538df9761a0dc2ed3b2   00000000000000000004005a0000000000000000000000000000000000000000
12000000   32bc7b225b157db7e009cda2044dfb0e6c6f87dcb56cd1e49c92c1e42bc4c7bf   00000000000000000004005a0000000000000000000000000000000000000000
13000000   5b653c047ddabcae08ca0bcbcbb881b05c15134b41aa168f96425ebf8bed3378   00000000000000000004005a0000000000000000000000000000000000000000
14000000   9e3b9c84cdc08bbc586f6f26fceb44c3dbce12a8c18e483461f9d7d68bf5cc62   00000000000000000004005a0000000000000000000000000000000000000000
15000000   caf41f0ebc7da9d7e7804d632789eccbfbb4a14f01c8c8e2320f2714c6faa180   00000000000000000004005a0000000000000000000000000000000000000000
16000000   5c2a823dbeeace2cc0ec8b7d61b7613cb92d11ded160a6495d6ecef1a20b330a   00000000000000000004005a0000000000000000000000000000000000000000
17000000   72671a9d52aabe9889e42a4e6cf571d5ad7c5d269cf4c34b61523a7e26060a29   00000000000000000004005a0000000000000000000000000000000000000000
18000000   f12dbfa84aef82e4a6d7dc3b8369f75405443092ba55b1eeb754716945dad1ba   00000000000000000004005a0000000000000000000000000000000000000000
19000000   f7014e0567f459bcacdb312ae80fc6bc80aa0b497cd05552873ebba90e9b3d70   00000000000000000004005a0000000000000000000000000000000000000000
20000000   376c89ebbfc01d3b4c56e2709006a24775e79808c4801b64be2ca3fe93137fbd   00000000000000000004005a0000000000000000000000000000000000000000
21000000   a31cf1b2ab5ed60389ff0a2dc4080dcb10d56a3215685dc1b2fce9fe878849e0   00000000000000000004005a0000000000000000000000000000000000000000
22000000   ad65a4bf33dd5dfd1012be33cc3e2d91973a94110f61be24b1d58a67c2dc330f   00000000000000000004005a0000000000000000000000000000000000000000
23000000   cf8997d28c7a903837672dc6563bbc38ed95c8ffadc72e3f91536890113c7bf6   00000000000000000004005a0000000000000000000000000000000000000000
24000000   55ab36112ae777317e78293bb49eba3a640afca2a50a45b8a4cf8b00c1430791   00000000000000000004005a0000000000000000000000000000000000000000
25000000   52320ba62e1f1c188037ab75c04c53ebb23bf95a7b36ab89c59b3d749902eb59   00000000000000000004005a0000000000000000000000000000000000000000
26000000   36811c959a7a76f32382cb5d0c2f9059cd58c505d91f1804c0427fdd17fabafd   00000000000000000004005a0000000000000000000000000000000000000000
27000000   3d5f14c9128e9c3c7c0476c214466dc4906dba8d4d776a33c74ab9ed02bfbd57   00000000000000000004005a0000000000000000000000000000000000000000
28000000   cb684a46f6c6975c9e53df73a2f193d0bead618fcbeceb1d798bffc2e731efef   00000000000000000004005a0000000000000000000000000000000000000000
29000000   a3485b43ec9ef10ed8f219f051316c00fc9c6fd505e1fe795fc334305d4bfd1e   00000000000000000004005a0000000000000000000000000000000000000000
30000000   7f0517cf8c2be90550cf7bbfec12df1a3129aee5f05c411d6e691a5a6c6a2acf   00000000000000000004005a0000000000000000000000000000000000000000
31000000   e61550cb1cf45fd03e6696683e60552597520e5dc593b14d3137a0acde8f160b   00000000000000000004005a0000000000000000000000000000000000000000
32000000   32ef1628a82f82b55f7841b2a9e11455ea1246e37f9f96e0304d031ebfed95be   00000000000000000004005a0000000000000000000000000000000000000000
33000000   85f05b78cc43c2469da25419a244793e4ebb07546fe1fd49ece807bca60ca559   00000000000000000004005a0000000000000000000000000000000000000000
34000000   29ecf24c75d462816b066bf60e574c114bab8be415dd29dcb2e1462417d45112   00000000000000000004005a0000000000000000000000000000000000000000
35000000   4d3a670a4753199d4057489ca7652eede1a12947b60b389ca13eb023d1d73ce5   00000000000000000004005a0000000000000000000000000000000000000000
36000000   77f4363ec888b63ad1357112dc93231fa9ac5f3365e805d1a60557c5e59d7876   00000000000000000004005a0000000000000000000000000000000000000000
37000000   9258b87bdbc36317d3f061963db66082d988ce667d03e1bd5b11dceab641b078   00000000000000000004005a0000000000000000000000000000000000000000
38000000   4c73c081fd4c17ca2cf06689553b5eaae907698c0559f52ab2b84befeb3e0ada   00000000000000000004005a0000000000000000000000000000000000000000
39000000   d0f2df2b6e57a7b698ce904a0d79d554906aa25f5b15a913577281a109a90e5b   00000000000000000004005a0000000000000000000000000000000000000000
40000000   b32ad093717e88b9ce714bc1d4fe630e799664273298bd3f369996b52720ca47   00000000000000000004005a0000000000000000000000000000000000000000
41000000   42ae4b1225aae21715b8f287db6780bf841719f39a675c018609d3a222571767   00000000000000000004005a0000000000000000000000000000000000000000
42000000   00936f73877984f2a6624f247d01b2a4142a734f7ac890646d16747d6eae1499   00000000000000000004005a0000000000000000000000000000000000000000
43000000   8d2fbdfb3e2d203dbe620ed6e7e339bd8ba30f82070f287aa2aeb1c1d2db2083   00000000000000000004005a0000000000000000000000000000000000000000
44000000   0bc4e27248465931b6a12fc59d2391981d92db49fcc357143bd4e300b762ff24   00000000000000000004005a0000000000000000000000000000000000000000
45000000   667f437b962987d1a718a302b27523213a728a7c0915946c4f0d5ceb2ed1ee20   00000000000000000004005a0000000000000000000000000000000000000000
46000000   cf1981feb6bebac3ed50f500c124cc6dee763bfabd4759cd41c4ca6265b8aa66   00000000000000000004005a0000000000000000000000000000000000000000
47000000   48bf92f7cea2d5a5c4901d1ce5cae9a12e669c538f2a32a25eafdda72ef2cc46   00000000000000000004005a0000000000000000000000000000000000000000
48000000   d8b40e2efb1b71e66ab98fe35d9e41499c5f3908a37f75df56a395d5b2eef2aa   00000000000000000004005a0000000000000000000000000000000000000000
49000000   c4a5dbe667ff69c3e1dac57572a9f7d24ff42dc28ff044c06e86834699aa9ea3   00000000000000000004005a0000000000000000000000000000000000000000
50000000   8950c6cc90fdab143d0926b6933007dc620ac65871ba166bd355a29611b31d94   00000000000000000004005a0000000000000000000000000000000000000000
51000000   ea594a4e3b235e1ced5155540d2203272a03fe57740f8a0b026662fb31c9e368   00000000000000000004005a0000000000000000000000000000000000000000
52000000   308815d79a63d9790848584da4a8a34bea20fe6931797eac3241abae7e849d24   00000000000000000004005a0000000000000000000000000000000000000000
53000000   3fc67aa913196f7c600889cd7ce9f4e9fc3faf48ad9eb591baa5f772d772ae42   00000000000000000004005a0000000000000000000000000000000000000000
54000000   5d150b218fd7d04e0d1f3f2a230efc7b58504f21ea7cdb5987b240a60a7d0d14   00000000000000000004005a0000000000000000000000000000000000000000
55000000   ab1e6dd5abdddccadd0ebe76951c6f24555c32deb3fd4acb539a3655f4107f98   00000000000000000004005a0000000000000000000000000000000000000000
56000000   79aa35d8dd73b63faeb8db76c7d6aebee93be95a84effe08a96030d19dd00e53   00000000000000000004005a0000000000000000000000000000000000000000
57000000   e66d42d16a21a84287a112e07e441a96e3ae72402617d9f1defa5c633371e9f5   00000000000000000004005a0000000000000000000000000000000000000000
58000000   35b9be3e33374fa1738b019937705b9cb7e258128786ed0a5f28b6e1418de287   00000000000000000004005a0000000000000000000000000000000000000000
59000000   3df5f37fa3688465ea4b607e52cb2413208842984bd62ad98be4dcf903125fa3   00000000000000000004005a0000000000000000000000000000000000000000
60000000   a717e85ca4743e1ec43d3ede91a97f6af85c77b44d328fd808296c26c4e3caff   00000000000000000004005a0000000000000000000000000000000000000000
61000000   1ba3b3b2db06629a048a117d5795f1645e5033951bccb6995b8b06110bb0a2b5   00000000000000000004005a0000000000000000000000000000000000000000
62000000   387b47f3daed8c3175cc0a2ac418f307b9b40496ca05782f918391f00ec346a3   00000000000000000004005a0000000000000000000000000000000000000000
63000000   23b2e0d7ee7438618fd015149fc53ca4df4a86aad3d855e58c1396a239faf1f7   00000000000000000004005a0000000000000000000000000000000000000000
64000000   98c563738894ed0cf477683582b40b0affd7e5d0f83b87f9e776985b82328274   00000000000000000004005a0000000000000000000000000000000000000000
65000000   b423c1f8f13805e7fd8bbba334ea52af232ac1f7ad185d6a020f25ee18be5d26   00000000000000000004005a0000000000000000000000000000000000000000
66000000   bb426932d1d46c44b98a03700cc8441dfdcfbfb2b50d60577311c7ccf75a09f6   00000000000000000004005a0000000000000000000000000000000000000000
67000000   37cdc8625b1d4fafee9185f918c36ddfa5b05fe2b64c0a4e237034eec7377ff4   00000000000000000004005a0000000000000000000000000000000000000000
68000000   c1dfeb7dce583f56e76b9fe08083eecc83b2073388020d4887e24770fb0c7ab8   00000000000000000004005a0000000000000000000000000000000000000000
69000000   421637f4a7b7730edf183e7d7f1334a94f10e88067c5ba9b5c31ba8bfe4208be   00000000000000000004005a0000000000000000000000000000000000000000
new_height:  827347
debugnonce_start:  0
Mining block template, height 827347...
header:  b'\x00\x00\x00 \x9d\xaa\x170\xe1\xf8.\xf2 \x1c\xdeu\x97\xec\xe1e\xdf\x85Un">\x02\x00\x00\x00\x00\x00\x00\x00\x00\x00\x0bQ&\x04Mk?\x8a\xcd\xdb\x1eZ\xf4\xcf\xac\xb7\xc1\xab\xe6\xca\'l\xf5-D\x1c\xc2\xe3\x8f\xcb(\x05\xc5\xa4\xb2eZ\x00\x04\x17\x00\x00\x00\x00'
0   993274a5d00440f23543e81c9e162158e46df8a3547e53749ff7eb7b43689089   00000000000000000004005a0000000000000000000000000000000000000000
1000000   d097412dae2d0edebdea6b97a2acfe5c0aa291c5714d240ddc9c548651af796c   00000000000000000004005a0000000000000000000000000000000000000000
2000000   e53ff85521ed81a40ebb8a405f6d3cf089aa7d180711feaadbcabd7a8cf4a38d   00000000000000000004005a0000000000000000000000000000000000000000
3000000   3036118f26344ce5c712f6f9a94f8e72ff67e47edccef5a91a7320874c4113f0   00000000000000000004005a0000000000000000000000000000000000000000
4000000   d6d13170615bb6c1f6efd02b9b7f46d44cdcfb5a6c35bc455ab37ba793d31c89   00000000000000000004005a0000000000000000000000000000000000000000
5000000   ff136e3bd8b65460852e4bdbc5f5b05a4e6d810d3af99bc9e595834a61c31181   00000000000000000004005a0000000000000000000000000000000000000000
6000000   4d41aa0f659e40ddb1a3b323e6c9363bd50f8bc140dc95820f9072fc633c6f59   00000000000000000004005a0000000000000000000000000000000000000000
7000000   1e49d0aca220f71d5867eb08748954346c12f98a3b601e0a418ea75f78b2d1e6   00000000000000000004005a0000000000000000000000000000000000000000
8000000   13658c5ed0937b1f0415d1858d34a7028b7f37fcbaa43d042ac0b52356d6ab8b   00000000000000000004005a0000000000000000000000000000000000000000
9000000   495f64fd47253921d90de7ae88701255679f3ccd824f26715822bed963720458   00000000000000000004005a0000000000000000000000000000000000000000
10000000   8f0f1b4ce8296a9fe10208e7c308f726b8a86996a18ee5704afdc4281071f171   00000000000000000004005a0000000000000000000000000000000000000000
11000000   f0cbc747bc52e48ede4ef7c299f88941be6e7ef3caf9e19735b4505b48be1377   00000000000000000004005a0000000000000000000000000000000000000000
12000000   d602d6c22dcf1f618bb54ce1467c9ed9d882b5fe31b053ec4ff819a006055e48   00000000000000000004005a0000000000000000000000000000000000000000
13000000   31989e04035930e69618993a73ff41792bf1e6f8d4597db77d56b6e13fdc7fca   00000000000000000004005a0000000000000000000000000000000000000000
14000000   e5140f4ff79ea121373efb9f5b9622cc7d94532f556af0e2e9a61cb64d876c3e   00000000000000000004005a0000000000000000000000000000000000000000
15000000   5593a65ae37df7a2748776b84857443718e7c53a46f52118fba833f240f33170   00000000000000000004005a0000000000000000000000000000000000000000
16000000   c3cee988f7ed9238ce134d0c7372810ef4a4d706177e8a93a28450130cb62b1d   00000000000000000004005a0000000000000000000000000000000000000000
17000000   df0c72d5898ccbebeee30a39177dbb39b0ca1d99f411d5b0595f476255eed83c   00000000000000000004005a0000000000000000000000000000000000000000
18000000   a04eedfa44954fb792d808dad7ceae7121d6d907c3cf27900b66ea2a15bf269c   00000000000000000004005a0000000000000000000000000000000000000000
19000000   2c17c2283b775dc17f394b29351228154d86df2eb8b50c6d250645ef395cd557   00000000000000000004005a0000000000000000000000000000000000000000
20000000   4603832e0caaf49a5c17af316c4f4bd3540bc42ec90bc9e3dbecba2040d4ea53   00000000000000000004005a0000000000000000000000000000000000000000
21000000   d9862c2a07078c5f0fee6d5bc3db618c29793d7f0cbbf507c9e06ef3d82a729e   00000000000000000004005a0000000000000000000000000000000000000000
22000000   864bca62de864b4ae3271353e8ea2b3bef23e86cc709ca72a24beeabfe742677   00000000000000000004005a0000000000000000000000000000000000000000
23000000   caa19b20f14f8c31d54bbc5ba7e02871c7e642aaa5f6a845f6374ef1bdd84124   00000000000000000004005a0000000000000000000000000000000000000000
24000000   67a064426e71f9bd79011b1b3dcecab9b679a0f76c2540a919b24fd3ad9478ec   00000000000000000004005a0000000000000000000000000000000000000000
25000000   66e8e18c48333529d0aedaa9a882807f1d2144a5d845ae04fb335bfda54c055a   00000000000000000004005a0000000000000000000000000000000000000000
26000000   eabefc328435d42941eb7146d937f765ce23a53c842486aef627f3d1b7fc181b   00000000000000000004005a0000000000000000000000000000000000000000
27000000   9074684bfbf50bffa9ab0f2b5ae4eb792328912a8f148a37f04e3f83aef3c4e7   00000000000000000004005a0000000000000000000000000000000000000000
28000000   4909780faa63b9c4d9b134e5067ac8b68175a2a629007bd4e34c929ff80f76ac   00000000000000000004005a0000000000000000000000000000000000000000
29000000   49ba6fc4f1863a9406b7bbd31c08b30f4afbb624ed378a059cba95666866ca1b   00000000000000000004005a0000000000000000000000000000000000000000
30000000   ed78a41b06676251fc60478621eaf21e30115dba25b0d52f31141d5a46c8e8cf   00000000000000000004005a0000000000000000000000000000000000000000
31000000   208ba782616eefbdb058f9d769758930ada600d5d86c01272b937613d7f31d72   00000000000000000004005a0000000000000000000000000000000000000000
32000000   026f1db6baea5f63942a45561da1763eeb84e3d373fb471b9e2b98a306b09752   00000000000000000004005a0000000000000000000000000000000000000000
33000000   6fb829af1d445a97a2954d740f02636416206b2fe500f0436188c42f80261386   00000000000000000004005a0000000000000000000000000000000000000000
34000000   0ffa875f417bb00f2f55facd498c29eacc9b0036ec18fbac8a26d01047e0651f   00000000000000000004005a0000000000000000000000000000000000000000
35000000   62aade2efb8ac85469b3d5be7b3155a25265b2de83833577fbef17b0c16c52a8   00000000000000000004005a0000000000000000000000000000000000000000
36000000   3b2ab23a3c7bba5c0d2da08d85662f2749c08c588bae40feb85ea52ccfbdc18b   00000000000000000004005a0000000000000000000000000000000000000000
37000000   b1d06708d77478bda17175b299a3c1d8356f076ab181c3c6b09923b9d603f209   00000000000000000004005a0000000000000000000000000000000000000000
38000000   bf9bfe36eb4f752276d62e7f7d389e011a0bc1c031bbce5b854f2bc4cac9379d   00000000000000000004005a0000000000000000000000000000000000000000
39000000   e8adcfc845a52ae463dc18c3fd4896e0e8ba840b65bfea71d12a487fe28c8878   00000000000000000004005a0000000000000000000000000000000000000000
40000000   0c58262d2d4d8b5165f4d1f5182fbad853f0a230aea97cff84d15eeffffda553   00000000000000000004005a0000000000000000000000000000000000000000
41000000   1963ec7d1961a4a391e621507510fa55dcb7910b5c46761e97e799828500b29c   00000000000000000004005a0000000000000000000000000000000000000000
42000000   64d860bb4b8a8b444fe30126de5156e3995f3a7c68a2f38feb9d4fe02d7c4668   00000000000000000004005a0000000000000000000000000000000000000000
43000000   5e796d21c5171ae0ee21057ed626e1d9fbba89bd74a73834f385d2f00a97e1a1   00000000000000000004005a0000000000000000000000000000000000000000
44000000   3019bca2ba1cb016ca6a294c81260fd2080bb6f7acf7786d8647d8da03fb6ba3   00000000000000000004005a0000000000000000000000000000000000000000
45000000   60c2d1e56078eac776f3d037b0464c710448802067918efb98613c3fa5ff8b8a   00000000000000000004005a0000000000000000000000000000000000000000
46000000   9d66705b1868c760c277f04d06ce0b4191329993874b728a50d548b3b59ac158   00000000000000000004005a0000000000000000000000000000000000000000
47000000   2fd727c58888b2d1f39bd8f81fb674472c11715183edf7684cbb7e463f244a48   00000000000000000004005a0000000000000000000000000000000000000000
48000000   ae8dc46f57a1c397a4f39e8c7d977ea77dac2ce36cf344bf2792c4bef3641605   00000000000000000004005a0000000000000000000000000000000000000000
49000000   216c1bcbb6bb8ed61f68985f396fbb0be4b9dbf2e781bf55965e332763eb7abf   00000000000000000004005a0000000000000000000000000000000000000000
50000000   646ee41586b8c0f0ab2c1da53607180fd014d94c0b0f0ffff3668b86738e11b9   00000000000000000004005a0000000000000000000000000000000000000000
51000000   ce92250a60ecbd8f9a7fa5f799ab2297509841c2fc63831e1eea35420451442e   00000000000000000004005a0000000000000000000000000000000000000000
52000000   2a4f7201831c9374faa7fe300e1204eba54ceb51c2a5153a45ebde84f727936b   00000000000000000004005a0000000000000000000000000000000000000000
53000000   a69f30a49553c9e6147b41d4a97f1357259f147aa2cc807c4012be78330e5c40   00000000000000000004005a0000000000000000000000000000000000000000
54000000   6a55ed3103b4eebd0952e40fba99d9650f24fa554a2dd3b50c7abfb7aa0a3d22   00000000000000000004005a0000000000000000000000000000000000000000
55000000   997939599d03bf6d2862f912e1781446fc3a46d810a2817c45d13bdd175adf10   00000000000000000004005a0000000000000000000000000000000000000000
56000000   178215fea557e30009ec69b470ead0801eddb91464c3fa1483a337ccc1168a9e   00000000000000000004005a0000000000000000000000000000000000000000
57000000   80a33ede90ea514ce1ae412f700d8fe4e9c5251990ee1397a8c437f79087d2ea   00000000000000000004005a0000000000000000000000000000000000000000
58000000   61fb762e5a5765e4d2e92c2ef4f6a90c333725f7e390bda559172c5c872e1295   00000000000000000004005a0000000000000000000000000000000000000000
59000000   943c9505e9ec369cee354b3a0d4b71b4f4c60130de2cbf920712f4d64c89659c   00000000000000000004005a0000000000000000000000000000000000000000
60000000   73b4186e1eff53814d5ebef01d8a39b4075762210a1256ca752014322542d47d   00000000000000000004005a0000000000000000000000000000000000000000
61000000   72f20a986900361baed5edaa2dbd9a2f8b42e089223fab75351654e40f396bec   00000000000000000004005a0000000000000000000000000000000000000000
62000000   4c9352ecad4fe4b8bf7b49dee20c20edf3faff7cf9d31406420481477e578a7c   00000000000000000004005a0000000000000000000000000000000000000000
63000000   8974cadb32333a0825cd9127a57f109e7a0b95d75de7d63dd631f6ae9c6b6574   00000000000000000004005a0000000000000000000000000000000000000000
64000000   14006420f724640e7299c78215fafdbeb32b2ef12d765851fba7124fda0218fc   00000000000000000004005a0000000000000000000000000000000000000000
65000000   6ab8501d2ebab7fe488d9e47b038bfc0861c8d2cde8bb183f5056439410c8f7c   00000000000000000004005a0000000000000000000000000000000000000000
66000000   cc37be04d6ec3317ddee324feb3afd6bf4f2e7a3b821f3e3f7fd55ba785a5eef   00000000000000000004005a0000000000000000000000000000000000000000
67000000   0d07de75ee0d116e57731e47b57412c7f7fa7fcfa54dab43d0de71b28bf6e8d3   00000000000000000004005a0000000000000000000000000000000000000000
68000000   60712f2596461f59ca181780caa0522f6b04e2593b4df99f892ee5f6b26ab93a   00000000000000000004005a0000000000000000000000000000000000000000
69000000   4d0e5002dd7d26e494f2cb98f376a9b685e959e1fa3027049bb5c74498653c4f   00000000000000000004005a0000000000000000000000000000000000000000
70000000   ded8c274920c95f057ef94a0ac47d1b28921f84f118237752ff3a4928d005d37   00000000000000000004005a0000000000000000000000000000000000000000
71000000   5d6221290d1819e61763e998c9ac9dcd4bf0dc4cf02054f9e132f5d60735ba6a   00000000000000000004005a0000000000000000000000000000000000000000
72000000   65bd3986df2b8cd0b65a30737cc603681f2e09e48bf2710c7110b26ed1aa2910   00000000000000000004005a0000000000000000000000000000000000000000
73000000   12885ff0ff02bc0866419f94da2f42ccf6baa95a7fea099456989e7394cec370   00000000000000000004005a0000000000000000000000000000000000000000
74000000   ffa71eaf0b93fcf33d516d8ffa52124cbbdf8403820c1154b0d8cf6b18eb3a65   00000000000000000004005a0000000000000000000000000000000000000000
75000000   99cfca12e3affe526f891a8bf0c60e6194035ecd923206a20ab380b97628e1d3   00000000000000000004005a0000000000000000000000000000000000000000
76000000   4dbe8200e712c1cf1133611d816f4139fe09bd12f789e6b5321dd0f33a77127d   00000000000000000004005a0000000000000000000000000000000000000000
77000000   311b4d9c9a57aa69e048a074f0bde1df0b4d24d63bcbbdc30b44a9fb2fc62b9e   00000000000000000004005a0000000000000000000000000000000000000000
78000000   d3809885bbc6e8eb348137d54c18573450cc163885c7e314778669473f0be36c   00000000000000000004005a0000000000000000000000000000000000000000
79000000   3c4a52905ef95772bd2aebcccf203d2b421b76c7ef0058f608b5b154631c0b83   00000000000000000004005a0000000000000000000000000000000000000000
80000000   8510af998fbda93d2e6781c169bbc419bf254fe830afb04162d1cb449daf22ca   00000000000000000004005a0000000000000000000000000000000000000000
81000000   d3d968dc314dbde05f40afbba6d01651477ff7eb9a45f8b6b021a28c4c9781ed   00000000000000000004005a0000000000000000000000000000000000000000
82000000   31e3b330c26674a24063d583aa4d8696f294dfdd22c95bd94c8675eed4654813   00000000000000000004005a0000000000000000000000000000000000000000
83000000   7de679e46911c14588f271bb6708755a9ff90b036611b33a88b943df4a6a24cf   00000000000000000004005a0000000000000000000000000000000000000000
84000000   f230db48769fea3e4803c433596e4a16f04e8f975fe5c10e45d352960aead187   00000000000000000004005a0000000000000000000000000000000000000000
85000000   e107c87eb96325660e8d9f484cb0d35241f49bb28d0bcf3c1e11665cdf2a9015   00000000000000000004005a0000000000000000000000000000000000000000
86000000   0016b5b919774c4286cd418ccde530aa96fa481f2241b7e00dffabb65d0adaeb   00000000000000000004005a0000000000000000000000000000000000000000
87000000   0cbeca5d327e4564581e2ff4db394f6cc6f834812bdbb69bd6f7527c90ee2fe3   00000000000000000004005a0000000000000000000000000000000000000000
88000000   683643c35a405ddec4b34c7c324a7b950762b0565e6c7965a7b194ba6d5df212   00000000000000000004005a0000000000000000000000000000000000000000
89000000   0c8c6666c9ad6b74680f1925510704be472a5add3fcc6139c245d6dbf66f60eb   00000000000000000004005a0000000000000000000000000000000000000000
90000000   ba76053f616411883bf6222b042cd61018183ffa657695df99d9332607a445c8   00000000000000000004005a0000000000000000000000000000000000000000
91000000   0e0c16d399d2999e717e351eaee7eedac7471e7c19845e719ed5a32410dceb76   00000000000000000004005a0000000000000000000000000000000000000000
92000000   5ec454c13d32a2238c756e78ed329eb9fa7b41d2237acd4ba47f16f0b6fcad16   00000000000000000004005a0000000000000000000000000000000000000000
93000000   094e63188a593a6a133be8fd95a1e72c900b3c95223c4196ca766b01665c15ca   00000000000000000004005a0000000000000000000000000000000000000000
94000000   5d8b89371c28e8e75f9aaf32ac4c95c238cecfd9968afdb8c8825c7ce8d4e430   00000000000000000004005a0000000000000000000000000000000000000000
95000000   d53b9e90db7e0f5477c3026034982ed4a13499d1c87580bfa378fb5f33fd68d1   00000000000000000004005a0000000000000000000000000000000000000000
96000000   f0e8983e8f8288579c46643181d85b306b64d8e79f3e462d92d4f44673a6817b   00000000000000000004005a0000000000000000000000000000000000000000
97000000   a549403df4c1b08e222288d17e0c57f99a28149ddf1d4a2e7d30e15979ed05a3   00000000000000000004005a0000000000000000000000000000000000000000
98000000   d120d6572903040c8a3809ec134dd864386027dce3b08a83ee2a4754e6796847   00000000000000000004005a0000000000000000000000000000000000000000
99000000   897eff148e70ad20e3c285f36034dd0e357a36ec5ee23192115f24bd2a3b74cd   00000000000000000004005a0000000000000000000000000000000000000000
100000000   b27cbfd8ac66ba9fb28961082e51091c43482b31a90beea601becf8215f8b76f   00000000000000000004005a0000000000000000000000000000000000000000
101000000   7496ccc28b9d9aa62849354b98ad5b75d7ba362ddf4362cd4136d3968fd5fdd1   00000000000000000004005a0000000000000000000000000000000000000000
102000000   39c5f44c3b082cfdcf53e0cc9b9d200a637664539c41ad66674c9f6561dea203   00000000000000000004005a0000000000000000000000000000000000000000
103000000   36191e5f062ebe11fe703f0fcaec73cccd0e061d3029260856fb046a6371546d   00000000000000000004005a0000000000000000000000000000000000000000
104000000   e029866e8f187909ac5db73e3070e27f2e14be11935ada0adf2ef0a4c9101b9a   00000000000000000004005a0000000000000000000000000000000000000000
105000000   d7cbafe174782b1cf9647dcf2fb4a19ce27b5ca666aa1263633cb6af70c5dcd5   00000000000000000004005a0000000000000000000000000000000000000000
106000000   747379a82e3f0b0d545551812cd00d54500c4778fcfff36fca5d0263de702920   00000000000000000004005a0000000000000000000000000000000000000000
107000000   111a0ad657a6716514c389200d7a3de6daa9311dcc80611404c06b4ee20477dc   00000000000000000004005a0000000000000000000000000000000000000000
108000000   61c5716be4ce55509ef12e3dfe4f57cf375ee69ea5f35ca86be6ab6185f3426c   00000000000000000004005a0000000000000000000000000000000000000000
109000000   0cf04607580555d6c6b124eb18a47ba71854902a91986a7a6891662450f00cae   00000000000000000004005a0000000000000000000000000000000000000000
110000000   7b0f71462834f547424ef1bec89c8814e9347bb77871c93ef407afa7e760935f   00000000000000000004005a0000000000000000000000000000000000000000
111000000   00ac8d36f544741ce5166ebbf91b99447313f237885ea8b7618ca022ad69b129   00000000000000000004005a0000000000000000000000000000000000000000
112000000   a16ec9dcb774cd35685d0a84be51b86833f0562648e8218dc55e7cbfa84ca560   00000000000000000004005a0000000000000000000000000000000000000000
113000000   931f4ae16230b6e8188051ce17d6820e7b30df5f04aa16bba1dfbd2b1570b4d2   00000000000000000004005a0000000000000000000000000000000000000000
114000000   c44c630131b982c9856fc0e7eac709fb341f7fd1c00b195594dd3766e16e5bb9   00000000000000000004005a0000000000000000000000000000000000000000
115000000   f9ffff92ebe452d024f45e53c69c650f811bdb617af40ee6789109754527c42e   00000000000000000004005a0000000000000000000000000000000000000000
116000000   d3895f98d7ab3c28118d43118892f7c4dca639794e9bfa5a9e1930eadb9dc6c2   00000000000000000004005a0000000000000000000000000000000000000000
117000000   fe305c8cdead31532eb9fd3ec0b4a3dd1caecde0f4c8d9bd7ee7ec1e7488345c   00000000000000000004005a0000000000000000000000000000000000000000
118000000   d44eacc2a9d075ddd5b77c1b925677c97b53e7f8994c56c9117e394e60fe6d31   00000000000000000004005a0000000000000000000000000000000000000000
119000000   22d9b1467369af2de5fbf84dfdf73582d4b6cd6540202847ca373579baeb9890   00000000000000000004005a0000000000000000000000000000000000000000
120000000   c5f70893be037a712dba8f842788208832e7df29183cf3b08247b85ed0d019d8   00000000000000000004005a0000000000000000000000000000000000000000
121000000   350dbf4ef02af04287144751ff6be216d488203a58f25dd9511a46f75b1af03d   00000000000000000004005a0000000000000000000000000000000000000000
122000000   9375790d9935850388a7f36d9938fdc8e16cb059c404e7e676fa06bce8f25254   00000000000000000004005a0000000000000000000000000000000000000000
123000000   3b6329aba51d4a2dfcc4022962a4dd079c95f6dcbd772bc5ef690c9b11dc2f3b   00000000000000000004005a0000000000000000000000000000000000000000
124000000   55998ff2f1e37249bfd50fd7e14d23aba6a657c1467e10d4854e405db9114635   00000000000000000004005a0000000000000000000000000000000000000000
125000000   f3b06d2c7469c32a36ee95e1e5bdbbb767cd3e45c61ce0465602e38fd44ded6f   00000000000000000004005a0000000000000000000000000000000000000000
126000000   10843f0aebf9b538eac556b32d340bc07a98a4fd5874a7dc6952b0dcde67ec3d   00000000000000000004005a0000000000000000000000000000000000000000
127000000   b716d6fd73ca4365668054734d9c73fb255c998882615852a4d1fc504a3a0306   00000000000000000004005a0000000000000000000000000000000000000000
128000000   2f9deb6d9760ee77399107d7d316449480baa06b59538a359bd8e6300bb10861   00000000000000000004005a0000000000000000000000000000000000000000
129000000   21ccba7e68a8cc23667c3b2ffd6c66de443208e97be4e85ed942f600129d80c1   00000000000000000004005a0000000000000000000000000000000000000000
130000000   68da35739719c0fa1dc0822e2dadd5006adb9f5c24571cc892aed9175be49c15   00000000000000000004005a0000000000000000000000000000000000000000
131000000   f09094c1e65c1fcccc74f2c9469343d2cf1f5304932f6caa8dc5c1eadd0be485   00000000000000000004005a0000000000000000000000000000000000000000
132000000   2740286ace5d5f1731f31e020beeaa3c4c59567e2445beee3d7ca6d6b4de1bd2   00000000000000000004005a0000000000000000000000000000000000000000
133000000   40eb9534b020b03945b8bdc6380475e90f540b1da8544601c1196d405e7a43d4   00000000000000000004005a0000000000000000000000000000000000000000
134000000   edec0217c527fb575b6c9aa0c910e048cf2a36ed33c896e985eb4d5ca7eda694   00000000000000000004005a0000000000000000000000000000000000000000
135000000   b5bcaa753394bcf62d9c06f52eaa781b046bbb5786147aa67ed134a3cb89cabd   00000000000000000004005a0000000000000000000000000000000000000000
136000000   30815352a831fd0fee97e8a0f378bab344a45f8aa217130d8e5cd2b9039341b9   00000000000000000004005a0000000000000000000000000000000000000000
137000000   c2321b6eca81cb9876a7a57d7cc3ee12cbd555d4e30939972c3ce7fc0bda0540   00000000000000000004005a0000000000000000000000000000000000000000
138000000   add54f6ab2e646671a38238375fe61f54119a9b2aa093b123dfe53ffeb29888d   00000000000000000004005a0000000000000000000000000000000000000000
139000000   13961ad966de86a735c62d3f83b31a449dd892f9655fba297aca0d6a600cd5e3   00000000000000000004005a0000000000000000000000000000000000000000
140000000   61d9aade4a097af677271eba97396c5e86e0667bd7b9497f7b54bb658025d34d   00000000000000000004005a0000000000000000000000000000000000000000
141000000   aa521f2f608e3c8a8b8753301e95733d1c6f688c09c151a6dc52bdd2e1560bbe   00000000000000000004005a0000000000000000000000000000000000000000
142000000   3f55cd05a47185fdae36d1f430cb631b399e9d5320318484002eafc451a524d9   00000000000000000004005a0000000000000000000000000000000000000000
143000000   e4bf37015fe59cb8a051cd16cfa93bfc46b5516e91cf6d0ce4c76226efb84623   00000000000000000004005a0000000000000000000000000000000000000000
144000000   8073d610f78ce66832af6b83b5441978e8f6214dfe89f0d4755b3696368c8fb6   00000000000000000004005a0000000000000000000000000000000000000000
145000000   b7eb3287cf2c80c004fd314fe963da408c60046eac89a6b5cfd40e24bb89eb90   00000000000000000004005a0000000000000000000000000000000000000000
146000000   cedc5ed71faf852049e8985760af9337108a499fb1be6cac89532d1b26a07655   00000000000000000004005a0000000000000000000000000000000000000000
147000000   5c8095f87183e427390e35106c62b3fb1a895fea771390228b0f17676f0c1d4e   00000000000000000004005a0000000000000000000000000000000000000000
148000000   30bf353582f92e19342178ada29b13ca8b3b5c850a2613552a9b8eb98efe1f02   00000000000000000004005a0000000000000000000000000000000000000000
149000000   80a0cbddc03da660b1d70638b0aa2f1fa8d607b405e185562253673c998a1600   00000000000000000004005a0000000000000000000000000000000000000000
150000000   83486c65bb681ce96f5d91482e05993dacac00495a0881cd34feb5ebe6702b96   00000000000000000004005a0000000000000000000000000000000000000000
151000000   9e7a2c491fb8e661c8de76d48412ea8a25e252c1590286be4ce79637ff863f66   00000000000000000004005a0000000000000000000000000000000000000000
152000000   5dc680493c05998e5d9378a4e04e8adf6fad186d2e0049f811833afca767aa3b   00000000000000000004005a0000000000000000000000000000000000000000
153000000   d1dcfb5bff727d2e86add58aa6f73f8a09e250bc4fc02b220b1a251508bf6f76   00000000000000000004005a0000000000000000000000000000000000000000
154000000   8eaeb4dd17fce2b85ba79ea29bd874bb9429147ece8fef06f2f1817cccdaa94b   00000000000000000004005a0000000000000000000000000000000000000000
155000000   61953c2d58e1085e195abd019b8374e0d28ac7f45cf7358cb7cb8a7fc4499bc3   00000000000000000004005a0000000000000000000000000000000000000000
156000000   48241ed551c569b65ea18128194a4e439690601626a9e5df39aaf1e5bff8460e   00000000000000000004005a0000000000000000000000000000000000000000
157000000   90fe01522ab14bb520fe1e99147f34b0efeb6650e4ed2f28938751b76b28b622   00000000000000000004005a0000000000000000000000000000000000000000
158000000   67a54ac434e7970b0fad3c8106fa14686051e501f3422cee03bce2d62341602f   00000000000000000004005a0000000000000000000000000000000000000000
159000000   b0df0370f36b68fb7caeb445efb6212fed6f5235d08923089bc1f4a866a301b4   00000000000000000004005a0000000000000000000000000000000000000000
160000000   b05409d931deb5a245e8f22e95f040e3d5fe150c04d8bb489e110136931cc6b7   00000000000000000004005a0000000000000000000000000000000000000000
161000000   a538c37c23bdf185b342dc46f6ad57e8ed7088ca5665b7938bf7d3ce75d75def   00000000000000000004005a0000000000000000000000000000000000000000
162000000   66a05bb9965f19f0ab26980c47d53bc1591f8d312d06086c39bce1335b251b8d   