debugnonce_start:  0
Mining block template, height 827458...
header:  b'\x00\x00\x00 \xf7\xa2\x89\x88\x01f\x153\x13\x82\x08\xab\x16LF\x8b\xb0\xc0\r\xf6l\xc9\x02\x00\x00\x00\x00\x00\x00\x00\x00\x006\xa6eM\x85\x04\xa3\xcesR\xc1\x10;\x98\xab\x0b\xda@\xfb@^\xf7!\x0b*\xacS\xe0|G\xef\xcey\x91\xb3eZ\x00\x04\x17\x00\x00\x00\x00'
0   46a4678a45d9e1acb0b85a99776c15e8a372f3f142535d759e27e6d483934062   00000000000000000004005a0000000000000000000000000000000000000000
1000000   9c942e39b2016ff758f61d78d134ed8ac60528b461f9ee5e2f78ca5e62988299   00000000000000000004005a0000000000000000000000000000000000000000
2000000   c4cedd96d09faf70b2ba25830768f9703dfb671138a4dd27b9091be1da500bed   00000000000000000004005a0000000000000000000000000000000000000000
3000000   c82a473c08104ddfaf919ff4d324e0498f22f228924e36f1bcc38041d287d656   00000000000000000004005a0000000000000000000000000000000000000000
4000000   1111d3cba0d798fdd3e8080b55b3b220e78d47305034b744f8690bb9b4f1722d   00000000000000000004005a0000000000000000000000000000000000000000
5000000   03626e5068db8b88976074f85183e102b7daa78cf8eeed5335e1f3ba0ec58432   00000000000000000004005a0000000000000000000000000000000000000000
6000000   cc809778430c68a1aee1587754d2770dfb08921360a151053a012c269f1d3e8a   00000000000000000004005a0000000000000000000000000000000000000000
7000000   24f4cef6b81c2c10a5cde1e637b319b87aa879063cfbe4aed7a06c08678cc40c   00000000000000000004005a0000000000000000000000000000000000000000
8000000   522aef57e9ab127e8649cae738b4797053241b5e7e99af04f6ed9bf305181506   00000000000000000004005a0000000000000000000000000000000000000000
9000000   649a5e3a3a301274930d1623f3d44fc5a36d4701d0d428c13a5c96fce6a773ae   00000000000000000004005a0000000000000000000000000000000000000000
10000000   9937cacc4d376e4f4515b7eb07e61b01038836e7880bbc7d53d621aa331c73ce   00000000000000000004005a0000000000000000000000000000000000000000
11000000   2e8666d9abeabcc3c884209b9a3e5695661e37df1e9d2bf5b5217165bd2b8fb8   00000000000000000004005a0000000000000000000000000000000000000000
12000000   f27b0e46c45da2a0dcf2789ea1e89a128263bee828b7587b02cca1809c84aabf   00000000000000000004005a0000000000000000000000000000000000000000
13000000   bd2f7114ef993cd68d60d6c870b38b72346496e3e8aebad1d73dbabce110b85f   00000000000000000004005a0000000000000000000000000000000000000000
14000000   2cbdbc6a0edbed3cbfd6f0155229e8cdc88ee360342c6b82f55618f1724291c8   00000000000000000004005a0000000000000000000000000000000000000000
15000000   9c41f1f272ba04473ae7b0a1abea1dd96b972f7c1917a9b0b78c196871350d98   00000000000000000004005a0000000000000000000000000000000000000000
16000000   c82509ca679e48c8b9e55ce01f455e892c0b8bd8dab8773971969f639ace7163   00000000000000000004005a0000000000000000000000000000000000000000
17000000   75e8a90d9ae44255338cd70fdc05d853a05f97640d98fc0e4f358601cab00c10   00000000000000000004005a0000000000000000000000000000000000000000
18000000   bee514b2948f77905dc1648f2ed19c091e0d954a0127bb7f5856878d21445a49   00000000000000000004005a0000000000000000000000000000000000000000
19000000   8c6acbee3c23d5859b4862d965ecda1d0f09fe55a1ebc5f9ca79211fff403a8d   00000000000000000004005a0000000000000000000000000000000000000000
20000000   bb32136d46b32157bc6b0e4830376e503cb5003020c309c765a43ff21513bf13   00000000000000000004005a0000000000000000000000000000000000000000
21000000   5cb3e9e3b4b6f46dc959ce762b17739c9e13c00dc33edf97d4d618f014fad4d7   00000000000000000004005a0000000000000000000000000000000000000000
22000000   46a0a031ddd88806dcda55b67537846235dc5aef3e306674f681f89b40fc0eb9   00000000000000000004005a0000000000000000000000000000000000000000
23000000   da11471af13933ebbc1876a261ba1b878cc42e226b8e83970e0401db79a38f9e   00000000000000000004005a0000000000000000000000000000000000000000
24000000   e834750e0640d9e4b220db893dcc0b9125fd33321b20b80b77e85156634776f3   00000000000000000004005a0000000000000000000000000000000000000000
25000000   8baeb5bf915fcb89f3145afbcd634cc7144d74d6a3cc85b528dd39686c961d70   00000000000000000004005a0000000000000000000000000000000000000000
26000000   3ffbb96832d2ca0238a71b40578346641f6ba74552d1071efa36a8ad78c6ab95   00000000000000000004005a0000000000000000000000000000000000000000
27000000   ad70009638625d4969c1e0157d5b39eefb43873e67b841ad9d066a7647ab2423   00000000000000000004005a0000000000000000000000000000000000000000
28000000   27ac37a8ba868722477f9d72532271a6ca85564bae71fda0ffc8ce4b5f17e85f   00000000000000000004005a0000000000000000000000000000000000000000
29000000   3d71135bdddb6fe008221840c751f42eaed89a077a0e3c92396d83d7b5e1e613   00000000000000000004005a0000000000000000000000000000000000000000
30000000   4b77907a5b928e2f3dabdbd0f556c05b2ec6b4b8a9871e4a933faac5c6b46bec   00000000000000000004005a0000000000000000000000000000000000000000
31000000   5bbc3db8ee5ab670d1c7a7ebbe4e2a7cd0a74716327de587c9a059190fccc274   00000000000000000004005a0000000000000000000000000000000000000000
32000000   f81e2295a12fc7bf49b98551dd24a2e73265b5d64c9739df211ab0498bf74764   00000000000000000004005a0000000000000000000000000000000000000000
33000000   51e4ad2a8bb25fe94276a260050b3f6470b2dcde102ebfd6ee8313f46a31ef4e   00000000000000000004005a0000000000000000000000000000000000000000
34000000   719e084951a35c7c53e8fab8a528bce592554fd7d836f3cc1454e34af1186f9c   00000000000000000004005a0000000000000000000000000000000000000000
35000000   09013200149766eb14a0648810e16fc80f9b1830e724ae80fd1ec739bf1afeee   00000000000000000004005a0000000000000000000000000000000000000000
36000000   1da88080b5660a3e8a8dfb106db66e36357c9e30b0f94943f68c3150ff244b31   00000000000000000004005a0000000000000000000000000000000000000000
37000000   372cc87acf3597679a79f306598335d9c351cb65d40270bbcc0b61542fe2366f   00000000000000000004005a0000000000000000000000000000000000000000
38000000   9a4c2d82f348c3d24ca56e65c6b415f53f96037676b72617dad5d04bce60b6b0   00000000000000000004005a0000000000000000000000000000000000000000
39000000   2c983166f264d451e96f19ab81c41fcbe0f0b49c0e3efb5e19c895e419ba5c81   00000000000000000004005a0000000000000000000000000000000000000000
40000000   479db4cf154e760f6ff2f7c342e37ce8837bcf8de306f76ed8a211b6946878cb   00000000000000000004005a0000000000000000000000000000000000000000
41000000   f46663a996a92453a35fc4a7ae732aedd2ed030ff2fd0cf69053345757d7d7a4   00000000000000000004005a0000000000000000000000000000000000000000
42000000   51f7025adb945d921c5424367e99f0a28237e964a7f9fe21b9df465bdf7cc65c   00000000000000000004005a0000000000000000000000000000000000000000
43000000   fb03c30c552f13e75dbf3ef3202d494b2ad1cffca4585c02271a14a026be3a20   00000000000000000004005a0000000000000000000000000000000000000000
44000000   2ada9d6eb335e92fa12357a8131a5a66355804194143e2930e3fc7e8ea860e88   00000000000000000004005a0000000000000000000000000000000000000000
45000000   fde663ad5fdb2608228035b3626e5a62735a7f152e3bd8553a17159f2614d2db   00000000000000000004005a0000000000000000000000000000000000000000
46000000   3e33ef3aacb2c995518054b270bd24e2e21d6683560327811ec70e934498ad12   00000000000000000004005a0000000000000000000000000000000000000000
47000000   d7c938c174399cbe92a0480e85b0615669bd474dac2dcd3c291dd73467f3fab9   00000000000000000004005a0000000000000000000000000000000000000000
48000000   e745ccf93d4261542f5d5e0ee7f283ad810f27ed14004b26a06978a179320554   00000000000000000004005a0000000000000000000000000000000000000000
49000000   8b44b6cfb4388a650ef4762d807b7ba853b460eb96cfd22b9994cc42719e3afb   00000000000000000004005a0000000000000000000000000000000000000000
50000000   6abb1475de87186eb9313c4e306ce999469c03f0007222cee087bb44a6c55eb3   00000000000000000004005a0000000000000000000000000000000000000000
51000000   b37ab438fd4157c5d4af200de16ddedb668392256ffa39b4b1db6ae777414b1a   00000000000000000004005a0000000000000000000000000000000000000000
52000000   660bae9be82f5f8ce00b52785e259da6c4b6d79cdc286776062f7e8c3eebd610   00000000000000000004005a0000000000000000000000000000000000000000
53000000   07f66dba8e26defab2626ac181db50a201a2ce6c392067c3c65e28ff38ef61c0   00000000000000000004005a0000000000000000000000000000000000000000
54000000   b8b4839cb77c076fad7d61211e8f9a3e98b0fbedfaff304fe50970409ce51160   00000000000000000004005a0000000000000000000000000000000000000000
55000000   09071567f0f49465c1939dd18d45a8958c1cd064e472608d4f748c9f0f5708c4   00000000000000000004005a0000000000000000000000000000000000000000
56000000   db37c75323e054a258e30ee627c114cc02c3e84793dc7ac57241622661c2a26d   00000000000000000004005a0000000000000000000000000000000000000000
57000000   111157aaff0c84a07c732c74fb59d519b54b43c7e285f6366aab3a2f7bcecdca   00000000000000000004005a0000000000000000000000000000000000000000
58000000   50b1426254fae9c4645eddd0e09676f92f64e2c4f73ade2d04856065616a6d31   00000000000000000004005a0000000000000000000000000000000000000000
59000000   049828646060d80cf786871975c051656c5a8a1c8c13add1b905ed59fb4a1104   00000000000000000004005a0000000000000000000000000000000000000000
60000000   df06066e6409b16505251503551c2131396b1252a656935e3987e6426142c9e0   00000000000000000004005a0000000000000000000000000000000000000000
61000000   c35773e5a0646478b8f834b6ea60972d60614486a8fdbd4744acc0a4320351c2   00000000000000000004005a0000000000000000000000000000000000000000
62000000   03f7c1ba39a2b19b7aaf5120baa860d7d2c68ca55f63a47e87e596d938daa341   00000000000000000004005a0000000000000000000000000000000000000000
63000000   da122f3d2f4597ea9e6c91d0b61879c4146c2ec7a33e9ad167f46b3ff4eed3ea   00000000000000000004005a0000000000000000000000000000000000000000
64000000   7fea6ccd599ee1bfba2c9dba33a53eea89c36a8c031c6eb812c414a260b99e7f   00000000000000000004005a0000000000000000000000000000000000000000
65000000   77df32721f0237e457ee5619ad8f218a3be2241775216b1aa9069f4e98b2a413   00000000000000000004005a0000000000000000000000000000000000000000
66000000   75495c852e1925219e86f4238f5826589b08618faf8667f7901e0915f267dba9   00000000000000000004005a0000000000000000000000000000000000000000
67000000   b5063d53ec14366a99259ffe834ae46a1ab6302d99a5573c5bc36b8d21926728   00000000000000000004005a0000000000000000000000000000000000000000
68000000   c53aaef38b15157b1ab2952aff25817a5eee7260b64657b8c5af7cba20f08483   00000000000000000004005a0000000000000000000000000000000000000000
69000000   f2cee1619bfb09f2eddfa8ddc8eede1a72acf2a0a5c3a2c4cd6ab8b0da9f151b   00000000000000000004005a0000000000000000000000000000000000000000
70000000   5fd3a000c62d05aa7008205c42087df0efdd2e92467e6c48b98cd72ba69d0554   00000000000000000004005a0000000000000000000000000000000000000000
71000000   eeafaacd441b7c6d03a5c18ea26cb47b67929e6d7fb0374c5da80e1f3a983a8e   00000000000000000004005a0000000000000000000000000000000000000000
72000000   0dcd8077d7304da8a67819a8c645ea61a5045e4ca625490f582996bad15260fa   00000000000000000004005a0000000000000000000000000000000000000000
73000000   b6567acc3f47bb825fcf4f016c8789d743aa4d5895dff66af6238a4dc006f6c5   00000000000000000004005a0000000000000000000000000000000000000000
74000000   49a28a18464ca59e4cc28033a89970ef7a1e0245e8e4d4bf6cd94e8217e11c56   00000000000000000004005a0000000000000000000000000000000000000000
75000000   499fd74a8b3175dde47119931909c4d282c4a979317aff0dc96a2ca73a060479   00000000000000000004005a0000000000000000000000000000000000000000
76000000   ca5dd159690d80fb8df55229bcc1d2345d8093d1db3aedb447fcd912f22249ad   00000000000000000004005a0000000000000000000000000000000000000000
77000000   024a48911ea74d4ed94e54cdded8e8b53d97654e8750afedc1c9478a6e217c70   00000000000000000004005a0000000000000000000000000000000000000000
78000000   55ccfc67edfd59d0e56a596bd382d3646892b68e4f68255bf860e4a75d543a4b   00000000000000000004005a0000000000000000000000000000000000000000
79000000   a289fd2d6b4c8063cb86e14c74984a02fa393c191d03e7084c47163b86d3f014   00000000000000000004005a0000000000000000000000000000000000000000
80000000   ebfcea0b849a4ce6cd595dc8a007fbb2f554cd8fd5a2d96c50787a466674796a   00000000000000000004005a0000000000000000000000000000000000000000
81000000   468afbd4cbeb892712b857efefd06822dde401ab4b4bfbcb6cf7715a9e41c333   00000000000000000004005a0000000000000000000000000000000000000000
82000000   d24a2ce8397c1b3ff6792d89afb07f821bfd026ac6cee779462d1ac256ae1017   00000000000000000004005a0000000000000000000000000000000000000000
83000000   c4f236b5771c08c03159f8aebae025107113a8a3febe02764cccea974ecc3d18   00000000000000000004005a0000000000000000000000000000000000000000
84000000   6e7cfa5f8fc2d12cfb49260a6aebaeec7d52d2a38622d8cdce0b7f1dfe882add   00000000000000000004005a0000000000000000000000000000000000000000
85000000   f105a0b9978afb465edb0ed6f2e49c48991473044beb09e2edb867c6a88cc18a   00000000000000000004005a0000000000000000000000000000000000000000
86000000   05f587cc9a1819cffaaba578b457cd908a083c99c8aa4515ece12717bd1e5974   00000000000000000004005a0000000000000000000000000000000000000000
87000000   bd25ee035678d8e09c24a412cb3943a7d6947d1deca90a86b83d8c242990d874   00000000000000000004005a0000000000000000000000000000000000000000
88000000   01bcd03ab7d087f652fc80aa9a7a7a3689168c6135951aa704ca819db0080590   00000000000000000004005a0000000000000000000000000000000000000000
89000000   3d22baeac036e5cb976d0052483c8a3b62ef3ce6b2c58f8f58a3c208121d0236   00000000000000000004005a0000000000000000000000000000000000000000
90000000   ce99f85ebda2f3033c0c9041c6827d4515548dd5e3eecf6e231de157b33bb5fc   00000000000000000004005a0000000000000000000000000000000000000000
91000000   b496a106752fa12c35608377dd6383598610064625a600143bb04f050b376263   00000000000000000004005a0000000000000000000000000000000000000000
92000000   b95397b5bffd4bb393bf0fce33f9b20fb917712f83e60b5584071e681438b846   00000000000000000004005a0000000000000000000000000000000000000000
93000000   10a27da4244774037b5d07ed382455fecfc48f68ea33fb08a39eb712237a1073   00000000000000000004005a0000000000000000000000000000000000000000
94000000   6dea4dc4d194295aaf76d23807bf58c9be90ae8dee162d4a104e1fab65ccf0f8   00000000000000000004005a0000000000000000000000000000000000000000
95000000   fc86532617475da40476536fdafd9a7589236ed6bcc2ba62b2d0c55ba93b901a   00000000000000000004005a0000000000000000000000000000000000000000
96000000   76649f6b7c4dbcf88b83421d5cbb87e442ae3f8ac681ffa936a53e4e62584e08   00000000000000000004005a0000000000000000000000000000000000000000
97000000   103759686a90dfb37664af0dd6c5294fa9f49f312cfda01398f8dfa84cfb7564   00000000000000000004005a0000000000000000000000000000000000000000
98000000   4a5032d78aae99038450655612c0fb8c2b673f9238040513ce28a57a7e0c66e6   00000000000000000004005a0000000000000000000000000000000000000000
99000000   648bb66763dadd2cccaca7d5f3dd1ec30569ef091ecb6f35eac86a986a382a07   00000000000000000004005a0000000000000000000000000000000000000000
100000000   d6362ccdbf02474e4766fa4d041a9c202e098e273995bba2b46ca15045902dd3   00000000000000000004005a0000000000000000000000000000000000000000
101000000   3a7777c81484e30a534a57c09a44538154a78b61ec2a2a2f8911adcd506a6ccd   00000000000000000004005a0000000000000000000000000000000000000000
102000000   9c079b8989f766c853422cbbab62187bcd61420374e0689ce514f66b69d801d8   00000000000000000004005a0000000000000000000000000000000000000000
103000000   bcd774e8b3928802cec25abe37afa78ee6f2ae34a6ee7adfb597698a0b43eee4   00000000000000000004005a0000000000000000000000000000000000000000
104000000   942e9c7b8f588e5c2573b8dcf4bbdaee61cf4f8b6bf76e7fc79b9abd1cfc3c4e   00000000000000000004005a0000000000000000000000000000000000000000
105000000   c5c996bc9ea1ddd2b530ebc14fa627b6554d406c87a803ebf690c695f595122b   00000000000000000004005a0000000000000000000000000000000000000000
106000000   71c32a8caaed367ccf11105251288f7b6fd22f00d2fd098b5f7d3c21d962842a   00000000000000000004005a0000000000000000000000000000000000000000
107000000   69bc16fbcedb9d2f5dfba8caf58d2fa9ac3c4e5b043ea64f463dd75952c39d48   00000000000000000004005a0000000000000000000000000000000000000000
108000000   4170611672a8279c53d012aa6ab74a946755abcd5727770f2d0eb1f2d317c99a   00000000000000000004005a0000000000000000000000000000000000000000
109000000   6b47db6512f635d3ec292f6f1838381d71cc225b799537a8e36ec782c77f778a   00000000000000000004005a0000000000000000000000000000000000000000
110000000   7756f67f7bba84aa2e660f3a27e67bd2b92e6fe1f5670ef8bd90ff2ff93b7b2c   00000000000000000004005a0000000000000000000000000000000000000000
111000000   d2a2218f1415bcacfc316bb77f51575e90370b7b1271e8db1449673cb5fcfc69   00000000000000000004005a0000000000000000000000000000000000000000
112000000   