debugnonce_start:  3000000000
Mining block template, height 827344...
header:  b'\x00\x00\x00 R\x99p\x9d\x0c\x03\xdb\xf9\x1f\x81\x13\x9e\xf9\xf3\xa5\xe5-\xdd\x18\x9d!\xb4\x00\x00\x00\x00\x00\x00\x00\x00\x00\x00\x97\xdfP\xca!\xba\xbc\x94\x16\x828\xf1f\x8bg\xb0\xf3\xde\x83P:\xa4\xbdE|\xe1\xb9\xdbq#\x1dk\xa2\xa1\xb2eZ\x00\x04\x17\x00\x00\x00\x00'
3000000000   3ee67a8d8d7db4b820728babe5ead258741472e72574f71578a59edbca6b89e4   00000000000000000004005a0000000000000000000000000000000000000000
3001000000   130c2641ebc62e0c25ff13f9d6f41db35cff4536a5a0a2266b7b620b5e9a959b   00000000000000000004005a0000000000000000000000000000000000000000
3002000000   c22fe489644649a8c2b997349c43fca1343d1073cc5ebbbd64bdf7f72b2bde41   00000000000000000004005a0000000000000000000000000000000000000000
3003000000   35940bb9c9e085c4e39f5e62dc42510d81abe5776c8600e4ed471147408112ee   00000000000000000004005a0000000000000000000000000000000000000000
3004000000   f06e8120e656014e205fed6d4a04bbc0c4f94c7cd5d0cfbd192c41a6198009af   00000000000000000004005a0000000000000000000000000000000000000000
3005000000   656ad478b2e57cce3294a738d24db60368ae5434ecfb15e12aded52b926760eb   00000000000000000004005a0000000000000000000000000000000000000000
3006000000   3370aa2d3a22b85a0e36650b7a788f7822cfe264b6b0a418f93ca9edfc7db7af   00000000000000000004005a0000000000000000000000000000000000000000
3007000000   3812949f85e9f485622abbc8f53d0b0c1275ee9cb71034e0ddad5d1742551fff   00000000000000000004005a0000000000000000000000000000000000000000
3008000000   ef95f6bc1e6e5f9e748c48b647ea147ee9fee74828dd40a97cab7977230a6cd4   00000000000000000004005a0000000000000000000000000000000000000000
3009000000   be40af2bd9998a359aae3f59f118d181cc8b6902ebb5bda2224ac2db84741963   00000000000000000004005a0000000000000000000000000000000000000000
3010000000   3c1115b3a5a8a612fbd67e1e77ff2b79e80c13f0a92fd460974d5f0910c3bfbc   00000000000000000004005a0000000000000000000000000000000000000000
3011000000   973d416cafcc48a4096f8cadf0b143caf527156cd7d3a606b56134129a8927ed   00000000000000000004005a0000000000000000000000000000000000000000
3012000000   96f02b97a2779972446f1b68d46846414b32abb25ab2dd2f6ea4a8d5f85030ed   00000000000000000004005a0000000000000000000000000000000000000000
3013000000   0298117ec3aefa2759da009d592b41e16980ccea8e308c5b1b7a9a1470f59243   00000000000000000004005a0000000000000000000000000000000000000000
3014000000   1ae0b8a4359ad29da9db28ce234a3cc00c6ae5d259b44ce8a93687d32acdf586   00000000000000000004005a0000000000000000000000000000000000000000
3015000000   012bf9b30af5704dc41430e8e93a6c8bc7cb7021dd9066f9f7a8ebdb83305e3f   00000000000000000004005a0000000000000000000000000000000000000000
3016000000   034915e0ddc886984aebd746ae6488617940547caa03cbd7bc383983c6cb5b52   00000000000000000004005a0000000000000000000000000000000000000000
3017000000   352da7670f9ec1038c41fff1d00c19196d70d93dd4e79d432f4348067ba29b44   00000000000000000004005a0000000000000000000000000000000000000000
3018000000   caa9f082e68a888db9cc4fb1c3e3b207a0c405b00c8af349cd8bc2e2c3f17a19   00000000000000000004005a0000000000000000000000000000000000000000
3019000000   e0f5968ae38d6bc262d847312b94dc5ff4e872d3e4973c0c3099c518d5bcd496   00000000000000000004005a0000000000000000000000000000000000000000
3020000000   9c65f01433be2f2d43ad6afddb502bea11f2d43a4d6900fa3b4db5ab339e6ce3   00000000000000000004005a0000000000000000000000000000000000000000
3021000000   9d9b479f5c12cef3ba73308ff5f0079ad98a2ff7140f2c4c95ce7cc34c01501f   00000000000000000004005a0000000000000000000000000000000000000000
3022000000   884dc5dbbcdec242a0f0cf8eeacedf195add5d76f746097664b981b614223d04   00000000000000000004005a0000000000000000000000000000000000000000
3023000000   7c312b0f624777f60b96ec9a8d7cf1b33cf149488acdb620ae62d89211f78f38   00000000000000000004005a0000000000000000000000000000000000000000
3024000000   ded9c3b4b29f418eb0680661736d7e480687a0f954e7d512e90a64fb073069f9   00000000000000000004005a0000000000000000000000000000000000000000
new_height:  827345
debugnonce_start:  3000000000
Mining block template, height 827345...
header:  b'\x00\x00\x00 3\xeeH\xa5`\x1dp\xdc\xdaYl\x9f\x94^\\\xe08{h\x16B\xd1\x01\x00\x00\x00\x00\x00\x00\x00\x00\x00\xfaf\xc6\xe6\x13;\xcaW\xc8n\x12\x84\x90v\xbf\xd6{q\xdfO\x03W\x111\x88h\x99\x87\xc5nYd\x89\xa2\xb2eZ\x00\x04\x17\x00\x00\x00\x00'
3000000000   57463c0fca086ff7c61b784758f851dc81827c70bfce632f69afa2c73c584b24   00000000000000000004005a0000000000000000000000000000000000000000
3001000000   f457a5fedfc0c3d0427bdc3ec18fdffae9abc60bb671dc4b06dcc81e2729155f   00000000000000000004005a0000000000000000000000000000000000000000
3002000000   2940eab2e52c5baaee0124460cb43ba07cd54e5d44b953c888953dcdb43b3374   00000000000000000004005a0000000000000000000000000000000000000000
3003000000   85e5deef22de591d61fc68eb8528accc0ba5e4c0ebdd527124fd649cef192107   00000000000000000004005a0000000000000000000000000000000000000000
3004000000   9890d8dba1cb9dcb951cc209a15b6f08e35fb415003bca826081fd3a29857634   00000000000000000004005a0000000000000000000000000000000000000000
3005000000   7a12232665fe5934a4098c677dc0daaca24ad91489365b329c539428a3ec9a14   00000000000000000004005a0000000000000000000000000000000000000000
3006000000   c14cda975dce8aabd081d69460b3be2b886e481d9e534e60863e5185a9a35162   00000000000000000004005a0000000000000000000000000000000000000000
3007000000   6933aa88faecb1815682d28d373e0ccf2a521b389871227cc9a0a0e2376f3653   00000000000000000004005a0000000000000000000000000000000000000000
3008000000   ebf5bc64dcb2890b2d776b6164d64455b09fff13e8818cdd2386441329ce2ffd   00000000000000000004005a0000000000000000000000000000000000000000
3009000000   f0ca8d1c36ebe51d8b9ac2e11968c6c43717eb1ec6cd16c8caf12e0c0646ac73   00000000000000000004005a0000000000000000000000000000000000000000
3010000000   a961cd3c64d7aa2382a1f97319d53dd3fb59aa80d2089e1ab374c352b81b30b3   00000000000000000004005a0000000000000000000000000000000000000000
3011000000   1f6a52c0a9e2ae9a84c713dd395e10a63a78424a6489fd528b2816c8f5e18dec   00000000000000000004005a0000000000000000000000000000000000000000
3012000000   e624c01b465819066ec6e3ff17fb053e8d666243042c3865147e5259f3d4b78d   00000000000000000004005a0000000000000000000000000000000000000000
3013000000   ad011a25741843bb86c8497501efc7e252c8255d81fa9a6d91407958ecdad001   00000000000000000004005a0000000000000000000000000000000000000000
3014000000   312ff83331035c33e1b834a6a229e66f612be22dfd7c60ffe507ef83e2fb42ce   00000000000000000004005a0000000000000000000000000000000000000000
3015000000   91c58d67ebdbe09a50e2a255f6e17501b49c327e176777b184af48bebe8ee8b6   00000000000000000004005a0000000000000000000000000000000000000000
3016000000   95b396aabbd81c140aed052f290f2ff2ed41fa590a13c5404f19eb6d4edffe14   00000000000000000004005a0000000000000000000000000000000000000000
3017000000   85bfeab203c6bf1f906daf31b74aa3192a45d2e896ff0fb272fec12eac1a98cf   00000000000000000004005a0000000000000000000000000000000000000000
new_height:  827346
RPC_URL: http://127.0.0.1:8332
RPC_USER: sree
RPC_PASS: admin
Traceback (most recent call last):
  File "/Users/sreenath/Documents/bitcoin_code/ntgbtminer/ntgbtminer.py", line 573, in <module>
    standalone_miner(sys.argv[1].encode().hex(), sys.argv[2], int(sys.argv[3]) )
  File "/Users/sreenath/Documents/bitcoin_code/ntgbtminer/ntgbtminer.py", line 549, in standalone_miner
    block_template = rpc_getblocktemplate()
                     ^^^^^^^^^^^^^^^^^^^^^^
  File "/Users/sreenath/Documents/bitcoin_code/ntgbtminer/ntgbtminer.py", line 85, in rpc_getblocktemplate
    out = rpc("getblocktemplate", [{"rules": ["segwit"]}])
          ^^^^^^^^^^^^^^^^^^^^^^^^^^^^^^^^^^^^^^^^^^^^^^^^
  File "/Users/sreenath/Documents/bitcoin_code/ntgbtminer/ntgbtminer.py", line 58, in rpc
    with urllib.request.urlopen(request) as f:
         ^^^^^^^^^^^^^^^^^^^^^^^^^^^^^^^
  File "/Users/sreenath/anaconda3/lib/python3.11/urllib/request.py", line 216, in urlopen
    return opener.open(url, data, timeout)
           ^^^^^^^^^^^^^^^^^^^^^^^^^^^^^^^
  File "/Users/sreenath/anaconda3/lib/python3.11/urllib/request.py", line 525, in open
    response = meth(req, response)
               ^^^^^^^^^^^^^^^^^^^
  File "/Users/sreenath/anaconda3/lib/python3.11/urllib/request.py", line 634, in http_response
    response = self.parent.error(
               ^^^^^^^^^^^^^^^^^^
  File "/Users/sreenath/anaconda3/lib/python3.11/urllib/request.py", line 563, in error
    return self._call_chain(*args)
           ^^^^^^^^^^^^^^^^^^^^^^^
  File "/Users/sreenath/anaconda3/lib/python3.11/urllib/request.py", line 496, in _call_chain
    result = func(*args)
             ^^^^^^^^^^^
  File "/Users/sreenath/anaconda3/lib/python3.11/urllib/request.py", line 643, in http_error_default
    raise HTTPError(req.full_url, code, msg, hdrs, fp)
urllib.error.HTTPError: HTTP Error 503: Service Unavailable
