debugnonce_start:  0
Mining block template, height 827458...
header:  b'\x00\x00\x00 \xf7\xa2\x89\x88\x01f\x153\x13\x82\x08\xab\x16LF\x8b\xb0\xc0\r\xf6l\xc9\x02\x00\x00\x00\x00\x00\x00\x00\x00\x00b\xc7y\r\xa1\x85\xdc\xa7\xa1a\xc2\x9e\xc7\x99\xf3\xffO]\xd2P\x0c3\x17Y\x0f\x15$\x84\x1c\xa2\xe9\xb2y\x91\xb3eZ\x00\x04\x17\x00\x00\x00\x00'
0   328a8dceb725e5c389f197a41732d5dcc2dc5a3659bd4f2db251313c32ea6b7d   00000000000000000004005a0000000000000000000000000000000000000000
1000000   a28fe8cf8f43c2934eb79524c0753cb6be2e22808131ea2afe0bdc1df88161eb   00000000000000000004005a0000000000000000000000000000000000000000
2000000   66d01d55437729e5b63e8de0d9767e5321c546ad50891838444f67525c0e0c20   00000000000000000004005a0000000000000000000000000000000000000000
3000000   c9b8ed7c995aa3c15cc253ce57546cdfa96b87003cb266678c720140d8583cb2   00000000000000000004005a0000000000000000000000000000000000000000
4000000   09ecb5f8d2c7d797c8d8bed129b9fcb7f0ea343cfbfeaf1076c1deed98d950cc   00000000000000000004005a0000000000000000000000000000000000000000
5000000   68bb3a66d60613809cfc8c4851e910c19a25295647809bc28bbecea626775243   00000000000000000004005a0000000000000000000000000000000000000000
6000000   cf5f2570934f3fce5b19ca4474f22e7ab33bc604dfbea5b06c66c4eeae6c5c76   00000000000000000004005a0000000000000000000000000000000000000000
7000000   a78c8aecf8449b0a7934072a1c4952eac2047674f828f5694baf8e92af202f10   00000000000000000004005a0000000000000000000000000000000000000000
8000000   e5878b6d8d512a5c38e2569adf88c34112c1fc03d5ca52aff319f98d19cf11d8   00000000000000000004005a0000000000000000000000000000000000000000
9000000   5aa95c76d2a959d77660eddedd8dffdc4bdc0206a27cca0a7e65e953e10c2cfa   00000000000000000004005a0000000000000000000000000000000000000000
10000000   a02701cd52a725740c28b8e250a208e8f227d906a909782cc4140cddec747144   00000000000000000004005a0000000000000000000000000000000000000000
11000000   15d05db7e08031bd3abf21b75e848fb882e2dc7036fef0e116950a5202dbdf77   00000000000000000004005a0000000000000000000000000000000000000000
12000000   5da4e83465d8cf02326f5a7e22af53f8fae2e2461365de605f30fa5e2a6dc26b   00000000000000000004005a0000000000000000000000000000000000000000
13000000   d49d1f9374e22b9a81cd111c4c13dcc2a35bc3a6c88820ed2221cdfcf614261d   00000000000000000004005a0000000000000000000000000000000000000000
14000000   ea3ee70cee24b4efd4550ae3479b1ade85de03e844e48ef19450ecda4c8fe2b2   00000000000000000004005a0000000000000000000000000000000000000000
15000000   da729beb0743dbe510b0561be888b41dc4a1ef8e12b58e5317bc783edfb303d5   00000000000000000004005a0000000000000000000000000000000000000000
16000000   9626f0dd6c6205ebd7ebd856b6754358225c904c5f070e73d98dd33a845c87e7   00000000000000000004005a0000000000000000000000000000000000000000
17000000   c25ad08aeb576a3dfabf444334f9ce0f8951b0240eaee7214aba8f7aed560a50   00000000000000000004005a0000000000000000000000000000000000000000
18000000   69f3cb18e86073afd7e4862681e066ae2f4d3d8b35845df561a4d57cf1b6a43f   00000000000000000004005a0000000000000000000000000000000000000000
19000000   b5515da3af24b8ff8d79121ba58ae626024b0ca0c230949ad7ba85c212521829   00000000000000000004005a0000000000000000000000000000000000000000
20000000   b4fec3c9acc71b59c1b68d9ace3c8f40f1ff35ec8860af49bb8e86753d889a3e   00000000000000000004005a0000000000000000000000000000000000000000
21000000   3d70dcd703110ee61cb45d072c61b65d373ea5061f7ea098b40978ff586cb929   00000000000000000004005a0000000000000000000000000000000000000000
22000000   1d42b6896cada43a95d523137c3ea24b656bb9bf0269ece3a40e97a8c78797ff   00000000000000000004005a0000000000000000000000000000000000000000
23000000   5696db997adf22cb0cf61ea8a0e21e23beeef3e468dcb11b2822903f7e8c4d51   00000000000000000004005a0000000000000000000000000000000000000000
24000000   cbeb806d523a604aba4842d1b3495835b6b826cf7c4ad842536ad20c47268ef7   00000000000000000004005a0000000000000000000000000000000000000000
25000000   6bae18e2be3210a2a1db414b2004d5b9eba1b80b383aca43c1729cdc613287cb   00000000000000000004005a0000000000000000000000000000000000000000
26000000   e93afbf784cb23fb1ed7481d565599e7b2d69996b0ec6da110b238eb710901e8   00000000000000000004005a0000000000000000000000000000000000000000
27000000   d63b005f3866c03bd871063a5ed1873d9663d17c0a38de61e717e4b225e569b3   00000000000000000004005a0000000000000000000000000000000000000000
28000000   4a76c683906aa33a9752e91f820829f738b16f3eea77ae8389ecc54fe34b4d1e   00000000000000000004005a0000000000000000000000000000000000000000
29000000   e25a8b86245cbc7c40d80730306840a93cce3ed49abd2d90a1bf0394933fdf60   00000000000000000004005a0000000000000000000000000000000000000000
30000000   0ea8045e40fe8bde850597cc509e75d5f7aa52b7f1a737115aeb6e0682411f14   00000000000000000004005a0000000000000000000000000000000000000000
31000000   ff03eb93f5036e58fdc528be4b282b278f3b3ab9fec78d920bd5d9fa9b43c6a2   00000000000000000004005a0000000000000000000000000000000000000000
32000000   7e678b82d25aca76a40117ab326d822dcfdaa3ac98bb3991052373099263d2c9   00000000000000000004005a0000000000000000000000000000000000000000
33000000   134520c7d4b03cfeb808b0ebeb05a68230b324ec4c042bfcfbabd3c0438c1711   00000000000000000004005a0000000000000000000000000000000000000000
34000000   cdf7be01ad7bf16f7879f36a0fd9dee531085faaa0d3d72f2cedb39011b2b3fe   00000000000000000004005a0000000000000000000000000000000000000000
35000000   73505c2a8ac7194dc9d7e2193beca251d57e48416416524b6f9df1889760acc7   00000000000000000004005a0000000000000000000000000000000000000000
36000000   df41d7d64beec81de46f9af67cf4e0b6f8c291b11560e853c16ac5d5e78c1d34   00000000000000000004005a0000000000000000000000000000000000000000
37000000   3ac6f63e588a5b9240757da00cdcde31a5edc6621145fd3afe7afc7d14e63206   00000000000000000004005a0000000000000000000000000000000000000000
38000000   a9f235380d4423a46decd6733b837243b2a93141279e717c3530f26a58b33293   00000000000000000004005a0000000000000000000000000000000000000000
39000000   46ea92f6e2249e197d3a490fe7c3b330cdff6375e0b81c431ca212cfa6f4df1f   00000000000000000004005a0000000000000000000000000000000000000000
40000000   94568045a8f17e89eeeae760fa43d8abbd6c88612812cb27c0346e12306a1027   00000000000000000004005a0000000000000000000000000000000000000000
41000000   ce16f467d8cfa2ab232ae8d9f6ae790970f3d7b7600817ef05e654e80d27e5ca   00000000000000000004005a0000000000000000000000000000000000000000
42000000   c7e38dd35a78c6e2a3762f4a7f48b4106a5d29e0167c640a16b8289ccc35636e   00000000000000000004005a0000000000000000000000000000000000000000
43000000   98b5fb52684c68a22b885c0b043d259c8c5c405ea1ef1100b9b1d0294a1319aa   00000000000000000004005a0000000000000000000000000000000000000000
44000000   5a9046f0b0d1ee74853b4e0fb3b0001011e13d77fa1bdc051cf91436faafb730   00000000000000000004005a0000000000000000000000000000000000000000
45000000   a1335dac2af16bc0f5a74acff8485bcb06ad48e96397ae7c9e72d81cc6a80ec0   00000000000000000004005a0000000000000000000000000000000000000000
46000000   b70388148959f67c21bc5bfe10831a7393342510b11212972fb3d25bbb239131   00000000000000000004005a0000000000000000000000000000000000000000
47000000   dc248c50a24c3d28ab02e232f7c9684fca3855e64701d3fd37aa863ad5925525   00000000000000000004005a0000000000000000000000000000000000000000
48000000   dda1c88bddc28a5c608323172c8426c47c8ba1c8ffdf23ece5f83121ed993192   00000000000000000004005a0000000000000000000000000000000000000000
49000000   e94d67aa3aeb2d3360b387ec3cbdef5170310def3df73f00379a4485f7b1366e   00000000000000000004005a0000000000000000000000000000000000000000
50000000   e0aab4e172118f9b2dba382b5ec1e8eb69775d493ceedf86b41c49f2cbdcbf60   00000000000000000004005a0000000000000000000000000000000000000000
51000000   5c56d10343c4faf76b91b9cf7e4539d9741b4670f83640b68ac48ebe587792d9   00000000000000000004005a0000000000000000000000000000000000000000
52000000   a3bd88e39618dc1e91e28b75300f9712b814ceba89acb9e767b8a47477250cca   00000000000000000004005a0000000000000000000000000000000000000000
53000000   e6f375bdbf256515d2d52306aa021c6a9f231b30e98ffcb27ec55bfaadc1cb29   00000000000000000004005a0000000000000000000000000000000000000000
54000000   0665a50e75836e250e01e35f7d89b4962aa2376cc1ec391f850adbcc79bbffc3   00000000000000000004005a0000000000000000000000000000000000000000
55000000   685c649d94800f0428fcd3d36cc9edb9e18182c5ebca9c8c7d118a1ebe39aa93   00000000000000000004005a0000000000000000000000000000000000000000
56000000   a54c4d16e4574651f593daa3e389a072e31e8ef260749f22faa776e02f73d285   00000000000000000004005a0000000000000000000000000000000000000000
57000000   f83916272fef3d61284aca236131ead33a75ff9042430f9cc33535d525e903a2   00000000000000000004005a0000000000000000000000000000000000000000
58000000   31d357e030a385c50cc47f268aaaef539e6954cc6c39fd9f75389646994a12d4   00000000000000000004005a0000000000000000000000000000000000000000
59000000   ccf4ff3034f41cd6c34d77801751ee2b01320271b38bf1254c55b924bfec7293   00000000000000000004005a0000000000000000000000000000000000000000
60000000   9653df6d22503b004cd3134bdcdc719a2e45c223adf06b78ea2229fa0a2f4e36   00000000000000000004005a0000000000000000000000000000000000000000
61000000   38758c307fb4ef2a58671494e13385b6bf8440da78462dfb2f0cfa1c7fa65d3b   00000000000000000004005a0000000000000000000000000000000000000000
62000000   2fdbfba030bb0d3a6d1c6ed9b571169f04edccd45fc1c2eeeb8f56200a9c0300   00000000000000000004005a0000000000000000000000000000000000000000
63000000   b37a043ee74d656a07c53ac93e3e80963b352183ac1cdaa7575ebcc8dd923e57   00000000000000000004005a0000000000000000000000000000000000000000
64000000   f9fdbdb2a5d75cddf4f98677806b150b620e5da6b4860ece71fb1b3a03413fc6   00000000000000000004005a0000000000000000000000000000000000000000
65000000   c8f1f8b8a9c18907c5a081352743bb5728e014fcd934ffe48d849a699319f59b   00000000000000000004005a0000000000000000000000000000000000000000
66000000   8c16ae0019f3edf7545e2dacbc097560a864aa3a74e3fe1d12d1140f19806697   00000000000000000004005a0000000000000000000000000000000000000000
67000000   a9e259c94857ea6c933de8731bfd7c335911b4d7aec0b9f2a7d11cfd62eb220f   00000000000000000004005a0000000000000000000000000000000000000000
68000000   026f3e29a309a2010008398d542065818165cdddf5b1dacff8facb434220088e   00000000000000000004005a0000000000000000000000000000000000000000
69000000   ab47cc466bf0331c4a26a3912a515754c856fab105d79e943115009cdad849c1   00000000000000000004005a0000000000000000000000000000000000000000
70000000   1c42753641881c598efb836bf03e3c194bc40f0aaba59c485e278845c1a2b0a1   00000000000000000004005a0000000000000000000000000000000000000000
71000000   ef247958d32cef7f85a8f5500413327e42e401180f5560de454107c3ecc76c55   00000000000000000004005a0000000000000000000000000000000000000000
72000000   6a1087458b3bfdbc29291e0cf3864bd463495f14e77f8d50dd3fc54e6ece1d60   00000000000000000004005a0000000000000000000000000000000000000000
73000000   f8d3d970de6185e65904ffe545678acc7eb0477d82f366a31da1ffc42558b454   00000000000000000004005a0000000000000000000000000000000000000000
74000000   059b8819dd8b33f177a60107b4c6c985010639de9a15b8ec32d40c4ce431f1ec   00000000000000000004005a0000000000000000000000000000000000000000
75000000   5155d0c484c104580061d2dd00ada008d6d90ecccf82bf9ac562b6c495de132f   00000000000000000004005a0000000000000000000000000000000000000000
76000000   3fda7cf64b27005fe1a27dd541e24f595f4be3f4a1983fd58ca3dc7e957b1c1b   00000000000000000004005a0000000000000000000000000000000000000000
77000000   8533e715f5d3aed739c03d4b4dc975547c44a62a7443dbd64831371c6b6619ec   00000000000000000004005a0000000000000000000000000000000000000000
78000000   225aa924fbf97c8946eda3afc86d8ec157146e8c0755ffbffaf24933119df3c0   00000000000000000004005a0000000000000000000000000000000000000000
79000000   9a0ce83d4b0f441bc8d4108ceb3b2379d4a3081f37bd56a82003ee5c4cc8e654   00000000000000000004005a0000000000000000000000000000000000000000
80000000   0ae6911c02e0abc6777d34f2876fafd409a0606ebc4ba8fb65381a228634d8e5   00000000000000000004005a0000000000000000000000000000000000000000
81000000   7b9099263524bb2c7e2cf4926ec9a5cfd1d464b464fc3f5acb611b04cc73efbc   00000000000000000004005a0000000000000000000000000000000000000000
82000000   dab12ed16893d331c64a850645b9f8cddaf36d1fedd3e61ee7c7a805229f94f1   00000000000000000004005a0000000000000000000000000000000000000000
83000000   1ce77b9a0836d7cb71e3d5efc6b29114758d0215a5f997da4a2c93be7ec68b80   00000000000000000004005a0000000000000000000000000000000000000000
84000000   c5f215d87053fafc54b078e12b28a1708b9d1e67be70d977a70b128a30bc0da6   00000000000000000004005a0000000000000000000000000000000000000000
85000000   2055dd7b7c5e8ef7e7722ecccc345bba9e3776591ca481c5cc52b6abb9106739   00000000000000000004005a0000000000000000000000000000000000000000
86000000   95e91c1b1f2cf3b4c525557c78d4812f0878438b89378adbb6f5d7926bdcc188   00000000000000000004005a0000000000000000000000000000000000000000
87000000   fba7133c3c1ad50d77dca88bee6cd8f6c238100f29b4d3f69bdf33c8b32f4eca   00000000000000000004005a0000000000000000000000000000000000000000
88000000   efa07aaed6447b78b101cec9cdead103a1306c30f22412d6f495463315e74573   00000000000000000004005a0000000000000000000000000000000000000000
89000000   65ce355005c8ad5fe8876c055ff56fda926a39fc7d9c3db08384aabf58f0a117   00000000000000000004005a0000000000000000000000000000000000000000
90000000   fe545bdcf0bb5b1997cc8bd51d04479ae2346410a5f4a55f17d7b7649b033722   00000000000000000004005a0000000000000000000000000000000000000000
91000000   227af54cee1ebef431ca9276fa1a70df05c6dcf6d8336f5cd473615b980c5591   00000000000000000004005a0000000000000000000000000000000000000000
92000000   de918294ef7acbf62b2d97a85ace2285990fa57293e44092f390d7880d3d68e3   00000000000000000004005a0000000000000000000000000000000000000000
93000000   21065b6843502acba7d1d4617c74c644e26fcc1f917c5f879b1f384200645573   00000000000000000004005a0000000000000000000000000000000000000000
94000000   ea6b81b56b88ad6b3e369b8c2afd801f7a3c4abf7816ebd0811b7b4ace17e663   00000000000000000004005a0000000000000000000000000000000000000000
95000000   ef38e8460e4dcb0e8d16467076392129426d7c58c925b82e3436af27f3744ae0   00000000000000000004005a0000000000000000000000000000000000000000
96000000   a5eb7426535bac88660525e23e7527ade1dcb481e6338f93d2e37ca4650c5c2b   00000000000000000004005a0000000000000000000000000000000000000000
97000000   9326ef27fa451977040f8d620a2aa4a73ff7b8781e11dbea1cc05f15583209e2   00000000000000000004005a0000000000000000000000000000000000000000
98000000   178b269498dab57a4ac0ccdee155974fb9f7ec38da9b50170f257d49709b1f4f   00000000000000000004005a0000000000000000000000000000000000000000
99000000   5eb8dbbbc5dbd8bdfda2fffeca421c5b221b74f8ff0b26671c9e917623877016   00000000000000000004005a0000000000000000000000000000000000000000
100000000   d63b92684b43e34cafca9052c6e227dacfd601fa4bc2e722ee23719ba6a6ce70   00000000000000000004005a0000000000000000000000000000000000000000
101000000   962aa8e46afed85753c9c739be90af91ee18466c806a21b2dd434e374cf266f9   00000000000000000004005a0000000000000000000000000000000000000000
102000000   7b54dd546a174494e1e1cec8c762fd2572f436bc469d43cc773805426d22d87f   00000000000000000004005a0000000000000000000000000000000000000000
103000000   cb9a7388971316ebcd10d85a106bc56f1334263f25c2e0cc15634a902ba6995d   00000000000000000004005a0000000000000000000000000000000000000000
104000000   77e8622aa9960b7ebfc1e44e240dbf9ee0f5fd4d3148398882ab5baaf28c9c2d   00000000000000000004005a0000000000000000000000000000000000000000
105000000   c949d7feca5d5a4fa1286c9afb71475e39ee0d6d7e9b0213c825d1f1c9e2ee20   00000000000000000004005a0000000000000000000000000000000000000000
106000000   294696ad9474d43cb00971555e283672a5105d55b53caaa63b9c592170f7b60b   00000000000000000004005a0000000000000000000000000000000000000000
107000000   3c1bcfec8c4e7fc6e4a2a9b78d4ee581c6502c6be6bac34644f19f31346e46c3   00000000000000000004005a0000000000000000000000000000000000000000
108000000   27df839da4c60bf38867128aca12f4de6182df0edd93a3e0b733c4f4d9089413   00000000000000000004005a0000000000000000000000000000000000000000
109000000   f01a53008ea2db97223a68e9f539642a5be72bc9b930b343bcf9176db49902f8   00000000000000000004005a0000000000000000000000000000000000000000
110000000   987f90b2b7da47e20366638c9eb548486c6a296c3882124a2276be82305ac6ce   00000000000000000004005a0000000000000000000000000000000000000000
111000000   7a324ad142e616b65fb4a98de66153107cde2cc175a25afee58ea6d0fe8f4293   00000000000000000004005a0000000000000000000000000000000000000000
112000000   