debugnonce_start:  0
Mining block template, height 827344...
header:  b'\x00\x00\x00 R\x99p\x9d\x0c\x03\xdb\xf9\x1f\x81\x13\x9e\xf9\xf3\xa5\xe5-\xdd\x18\x9d!\xb4\x00\x00\x00\x00\x00\x00\x00\x00\x00\x00\xe5\xb3\xac\xc2\xd7XL\x01_w&0sW\x14\x89\xcd6\xb9\x08\x07\x11R\xda\xff\xdc\\\x80\xc3\xe1Y\xdb\xa2\xa1\xb2eZ\x00\x04\x17\x00\x00\x00\x00'
0   97f1bc6eaf03e407e8b64b01fd4c197223d1b03036c89a0648cb6b05d41619c9   00000000000000000004005a0000000000000000000000000000000000000000
1000000   435b91560133c96726d60fccb9f312d0ae6c336fd19d4db16b8f4616f9165b1e   00000000000000000004005a0000000000000000000000000000000000000000
2000000   3edaaf4a52a5778d9e24305569cc8338d10c68d5ad765ad3bcc17d71387fe3d6   00000000000000000004005a0000000000000000000000000000000000000000
3000000   1f1b96afd16e1f81fb7022262a439c6e969da73f2a383a9959dd4cc179ce9186   00000000000000000004005a0000000000000000000000000000000000000000
4000000   f074dbc46170ee7ee3b82682c50de4a9e2994e0e9598211d68c9fd4d70c283bb   00000000000000000004005a0000000000000000000000000000000000000000
5000000   0e80bca0edb069b40f3b05702d49070695bc78ac5bb0b0de7f3362ba14bf69c5   00000000000000000004005a0000000000000000000000000000000000000000
6000000   d7c44552c3e171eaf1d79213b6ef7c5c53e66011b3ec23bb7f0ab449f52af233   00000000000000000004005a0000000000000000000000000000000000000000
7000000   5a64a4850cab6807c765286d8eae153b388b7ca139eaa54e16ec1bdfdc0dba87   00000000000000000004005a0000000000000000000000000000000000000000
8000000   1eb7ca2bedf620b1cbde62af682a2c9695bcddf35af8c4792a81be6de4c2aa2f   00000000000000000004005a0000000000000000000000000000000000000000
9000000   1deaf11bbb82a9b27b3e8909861842a334f4f746a6498329c00401a54281a03c   00000000000000000004005a0000000000000000000000000000000000000000
10000000   115a5a787e9b9dde18db178bc50b11915e55c867395f2f889d92d4890bced11d   00000000000000000004005a0000000000000000000000000000000000000000
11000000   4a75b964dad7b6b0b649b82ecc2f806f9e8c6596b5aae6175e7238e21cfb5c1d   00000000000000000004005a0000000000000000000000000000000000000000
12000000   f34599d1f088c5ab2b690cedd49017dd187121cba5c4e5b0fc688fed987a14a7   00000000000000000004005a0000000000000000000000000000000000000000
13000000   df388f0cedcf9a68e286a648bed6d9d1c660f948438adbb6ce04063beb44f400   00000000000000000004005a0000000000000000000000000000000000000000
14000000   ece2d21a607f7b50da0626e67cd67457131290850cdc14bc3f33b7c35dda595f   00000000000000000004005a0000000000000000000000000000000000000000
15000000   474f079968a4622626768a65ccf6557a938a460991a5db5683726966cf522170   00000000000000000004005a0000000000000000000000000000000000000000
16000000   31aac8ccd73fc549be5894ecfcfab26626d506d8c6cc6d25a8e731f8abe46fd1   00000000000000000004005a0000000000000000000000000000000000000000
17000000   7422be9c9d4a35c3ef16dcfa56d7037120ef76c96c2ae21824ad7b6daef7ac6d   00000000000000000004005a0000000000000000000000000000000000000000
18000000   6fd41afa71b919f3ac6afb6d4ad8749231beed69cac1d4b3a08f042ed86b13fd   00000000000000000004005a0000000000000000000000000000000000000000
19000000   738c8eff2b7ac6a07ce1e0d67ba0dbe7e4fb8b35e3cc446e27b86c5761b7ca53   00000000000000000004005a0000000000000000000000000000000000000000
20000000   eb5cabd8186128d7c24326cf080c9019179ea3d3ecf165f8086dda7082782b3a   00000000000000000004005a0000000000000000000000000000000000000000
21000000   db4822546a0400a78b1b10dcff7bb96137ecd3468fc851886bd41778340b5cbf   00000000000000000004005a0000000000000000000000000000000000000000
22000000   53e394dae08512d0c91385f5aec6b9b0fd0e5f6e943673f203fccac58685c6b7   00000000000000000004005a0000000000000000000000000000000000000000
23000000   2427d09a99fb7eb586bcb42b0037a6eba9a65b217270ee3c83df421d8de1f943   00000000000000000004005a0000000000000000000000000000000000000000
new_height:  827345
debugnonce_start:  0
Mining block template, height 827345...
header:  b'\x00\x00\x00 3\xeeH\xa5`\x1dp\xdc\xdaYl\x9f\x94^\\\xe08{h\x16B\xd1\x01\x00\x00\x00\x00\x00\x00\x00\x00\x002\xa8D]\xe1\xfa+n\x9dl\x91\xc4\xec}H\x8c}\x05\xaa\x1ef\x1e\xe0\xae\xae\x0f\x11+b\x19\x14B\x89\xa2\xb2eZ\x00\x04\x17\x00\x00\x00\x00'
0   284e596c64a629f0875bd0441d7b755e0110db7829c0150eeb8389681435e6c0   00000000000000000004005a0000000000000000000000000000000000000000
1000000   a3172cdeefeb0dcc7de57ca78f4daf739fc1ad5d69a616d96bede8b95962c45d   00000000000000000004005a0000000000000000000000000000000000000000
2000000   d4eda51affe0c35adad1ea4e1ba22eb9d4c5ce3868d4c97662391a785f2d5947   00000000000000000004005a0000000000000000000000000000000000000000
3000000   c41cb9d3dd56574800b8d8162464e7aadcd42cd9a54d8171ed65de95a9a39234   00000000000000000004005a0000000000000000000000000000000000000000
4000000   4d3308b78f39c4933854636db40370ab90738781143b78b4ca66c9eeb45615da   00000000000000000004005a0000000000000000000000000000000000000000
5000000   ec38b9ad05b194cab56857bd898073bc4477e957fa6fcddffc5811ac1a8b6b0a   00000000000000000004005a0000000000000000000000000000000000000000
6000000   63ea77e80c4bc00e87a9760ea0db8f924e58e2dd7f43b380f19ab44740c44738   00000000000000000004005a0000000000000000000000000000000000000000
7000000   9b58b9df08fbc807596918c6eb6f418553fbccd23115bef7e1238e839a2d5d8e   00000000000000000004005a0000000000000000000000000000000000000000
8000000   829866b6ddc1987dcf1444e408857a7809ffc0ab214f421f3e7ab44340596a94   00000000000000000004005a0000000000000000000000000000000000000000
9000000   77bafff05d04a12d839655a4500ae9a6f3583299d0890948a9b7ddc58111e053   00000000000000000004005a0000000000000000000000000000000000000000
10000000   1ca5541cec2c07b0506bef88856d614ce2ab43e1451624157c84acb321950655   00000000000000000004005a0000000000000000000000000000000000000000
11000000   dc2bd502aba660b7c8dae193bc12e749e51a02dbb71dfecb34cd07c2ff6d5f1e   00000000000000000004005a0000000000000000000000000000000000000000
12000000   8b1953def7697ba08a50b007609a8c2e26d713ebb6c3bb05bcd103b6e70d67a3   00000000000000000004005a0000000000000000000000000000000000000000
13000000   a28d221fcc72052b517140eb162d806aa1580ebdcfc9e36a9b614c4f5126b3a8   00000000000000000004005a0000000000000000000000000000000000000000
14000000   e889009efc70f163ac26d210564292675fd1dbde772b977786c6862bee3bc9f5   00000000000000000004005a0000000000000000000000000000000000000000
15000000   4e64ff91b7d2ee4b3dd8a1974e601954d5509d9186dd6555dc5932a5c9a8f2f5   00000000000000000004005a0000000000000000000000000000000000000000
16000000   538bbea17fcc5ecd282e740fd55577bff5bc056777bdaed18dfac5eeb9d2bd75   00000000000000000004005a0000000000000000000000000000000000000000
17000000   9dd50315025a7a6b196c8a0b1af64db87954a0cd2c2fbb3071c8ed505be1f2c8   00000000000000000004005a0000000000000000000000000000000000000000
new_height:  827346
RPC_URL: http://127.0.0.1:8332
RPC_USER: sree
RPC_PASS: admin
Traceback (most recent call last):
  File "/Users/sreenath/Documents/bitcoin_code/ntgbtminer/ntgbtminer.py", line 573, in <module>
    standalone_miner(sys.argv[1].encode().hex(), sys.argv[2], int(sys.argv[3]) )
  File "/Users/sreenath/Documents/bitcoin_code/ntgbtminer/ntgbtminer.py", line 549, in standalone_miner
    block_template = rpc_getblocktemplate()
                     ^^^^^^^^^^^^^^^^^^^^^^
  File "/Users/sreenath/Documents/bitcoin_code/ntgbtminer/ntgbtminer.py", line 85, in rpc_getblocktemplate
    out = rpc("getblocktemplate", [{"rules": ["segwit"]}])
          ^^^^^^^^^^^^^^^^^^^^^^^^^^^^^^^^^^^^^^^^^^^^^^^^
  File "/Users/sreenath/Documents/bitcoin_code/ntgbtminer/ntgbtminer.py", line 58, in rpc
    with urllib.request.urlopen(request) as f:
         ^^^^^^^^^^^^^^^^^^^^^^^^^^^^^^^
  File "/Users/sreenath/anaconda3/lib/python3.11/urllib/request.py", line 216, in urlopen
    return opener.open(url, data, timeout)
           ^^^^^^^^^^^^^^^^^^^^^^^^^^^^^^^
  File "/Users/sreenath/anaconda3/lib/python3.11/urllib/request.py", line 525, in open
    response = meth(req, response)
               ^^^^^^^^^^^^^^^^^^^
  File "/Users/sreenath/anaconda3/lib/python3.11/urllib/request.py", line 634, in http_response
    response = self.parent.error(
               ^^^^^^^^^^^^^^^^^^
  File "/Users/sreenath/anaconda3/lib/python3.11/urllib/request.py", line 563, in error
    return self._call_chain(*args)
           ^^^^^^^^^^^^^^^^^^^^^^^
  File "/Users/sreenath/anaconda3/lib/python3.11/urllib/request.py", line 496, in _call_chain
    result = func(*args)
             ^^^^^^^^^^^
  File "/Users/sreenath/anaconda3/lib/python3.11/urllib/request.py", line 643, in http_error_default
    raise HTTPError(req.full_url, code, msg, hdrs, fp)
urllib.error.HTTPError: HTTP Error 503: Service Unavailable
