debugnonce_start:  1000000000
Mining block template, height 827344...
header:  b'\x00\x00\x00 R\x99p\x9d\x0c\x03\xdb\xf9\x1f\x81\x13\x9e\xf9\xf3\xa5\xe5-\xdd\x18\x9d!\xb4\x00\x00\x00\x00\x00\x00\x00\x00\x00\x00\x94\xcf\xbd\x1f4\xe6\x07\x7f\xd5\x13SO/\xabw\x88Y\xd5\xfd\x81\x8e<\x12\x86\x86\x18\x17\xa0\xd3\xed\x01\x97\xa2\xa1\xb2eZ\x00\x04\x17\x00\x00\x00\x00'
1000000000   dfd2c9481535b847d504a28471edcdcc8638bcbec5036bedc290a11c1db75cee   00000000000000000004005a0000000000000000000000000000000000000000
1001000000   75f7a33b16bae551ca9e78a01df7d6ae708f303330e6509659b9f9c9e4e1f8af   00000000000000000004005a0000000000000000000000000000000000000000
1002000000   89a67e55deb95c7c139aba074e656d7189a50867ce0c4b6aa10697e2126dc363   00000000000000000004005a0000000000000000000000000000000000000000
1003000000   8cb4a3b9fcb09342d7df43c6b0fb1154a31f5b49965a71e74c23ca9f66907aa5   00000000000000000004005a0000000000000000000000000000000000000000
1004000000   a0db2bf6a4c2e735032ec95ad881d9eb3eacd79bb530533c92e8e166e81b1ebb   00000000000000000004005a0000000000000000000000000000000000000000
1005000000   67c495a5bc81048110998fcb2287fccd71b771725fce9d1211bb4e51f3daff92   00000000000000000004005a0000000000000000000000000000000000000000
1006000000   59574f1c979a240ac4ccdac4e8df17bb9ac81637b0b557c1ab4bab706af1a50a   00000000000000000004005a0000000000000000000000000000000000000000
1007000000   cf68b24e938d6eb22183036985c7984f80aafd5defcd29228cce93e9c0384358   00000000000000000004005a0000000000000000000000000000000000000000
1008000000   1d8930525dc949a6c0d4d1609cb05426b77656e732f82543615ba368039204de   00000000000000000004005a0000000000000000000000000000000000000000
1009000000   693922c12c832d39e8e789a46d2028d196a625e80ea5debaa753f6aab8313f75   00000000000000000004005a0000000000000000000000000000000000000000
1010000000   676d3bf931cdd266a3e42d15aece5c26595602eb1cacdb7067048d43b9da69f2   00000000000000000004005a0000000000000000000000000000000000000000
1011000000   340cd5f1a964f538e0c32206810da4f1ade8b3ba626505b5d852d5157169ca16   00000000000000000004005a0000000000000000000000000000000000000000
1012000000   593fd87e978ed07b649a32eeacf08470374a9a67fdbec4bd10729c84923dd8b3   00000000000000000004005a0000000000000000000000000000000000000000
1013000000   fb7ac2b216ffc9901e5d421a6925630085997f55a51b9474a8c85b0e1eef32ed   00000000000000000004005a0000000000000000000000000000000000000000
1014000000   a2dbff720eb0c5a3d088b2d3fc0ffae72040b0a5485585371a98bdc4587c5c46   00000000000000000004005a0000000000000000000000000000000000000000
1015000000   7fbc21f71a4f8ffb55823e181a5d8cc90a44a0b53666d5bcdf01aeea7639b893   00000000000000000004005a0000000000000000000000000000000000000000
1016000000   41a3747ac610793848446cc7b02bf716035db7deea6793c76df1c2417e2793d9   00000000000000000004005a0000000000000000000000000000000000000000
1017000000   70418e19f221b29644ff2ed227081237206ecc20c9669e495accda5ddb495010   00000000000000000004005a0000000000000000000000000000000000000000
1018000000   ad77cd1278a36b76c4a52375681de9eb0b03f10f0993169959babe19c669c3c0   00000000000000000004005a0000000000000000000000000000000000000000
1019000000   5ce7d5888c2c05b417b57c6b2ea3d495e6986f76fc70dcdc81f87f13276ff0d6   00000000000000000004005a0000000000000000000000000000000000000000
1020000000   5a991df686cc6846fafe9cdb165342879d396f19bdb98ee4695790a2ef302d4e   00000000000000000004005a0000000000000000000000000000000000000000
1021000000   1a2c78f2ec916c7b279585416f2ff9a4b99f2c2fcc378d048d12c4794454c44b   00000000000000000004005a0000000000000000000000000000000000000000
1022000000   f1268647b5402fa3336d626a0cd52689b404c1ad0f2860b5286668266ef8f334   00000000000000000004005a0000000000000000000000000000000000000000
1023000000   e8ddf17381d317dbdea69de9406a7a5dec6e1322a8f0ceb96c341374717fc449   00000000000000000004005a0000000000000000000000000000000000000000
new_height:  827345
debugnonce_start:  1000000000
Mining block template, height 827345...
header:  b'\x00\x00\x00 3\xeeH\xa5`\x1dp\xdc\xdaYl\x9f\x94^\\\xe08{h\x16B\xd1\x01\x00\x00\x00\x00\x00\x00\x00\x00\x00o\xc5j\xfe\xa7*\x01s\x17\xa6\xda\xa8\xf2P\xee:\xfaQ\xaed\xc2.Ewd+,\xc2\x9ex)`\x89\xa2\xb2eZ\x00\x04\x17\x00\x00\x00\x00'
1000000000   f6db73e4d6313bb611d447e68c5f768ce481d56d022562240b5171b987b6a03f   00000000000000000004005a0000000000000000000000000000000000000000
1001000000   023293a115f06aa9dd20ba589ad33684d73ae4809be26a53f65451ab6331d25a   00000000000000000004005a0000000000000000000000000000000000000000
1002000000   343bd675e4f45ef1b5dd23d4efaf198106650b5e618ac381bb9bdf22a58e42e2   00000000000000000004005a0000000000000000000000000000000000000000
1003000000   14aa0851cb3c968292ef1f9118c32f24a5e0dde6192a907338452eb8a1411fb7   00000000000000000004005a0000000000000000000000000000000000000000
1004000000   b0c4319221532cfd4bf6f0d65fef3615598062e9536feab34078784186890e9d   00000000000000000004005a0000000000000000000000000000000000000000
1005000000   c1b7aa7f68944865dbabb02dad82d9679276981984babe6f366719db00d31473   00000000000000000004005a0000000000000000000000000000000000000000
1006000000   2c716dd4ae6a1c05d03ea435fe9c7950e2ca005ea1832b246f0130495de3b588   00000000000000000004005a0000000000000000000000000000000000000000
1007000000   76b1f99a3f15b6b093dfd778d0d4686d19c2c2631f0bfda5227f1bb85d405c37   00000000000000000004005a0000000000000000000000000000000000000000
1008000000   d09d1a97bed476e4b17d1c0bcab6f7f7b17525435f6038948cc70dc331be7d35   00000000000000000004005a0000000000000000000000000000000000000000
1009000000   a829e262b772064cc3e325322156d33c4f9a245f1f89d6977410b1f49c96279a   00000000000000000004005a0000000000000000000000000000000000000000
1010000000   e50dfaf5f6e8a56f8d4dbcfb8a701af9f931683002b9829b94f9e5515d14b6da   00000000000000000004005a0000000000000000000000000000000000000000
1011000000   f78159574a84a1b30d2990c5a18872a77b963f3fe7568be220affdb05ade799a   00000000000000000004005a0000000000000000000000000000000000000000
1012000000   337d24039a0d141fd031a88bacd6033b91a5584e949bfae2f7480c2606674379   00000000000000000004005a0000000000000000000000000000000000000000
1013000000   09370aaac62aa82c63162d1cb14e4603cc41eba79ad3fc126e07e7f0c2c659fa   00000000000000000004005a0000000000000000000000000000000000000000
1014000000   c78e93927335774cf98004dfcbdc680db3ed40f744f2503ac781f6aa0c3a6807   00000000000000000004005a0000000000000000000000000000000000000000
1015000000   3bae4579e8223bcb93b0e9714e0070ac8d017d8593cbe1754bf0477e81cf5abe   00000000000000000004005a0000000000000000000000000000000000000000
1016000000   a85ab3b7bb00bda13fb952f0bfa8dcd34fc4146473d2049a171a80e5090b5215   00000000000000000004005a0000000000000000000000000000000000000000
new_height:  827346
debugnonce_start:  1000000000
Mining block template, height 827346...
header:  b'\x00\x00\x00 \t8\xe6\x97\xcb\x94!\xeb0\xb8fY\x95\x89iE\x95\xa0P\xa7\xa4\x17\x03\x00\x00\x00\x00\x00\x00\x00\x00\x00\x13\xc9\xfa\xf2\xc68E<\xe3\xccoAe)1\xaa\x1e\xed\x85\x00J\xb2\xbeL\x84lc\x07\xfc\xd9;\xfa1\xa3\xb2eZ\x00\x04\x17\x00\x00\x00\x00'
1000000000   2eff2b24d493857771dea6b81a2c043c081482071ee65834d75116510e2f61bb   00000000000000000004005a0000000000000000000000000000000000000000
1001000000   c87193f9903f70753f6747b2a5b50a4f6b2187adb2de863c92a36b8fa2750e34   00000000000000000004005a0000000000000000000000000000000000000000
1002000000   2aa3fe384bb6104cad33d67e0d2babf1cf865040a017823e4246c242a621fc9e   00000000000000000004005a0000000000000000000000000000000000000000
1003000000   270036562f5630d0fb6fd52c911778d15f90293a4e15b38b2021ea681430a82d   00000000000000000004005a0000000000000000000000000000000000000000
1004000000   20e46e931c48c36ccea80c4f9c631b4dbe3a115bb67be1a12d70ace093fbab85   00000000000000000004005a0000000000000000000000000000000000000000
1005000000   d5bcd2103e49efb903eb6982884f0c64935396d5d5283519218f139b5a71a01b   00000000000000000004005a0000000000000000000000000000000000000000
1006000000   a969fe0a9d7fb216bdfb8ec70ba4286a2215667454f572087bc91a01a36bbde1   00000000000000000004005a0000000000000000000000000000000000000000
1007000000   09993bfc49a025d5e40a5ec19b78c3fa201bbbbcff209a9fb1df9c69fd3f5324   00000000000000000004005a0000000000000000000000000000000000000000
1008000000   2f76f67c82eeb0256c5ca7c79989e07a31d7256463ddbf83a4f18e8d4b9cde56   00000000000000000004005a0000000000000000000000000000000000000000
1009000000   c66beca14922a62049aaa6b4622aa8f86ccd8b588af734e030b04a3c6b234772   00000000000000000004005a0000000000000000000000000000000000000000
1010000000   d68ff463149221dd98e6279a67027d15bccf693c20e39b0b1c8256787cc8a02f   00000000000000000004005a0000000000000000000000000000000000000000
1011000000   46027ec39f1d597ff56ac69c52e0063d1a33830940ccf576164469e3a2ef78fb   00000000000000000004005a0000000000000000000000000000000000000000
1012000000   951ffc2f2e02ea8cd27a946051ea70603c8d3cf2a8d85eaf5538a31a45d4e09d   00000000000000000004005a0000000000000000000000000000000000000000
1013000000   86238352057e4dd743c735bb9ac07b9d207ed272e36078ed232be55401dbaa1e   00000000000000000004005a0000000000000000000000000000000000000000
1014000000   4503fc0f47cb4ccbf30511260ad3ff1966813d05fdc741e1e7665d17bd2ee5f8   00000000000000000004005a0000000000000000000000000000000000000000
1015000000   7c45f5a8565b696e0330041140b97943b3694de044d8cb9824ac6dd552f6c7c7   00000000000000000004005a0000000000000000000000000000000000000000
1016000000   b060ac2d731eb282f8b49151b1cb32c3fc160989d2e5a65ec657e71b5158f86a   00000000000000000004005a0000000000000000000000000000000000000000
1017000000   2165a1a8dffcf4997e440dcc7da83e3cb0b33185b918275f28d28e1693f267bb   00000000000000000004005a0000000000000000000000000000000000000000
1018000000   85ec8e92df3892c8490ec5c73d87272bbeaa262fefad2d2abed16c22a219b5f1   00000000000000000004005a0000000000000000000000000000000000000000
1019000000   fa41dcd9faa4bb5e4ecb8e9d3ab42dc0ce9a59b51ebe7aeb13b13ffeceda61c1   00000000000000000004005a0000000000000000000000000000000000000000
1020000000   2d8d4ca4526f17775ec5267512e4204eddb7c095f8545f74dec5e995d7c5dff1   00000000000000000004005a0000000000000000000000000000000000000000
1021000000   b84115dfd1088df98d5645722145ab2a16e2cd3d122d7c78e727e7edf95e97c2   00000000000000000004005a0000000000000000000000000000000000000000
1022000000   cc404a9c3cdc137d8d52511d5c29070e4202aedeba67fe4b2cfbee282738fa78   00000000000000000004005a0000000000000000000000000000000000000000
1023000000   ec37d4732cd974f63b7323dbb5526f3a1159c576a8137f3b726b2973b68242cf   00000000000000000004005a0000000000000000000000000000000000000000
1024000000   0a086504567bd8ad16c60461d94b941f12972f923d38d29dcd9c7e92a1d5f543   00000000000000000004005a0000000000000000000000000000000000000000
1025000000   b7b4cca792ff4debee6ed9f47ed6e367bdf238354887703dae427338a46754bd   00000000000000000004005a0000000000000000000000000000000000000000
1026000000   764e02af011cc49a68ec1257e463c4f0af6f689175575d12d431c0a879427734   00000000000000000004005a0000000000000000000000000000000000000000
1027000000   697429ad2c226d0b089cbd2c8dfdf3b830ce8976062f2cb24cc4144dc1fb592d   00000000000000000004005a0000000000000000000000000000000000000000
1028000000   04733fae86c6de7cb98798dbdd5298279f849b46cb4b179059dacaec93e94405   00000000000000000004005a0000000000000000000000000000000000000000
1029000000   fd0abf3f9d615780e1e4ac1c2988d68f6e111f0948686a1a42e60dfe63437d4e   00000000000000000004005a0000000000000000000000000000000000000000
1030000000   8bae2679a83f0267c133260abc70dd68f69ccaf170c3f6fb4e38154c2c2ecb41   00000000000000000004005a0000000000000000000000000000000000000000
1031000000   50f43ee12dafbb3e44140725814a7096bb76c7482d70ebecd8d4bf67ef7ae806   00000000000000000004005a0000000000000000000000000000000000000000
1032000000   c27a7ef011feae2ef087fd5ee4d6feee95eca3ad0c18fa2f5153b4f5ee9559e3   00000000000000000004005a0000000000000000000000000000000000000000
1033000000   13f5ebac984f84bf2df4945aa2ec0ccc670574833eee031b3452fbba240efd89   00000000000000000004005a0000000000000000000000000000000000000000
1034000000   524b46cd939b82ff34038ca154fa70277031066edd52b70e2a9e648d60386fe3   00000000000000000004005a0000000000000000000000000000000000000000
1035000000   9816d25b1d57b7f78ce9a8cc5c7884355fd7e7dfde7a2a1402186411280926ef   00000000000000000004005a0000000000000000000000000000000000000000
1036000000   70a7610ce7a1ae1ef9d64e46cbdb84aa2d5beac47841428adc5f9d6d3fedd30b   00000000000000000004005a0000000000000000000000000000000000000000
1037000000   6c2bbd6609c57085a32632370aacadbf401b28ad2a54ec5411d8e1e6cb11ec34   00000000000000000004005a0000000000000000000000000000000000000000
1038000000   ae61fd472cd7e3214c664fa9111b618c0cd189c517af40809dfdad0fca6e7908   00000000000000000004005a0000000000000000000000000000000000000000
1039000000   9a2d53881e85310301706646fc97797b7aa1bee54cca8dfc4a75dad18a86ae20   00000000000000000004005a0000000000000000000000000000000000000000
1040000000   6cda05a7dce84329cec573fcc1d5521e64783ee5d62a68613f856d3194be6d46   00000000000000000004005a0000000000000000000000000000000000000000
1041000000   406d39803d04dd0c43885110a321d2e57c587d1ad528d102b615c72b09fda972   00000000000000000004005a0000000000000000000000000000000000000000
1042000000   c06f9ec3a0e0278777aabdfa439c73741be80683536bf25da1a8b00ca1ec3d5a   00000000000000000004005a0000000000000000000000000000000000000000
1043000000   3995f33247e3e6cac64a5a69ad2600987ea911bae9635f5ba19061f453fd2cee   00000000000000000004005a0000000000000000000000000000000000000000
1044000000   5a88c91b4f8294f92f8a8f90b42473d43467ee3e7454ca00d2e01a845672b553   00000000000000000004005a0000000000000000000000000000000000000000
1045000000   a31868da5a1ce803f8d044a9d4aed6de103a8d2128dab5f6794ffcff173b08b3   00000000000000000004005a0000000000000000000000000000000000000000
1046000000   3b98881e3549034b0a8e5091957697ee634b6f9aa3b252119209f4a20a93f4eb   00000000000000000004005a0000000000000000000000000000000000000000
1047000000   cdb694df0aef0193e4458df7c137486363cd38e46834696a6ffda07cfec8f272   00000000000000000004005a0000000000000000000000000000000000000000
1048000000   c2b7114fa015eeb930f3362855e668ea7c2c007179cbb6de3f10c741a1e1db3d   00000000000000000004005a0000000000000000000000000000000000000000
1049000000   bc5e76c167bd9258bbf3c645babba68200f7d78dff7af2be10e1bc9420473094   00000000000000000004005a0000000000000000000000000000000000000000
1050000000   99e059da784af15fe48ab321bbb3b9ba3c7ac7a4e40fb99ed523caa10610cb06   00000000000000000004005a0000000000000000000000000000000000000000
1051000000   e43744d2d5edf361a80b0bbb4b03d5f8df930d8b72b58bc95ee287a710ecff1e   00000000000000000004005a0000000000000000000000000000000000000000
1052000000   4ac6575e4822a7049e0428ada2395b74f38b17d47889f99075d531a575b7aaaa   00000000000000000004005a0000000000000000000000000000000000000000
1053000000   cf2289a1c05c95fab8b9f06cc8b346020c9e40f1592dfadc8cb2d6a8c31bd072   00000000000000000004005a0000000000000000000000000000000000000000
1054000000   92b7a76bbe2d060bbc373ad01169ab719b3110024289565091cfa8639934c244   00000000000000000004005a0000000000000000000000000000000000000000
1055000000   eaec03c11768c8482d3b83a57d051bc0fbf65bfd5dc839e0e5aee1de202ec519   00000000000000000004005a0000000000000000000000000000000000000000
1056000000   d92fcb363816625aa003dc836037b143fe17aac4dbe6dab75b4e48a9d9666c61   00000000000000000004005a0000000000000000000000000000000000000000
1057000000   ce34dcf7a55cfbd444d423559f0b10f138ca9c1342fd6479c1ea328543414ad4   00000000000000000004005a0000000000000000000000000000000000000000
1058000000   78c3dc820368ea0e77512095c53bfaaa6ee895fb9437eb67d1f8385b4073058a   00000000000000000004005a0000000000000000000000000000000000000000
1059000000   19f9dc4997ba44c920fe3345b2ae37b17e54f5df0aa555fdee7c890632446c3f   00000000000000000004005a0000000000000000000000000000000000000000
1060000000   2c1de4f4e4dd8888076877341a129540eea6287393a19dc253c64cb1fc53f84d   00000000000000000004005a0000000000000000000000000000000000000000
1061000000   fa2aedcd3fb0c83377cdef44e01f2facc61eb5957b58660b1ba99939e7342937   00000000000000000004005a0000000000000000000000000000000000000000
1062000000   5cab36cf65bf600f182dd550d07621def3dc76e9b5f59f0869601e227e4c0911   00000000000000000004005a0000000000000000000000000000000000000000
1063000000   e7878bdb7d2f51103b636053bbd9040a329826ad2ad3faf74db5bac2bc06e3db   00000000000000000004005a0000000000000000000000000000000000000000
1064000000   6782c99eac7a98e08929ceb2194008c491cc80229d25a0951e752d81054f46d3   00000000000000000004005a0000000000000000000000000000000000000000
1065000000   1a6d2f6be42bf00e49d4280749f46717cdb72b869659b93add0abe87c343767a   00000000000000000004005a0000000000000000000000000000000000000000
new_height:  827347
RPC_URL: http://127.0.0.1:8332
RPC_USER: sree
RPC_PASS: admin
Traceback (most recent call last):
  File "/Users/sreenath/Documents/bitcoin_code/ntgbtminer/ntgbtminer.py", line 573, in <module>
    standalone_miner(sys.argv[1].encode().hex(), sys.argv[2], int(sys.argv[3]) )
  File "/Users/sreenath/Documents/bitcoin_code/ntgbtminer/ntgbtminer.py", line 549, in standalone_miner
    block_template = rpc_getblocktemplate()
                     ^^^^^^^^^^^^^^^^^^^^^^
  File "/Users/sreenath/Documents/bitcoin_code/ntgbtminer/ntgbtminer.py", line 85, in rpc_getblocktemplate
    out = rpc("getblocktemplate", [{"rules": ["segwit"]}])
          ^^^^^^^^^^^^^^^^^^^^^^^^^^^^^^^^^^^^^^^^^^^^^^^^
  File "/Users/sreenath/Documents/bitcoin_code/ntgbtminer/ntgbtminer.py", line 58, in rpc
    with urllib.request.urlopen(request) as f:
         ^^^^^^^^^^^^^^^^^^^^^^^^^^^^^^^
  File "/Users/sreenath/anaconda3/lib/python3.11/urllib/request.py", line 216, in urlopen
    return opener.open(url, data, timeout)
           ^^^^^^^^^^^^^^^^^^^^^^^^^^^^^^^
  File "/Users/sreenath/anaconda3/lib/python3.11/urllib/request.py", line 525, in open
    response = meth(req, response)
               ^^^^^^^^^^^^^^^^^^^
  File "/Users/sreenath/anaconda3/lib/python3.11/urllib/request.py", line 634, in http_response
    response = self.parent.error(
               ^^^^^^^^^^^^^^^^^^
  File "/Users/sreenath/anaconda3/lib/python3.11/urllib/request.py", line 563, in error
    return self._call_chain(*args)
           ^^^^^^^^^^^^^^^^^^^^^^^
  File "/Users/sreenath/anaconda3/lib/python3.11/urllib/request.py", line 496, in _call_chain
    result = func(*args)
             ^^^^^^^^^^^
  File "/Users/sreenath/anaconda3/lib/python3.11/urllib/request.py", line 643, in http_error_default
    raise HTTPError(req.full_url, code, msg, hdrs, fp)
urllib.error.HTTPError: HTTP Error 503: Service Unavailable
