debugnonce_start:  0
Mining block template, height 827458...
header:  b'\x00\x00\x00 \xf7\xa2\x89\x88\x01f\x153\x13\x82\x08\xab\x16LF\x8b\xb0\xc0\r\xf6l\xc9\x02\x00\x00\x00\x00\x00\x00\x00\x00\x00<\xdb\xf3\xcf\\\x86G\x90o\x1f08\xb5\x17F6|(\x82_/z\x9bK\xee\xf1\x8f\x96&\xad\xc6\xacy\x91\xb3eZ\x00\x04\x17\x00\x00\x00\x00'
0   830f6bd80484746d41413df353a1a730d63b428338411bc04796391947392747   00000000000000000004005a0000000000000000000000000000000000000000
1000000   0bf3c50c105b80ed3a86f5b3b4abcaf33975a5eaab28a12104b01dc9206be762   00000000000000000004005a0000000000000000000000000000000000000000
2000000   6ea077d6169f3476e5e32ce010c0db095e6085109216cdba6ea1d7d9c3167560   00000000000000000004005a0000000000000000000000000000000000000000
3000000   82281e429c209fdf04f5908fd5b8e883adbd762e20952806101419e96fd9ae7f   00000000000000000004005a0000000000000000000000000000000000000000
4000000   6ad7d1c1efa8c17003cb8b99d5cad02212fa2ff7b39ed358a58aacd192088a74   00000000000000000004005a0000000000000000000000000000000000000000
5000000   d44882db5c449f33941a1686bd85afc91cfa910f37a4335ffff165f1bae1b01a   00000000000000000004005a0000000000000000000000000000000000000000
6000000   e4c9b440a06996ffe45291825b5911aedb396977c944ad87e54ceedac972d1d5   00000000000000000004005a0000000000000000000000000000000000000000
7000000   9920c8ccd64ff57ef222baa34c5747bf706ea79d96389e2eb7e0cef5004978c9   00000000000000000004005a0000000000000000000000000000000000000000
8000000   dbd1615004c84b545104b5b28a97b8d806afcba75e06b423d1fd5facb54d1d52   00000000000000000004005a0000000000000000000000000000000000000000
9000000   8a4f1a7efe21446ef7d9863c54b80b733eeb6a0766d04926b1763ca1d678559c   00000000000000000004005a0000000000000000000000000000000000000000
10000000   a3363bead72f46d460f7ecc2d4b970a229f7a5de118824afc3344b1ee0506ac1   00000000000000000004005a0000000000000000000000000000000000000000
11000000   57eafc5b77032c385f0cd1cc4efdf14283136cd793e31949715358b5eda6ed72   00000000000000000004005a0000000000000000000000000000000000000000
12000000   183894eeeedba870a4fda219f9db2f04b0cc88946bf82446ee588c4bed09e375   00000000000000000004005a0000000000000000000000000000000000000000
13000000   21ec6f847f1b606693a598c4fd9567e6e7c3daa6a2f1c5cbc41802c54b7f2683   00000000000000000004005a0000000000000000000000000000000000000000
14000000   cc6d8d71040e514c706d9ea93d248681409e2b065a112f9c2422ef05aa556cba   00000000000000000004005a0000000000000000000000000000000000000000
15000000   27cd99eed11a4b93f353867a82846559e9cd84152273d9fd426f5e12967732e8   00000000000000000004005a0000000000000000000000000000000000000000
16000000   66c2e3bfaa15aac162eb9c72e5bc0e8f201b65d5f214375be16836de8df20b92   00000000000000000004005a0000000000000000000000000000000000000000
17000000   2a54cf8ad55287733f72fb8565df362a9b96e49434b6f9b55532b06ce87f12df   00000000000000000004005a0000000000000000000000000000000000000000
18000000   9413b13779ac68327e36073f55057507e67a3ec226a08703410917916e8cf242   00000000000000000004005a0000000000000000000000000000000000000000
19000000   144e92275ec7197e51cff1942c521b83c5dc886c3e7dc557a710bd5999753dde   00000000000000000004005a0000000000000000000000000000000000000000
20000000   b8ca8d29c5ebe63ded08321ac9ba8ff98fc946bf416d1a516c8c959532c55138   00000000000000000004005a0000000000000000000000000000000000000000
21000000   16c65286bb03b968208f351c8f7052595c724496645e9ac4561068de1df16e11   00000000000000000004005a0000000000000000000000000000000000000000
22000000   64810cca7471a6905764997dd9b52ec2db7eab186569e803d085a29119179b56   00000000000000000004005a0000000000000000000000000000000000000000
23000000   9d7e0bfdcf6d0caf748b496f2749e14176c53c50831647323174fb546191d62b   00000000000000000004005a0000000000000000000000000000000000000000
24000000   2334efdbcb5105e0df9d938d9e994b60e066450faa099ae9aaa7ece5b1a12477   00000000000000000004005a0000000000000000000000000000000000000000
25000000   45fc61dbf1d354fcaf4eb9b242cc93839d905fdd2b8ed80407ffad6989d8249c   00000000000000000004005a0000000000000000000000000000000000000000
26000000   a8fa18315277470068b0fe90ea4a38cc50c97f6b48895b887c6142df8c5cf82d   00000000000000000004005a0000000000000000000000000000000000000000
27000000   b0fa7de05a6fedc692d7250fc18e40bf9f703dd02265ec0e3284e49d8c521442   00000000000000000004005a0000000000000000000000000000000000000000
28000000   e58926514d5c137d50a1a3a9b6c3fd7eb74478cbd6a3af49b9388883912e6c91   00000000000000000004005a0000000000000000000000000000000000000000
29000000   30a21799e000208e24e4a242d90b66ba6dcf6dca75f2b99efd727c89fcf299ff   00000000000000000004005a0000000000000000000000000000000000000000
30000000   56c9f1e82ce77b7d7048a82bb1bfc5879593424b947614135ee4941103432470   00000000000000000004005a0000000000000000000000000000000000000000
31000000   2487a6389f478a388b8ad778d66bbbb9fd96f6313553b890efbb20a67deac368   00000000000000000004005a0000000000000000000000000000000000000000
32000000   87f09857371119dcd0ad3d5dbf062c23e65cef08621cbb6341baf8e48df5ea94   00000000000000000004005a0000000000000000000000000000000000000000
33000000   4e98507b7f30458b0a51e5d9326dc63e2b7e2aa71eb19e2f470ada3bfd5f3cea   00000000000000000004005a0000000000000000000000000000000000000000
34000000   e040494fa50a9297a60a3a7d16302ca0bd81dd14cc39bbcdc3c41f507fa910f9   00000000000000000004005a0000000000000000000000000000000000000000
35000000   919320bac645f4c1559097819100426629c6beedac5570002272ae311f0cc27b   00000000000000000004005a0000000000000000000000000000000000000000
36000000   35ffd5946900ec073feaa1fde8bbfd205a85553b431a265cefb22e16c86fae3e   00000000000000000004005a0000000000000000000000000000000000000000
37000000   9a3f6f965197660577263d6a7e9bf2dac8dd2ff344a95602ef8851e1a1f194b4   00000000000000000004005a0000000000000000000000000000000000000000
38000000   556cdb3a757bc5cb3b4e864c3234e20b71c053fff2a85d90ffe74d0bb649437c   00000000000000000004005a0000000000000000000000000000000000000000
39000000   f35a5defa025892cf391630ae300a17c176070c2b4b2b42bfe42d2bb3503eb22   00000000000000000004005a0000000000000000000000000000000000000000
40000000   3784565eef77b786157033de0a18c06855d0f56838b1189e405337cb75133f4f   00000000000000000004005a0000000000000000000000000000000000000000
41000000   2b3c1a964cffb04e0fbff042e5005b16ed064f5d738de33cae3ccf2749487ad7   00000000000000000004005a0000000000000000000000000000000000000000
42000000   c0597eccd22cfd413cb367e83494b944ac0074c17a2da0f6b8d789bc6942f978   00000000000000000004005a0000000000000000000000000000000000000000
43000000   df3346ecebbea1522a8efe16cfc7bcdcab1c77261aff965220aaf45397a3f132   00000000000000000004005a0000000000000000000000000000000000000000
44000000   24c59c1af845c56031b7776e39753d53b1ff5059fc745c2dc5bf854779d086c0   00000000000000000004005a0000000000000000000000000000000000000000
45000000   e41e3486bda9c4b317eb507e8ae6177074854dd6633c81fb73387e80f6c13d4c   00000000000000000004005a0000000000000000000000000000000000000000
46000000   510d46b116b44215017e501feef6f3fa8dd40a805d3d1731af2cf804e08940e2   00000000000000000004005a0000000000000000000000000000000000000000
47000000   91d511ea74e0d68caab122d5bdcb9fd693c95d13adc16cac2d7a31d76ab421cb   00000000000000000004005a0000000000000000000000000000000000000000
48000000   0c3d0820fda206479372528080d7c5375b2f36bdbd56c7340e57f5744e3dac12   00000000000000000004005a0000000000000000000000000000000000000000
49000000   48070facee436af312e0f856333665ad6e4da68b17bcb2c067ac4eb4260053f7   00000000000000000004005a0000000000000000000000000000000000000000
50000000   2b947e0b1318120068fb50a77509560dc0d922457f8b5d594764339f2382f3e6   00000000000000000004005a0000000000000000000000000000000000000000
51000000   45396e2f7866a4e88053745b05d4252546ca237eada445b4fef0ddca22b3db8f   00000000000000000004005a0000000000000000000000000000000000000000
52000000   c0e398b7ba80f339ac3dbcfb9621b1c083e12e9fef02fd47e8b8ca784f434252   00000000000000000004005a0000000000000000000000000000000000000000
53000000   564db3883eb53333331640e1139b15405792ae7921ebc0e26a44c1d8accec58f   00000000000000000004005a0000000000000000000000000000000000000000
54000000   ae804a1475983637012fb9214941085eb7568b496b2dd470ef425f0ff5187e11   00000000000000000004005a0000000000000000000000000000000000000000
55000000   4734b45e397333db7d40e50c36359ebaf2b7d65f481f16edb378fa0b89fd0b78   00000000000000000004005a0000000000000000000000000000000000000000
56000000   ebd75785c3d15de28d24c8e534d909078a5c2f70a6b9c0e19444476592f8b71b   00000000000000000004005a0000000000000000000000000000000000000000
57000000   9e8d4420dd02d7fae3fdea10503ef84fda8b07cd5db486fadafa83b880ba1f1f   00000000000000000004005a0000000000000000000000000000000000000000
58000000   d4fcc20009a172f06f203686760008a20ea538b6b7caefdd357f7f92d904726e   00000000000000000004005a0000000000000000000000000000000000000000
59000000   bdad6e45d5a94307119dc5017b72e7a8370c7f7c9095fd5d6adaf6b10dfbb4ae   00000000000000000004005a0000000000000000000000000000000000000000
60000000   c609e0550cb6f3b76713b70182e9339c9767f1d2967a82664b7d1db78e2ab138   00000000000000000004005a0000000000000000000000000000000000000000
61000000   27d4a5db4b9b1b13143df6bff6f9705a73ba6ea3d6aa89608f532fd85cd3d6a4   00000000000000000004005a0000000000000000000000000000000000000000
62000000   23fcd5de0dcad35f6a39eb4fdc4396b7888fdb11e980514b63a7527789fe7d67   00000000000000000004005a0000000000000000000000000000000000000000
63000000   b3a92e02052b2ff56c2cd9acde8788e48aa30d5a2288040768729b83f4005147   00000000000000000004005a0000000000000000000000000000000000000000
64000000   f8c8a6fd867cddffddc129292e4ce88896196237938ff0d7743f957da05f0874   00000000000000000004005a0000000000000000000000000000000000000000
65000000   4d0b9bef1021d9f290946d5d90ec650c92e19ff70c0a7e5f8328c6722d79f0d1   00000000000000000004005a0000000000000000000000000000000000000000
66000000   9e72b270995086328a6dcb622ebc6cd48e7627da5b1bdeae8628499fe300293c   00000000000000000004005a0000000000000000000000000000000000000000
67000000   59148f9bd6dde25103a60f9cb294f8cac1945e7209ba371bd6da26510d2f5354   00000000000000000004005a0000000000000000000000000000000000000000
68000000   841a84a021156282cb0dd8ad8321e443357d11cd16fa97322142c72ec53c4471   00000000000000000004005a0000000000000000000000000000000000000000
69000000   9a3b483dbf95be34a99008f7609686e69f300462e38921a7e73504a63fc581c5   00000000000000000004005a0000000000000000000000000000000000000000
70000000   03045f4e819c06e911a511ff597a8a0139a39822b14dbac565078289b27b6237   00000000000000000004005a0000000000000000000000000000000000000000
71000000   84546efb57aa1b73df2b972c2cdb9a41274ff7c724cb4a8fac243f12a9134cac   00000000000000000004005a0000000000000000000000000000000000000000
72000000   58c55eb3778b62ef364473eeb25c895d3df13b18b393f87042c2e799d79cabd2   00000000000000000004005a0000000000000000000000000000000000000000
73000000   4727a8eec32686b7e52809056a240ab3127e8ce4037a640494f5e879a23e22d9   00000000000000000004005a0000000000000000000000000000000000000000
74000000   c38cc6371ecf7b392c51b54edd9e65b9b28ee053422c15a0873fd517bf1776dc   00000000000000000004005a0000000000000000000000000000000000000000
75000000   d93d9ba845f160380f90d3f2986b0638afc79cb0e6c7a113b3464928b582cc10   00000000000000000004005a0000000000000000000000000000000000000000
76000000   6fe5b6660a2ffe801450048db21f346f84d8e16fbd339f3eb7bd188130d9ec17   00000000000000000004005a0000000000000000000000000000000000000000
77000000   75bfc60653f5e464ca026c7bb31eaf5caa51324eb314f2e52644c2217fdfa0f4   00000000000000000004005a0000000000000000000000000000000000000000
78000000   4749feafb12679ed01f364479941dfd498c32a69864d07cc2b9477d09b892e0f   00000000000000000004005a0000000000000000000000000000000000000000
79000000   c79ac69932cc952cc5b57f954d8444b7d9bb42425bbe40e67f9e7837a324a396   00000000000000000004005a0000000000000000000000000000000000000000
80000000   5e6c64a53e5112aac920ede3b09332ef71c93f3551db7adef21148fb060ead2e   00000000000000000004005a0000000000000000000000000000000000000000
81000000   c33003640f6fd5c0f1c913a52aa32cde83cf2c31c909771d6c919f1154a877b0   00000000000000000004005a0000000000000000000000000000000000000000
82000000   9f419b95ae61369097b49e4651bad61bb021585f288e4006c2b6c9b7d75cd561   00000000000000000004005a0000000000000000000000000000000000000000
83000000   fc473c9eb9d3bfe6cef8af513dd50db88fe605bf8489b8ba3998d4cdb49f5e3b   00000000000000000004005a0000000000000000000000000000000000000000
84000000   93ec5aa486a49bbeef4aa977c1ab6d8f686df7bd86074053c7bb8a60a2c50f78   00000000000000000004005a0000000000000000000000000000000000000000
85000000   67ba931f1f609174b076c7714204b87257c592ed8cb04c8a85a1d554bc48db48   00000000000000000004005a0000000000000000000000000000000000000000
86000000   1577f20a9bf0992869b60078856c7b499eb548931416341512a46be735c3b928   00000000000000000004005a0000000000000000000000000000000000000000
87000000   e1e70a0c8225f32ffedbf82d9575539651c69e31f6655844b70541395bad8360   00000000000000000004005a0000000000000000000000000000000000000000
88000000   9c88226daa5441c192796fe7176a797c851fb77c2116f50df47a874cac0d6b74   00000000000000000004005a0000000000000000000000000000000000000000
89000000   0c87bad151284680a4a67f66690f3d8f9a068a06ad685e4088455fdcb064acec   00000000000000000004005a0000000000000000000000000000000000000000
90000000   8f6f216e194102da2deb054ea396ae825d3ea5b4c2ec65361bdb7c49ffcc2b08   00000000000000000004005a0000000000000000000000000000000000000000
91000000   8eb5ce8a0b1e2b44ded63143ef77b99d321a4f12cbd7d53f3702a2e649246bb9   00000000000000000004005a0000000000000000000000000000000000000000
92000000   13d76bc7037eaa25f9ac1b8a089df087ca49f5bf09435dfcc63dce169a8803e5   00000000000000000004005a0000000000000000000000000000000000000000
93000000   c91a09f9f4514cda7cb93e5ce964279fab06f6895b39a558dd2d352b502a0a27   00000000000000000004005a0000000000000000000000000000000000000000
94000000   f7293a6b8e1bdd776a718fa058be19d0261f6237141e37efe558a6bbf9063d77   00000000000000000004005a0000000000000000000000000000000000000000
95000000   61027208d9e49cb02c4f086048d6273161dd7a951c3f5db1aa67dd4ac5e2eb14   00000000000000000004005a0000000000000000000000000000000000000000
96000000   f9849e78126820b8c74a93aac2aa1bcd666a39c89b9a071411b0b6bf52824996   00000000000000000004005a0000000000000000000000000000000000000000
97000000   3b0c1269e7141984732fc138904cb7bfb9cc4c5a6d41b1982948b82a8b0d9d82   00000000000000000004005a0000000000000000000000000000000000000000
98000000   919ccf3a13e669e90dbc06406feb408037619043725f15cf7fc8e78a7e6d2599   00000000000000000004005a0000000000000000000000000000000000000000
99000000   40852ab09e6641a4bc230477d476bcb07230b90330a345289882af0a7c0a5e84   00000000000000000004005a0000000000000000000000000000000000000000
100000000   229162cecc0c3bd1bcd0139aa4e782279b070f195a169ad1e684681c4c4da240   00000000000000000004005a0000000000000000000000000000000000000000
101000000   aabffaad4f2a85512a81ae390c85f1a1ce5bebadc2631a8267258d917a2d9ae5   00000000000000000004005a0000000000000000000000000000000000000000
102000000   7399c87102d840f30def36a0a84776865ced57b4f4a7fa6bb5fb55b3a60248d7   00000000000000000004005a0000000000000000000000000000000000000000
103000000   43d1e55743fdf568197cd5d6be8ddb1bdaf551412ba4a079168c4a03f23ae5e8   00000000000000000004005a0000000000000000000000000000000000000000
104000000   dcc11b315484e08418663297becbab7e6b0bd5082559957c542aa1b6a21f95a4   00000000000000000004005a0000000000000000000000000000000000000000
105000000   13757b74a404964320183cc2110dc6eea67ff9822cbc297901d429d3981037d4   00000000000000000004005a0000000000000000000000000000000000000000
106000000   8fd258dd18b052aab393bcf4c1ea244e018321a824404b26891e2ca08e67f201   00000000000000000004005a0000000000000000000000000000000000000000
107000000   798ba6850b53166804a2154c7b10e6baaa69cfa22727254ce11fe173c12206c9   00000000000000000004005a0000000000000000000000000000000000000000
108000000   ad1588199e4db373efd25992bbe29d10a5e54a4ac2062d8f34c161ab42299075   00000000000000000004005a0000000000000000000000000000000000000000
109000000   17e21475e54fe10b1d419dcdaf592b974be0c224a508946a7b2d569f8e365c8b   00000000000000000004005a0000000000000000000000000000000000000000
110000000   1f39fa54996f769cab411b3ae9f5f2d9be9099180febb46c65d9c92522a7ddc2   00000000000000000004005a0000000000000000000000000000000000000000
111000000   928dd08e1048cabb91e71f93447eab20ed4937a91cded1318250230dac6156a7   00000000000000000004005a0000000000000000000000000000000000000000
112000000   