debugnonce_start:  1000000000
Mining block template, height 828267...
header:  b'\x00\x00\x00 \xb92g\x89\x93`a\x9f\t\xbc\x18\x88\xfay\x9ag\t:/\xbb4+\x01\x00\x00\x00\x00\x00\x00\x00\x00\x00\x9c;\x99\xaa\x1a\xfb\xae\xb62\x8c@,J\xdd\xf9\x0f\x8f\xfe\x1eO\x98\x10\x97\xf9\x97\xe1\x039\xacaIQ\xd6\x82\xbaeZ\x00\x04\x17\x00\x00\x00\x00'
1000000000   72f59534d5b9e4a4f137f890b53ff773c9f3f846ea871d075012276ba0de33e1   00000000000000000004005a0000000000000000000000000000000000000000
1001000000   bac6ca03529a554de92c89106eed69cec57bfc89cfbfbce4d08fa3311e3a316c   00000000000000000004005a0000000000000000000000000000000000000000
1002000000   9d85dddb2d7f7afe547736df4bec7a80e3be7d6e9c9d9cdcef1d6d8388444cb7   00000000000000000004005a0000000000000000000000000000000000000000
1003000000   8889cf8552e05e3ec897f2f083b55d5d2e6f17b2bb77050bc4a10343bc3e0ef0   00000000000000000004005a0000000000000000000000000000000000000000
1004000000   00535df448bf8a35fe105c3b8832163a0e9cdc32ae60e71e558b1734d68ece34   00000000000000000004005a0000000000000000000000000000000000000000
1005000000   0bcc527f57d5eec251d9cc5b4d43127486cebf1946e5849c7c3fb5c29b855208   00000000000000000004005a0000000000000000000000000000000000000000
1006000000   9bccd23f20f3ee456a989078fadd4180d432bbc264791907630781c82501e40a   00000000000000000004005a0000000000000000000000000000000000000000
1007000000   cae3eec45e16e606ebc1bc380ba4dfe8e9fd556f3454b9ec30b001d8805425ae   00000000000000000004005a0000000000000000000000000000000000000000
1008000000   070b7d51a1b45dbda0e5bb4a27a678c50d7e173f14df71b012afb9817d60a354   00000000000000000004005a0000000000000000000000000000000000000000
1009000000   aa0c6c8e23af4716e1f9751693035e9ed855a8266fa4c6f575beefd2af6026c3   00000000000000000004005a0000000000000000000000000000000000000000
1010000000   8c36eafed484d820eaa34d56ee2b74d2832645762f0a9b3ca20ba38b56d04bb3   00000000000000000004005a0000000000000000000000000000000000000000
1011000000   8d0f15d28b39efc3cace74076659d30d50a23e7c47a4352e54c9f4e4426c357e   00000000000000000004005a0000000000000000000000000000000000000000
1012000000   26942e1949e68841df4252e2990840dc0281b2b045871453aab72f61744dccc8   00000000000000000004005a0000000000000000000000000000000000000000
1013000000   3a40feba8d204331cee06f47ec037c8465858d80d9f4169f116bf493bca9eeb3   00000000000000000004005a0000000000000000000000000000000000000000
1014000000   8593638c8ef1f1911c3b9ef681b44f5f64d477e06d64d18276da9cf43c7552e7   00000000000000000004005a0000000000000000000000000000000000000000
1015000000   d80d69f71724a451832cf1b8f023b1b60656f205bb9a069d02ca43b78a15b78d   00000000000000000004005a0000000000000000000000000000000000000000
1016000000   1bccf8665117dc4c5f1a21698ac53b39fcaa84cc27a678fbac3d0c5f9b322517   00000000000000000004005a0000000000000000000000000000000000000000
1017000000   cb2fa66f448f2b20afa70a4e7c59f0d65b944f4ba1bc819224edee69f8673b83   00000000000000000004005a0000000000000000000000000000000000000000
1018000000   d196d6f7b1aa7a037258c349bfaadf650a23789b4a7f3c072b0e6b6d1ee8abfb   00000000000000000004005a0000000000000000000000000000000000000000
1019000000   c86f58cd02381b9d46fda940319374dc439f66d85474ca514c34fbb49e32a89e   00000000000000000004005a0000000000000000000000000000000000000000
1020000000   8bb090585acc07cb23d8b57b7983c3f28ff333f876b54e726c3c5cec945c2ba7   00000000000000000004005a0000000000000000000000000000000000000000
1021000000   eb64a75d7b2480dd43121bd3146ca89eb8780b2d4463431f28fe9ab7dee5d14a   00000000000000000004005a0000000000000000000000000000000000000000
1022000000   81a0c6dc70a33326ffa97c03fc23202db79d371f3f56fec7e04b4ec018f3acba   00000000000000000004005a0000000000000000000000000000000000000000
1023000000   7e4e7bd2169637f6b5b04a40afe425c761b94e30c31fdd601a9afd5bee97a822   00000000000000000004005a0000000000000000000000000000000000000000
1024000000   afba9a3043f1e46b675ba3cc7452775ab7bb76fbc63986998d8917c0c5b8f98a   00000000000000000004005a0000000000000000000000000000000000000000
1025000000   c0db5b238a73b29cfc387297e93ca32f12255f4f486dff86b850ffb299ddb068   00000000000000000004005a0000000000000000000000000000000000000000
1026000000   06fae9935152170b359ff389243e6c7150ade5cee94437c8238c8d9836749ac7   00000000000000000004005a0000000000000000000000000000000000000000
1027000000   adc5ceb2af79b7f8ce6ec6d99ec4673915b381b461949dce00cdec7d732ed8ef   00000000000000000004005a0000000000000000000000000000000000000000
1028000000   535eec779cc0036fc363d3000aef4f87a04762391ce92bf65f7e5604250521b4   00000000000000000004005a0000000000000000000000000000000000000000
1029000000   8614b72c032652b2ad1b83613ddd245a13604ac5d3aba39b838d540986092c5d   00000000000000000004005a0000000000000000000000000000000000000000
1030000000   75459f6efa1c1053637c2741f821ad87f17204bd82bdee637d6b96638368d98f   00000000000000000004005a0000000000000000000000000000000000000000
1031000000   21b3b6fa795d1b484391119dfb5276c7b4949748d4882b15a79ee2a8f445e420   00000000000000000004005a0000000000000000000000000000000000000000
1032000000   dae721e9218092a9895938207e0228e70db0da73a5dec7b02ec374ee2e6ef2d8   00000000000000000004005a0000000000000000000000000000000000000000
1033000000   6d573a2d8d41bac884059a503274daa27c8deb07eb022faef020a8e2a9ee13e0   00000000000000000004005a0000000000000000000000000000000000000000
1034000000   ea78976ac8423fe1f1b84c2526505c5425c5feef60a0721bf06288fb4cd7fe98   00000000000000000004005a0000000000000000000000000000000000000000
1035000000   adde105744e2beaac75aeec7101b21553c6a4ed82ac2ed6e7538d58ef48fc05f   00000000000000000004005a0000000000000000000000000000000000000000
1036000000   1955973696c736690326e7a7a92dd6e273f1ea65eb7f401b4f556e2660fca5d6   00000000000000000004005a0000000000000000000000000000000000000000
1037000000   726f10363ea7057bddc0b91218097b36cf84bdb7c1e058dc693e14b4e8c81a8e   00000000000000000004005a0000000000000000000000000000000000000000
1038000000   2f13285a55685e678af54ffe4a51684fe224fd2dd1fbf5ab5af01f99981569fa   00000000000000000004005a0000000000000000000000000000000000000000
1039000000   70939e0482dd6a95585a3faed96211d6f02b11b978ba04bdc6dfd5294342cfa3   00000000000000000004005a0000000000000000000000000000000000000000
1040000000   70dadddf914ae8de2e508ee19b6837d5bbcde57697199c7b80197c6e750282aa   00000000000000000004005a0000000000000000000000000000000000000000
1041000000   b270c3f267595a715d85e1ac9f59bd1cd5d1afe81d4e379d0a0a3beb0e4bd89b   00000000000000000004005a0000000000000000000000000000000000000000
1042000000   b4a1c0a39dc1c524211c1657c0ed97dac18b2b69b95fbb4731badab7a06423d3   00000000000000000004005a0000000000000000000000000000000000000000
1043000000   844455413494f3ea89ba1f78f313c8c2eda9b7fde64aea248e108d02ba06618d   00000000000000000004005a0000000000000000000000000000000000000000
1044000000   11bbf895fdc850b6db2c979e2adc7396bfcd043c3a5dff02d759ad98a4988e10   00000000000000000004005a0000000000000000000000000000000000000000
1045000000   697412d2e802c99a8aebdcdbf4f461082bcafc7f28b527b69175bbdc71ae3bc0   00000000000000000004005a0000000000000000000000000000000000000000
1046000000   0a5d82569caf453c5edc86668e188816e38af975344db873c68481df2c43cd29   00000000000000000004005a0000000000000000000000000000000000000000
1047000000   18a6e606a0be5060bf49dd5ca9e38ea0804cd9a35b51acc46014ade94fb96ebc   00000000000000000004005a0000000000000000000000000000000000000000
1048000000   966de2042e23f48d84284362313a09b3e387d99a8516ab2ddb3c868488ddd84e   00000000000000000004005a0000000000000000000000000000000000000000
1049000000   3f41c9b45d91cf6d52576c8daeda5a09aa559a92dc38b1a958eebeb8ca843f63   00000000000000000004005a0000000000000000000000000000000000000000
1050000000   577eaaf3048a4ba4627773d76a70b8a8e8174a6ccb94b03645b01bd0603de443   00000000000000000004005a0000000000000000000000000000000000000000
1051000000   5c46a3bc2de61250e2aee737bee618b63570b053535180360235593598fe9b1f   00000000000000000004005a0000000000000000000000000000000000000000
1052000000   08e245475b4bd3b24a4e94b364bc0ec5ee7ec36c6ea809caf3ab7af4f370f5e6   00000000000000000004005a0000000000000000000000000000000000000000
1053000000   9299ce5437d67695ee1cae36e9f290819a70ce38ce079a0f432d3fa0a2affff6   00000000000000000004005a0000000000000000000000000000000000000000
1054000000   