debugnonce_start:  1000000000
Mining block template, height 827458...
header:  b'\x00\x00\x00 \xf7\xa2\x89\x88\x01f\x153\x13\x82\x08\xab\x16LF\x8b\xb0\xc0\r\xf6l\xc9\x02\x00\x00\x00\x00\x00\x00\x00\x00\x00\x17\x06[\xa2i\xd8_\xb1\xc5\xb1\xeetUa)w\x03Mml\x0c?\x06\xdf\xcc7\x93\xc77U\x88\xb2y\x91\xb3eZ\x00\x04\x17\x00\x00\x00\x00'
1000000000   d30ea6632dc10bda63abeb55105c5ae1efe43c1e6af0867063f430e074f968d2   00000000000000000004005a0000000000000000000000000000000000000000
1001000000   d1e90158d9997c862433061cf76e03c64172264886781f617a81813da75098e2   00000000000000000004005a0000000000000000000000000000000000000000
1002000000   82f1d99680eef473b2f0ff4c56184c8311f9057ab0eb5ce25e406f9f40f044e5   00000000000000000004005a0000000000000000000000000000000000000000
1003000000   ad3fc3c6d4b2be19f1a8f258576a07fd294458bb5ff1c54f8a43cba8f75d839d   00000000000000000004005a0000000000000000000000000000000000000000
1004000000   0dbfd8a847ade843f532b7508a94e9786f7e25c74f8c047441bae81e08f9d231   00000000000000000004005a0000000000000000000000000000000000000000
1005000000   ee8da929e71da1e9a2b2afccf35fc92e9534144016e2a301e9d9a2b7adc92e55   00000000000000000004005a0000000000000000000000000000000000000000
1006000000   8144b0fbbd7fa2f4f041c66d498df2cc482535dab46a94a9a8f01f8b5ccf0109   00000000000000000004005a0000000000000000000000000000000000000000
1007000000   63d0d505cf406293d4a92ef55b0b433dfd73c3300072b8f4d0180f463b1cef48   00000000000000000004005a0000000000000000000000000000000000000000
1008000000   7863842722f746927a0e4114a5bb7654e6f9be269d80c0069780b66524e0e465   00000000000000000004005a0000000000000000000000000000000000000000
1009000000   baa268e1326b26be25326924ec44f8b88648f80a75b5c143863e3543a6658fa3   00000000000000000004005a0000000000000000000000000000000000000000
1010000000   7e88c69416eba69e810353322b7863fd357d1d3784f8f0cbb68f1f20db346b3a   00000000000000000004005a0000000000000000000000000000000000000000
1011000000   f9219630f6f6dcab594b3214172ccbaafea7289ed51951d7d2216b4433c95fe3   00000000000000000004005a0000000000000000000000000000000000000000
1012000000   01110acc7594794c8fc2167297c67db3cc83724476d3c7a65381d8fb16ea4aa2   00000000000000000004005a0000000000000000000000000000000000000000
1013000000   2cbfbad8277d9c55e155758694aff9538d1e3555eb824db46825d859b0e0105f   00000000000000000004005a0000000000000000000000000000000000000000
1014000000   272b1b0883eb90bf4d4f6ae2fe2d7841995a00685c74fcc4f41a1d9898270fed   00000000000000000004005a0000000000000000000000000000000000000000
1015000000   6caddde42530ae388a937fc12f5b4d0abd4695cf580bf15ddd703d3fe301cbf9   00000000000000000004005a0000000000000000000000000000000000000000
1016000000   0ef84031b9f893983ea8ec900db92951717e7310d9c83649d0088c60e30a13e5   00000000000000000004005a0000000000000000000000000000000000000000
1017000000   d11575045f3426e87de5eadb46fd096d33029e4d27e66f6166fdbbc74ba46b35   00000000000000000004005a0000000000000000000000000000000000000000
1018000000   e64303d506d8e944adb8b6fb2dcd645a7d724c6d8cf461218843b16283cc591c   00000000000000000004005a0000000000000000000000000000000000000000
1019000000   ddcb263034d673952639f3aefa4313a4ae65c39f71c6a586012758d71ce39097   00000000000000000004005a0000000000000000000000000000000000000000
1020000000   86b3574e0ad21296aa1246a20cc40717e69a220615be37682852bcdf094d5398   00000000000000000004005a0000000000000000000000000000000000000000
1021000000   9ccaae730a529f03d1dbd272ed0e9031270e88233d8ec8cbdca9427696aac0ef   00000000000000000004005a0000000000000000000000000000000000000000
1022000000   bdee3aa7cb2c590ecf5907bfb964ec3ee98ebea083b48279663fa7253ceb7b1c   00000000000000000004005a0000000000000000000000000000000000000000
1023000000   d12224fa4ad80713f252380d62983e7f0c7494901f7544c3a5f51b3301e97fd4   00000000000000000004005a0000000000000000000000000000000000000000
1024000000   8b5839456acc13711e2eb5338ef3ce66377c72ae6c4b2ec5eb67f20ec6ef20c3   00000000000000000004005a0000000000000000000000000000000000000000
1025000000   64e59326de9413e4895f916b49ab7eb58de35f0db20524dccf9bd7a87aaa5c26   00000000000000000004005a0000000000000000000000000000000000000000
1026000000   37dee9e8eb8378ad86903336a9c93ae0c135b0c0c30142fdd9401c250e1dc6de   00000000000000000004005a0000000000000000000000000000000000000000
1027000000   f54bad55bde7d79b8cebce6496801c35404f16b0fe6a1f5b0678304f0f74c7d4   00000000000000000004005a0000000000000000000000000000000000000000
1028000000   0f377a8c1bef3e700c9eb00498a024dc3fb4602341624904543d3824f245b57a   00000000000000000004005a0000000000000000000000000000000000000000
1029000000   8a26d33564da8870d22b32e4228423c77df61e5d5f0da82ded9a8b64f85650bc   00000000000000000004005a0000000000000000000000000000000000000000
1030000000   69d6bc3487a25d8fa2df727f415dcb6b3ac4439cff002f55a001c3fd9c2d40fe   00000000000000000004005a0000000000000000000000000000000000000000
1031000000   bebf9e8a5c5aa37dfa02c0828e3f413291e336e5893876c4acb33d930884eb73   00000000000000000004005a0000000000000000000000000000000000000000
1032000000   d7809ad2b178b7923d03972e0d56c57bbe4266be4659372bc2d69f725b3d7ff6   00000000000000000004005a0000000000000000000000000000000000000000
1033000000   f9ffb2c87d1bd25c3ab3f7447303e34a98993a20cb12586344b42d867c99c690   00000000000000000004005a0000000000000000000000000000000000000000
1034000000   a0f093e2fe28d2389403411cd521548270bec9d4883286e5d149b9fe0a679b1f   00000000000000000004005a0000000000000000000000000000000000000000
1035000000   ba698332aacd71e7ada7f9c471b971c4abefaa10f64cfc1ce2a6a40e309dadac   00000000000000000004005a0000000000000000000000000000000000000000
1036000000   ee08762f8b2261191f0bd6db8bb37499ab295b157c67c037be6461e745c40140   00000000000000000004005a0000000000000000000000000000000000000000
1037000000   af59ebeb0cdf5a2aba12637ddfb44b40afb9d4208364ca8d1cfe851b20345713   00000000000000000004005a0000000000000000000000000000000000000000
1038000000   597f96af8b02f3f350d7b30cf7fc542abc8f32dd9cfa26eb17ac216a34fb29f1   00000000000000000004005a0000000000000000000000000000000000000000
1039000000   c297c6ee34314163b57d6ea57681ea3f0cce8941c6b03430e0037df0cf84206f   00000000000000000004005a0000000000000000000000000000000000000000
1040000000   b996bdb69823b421b6417cdc184676d0c503fae728fcc7f46e55ed89e602cba0   00000000000000000004005a0000000000000000000000000000000000000000
1041000000   9474d3d49b8c42cfe05a093464da6d9848e9fb5813df08c08e7d430800124d30   00000000000000000004005a0000000000000000000000000000000000000000
1042000000   ed5ac09e53a8e296234ec483a0096022e9a64bd879cf3e1d8230ae2210e78923   00000000000000000004005a0000000000000000000000000000000000000000
1043000000   139213b0a16a46f6f41665b0375a471a70ad17f9b48155cbf8207711cddce0f9   00000000000000000004005a0000000000000000000000000000000000000000
1044000000   4b790be691bc252d8fe453f79b80b93e588a2e5861d94e9cf628779aefafd912   00000000000000000004005a0000000000000000000000000000000000000000
1045000000   2dc87904a3f41a440329dd9c3c989100e033f436bbb18cda4519ec91f89847f2   00000000000000000004005a0000000000000000000000000000000000000000
1046000000   ee75053832470321ba15078a5c098bbc80d269b943182fa7a2ed0cb75ba8c961   00000000000000000004005a0000000000000000000000000000000000000000
1047000000   ec7d157a8e38afe4c4d71ddbee9fe8306c0752153dd38961ee7962ac10540ae8   00000000000000000004005a0000000000000000000000000000000000000000
1048000000   2801012a0a8f4ff90def2988b094cdfa55b215df9f0d2ae6696b1bc690f21e8a   00000000000000000004005a0000000000000000000000000000000000000000
1049000000   53a3e594b493e8d15e9e7a9d1f2663043b7e76a34ec62292c858b0037ff8defe   00000000000000000004005a0000000000000000000000000000000000000000
1050000000   28ce849d88c6fd243d9fe0438284f1c26ecd1963dc428645a2d8980ca6e77d62   00000000000000000004005a0000000000000000000000000000000000000000
1051000000   95fb6b401178ae5bc31b542935abac09354526112706d4537091a261e67e6222   00000000000000000004005a0000000000000000000000000000000000000000
1052000000   352d5aa7bd5bcfd66741123ee69093aac41d2e570e0dd2205a8f6a8adacf5903   00000000000000000004005a0000000000000000000000000000000000000000
1053000000   d1581fff91033dc72aeaf921056eb02fa31cfcac07693629e270ade9366b6f72   00000000000000000004005a0000000000000000000000000000000000000000
1054000000   d94f09eeef6889dd91bc6d458d954ccae4c3772658316b1f6d4fbc14a5fb48d1   00000000000000000004005a0000000000000000000000000000000000000000
1055000000   523dfd3e7a5b64da7dde6aa33f4bf72a5ff51eef486075b621a7d94d887db808   00000000000000000004005a0000000000000000000000000000000000000000
1056000000   e952b6ca4c1cc36633ee9ed4170e0c68815cd986c3563d55044e2a714c8b12ba   00000000000000000004005a0000000000000000000000000000000000000000
1057000000   ed972bbac48f28185af4a7d1c293311ae56640d5e73b9cd802f5afa2dbdac47c   00000000000000000004005a0000000000000000000000000000000000000000
1058000000   8eb999d8b2e0164ec97944784ae5aa1685c37acbf98a57eaf7c14c59993ab1c8   00000000000000000004005a0000000000000000000000000000000000000000
1059000000   9df71833de90c00ba4d22ffb657c54985f0ad5d6aab635fd5dcdbc902de52f51   00000000000000000004005a0000000000000000000000000000000000000000
1060000000   621e72a4ed4b941378c9339e340b935c8432ba07de21226f3fdebbd3e92134b9   00000000000000000004005a0000000000000000000000000000000000000000
1061000000   3167fb24a4023b9a508df05601f0018b69d357b2174197c9925d0aee42092e62   00000000000000000004005a0000000000000000000000000000000000000000
1062000000   3a1d51dc515ed40eea7928170920fc7fd9be1859a0b5552c4179af8237fafa5d   00000000000000000004005a0000000000000000000000000000000000000000
1063000000   211fdb538a080b898575cb036b93c54b7d9d3a3c3581e46c3772b03a8cf2edce   00000000000000000004005a0000000000000000000000000000000000000000
1064000000   18a574af4718e117633afec3bba8bf4768e1761e3a7c15073581460723bb2abd   00000000000000000004005a0000000000000000000000000000000000000000
1065000000   30c119cfde44b7ceb210afd5eebadadf66a3c1e6d6ecaf6832ff7652d2a8381c   00000000000000000004005a0000000000000000000000000000000000000000
1066000000   b8caaeddb002005a8d06972bb76a9d860f566d044bba2693070cd3a2dba8410d   00000000000000000004005a0000000000000000000000000000000000000000
1067000000   2a09990f4a13f1905b7e4bfe42ee8bd5686bd93ea74abf2f35c71c47562aa6bc   00000000000000000004005a0000000000000000000000000000000000000000
1068000000   b4c8a180138d902594849b079c6f988079d8583639bd46067f023cc894d0e7e1   00000000000000000004005a0000000000000000000000000000000000000000
1069000000   8b701dc3882cfffda660a81fd29fce9bf54cb434664e70544e3cf003d11a5948   00000000000000000004005a0000000000000000000000000000000000000000
1070000000   b5212e501fa785acfd2962e10cf4395324ee4faaf1aed60c988916dc74f08f66   00000000000000000004005a0000000000000000000000000000000000000000
1071000000   039afa90f1cf12860f1c430e6cba3c4d9b684db325b92cfa04d64d6935af04dd   00000000000000000004005a0000000000000000000000000000000000000000
1072000000   c82dfee468dd0e8361ae985304cb1ebf934ede34ee88bc9695f14fb43674ca52   00000000000000000004005a0000000000000000000000000000000000000000
1073000000   70bfce3ef1a6647722364f81cd2d3204d14d5f680bb15da411d8372d73a64f01   00000000000000000004005a0000000000000000000000000000000000000000
1074000000   a56ae7ef743462daf726b8b20ef7347ada0cd81ffa369d96df1f9fbfa090ea50   00000000000000000004005a0000000000000000000000000000000000000000
1075000000   c344619eabc3a019655a7d81458093df8c1a56b876c8e86d7eca398af6d5f859   00000000000000000004005a0000000000000000000000000000000000000000
1076000000   2e9807d1241b80774410262c58faee8b96296edd185305d17259445615801414   00000000000000000004005a0000000000000000000000000000000000000000
1077000000   b8ff5afa00e61223cce58081138e28531c437ee46d99c6f4ea915044359e27b2   00000000000000000004005a0000000000000000000000000000000000000000
1078000000   4e469f60edc4dcdf811bb859b4138d5c4c985e0071ee476967a882d569fef923   00000000000000000004005a0000000000000000000000000000000000000000
1079000000   5051f004cbc7ad399791b168e334f028149a5f6483d27584590b929d79348ba4   00000000000000000004005a0000000000000000000000000000000000000000
1080000000   44ce8ac85d48242836b75cbc39fe3a6c66e4a9e1cada1ddbf8083f9844639b3b   00000000000000000004005a0000000000000000000000000000000000000000
1081000000   882664f31c9545adbf353f12c40d1780c1bbb5896c5e128833cf147fcfcd905d   00000000000000000004005a0000000000000000000000000000000000000000
1082000000   c66691fdfb28b4ae01e62db9af6cd57cc0dbd58a69bdb66ab9ccd13588341d6e   00000000000000000004005a0000000000000000000000000000000000000000
1083000000   6cbd3d9f442da05c564877c369e2777095cf44b975820c0fd577e3bc3d0e1af6   00000000000000000004005a0000000000000000000000000000000000000000
1084000000   ecf2f66f14a050feea0806ef1ad0dacd679f681b7dc585256d71e0c99ffc4aa2   00000000000000000004005a0000000000000000000000000000000000000000
1085000000   e3b975f0c096ccf8b0c9b844516b1735e992de0b9a36f7b21b9efc820f010186   00000000000000000004005a0000000000000000000000000000000000000000
1086000000   e2f14473aeb284f6b425a99dfdff4fa754508d7f3d27387ab7efd0c4284f2daa   00000000000000000004005a0000000000000000000000000000000000000000
1087000000   96f6f0b274dbd2aa0714fde0f6dfc23b279a346b3f9b25b3b15c50a75cc8599d   00000000000000000004005a0000000000000000000000000000000000000000
1088000000   ab1abcd988fe1dae83726476f834d186d75e317a708a52877043f010676d3af2   00000000000000000004005a0000000000000000000000000000000000000000
1089000000   c14058a41a12ea71b91e330593035d0384c68d130a56ede965f0e1590d91a13d   00000000000000000004005a0000000000000000000000000000000000000000
1090000000   074466a5c222b11eded40c49db784dffec3dd5ad140b97b53f86883cf1358cd4   00000000000000000004005a0000000000000000000000000000000000000000
1091000000   f3a33aa2a811468e7faf22bbadc3e50d3cb6e8076a5f086ea53748e30e1fe7d9   00000000000000000004005a0000000000000000000000000000000000000000
1092000000   dbfb5bb008993be75298424cf3419ced0b77a43de98635e946eaaec6ba69f400   00000000000000000004005a0000000000000000000000000000000000000000
1093000000   0bc4670dd25775f70dfff099316412733d0a86a3afd48e6e536481ec4b3e84ec   00000000000000000004005a0000000000000000000000000000000000000000
1094000000   e3815f75282f4558ac4d54e26085c3fcbf3ff0d7c84fa8409c4332d50d3805e4   00000000000000000004005a0000000000000000000000000000000000000000
1095000000   ce596bf2117160fb595e24046efe45bb7419205e081f7b6d26ad12e72e6c2ddf   00000000000000000004005a0000000000000000000000000000000000000000
1096000000   df8833184bc33fdd8009b70b2847e1d42ac4d7ee49fcf2a20f12de339182496b   00000000000000000004005a0000000000000000000000000000000000000000
1097000000   0e71ae96e58fcd45226caaf7ea274e9d400b22385520440a0684ecb65c882dce   00000000000000000004005a0000000000000000000000000000000000000000
1098000000   fa0d84ee51510c796dd3e752bb6b58a34dd49d3828743ac550e2668cbcda0df9   00000000000000000004005a0000000000000000000000000000000000000000
1099000000   1109e118efae43c40733a78fa348772f3f98ce002dfca473eba74bf051de508c   00000000000000000004005a0000000000000000000000000000000000000000
1100000000   d0b01c16c5c0aa6818d99801fab0bb68cd8bd432c4677ff417e2e28ad50411c4   00000000000000000004005a0000000000000000000000000000000000000000
1101000000   4a9ec4af84bff19b2aa43dc66edab436be9a1bd5e16fc3ac240789f55721cc85   00000000000000000004005a0000000000000000000000000000000000000000
1102000000   873878add9b3c5352ede9b9f3d4bf83f3437d2d739b524066e0dd98568ebb0fa   00000000000000000004005a0000000000000000000000000000000000000000
1103000000   0f01a8f6454724601e3178dff33b45a005670ad4d8ccca6511e666bafd6aa339   00000000000000000004005a0000000000000000000000000000000000000000
1104000000   f771012df6c415dba82bcbea45642ec90ecda4d9e98e592b8943923776a4f2f1   00000000000000000004005a0000000000000000000000000000000000000000
1105000000   2b102e45bf423596b97620319d777d73c37fc5b9bc228b7de1349f0c2c704166   00000000000000000004005a0000000000000000000000000000000000000000
1106000000   6da5b3deff61cc668b8e8902f2ef38f107d5e2abd07a181d4e86c95da7dd392e   00000000000000000004005a0000000000000000000000000000000000000000
1107000000   020537b65e1e65cad55fe5d93c94a2b2dfee5cee9be4dd55d46d4592cf8054a1   00000000000000000004005a0000000000000000000000000000000000000000
1108000000   48454f549eb805e6bb12a34856dde6a9403e44d56d9da8f2d5b1e601f194ffe3   00000000000000000004005a0000000000000000000000000000000000000000
1109000000   b33b253c42c6cb8950b19dfc8b0d0534b2e312bcd4e94413dae20d8e945f359e   00000000000000000004005a0000000000000000000000000000000000000000
1110000000   65976061e092355a3c43691d199d33c329b04da959adf6407570fbbd8a28f430   