RPC_URL: http://127.0.0.1:8332
RPC_USER: admin
RPC_PASS: admin
debugnonce_start:  1000000000
Mining block template, height 828267...
header:  b'\x00\x00\x00 \xb92g\x89\x93`a\x9f\t\xbc\x18\x88\xfay\x9ag\t:/\xbb4+\x01\x00\x00\x00\x00\x00\x00\x00\x00\x00\xd4\xde\xbc,\xdd~\xb3\x164g\xf7\xf0v\x1c\xdc\xcbhJP\xa9e2\xdf:h\xa0\xbb\xb0v\xd5\x0c\xa5\xe3\x82\xbaeZ\x00\x04\x17\x00\x00\x00\x00'
1000000000   791c134d44254c5c93c09ce1778eb3692013d3670e409fbd2f47e9d7ed6ccf97   00000000000000000004005a0000000000000000000000000000000000000000
1001000000   9b8695787637b45cc82da3dfe99363db2bacb1d530257de6b9b3c289c63fbae0   00000000000000000004005a0000000000000000000000000000000000000000
1002000000   7bd4b2f4cf1fbba1da3b380e4fcfaad18cf1a15ea38fc0ebf2a9946f27d22f01   00000000000000000004005a0000000000000000000000000000000000000000
1003000000   ab8e7122bdc22706b2c70cf7833411babd70a68196bd3dd4210422c4a414cc49   00000000000000000004005a0000000000000000000000000000000000000000
1004000000   7280404d17940d795d29d3e6618d9cc87ab7a6b3f0f6dada250dd61e9591a3b7   00000000000000000004005a0000000000000000000000000000000000000000
1005000000   05c7582d79624a3c1d055ac36811bb01297afaa55899c01f54779dbea7cd9216   00000000000000000004005a0000000000000000000000000000000000000000
1006000000   ed86bc147f8827954df2dfe13dd253ee82755e91efc7c9f463f1552f4b323da2   00000000000000000004005a0000000000000000000000000000000000000000
1007000000   4a23f163fd15bfa298f1bff26e4e6c4e1ee6610a76f737090ed2dcfbe5af01a0   00000000000000000004005a0000000000000000000000000000000000000000
1008000000   447ba4977393ee391fb492484b91792db103eb6fa2abbbf3fa3c809e8fc70741   00000000000000000004005a0000000000000000000000000000000000000000
1009000000   d2de22f490c9c35ea41ce11c4eeaa250043d4fe01e64bd1a247a63752cce5a90   00000000000000000004005a0000000000000000000000000000000000000000
1010000000   98f65f42a18d18dd68818514d9cf9aeb1a723ed2237c2d00adc206398887eba0   00000000000000000004005a0000000000000000000000000000000000000000
1011000000   b305f8ccbbabc0ccafcb8e667018bcd5315107414aef9ee16c5c3fc22ad4bc8d   00000000000000000004005a0000000000000000000000000000000000000000
1012000000   68e85c89bc9f00a5e7646ac29c24268265260f72e57a4656b28daa8d3a21a32e   00000000000000000004005a0000000000000000000000000000000000000000
1013000000   cd6cfbebcb1128d8a68cfe1b1f32c3f04a74915b76a2cc60ab3907b2dcbaef83   00000000000000000004005a0000000000000000000000000000000000000000
1014000000   513304d522623dbed70fa1e6f6e454e1cf28f452031a1d6dbfeff75e9f6903f8   00000000000000000004005a0000000000000000000000000000000000000000
1015000000   f6d17a2bd574e09a79c3384090ad26bc6a157ad3b1457e2b27b6fef8b731fb5d   00000000000000000004005a0000000000000000000000000000000000000000
1016000000   b2e567379d7cdab7ae5412a0afeb81f2ba462e5cf5609222daad8a73bc113a4f   00000000000000000004005a0000000000000000000000000000000000000000
1017000000   cdea60dedca85597c497a6d9a66ed4d09e031880dc026e966f6f8b8fa76b60d1   00000000000000000004005a0000000000000000000000000000000000000000
1018000000   7b479ab8f6ac32bad696e8c64b08f041eca31e9202779c992f1a75a63e05cff4   00000000000000000004005a0000000000000000000000000000000000000000
1019000000   87adb267fa5aa8dec2cc03813e2bd09c625b8ddeaa0c11f8751ffd18de053539   00000000000000000004005a0000000000000000000000000000000000000000
1020000000   e289b044f83b15ac52b36c7ca1540e6f418f579815d5bcae2f89788b49b53faa   00000000000000000004005a0000000000000000000000000000000000000000
1021000000   6ddee1b23fc129e4d6a2f8c31a27b386720328ffab26e5135e5da2935ca32102   00000000000000000004005a0000000000000000000000000000000000000000
1022000000   58eb285e659c52f3bd99b7f0e0e5e921d3710a3bc1824ef6eeadc90da6e87d0f   00000000000000000004005a0000000000000000000000000000000000000000
1023000000   c39a1f0b85a9cc5c82c5028cae0ec1bb75661c30f3bb03dc3abea746902a8762   00000000000000000004005a0000000000000000000000000000000000000000
1024000000   f93be95a6dc2c8f3573295b52ee6db041f696ed7a6fb89de5a35173eb9e52b0a   00000000000000000004005a0000000000000000000000000000000000000000
1025000000   6ed8d415cb819ad71ddf866aea59a213a88262f6a1e2775da906b4a0cf103aba   00000000000000000004005a0000000000000000000000000000000000000000
1026000000   22d629f72d72bf8cdefc1a3edb7c593e842ddb45d1017b7dd984b68507fc9401   00000000000000000004005a0000000000000000000000000000000000000000
1027000000   36d48a1b6b34902a19003864a7caf2391841ddc4ade5333e29a06074344d427a   00000000000000000004005a0000000000000000000000000000000000000000
1028000000   cc26531313e329d5df25f65d035bc281d4f07bec72a31adb3064294457aaa177   00000000000000000004005a0000000000000000000000000000000000000000
1029000000   46579c958d2faa25c5bf1d1ecf1d978bb3e895d69166c5dc3f4273bce911b6eb   00000000000000000004005a0000000000000000000000000000000000000000
1030000000   2e3022a53d7bee27c81c3d446d174786043c4324bb3febf633939c73d467f333   00000000000000000004005a0000000000000000000000000000000000000000
1031000000   4dbf5d830232f84a73397f565a0b7fd41deb57a6c7b1131696fc10da17bc81b2   00000000000000000004005a0000000000000000000000000000000000000000
1032000000   7789284aaa0f3b7047c91c09fa5ed3335d39f4298d1824bead50a536bae8ae6b   00000000000000000004005a0000000000000000000000000000000000000000
1033000000   f0a8d162749ef5aa3e3200da41bedd758da7083ade3c71a3036f82487e93f6c1   00000000000000000004005a0000000000000000000000000000000000000000
1034000000   79622f6bf1101ee17eadcc249e7de6c30e14e4989f645a52b765f0e87f077b9f   00000000000000000004005a0000000000000000000000000000000000000000
1035000000   47c49d03122c7013b835238257f57d1f1d2d6fee534c908c218294299a19652c   00000000000000000004005a0000000000000000000000000000000000000000
1036000000   3013acca42038da7804719a91610c703b02ed48dc224211cd7e914d82758f2b9   00000000000000000004005a0000000000000000000000000000000000000000
1037000000   c884f4cf52de710f93c212cf23ae2471ecbb4039b2831272a4b2269bfd31ac20   00000000000000000004005a0000000000000000000000000000000000000000
1038000000   6d0ddacbbbc56e2d66e2e4842d104926a87de0f0fde786f568a659867d2fe0d4   00000000000000000004005a0000000000000000000000000000000000000000
1039000000   968e5c1042f87dcd436ef2841f0315542ecca334784026b6b47dd47cd93d9623   00000000000000000004005a0000000000000000000000000000000000000000
1040000000   34c41545d21150bcae0def8d305c37a41bfd435dae0c437036c038279c72e1ea   00000000000000000004005a0000000000000000000000000000000000000000
1041000000   6df47e93b21629140b84a90f953e1ecb510bc08cfe2dc3b3b70182bf0729fcfa   00000000000000000004005a0000000000000000000000000000000000000000
1042000000   fbab53ad384335ad282ca15c8ea3a0ba1b2920c22b4be57086e6a845e1cff7a1   00000000000000000004005a0000000000000000000000000000000000000000
1043000000   a3c1451d0810b5b7b501318ca5bb394c9af17244c818c95d880316741abd0319   00000000000000000004005a0000000000000000000000000000000000000000
1044000000   49d5c2a00e009a4a49ab8ca483427ee3d2c1e5c2395edc20295a98e592fca738   00000000000000000004005a0000000000000000000000000000000000000000
1045000000   fdb7474d126e3855ec0d2635fcc8c45ef333ebd79c30285b444191d1271e460c   00000000000000000004005a0000000000000000000000000000000000000000
1046000000   23102242bcc9e37c1c151b4e92bc91946b1aefe8b8f734f44ee9ecb37a5dd288   00000000000000000004005a0000000000000000000000000000000000000000
1047000000   a8c38ede83e093dced46ecf201037bd96a3d96e8b9202200cb773376ae7ec946   00000000000000000004005a0000000000000000000000000000000000000000
1048000000   8df2a12efe2cccd769c7ae2b3e10239007f115ffb6c9dcf1595f25c6bb1c74b9   00000000000000000004005a0000000000000000000000000000000000000000
1049000000   2c232b7ed0c7d13a00ef2b39bae9f37b1705f68a762a157c66797bd806d6bfe1   00000000000000000004005a0000000000000000000000000000000000000000
1050000000   327521f821d88bf129571b30f45ecbb26f1307af9a69730adbba7afb03219790   00000000000000000004005a0000000000000000000000000000000000000000
1051000000   a2e1fdd2af939d7356086079269c900dc0e8ed3bec96a15005b8fb1e4137d5fc   00000000000000000004005a0000000000000000000000000000000000000000
1052000000   f73ba08e8f4df8034812c0e5eb8a60156aad130bab627fe5c16298da2e620a37   00000000000000000004005a0000000000000000000000000000000000000000
1053000000   68df24521d108cf5f2e11167870c305c16e7f80cb0a7a6f976ffb2046fc503bc   