debugnonce_start:  2000000000
Mining block template, height 827344...
header:  b'\x00\x00\x00 R\x99p\x9d\x0c\x03\xdb\xf9\x1f\x81\x13\x9e\xf9\xf3\xa5\xe5-\xdd\x18\x9d!\xb4\x00\x00\x00\x00\x00\x00\x00\x00\x00\x00\x9a\xa2\xce\x06?Z\x81\x8e\x91\x93x\x03\x1e\xbeb0\xa8\xb6\xa7*r\x1b}\xf1(\xc6\xc9\xa68\x83\x85\xb9\xa2\xa1\xb2eZ\x00\x04\x17\x00\x00\x00\x00'
2000000000   2840c3b8c5b5c96ab42999098d9ba9502754158b4846f76198193c755d233f6c   00000000000000000004005a0000000000000000000000000000000000000000
2001000000   6647e6c9b40402dcb236924d3fe058c6b6a4a83dd86c802a9394ce26dcf1f045   00000000000000000004005a0000000000000000000000000000000000000000
2002000000   eada120e14b9f8e8d6790d75370f679cef6e65eeadcb6c925b35571a2dbfb1cd   00000000000000000004005a0000000000000000000000000000000000000000
2003000000   2f79cddaf3dfae9e99b6f206e25a6efe76c929e9c8af21816be2d83e99727452   00000000000000000004005a0000000000000000000000000000000000000000
2004000000   c66e1fae97ca7f4849fae4c07cc5c3fc321e6044411d5111311dee9001411d8a   00000000000000000004005a0000000000000000000000000000000000000000
2005000000   d2487a1bcf8e2f8053afb4fb6daf634e10b860225643875977618a610c63995f   00000000000000000004005a0000000000000000000000000000000000000000
2006000000   9430829caa990b11f9b01ecde6cec559a0d02acf6b4cdf245c5d9b895b4fe889   00000000000000000004005a0000000000000000000000000000000000000000
2007000000   f27605cc103ceead7e9925be47b97eda1cc9093e536304eca7d9023bf8adf7d5   00000000000000000004005a0000000000000000000000000000000000000000
2008000000   f65159d62584754cad8eecb6bac81c57acad29869a19dc913321701b7c5ed2cf   00000000000000000004005a0000000000000000000000000000000000000000
2009000000   320d764066108768ff3705bef8ee3a543382fa6bcf52bdf452f2b8c75225523b   00000000000000000004005a0000000000000000000000000000000000000000
2010000000   8e04775adbac40ac1c926170d234cdf88ba2ed1b51833315006e13fee41990e9   00000000000000000004005a0000000000000000000000000000000000000000
2011000000   93d9dd903a7aefd9e845179f31f7af21a5f221e14dd2d5d825bd81307129787c   00000000000000000004005a0000000000000000000000000000000000000000
2012000000   64d90c2d3f38f646ab5faf9eeaac3a98dcfa528c69f1259552c5b75ea7c64f8f   00000000000000000004005a0000000000000000000000000000000000000000
2013000000   1a81513ad2f93171fbd6c426dfdae808825c132ff7e4e20d899445c30b779a76   00000000000000000004005a0000000000000000000000000000000000000000
2014000000   a6a971d64375b1a190026b462da1ae7f9a0a7d4db880693841a6a3772f1ce9c4   00000000000000000004005a0000000000000000000000000000000000000000
2015000000   543d4965fc407aa9ca7108bb607b2bd037110b46a620e7652dbb818c3307ff90   00000000000000000004005a0000000000000000000000000000000000000000
2016000000   e8b34c381b1d63a7108b9d381bcfb746a2038a1404c74cf0727ddf6a376c802b   00000000000000000004005a0000000000000000000000000000000000000000
2017000000   bbcf5a95e3bfdfc21238a6580e7a829865be5ef691de5b7811606b1fd8cd3abe   00000000000000000004005a0000000000000000000000000000000000000000
2018000000   c455fc7e41fe447369be0ce2d78a34f5cc80fd4c16f907b554e01f6261856101   00000000000000000004005a0000000000000000000000000000000000000000
2019000000   0020e4d5dfe71e9c97198e16819a855d701c35697ed905e95c5718bb674e2ed8   00000000000000000004005a0000000000000000000000000000000000000000
2020000000   cd1e615d9ec39e13ca3f1bf9007216c8fbf68840697567fb850a7b7d5298545b   00000000000000000004005a0000000000000000000000000000000000000000
2021000000   60641854e4ba251006f133dab912388f88524006ec283ed84ff82f4a35d2072a   00000000000000000004005a0000000000000000000000000000000000000000
2022000000   5e97823065a8839e8e6875633224f9141d9010b45dd9a8658455fb074a20323c   00000000000000000004005a0000000000000000000000000000000000000000
2023000000   31245192a9e5835f707816ed4cdc5c48de2557ecc133c4ec8665aa4422e700c4   00000000000000000004005a0000000000000000000000000000000000000000
new_height:  827345
debugnonce_start:  2000000000
Mining block template, height 827345...
header:  b'\x00\x00\x00 3\xeeH\xa5`\x1dp\xdc\xdaYl\x9f\x94^\\\xe08{h\x16B\xd1\x01\x00\x00\x00\x00\x00\x00\x00\x00\x00W\xdaJ\x0c\xb4\xdd\xcf\x18^r\x04\xb8\x05\xd5d\xd8\xf8F\xd8n\xd0\xcb\xa6\xed,P\xc7\xc1~\xf6>\xd5\x89\xa2\xb2eZ\x00\x04\x17\x00\x00\x00\x00'
2000000000   a31b751506e2d35ab0b2e155a2a0372b89ec910668fe6cb57dc1e7f7128312b4   00000000000000000004005a0000000000000000000000000000000000000000
2001000000   529dc8e1a9815ce39997651ce5d880c29f06ef3a539872a987b5536514b1b926   00000000000000000004005a0000000000000000000000000000000000000000
2002000000   ffbd3ec49d325ea62597127d383be26fedbb14332ac0b6a6147d20001774fa02   00000000000000000004005a0000000000000000000000000000000000000000
2003000000   79e64baefe950b30ed0250c4711a37ea3bf27b1b06a594cd5f15b8a53278e5a3   00000000000000000004005a0000000000000000000000000000000000000000
2004000000   e96c78594cf9398ba9fae2b8185859136a84a6ef8da3190c04e8700b4087886b   00000000000000000004005a0000000000000000000000000000000000000000
2005000000   47ba9918a1c8ee7da3a78c9e4dcd3cf4c5c88137654dd26bdf930a7be27c8722   00000000000000000004005a0000000000000000000000000000000000000000
2006000000   8cf24ca9efa2190c210a7ea652aff6e98d904fc896b9da3878cce2e64d9536f7   00000000000000000004005a0000000000000000000000000000000000000000
2007000000   884f381c3840b214d5479e2712813368e73074ffd4785c8f185766cf9aa48bbc   00000000000000000004005a0000000000000000000000000000000000000000
2008000000   9eb2744a0ac9ffad71c986379fd43785243e0a26ab071c8768ddd44de98f735f   00000000000000000004005a0000000000000000000000000000000000000000
2009000000   b463404983f9d24dca17f7be04ee5dfc4186b9f0312869d3a4258a14d7c3ee57   00000000000000000004005a0000000000000000000000000000000000000000
2010000000   ff3a43252bebd1072a265ffc30d4d71730ffa49ec05c83484a735aadc76debd1   00000000000000000004005a0000000000000000000000000000000000000000
2011000000   951b41bf3dcdf39d678e7d43400869021cf193188b3d1d27062b3d93941d7092   00000000000000000004005a0000000000000000000000000000000000000000
2012000000   bc993c2a101ad5e2905052bdfd8f47b218e7155563b948bb497bae7665a1ea44   00000000000000000004005a0000000000000000000000000000000000000000
2013000000   31de16f28f6e54b14e373136de609110f486e178efbb8a750474ae653a758a82   00000000000000000004005a0000000000000000000000000000000000000000
2014000000   f50cad0a6e0fb63612a9e797c1e6536f1db6338a2cb491aa5de679e381d71ba5   00000000000000000004005a0000000000000000000000000000000000000000
2015000000   391126eb33a4521d1b3e00e7acf82e835176a4e39ce112c25aa899f023f1958d   00000000000000000004005a0000000000000000000000000000000000000000
2016000000   f05f9d9b75d1f4056ef2f63541cf8d7beefbb97f4ad0bc0fdce16165eb0e0096   00000000000000000004005a0000000000000000000000000000000000000000
2017000000   d6f34c2a712a7385e3fb24698385a7a4e7f3b9d6ec8f7da8aea0be1f6fc8f16c   00000000000000000004005a0000000000000000000000000000000000000000
new_height:  827346
RPC_URL: http://127.0.0.1:8332
RPC_USER: sree
RPC_PASS: admin
Traceback (most recent call last):
  File "/Users/sreenath/anaconda3/lib/python3.11/site-packages/pymongo/pool.py", line 932, in command
    return command(
           ^^^^^^^^
  File "/Users/sreenath/anaconda3/lib/python3.11/site-packages/pymongo/network.py", line 181, in command
    reply = receive_message(conn, request_id)
            ^^^^^^^^^^^^^^^^^^^^^^^^^^^^^^^^^
  File "/Users/sreenath/anaconda3/lib/python3.11/site-packages/pymongo/network.py", line 247, in receive_message
    length, _, response_to, op_code = _UNPACK_HEADER(_receive_data_on_socket(conn, 16, deadline))
                                                     ^^^^^^^^^^^^^^^^^^^^^^^^^^^^^^^^^^^^^^^^^^^
  File "/Users/sreenath/anaconda3/lib/python3.11/site-packages/pymongo/network.py", line 336, in _receive_data_on_socket
    raise OSError("connection closed")
OSError: connection closed

The above exception was the direct cause of the following exception:

Traceback (most recent call last):
  File "/Users/sreenath/Documents/bitcoin_code/ntgbtminer/ntgbtminer.py", line 573, in <module>
    standalone_miner(sys.argv[1].encode().hex(), sys.argv[2], int(sys.argv[3]) )
  File "/Users/sreenath/Documents/bitcoin_code/ntgbtminer/ntgbtminer.py", line 549, in standalone_miner
    block_template = rpc_getblocktemplate()
                     ^^^^^^^^^^^^^^^^^^^^^^
  File "/Users/sreenath/Documents/bitcoin_code/ntgbtminer/ntgbtminer.py", line 89, in rpc_getblocktemplate
    m.insertMany("blocktemplate", in_data)
  File "/Users/sreenath/Documents/bitcoin_code/ntgbtminer/db.py", line 25, in insertMany
    col.insert_many(data)
  File "/Users/sreenath/anaconda3/lib/python3.11/site-packages/pymongo/_csot.py", line 108, in csot_wrapper
    return func(self, *args, **kwargs)
           ^^^^^^^^^^^^^^^^^^^^^^^^^^^
  File "/Users/sreenath/anaconda3/lib/python3.11/site-packages/pymongo/collection.py", line 757, in insert_many
    blk.execute(write_concern, session=session)
  File "/Users/sreenath/anaconda3/lib/python3.11/site-packages/pymongo/bulk.py", line 580, in execute
    return self.execute_command(generator, write_concern, session)
           ^^^^^^^^^^^^^^^^^^^^^^^^^^^^^^^^^^^^^^^^^^^^^^^^^^^^^^^
  File "/Users/sreenath/anaconda3/lib/python3.11/site-packages/pymongo/bulk.py", line 447, in execute_command
    client._retry_with_session(self.is_retryable, retryable_bulk, s, self)
  File "/Users/sreenath/anaconda3/lib/python3.11/site-packages/pymongo/mongo_client.py", line 1413, in _retry_with_session
    return self._retry_internal(retryable, func, session, bulk)
           ^^^^^^^^^^^^^^^^^^^^^^^^^^^^^^^^^^^^^^^^^^^^^^^^^^^^
  File "/Users/sreenath/anaconda3/lib/python3.11/site-packages/pymongo/_csot.py", line 108, in csot_wrapper
    return func(self, *args, **kwargs)
           ^^^^^^^^^^^^^^^^^^^^^^^^^^^
  File "/Users/sreenath/anaconda3/lib/python3.11/site-packages/pymongo/mongo_client.py", line 1458, in _retry_internal
    raise last_error
  File "/Users/sreenath/anaconda3/lib/python3.11/site-packages/pymongo/mongo_client.py", line 1451, in _retry_internal
    with self._checkout(server, session) as conn:
  File "/Users/sreenath/anaconda3/lib/python3.11/contextlib.py", line 137, in __enter__
    return next(self.gen)
           ^^^^^^^^^^^^^^
  File "/Users/sreenath/anaconda3/lib/python3.11/site-packages/pymongo/mongo_client.py", line 1246, in _checkout
    with server.checkout(handler=err_handler) as conn:
  File "/Users/sreenath/anaconda3/lib/python3.11/contextlib.py", line 137, in __enter__
    return next(self.gen)
           ^^^^^^^^^^^^^^
  File "/Users/sreenath/anaconda3/lib/python3.11/site-packages/pymongo/pool.py", line 1598, in checkout
    conn = self._get_conn(handler=handler)
           ^^^^^^^^^^^^^^^^^^^^^^^^^^^^^^^
  File "/Users/sreenath/anaconda3/lib/python3.11/site-packages/pymongo/pool.py", line 1714, in _get_conn
    conn = self.connect(handler=handler)
           ^^^^^^^^^^^^^^^^^^^^^^^^^^^^^
  File "/Users/sreenath/anaconda3/lib/python3.11/site-packages/pymongo/pool.py", line 1563, in connect
    conn.hello()
  File "/Users/sreenath/anaconda3/lib/python3.11/site-packages/pymongo/pool.py", line 778, in hello
    return self._hello(None, None, None)
           ^^^^^^^^^^^^^^^^^^^^^^^^^^^^^
  File "/Users/sreenath/anaconda3/lib/python3.11/site-packages/pymongo/pool.py", line 822, in _hello
    doc = self.command("admin", cmd, publish_events=False, exhaust_allowed=awaitable)
          ^^^^^^^^^^^^^^^^^^^^^^^^^^^^^^^^^^^^^^^^^^^^^^^^^^^^^^^^^^^^^^^^^^^^^^^^^^^
  File "/Users/sreenath/anaconda3/lib/python3.11/site-packages/pymongo/helpers.py", line 315, in inner
    return func(*args, **kwargs)
           ^^^^^^^^^^^^^^^^^^^^^
  File "/Users/sreenath/anaconda3/lib/python3.11/site-packages/pymongo/pool.py", line 960, in command
    self._raise_connection_failure(error)
  File "/Users/sreenath/anaconda3/lib/python3.11/site-packages/pymongo/pool.py", line 1134, in _raise_connection_failure
    _raise_connection_failure(self.address, error)
  File "/Users/sreenath/anaconda3/lib/python3.11/site-packages/pymongo/pool.py", line 406, in _raise_connection_failure
    raise AutoReconnect(msg) from error
pymongo.errors.AutoReconnect: localhost:27017: connection closed
