debugnonce_start:  3000000000
Mining block template, height 827458...
header:  b'\x00\x00\x00 \xf7\xa2\x89\x88\x01f\x153\x13\x82\x08\xab\x16LF\x8b\xb0\xc0\r\xf6l\xc9\x02\x00\x00\x00\x00\x00\x00\x00\x00\x00\xd1\x91\xd3\xd6\xb6\xdb\x02\xa6\x98u\x07\xc9\xd68\xbf\xf2\x84l\xb5\xc5(\xdf\x0c\xca\xdb\xdb\xca\xee\xddB[\x97y\x91\xb3eZ\x00\x04\x17\x00\x00\x00\x00'
3000000000   2d51174adc0780d9b47a151317ed3d7fc6b4b6ec5314321e32644839243b7e1f   00000000000000000004005a0000000000000000000000000000000000000000
3001000000   0243b77eb6562d5ad2be529e6747995d8c11ee06ba4589b3790c2da486bfed41   00000000000000000004005a0000000000000000000000000000000000000000
3002000000   96892468a52bc6d8cd74c879e87f95fa89aebdab4da0d63bdbca0cc7f1f953dc   00000000000000000004005a0000000000000000000000000000000000000000
3003000000   ea594f5cec383c6bc68d4c409bbf08e9480d965835fa50f4cb391eaa7e42e314   00000000000000000004005a0000000000000000000000000000000000000000
3004000000   a4f6613c44019d1c393f49f21526d166cd5a651f99b9455ada2ea1f86ab345b4   00000000000000000004005a0000000000000000000000000000000000000000
3005000000   1f9dc4c78c335d106dfd98e9f8c31649e70447f9a47c256fb57040eb39e52d42   00000000000000000004005a0000000000000000000000000000000000000000
3006000000   829a193de9d425cdeb260a99568ac4be4ac61d27c8b862d7f5c95a9a32a2362c   00000000000000000004005a0000000000000000000000000000000000000000
3007000000   ad80bfbdbc5380517fb26cb0762329f5a8534769dea50d916a4562022ceb1c52   00000000000000000004005a0000000000000000000000000000000000000000
3008000000   d5e4f0f2d37b87081eb7b46c56d89506d794af220e8bef2a3dcb6faad4a298c1   00000000000000000004005a0000000000000000000000000000000000000000
3009000000   cf02403db2f890b9df5f46380c468363f0577f54f653cf35f040ec1bb15d7dcd   00000000000000000004005a0000000000000000000000000000000000000000
3010000000   66c2aeb96fafd56e882e48179f6f7622181835fddde2d95e5a865f144645bb15   00000000000000000004005a0000000000000000000000000000000000000000
3011000000   aeec9a2b8250f66ac756558abede65def6fa04a5eec2992925d6fd967ed24f88   00000000000000000004005a0000000000000000000000000000000000000000
3012000000   6de6778bb6b4131448e75b9bb723efb80cbe4356259e3532db393cc07dc0cd1e   00000000000000000004005a0000000000000000000000000000000000000000
3013000000   731aa6c54402b9a2b488b9be1662f64779310b77ce909da62d0c55663aae6356   00000000000000000004005a0000000000000000000000000000000000000000
3014000000   c587ee11f7ef4174de4ad0daa3d05225fad85dee605aec024cf81d06fa5d470b   00000000000000000004005a0000000000000000000000000000000000000000
3015000000   b99f23e466e051d3722466adbde1e9c7d99e961897cdd201139d95a4981ff3d0   00000000000000000004005a0000000000000000000000000000000000000000
3016000000   92b8c2444a9c707d9e8b3ab64c15cc47867157a06a643e630ffac84387f34a2c   00000000000000000004005a0000000000000000000000000000000000000000
3017000000   c52591e4ac062f0ae8eda5356a9b30420aebc242a6f1f1d26a92ea06532fe009   00000000000000000004005a0000000000000000000000000000000000000000
3018000000   12f1341c5aa15dba2da51ce49150c8fbde0f4c995331c58300f27f8f41eaf261   00000000000000000004005a0000000000000000000000000000000000000000
3019000000   8ea98512f3facc7fd12000fa3bf0a18769563fc327e6c1632be87153b191c5e1   00000000000000000004005a0000000000000000000000000000000000000000
3020000000   6642b5356d4ae4537af10f557af38fb3e57167195fe50b2060c6c6557fc004fb   00000000000000000004005a0000000000000000000000000000000000000000
3021000000   fb82def13437625752e8c9cf862794d0953aa8041f5f0b041a3a0a3cf0249ae0   00000000000000000004005a0000000000000000000000000000000000000000
3022000000   a58fa5241a6eefdc4765ceab29d1f6cdbc842d1dd41ef55687787d07d93b902a   00000000000000000004005a0000000000000000000000000000000000000000
3023000000   eea37bbeaa9f461f51fbe768988c51ee751c9a84bcf392403340f424b6283b72   00000000000000000004005a0000000000000000000000000000000000000000
3024000000   11735b145bfd860b580fb94e3e47ba1f580dc290c538753bbff43cdcbfe3d39c   00000000000000000004005a0000000000000000000000000000000000000000
3025000000   2301125a1d2cf36f75e75dd3460f2f4ae24b6bae417088407c9e6b9e835934ae   00000000000000000004005a0000000000000000000000000000000000000000
3026000000   7a33e9188bf84c6eb8fc9cda4dac004718bf3edc0676a9442bc940a8e81d069f   00000000000000000004005a0000000000000000000000000000000000000000
3027000000   c354ab4253315c3f591e946308efc6f70c3319346715d750c99e083c78d8d4b1   00000000000000000004005a0000000000000000000000000000000000000000
3028000000   20d7b5a5fd35aa8b1ed5334dda0d2d327903426d6be5a74470e59acf9f7b9bce   00000000000000000004005a0000000000000000000000000000000000000000
3029000000   04db7535c67ab47a8792bc1f668e68d7b4323b36c8d1afaaad3a6ec84c4122d0   00000000000000000004005a0000000000000000000000000000000000000000
3030000000   ec26ff72e97619e01d99ad0eb7490442a3e8140982ee710e169f0fe5974e39dd   00000000000000000004005a0000000000000000000000000000000000000000
3031000000   c15ccdf25dde435b34fdad96143475df2ffc116113551e00397080eefeb7af67   00000000000000000004005a0000000000000000000000000000000000000000
3032000000   8586bb83f5b4143c99801fa7ffe81b62e5a4f4eb130436531f71ce9bc51d48e2   00000000000000000004005a0000000000000000000000000000000000000000
3033000000   e28b9cd8fa722bca6bee61fd3ee7e71aa88527490436445a8310eff053b14718   00000000000000000004005a0000000000000000000000000000000000000000
3034000000   e65e10ce7804bbc451ac8e65ce7b2610d1d7bf802cd73f75a92299a3c23a766a   00000000000000000004005a0000000000000000000000000000000000000000
3035000000   0728b897ae4cacd5ae18f509f4ef660e801a5649f9b4d9e9a1476042a06b1ac7   00000000000000000004005a0000000000000000000000000000000000000000
3036000000   2ffeb3ea48cd2e93991d3f0f119be8abe8a6c5b05f784963efea945956b527ac   00000000000000000004005a0000000000000000000000000000000000000000
3037000000   0b83e7a6792b9c4b53b9a090f92af4e0d1c12b423501761227c50119a4f30490   00000000000000000004005a0000000000000000000000000000000000000000
3038000000   c86882ac50c9042d4c64967d039a1eb5055d0d7e9c5086bd09ddec9102984db2   00000000000000000004005a0000000000000000000000000000000000000000
3039000000   fc5fed1145b81a138b432b50f658e858d4f4ca9b82c7af6128b7eb2501220487   00000000000000000004005a0000000000000000000000000000000000000000
3040000000   a3f81d1d73a7e0b54629967d16cdf447c7212e9d48359917623337664a6a1e8c   00000000000000000004005a0000000000000000000000000000000000000000
3041000000   cb2c7a06737181a7c0fc59cc03d332927da6dd9d902e8a9d57268b13f21b135a   00000000000000000004005a0000000000000000000000000000000000000000
3042000000   cbf8f608872d90e1a44161c4a789c42f6fc4d55493e8a725cb9a722c7609befd   00000000000000000004005a0000000000000000000000000000000000000000
3043000000   117e24b1bec9c7e5d84bade74c96110daa13ef2943d496ce0d89a5601b718654   00000000000000000004005a0000000000000000000000000000000000000000
3044000000   ca106616c3c50482c1e278fa6b69cfed3387895acf566c0ab081b857c4f3afad   00000000000000000004005a0000000000000000000000000000000000000000
3045000000   528ee5d063a0aa81d14f654d5795d205104e3aae179eea0abadfed5d1b1e8616   00000000000000000004005a0000000000000000000000000000000000000000
3046000000   8bcbc8639818f5536b60fe8b5e70589915e21734bf5ae3ecd1c9d505f3ea4c4f   00000000000000000004005a0000000000000000000000000000000000000000
3047000000   ef64443d4726219111ed827039ce74b67261077f74ffab4389c2eb850a42a19b   00000000000000000004005a0000000000000000000000000000000000000000
3048000000   44eb38f47b5ba299ddd83e8bec24e165ff69590fcd58f5ebd834dba07499d45b   00000000000000000004005a0000000000000000000000000000000000000000
3049000000   81c68dc920a875014db4873998858044fe50a503a291df940278a7048b13915b   00000000000000000004005a0000000000000000000000000000000000000000
3050000000   0d12c4e85767d04d749c4ad1908239ee26039757a6bc0b41f927ae33efc2d572   00000000000000000004005a0000000000000000000000000000000000000000
3051000000   a33c2804c9797cc219fca35ee1aaa256eb5300e37f1a012457f4dd8e5ebbba1e   00000000000000000004005a0000000000000000000000000000000000000000
3052000000   0e470877275d71ab9627a94edef7d04cc8b5296261595f8eb15ade2fb1262401   00000000000000000004005a0000000000000000000000000000000000000000
3053000000   06c9fd2c90574d3aaea1113d186ec8916c331df0b5ba8a5b4cc18af7acb8a2d8   00000000000000000004005a0000000000000000000000000000000000000000
3054000000   be88ca60174ecc823c6e8e0213cf343d4bb96aecbb0ca9089215f3073a70e6b6   00000000000000000004005a0000000000000000000000000000000000000000
3055000000   f956df12769d79051874cb65590c855f69dc666cd84c1f3f69ca742502e9ce44   00000000000000000004005a0000000000000000000000000000000000000000
3056000000   352f8afbf7585f335e675424f19519cc2ac1d7ca41af27b37acd57b29124336c   00000000000000000004005a0000000000000000000000000000000000000000
3057000000   1d80b00d18ae48659ed99e9a7d737b11d5ae3ccb1c7351cda86c408c19688cb9   00000000000000000004005a0000000000000000000000000000000000000000
3058000000   13121675870ff3fd4ef7c7cfda94733373d03be4217c0bdd40c456227bc26666   00000000000000000004005a0000000000000000000000000000000000000000
3059000000   0151915d8305c2d824260827095edd509870e28b0efbfb4e8859a0875363e03a   00000000000000000004005a0000000000000000000000000000000000000000
3060000000   4d35596b0f1caa630adc0c18481cf9513e587f9ca41baa28282c4f0edd2d6ad8   00000000000000000004005a0000000000000000000000000000000000000000
3061000000   da5ddbcd5edc451a4f563a9afac3ee3fb2ed1a71e25bbff86746c25d5ca19a2a   00000000000000000004005a0000000000000000000000000000000000000000
3062000000   d918d9f194ff1ef387785798fb947d2b496d943bd2f85aa6ed58cd8c3e4d578a   00000000000000000004005a0000000000000000000000000000000000000000
3063000000   d353811ee836659b743a78f83c5b36206e25acdcf06669f8006ad34f3ebc80e5   00000000000000000004005a0000000000000000000000000000000000000000
3064000000   a53b5aeebdd6b4880c5a99d9ea432935a4d6de08050f2a27c2890dfb559f935b   00000000000000000004005a0000000000000000000000000000000000000000
3065000000   cb00f3af507d7585dbdccac74d3b009079d26fe305400cdd01abead588ea4f9e   00000000000000000004005a0000000000000000000000000000000000000000
3066000000   ea7df07ae5e1be8e97cc120771ecde77efe3cbdaae29dea3f831933ee2e5350f   00000000000000000004005a0000000000000000000000000000000000000000
3067000000   beea67c3918a39a1cd89c4cf1370ca5a016ae4242af1710c593b5248d4bd277b   00000000000000000004005a0000000000000000000000000000000000000000
3068000000   acd3959ff0f75fb694915cfd5eedcb392c236a76b180a408d316e57224462c7e   00000000000000000004005a0000000000000000000000000000000000000000
3069000000   7391a3f60d13cb81e7120747dd606673f2bcf4e5d70c2055e9f4f29efafce3d1   00000000000000000004005a0000000000000000000000000000000000000000
3070000000   c1f932c906141323724a51256243db6edbafcc3356275dff75b6912ab912039b   00000000000000000004005a0000000000000000000000000000000000000000
3071000000   caf38e1b7d235624da832aae70f1a4858fcac9f95c5edf206b92acd4fdb1b94c   00000000000000000004005a0000000000000000000000000000000000000000
3072000000   30a7da61b418e418ae59a3d53842e672acbadb9b90eac49660b83ecb6093bcd2   00000000000000000004005a0000000000000000000000000000000000000000
3073000000   7afc4483e832b7176e4fa7e6ccffbb33b5ade72fed8b36e5b1f8a4162ff19698   00000000000000000004005a0000000000000000000000000000000000000000
3074000000   111ce916d3d23374ecde21a73a8758839edf0d41c377006ff1d1ca4eb6fbc2f3   00000000000000000004005a0000000000000000000000000000000000000000
3075000000   de2e7f8197dfe70361d2f45970dec92b07b95c564dae184e3d0bf012ec7e9fc2   00000000000000000004005a0000000000000000000000000000000000000000
3076000000   9ddac32095d331dc1e0debf596d4428044c07a95fd39edb6d41d111e825097ba   00000000000000000004005a0000000000000000000000000000000000000000
3077000000   3c17beea73cd0be564693ed3d771f5fe8524d2df4ce2e27e7b5fcf69806e6542   00000000000000000004005a0000000000000000000000000000000000000000
3078000000   d1cd15632a5a9e63c628f32f54b40b81cc34b17d813b3dbdcc9b085ab5242671   00000000000000000004005a0000000000000000000000000000000000000000
3079000000   4d8f9fd2e402fdf1388af0bcccc59a32fc910e8f7de76026bf1a7c7163a54aca   00000000000000000004005a0000000000000000000000000000000000000000
3080000000   e49926d5decc7b4c245036980a0932b91f673b4a6699fc2082fcf5084d933dd4   00000000000000000004005a0000000000000000000000000000000000000000
3081000000   0c053cda90a5659142b65082c563edc7854f4cf58ef68904944407ad15322f9b   00000000000000000004005a0000000000000000000000000000000000000000
3082000000   57dc4346ce9355cf9953a8959f24341e500ac4b6e7b34627d5f3de74172be836   00000000000000000004005a0000000000000000000000000000000000000000
3083000000   8e022fa0220efc2c64c7a37947a0b5c333c9d2a0c8e2bb9b6e3b7a7800b80079   00000000000000000004005a0000000000000000000000000000000000000000
3084000000   2d9c228c1e687fe5114465a8c94961982c7efe29eb1224a6ca38fedc47f5471b   00000000000000000004005a0000000000000000000000000000000000000000
3085000000   b1eb8eac6de8633b9213aa6bf116ecec2c2d5e832d80d764f30be084db759fc4   00000000000000000004005a0000000000000000000000000000000000000000
3086000000   0eb2d2acb03731bbb7d55cc6d9d353e678d0d028dfabbc3f89021080926e7cc1   00000000000000000004005a0000000000000000000000000000000000000000
3087000000   ec560ff1cffcf539e24f0f755f4169f0cedc2b46c5eae7ba577b0cda961c00e4   00000000000000000004005a0000000000000000000000000000000000000000
3088000000   c4c43610473b94169f55d7c3fdd0e4ae5938cdf42b5a9b375f3f576efedd9692   00000000000000000004005a0000000000000000000000000000000000000000
3089000000   b96804587c2fcca62ed11a3ffbe5fce13a6a8ae9a813ec9f3d2a11d1f64b3701   00000000000000000004005a0000000000000000000000000000000000000000
3090000000   ae99546c249966999e59481535baa63e2c8d6cc50fe7f90be48cb762a72d7376   00000000000000000004005a0000000000000000000000000000000000000000
3091000000   1974433f52415b444fefb13c58886e2dc67a770d1e66e93bc57207037b12a516   00000000000000000004005a0000000000000000000000000000000000000000
3092000000   925c90cd0f3b51ac79b29b0620217fc81624ff3bcd76d7947e42d5d87fed079a   00000000000000000004005a0000000000000000000000000000000000000000
3093000000   b97b2a75f2e051768fef858c41b24be6acc246179b97aadcdc14037fc3f99768   00000000000000000004005a0000000000000000000000000000000000000000
3094000000   ac25e0d0246dd22b3aeefaa3dbd0fe86b547d77d7869a931c6b8f0769ca1eb7f   00000000000000000004005a0000000000000000000000000000000000000000
3095000000   df1b4570973007ed264583bc857f51260fd183dd65bc9490e985d3c7985197d4   00000000000000000004005a0000000000000000000000000000000000000000
3096000000   c19b1ab624b1f214e38e481c7a6cb46f2ee2ceda84935f7df3dd1e5914851501   00000000000000000004005a0000000000000000000000000000000000000000
3097000000   8afbd830516b471334a0df8ed29b55804e494066b4d7643434b3445a5fa8d83f   00000000000000000004005a0000000000000000000000000000000000000000
3098000000   f2f1c8ed96504d2ace4035c868535c4e64ae5ded34bfebfbdf3ab121a7591eea   00000000000000000004005a0000000000000000000000000000000000000000
3099000000   55d96d747fcb15b7a39d59b28957f44e6651118ce9e8e6dd01a56cfb768651c9   00000000000000000004005a0000000000000000000000000000000000000000
3100000000   03ccf9973bfe8b2ca317c51d8a7070d9353a8226d901699c8c911cba9da229f6   00000000000000000004005a0000000000000000000000000000000000000000
3101000000   8f58750952232f3c9901dc30e960e5707abec540e28a8b237712e0461b2eab33   00000000000000000004005a0000000000000000000000000000000000000000
3102000000   7cd8743d7efe8d253773dbc927b3ee18bdc08c2b35fb947cf5089800542aed5c   00000000000000000004005a0000000000000000000000000000000000000000
3103000000   df9c3aac874fc349b8af4b5b14a9f1f04272e3a27ef84c56cae5aaecbaba0c9d   00000000000000000004005a0000000000000000000000000000000000000000
3104000000   feb5b7579d7b9ff5ccdb3b9b4c09bab4dbf8d9fadde0fe8bb684a8bf22e9437e   00000000000000000004005a0000000000000000000000000000000000000000
3105000000   5128aa449ac51b8b9cc9e067c8d9101716ebec1d3f966619b2b6f107b75438f1   00000000000000000004005a0000000000000000000000000000000000000000
3106000000   5fe519536dd341c8a0b9b850b4975e7cea6f8d3d97e1a6507e9d8528dae7d9f9   00000000000000000004005a0000000000000000000000000000000000000000
3107000000   e9a38160b8585a9b2736cd178516fa45f93767473407b4095b7876f771d23d8e   00000000000000000004005a0000000000000000000000000000000000000000
3108000000   86b3447b48c60cc07be1d12e5a15901fb5ad9d70efa4f0dd92430efc53f26f3b   00000000000000000004005a0000000000000000000000000000000000000000
3109000000   4c17b8bb923c4c25c119b6b55422b7d591e2b9a7b1774d6ed7e4966bee36dd0e   00000000000000000004005a0000000000000000000000000000000000000000
3110000000   