debugnonce_start:  2000000000
Mining block template, height 827636...
header:  b'\x00\x00\x00 06\xe7\x83&d\xbd\xbaj\xc0\xd5I.\x00;\xdb\xd4\x1dp@\xafd\x01\x00\x00\x00\x00\x00\x00\x00\x00\x00\xb6m\xac\xf4G\x92\x0f\xb1\x01\x16\xe2\x0e\xcej\x1e\x031\n\xa2C\xec\xdf\x15(\xe7U\x98\xfau\x1d.\x8c\x05\x11\xb5eZ\x00\x04\x17\x00\x00\x00\x00'
2000000000   8d30e8124d96c9c86a3552afcc713277697bd9c5bd617152d9c0f73a357e0795   00000000000000000004005a0000000000000000000000000000000000000000
2001000000   6a8793d878a8947fc477e7d857878d2ecdd0793c13daa5688905e05cd69995a4   00000000000000000004005a0000000000000000000000000000000000000000
2002000000   35fab1a6b272a5d7d6425a6359ae65e6b411e76aa024e696b34f499a2cb50024   00000000000000000004005a0000000000000000000000000000000000000000
2003000000   1bc47de1ddc2ab66f051e825e62d7049c6e952521b3d21bf18ffdca8c7428207   00000000000000000004005a0000000000000000000000000000000000000000
2004000000   3860b9da12f5c964f30aa1179508541742b17dd15af65c178b3c9003bf2f7f99   00000000000000000004005a0000000000000000000000000000000000000000
2005000000   12f69843241cba962479b7e2ecf5194cca2730f7ea5c737d940eafba42b6b2fc   00000000000000000004005a0000000000000000000000000000000000000000
2006000000   bd6a8fe4fbf3cc6501376f25cdeb1bc25838d81c8ec3f764f50a7e4c8dba2efa   00000000000000000004005a0000000000000000000000000000000000000000
2007000000   137c8e0c9e0774b81b9c8054885cc6df0c6032edffb61cb32fbd627ab1452a3f   00000000000000000004005a0000000000000000000000000000000000000000
2008000000   c91f013b6f302547a2d08e1716d878f45100f7856d41022a50a62db75eb85580   00000000000000000004005a0000000000000000000000000000000000000000
2009000000   fcb5bea99dbaa5a699dc632fbc12ec11134c06681cf372619cd72dfec921bffa   00000000000000000004005a0000000000000000000000000000000000000000
2010000000   4e42ba876195157bd24502cdd4e478c2b141e29734342925a9875693e7f19ed0   00000000000000000004005a0000000000000000000000000000000000000000
2011000000   512586fde377d4515178ae2f4814fea40b0518be93b1ce0b98ea5afe071cd04e   00000000000000000004005a0000000000000000000000000000000000000000
2012000000   d0378bfb4b81455288b9730d8208e2cd20b257e281d34bf4bc0af93fd578658b   00000000000000000004005a0000000000000000000000000000000000000000
2013000000   28c474bcfdda3ef35eb47c7b41adcf75a98e16d211b9b5e7655faaab6e2d3cca   00000000000000000004005a0000000000000000000000000000000000000000
2014000000   620b277efb5375a1bc9722f6ee5a4b0746a45afec8adf74585c331cbedbbb3a5   00000000000000000004005a0000000000000000000000000000000000000000
2015000000   fdffe517e2faa0e64c6927c342fe81e0e8eb23fe56a29f23b670a168d976c799   00000000000000000004005a0000000000000000000000000000000000000000
2016000000   e24cc4c8d0c1ac05253202225bc0a2606a6475ca3fe85c86f41d2bd302eb71a5   00000000000000000004005a0000000000000000000000000000000000000000
2017000000   5de60306db3343d07336a89d276daeca2955250f17fb5570655dfb9a3260a2bf   00000000000000000004005a0000000000000000000000000000000000000000
2018000000   e8846af4379e6cc0e6f8754d4c7906eca6644ea61aa5e508784cc9294a3fed53   00000000000000000004005a0000000000000000000000000000000000000000
2019000000   b00e8627a64054b6830569aff7cf1fc1073243eb2ff167158afef80996a536cb   00000000000000000004005a0000000000000000000000000000000000000000
2020000000   2be5a59394e6c97b469f171e572643a69128ed19961effc29518d64dd6783d67   00000000000000000004005a0000000000000000000000000000000000000000
2021000000   a9c4b388e5cd240df0a9f5032f12fb893852bee455f65512bbe58814e9079122   00000000000000000004005a0000000000000000000000000000000000000000
2022000000   c8c8f2c9260b4841ea6c45ed87b220a1e7db53d58114858d12b3db7cb5635a3a   00000000000000000004005a0000000000000000000000000000000000000000
2023000000   9534ebb01a595230b0978f505d7110381c3bff4e9782b273c072c1ad83462f49   00000000000000000004005a0000000000000000000000000000000000000000
2024000000   ef8b5feca55b622ec623d09238dc1caf115570b820230da1a63b640828c1bcc2   00000000000000000004005a0000000000000000000000000000000000000000
2025000000   2ba1507dd9b55db9091a61b257dd770c264e8b0a0346d781006fcfdfc0c365c5   00000000000000000004005a0000000000000000000000000000000000000000
2026000000   e8b45630bc48f6b03a973bda812a9922fe0eb7439514521d454070c2549f68e5   00000000000000000004005a0000000000000000000000000000000000000000
2027000000   aa38a52193687d35846fdb9879afaf412f2ed48bed7d7385ce1c8bf1cfae7cae   00000000000000000004005a0000000000000000000000000000000000000000
2028000000   4e09e06fd9b54a81c128c8a626ba09bc47945c05adfa26845529d275b315be0c   00000000000000000004005a0000000000000000000000000000000000000000
2029000000   de35cb14dd6ce7f264831904acea2b0b13eabf5e0622de2a11f2a1bc8f235af2   00000000000000000004005a0000000000000000000000000000000000000000
2030000000   57b04753f27d6300a43c774f103586b3a3950f4e94f7ec874e603d0b10178709   00000000000000000004005a0000000000000000000000000000000000000000
2031000000   a5d7c5303d1921246c8b41594573fbda014207b858e53903c1276f7d0700d17b   00000000000000000004005a0000000000000000000000000000000000000000
2032000000   6cba6bfe3659e338dfb8b50c82f40c995ef4dd829b5fe5ccd6b140796a9084b6   00000000000000000004005a0000000000000000000000000000000000000000
2033000000   6860f602a785b5f09a7b6013f82e28a1d4b81150d55caf9ffe03d7234b36c444   00000000000000000004005a0000000000000000000000000000000000000000
2034000000   5c5c6b37fab377f5817e322babcf47a75db54e473a5a9a38d5a1ce1040bc5463   00000000000000000004005a0000000000000000000000000000000000000000
2035000000   f254d2ac1856b35d2566f191cc197a807a525ed5f08598a78b450c60d6da32d9   00000000000000000004005a0000000000000000000000000000000000000000
2036000000   96aeccdfd56245261a31a3365267ba3898b1ac73dc988ce7a1fd490efdddfbf5   00000000000000000004005a0000000000000000000000000000000000000000
2037000000   cc70e4fc574cd430a0e46a13fa135a189bb5ec0bb941cdc379ef56c00767a9c4   00000000000000000004005a0000000000000000000000000000000000000000
2038000000   ca9e53f0fc2cf6b190734b8a3e02b05a8a10d437912e999033a43e5f69de14f6   00000000000000000004005a0000000000000000000000000000000000000000
2039000000   07d7e292b0769eaf4e010078365845afa1c2bac6cb7a07eb145b003d879ee5e8   00000000000000000004005a0000000000000000000000000000000000000000
2040000000   1e1c80939f99b657a8fc8940ee1ae348c0e883f43f8bcbfc8d4d4bd2f8d9f055   00000000000000000004005a0000000000000000000000000000000000000000
2041000000   f850f10130a3bc686384950e967a22e134e355d76584343e6dcc89922d490891   00000000000000000004005a0000000000000000000000000000000000000000
2042000000   280a7efeaeb9360871f37eae2c4fd34f060162ac2626e4a6585f0f7472afb765   00000000000000000004005a0000000000000000000000000000000000000000
2043000000   7add5be5fadc025a30c362f156ee4b67574d3604da726b35364abede2cd03729   00000000000000000004005a0000000000000000000000000000000000000000
2044000000   b7455a5dda270aa37e43cd8fede6755b3e1cc1184ccc6652bbcf03e8aa537047   00000000000000000004005a0000000000000000000000000000000000000000
2045000000   a4f55306f46a1cfd664caeeae21c59fec25030080c7a0a2a35f747d436dbe030   00000000000000000004005a0000000000000000000000000000000000000000
2046000000   a482dad5bd0148b81d919089f6df43d59b83e100c9f888a889d44a7d4e0469bd   00000000000000000004005a0000000000000000000000000000000000000000
2047000000   7c4bfd6dc6201d79da9b4cd3910ee03295fc1898e4b5e791b3a6d12748eff825   00000000000000000004005a0000000000000000000000000000000000000000
2048000000   100690ccbf9f87bc7a9c7a7cc597eeb0f8da52496d4942479907cf05d581d4d0   00000000000000000004005a0000000000000000000000000000000000000000
2049000000   ff590af7fc41e1e71010b612eac56c884674f29de9f6229506891ef353f28dfd   00000000000000000004005a0000000000000000000000000000000000000000
2050000000   5ce78eeb0f887fd6792eca1e6003de57bc6b71aa8bd506b43ecf83b704956138   00000000000000000004005a0000000000000000000000000000000000000000
2051000000   1884f343540d48e3fc8cd154a66fc1ebe6a135842e6dc0fbf511af619bea3a22   00000000000000000004005a0000000000000000000000000000000000000000
2052000000   52906b3c809d7ca8fb6739d93cb5d9a3a2b49f60acb36cb696d86cc93ae97861   00000000000000000004005a0000000000000000000000000000000000000000
2053000000   d911157780b8a732495f98bf6d2324dcdc05a027a38676e7460a99d08ce3fef1   00000000000000000004005a0000000000000000000000000000000000000000
2054000000   