debugnonce_start:  0
Mining block template, height 827636...
header:  b'\x00\x00\x00 06\xe7\x83&d\xbd\xbaj\xc0\xd5I.\x00;\xdb\xd4\x1dp@\xafd\x01\x00\x00\x00\x00\x00\x00\x00\x00\x00\xec\xb9\x80\x12\xe2\x1c\xc4\xfb9\x96b\xbf\xce\xe2\x0b\xae\xe2M\xe2\xc6\x86\x1f\xc6\\\xc39\xefs\xf3Bo\xc2\x05\x11\xb5eZ\x00\x04\x17\x00\x00\x00\x00'
0   e1f03428dbd3579ceef84cf16d62a152b2a2f402d6f3eaaded2690ffd1210674   00000000000000000004005a0000000000000000000000000000000000000000
1000000   dd6ddda975783c70b2f39c58ec4695fc96a5d878adf6dbfd7c1b2b1bb885f533   00000000000000000004005a0000000000000000000000000000000000000000
2000000   2dfaf3bddf847c95a651730e262cc28f7e2e9e1111fcc73c5cf76116c31b1d52   00000000000000000004005a0000000000000000000000000000000000000000
3000000   ce0c836e0c7b5f07cdbb3a1d939aacc40c527e6c08080459a46fc2c6dcfd5356   00000000000000000004005a0000000000000000000000000000000000000000
4000000   395f407e99813d98122b79267718f34d3c654692e48c8b8f37f3ea9d353bd6c1   00000000000000000004005a0000000000000000000000000000000000000000
5000000   642c8bd89012cb4239de3b19a34cc7bce2ea730a9ffbc36c465a6e1e6bbfe4d0   00000000000000000004005a0000000000000000000000000000000000000000
6000000   d865543cfb0b75226c1a63aefed4bde347c79a5ef053c8ce700b0cf4f897b678   00000000000000000004005a0000000000000000000000000000000000000000
7000000   350185cfbbf71e607274674965c42ff756bb6cbf43f2f58e5d5e3d594dc6bfe6   00000000000000000004005a0000000000000000000000000000000000000000
8000000   7713680e02a8253dcaab531d7377e2aee0c409f621a90120e806730e25104ff9   00000000000000000004005a0000000000000000000000000000000000000000
9000000   6b38dd3fc13686a0a52be68e14431c5a6786c3f191504c83f273aab00b0954a5   00000000000000000004005a0000000000000000000000000000000000000000
10000000   02492959ba4afe00fdebfb86f00099afc92bf6dc8c5e2a47d19a275e34f5de5b   00000000000000000004005a0000000000000000000000000000000000000000
11000000   77b2ccdad239d218243edbd1f6cd11f76a6a5e70f6cf52c776d1fdf2697736d0   00000000000000000004005a0000000000000000000000000000000000000000
12000000   87cbd86a592eed691237eafdd8064ba3e69454f1a2909364c2f25fa4714bf2cd   00000000000000000004005a0000000000000000000000000000000000000000
13000000   c1acedf9a0946a238aea052cddca17bdea05f6273ac51259bbf532f5eb197344   00000000000000000004005a0000000000000000000000000000000000000000
14000000   6cbd370290a4abce1c298fefbf5833cb232e3b1ea22abcfe9a7dccb5fef7e5af   00000000000000000004005a0000000000000000000000000000000000000000
15000000   b2168a81a1c3f072c7a0b0b068e418650334af2c8c03e1ba3401a03b66392c9b   00000000000000000004005a0000000000000000000000000000000000000000
16000000   8f75a6da92cbc21308b75ce072745969e7a23acecca41c3475663bc621b2ca29   00000000000000000004005a0000000000000000000000000000000000000000
17000000   00e5276f9092b7cf6e4743be9b2bef20d8904af6f8d7612c5806f0668b1aa4b3   00000000000000000004005a0000000000000000000000000000000000000000
18000000   70c5c4e0b81274d9f233cba96a44e0da51811eede75206798ff730016135f257   00000000000000000004005a0000000000000000000000000000000000000000
19000000   80058d7a825ccd80b4bddc5822122f15c7ce17d8ae7d96c9fbcb870421170546   00000000000000000004005a0000000000000000000000000000000000000000
20000000   74e07a39d588e5b6b79c85256e220ef940fe240384f7967e58439cacb8d53446   00000000000000000004005a0000000000000000000000000000000000000000
21000000   9cf312361461651966935da9a2aa61db8d393577331f585bc510f34ab8a787aa   00000000000000000004005a0000000000000000000000000000000000000000
22000000   21f2c3bfcdb2c90bd408637d831420285810427b86fa22f29f2a296b162d412f   00000000000000000004005a0000000000000000000000000000000000000000
23000000   5c8ffb2a177d77eb64226ada63661ceda3c8171bcbed02783e839a2008e53128   00000000000000000004005a0000000000000000000000000000000000000000
24000000   3ddfbe5ce7835c7b38af9c70086de5ac395fbacb1f4898d91187854b100272e9   00000000000000000004005a0000000000000000000000000000000000000000
25000000   5c2e66f6da6a0ea60456f0dfcaf7e0ed701fb43376d421e92478a50ac8dedffe   00000000000000000004005a0000000000000000000000000000000000000000
26000000   6857acbb7a539b37ff807cda6d040787d5062363e82b901eb963b4708e5815bf   00000000000000000004005a0000000000000000000000000000000000000000
27000000   c66cd8f5dd8e2d6046584f247d7d33aecff20aac8c78ae625767c0e9db50d18e   00000000000000000004005a0000000000000000000000000000000000000000
28000000   f1b2ac9c8b220a58487fa73b16c068983354f1aa5478624347066098616820ea   00000000000000000004005a0000000000000000000000000000000000000000
29000000   efcc552289676675c00b7cf202736d8f71ccb91cd6dd03ee68fdfd42c1915a59   00000000000000000004005a0000000000000000000000000000000000000000
30000000   8d80de5d803b4216ed33e235ea700305037834baa79d01269589654b2de91926   00000000000000000004005a0000000000000000000000000000000000000000
31000000   e15ab9c92d9bb8021b304f81d3881caab51dc79011c2a45eb35e85075063cef5   00000000000000000004005a0000000000000000000000000000000000000000
32000000   779b0203c0a55c928f430872e7cddd5a238ea2d955036f099e6de089ccecc587   00000000000000000004005a0000000000000000000000000000000000000000
33000000   c00aeaef6ef81a98eb05da7ce452179faa2919f1d98d1c164391b7516dd1f86b   00000000000000000004005a0000000000000000000000000000000000000000
34000000   be47ad141f5c2cd86f10af514fe39ce0ab292e3bdefdc14bac91025fd1a530b2   00000000000000000004005a0000000000000000000000000000000000000000
35000000   6b874bf12b445d333d5fd6d611145aa7d4b6b36ae8a3545d14a127edb2966918   00000000000000000004005a0000000000000000000000000000000000000000
36000000   42c133c6a96795b199a784e605aaea7ad8d64e044f9cdab1589a6bd61dc60534   00000000000000000004005a0000000000000000000000000000000000000000
37000000   2e8a9e12c244bbe765a7209e1705e9ef4294d5d497e51ee6e65a1ff973975527   00000000000000000004005a0000000000000000000000000000000000000000
38000000   25acc6e9c879b89b02358ff5cb15abf262ac6952c525e3e73f26a44d1ff11266   00000000000000000004005a0000000000000000000000000000000000000000
39000000   6c56b23522732020980ee2427a3005396cf463e2906b04413d6985e46d439d71   00000000000000000004005a0000000000000000000000000000000000000000
40000000   0992be487783a526b096de997ca4d1802948a3ce9a2c133e56a44a5f35ba085f   00000000000000000004005a0000000000000000000000000000000000000000
41000000   cb6e3663899956eb13bf9d2ae4af589b35d34457528168020e3753b0b7e46198   00000000000000000004005a0000000000000000000000000000000000000000
42000000   2c1a3214b778e2c5b5e62013c509b9f4d846bf8a84887398a0743dce58b7c502   00000000000000000004005a0000000000000000000000000000000000000000
43000000   2bad128f57174e41d2d9e9c9b2248eb3f0918ccfb853c8554d9b6befb253b3fd   00000000000000000004005a0000000000000000000000000000000000000000
44000000   95b4472829109ebfae6001a869372aab4988a1c6346f3b71bf528e3d748ada9e   00000000000000000004005a0000000000000000000000000000000000000000
45000000   ccf1089eaf30c25642d0c79d78d90c4a58b3c15c351321b1e2e1f0178977f5ab   00000000000000000004005a0000000000000000000000000000000000000000
46000000   268c27e5e28c86e8b88522bfe7baf0e31860927776c4bd39eccdd8fab337d9d5   00000000000000000004005a0000000000000000000000000000000000000000
47000000   5c874cf83dd726968421d122f5a715f6b86cbd00b27cf18d64f003d1902c0cb0   00000000000000000004005a0000000000000000000000000000000000000000
48000000   ed95d1d9d4dbd6dca6aed0849dd5f6110fb04cd71014ecdcded736c6341c8f53   00000000000000000004005a0000000000000000000000000000000000000000
49000000   9be8c6bfb2c7350123f47cca8dfed49bad200a616d906087eeee3c58436fe697   00000000000000000004005a0000000000000000000000000000000000000000
50000000   a5b6c0d83de2bb035cee47608be6c0754229895098b2537bbcc907a9c5e60fda   00000000000000000004005a0000000000000000000000000000000000000000
51000000   f77e41a48be69f70c71a6f545241af72d04d2a7a1151d7329da3bb814841cb91   00000000000000000004005a0000000000000000000000000000000000000000
52000000   f5021c593fb77c84e2b2bcc0ec16bad9110ac8b57026912c65d41d324f22fa3c   00000000000000000004005a0000000000000000000000000000000000000000
53000000   ef4d4fa309b4a8693c5ce10aec064fcf730e71be786e4dd01e18f4fd325b20b8   00000000000000000004005a0000000000000000000000000000000000000000
54000000   a8065827fc2ab40ecc70255ec030480e30ff0b2c7188af7ab85e727ea64896c3   00000000000000000004005a0000000000000000000000000000000000000000
55000000   