debugnonce_start:  1000000000
Mining block template, height 827344...
header:  b"\x00\x00\x00 R\x99p\x9d\x0c\x03\xdb\xf9\x1f\x81\x13\x9e\xf9\xf3\xa5\xe5-\xdd\x18\x9d!\xb4\x00\x00\x00\x00\x00\x00\x00\x00\x00\x00\x7f3\x05\xc2h\x80\xf3'-\xabv\x90o\xe4\x8bpE\x15\xec)\x879\x11\xc6\xc3<\xc3`\x16|\x1b\x9b\xa2\xa1\xb2eZ\x00\x04\x17\x00\x00\x00\x00"
1000000000   3abf0d3cf0f293368642d6598cfc81ccbb16aa5a662b563d3fce389b8a4e8e0e   00000000000000000004005a0000000000000000000000000000000000000000
1001000000   c6d8be38f767a035762295a7445432901b131f4612b1598d4dc5610820f872d7   00000000000000000004005a0000000000000000000000000000000000000000
1002000000   74456f58e8dcdff2e5e3b52d5af582802165a7b529c56a482b21af5aafa0a04c   00000000000000000004005a0000000000000000000000000000000000000000
1003000000   f68d7e1909f75fcae14fd69ba1bd2097ca51fdb16a187efc0a554bed502fd1bc   00000000000000000004005a0000000000000000000000000000000000000000
1004000000   e5ebf2dc912bf1fee04ac2668ebd0acd7fb05b99a40ac659d096a6eff7863aec   00000000000000000004005a0000000000000000000000000000000000000000
1005000000   3c636a751d2f62cc39a16cece5e45dfd73f931d74509725fca1013ad7ae99a7e   00000000000000000004005a0000000000000000000000000000000000000000
1006000000   401372e8b78eb9ca4091574531e1a88ff6bf972ffd4ba870e09037e907262d88   00000000000000000004005a0000000000000000000000000000000000000000
1007000000   783de433465b164979c19f3ea5d14d55f0f8421e5a8b1029fcaed86374fb2110   00000000000000000004005a0000000000000000000000000000000000000000
1008000000   b307d666a9e0012a6b3e192e1724250f594f86e86d8ab77638439614d8197dce   00000000000000000004005a0000000000000000000000000000000000000000
1009000000   a07a94e05ed27f2a9cf5fda49af1a43ddbe38d583cea417995e3cf8d1dfd31c2   00000000000000000004005a0000000000000000000000000000000000000000
1010000000   94894b273de983ff68e90f0799a0c4b87363b0cd03dffee9d32e249336c19171   00000000000000000004005a0000000000000000000000000000000000000000
1011000000   7c99e1fde1a474da53ea73d879b04c694af7ad6896c5bb64860e351ebc8df105   00000000000000000004005a0000000000000000000000000000000000000000
1012000000   d0b34210e1b6a92f286f33eae6042f390c7631d607dbd85f3d90e5abf8822b16   00000000000000000004005a0000000000000000000000000000000000000000
1013000000   a04e03b52f24da2d13d3385934075ceca0e06da76a654fe0125e98e10024c2d6   00000000000000000004005a0000000000000000000000000000000000000000
1014000000   2b4263b313fac27103f6f185959ccf6eb761b311a697ad457406eadabd2e300e   00000000000000000004005a0000000000000000000000000000000000000000
1015000000   62f6bc0f45794f87bceb52e3204625ff64ad960d884aa2b9853fdbca21b9ec73   00000000000000000004005a0000000000000000000000000000000000000000
1016000000   14ed39407e384641e29e7842417549d16aabb3ba1b92a19426e1d946aa9d5f94   00000000000000000004005a0000000000000000000000000000000000000000
1017000000   475192a4b8f09121765fa6275890eab15f5d57ef1b77293eabe736bea52bcc0e   00000000000000000004005a0000000000000000000000000000000000000000
1018000000   f90d4168a4a50a1f4fca8cf781a6611f8bfbd909550d45a9215b84be72c527ad   00000000000000000004005a0000000000000000000000000000000000000000
1019000000   757a30d5288899a45f443685cfa2ceb08f2aeb4a59a86f91a1efebd7dbddda21   00000000000000000004005a0000000000000000000000000000000000000000
1020000000   5f63a3b5767ae947771754d844c8799cab953915951a4d079aaafab0be9823d8   00000000000000000004005a0000000000000000000000000000000000000000
1021000000   d4a3ad4025f5ffba25d9e1baccac86d41f5d75c48e2915071796beede9122b00   00000000000000000004005a0000000000000000000000000000000000000000
1022000000   ff6db5de35b8591e85f4de764e8c13d5a8613f9e668e4b33277dc7b75537f574   00000000000000000004005a0000000000000000000000000000000000000000
1023000000   35fb20556cc237bf30083a9103769a803872a9ea874842a0fd8e2eab92077f08   00000000000000000004005a0000000000000000000000000000000000000000
1024000000   962dd624bf57956d19d697a16e5e3bd4bbbc9b6d50f0312953503df1827dcc64   00000000000000000004005a0000000000000000000000000000000000000000
new_height:  827345
debugnonce_start:  1000000000
Mining block template, height 827345...
header:  b'\x00\x00\x00 3\xeeH\xa5`\x1dp\xdc\xdaYl\x9f\x94^\\\xe08{h\x16B\xd1\x01\x00\x00\x00\x00\x00\x00\x00\x00\x00\xa0\\\xd6\x84\x08\xd6\xd1\x99Y$\xcb\x9c\x8e\xba\x85X\x8e\xa2\x1d_\xd8~(\xc1(;u\xf2?\xa2|\xf5\x89\xa2\xb2eZ\x00\x04\x17\x00\x00\x00\x00'
1000000000   3c9e65293c8d90e5d2abb54b956aad4b10faf2d5f8a59f8d03aea7e6a9167efd   00000000000000000004005a0000000000000000000000000000000000000000
1001000000   f092998ca96c6ec6d9c665c85a83bc60ee94449ce08c71174ba554ab391685b8   00000000000000000004005a0000000000000000000000000000000000000000
1002000000   0f8490e88f6a042a142e98dafe410e92e3eac29bc99229f031cf849ebaec81a4   00000000000000000004005a0000000000000000000000000000000000000000
1003000000   3835a514b9a57cdf95153b734fe0ed09238bd5eb5920a5fd2b19fac92d18da2d   00000000000000000004005a0000000000000000000000000000000000000000
1004000000   a51c551cf2030d2d6b95886c2d067be220c0777effa56b34513ecce62a21bdc6   00000000000000000004005a0000000000000000000000000000000000000000
1005000000   08b866715dcf80290abd0b51198f100dd0b1f084c368b835c59e30b28df70802   00000000000000000004005a0000000000000000000000000000000000000000
1006000000   216c6cc8fcf17d15e6d703e22a66559b8214b1f6e38b1ab8f92dfffe79fd8a63   00000000000000000004005a0000000000000000000000000000000000000000
1007000000   f34acb730a9c0b81fa8a4bb2a71b887e0f822379842b6ae44f439158e747dbdb   00000000000000000004005a0000000000000000000000000000000000000000
1008000000   44de605d5d5b9f745ad32e53b807d784d2e6dd999d2bcc1649893adf13089953   00000000000000000004005a0000000000000000000000000000000000000000
1009000000   bb33b815e6c87987d70532b99919f0efad3b69c23f440ecceaac7de5ac78e2c3   00000000000000000004005a0000000000000000000000000000000000000000
1010000000   6e68b133a368087be6287f0bbae4f423172d0a43b0892a80115ec83400d11235   00000000000000000004005a0000000000000000000000000000000000000000
1011000000   a7a821ed263e942dfff52aa2efff2f146d7a091ba737efe5d3dbab9943e6731d   00000000000000000004005a0000000000000000000000000000000000000000
1012000000   1e15c489dd4e2e0ba4e152b637d4734b2bb83516135c94e0907f93000e48b706   00000000000000000004005a0000000000000000000000000000000000000000
1013000000   bf0e20ca1bf8b511a5ccfc23729098750c7e133c290bf9e47974a1a1a517555a   00000000000000000004005a0000000000000000000000000000000000000000
1014000000   27bd03b069242816d1917c22ab8f63c0550def3d3ae9ef90fb28e75551804659   00000000000000000004005a0000000000000000000000000000000000000000
1015000000   7ffd53cceeb96c0453aef0de5bb89b9fd6775fc110f052f08c823a8d5ce66c6f   00000000000000000004005a0000000000000000000000000000000000000000
1016000000   6d637199ae4e82a308f99fb6b281003e9a25e2209bc48c0092bbdb38ef96f627   00000000000000000004005a0000000000000000000000000000000000000000
1017000000   02a6a139a9154e2cae31e659cb25417c0312ba2605cb87a467c7ce8553141ebf   00000000000000000004005a0000000000000000000000000000000000000000
new_height:  827346
debugnonce_start:  1000000000
Mining block template, height 827346...
header:  b'\x00\x00\x00 \t8\xe6\x97\xcb\x94!\xeb0\xb8fY\x95\x89iE\x95\xa0P\xa7\xa4\x17\x03\x00\x00\x00\x00\x00\x00\x00\x00\x00\xce\xf4\xee\x04\x8c\xc1\xf6~\xbe\x88\xd0\xa7\xbfG+"\x15\x82\xd7\xa3\xbd\\\xfc\x83\xf9\xe9\x90\xf1\t\xdd\x9a\xc11\xa3\xb2eZ\x00\x04\x17\x00\x00\x00\x00'
1000000000   f489d12fd3a93743f4f60da1210670c4ceb29edc86b263792cad3b7524e47d56   00000000000000000004005a0000000000000000000000000000000000000000
1001000000   5d4487509a7a0f420d3c1d2364404383dd27a96e160f89be1e96e5a271aca203   00000000000000000004005a0000000000000000000000000000000000000000
1002000000   2d27dec9d4b0383cfbcc28b19ec19cefe63b0e206692481592ca532f233e9546   00000000000000000004005a0000000000000000000000000000000000000000
1003000000   37429216a3f7dc296ce54ebc970d3847a759a56fe12d7b70ade1412f47b4fac5   00000000000000000004005a0000000000000000000000000000000000000000
1004000000   600fe836f5ee2d6e8425111db82047055003bbbd77febed06734873bde3efde4   00000000000000000004005a0000000000000000000000000000000000000000
1005000000   6c9888b37c63f99fe9605608ee07d08e0d0fabdfcbc169882e2188e7ffee8552   00000000000000000004005a0000000000000000000000000000000000000000
1006000000   394dead047df8b6239f077b7621919c7dce4ec7d0d236d6ffe747a7087d49def   00000000000000000004005a0000000000000000000000000000000000000000
1007000000   5e809bfab9727d5e4a1d9481674b2b2ef171b528a740737cdaf73cb5baade5aa   00000000000000000004005a0000000000000000000000000000000000000000
1008000000   b6ea672d708523d0c08066c943f07fd2f23729a749dda0388518e347f3d6deed   00000000000000000004005a0000000000000000000000000000000000000000
1009000000   b8c5d9d18f818d6a98a9dea4edb75278f5918930a6e7daf18a427d0ad444565b   00000000000000000004005a0000000000000000000000000000000000000000
1010000000   8347544ae6220820813676371053add44668ee7023de234845f822a8856276fc   00000000000000000004005a0000000000000000000000000000000000000000
1011000000   ff9ff70201a14ed74e902c5855ace9dfaae542413215d49a04dd6d51659b470a   00000000000000000004005a0000000000000000000000000000000000000000
1012000000   6d39fc4341a0da2e20e84f1bf71f523e2b59fcc762b7c9959531921e7391cb90   00000000000000000004005a0000000000000000000000000000000000000000
1013000000   bf178020b8476ed674d58c5e8e899e423a8a4ebb0f45585f61e7ee2591fac2cb   00000000000000000004005a0000000000000000000000000000000000000000
1014000000   983733acdc9c06264fd146f1774edd6ec3da9be85dfa79f07983d211fc3aa03a   00000000000000000004005a0000000000000000000000000000000000000000
1015000000   725ddd818278c8aed3da17d91b1f87fc048c2cc06ee6bab607322941a6e7d84a   00000000000000000004005a0000000000000000000000000000000000000000
1016000000   90ee23435033e17866b8d5d893f6ccabeb65c6962f2c537c4085a7831eee619b   00000000000000000004005a0000000000000000000000000000000000000000
1017000000   cae73a7cdd52545d72b76df1da8d3538876b55f295cf2d256ab0648f611a0c29   00000000000000000004005a0000000000000000000000000000000000000000
1018000000   af9f1978d95f28a8da14b2a21bca367d797c9583c46a67d940bfa5ae24488536   00000000000000000004005a0000000000000000000000000000000000000000
1019000000   d122ccd47c95607ca21524c5332f22dee9ade125fd9d50752ed3f229bd9e75db   00000000000000000004005a0000000000000000000000000000000000000000
1020000000   611d265b99cf626d6b8dc0c567a2a0fc0038437c87a9732c79eb8d3245bd81d6   00000000000000000004005a0000000000000000000000000000000000000000
1021000000   d41ca0eacc465390246ca90262cfc22209f58e69519955b9ba3347a0b16bf539   00000000000000000004005a0000000000000000000000000000000000000000
1022000000   bf6d136d0353f77d43c2e7b7a98ebdbb1bd278313b6a5490cf0b437b640fbf4b   00000000000000000004005a0000000000000000000000000000000000000000
1023000000   fc1a124f4ecfcbfa5168b36a4a992be8d740cd714aa53d79e25afe7800d80554   00000000000000000004005a0000000000000000000000000000000000000000
1024000000   9a493acf9b18a65c84865d342fc0fac16e90d963a9c64d7f24371694a1a0127d   00000000000000000004005a0000000000000000000000000000000000000000
1025000000   c17dde0c63ab40f6ceb76d2e7b863cac5fac0e358138d298358a309c2702853a   00000000000000000004005a0000000000000000000000000000000000000000
1026000000   fb7536a84cb827d45b3b7fa4d6343b9d7c8272afa459661e02a4d055efee5b5c   00000000000000000004005a0000000000000000000000000000000000000000
1027000000   75a7e13ca45e9c2393cf1cd46e82e415049a477d22e7704da6397d1a0d5ba645   00000000000000000004005a0000000000000000000000000000000000000000
1028000000   f145a05bd0e2dda68ea1dc3aa1803032587efdeaeba16db2cee51848a94844ca   00000000000000000004005a0000000000000000000000000000000000000000
1029000000   4822991fcabc9e3dfcef2610ce514c582dac02fac44f04f0390dc1782c94cbad   00000000000000000004005a0000000000000000000000000000000000000000
1030000000   5196b6305aca0458d948b6848a7756d5888350e7c21b96cb12fd8af8b59af762   00000000000000000004005a0000000000000000000000000000000000000000
1031000000   a24800fbd207fa8a738106b7f602fa8394a34db7262572d7d854db530a65846a   00000000000000000004005a0000000000000000000000000000000000000000
1032000000   0ac7fae2342c969f3bd5445305be9cedeac31abf5353580c1fd267210cecaf4c   00000000000000000004005a0000000000000000000000000000000000000000
1033000000   d2ea129c9fda241ab1abab97f8759adf0de9403ad1c311e401e2ba6b2610204e   00000000000000000004005a0000000000000000000000000000000000000000
1034000000   b2294affd20fa5aa0d1c2a15a59edfdc4fdb1f3fab02f8edebcac3ae4fe7ba31   00000000000000000004005a0000000000000000000000000000000000000000
1035000000   2c65fb2bc1d893541c7a0feb15b6692e7680edd783a98f8f8ef41d28efdf638c   00000000000000000004005a0000000000000000000000000000000000000000
1036000000   102fc3e6976328f6e0a20a6bd4544f1e2da678cb4f4e32a2dce776604212a333   00000000000000000004005a0000000000000000000000000000000000000000
1037000000   1eecd206e3023ac4f9a5ea10c3482281e4c469930c04d7e17ec049494e6110c7   00000000000000000004005a0000000000000000000000000000000000000000
1038000000   83060662d374dbc8db4ae2960b0d7eacda5fffec2b5700180d63fef9fa294043   00000000000000000004005a0000000000000000000000000000000000000000
1039000000   3249999de06a118a43ef92d3f067a1daf8cf34b7d85aee074f37601ba185cd74   00000000000000000004005a0000000000000000000000000000000000000000
1040000000   f2b63422b798ed256f5e13cf325e0325447f659e92580087821b801c0444c741   00000000000000000004005a0000000000000000000000000000000000000000
1041000000   c56c6c68471bfd25e35fa7bf511aa9c4b0d9cf80e01889a5abfd906d9855930d   00000000000000000004005a0000000000000000000000000000000000000000
1042000000   9a424a33190c22f84c2a2e79ce22b2ef6276a4d4a7154c76fcf87dcb8261a1ad   00000000000000000004005a0000000000000000000000000000000000000000
1043000000   38ce9150f4ff6051f106cbc6b2ebf93ea7af5252b97173c952d1c00c8aee0cf2   00000000000000000004005a0000000000000000000000000000000000000000
1044000000   cceea151389752489e3e77d68b842f3cbb1b5986e5a4d89326042e86b6598493   00000000000000000004005a0000000000000000000000000000000000000000
1045000000   5202fca10c6988f253798a4058ec7a3b9f24b1444fc9c4dc946c1b060f6a7c91   00000000000000000004005a0000000000000000000000000000000000000000
1046000000   e0d307c853bae80373cf589e6319d774702c8c66b97609b7ee6cb5333b2b33fc   00000000000000000004005a0000000000000000000000000000000000000000
1047000000   01ff68053dbdee4baf30d57c0456597e16ca4fa071084d95286f20c9e7d0164d   00000000000000000004005a0000000000000000000000000000000000000000
1048000000   d5b65257982cc497ae8e93903354ddd6ae1c7645d580b7b6d6cf6ce251ff39cc   00000000000000000004005a0000000000000000000000000000000000000000
1049000000   c15332bd0bec5f6c60175745fc11782925f1c83b233e82ebbeba834629d57a0f   00000000000000000004005a0000000000000000000000000000000000000000
1050000000   81fe270e630d0688dadedf3e7455dd74cee3f0654abbfb7df0fb64a7a30ccf1f   00000000000000000004005a0000000000000000000000000000000000000000
1051000000   7fdba32208c47b4bd6a0f97d7dd8d346de98a1e84b01204339d0eebc28eee0b8   00000000000000000004005a0000000000000000000000000000000000000000
1052000000   610bb83e09709e8d8f04c08df1e5040aefc6f601c90ebfe37ca0358cc550f5aa   00000000000000000004005a0000000000000000000000000000000000000000
1053000000   3f664886d849e6f6e26ae4e3598940eb2a321206341ad080332def7b0a7b21ba   00000000000000000004005a0000000000000000000000000000000000000000
1054000000   c99a3601de83be7389f6aa6599e8698edae3f864fff81bc366b542a9fb7a0d17   00000000000000000004005a0000000000000000000000000000000000000000
1055000000   95257fe5eb55d8c3645672a2b50996aba339a9f0665310089d4e7d5eb2b1a70b   00000000000000000004005a0000000000000000000000000000000000000000
1056000000   c10fbb36e85d8435cffc9df8a5182db705313f27fc27e1f6463cc7e03c88ac3c   00000000000000000004005a0000000000000000000000000000000000000000
1057000000   e8cd29b2edf410f316fe6245ea0b6f9b99b19ef24f81d0320aa7a6578fdc483c   00000000000000000004005a0000000000000000000000000000000000000000
1058000000   9d187f113fa32762cb220a7be6a8913a2b0ab813bafee847d712d8ae7e78ca56   00000000000000000004005a0000000000000000000000000000000000000000
1059000000   377c8478d99efc71fd6f23d28efc3c224f9ddd401174b560cef2853049997caa   00000000000000000004005a0000000000000000000000000000000000000000
1060000000   845b49d69e604adbef1145b39589f463136b0136ba8dfa0d69b1a0006bd8286b   00000000000000000004005a0000000000000000000000000000000000000000
1061000000   a8b4a59169ecc47ee2d4f8a8f16e037396bee7c06f424d03c9e3a34faaef5e43   00000000000000000004005a0000000000000000000000000000000000000000
1062000000   eb02656b9f322e1cd1302889165d733c9c711dac8b4048b78ba16205bcf20b5b   error: Server response: Work queue depth exceeded
00000000000000000004005a0000000000000000000000000000000000000000
1063000000   c372fd669495cb97af64464b70749c29a86214eac002c74e2871635d394d96e0   00000000000000000004005a0000000000000000000000000000000000000000
1064000000   1b38d0bd71814662875b7f9f95c6976b9c3ec50fc243c082125295292f21136f   00000000000000000004005a0000000000000000000000000000000000000000
1065000000   31ef28bc4f47a3390810d7a7d252f7be211b44c7524755f17d6e85b8c937c555   00000000000000000004005a0000000000000000000000000000000000000000
1066000000   83f2ab8c5f5d077b70a643502c6628ca12d1da76a99bdef9ffe18f1bde56b7ed   00000000000000000004005a0000000000000000000000000000000000000000
1067000000   a64a049a2314a58a1bf2b6e50605179babe603fc7443086609fda3a3b5b56fa2   00000000000000000004005a0000000000000000000000000000000000000000
1068000000   5e8de070a32f3227bcba67684d429292cbbfca2e8cfe15708e8e7628a5b2e3b5   00000000000000000004005a0000000000000000000000000000000000000000
new_height:  827347
debugnonce_start:  1000000000
Mining block template, height 827347...
header:  b'\x00\x00\x00 \x9d\xaa\x170\xe1\xf8.\xf2 \x1c\xdeu\x97\xec\xe1e\xdf\x85Un">\x02\x00\x00\x00\x00\x00\x00\x00\x00\x00\xe2\x8fl$\xbf\xf2\xae\xda\x0cb\x95\x08\x9a\xd97\xe7\xda\xadM$\xf7\xa6o\x83\x19\x9d\xd3(p\xafR\'\xc5\xa4\xb2eZ\x00\x04\x17\x00\x00\x00\x00'
1000000000   bbac5e9c65971d36d630d52b0d3867faa81603598d6429ecf7e5dc2e1071a942   00000000000000000004005a0000000000000000000000000000000000000000
Traceback (most recent call last):
  File "/Users/sreenath/Documents/bitcoin_code/ntgbtminer/ntgbtminer.py", line 573, in <module>
    standalone_miner(sys.argv[1].encode().hex(), sys.argv[2], int(sys.argv[3]) )
  File "/Users/sreenath/Documents/bitcoin_code/ntgbtminer/ntgbtminer.py", line 553, in standalone_miner
    mined_block, hash_rate, block_hash = block_mine(block_template, coinbase_message, 0, address, None, debugnonce_start)
                                         ^^^^^^^^^^^^^^^^^^^^^^^^^^^^^^^^^^^^^^^^^^^^^^^^^^^^^^^^^^^^^^^^^^^^^^^^^^^^^^^^
  File "/Users/sreenath/Documents/bitcoin_code/ntgbtminer/ntgbtminer.py", line 493, in block_mine
    mininginfo = rpc_getmininginfo()
                 ^^^^^^^^^^^^^^^^^^^
  File "/Users/sreenath/Documents/bitcoin_code/ntgbtminer/ntgbtminer.py", line 97, in rpc_getmininginfo
    json_out = json.loads(out)
               ^^^^^^^^^^^^^^^
  File "/Users/sreenath/anaconda3/lib/python3.11/json/__init__.py", line 346, in loads
    return _default_decoder.decode(s)
           ^^^^^^^^^^^^^^^^^^^^^^^^^^
  File "/Users/sreenath/anaconda3/lib/python3.11/json/decoder.py", line 337, in decode
    obj, end = self.raw_decode(s, idx=_w(s, 0).end())
               ^^^^^^^^^^^^^^^^^^^^^^^^^^^^^^^^^^^^^^
  File "/Users/sreenath/anaconda3/lib/python3.11/json/decoder.py", line 355, in raw_decode
    raise JSONDecodeError("Expecting value", s, err.value) from None
json.decoder.JSONDecodeError: Expecting value: line 1 column 1 (char 0)
