debugnonce_start:  0
Mining block template, height 828267...
header:  b'\x00\x00\x00 \xb92g\x89\x93`a\x9f\t\xbc\x18\x88\xfay\x9ag\t:/\xbb4+\x01\x00\x00\x00\x00\x00\x00\x00\x00\x00Ry\xde\xb6\x11\xc9{\x19\xa0\xddv\xc4N\x9d\xcd\xe2\xd1\x98\xaf0\x92 \xcd\x0f\x06\xeb\xfd4\x16\xdd\x19\xac\xd6\x82\xbaeZ\x00\x04\x17\x00\x00\x00\x00'
0   6e5a53dbd857e6a31d0383e5e1ab6f32c6d5d3f9bbec9ee94f09f8414b640183   00000000000000000004005a0000000000000000000000000000000000000000
1000000   94b7df9a697f22cdad903572da4ba22c2710f000359271a15fdef01573c86d33   00000000000000000004005a0000000000000000000000000000000000000000
2000000   ce232e9c1572ec77ebe02794cabc681e8cc68b6edbda7b4988dbcb8d172ef3a8   00000000000000000004005a0000000000000000000000000000000000000000
3000000   4f1cc32c61eee24725892ae58a83986fd2088ad3f46c9089152e34fbc45e2efc   00000000000000000004005a0000000000000000000000000000000000000000
4000000   ac097f8018c1388ace2ceaaf8501f231e4b558f9687868497caf5cb6899af347   00000000000000000004005a0000000000000000000000000000000000000000
5000000   834345d34561cc55498231ebeb448fbb9b9a71022cede3533a48e8b0ef197086   00000000000000000004005a0000000000000000000000000000000000000000
6000000   b04deab2fb0048f4060c7871cd9bd1eb7a1eccc6fd3879af7463214eb11c21b8   00000000000000000004005a0000000000000000000000000000000000000000
7000000   446d5dab75a93624f00cc5cc5cf69d93bc9ae01c8ca93683044dd1f735b4e587   00000000000000000004005a0000000000000000000000000000000000000000
8000000   f13e1b9d8f427f3b98b438501ab27d0c2fe119d9f0a789bfb6cb6ab617aefa20   00000000000000000004005a0000000000000000000000000000000000000000
9000000   d8c4bd2353b920a63e5c5e12873cedd5b1153a512df9d1acfd1e07bae6eabb4e   00000000000000000004005a0000000000000000000000000000000000000000
10000000   63a5512dd67c8554b4ee6a9fab424203bf7d580b76e13fb9ef2b2a5124eb989b   00000000000000000004005a0000000000000000000000000000000000000000
11000000   a6aff64bc20e86cb590ad67e23134e489571101391019c8d70dcd0a6a60bff55   00000000000000000004005a0000000000000000000000000000000000000000
12000000   5ed75c261622c9d6dd4776dad27abdb7b01d2766e63524b65040b9fd4213c403   00000000000000000004005a0000000000000000000000000000000000000000
13000000   6e9cb7d6d95baabf994383bac2b36b80dafe359a2db1f73ed7b22b2dd3015833   00000000000000000004005a0000000000000000000000000000000000000000
14000000   9d13b63ec6e27b173977c48420859b9c98336c2a6e574317175a3545509a890a   00000000000000000004005a0000000000000000000000000000000000000000
15000000   d5647ab7503021222c759030a45cb2054511d88135d26a18fccc3e21aa8abb3f   00000000000000000004005a0000000000000000000000000000000000000000
16000000   5253f0868364efac16f6e401e42d3581eb6314585520f0895c3327af7a7e4c69   00000000000000000004005a0000000000000000000000000000000000000000
17000000   ebfb952e985bcffdc3db273a1db094ba44c9e906fe0afb350619dd5ad7527079   00000000000000000004005a0000000000000000000000000000000000000000
18000000   c54ed76b9cd293abc572b3d37a96574ca50af0e5ac4bad500f8f9924538976ec   00000000000000000004005a0000000000000000000000000000000000000000
19000000   62aec3cb02b2b91194aa8e7e6853423a4705bfd3e8dc5a6fac6871f18b764886   00000000000000000004005a0000000000000000000000000000000000000000
20000000   26e74bc324bf1da203c5992e462fe3dec31da3dd633eb840dfc0de2cf19aae39   00000000000000000004005a0000000000000000000000000000000000000000
21000000   b9213799ed68114981c9ebcefe05d31118e2a126b798570d9d7c59bbc1be19e0   00000000000000000004005a0000000000000000000000000000000000000000
22000000   1d65d25d46f40ab250f0f8bae4781023fef6e6a083f385d78f5cc12129f2b949   00000000000000000004005a0000000000000000000000000000000000000000
23000000   ea3d060b8f642e08c1ec237b1de01d44e4e38a25293a0a4dbb07f41881346521   00000000000000000004005a0000000000000000000000000000000000000000
24000000   f69cd53f96e59489b7405d086a4eb807f02f970f945ffd902527cf9b7ead860e   00000000000000000004005a0000000000000000000000000000000000000000
25000000   8dcf4364e77d95e1dda0938099db0b5b86cbaf715fbc904e4519daa3704981b0   00000000000000000004005a0000000000000000000000000000000000000000
26000000   6cd3698f03a1574f2ce4d9b56e936fd8f6b643e6d28d431fe7abc9dd284e68c3   00000000000000000004005a0000000000000000000000000000000000000000
27000000   96240624fd3eececae590b1660bf7bb6c8d1b534faf0429c46dee697292847ff   00000000000000000004005a0000000000000000000000000000000000000000
28000000   0dec1440125c8c51e117e5f947ce44cfa9ae871dc7689dae8770df11ce85d196   00000000000000000004005a0000000000000000000000000000000000000000
29000000   11d9dd814bea31927b043f3129237b10a41abac1680ac5b934fe9bba09d48f57   00000000000000000004005a0000000000000000000000000000000000000000
30000000   afc4c7540743ddc02cdea7af3eef1ce98849046acb4fccec92adcacb46b4f4da   00000000000000000004005a0000000000000000000000000000000000000000
31000000   d15dc267c9e77cdfb85909282117a5ab9b24536936383daec55b12149ad89666   00000000000000000004005a0000000000000000000000000000000000000000
32000000   3561056044d6459e931458e823e2a14acb95d30851d4ee303ae1b95c47765aa5   00000000000000000004005a0000000000000000000000000000000000000000
33000000   1ff5b6f63f02a5fd61770ea0ede04df90e2d8c7c8295661b1d0776d7467ff5f9   00000000000000000004005a0000000000000000000000000000000000000000
34000000   b3818d673da7a667fc63b8c87a5389e48620060adabd4e1a80a651b1c7afa947   00000000000000000004005a0000000000000000000000000000000000000000
35000000   dee2000c2a14eacec5fb3458295379b92f0c4f0b06d5e99a123ca4e36ecb58ba   00000000000000000004005a0000000000000000000000000000000000000000
36000000   52bc961850b903df786d9e792d83befe75012bcd7b025b0309489fc622eb0529   00000000000000000004005a0000000000000000000000000000000000000000
37000000   1892f224b57366a5f616d94f14443f622ecc887179c24637187d6d6d9258f149   00000000000000000004005a0000000000000000000000000000000000000000
38000000   306f2a434707a86712061ab874bf8db1f69b3b23082051f3ec02210291813d3c   00000000000000000004005a0000000000000000000000000000000000000000
39000000   a12b22271b07c19ff3c23152719c46622a3d1a2b1409e823e579964dfc13cb42   00000000000000000004005a0000000000000000000000000000000000000000
40000000   3b267b4f72b67dc2895b489518098c54c0fb85af1347dbabf206a0a5d5d6b7be   00000000000000000004005a0000000000000000000000000000000000000000
41000000   b153ff2b6ebf2cdee730855ef73741a8659afb7e5375f612f817cef38c0fca76   00000000000000000004005a0000000000000000000000000000000000000000
42000000   6a1906cc81a48cf44ea5930badbaff52fee8cfc473bdd6854f0588bb11cd67b2   00000000000000000004005a0000000000000000000000000000000000000000
43000000   39f86498c54865ec24877fc2af4c786917f78299cb1b8fa87b3cdf2e8a1692ac   00000000000000000004005a0000000000000000000000000000000000000000
44000000   1a0b4cf81d9679ae4271983cb5e78b42fcec50ad4cba9ac8b81b1d87b220d9e4   00000000000000000004005a0000000000000000000000000000000000000000
45000000   b4f805e5a4966da11e797dd886310eeb03e1a79ce42f1ec6fa44b9db7e9559ce   00000000000000000004005a0000000000000000000000000000000000000000
46000000   ceb7cdd1ef67f00ef7f7682ebfd05a5201b86c7ad4d724a0ad322a872f0a4348   00000000000000000004005a0000000000000000000000000000000000000000
47000000   c706929ac793ed8f949314db8cafbd866af7168b1d72836044d06eb67c77d298   00000000000000000004005a0000000000000000000000000000000000000000
48000000   ec480990d9a350cddfb2db122a4a47a8b2de21c85eb1b6bd8933d8205ee274c1   00000000000000000004005a0000000000000000000000000000000000000000
49000000   a13dd51bbe90007161aab4fe2e4d5db9bb36f090020d7a5e748d8c40bbeed6b9   00000000000000000004005a0000000000000000000000000000000000000000
50000000   cfa2e387336bdac8639cd871e7adea2871dae57818873fdd539c4390b628f0dc   00000000000000000004005a0000000000000000000000000000000000000000
51000000   aefc8d2c57394e5c530742e63ba3725306f424bd1b20b8a582720179ac9ecd0c   00000000000000000004005a0000000000000000000000000000000000000000
52000000   64a373e461047a30c375f3c42572f0350c6931c12bea09caeef6568c73a57706   00000000000000000004005a0000000000000000000000000000000000000000
53000000   cbd18667072a32aa26fbf207ca03ab7910e3181764a395811f5fd1620c08177c   00000000000000000004005a0000000000000000000000000000000000000000
54000000   4cfddbcba3f3cab91fbe103e1fe101572d3abf675f8b6593d554b2f141720b72   00000000000000000004005a0000000000000000000000000000000000000000
55000000   