debugnonce_start:  1000000000
Mining block template, height 827636...
header:  b'\x00\x00\x00 06\xe7\x83&d\xbd\xbaj\xc0\xd5I.\x00;\xdb\xd4\x1dp@\xafd\x01\x00\x00\x00\x00\x00\x00\x00\x00\x00\x8d\xdf\xe9\x979#P\xaf\xfb\xd4"\xbe\xe9DJ\xa7\x84\xf9\x1e\xc8\xf0\xd0>W\xe5%@\xe4/:\nG\x05\x11\xb5eZ\x00\x04\x17\x00\x00\x00\x00'
1000000000   03acd2d80f9dc4762999601edba0135fa10b0752b0b672b36ecf3d211fef52dc   00000000000000000004005a0000000000000000000000000000000000000000
1001000000   dac9ed17c1a6eddf704b34af606b701cfde8ce95ffcb5dba6a89f4d118b27605   00000000000000000004005a0000000000000000000000000000000000000000
1002000000   7866e1cb595b3db672eb33c97418ee53c75afe121e4aeddc585afda02c29f23f   00000000000000000004005a0000000000000000000000000000000000000000
1003000000   ac75e57d951e03ea98fd88991b88ff406a77508c47d4201dd9ffb0fe9c8ebc31   00000000000000000004005a0000000000000000000000000000000000000000
1004000000   3b6031f8fdb8fc90ef44be3a25522fcf942e3a65eaa24b6ce28a8c3a0a520787   00000000000000000004005a0000000000000000000000000000000000000000
1005000000   0d737bc77084d1e207622e00623c22f4be24e7e7b466ccd03bb1cc6eb2fdb3d2   00000000000000000004005a0000000000000000000000000000000000000000
1006000000   99883182672b8be56e9b72777841a62893becea2caf9fbb869a467352544fd1c   00000000000000000004005a0000000000000000000000000000000000000000
1007000000   e3a6c3a14182123a253340ae540d7d3e29dabc4b03aa482344cdc37694b5e7c7   00000000000000000004005a0000000000000000000000000000000000000000
1008000000   3284643b01b973b2a3234ab5b2c495185d0447703ac98decccb37d084dee4023   00000000000000000004005a0000000000000000000000000000000000000000
1009000000   aa13b0a51f88675e8ae3afecf84f72500b5668f540bb16cde81bb6d00ead551e   00000000000000000004005a0000000000000000000000000000000000000000
1010000000   d6d017a0e3798b2354ea8b9621ab580843132354d8f8b875466bcdb72af167b7   00000000000000000004005a0000000000000000000000000000000000000000
1011000000   d72c6fa866a13f1d59e549d200265b7fac576d94b6dce75d481229db73245970   00000000000000000004005a0000000000000000000000000000000000000000
1012000000   72a5aeb4c57959f356b1711414519372010d65164b371b5b3394be5f21a8fd0e   00000000000000000004005a0000000000000000000000000000000000000000
1013000000   02b5e1aa1fbaedceef7b233583fc277ac7cd0c81e0a9c6172d3c70804f6aa3dd   00000000000000000004005a0000000000000000000000000000000000000000
1014000000   750760eee7c3f3830c2256551ad2fbfd3960543abc77f60eb5ee6550e1fa01ab   00000000000000000004005a0000000000000000000000000000000000000000
1015000000   8d0594854cba85fc62f37594b53ac38333b8dfa97a2ab4c6c043194fd59d8a36   00000000000000000004005a0000000000000000000000000000000000000000
1016000000   23e08bb6308199c50aa600994046f430dc9d6df265d2ba0129de2b280d0d70b1   00000000000000000004005a0000000000000000000000000000000000000000
1017000000   476b41c62d8dac5f01d8709042d98963d69f6026f037fb3a702418984264735c   00000000000000000004005a0000000000000000000000000000000000000000
1018000000   c7309a370f55bed3b6e5d9e3dbeb948d7896bb7522510a89af138a8b60a8e4b5   00000000000000000004005a0000000000000000000000000000000000000000
1019000000   c4547f4a60d92a3a275c39433e43cef07b95bc3c6aef68242b8824cd4404f418   00000000000000000004005a0000000000000000000000000000000000000000
1020000000   41675cdda0a7eac1792e365b60794f68ab5971fe23b09bcd410bd87b8808c5b6   00000000000000000004005a0000000000000000000000000000000000000000
1021000000   f7a973da543f71a3fe2ec0de54aa438446d54c194b56552569476f93df7f27b9   00000000000000000004005a0000000000000000000000000000000000000000
1022000000   4f3f5ff13294f2fe32b1b49ca9eeac703a526572697c1d0aea88516eb63fc80a   00000000000000000004005a0000000000000000000000000000000000000000
1023000000   a9bef26c3a083894e5c0228d53f0f1a238c3915f948bc88b114067c29121b937   00000000000000000004005a0000000000000000000000000000000000000000
1024000000   3c4216b26d9661893e86202d1bd356a366230b84f4b8f423308c25f367092839   00000000000000000004005a0000000000000000000000000000000000000000
1025000000   b259045b6e564b4c3f422b8219ca813f5eb0dfbee8ce367df2be187f9652016e   00000000000000000004005a0000000000000000000000000000000000000000
1026000000   b2062d478e3a245b3236fe0b91b634a20c8ac905dc5ced54d0ef0fda22d25385   00000000000000000004005a0000000000000000000000000000000000000000
1027000000   2418aa3dd9931313109d44745b56a0b34cb90c05a58d60d90f2cf09b9d1425ba   00000000000000000004005a0000000000000000000000000000000000000000
1028000000   c9cfd37843e5648c800fa2e8ed83204957a2489601cae5fbe35c696dbd927a03   00000000000000000004005a0000000000000000000000000000000000000000
1029000000   7d0025583441fb66fe3bc79082f0025c55f16b60fd9100b15b5212477db19435   00000000000000000004005a0000000000000000000000000000000000000000
1030000000   3312f8d7a8726f9188b324e6e90fbbf085797a542e936ed59b9704773b0dcca2   00000000000000000004005a0000000000000000000000000000000000000000
1031000000   bca3880c8bc94da2233fab28b59a26c1404fed9403443c09318b8af7414a9fbe   00000000000000000004005a0000000000000000000000000000000000000000
1032000000   5fb667b0793886f64f824c985f08b75ee52e4589f8dc299dcad31b7a28a1635a   00000000000000000004005a0000000000000000000000000000000000000000
1033000000   fa527cbb8bc4ef16dc644338dbcba697a67e870b911580e8fc76f1e35a3ecaa8   00000000000000000004005a0000000000000000000000000000000000000000
1034000000   43e5c4240d977a73b9b789ae05a1895049aa35f7b77c88bc09d7a16ad5fa276f   00000000000000000004005a0000000000000000000000000000000000000000
1035000000   64d4898026c982bddca88af202ef72be7d280596bbec264c4e43f393a52761d8   00000000000000000004005a0000000000000000000000000000000000000000
1036000000   cf37a2174f61d3bf422afef23ec76a4ae552bf3378960eaac05ca2c9144e052b   00000000000000000004005a0000000000000000000000000000000000000000
1037000000   9db2f90f682711fdf5e99a24131f179c112fad7581673add3156eec8bc7bd0e4   00000000000000000004005a0000000000000000000000000000000000000000
1038000000   25b9a974517030540f2eb39dd8767078a5e930a63d073e2cc7934c4881d8af7e   00000000000000000004005a0000000000000000000000000000000000000000
1039000000   4013f40b1aaacc95b56d3ef1ed9aefe12f5d726aa0f115be3fa299432d67c307   00000000000000000004005a0000000000000000000000000000000000000000
1040000000   9bfdc3f21cbda02ce102eaabdfd6f0449985314e54065971385f271eb39f8c5d   00000000000000000004005a0000000000000000000000000000000000000000
1041000000   64b715567ee2b88851600a6b35ad39ca4a5d2e3f0ff54f965a591808f091eed7   00000000000000000004005a0000000000000000000000000000000000000000
1042000000   f475e633f81c30c847ee5475ddde7b2164627c28b517fc156277177eece523b6   00000000000000000004005a0000000000000000000000000000000000000000
1043000000   b7b53f1da0d509adcd53b17eb1a90c42cc7b97c23aa31004fe9852124abcbf42   00000000000000000004005a0000000000000000000000000000000000000000
1044000000   c7d98d959e7b326a6d9efc0670e02157894e3daa4b50d34575c580c05b1156bc   00000000000000000004005a0000000000000000000000000000000000000000
1045000000   afa8528af458d5b2dd848b2cceac601f5f8574c9a28c9cbb143465e2ca2d0f63   00000000000000000004005a0000000000000000000000000000000000000000
1046000000   a5e2505c5f768b907a1b93ffa7e5d6d7d14dccb6e0d64ab868716d8be4f7c9be   00000000000000000004005a0000000000000000000000000000000000000000
1047000000   d36f741477143fbe8124c419fcf43c54f1c1ed91407187a4df47b1cc2efd55f9   00000000000000000004005a0000000000000000000000000000000000000000
1048000000   b47da810d781e4d959f90016c9e5dd756f97212cfdb7ce0c4b9af677c5417c31   00000000000000000004005a0000000000000000000000000000000000000000
1049000000   13572c8d4c48712a1247343bda38d6e58ed7603600c67451b900db5357290477   00000000000000000004005a0000000000000000000000000000000000000000
1050000000   559dd6edec0c91feb244e1a92d95f32fdb7a13f5a342d6e7c66b372eb8c3d6bc   00000000000000000004005a0000000000000000000000000000000000000000
1051000000   af206649a28d46b36e4629671cead956ce9029b3137a028ad39e330cf4f06efb   00000000000000000004005a0000000000000000000000000000000000000000
1052000000   d305f81e298e54995ad748b87dcad43f444d89a398561a5e84fe34f2f9c37e2d   00000000000000000004005a0000000000000000000000000000000000000000
1053000000   77fbedb10bcccb0d2d35ba8fbcd5c241844c0bdb5f40a0aad909b11381fea829   00000000000000000004005a0000000000000000000000000000000000000000
1054000000   