debugnonce_start:  0
Mining block template, height 827344...
header:  b'\x00\x00\x00 R\x99p\x9d\x0c\x03\xdb\xf9\x1f\x81\x13\x9e\xf9\xf3\xa5\xe5-\xdd\x18\x9d!\xb4\x00\x00\x00\x00\x00\x00\x00\x00\x00\x00O\\\x08T%g\x05\x8c\xc4\xb64-|HV\n\xb3o\x9e\x89\xe6\xd5\xc7\xf3\xa2\x9c.\xde\xb9\xe6\xe2\xd6\xa2\xa1\xb2eZ\x00\x04\x17\x00\x00\x00\x00'
0   d8aed646695dda9a8b6e0ed720259365e4a2e88b0909768bca20832724eb4ae5   00000000000000000004005a0000000000000000000000000000000000000000
1000000   c05b5557e9a8cdce30b6e74f7bf86c7f6c886c004840ff85e5386bb14525bc50   00000000000000000004005a0000000000000000000000000000000000000000
2000000   b8bbb13e7f5c4195701cc49b42a7ae929d48bc672531b936afd1518cafa91145   00000000000000000004005a0000000000000000000000000000000000000000
3000000   dc5a8d66d1489d31ec8524516f9a4b6668fe8e5bf54c86a847ac27b1b461fcd0   00000000000000000004005a0000000000000000000000000000000000000000
4000000   d681bd86cf7e14beea031db8c903e3b7e5c73d8df2c52013838d44e513940c64   00000000000000000004005a0000000000000000000000000000000000000000
5000000   3682dd270260fe838307877ec77f0fe2b63f330a9d66c2cea51009adaea4b786   00000000000000000004005a0000000000000000000000000000000000000000
6000000   a558b90778f9c71d6fbafe860b8c9a566a0abc659be0dffb78b680644ab6ad56   00000000000000000004005a0000000000000000000000000000000000000000
7000000   4f105fdb2779a47f4fda40d1162a904f3fae582ffa88ae2acda8cb5d759eb227   00000000000000000004005a0000000000000000000000000000000000000000
8000000   b93545ac4f9b80e0e85c728c416e255583e00db37ccd46218417672abab1d3aa   00000000000000000004005a0000000000000000000000000000000000000000
9000000   5a829f2f2a6b98b71462fbb9bec8247403f288980f8cd20b12b8f5e6d08c2629   00000000000000000004005a0000000000000000000000000000000000000000
10000000   1ff747faf0a83a0266a0fb4a18c5c3a8c2ecdc785c316cc709ca241d8565c79b   00000000000000000004005a0000000000000000000000000000000000000000
11000000   fdd109d8f738116b9bb24ddf2d24348199327ee2421471ed6c96f7e2d223c750   00000000000000000004005a0000000000000000000000000000000000000000
12000000   a6653a5d47aac207af35909be36a2a74a7c7980f034f3d604778ef798c984b01   00000000000000000004005a0000000000000000000000000000000000000000
13000000   8aaaff43941a78d4a55f8efccfc27f71090b5c559b7a964acac1ea5479ae0921   00000000000000000004005a0000000000000000000000000000000000000000
14000000   724373c6eaf9fcd84951a8df496c42ec9c0b266365f5a6a4db3290d3f57989d6   00000000000000000004005a0000000000000000000000000000000000000000
15000000   7fb1b5f708111fb18c6233bce0761c3d7e652e413fadca9e8b9369ebfa70f120   00000000000000000004005a0000000000000000000000000000000000000000
16000000   8640c1fc9be46a6d1c521e0237158ce3ee383ee9fc01a0fa907fc122c804c2de   00000000000000000004005a0000000000000000000000000000000000000000
17000000   7d8aed83501b43a80ff5bdce1fa1a9ba2539b0b2855fe0dc39627dfb671a2b59   00000000000000000004005a0000000000000000000000000000000000000000
18000000   a29f63397d025ef97f2f0f560002be9f888cfc21966d157cb187e005d6eeb35a   00000000000000000004005a0000000000000000000000000000000000000000
19000000   1cb84731f01e60f9151d80c1793076e883c5797da014d6c44bbb77e6f140546c   00000000000000000004005a0000000000000000000000000000000000000000
20000000   2d4b6d23570c14bf2754fa119c2bb95e90ce2fd5c5e542c55623b81f99921c2f   00000000000000000004005a0000000000000000000000000000000000000000
21000000   eac6ec50b5e5ece59f3c391815f7bc686c92c73055d43483729756abe42532f4   00000000000000000004005a0000000000000000000000000000000000000000
22000000   0ad541f5677b3d823fbfadf899f6ebc471c94c38bbfd1b69d96567f195a49e93   00000000000000000004005a0000000000000000000000000000000000000000
23000000   699eb9e26d49222805099ebd512889da3ddf82082bb07952fc4c522c343da02f   00000000000000000004005a0000000000000000000000000000000000000000
new_height:  827345
debugnonce_start:  0
Mining block template, height 827345...
header:  b'\x00\x00\x00 3\xeeH\xa5`\x1dp\xdc\xdaYl\x9f\x94^\\\xe08{h\x16B\xd1\x01\x00\x00\x00\x00\x00\x00\x00\x00\x00!\xec\xbf5\xcfT\x00\xcf!\x98\x87\x90S\xcd\x16y\xb5\xb8\xa4\xcc\xf2\xa0\xeb=\xa2\x13\xf1\xe0\x1b&\x90r\x89\xa2\xb2eZ\x00\x04\x17\x00\x00\x00\x00'
0   1e5ccc5da8647bf13f2a2d4ca74b6865a1c1c215bd2b5267164b159cb3f05a95   00000000000000000004005a0000000000000000000000000000000000000000
1000000   db5602f5e713126bd6b71c3ba18674c230c86a2dec7fc7b41177803e9103cdab   00000000000000000004005a0000000000000000000000000000000000000000
2000000   0d8aa2a2260c066037960c0b270c2c6e4d11d87f047eeb7c79e6aa30fb3147b3   00000000000000000004005a0000000000000000000000000000000000000000
3000000   9caab2565ae268115e53f3a6f64ff439d62b91907fcae1659a7082eb7d1627df   00000000000000000004005a0000000000000000000000000000000000000000
4000000   33b30047f2ba0b86c137e59dd545a2963005f3cdde0b58d571fce12d4f5291f6   00000000000000000004005a0000000000000000000000000000000000000000
5000000   830eb82df5de1f6d32472ae56371586778edca92db7511ee611bf30aa939e4d3   00000000000000000004005a0000000000000000000000000000000000000000
6000000   d03c79e62a38caaedded661f7a4f3259f50f51931101538e8c178fb9d831d6c3   00000000000000000004005a0000000000000000000000000000000000000000
7000000   cc879b24d48f929fdd66b85f98d3df365e20d8d9dc8e07c253a35260295e2fd3   00000000000000000004005a0000000000000000000000000000000000000000
8000000   5260585dac8b22af2ffaf9dbd35819dfaf1f431dc808e06f8415f9e306b631fb   00000000000000000004005a0000000000000000000000000000000000000000
9000000   0c6fa2da081e3599783b06371a45117ecb615eabfbe05d70377f3d213943fd48   00000000000000000004005a0000000000000000000000000000000000000000
10000000   5858bbfe77a5af6146850bd9005e0b320d29aa7aae3c2f96a2fb14fbc7e1f1a3   00000000000000000004005a0000000000000000000000000000000000000000
11000000   0d1e14d6339089673f2ac1f95963e500ec3ad61ee9767e58085070983c7c5bb1   00000000000000000004005a0000000000000000000000000000000000000000
12000000   f175bfc36635b22532bc0bb3877b3cb6e74569ceade8ba8b59488a193ca6e5e9   00000000000000000004005a0000000000000000000000000000000000000000
13000000   fdc589aa3ffd888168933a87e502eb36d0a1b5eda8ed50dc34425cd978f6f7ab   00000000000000000004005a0000000000000000000000000000000000000000
14000000   be0cf96830312584a3d11c3b925b9a0bac3e6705352c25a195ef7fbc7ecf8de6   00000000000000000004005a0000000000000000000000000000000000000000
15000000   5ef6a9f12929832355e0839e0d6dc5d7a3d681d10e58880fc38fe64be9bbb1fa   00000000000000000004005a0000000000000000000000000000000000000000
16000000   8c90ea510f1219f788256f6f5196b91af4fc1d7afaf42ea5a3dc6f3be27b961f   00000000000000000004005a0000000000000000000000000000000000000000
17000000   214b2b74597a373325e44a0dc988ea6ada93b08e2a870346c5dd8d3a004ee808   00000000000000000004005a0000000000000000000000000000000000000000
new_height:  827346
debugnonce_start:  0
Mining block template, height 827346...
header:  b"\x00\x00\x00 \t8\xe6\x97\xcb\x94!\xeb0\xb8fY\x95\x89iE\x95\xa0P\xa7\xa4\x17\x03\x00\x00\x00\x00\x00\x00\x00\x00\x00p'9\xfa\xb0\x19\x0e\xa0\xc2\xb11\x8d\xbd_\xa2\x00K,\xc9?B\xd5\xbbg\rl\xac\xa2\xdeNW\xad1\xa3\xb2eZ\x00\x04\x17\x00\x00\x00\x00"
0   44c356d927ad0cd5e7252ed45624eae13cf4027d1b89b83fab32fe9130f5518e   00000000000000000004005a0000000000000000000000000000000000000000
1000000   8c931f30ebed911067863339b1bdb0cb900b55cabed36f842a1c8cef15b0a4f6   00000000000000000004005a0000000000000000000000000000000000000000
2000000   863bbc9a4833fe1724736854498826e9381e71bfc06d8d104e4a6a6b150afe0c   00000000000000000004005a0000000000000000000000000000000000000000
3000000   edb10304d3a578e4b9156807a3918def9b46f37ff3ec0fdd3952842a3db64b8a   00000000000000000004005a0000000000000000000000000000000000000000
4000000   99a624d1da06536a5a7c7bdbd9e7ee2dd20659a2af0b628cc07bef82f317679a   00000000000000000004005a0000000000000000000000000000000000000000
5000000   600c97232c3a9eb2942118a4c4d951006469b9283f0778407340c6f4f0fcff19   00000000000000000004005a0000000000000000000000000000000000000000
6000000   f5662578c309be8650853308b3273acd94022f50d4e835f8eaf9cb7b0f638795   00000000000000000004005a0000000000000000000000000000000000000000
7000000   5eef173cc7dfa1fcedbda17f5f5ba3fd92d1b3ddc673c0f9dd5d939b126dddcd   00000000000000000004005a0000000000000000000000000000000000000000
8000000   0f76e3a72495c5bbb81ef0b12cf15ffaaec55e8b08fea64d0c200fa70e2a8951   00000000000000000004005a0000000000000000000000000000000000000000
9000000   68bf8ac448de0f6e1544c309c1593523944eaddfb0f665ef866c2fea7e64ed91   00000000000000000004005a0000000000000000000000000000000000000000
10000000   65606b26d22f02b583647d4dda887b105b4b887e553be93a3109c467ea4f87d7   00000000000000000004005a0000000000000000000000000000000000000000
11000000   02a1d8cbce760e735f7846318f1bf470b22d137e6a1de99f416eebc9ce09b2c8   00000000000000000004005a0000000000000000000000000000000000000000
12000000   a1e31eff80d1b1c3ed7bc12a030f0b9ac0e44372dd7fda9b38f0c2431ed1e0a2   00000000000000000004005a0000000000000000000000000000000000000000
13000000   c705d955bf33d8509ff5c8598aec5d3b4a08c09d95d946808dd0aa8fa68d53d5   00000000000000000004005a0000000000000000000000000000000000000000
14000000   caae5e4818ec3ba73d587a3e027c0eb78e20d52215ca92c0e30ff5986e4f50d3   00000000000000000004005a0000000000000000000000000000000000000000
15000000   d8b62026b24f8bd51f710e3722b9cc3f5fda66cbd2e622e0e227e3bd8c66fa85   00000000000000000004005a0000000000000000000000000000000000000000
16000000   1a4435182c1fa7ca3e6cfce4d43a5b1b34c8c0d43a33bd7501a825b8d64bda9b   00000000000000000004005a0000000000000000000000000000000000000000
17000000   75c1f6a93012f19c8891d58f6da47b73671fe79156b4770d59ba42f1b6fddc1f   00000000000000000004005a0000000000000000000000000000000000000000
18000000   cfb2a3831459b21b9a3ff73f0c3f57e87aedb6183de4bc29b2d4f5b41d4cc2bf   00000000000000000004005a0000000000000000000000000000000000000000
19000000   342e71991114e008bab8e75f0731dc6e8352c058e2aaf75f0dc7ecb29ab83db6   00000000000000000004005a0000000000000000000000000000000000000000
20000000   caa876f08903f8c169acd9af74a4a46c4bbd1d99896105984f6501f705258d5c   00000000000000000004005a0000000000000000000000000000000000000000
21000000   c434d98c361c206e7a1049be0938a98e3ae64157fbda00872a431c68a02b0bdf   00000000000000000004005a0000000000000000000000000000000000000000
22000000   c62b9e27ccf9e82a4a6937c7bc9ee4153b8bed08e7173c04d5d225f7737cfd62   00000000000000000004005a0000000000000000000000000000000000000000
23000000   87984340032142ab30b66ee3a4facb97e75607e584e82136532d15d5e8ba5df6   00000000000000000004005a0000000000000000000000000000000000000000
24000000   80ebfea380ca8a8cd9d63202af05ba471c1385609b3d292b0f1a1c88da2164c8   00000000000000000004005a0000000000000000000000000000000000000000
25000000   aaef943695562cff7e90708963260a779e2f88244cc741bb158d5e045541f423   00000000000000000004005a0000000000000000000000000000000000000000
26000000   b3f96ae9a5ece3fb74873e4dbfbd5b4997bac9504a4b86fac3c6f428931e4efe   00000000000000000004005a0000000000000000000000000000000000000000
27000000   282a21cdea2983ed28d834c4be4db290a42ebf5a4631814794b63fdde5b27a64   00000000000000000004005a0000000000000000000000000000000000000000
28000000   a20bbf5a07c978f3c5be6dcefd20717cf48d30ede4cd190a085b98ddcbf7ff89   00000000000000000004005a0000000000000000000000000000000000000000
29000000   6e3d86d24ecf37c69be5e279a060a7cd9d5b8ebcd88ff1d2630ff169573d0f75   00000000000000000004005a0000000000000000000000000000000000000000
30000000   7d718552f16ae783f7566fa073a155e468269a35eeeccf91b8eeea75d4558343   00000000000000000004005a0000000000000000000000000000000000000000
31000000   6c178f3b3279bed1030673b82683785d49d309fc1b1b2882592eedc6317d886c   00000000000000000004005a0000000000000000000000000000000000000000
32000000   95a57b1c0cdf4624f15fe649177246b2661c85dd31edb989ee5690fc784c0246   00000000000000000004005a0000000000000000000000000000000000000000
33000000   1358b82ec579812b7ea9e5079da09d91db0fe4ce01b6e74d8be73b14e742f4ea   00000000000000000004005a0000000000000000000000000000000000000000
34000000   2e09a2ead19e87e0776904a16266ec1cda5a7e15ea0cc7883446c0dee90aa42c   00000000000000000004005a0000000000000000000000000000000000000000
35000000   17806e9a7805da473afa3dc50aca7975d0e6fc003d75e89c10e9aac41b3e0ffa   00000000000000000004005a0000000000000000000000000000000000000000
36000000   6145ae61671ac97f9ba4f2c875a54a11304347b5db6828efdedaf043b6999175   00000000000000000004005a0000000000000000000000000000000000000000
37000000   fce5b8e01836897f0acf51b135f42792da8ae1fdede91db6a29d787c40550c05   00000000000000000004005a0000000000000000000000000000000000000000
38000000   7af7c2a51c8405a7f83a2b33a21b60bd86b854ed15ffb4345979614fd570e393   00000000000000000004005a0000000000000000000000000000000000000000
39000000   d829b01a8f6a433eafecd6b60182be1ca40411d2488a5291989979273824dd6b   00000000000000000004005a0000000000000000000000000000000000000000
40000000   c5ef1d692c4303c12991506b75b1e56e53d02b739d5f45f3b7d40a0390c57772   00000000000000000004005a0000000000000000000000000000000000000000
41000000   80a81990869e9d1e5277846ced3d64dbc6f8104bbd9c5a7947a93e1494501a29   00000000000000000004005a0000000000000000000000000000000000000000
42000000   d6d831838fa761822c067ab7b6be28335dab85db3b7c23209a6d50ae9f2bd7a7   00000000000000000004005a0000000000000000000000000000000000000000
43000000   f18506a0847b594dd457ce696f925c303395ab764ddcc4049e7dc5ef42def97a   00000000000000000004005a0000000000000000000000000000000000000000
44000000   7cfa81e87d672a18cb75edc90c12fb4f4be6623e72468d5aaa4e78d9feaf2796   00000000000000000004005a0000000000000000000000000000000000000000
45000000   fba14ad7168b6b1243cb97ae12033fb8134d88a4c3067218e6ab06bd14ae7b6d   00000000000000000004005a0000000000000000000000000000000000000000
46000000   73d7e35485375f16bbf340f3f2c4eefe9ede256abf4f105d74ac64d6f0e11622   00000000000000000004005a0000000000000000000000000000000000000000
47000000   d8febad47a040c0501f828471dbe1242a2de32453f2b1c52ba9370cdec5884e1   00000000000000000004005a0000000000000000000000000000000000000000
48000000   4f04ce0b5904036876994fb60a4d17a7c50174f0daeda2ef0557c8478484659b   00000000000000000004005a0000000000000000000000000000000000000000
49000000   cb7364e0fa56e09e5455956a9c16b61f90b700c7ac77578d6a21c22f2ddb7769   00000000000000000004005a0000000000000000000000000000000000000000
50000000   1d654be9d3f4f873bac7e707746aad5acd50e8b408c1156f6483baad97319cdb   00000000000000000004005a0000000000000000000000000000000000000000
51000000   fafbf9da98141eb988428e196bbec7cf8877dad87bb4a6c203fa7d869cf8937f   00000000000000000004005a0000000000000000000000000000000000000000
52000000   94c4bd59b2aabfcd247033ae048325623c4b733b416a695db3c7210af37a7160   00000000000000000004005a0000000000000000000000000000000000000000
53000000   7fdd1cab874fa4297b2d5ff12fee45ae171794e5b6fd80c2cc0a23fb16aa0a18   00000000000000000004005a0000000000000000000000000000000000000000
54000000   a36d2461b387a1a78f01b1d74fc8cc650abedbc2b3b971a2fdc934fc123422fd   00000000000000000004005a0000000000000000000000000000000000000000
55000000   d4fb4a9addcec5572caba922465482d0442f31dd2f183d9bf03bfe1cb30e7336   00000000000000000004005a0000000000000000000000000000000000000000
56000000   33e2d0eb8f27c7a02d413d24fba69c496b7164cf3e88ddeb721ab2aabe722c7c   00000000000000000004005a0000000000000000000000000000000000000000
57000000   7255653c56800eb2f40eb2a685adf19d8701f7a7331c29b8c4196f99d51fe27c   00000000000000000004005a0000000000000000000000000000000000000000
58000000   0fe0d0941d1eefb07c439c89654d0960f2dc55c11044c0acecee5fcd414f942b   00000000000000000004005a0000000000000000000000000000000000000000
59000000   45377bedf3d6de29fad403e77fa2e78af6bccf4c4a69bd1f69f852ae66da6b7f   00000000000000000004005a0000000000000000000000000000000000000000
60000000   7775c825b3aefd16bac44fc262890a864c20216626ba70cf2f8be1146e4261a7   00000000000000000004005a0000000000000000000000000000000000000000
61000000   20569dbe5fe3d702dac88fc92a36ff21c089714c28762ac8cd6eb1e3f99fb54e   00000000000000000004005a0000000000000000000000000000000000000000
62000000   6c7fa5da9fd62404d895a294eb7568683a16ff904be8ebcda647018392f3b1dd   00000000000000000004005a0000000000000000000000000000000000000000
63000000   ec470bf4eceeff44c05f9d5b55ba7896906d2a35632cb49f92e367a14bfad806   00000000000000000004005a0000000000000000000000000000000000000000
64000000   5ab23bb3f012aab7f5126f75677e77895bde69dd29e462deec757e448e6e289e   00000000000000000004005a0000000000000000000000000000000000000000
65000000   3c27680166da93dbc003fa2fc273962bf5753c06590d48dbf6ddfd27c8564806   00000000000000000004005a0000000000000000000000000000000000000000
66000000   fe035b4eccf724eddb8956490d32617428d1b2391045b250b153041a1497213d   00000000000000000004005a0000000000000000000000000000000000000000
67000000   50ee217d5571d8a50910f92a992b8ae7c0d7b598385495a7093cdf0f8f0dd3cc   00000000000000000004005a0000000000000000000000000000000000000000
68000000   ee998d6c65fc331b5013680352b0e362852556123bcb30450e61388f0ecea757   00000000000000000004005a0000000000000000000000000000000000000000
69000000   718bc0ee3809a78a79819c12d6456a3129863135841ae72c10c97e4b1a1b27a0   00000000000000000004005a0000000000000000000000000000000000000000
Traceback (most recent call last):
  File "/Users/sreenath/anaconda3/lib/python3.11/site-packages/pymongo/pool.py", line 932, in command
    return command(
           ^^^^^^^^
  File "/Users/sreenath/anaconda3/lib/python3.11/site-packages/pymongo/network.py", line 181, in command
    reply = receive_message(conn, request_id)
            ^^^^^^^^^^^^^^^^^^^^^^^^^^^^^^^^^
  File "/Users/sreenath/anaconda3/lib/python3.11/site-packages/pymongo/network.py", line 247, in receive_message
    length, _, response_to, op_code = _UNPACK_HEADER(_receive_data_on_socket(conn, 16, deadline))
                                                     ^^^^^^^^^^^^^^^^^^^^^^^^^^^^^^^^^^^^^^^^^^^
  File "/Users/sreenath/anaconda3/lib/python3.11/site-packages/pymongo/network.py", line 336, in _receive_data_on_socket
    raise OSError("connection closed")
OSError: connection closed

The above exception was the direct cause of the following exception:

Traceback (most recent call last):
  File "/Users/sreenath/Documents/bitcoin_code/ntgbtminer/ntgbtminer.py", line 573, in <module>
    standalone_miner(sys.argv[1].encode().hex(), sys.argv[2], int(sys.argv[3]) )
  File "/Users/sreenath/Documents/bitcoin_code/ntgbtminer/ntgbtminer.py", line 553, in standalone_miner
    mined_block, hash_rate, block_hash = block_mine(block_template, coinbase_message, 0, address, None, debugnonce_start)
                                         ^^^^^^^^^^^^^^^^^^^^^^^^^^^^^^^^^^^^^^^^^^^^^^^^^^^^^^^^^^^^^^^^^^^^^^^^^^^^^^^^
  File "/Users/sreenath/Documents/bitcoin_code/ntgbtminer/ntgbtminer.py", line 504, in block_mine
    m.delete("blocktemplate", {})
  File "/Users/sreenath/Documents/bitcoin_code/ntgbtminer/db.py", line 90, in delete
    col.delete_one(query)
  File "/Users/sreenath/anaconda3/lib/python3.11/site-packages/pymongo/collection.py", line 1397, in delete_one
    self._delete_retryable(
  File "/Users/sreenath/anaconda3/lib/python3.11/site-packages/pymongo/collection.py", line 1339, in _delete_retryable
    return self.__database.client._retryable_write(
           ^^^^^^^^^^^^^^^^^^^^^^^^^^^^^^^^^^^^^^^^
  File "/Users/sreenath/anaconda3/lib/python3.11/site-packages/pymongo/mongo_client.py", line 1568, in _retryable_write
    return self._retry_with_session(retryable, func, s, None)
           ^^^^^^^^^^^^^^^^^^^^^^^^^^^^^^^^^^^^^^^^^^^^^^^^^^
  File "/Users/sreenath/anaconda3/lib/python3.11/site-packages/pymongo/mongo_client.py", line 1413, in _retry_with_session
    return self._retry_internal(retryable, func, session, bulk)
           ^^^^^^^^^^^^^^^^^^^^^^^^^^^^^^^^^^^^^^^^^^^^^^^^^^^^
  File "/Users/sreenath/anaconda3/lib/python3.11/site-packages/pymongo/_csot.py", line 108, in csot_wrapper
    return func(self, *args, **kwargs)
           ^^^^^^^^^^^^^^^^^^^^^^^^^^^
  File "/Users/sreenath/anaconda3/lib/python3.11/site-packages/pymongo/mongo_client.py", line 1458, in _retry_internal
    raise last_error
  File "/Users/sreenath/anaconda3/lib/python3.11/site-packages/pymongo/mongo_client.py", line 1451, in _retry_internal
    with self._checkout(server, session) as conn:
  File "/Users/sreenath/anaconda3/lib/python3.11/contextlib.py", line 137, in __enter__
    return next(self.gen)
           ^^^^^^^^^^^^^^
  File "/Users/sreenath/anaconda3/lib/python3.11/site-packages/pymongo/mongo_client.py", line 1246, in _checkout
    with server.checkout(handler=err_handler) as conn:
  File "/Users/sreenath/anaconda3/lib/python3.11/contextlib.py", line 137, in __enter__
    return next(self.gen)
           ^^^^^^^^^^^^^^
  File "/Users/sreenath/anaconda3/lib/python3.11/site-packages/pymongo/pool.py", line 1598, in checkout
    conn = self._get_conn(handler=handler)
           ^^^^^^^^^^^^^^^^^^^^^^^^^^^^^^^
  File "/Users/sreenath/anaconda3/lib/python3.11/site-packages/pymongo/pool.py", line 1714, in _get_conn
    conn = self.connect(handler=handler)
           ^^^^^^^^^^^^^^^^^^^^^^^^^^^^^
  File "/Users/sreenath/anaconda3/lib/python3.11/site-packages/pymongo/pool.py", line 1563, in connect
    conn.hello()
  File "/Users/sreenath/anaconda3/lib/python3.11/site-packages/pymongo/pool.py", line 778, in hello
    return self._hello(None, None, None)
           ^^^^^^^^^^^^^^^^^^^^^^^^^^^^^
  File "/Users/sreenath/anaconda3/lib/python3.11/site-packages/pymongo/pool.py", line 822, in _hello
    doc = self.command("admin", cmd, publish_events=False, exhaust_allowed=awaitable)
          ^^^^^^^^^^^^^^^^^^^^^^^^^^^^^^^^^^^^^^^^^^^^^^^^^^^^^^^^^^^^^^^^^^^^^^^^^^^
  File "/Users/sreenath/anaconda3/lib/python3.11/site-packages/pymongo/helpers.py", line 315, in inner
    return func(*args, **kwargs)
           ^^^^^^^^^^^^^^^^^^^^^
  File "/Users/sreenath/anaconda3/lib/python3.11/site-packages/pymongo/pool.py", line 960, in command
    self._raise_connection_failure(error)
  File "/Users/sreenath/anaconda3/lib/python3.11/site-packages/pymongo/pool.py", line 1134, in _raise_connection_failure
    _raise_connection_failure(self.address, error)
  File "/Users/sreenath/anaconda3/lib/python3.11/site-packages/pymongo/pool.py", line 406, in _raise_connection_failure
    raise AutoReconnect(msg) from error
pymongo.errors.AutoReconnect: localhost:27017: connection closed
