debugnonce_start:  1000000000
Mining block template, height 827636...
header:  b'\x00\x00\x00 06\xe7\x83&d\xbd\xbaj\xc0\xd5I.\x00;\xdb\xd4\x1dp@\xafd\x01\x00\x00\x00\x00\x00\x00\x00\x00\x00PG\xef\xf9\x8b\xedA\x8c\xe0\x06\xef0!\x10\xe32\xaa\x01\xdd\xed\x85\xd8\x8ft\x94\xf9\x91\xed\xe4\xa8\x1c\x9a\x05\x11\xb5eZ\x00\x04\x17\x00\x00\x00\x00'
1000000000   23ce7aaa7380c4f024904a6e0bdf7582b0a0f5f5f35d7b76ab39fb0471eed576   00000000000000000004005a0000000000000000000000000000000000000000
1001000000   d4ab76b7f699494ccbe0231cd9369e22be7e2ab0d8b9f7958b6d9a019a16609b   00000000000000000004005a0000000000000000000000000000000000000000
1002000000   39802c09f9a344f3ad569c4cc6ba29b7060510b4c0e9818a67a310d795cc7e11   00000000000000000004005a0000000000000000000000000000000000000000
1003000000   90f117ea0ecfe0f8dfc521a2b067536a1c90bd843ec1cb6ca6cd3163e378eb8c   00000000000000000004005a0000000000000000000000000000000000000000
1004000000   21a44c5328cd7b69a3c59e84158523786619a7016d53988fd825d32df694909e   00000000000000000004005a0000000000000000000000000000000000000000
1005000000   4c15091866b61bd32cb5fe609122396a64b50d2854b85253a2b2dab5f2357cb5   00000000000000000004005a0000000000000000000000000000000000000000
1006000000   f7b6e06547b61fa924b533c44502a2a3a77abbe142e01f52f06959611127c6f8   00000000000000000004005a0000000000000000000000000000000000000000
1007000000   9ea7609b4cdcef06a7e369593af8d303ceecb81eb5c23d1dc205f7132a166bde   00000000000000000004005a0000000000000000000000000000000000000000
1008000000   634ccdc8a147685d1f2a815b70451129daca198249f259a4f0c90850dab6d43c   00000000000000000004005a0000000000000000000000000000000000000000
1009000000   1307f4be762222e6bcb5420d9e28fa8fa3cea2eef5eba0c34446bfc8792429f3   00000000000000000004005a0000000000000000000000000000000000000000
1010000000   aa7eca16884c198cbd71c90fe946bd52de0f875fece05e08863ed1fd094cc06a   00000000000000000004005a0000000000000000000000000000000000000000
1011000000   3e07eeebeb26497b5b15c1171042f84b306d89088dc8773497713ec46896bd30   00000000000000000004005a0000000000000000000000000000000000000000
1012000000   0ca72f81a9344099e3f6a3612d740c3bf02074491484d03c22887188e0de89ed   00000000000000000004005a0000000000000000000000000000000000000000
1013000000   43520641330206f7987f9947922d39753beb20cb818ff00cf1258afe244ed56a   00000000000000000004005a0000000000000000000000000000000000000000
1014000000   64dfed111c689e0f30c6c2630d0172db984b167a7fe8a3545b92cddd5011cb8f   00000000000000000004005a0000000000000000000000000000000000000000
1015000000   edf96a3797bcc48bcaa415f851cc0291c160cb076d851b3540c397c1fbe7b78c   00000000000000000004005a0000000000000000000000000000000000000000
1016000000   5dd4f1d1a213649846e1aec731f80ab60efc12921eec22f623908007fbfd22f2   00000000000000000004005a0000000000000000000000000000000000000000
1017000000   dbedac564a05686b7cb58cacd9a85d293160f130c5458be345110fabe64808d7   00000000000000000004005a0000000000000000000000000000000000000000
1018000000   de19a9aee928189150285da05e6c4be3729c6ec11d6b276c1927d224c18aa5fe   00000000000000000004005a0000000000000000000000000000000000000000
1019000000   e0a0e2cac94c4d3e9e121f15f01d79cdff3f80185c2fa0c43fd020ff3939b3ad   00000000000000000004005a0000000000000000000000000000000000000000
1020000000   2753a892f464983dab6c5b828656c51b1cce95367bee9ceb23c852bf17be36fe   00000000000000000004005a0000000000000000000000000000000000000000
1021000000   c69af3147075655de220f95561e6f3e093d8677e8a542197dbc532e6612cf043   00000000000000000004005a0000000000000000000000000000000000000000
1022000000   93326739f1c1c59da6246fc0c9547a08e71eca2e8afb7edb67b869702b0d9f8b   00000000000000000004005a0000000000000000000000000000000000000000
1023000000   aa0a58d7447fcd5a32801c157b5c68fb5fbfbc5c4d594ee92aaca434148ebcf9   00000000000000000004005a0000000000000000000000000000000000000000
1024000000   da05c2f6b22e4d48d646ce71187d08bb5d18beac01166c3448e0e438f3538bc2   00000000000000000004005a0000000000000000000000000000000000000000
1025000000   bda9d88fe6c743dc8aef5353a9d3392262c4b2017c1e58a9f29369b50e17cec2   00000000000000000004005a0000000000000000000000000000000000000000
1026000000   24515f25de76c750072a786113e58c5cd2f09e39c90d6bebdf41e35f189025a5   00000000000000000004005a0000000000000000000000000000000000000000
1027000000   335f7b99d5d39f00f7ad6b3638a0e6f593add0ac218ddccefaa85073235debd5   00000000000000000004005a0000000000000000000000000000000000000000
1028000000   90e5e32ef1d8e90518ffdcde81b55e5d5782acb9c54965565907616ad5d93486   00000000000000000004005a0000000000000000000000000000000000000000
1029000000   7e06d81257d66e751f300b6eb6cfc9905ff7caf5df2438266ba3c6e85af101e9   00000000000000000004005a0000000000000000000000000000000000000000
1030000000   9d9e97399cdf38fce9254579232dd07ccf698ca6d974c416b7523c5849b2ff9e   00000000000000000004005a0000000000000000000000000000000000000000
1031000000   c2f763e23a1e8ec1d6a7299e4cfb7a8b7bf57e7a3e271f1d0cb6baccb4f18a33   00000000000000000004005a0000000000000000000000000000000000000000
1032000000   c14931375a6f137a12ecbb88a4c80fa9e5f2c05ceb1d749781e22196c2db7b5a   00000000000000000004005a0000000000000000000000000000000000000000
1033000000   bba9ef400a21ecb3dfa6578beeeb0a9e585d5be225d1e7ad26bcde236fba672d   00000000000000000004005a0000000000000000000000000000000000000000
1034000000   255f17613962d64a305d327c5a57c72a23e52bd32185af70842bf83c842438e1   00000000000000000004005a0000000000000000000000000000000000000000
1035000000   4d3b150a142ca7e939701ec2e2ac36a2e8fe71c3c82207ff6cc722297d9a8b03   00000000000000000004005a0000000000000000000000000000000000000000
1036000000   5352bcd4ffebd994d3a6e3db873c5b28b630c05655ec653a483e7450b2960cff   00000000000000000004005a0000000000000000000000000000000000000000
1037000000   8dc3ded16d90681e2ad9811e9eedc71847feeef86044e33d8c49c65eff5f85dd   00000000000000000004005a0000000000000000000000000000000000000000
1038000000   89ef58716d2c4e3c432d035b60e830ad5d81a7492d57a015edc3376207dc4103   00000000000000000004005a0000000000000000000000000000000000000000
1039000000   b38b47ccafd1b86ac8438c4b164b5220fefd2912589c3756eaee2899114e894b   00000000000000000004005a0000000000000000000000000000000000000000
1040000000   ea00d7a408c452332df7e16c869235c85ea8934b1571c2257375f8273f3210c5   00000000000000000004005a0000000000000000000000000000000000000000
1041000000   8282d97ebd49aba6d649396bc2c1b966bbf5f47af676199afdcb54caab35b040   00000000000000000004005a0000000000000000000000000000000000000000
1042000000   de73bf2d3ef9b668ac73b2c0c4c75d529a8bfbd82633852563eebbdf38dc0cf3   00000000000000000004005a0000000000000000000000000000000000000000
1043000000   b69e8a54399fa5d448b417b7bda9695bb4484badaaefdb2aa30406aec4986924   00000000000000000004005a0000000000000000000000000000000000000000
1044000000   c507598bfbd22d9a88fe0f4f1f17e7eb8ba7ba700926935a2cb0d21029129ba5   00000000000000000004005a0000000000000000000000000000000000000000
1045000000   73cccac5e45fe4eeb3d419af10c9d19b4726a32f3ae442dc435cafeddef274ef   00000000000000000004005a0000000000000000000000000000000000000000
1046000000   1437d1c6fb91ca1a3b24f6d87ed5fc16f6c835d723c76436f9e28cbd58efb693   00000000000000000004005a0000000000000000000000000000000000000000
1047000000   1123986ffb8b0f0de6c1dd5f83677a05405dd3bb0a1f946225cf9309cea70e5b   00000000000000000004005a0000000000000000000000000000000000000000
1048000000   8071e31cd389ada57c4f3a96097d5cc65137e1a0fa174ec5c42f5c0238164157   00000000000000000004005a0000000000000000000000000000000000000000
1049000000   bb326331cf3656256577915d29d8993e361a2d304cd4c5d6b26fc6ada5da0a35   00000000000000000004005a0000000000000000000000000000000000000000
1050000000   5297ce7c0f7c6fa9e7a60313e3a9b492c7c3217f8787a0d7b5932f57e97bb451   00000000000000000004005a0000000000000000000000000000000000000000
1051000000   e788962204beb6623187de84532e12b6e423e4a33622d1f1237efff95ba2068b   00000000000000000004005a0000000000000000000000000000000000000000
1052000000   30fc98faaebcae167d3ff4758a28c94ebb04383a64bcd11f610a9718b3d44672   00000000000000000004005a0000000000000000000000000000000000000000
1053000000   24b0dccce91fb588d41b76bb860f61b6bef0a917388d2321791579f48917a99c   00000000000000000004005a0000000000000000000000000000000000000000
1054000000   