debugnonce_start:  2000000000
Mining block template, height 828267...
header:  b'\x00\x00\x00 \xb92g\x89\x93`a\x9f\t\xbc\x18\x88\xfay\x9ag\t:/\xbb4+\x01\x00\x00\x00\x00\x00\x00\x00\x00\x00t\xf3\x89\xa40V\xab\x17\xdc\xf8\xa3Q\xf8\x98/:\xb0+\xc4+\xfd\xd2"\x8b\x90xAR\x04\x02>\x90\xd6\x82\xbaeZ\x00\x04\x17\x00\x00\x00\x00'
2000000000   a948bb02c0c33bc5fdab73c1a65f5ab20dfadfc02eed98b5d3f5651e0d7ae3a2   00000000000000000004005a0000000000000000000000000000000000000000
2001000000   2b8da01bced50601604312bca35ca073fb2b28e39c196d4df3bd8fc609787fb3   00000000000000000004005a0000000000000000000000000000000000000000
2002000000   fd7af2efa1aa0b8bb254ecb92792c97d7780e456c6dc059553e7ed36da43c523   00000000000000000004005a0000000000000000000000000000000000000000
2003000000   436d625606e567ada2ff60c8c4f0305a16368c485aeab26e99bfc415c8fce3a7   00000000000000000004005a0000000000000000000000000000000000000000
2004000000   5f7403b4223efd7bd76d66896ff3028acb2abf086e1e605e6e8206adb392bb7a   00000000000000000004005a0000000000000000000000000000000000000000
2005000000   0b17439479c5f3c23a1396bbb09e5daebf057a201bf334bf66e3a2e086ef4cc2   00000000000000000004005a0000000000000000000000000000000000000000
2006000000   b98cda4a3841469496c90517ca1d22182c25e3a632a81eefdb80c2067ebae89e   00000000000000000004005a0000000000000000000000000000000000000000
2007000000   cb594e2fc10a65bdd877c0aa38f50c0c9a4b6b6316e6b69956c8492bfc574f07   00000000000000000004005a0000000000000000000000000000000000000000
2008000000   1394638f6b792414646c5b297ea0319cb5f05d6317af1ff574cc1a0304561e70   00000000000000000004005a0000000000000000000000000000000000000000
2009000000   b6e4419da0783352e48667ef42ebfb3af0c32ef45e14f1ea689353595f3d931f   00000000000000000004005a0000000000000000000000000000000000000000
2010000000   9780e4bb595cc522316ea19834c2c706ee58f8f5df658ba52af31196e2e4135e   00000000000000000004005a0000000000000000000000000000000000000000
2011000000   38e7c2b39a2d0047d1f66724f34e3f17dd750e4e520ac389afa7499e96b23d57   00000000000000000004005a0000000000000000000000000000000000000000
2012000000   0116436618a3ab78df7d67d5fc057da4de95dc66d12070dcc242b0c7318d1e53   00000000000000000004005a0000000000000000000000000000000000000000
2013000000   e442dd91ae4258478f431a1e252efec1448db81e255e4c49454c5d135cfe8143   00000000000000000004005a0000000000000000000000000000000000000000
2014000000   eb1a2005f9206bc8cd35a171730fce5579aeb8408bd4f312b90774616a4ca7b2   00000000000000000004005a0000000000000000000000000000000000000000
2015000000   db2b9fc3f1a243dbf204bbc733f4381d1d4535aef41a967081088644c5882866   00000000000000000004005a0000000000000000000000000000000000000000
2016000000   89dafe59dcbe47aaa486c2ee533b1438d408c21c00ce224fe140ac1f5acce354   00000000000000000004005a0000000000000000000000000000000000000000
2017000000   d7f22a7bf5003aa3e5818b30f0c31f5bdb011c48b59b786c43ef1e3a3fed56ca   00000000000000000004005a0000000000000000000000000000000000000000
2018000000   14bf7ad462a14746fbdddfaa8a223079e6040fd2e560db8908f352b3379db3a8   00000000000000000004005a0000000000000000000000000000000000000000
2019000000   e9d59512c180c24fe5276d2692434570f0170f1a6531aeb019faac2b8a6dc484   00000000000000000004005a0000000000000000000000000000000000000000
2020000000   77fb90b4b690c53c478309e1c99a8ed2880c83dc08762831091fde0429669621   00000000000000000004005a0000000000000000000000000000000000000000
2021000000   f64c70cf26096e4a82dcf8df8578244106d6292b4a9c0c6a5c756b2b009acfd5   00000000000000000004005a0000000000000000000000000000000000000000
2022000000   103c6188994944e0463bde95d1b5eeae03cc696ee23c639e29cca62d14b45a50   00000000000000000004005a0000000000000000000000000000000000000000
2023000000   39d3e35dff61bc520a5f8391c013ae2255a85eb1873b9f78ff59a50b6fa8dfa6   00000000000000000004005a0000000000000000000000000000000000000000
2024000000   de61d8d4fd78718e60a72346aa12b58c47b9a3feb79bb435d632d5fa0c60f50b   00000000000000000004005a0000000000000000000000000000000000000000
2025000000   4d52ba51acdfc81e9af8b8ef8ba88f96b4b6292759846f5c5d27a6e276c7e988   00000000000000000004005a0000000000000000000000000000000000000000
2026000000   2dda27abe27d9cbf8706dc7b7d55b9e20ed02ce49e97c41b0a22f15b71d641a5   00000000000000000004005a0000000000000000000000000000000000000000
2027000000   fa982fdfe5dcd4f6fadfbdecfbe4cc4683ffea0ed808f8f44e6960e8b4c5b0b0   00000000000000000004005a0000000000000000000000000000000000000000
2028000000   832f1ee3e7c64ac84690d9428dfd905449f81384cab74937eede1dd1a87da132   00000000000000000004005a0000000000000000000000000000000000000000
2029000000   42c6c7c7ce46143eb5d2301dac32a82f808835d788f0f1f6a9dff64596d91b69   00000000000000000004005a0000000000000000000000000000000000000000
2030000000   58fafc618ddffcd537f8254bb04d21cf93536300b998c4640ca2d03b2532e8c2   00000000000000000004005a0000000000000000000000000000000000000000
2031000000   c408c63b2d11f780c09d50d0647f60d86e8846ec0d18fde5016ed47750dc1b86   00000000000000000004005a0000000000000000000000000000000000000000
2032000000   3ecacb9d867aee7469ac4d2a881707b9206a5a5eea55dc2f627660bb806e940d   00000000000000000004005a0000000000000000000000000000000000000000
2033000000   a32946c2563137da20abf3160d7fe02619881d86fc87624e3f99e43686c2a6ea   00000000000000000004005a0000000000000000000000000000000000000000
2034000000   7697f3c3eebd6ad418ce0367b7fd76cb01bef963f5dfa5b8db6cb8a4ce333962   00000000000000000004005a0000000000000000000000000000000000000000
2035000000   f90d9936991f29d09e6a6599d53fecbbc7e260edb496d95fef28deaf20322572   00000000000000000004005a0000000000000000000000000000000000000000
2036000000   7012ed7c1e09a10c88a97dde18830a95207194a7cb35e839217262730220b36c   00000000000000000004005a0000000000000000000000000000000000000000
2037000000   481f3604a40efd223e822820a1634f5be09104ec730597297d71fe58369488ea   00000000000000000004005a0000000000000000000000000000000000000000
2038000000   b4839bb94cd9782f9d7f6e102baffe839350ccaed749ba72dae7c463ac76ec7b   00000000000000000004005a0000000000000000000000000000000000000000
2039000000   d242de56a5c7cee6d373f29bea529bb1e1d4e48581bf89556493d09ae7012983   00000000000000000004005a0000000000000000000000000000000000000000
2040000000   0019799c14d74b3e2e1d0d6f03fa86f7399c61ddb76b0c0648c07c7c4020c3d3   00000000000000000004005a0000000000000000000000000000000000000000
2041000000   92408023bd1adb5ad04f3bdd4e866c7bf8dfd58107b0207199025d1cc1b5bf30   00000000000000000004005a0000000000000000000000000000000000000000
2042000000   324d6bd49ac3ed6f705ebb27c25216c92da924a693849a951493d24d602bef4c   00000000000000000004005a0000000000000000000000000000000000000000
2043000000   78228ae1c9db65e6e852508e5ac455870d54b16713807d7f272645f6cc2e884d   00000000000000000004005a0000000000000000000000000000000000000000
2044000000   743565061fc442250a528cee4861149a32d084278ee73a3b358b9e4fb702d75c   00000000000000000004005a0000000000000000000000000000000000000000
2045000000   72d1681c7ecbcc99075499e3d7b2a885652215343fa5759583e596cc96c62632   00000000000000000004005a0000000000000000000000000000000000000000
2046000000   6a39956bc8e3208e4529e89438482450aff9eb5699d1c88601b4977da781f52e   00000000000000000004005a0000000000000000000000000000000000000000
2047000000   75eb0c7abbfb5031ff6c91d9f49babd47dc5d8a06e444f5b98aad8320021c260   00000000000000000004005a0000000000000000000000000000000000000000
2048000000   04e282bebc13f97138fa97362777f448221408916890c8e7bb7a558dc5e3ca7a   00000000000000000004005a0000000000000000000000000000000000000000
2049000000   0667d002a628261c16c503ededeec0affce8201d73512cbbccc325a38e33a834   00000000000000000004005a0000000000000000000000000000000000000000
2050000000   e832ca35e67acadef87d1a4c9ad104d63fa65b85d002445af4a9a326cd6c1deb   00000000000000000004005a0000000000000000000000000000000000000000
2051000000   b9794a7101edd704e2b3a63b3f83148423d171eb7f1933ce65290227e97f8dd3   00000000000000000004005a0000000000000000000000000000000000000000
2052000000   480b914b505da5baa29aa6ae2dc9e6d217d74cd908edf75e9c8b6774601854d4   00000000000000000004005a0000000000000000000000000000000000000000
2053000000   b48b535536be9934554e3367807be54c3f3c735ee9c4ee43f2f4fbc097ac3f90   00000000000000000004005a0000000000000000000000000000000000000000
2054000000   