debugnonce_start:  3000000000
Mining block template, height 827344...
header:  b'\x00\x00\x00 R\x99p\x9d\x0c\x03\xdb\xf9\x1f\x81\x13\x9e\xf9\xf3\xa5\xe5-\xdd\x18\x9d!\xb4\x00\x00\x00\x00\x00\x00\x00\x00\x00\x00\xaf\xc0 \xf8=\xecTd\xddOTv\x97\x98\x9b\xe8\xcax\x07\xd3\xa9\x8fK\xb6\xb5\xf6\xce\x9b\x0b}"v\xa2\xa1\xb2eZ\x00\x04\x17\x00\x00\x00\x00'
3000000000   d6ee5fc04ca96555cd211302c1d22f9b4a70713ea3abbe540e1f40b272275e07   00000000000000000004005a0000000000000000000000000000000000000000
3001000000   8cc64c91f31d61056b751c5636e0c7d9ccf7c884a29c28700cd8aa41d996f8fd   00000000000000000004005a0000000000000000000000000000000000000000
3002000000   e16d768fb3f35e1e4dc5486fb8555e46503eb5d3e3f818e84a55aaac9b73fa3c   00000000000000000004005a0000000000000000000000000000000000000000
3003000000   df7c3adeca66c7dc4cf6dbd1eadac84b8fdeadd1f3bf21359ca0addfa20c9d30   00000000000000000004005a0000000000000000000000000000000000000000
3004000000   d7e4bd64e20c990ba4081329af0f9e8131f53ce39f883964a22627328f34a16e   00000000000000000004005a0000000000000000000000000000000000000000
3005000000   e14aa247789e1dfee99d326dc8174c75a27053b88387614e5da7b877eeccc181   00000000000000000004005a0000000000000000000000000000000000000000
3006000000   4e43cc685732103530b6607b3ef92e52caddd4d7885e66d0c5ded67b69836d5f   00000000000000000004005a0000000000000000000000000000000000000000
3007000000   9f7da00e2b61ab54158f68bc1e0d862bf19c61b633b084feff1accdd893a56cd   00000000000000000004005a0000000000000000000000000000000000000000
3008000000   6cb1e52c13566814458b4a800c5e0ab7b19396b4389a88fb1bfadbe57045903d   00000000000000000004005a0000000000000000000000000000000000000000
3009000000   c726e33095360f6eefbefe933ceb7165b09accc2c0c12387a2a6635e1a79fbea   00000000000000000004005a0000000000000000000000000000000000000000
3010000000   76f957357f512e62c7a6071115f29432d1d6d6d1a69339498537d74d5d89d6c9   00000000000000000004005a0000000000000000000000000000000000000000
3011000000   8e39efd2161dcf9a5ca7be1af6a343e74e2ac1e856d1ae0db77e7193516546e3   00000000000000000004005a0000000000000000000000000000000000000000
3012000000   77e6c5bb19557e381e923e2c354c1c78b9bfcdab998453d20e4b4172d6968cf4   00000000000000000004005a0000000000000000000000000000000000000000
3013000000   d74667c54777cca76491ab181d9a43946ee804895256570cc07d0dd6ffb50783   00000000000000000004005a0000000000000000000000000000000000000000
3014000000   0d3c3434ded8107593019619894cad059e46526f98180ebd757da660c7bf0472   00000000000000000004005a0000000000000000000000000000000000000000
3015000000   01b0eb2352ac3c60c9ca188f2bb90b7cf9b1a83e5dc949445c7dac3bcdb10220   00000000000000000004005a0000000000000000000000000000000000000000
3016000000   de343b10963137c306452206cfa7d3ddc7dff6afd21131cb43d174999e830a7e   00000000000000000004005a0000000000000000000000000000000000000000
3017000000   9c272cc7c82bd2b5abe981a974448759c7d4f1ebf46dca5f895bff6a973b6d77   00000000000000000004005a0000000000000000000000000000000000000000
3018000000   c92148d8e7c0a2d3329b9b26b241f7ab4549865e8a62ac01cc727ec35a6c3a51   00000000000000000004005a0000000000000000000000000000000000000000
3019000000   53966e73cad337406ae4166391f19fc9b71bc55926d37839c716214072b9ed65   00000000000000000004005a0000000000000000000000000000000000000000
3020000000   b73739219332035ad9a612a41f11f5dee8a0f0851904118deab3baa6425536ae   00000000000000000004005a0000000000000000000000000000000000000000
3021000000   626a62af83bf3308c37791526b4f03a744cfd0f3bcd32f99a290b0e8ae4ec524   00000000000000000004005a0000000000000000000000000000000000000000
3022000000   269b9d526551214cb14b92d9d4f6527fe5dc599289dc936dab1deeff52b6f8d7   00000000000000000004005a0000000000000000000000000000000000000000
3023000000   d3d76ecc9b9513c6428357e287aef24a271ba1b947cde206642001733f783863   00000000000000000004005a0000000000000000000000000000000000000000
new_height:  827345
debugnonce_start:  3000000000
Mining block template, height 827345...
header:  b'\x00\x00\x00 3\xeeH\xa5`\x1dp\xdc\xdaYl\x9f\x94^\\\xe08{h\x16B\xd1\x01\x00\x00\x00\x00\x00\x00\x00\x00\x00f\xfe\xbb\x91M\x9b\xdc\xf7\xb7\xc0\x10\xb4\xa3\xf3\x08\xda4\x89B:\xb9%\xa2\xa0*\x06s\x8b\x9ei\xd0\xeb\x89\xa2\xb2eZ\x00\x04\x17\x00\x00\x00\x00'
3000000000   655653481f17aad1a4f95ba9f104e1a658069f2378de59c3cf6e35eb1e768c08   00000000000000000004005a0000000000000000000000000000000000000000
3001000000   fcaa5006cf1f82b740e06a120d4a64a889f1a682c1685c02ab3d0746d051336b   00000000000000000004005a0000000000000000000000000000000000000000
3002000000   58702344fd360d03f3cc344e66a266e55faf0589fdcd3ad9b1565715832664df   00000000000000000004005a0000000000000000000000000000000000000000
3003000000   d6d6846efca4ae3711054d25d20725cdf20991ce1d6277416cac64d809cdc272   00000000000000000004005a0000000000000000000000000000000000000000
3004000000   2e8b28e8378c5cc8ea77a1e0785bf6cbe87580ed3da18d770f227cd0ee02f815   00000000000000000004005a0000000000000000000000000000000000000000
3005000000   53715b42a0545a4a94e011f7f7260e5ab0d95f1607388d6e58774a57c7279348   00000000000000000004005a0000000000000000000000000000000000000000
3006000000   a149dc8643cbd4ea5522289747a12996b662df4bdaa1f25f6615dbfcef4038ce   00000000000000000004005a0000000000000000000000000000000000000000
3007000000   b6ab5ddb1b4c9a0cf14c8a9c5bf30e270b500743864ec759c33fda8480273c57   00000000000000000004005a0000000000000000000000000000000000000000
3008000000   79d49323db8240a5e65dd1780e62c2173f2120109edc9ec2d945bf62fee53e04   00000000000000000004005a0000000000000000000000000000000000000000
3009000000   98631a1b646923a5360ebcee67ef577eeb7c20a32ab0b6c9b502da9f68c06517   00000000000000000004005a0000000000000000000000000000000000000000
3010000000   2d2d82fb1a9734379a5d34ddacce92b746f79e21b51655b0fa1b404a7ff00559   00000000000000000004005a0000000000000000000000000000000000000000
3011000000   690ea3bc1e33d01fa1b3d8a6ec5fb893c6f544a1a92e542fb786291d97f0d601   00000000000000000004005a0000000000000000000000000000000000000000
3012000000   2563c9713adb73ef794a7c5b09552ab7df65c5c84ef355b3952585b3126ad1f8   00000000000000000004005a0000000000000000000000000000000000000000
3013000000   b65fed792d77c6e5c998ad706f543588d67b85498f235a57a034c1f2be1de8b7   00000000000000000004005a0000000000000000000000000000000000000000
3014000000   d6869066d57e208e5e066cf4c2334f02635c4ddb9ec691915589edd3db51ce83   00000000000000000004005a0000000000000000000000000000000000000000
3015000000   153d20e24d78af6514a98fe5ea6bbb6b571faca3d700a4b80959ca25a13218aa   00000000000000000004005a0000000000000000000000000000000000000000
3016000000   5f8bf3103f01f05ad3fe37d090227b5edf14bc1ae1a168f53fa94a7e399f4d98   00000000000000000004005a0000000000000000000000000000000000000000
3017000000   2f4b395f64ba74e1bb3cf4ddc37a47a8b78fb3fea7a36e0837870668c8df90c2   00000000000000000004005a0000000000000000000000000000000000000000
new_height:  827346
debugnonce_start:  3000000000
Mining block template, height 827346...
header:  b'\x00\x00\x00 \t8\xe6\x97\xcb\x94!\xeb0\xb8fY\x95\x89iE\x95\xa0P\xa7\xa4\x17\x03\x00\x00\x00\x00\x00\x00\x00\x00\x00\x1fY\x18i\x0fs\xd0\x9ekANo\xce\xbe+Q\x81\x86#\x91\xea.P\xc6\x1e\xd2}\xd9\xb4\x05\x99\xba1\xa3\xb2eZ\x00\x04\x17\x00\x00\x00\x00'
3000000000   467531df2bb91dc5d690cd60d55313a6fc7aa4e4ecc70d51c37a88647d66411c   00000000000000000004005a0000000000000000000000000000000000000000
3001000000   35daece4ead53ce4a6c9094b0b7fa9ded3db5603b9f270e65b011bf7e9f6fbab   00000000000000000004005a0000000000000000000000000000000000000000
3002000000   388f3354067507124431c98851a8f7fd916f10b3071f0c8a899ec17e2e12c352   00000000000000000004005a0000000000000000000000000000000000000000
3003000000   a76659bf9ef1ae99e1e3a54eecf87a6fae4738fb87c416e05d6c26aec78160ae   00000000000000000004005a0000000000000000000000000000000000000000
3004000000   fc10580b599bc186b13a23f53bac895f84bf3cd1029ae4146311876a8e629af1   00000000000000000004005a0000000000000000000000000000000000000000
3005000000   c82e3182ad433538b0975debccca4cb5f3c34470ddd9656c21cf5bba3be08a74   00000000000000000004005a0000000000000000000000000000000000000000
3006000000   ce0c39a1b5a1ffb7f2a1a0970506441cdd1accdcc74cc06fe8157cd9740d96d9   00000000000000000004005a0000000000000000000000000000000000000000
3007000000   b8f1f8f4f2bd0a38330630817f31fd49ef3453abcbedebc0ac7c46a90d94b4a3   00000000000000000004005a0000000000000000000000000000000000000000
3008000000   bf3cc38170118a84b0cfa4f16724da78066dca4aec2c6d936226429d329925d9   00000000000000000004005a0000000000000000000000000000000000000000
3009000000   f7d1e43984987d3534c28ab0d9907ea1b2e8c4e58dc20e56c6e8d70fb085444e   00000000000000000004005a0000000000000000000000000000000000000000
3010000000   e87894194627ce045414f1f5ad1e704f6bb9435a7796c1e50d93fc7dcfb5f6d1   00000000000000000004005a0000000000000000000000000000000000000000
3011000000   1a9de077b357c9e65d59202098777368fdb66a2a38fbb5a3e2c0831dc9b7bb8a   00000000000000000004005a0000000000000000000000000000000000000000
3012000000   4c1e62ad5aec6265e922fc09ed24e9c1c1680b008beddf8252cc1e13a2f54f71   00000000000000000004005a0000000000000000000000000000000000000000
3013000000   2bac14a3350833167671d282f7bc5a7df0bf0f104d4f3d4f621c3bcd7a19b98e   00000000000000000004005a0000000000000000000000000000000000000000
3014000000   f13279755368c31960fca0d1603cf722b28299fc5bd23203fc92bd18a4f6b1c5   00000000000000000004005a0000000000000000000000000000000000000000
3015000000   3c763dbb5e091295c96b477e301a498785fc8246006dd7340818efe147190b54   00000000000000000004005a0000000000000000000000000000000000000000
3016000000   6198e98ed72cfa45c99f11a0acea5570bf1d31a74f3fff854d04012746ae4003   00000000000000000004005a0000000000000000000000000000000000000000
3017000000   a00ce9382e1d4e7fff87f3b5e788f613ece9a3b8454a62ffd1d66fdc1b8ff07a   00000000000000000004005a0000000000000000000000000000000000000000
3018000000   0072eb1871365e5cc586cac9d1a30c49754b57c4ca41ead36ad5860eba14ab67   00000000000000000004005a0000000000000000000000000000000000000000
3019000000   c718644b5154431fdee94efd75451015593492ba4916e6473652d10ee92f27ac   00000000000000000004005a0000000000000000000000000000000000000000
3020000000   d88dcbaae503687f67f76f3120bca6242445f5c7aa7b747293e0a380eb64bdb1   00000000000000000004005a0000000000000000000000000000000000000000
3021000000   0fbddf86e51fa3508933bd05ecdca05b523ad513f33a0504d5edfd4e3dad1b20   00000000000000000004005a0000000000000000000000000000000000000000
3022000000   ff51ef4ea9ce4f54304484289e15430c2eaae82e5cb0a097141dfa1c5cf25734   00000000000000000004005a0000000000000000000000000000000000000000
3023000000   ef926e9f6d9fac5135ab322d037e12d6a324cbd86739d671a3f39955c7a746db   00000000000000000004005a0000000000000000000000000000000000000000
3024000000   4aa0eacf8a2678357a2d605f2e9e3945dd0db2b992a9e8532b228d0a0aae881f   00000000000000000004005a0000000000000000000000000000000000000000
3025000000   d0782ef6dcec9d1d0533380e9a5ed58e327f273f6bb8f3f91766ac640cea9397   00000000000000000004005a0000000000000000000000000000000000000000
3026000000   a4ad08d117e78b797aedd2bacc23e8c8a5ce7db21ed06f9d3787c5af776c85c2   00000000000000000004005a0000000000000000000000000000000000000000
3027000000   8e8318c95f798e651111498314725c0ff8d33547a592d515195013606f8ffc4e   00000000000000000004005a0000000000000000000000000000000000000000
3028000000   c8cc7157dacf78a5724e3988f83273a4e8617360d191d89bbce51e09ce7a17d1   00000000000000000004005a0000000000000000000000000000000000000000
3029000000   f2ad2b744643e5c0f8e6758e2b1544fa2fcb18fc2f849a3920ad1bb967409066   00000000000000000004005a0000000000000000000000000000000000000000
3030000000   b42131375a17e09974c6460869c984b42106509ba5a5a480f283232c6402dcb9   00000000000000000004005a0000000000000000000000000000000000000000
3031000000   ed3c25ed6492353f7466432b7c2786e474b9af989f71ab06284582b1da5bb0b9   00000000000000000004005a0000000000000000000000000000000000000000
3032000000   379713da4563f461283dc49d255fe0573e4a43d9c26d4f84766d5c1fff081a1a   00000000000000000004005a0000000000000000000000000000000000000000
3033000000   3e9899adf3100cd797449927e0c30e36eba65f58851c6a5b79e982971ea97b90   00000000000000000004005a0000000000000000000000000000000000000000
3034000000   ef6cf0c5aa62ea8182caa1ea1e54e6664e5983746523138dd4490f699b58ab33   00000000000000000004005a0000000000000000000000000000000000000000
3035000000   ebfab613002d2b99f20ad6433d0566492ba0fddc240dbc979ed1f60020ec0c08   00000000000000000004005a0000000000000000000000000000000000000000
3036000000   309630ba2b3c7cbda6c302a844bfbc5dc105f7c305d204e37ac7c7a22fda3c57   00000000000000000004005a0000000000000000000000000000000000000000
3037000000   9108f1abacf6e01ee9a181198c2c3cd9ac57151a71c37e32c16072332c4d2a4d   00000000000000000004005a0000000000000000000000000000000000000000
3038000000   e7d6ba903e9e488633fce431aa1a17ac5476fd4c6ed3d215a86a21ab3e470abb   00000000000000000004005a0000000000000000000000000000000000000000
3039000000   62681dde447d4b91f643d60827d93f6cd9895d1f1ea8a261bb0179a4a1ded9cc   00000000000000000004005a0000000000000000000000000000000000000000
3040000000   683cef32bb5e4c5d2f14d26e092b4db576516e679eeb1d91567c97509b64782b   00000000000000000004005a0000000000000000000000000000000000000000
3041000000   5afe5681fda52e552111dacf0608418573266b86ca0f117b0dbc1d0a0c6426d0   00000000000000000004005a0000000000000000000000000000000000000000
3042000000   e4d659a1d427641e00e3fdec10f5e36491d6ebc3d9d321cc20afa29cce1d4750   00000000000000000004005a0000000000000000000000000000000000000000
3043000000   d63bd29b1920c889a5b61af8a69cdbb5f4762f6519290146ed419c39f16ec466   00000000000000000004005a0000000000000000000000000000000000000000
3044000000   437ecc7298877d435332136371f8de748c79d58dd2027b7831f684aa561bcba0   00000000000000000004005a0000000000000000000000000000000000000000
3045000000   f946be95c737e994517ed6fdfcbff042b0dbee33c58f8afb997c6881648580ef   00000000000000000004005a0000000000000000000000000000000000000000
3046000000   e5bf96e9a2f9ed8c886570b6bd03e39a11e0cc582b37ba9d23803880d01d55b9   00000000000000000004005a0000000000000000000000000000000000000000
3047000000   b31745d9d89c1971cb2bfb096c99ecfef1a7c526b580dd94d4c10eee1a94e3d3   00000000000000000004005a0000000000000000000000000000000000000000
3048000000   07d6e9343ce468bbedeb5473cf7d52ea24273e510db310a515cefae6cc4e1252   00000000000000000004005a0000000000000000000000000000000000000000
3049000000   89d4d9a3fdd13cb9bf038d8ef24e0856e87091e7c6d055c0850531731433fcaa   00000000000000000004005a0000000000000000000000000000000000000000
3050000000   832e15a76a68fbd7a872526ee53c47fb0fee47367df02de602989a2355805251   00000000000000000004005a0000000000000000000000000000000000000000
3051000000   f0d23a81336bd383276e331aa65767adf3cc63f7089a107b861231ecb64e7a37   00000000000000000004005a0000000000000000000000000000000000000000
3052000000   9cef5f7ea2767f3f489c9e5bfb02d0e32eda293b7c98a4a0afbc317fb25b7846   00000000000000000004005a0000000000000000000000000000000000000000
3053000000   a433f274341586fa36c33f70ec5d5c1df38b0255837c322ab964e6f5e046a3e5   00000000000000000004005a0000000000000000000000000000000000000000
3054000000   9f86f1d1a1189423765204fd58f177a5dad221d0c72f814f5cbb4710ea4afa5a   00000000000000000004005a0000000000000000000000000000000000000000
3055000000   0b0e8254c9662cbede76bab890b81abe11df66f1fa91955470e7f1a7c50ca15d   00000000000000000004005a0000000000000000000000000000000000000000
3056000000   edddfcf388fa642c09fe3eb9490d948bc9cb48b42e7d5ed90a6405f188644b28   00000000000000000004005a0000000000000000000000000000000000000000
3057000000   ad77d80013d0fd3cb012029d0ea6867c0de979fb5b67cd88d99393fe7ce5a938   00000000000000000004005a0000000000000000000000000000000000000000
3058000000   f6a76e0bd901f7f2b3da0f2ec090ac70d67b4905217345cb985e9f8f963aad3c   00000000000000000004005a0000000000000000000000000000000000000000
3059000000   7f8a809323156cbea417014869cccf4544c3b890a3c90a24143f1135ddde5206   00000000000000000004005a0000000000000000000000000000000000000000
3060000000   3bdf989e892dc6acb9db586903af752155668ba1d2dcf223b7e4a29bd34f120c   00000000000000000004005a0000000000000000000000000000000000000000
3061000000   26d2ee8a8cfb85d145800fba9e32d2d1163d0194a4dc534ae940c590d3ac583f   00000000000000000004005a0000000000000000000000000000000000000000
3062000000   29c9ddb71b733427f4f58738d2868cf9ca7709adff8f1ec74f9a45a8dac2afb0   00000000000000000004005a0000000000000000000000000000000000000000
3063000000   04d67675ee21ae667b3d0d9ee13a0ace9daa1a1d6cfa88f66466518b43d1531f   00000000000000000004005a0000000000000000000000000000000000000000
3064000000   2930096f982ec168feb8b358a99bf90ebc7f3edaaa33260135636115a327a606   00000000000000000004005a0000000000000000000000000000000000000000
new_height:  827347
RPC_URL: http://127.0.0.1:8332
RPC_USER: sree
RPC_PASS: admin
Traceback (most recent call last):
  File "/Users/sreenath/Documents/bitcoin_code/ntgbtminer/ntgbtminer.py", line 573, in <module>
    standalone_miner(sys.argv[1].encode().hex(), sys.argv[2], int(sys.argv[3]) )
  File "/Users/sreenath/Documents/bitcoin_code/ntgbtminer/ntgbtminer.py", line 549, in standalone_miner
    block_template = rpc_getblocktemplate()
                     ^^^^^^^^^^^^^^^^^^^^^^
  File "/Users/sreenath/Documents/bitcoin_code/ntgbtminer/ntgbtminer.py", line 85, in rpc_getblocktemplate
    out = rpc("getblocktemplate", [{"rules": ["segwit"]}])
          ^^^^^^^^^^^^^^^^^^^^^^^^^^^^^^^^^^^^^^^^^^^^^^^^
  File "/Users/sreenath/Documents/bitcoin_code/ntgbtminer/ntgbtminer.py", line 58, in rpc
    with urllib.request.urlopen(request) as f:
         ^^^^^^^^^^^^^^^^^^^^^^^^^^^^^^^
  File "/Users/sreenath/anaconda3/lib/python3.11/urllib/request.py", line 216, in urlopen
    return opener.open(url, data, timeout)
           ^^^^^^^^^^^^^^^^^^^^^^^^^^^^^^^
  File "/Users/sreenath/anaconda3/lib/python3.11/urllib/request.py", line 525, in open
    response = meth(req, response)
               ^^^^^^^^^^^^^^^^^^^
  File "/Users/sreenath/anaconda3/lib/python3.11/urllib/request.py", line 634, in http_response
    response = self.parent.error(
               ^^^^^^^^^^^^^^^^^^
  File "/Users/sreenath/anaconda3/lib/python3.11/urllib/request.py", line 563, in error
    return self._call_chain(*args)
           ^^^^^^^^^^^^^^^^^^^^^^^
  File "/Users/sreenath/anaconda3/lib/python3.11/urllib/request.py", line 496, in _call_chain
    result = func(*args)
             ^^^^^^^^^^^
  File "/Users/sreenath/anaconda3/lib/python3.11/urllib/request.py", line 643, in http_error_default
    raise HTTPError(req.full_url, code, msg, hdrs, fp)
urllib.error.HTTPError: HTTP Error 503: Service Unavailable
