debugnonce_start:  3000000000
Mining block template, height 827344...
header:  b'\x00\x00\x00 R\x99p\x9d\x0c\x03\xdb\xf9\x1f\x81\x13\x9e\xf9\xf3\xa5\xe5-\xdd\x18\x9d!\xb4\x00\x00\x00\x00\x00\x00\x00\x00\x00\x00\xdc\xda,\xe3`\x01=\x826\xcfO4\xd2\xd1\x88\x94\n\xc0O\x81\xa9#\xb2\x0c\xdf\x97/\x1b\xd3._\xfd\xa2\xa1\xb2eZ\x00\x04\x17\x00\x00\x00\x00'
3000000000   7076cf52d6be3ab51e5c4943ba9936900a5fed1bb10bd0f1906e7f4a59762288   00000000000000000004005a0000000000000000000000000000000000000000
3001000000   8464d5d035e96d13900e29691291b189a64f1b86c48360c31c0badafbe02ee44   00000000000000000004005a0000000000000000000000000000000000000000
3002000000   aeb5ed44d821e8bb57c425319a6cc8c3d315bc8e4ee4e409697a02b6da36f9d7   00000000000000000004005a0000000000000000000000000000000000000000
3003000000   2bbcadc4a66d1ef25bbc8f412ce695ad5c23d241cfb8da1c975e8e058773eb85   00000000000000000004005a0000000000000000000000000000000000000000
3004000000   511b8094de38d25eec26b2a852a637fd491ed39aaf73e22f77d66812feb1ef83   00000000000000000004005a0000000000000000000000000000000000000000
3005000000   df49726f51f43ea79c2d4cda32441200601eed1e53f2d0ad12afaa31c04b8ff7   00000000000000000004005a0000000000000000000000000000000000000000
3006000000   6300e465f7f12d103178c5213c6b4a1ff10dc9a55898c27f0ed77a61da88df38   00000000000000000004005a0000000000000000000000000000000000000000
3007000000   fd9c6badf113464201c3b2e8e72750d56c8d2a90e146d830bcd0405c74ee2088   00000000000000000004005a0000000000000000000000000000000000000000
3008000000   c1593af4e345c9214c544f398d09f7af9c901bcfc7ca5a75659fdaf23dc27a33   00000000000000000004005a0000000000000000000000000000000000000000
3009000000   cd6a76200bce7215c95e59925e7cf0ce4f0f4b0aef920583ac5571ac2e7d978f   00000000000000000004005a0000000000000000000000000000000000000000
3010000000   61e46ef1bae582c16a5349672e5c8a110250b9df0f8df300ab3ec277c0b687ab   00000000000000000004005a0000000000000000000000000000000000000000
3011000000   6cccbf197b45e5590dccdb6a054908215d87399b9b60e8124a6c7981662ec349   00000000000000000004005a0000000000000000000000000000000000000000
3012000000   05ef26cf37834b6ee28fb3084c6f8bd54398d42520be02fa177cdb22a4f30129   00000000000000000004005a0000000000000000000000000000000000000000
3013000000   033e29d97cc249287bbf520d4109a534fa1a8ae78e9a609960d624d9f377270d   00000000000000000004005a0000000000000000000000000000000000000000
3014000000   b7388ba3980aa78cd43b92abc047d53bb32ceb7ccef1b36dc2c0040d1d06c561   00000000000000000004005a0000000000000000000000000000000000000000
3015000000   c1eeb0c9a93b1fb6a168ed3d5d946535d934120cd533dd7c128822c3244e7229   00000000000000000004005a0000000000000000000000000000000000000000
3016000000   4573c4fb0c4ceda6b24cee004aaa9a9296163f13e239992bdbaaa4dfc860623e   00000000000000000004005a0000000000000000000000000000000000000000
3017000000   de2b63416e0b9a4b3b86e032659b0a58720ee9f3a71f50052cab5215811b2536   00000000000000000004005a0000000000000000000000000000000000000000
3018000000   a1424f2fa89413e929b7741a3cb7f8dbee86b1e9a8f982f50863317f5f4ea4b6   00000000000000000004005a0000000000000000000000000000000000000000
3019000000   47fef3a72836abddc83909d17d5ede3ff1d1b6687c0ca035432cce8f8e48b87c   00000000000000000004005a0000000000000000000000000000000000000000
3020000000   e395e257be9adab1380e0262dbac3f0b21c3c671d95a79901037a17d668902b6   00000000000000000004005a0000000000000000000000000000000000000000
3021000000   c4ea1ec0cbd6f48a27626ebf78348d75da4ab271ce3a399c617bff25fa8065eb   00000000000000000004005a0000000000000000000000000000000000000000
3022000000   1f5a5947a7bf2b94e5a094ed5380245b3685663dbcef906532a2c2fdac99f4ae   00000000000000000004005a0000000000000000000000000000000000000000
3023000000   b1ebecb6ec7194d07216b90916081783afdc2b6aa27dfb1ad48df741bdeacf99   00000000000000000004005a0000000000000000000000000000000000000000
3024000000   26863c3cb4afe35b13642d4ba7be5b874f9e4b8d79acc344ff8d14e0107bb74e   00000000000000000004005a0000000000000000000000000000000000000000
new_height:  827345
debugnonce_start:  3000000000
Mining block template, height 827345...
header:  b'\x00\x00\x00 3\xeeH\xa5`\x1dp\xdc\xdaYl\x9f\x94^\\\xe08{h\x16B\xd1\x01\x00\x00\x00\x00\x00\x00\x00\x00\x00\x93\xc2\x9f\x15MC\xd7$\x92\x10\x99\xdd\x85b)\xec\x9b\xc6\xc3\x16\xa9]\xda\x92%6\x94\xb8\xc4\x92\x8bZ\x89\xa2\xb2eZ\x00\x04\x17\x00\x00\x00\x00'
3000000000   b446a9cccaff8f318164d967f7a803933c33ef237aacdc4589c85dfb387c7a78   00000000000000000004005a0000000000000000000000000000000000000000
3001000000   a6054210a2b89199a9415aa3dda9d7087f7fc44fbb7dafb489ad5a99f0670846   00000000000000000004005a0000000000000000000000000000000000000000
3002000000   10a7d6100f1aee75019a99400ab76679ba4aeae0937e3aac5842c4d079732f9e   00000000000000000004005a0000000000000000000000000000000000000000
3003000000   f3e7bc4446c49efd4231b845a413d372b65bfa3657b2a90633b47491dabba0e2   00000000000000000004005a0000000000000000000000000000000000000000
3004000000   ea3a497c1d44e29d7c3f5dff11d08680fb49354d5c7998317d7349ea35e8b8e5   00000000000000000004005a0000000000000000000000000000000000000000
3005000000   6c36b71e9f10d36baf68e019f87003f10c852c7cd26149b0cc1063fd174b4752   00000000000000000004005a0000000000000000000000000000000000000000
3006000000   d71919f6ac3fa03d6887503aa265fd0139f7d74057705aaa08f8484e5c04ebc6   00000000000000000004005a0000000000000000000000000000000000000000
3007000000   27090edc7761b9a40a52529ab37a11cc454642a0a3aa88a674b33545b01b2d09   00000000000000000004005a0000000000000000000000000000000000000000
3008000000   caa0d9bf23e8c26c4b4dac26419507daa84551933755b76b76a42b7c85516b36   00000000000000000004005a0000000000000000000000000000000000000000
3009000000   28157b1fb0dfe3c165f04a96b537d5ba4452b00e56f4b031e7d5cafbc89de0ff   00000000000000000004005a0000000000000000000000000000000000000000
3010000000   479e85af47ee8bc032be395c0ab550d49696eecca8d44abc643e084c2c5c1774   00000000000000000004005a0000000000000000000000000000000000000000
3011000000   78535a538639eefe02a9bcdd830b427df4fcc9c7677da47660301f651ed743b2   00000000000000000004005a0000000000000000000000000000000000000000
3012000000   b17e76c207dd0ffb1d0daeec3f910fa319bb03e8c671a49585c18be7cd0a397d   00000000000000000004005a0000000000000000000000000000000000000000
3013000000   67b593b27c9aef23c7705b064319bdb7c05bf23b9957f5e53fc4ca6ff51532a2   00000000000000000004005a0000000000000000000000000000000000000000
3014000000   b62c0196707318d2c0828bea4fec3637782f46fc7951f88ed2d5c4219c3250e4   00000000000000000004005a0000000000000000000000000000000000000000
3015000000   9829424a751ffa7e09afdcff95effc3febbca706fd11397e66bce856206016b5   00000000000000000004005a0000000000000000000000000000000000000000
3016000000   94bd870d3733196af0f373acf8fb5428c9d34e8505c3331db5c67199b33c9d09   00000000000000000004005a0000000000000000000000000000000000000000
3017000000   24d9390322c5122d2b34b3a944d031e585534ad1f2e3c72d6ddaf915b48c09e0   00000000000000000004005a0000000000000000000000000000000000000000
new_height:  827346
debugnonce_start:  3000000000
Mining block template, height 827346...
header:  b'\x00\x00\x00 \t8\xe6\x97\xcb\x94!\xeb0\xb8fY\x95\x89iE\x95\xa0P\xa7\xa4\x17\x03\x00\x00\x00\x00\x00\x00\x00\x00\x00s#\x84\xbfU\xf2\xbbE\xab]3\x8fN\rEE8\x91\x9bP\xe4\x90\xc4>sh\x7f\xb1V\xe3\x94\x161\xa3\xb2eZ\x00\x04\x17\x00\x00\x00\x00'
3000000000   4389f8943114f185f0e9718d0e44acdb2ccb940c4cc0b6383bf8430fd04f0860   00000000000000000004005a0000000000000000000000000000000000000000
3001000000   f64359265733d4c0a2cbdfcc6117648c81218e6c479da3936669db392609cecf   00000000000000000004005a0000000000000000000000000000000000000000
3002000000   cbf30d28abbda3e519da21e4339a0c44139ae342f94497a7e15c5256dac72356   00000000000000000004005a0000000000000000000000000000000000000000
3003000000   582c5dfcb3fa52718a601feb9c69bbe484b28de9c415afb75c592a9628484a01   00000000000000000004005a0000000000000000000000000000000000000000
3004000000   1f41653a3b9f8c573b597442f3040bb7e4377fe469879b9210660584a6b42483   00000000000000000004005a0000000000000000000000000000000000000000
3005000000   2bcae54bc653754915e80ed628f2a139db69e4fc679029de70664670225b199f   00000000000000000004005a0000000000000000000000000000000000000000
3006000000   2117335a6cfa9cf7bcc70948a57d3ab508221cc69502a108efcdf57ca4ef971b   00000000000000000004005a0000000000000000000000000000000000000000
3007000000   ce6766c25edd88b97c314cfd4712e53c264262fdc6c675f2abfcd2386c6648f4   00000000000000000004005a0000000000000000000000000000000000000000
3008000000   67f79d6ec7b259d0d1deaaeaf12e609edfc1a5861ea817f6e960d42092b0ea37   00000000000000000004005a0000000000000000000000000000000000000000
3009000000   3c67e7fcd6cd03c812653cda7449e0d51dcc82cc244b597a8aaf3e35d3547c6a   00000000000000000004005a0000000000000000000000000000000000000000
3010000000   5d5d1c23ceb3f451ac7281bf022925c3dc5a718cd411cb18671ea60d553efd5b   00000000000000000004005a0000000000000000000000000000000000000000
3011000000   68faf8dd706695d93dcb7fd623b86f5009d1dbd6d80519f5433c2de10fc5dc79   00000000000000000004005a0000000000000000000000000000000000000000
3012000000   c05c4cba846119eb207e35660d246684f4b172223878d4bcc42e1c3d1c002ba2   00000000000000000004005a0000000000000000000000000000000000000000
3013000000   19b56757b30faf5919f209070b90ae44ee2b89c8472c23564fbdabe6f8be3cae   00000000000000000004005a0000000000000000000000000000000000000000
3014000000   af09703892fbfa2295740d403cad1ace05873f74f24a507537f02f927e6f4680   00000000000000000004005a0000000000000000000000000000000000000000
3015000000   7884469eaa16b0fa436409a0f20dd55b0b96fae4150b80bf896c760027c46fc8   00000000000000000004005a0000000000000000000000000000000000000000
3016000000   f73116a8f08bbdb8eb14836bab46d4456af176f6018e3017148257cdd52f012c   00000000000000000004005a0000000000000000000000000000000000000000
3017000000   6527c9e79fe6703f94403adaf27d1e724a56ee2515911f964689ef81c76a93c1   00000000000000000004005a0000000000000000000000000000000000000000
3018000000   d443201f442df551514b59a3ab97ad226f72fbe28ecd5e5c7deb1c406542635a   00000000000000000004005a0000000000000000000000000000000000000000
3019000000   f2705effe08aff2bad4f54f5e6a606ba3d55248f6a02785f763c94417b519697   00000000000000000004005a0000000000000000000000000000000000000000
3020000000   9f3f4bdaff5080c6e1f761727dd5ca69d63454ee186fc88ca918dffb3aeb9c93   00000000000000000004005a0000000000000000000000000000000000000000
3021000000   4610162751a8d198da00fc1101b845c293cc019e09fa19e3401037b98bbe3b46   00000000000000000004005a0000000000000000000000000000000000000000
3022000000   fe165422c1d4bc6ab73e17db9a1bb597fc57c4e9cc79b051251e185a45dad394   00000000000000000004005a0000000000000000000000000000000000000000
3023000000   72cdf1614760d62313a5de20139af207eb607dd26cea52bb60f50b27681bfa3b   00000000000000000004005a0000000000000000000000000000000000000000
3024000000   e4604639af9066690591f0100242a8776c734f8509b81f122b82c11e141be8ec   00000000000000000004005a0000000000000000000000000000000000000000
3025000000   b8cdd5a690128e44967215d3f33ba6942f4713eab8860ec2042008db50ee3021   00000000000000000004005a0000000000000000000000000000000000000000
3026000000   8f970ee002211b5a9e1790f418375e9a1c3dd6bdd7f8dc6c655c26fdaf95c293   00000000000000000004005a0000000000000000000000000000000000000000
3027000000   93985c6bdcc66b5d3c8cdbf76e5fd45f73e1f4669bed35cd3174cb056e7f3e3d   00000000000000000004005a0000000000000000000000000000000000000000
3028000000   b19537e14307121d5bc8e9dd36a54f36b1ef3a5c03411850ba17fe6623c8b5af   00000000000000000004005a0000000000000000000000000000000000000000
3029000000   57aa71ed2fda35804c34de81918056365cadb62b81bf76aae927e2f502921c18   00000000000000000004005a0000000000000000000000000000000000000000
3030000000   63852e8f57ae92005179068b27d14a532ced7705e71d7e81e2185e66a4a1f3a6   00000000000000000004005a0000000000000000000000000000000000000000
3031000000   2bf94b73f516be7cab5adb5bbdbb85243e6ee601ec2a589b10ca5e8a0a6e031c   00000000000000000004005a0000000000000000000000000000000000000000
3032000000   20a7f7197276eb9226a246792eaa29ef7cd120249824d62da705b49d179c6158   00000000000000000004005a0000000000000000000000000000000000000000
3033000000   b4e486fa130bd9b66ad224c6cf511e9a8b280b95e0c0b99e9ee57c1bc364b172   00000000000000000004005a0000000000000000000000000000000000000000
3034000000   992390990fd8507d47c5791cd0a521175aa15a43ff235c93d0a398f32875fdae   00000000000000000004005a0000000000000000000000000000000000000000
3035000000   2433b2ca41e3fe0219ea43c9cd9b08c6eb7c6baf6708a2a0842e0f8bb210336c   00000000000000000004005a0000000000000000000000000000000000000000
3036000000   732766d696b1010762f59c547d75ce12241248776f3c4b1d2590d51a6c6291b1   00000000000000000004005a0000000000000000000000000000000000000000
3037000000   87d16130f112dc6766778db084e933fe34962dda363759188dce66ad71395c99   00000000000000000004005a0000000000000000000000000000000000000000
3038000000   3e11e43e027a937ad4255c786db9b2f157b62b6fa1cb3df2c8dea4fb950fb6a5   00000000000000000004005a0000000000000000000000000000000000000000
3039000000   a0de018973306eb0ae9fcdaf8ff7107a7bd4cb17346d97508c7a0206e42e30e4   00000000000000000004005a0000000000000000000000000000000000000000
3040000000   6c1c530e9a63d6b0439117a73fd2bf1b7903b8390da87d7ecac67f78bd630838   00000000000000000004005a0000000000000000000000000000000000000000
3041000000   8214e706e4c4fb7ffda101236ba9a02c42bb0da680c63c735f5045725a028754   00000000000000000004005a0000000000000000000000000000000000000000
3042000000   4e11e0b3aae332d3c5051e215d3d444cffa55e884bcb3fcad84f7e891f945073   00000000000000000004005a0000000000000000000000000000000000000000
3043000000   8c83a33db794826c4c9c9a3a25c44911b29ad644b3c8e306b4a823330e4861ef   00000000000000000004005a0000000000000000000000000000000000000000
3044000000   ce32412823c7267c18d2cdaecaad8866f1062607a826ecb257bc513f6999502b   00000000000000000004005a0000000000000000000000000000000000000000
3045000000   5b9726c97ca2627420a533b48561e4db6dd20986671d801b2814f498d641f49a   00000000000000000004005a0000000000000000000000000000000000000000
3046000000   d552de48ca585f210c27132708f4a90e1564a9dd5ed375e770f417f4349b5526   00000000000000000004005a0000000000000000000000000000000000000000
3047000000   c4362f208879c7c63321965002212ef5c1c63ba80c707b926a3d81f91aa29f95   00000000000000000004005a0000000000000000000000000000000000000000
3048000000   1702f44606ef3f950381263ed032ca96db7ebf8dad73b939248c49115be72836   00000000000000000004005a0000000000000000000000000000000000000000
3049000000   9fb273ab124e2dc4872a479d3b1b562cd8e661f1c286f53c01fcc7415fb6092a   00000000000000000004005a0000000000000000000000000000000000000000
3050000000   6fa8725e5e6fa8aa4f588007751bdab6824ccd2ded4e0b982369db54efcff67c   00000000000000000004005a0000000000000000000000000000000000000000
3051000000   5a893003d71421e3d5982ec15306942a662f65d757313d95090c6c96ac0793f5   00000000000000000004005a0000000000000000000000000000000000000000
3052000000   7aee1b4b4f2c53ebd8dcb5e847634fae4988c136e722f4fb0b683aa59632b27d   00000000000000000004005a0000000000000000000000000000000000000000
3053000000   6690e2d76c2a9b0b236472e30faf7498878c690a57f99c7297df08e4f1285243   00000000000000000004005a0000000000000000000000000000000000000000
3054000000   d82a553de65d068d83c9c03efc292bfa139e92ccd007b356d94f35cca0f9b8f0   00000000000000000004005a0000000000000000000000000000000000000000
3055000000   c323c087c5dca73a9f2719c6507627dec7a04f839c2cce073d7a51758e734283   00000000000000000004005a0000000000000000000000000000000000000000
3056000000   e93fb993082e47112cbe6ebc0369db72326a26482c9d0f57d9ba6e0ba33b7e03   00000000000000000004005a0000000000000000000000000000000000000000
3057000000   bbfd4e86fdcf7310be2aee470450eaff989cd656bc090a3a12206596b32a6529   00000000000000000004005a0000000000000000000000000000000000000000
3058000000   ddec47ee03ae2eb8311ccb7d3f5106fb1e4a1e22e15c53ae7155179b27bbda1c   00000000000000000004005a0000000000000000000000000000000000000000
3059000000   ec33c4c3aa4d2d9a657139ad0aaebe4b15fba2f27400ad0b1669734c0c24a4f8   00000000000000000004005a0000000000000000000000000000000000000000
3060000000   6d0691c1e10e913a6ccd8a41d790c2fbcbd2cd10f64a2ca3a3ed633059968586   00000000000000000004005a0000000000000000000000000000000000000000
3061000000   299257c4103a68ca86015d09d61906c7bc1f07f2f9189ab560195a4b11baba5a   00000000000000000004005a0000000000000000000000000000000000000000
3062000000   ddb36f5a4ee8b9575ef1cf455461065ac67a63d2b3bf3ba72c6f01e598549b8e   00000000000000000004005a0000000000000000000000000000000000000000
3063000000   3c955565a3fbd7531b855171078544f5615ba0cd11668675b2a93fd04d597f91   00000000000000000004005a0000000000000000000000000000000000000000
3064000000   95a6e0293900d4b69a02504549af21cd472772f4eb2ffbd67456149565483a87   00000000000000000004005a0000000000000000000000000000000000000000
3065000000   ff6ad861bc22a11748a07722d6ca181d4b669b6dea720ee692422942c74650be   00000000000000000004005a0000000000000000000000000000000000000000
new_height:  827347
RPC_URL: http://127.0.0.1:8332
RPC_USER: sree
RPC_PASS: admin
Traceback (most recent call last):
  File "/Users/sreenath/Documents/bitcoin_code/ntgbtminer/ntgbtminer.py", line 573, in <module>
    standalone_miner(sys.argv[1].encode().hex(), sys.argv[2], int(sys.argv[3]) )
  File "/Users/sreenath/Documents/bitcoin_code/ntgbtminer/ntgbtminer.py", line 549, in standalone_miner
    block_template = rpc_getblocktemplate()
                     ^^^^^^^^^^^^^^^^^^^^^^
  File "/Users/sreenath/Documents/bitcoin_code/ntgbtminer/ntgbtminer.py", line 85, in rpc_getblocktemplate
    out = rpc("getblocktemplate", [{"rules": ["segwit"]}])
          ^^^^^^^^^^^^^^^^^^^^^^^^^^^^^^^^^^^^^^^^^^^^^^^^
  File "/Users/sreenath/Documents/bitcoin_code/ntgbtminer/ntgbtminer.py", line 58, in rpc
    with urllib.request.urlopen(request) as f:
         ^^^^^^^^^^^^^^^^^^^^^^^^^^^^^^^
  File "/Users/sreenath/anaconda3/lib/python3.11/urllib/request.py", line 216, in urlopen
    return opener.open(url, data, timeout)
           ^^^^^^^^^^^^^^^^^^^^^^^^^^^^^^^
  File "/Users/sreenath/anaconda3/lib/python3.11/urllib/request.py", line 525, in open
    response = meth(req, response)
               ^^^^^^^^^^^^^^^^^^^
  File "/Users/sreenath/anaconda3/lib/python3.11/urllib/request.py", line 634, in http_response
    response = self.parent.error(
               ^^^^^^^^^^^^^^^^^^
  File "/Users/sreenath/anaconda3/lib/python3.11/urllib/request.py", line 563, in error
    return self._call_chain(*args)
           ^^^^^^^^^^^^^^^^^^^^^^^
  File "/Users/sreenath/anaconda3/lib/python3.11/urllib/request.py", line 496, in _call_chain
    result = func(*args)
             ^^^^^^^^^^^
  File "/Users/sreenath/anaconda3/lib/python3.11/urllib/request.py", line 643, in http_error_default
    raise HTTPError(req.full_url, code, msg, hdrs, fp)
urllib.error.HTTPError: HTTP Error 503: Service Unavailable
