debugnonce_start:  2000000000
Mining block template, height 828267...
header:  b'\x00\x00\x00 \xb92g\x89\x93`a\x9f\t\xbc\x18\x88\xfay\x9ag\t:/\xbb4+\x01\x00\x00\x00\x00\x00\x00\x00\x00\x00\x18d\xd2\xd78q\xd6H\xd7H\xaf\xab\xbb\xb5v\x874$,R\x82\xdcC\xd2\xb85Yy\x04b\xfb\xbb\xe3\x82\xbaeZ\x00\x04\x17\x00\x00\x00\x00'
2000000000   b9332d47055e54cab49353dfcf4314e96577a717407a9fe7a4d0e5510611539b   00000000000000000004005a0000000000000000000000000000000000000000
2001000000   e2ef2674c79bec6ee5bce62cc1ffbf4fa5c87582d38e28525457ff0c9b53d8a6   00000000000000000004005a0000000000000000000000000000000000000000
2002000000   0374dace8cd410aa94393c6ca8fce0a566356b599152612d7577d13441962162   00000000000000000004005a0000000000000000000000000000000000000000
2003000000   3fe2f10868769ec1ed15ebf49707d258a65f9506ef69ee9248e5cc6e9611e01f   00000000000000000004005a0000000000000000000000000000000000000000
2004000000   7d7cf7ccb379fa330c413560659125e23fcc5228ac8b56025346ab72ccf9bdc8   00000000000000000004005a0000000000000000000000000000000000000000
2005000000   6153c0a18e730df54f2c6477bccfd28661cf4576fc2131c69f353b7af458b3c7   00000000000000000004005a0000000000000000000000000000000000000000
2006000000   0c5faf5f19fd8c8f6b7f35b47bdf65043c9ab7b61ecd0cb92365661fd2441e19   00000000000000000004005a0000000000000000000000000000000000000000
2007000000   11278884e57896da58fa84159bcaf517e2fa6f4896617984ca5daebbaf1c1d68   00000000000000000004005a0000000000000000000000000000000000000000
2008000000   76a3ad485d3cade440a79db1f49c48288195c6446182102d331eb18ada79b2e7   00000000000000000004005a0000000000000000000000000000000000000000
2009000000   708c0a6ebf3633a84997177392d17d1f03029176f800cd43dc2e33a40339908c   00000000000000000004005a0000000000000000000000000000000000000000
2010000000   d6ea60d8e92b14dfc461d08f1e2c084216f6aeb520bc7f0622d302ac60b0783c   00000000000000000004005a0000000000000000000000000000000000000000
2011000000   42db434e5fb82c59d55a57e94ec40afd340fe6529e3951d2fa4380bd112bf4b8   00000000000000000004005a0000000000000000000000000000000000000000
2012000000   b1d732e10ff86ceaa780b5ff8858212b1c68b10891c0413d9ace0c68a949bf3c   00000000000000000004005a0000000000000000000000000000000000000000
2013000000   540e8c64cf16868368a69f7426bdbc349e5649e729c25f2ffb5619f70c740ec0   00000000000000000004005a0000000000000000000000000000000000000000
2014000000   0550058988dd1b2355438f82f3cd7b8ccc5ff7ee290647e4c6667f370bedcdf9   00000000000000000004005a0000000000000000000000000000000000000000
2015000000   b4bb5b25b2588a24418d7a4ba5ebbf5e73552dd39f099dab272db9c34bd309b7   00000000000000000004005a0000000000000000000000000000000000000000
2016000000   29140d87c14a837f509c1e244c6c2aec3fedaaceeee73a02a9a79de9773c37ab   00000000000000000004005a0000000000000000000000000000000000000000
2017000000   fe379e52358cf4407cf5418a66a639662cee9eb987ec65be061e7fdb8f8e0259   00000000000000000004005a0000000000000000000000000000000000000000
2018000000   519eda17f47d7878ba6c8ecd9bb5f07ead10ad6c17bab7605da2aba5d4af19f9   00000000000000000004005a0000000000000000000000000000000000000000
2019000000   e29e5be7bf22af67f5c26a14c35e8c2033bf356f9b278966e867a4e798b4685c   00000000000000000004005a0000000000000000000000000000000000000000
2020000000   b19728b452cb23f5c439eae12d32f247b9b6fde91a40703d9e24dd6b2c5571b2   00000000000000000004005a0000000000000000000000000000000000000000
2021000000   fe83c7bc741e44a3286c6d803b37e8dcdd848dea6deb62f02b3f8fd49d44e367   00000000000000000004005a0000000000000000000000000000000000000000
2022000000   2f366690b9e41caace36a1b7a3a4eb18bd12c8c62a8f40fae3a141bff9f5e211   00000000000000000004005a0000000000000000000000000000000000000000
2023000000   25256a0f326d5e6a4e52bb0540e53cc8d030883818b738dcfba6bc49d34d8088   00000000000000000004005a0000000000000000000000000000000000000000
2024000000   385db82310b4d9a563c0f7946452d3053e6b0381887514c2205c69b22e341049   00000000000000000004005a0000000000000000000000000000000000000000
2025000000   937985bbbfa368872fcffb8668ff3c9ec5eab33bd115ff6aabfce15c225f7c74   00000000000000000004005a0000000000000000000000000000000000000000
2026000000   524cf19117cdc538d026373f0106257f219f8f01fc0b0e06bbcc63a003fd49fd   00000000000000000004005a0000000000000000000000000000000000000000
2027000000   6370bce883a734c8276a0d4b0897c76406c0bf34904957743aa686b1072ae3aa   00000000000000000004005a0000000000000000000000000000000000000000
2028000000   7d9ce74f360babfbd158498696d511868a10fb6c63660ed7767c08c892947b20   00000000000000000004005a0000000000000000000000000000000000000000
2029000000   6b0b880293304aa425600f5bbf5cf277cbe27308438745cd502bcf6b39bf8a16   00000000000000000004005a0000000000000000000000000000000000000000
2030000000   a3dde2cfe4c302cc5a085451a856cdc3c3750356abe68764a269013faaf2fe93   00000000000000000004005a0000000000000000000000000000000000000000
2031000000   ad3abf5ede7f5f13ccb8e99d7675412df61b627ae7296354ec1b2bdef45c9859   00000000000000000004005a0000000000000000000000000000000000000000
2032000000   b23d538aaae092021a2d9082c055096c5660ac83f10b3980fe2090b1d8eee46e   00000000000000000004005a0000000000000000000000000000000000000000
2033000000   356bb32cccb0c4c67a77c1764e3b06ee3e14bc81dba5412558aceece3ec3e462   00000000000000000004005a0000000000000000000000000000000000000000
2034000000   0c28dbf67d31b22946fa91d2b240941452044834842239a3cda5b5cc03be1bb2   00000000000000000004005a0000000000000000000000000000000000000000
2035000000   b90b625ab16e78572aa8c400d18babcd2fe350fcbed90738c7c4336887af172d   00000000000000000004005a0000000000000000000000000000000000000000
2036000000   aaaac382330c67c33f5fd53346c983e802e48680dd5942687bf0137a8e7edfc2   00000000000000000004005a0000000000000000000000000000000000000000
2037000000   54f17c587b5edcbeb4ae1aa2a2e25ca6e4caa46a1072c2ad227bacc55ae1c2a5   00000000000000000004005a0000000000000000000000000000000000000000
2038000000   109426f23cb5bca7d383294b90e73c1cbdc9b038a796d5a058e0a82c6b88babb   00000000000000000004005a0000000000000000000000000000000000000000
2039000000   2a38a33f7d3486d22939b2c23e6d40870fa2def29d93023d7ea65d9c7231b7ef   00000000000000000004005a0000000000000000000000000000000000000000
2040000000   a2ad2ebd950fe07f0e995ef4d561f281bfe76cd8bb19fb32ee48e4eff32ae99c   00000000000000000004005a0000000000000000000000000000000000000000
2041000000   a54b9f06d4b334acafc7e3d54f3754d9f94b6e7a6513581bcfa05862713012a2   00000000000000000004005a0000000000000000000000000000000000000000
2042000000   4cb0497f33e1ed910f4f4d69c793015ae4bed687d36520b4b33f883b5e79aec4   00000000000000000004005a0000000000000000000000000000000000000000
2043000000   3123f83ebe437b1966f14e775ec8b3b64493368c423dc66ad7d5939c3d1a0c65   00000000000000000004005a0000000000000000000000000000000000000000
2044000000   cff9bffe23c29a45ddbfefc4de7d1e5ad34e87198ac4848c7ff627ee73af789b   00000000000000000004005a0000000000000000000000000000000000000000
2045000000   95b604fabe80ccd7df6ddbbdcd6c081a3abec2cf9458dbff093ca05c0840503d   00000000000000000004005a0000000000000000000000000000000000000000
2046000000   1390db726fd45151b8a1291fdcbe63ea0fa2169b5f9fc19671b40ad2237c4160   00000000000000000004005a0000000000000000000000000000000000000000
2047000000   ad634bb7086b4aeb126d18f422259ee2e78ffd0e584dc56bcee3321c342bd370   00000000000000000004005a0000000000000000000000000000000000000000
2048000000   0235e36295ba0f46450fc1cff06d19ce81257acedd4929d19ce0c3a1eb44f3e1   00000000000000000004005a0000000000000000000000000000000000000000
2049000000   4538722068502770a7431eef28f01336444b4a41bbf031a1099b2ccdd24b0a2b   00000000000000000004005a0000000000000000000000000000000000000000
2050000000   6e45f6787606b433fa62f9c826fdcb1f6fcde49d7b160274fc3aebeff9d42d88   00000000000000000004005a0000000000000000000000000000000000000000
2051000000   a96bded34fb748712120516d0639237e79c4e4cce198a356a8a2e3432224caa1   00000000000000000004005a0000000000000000000000000000000000000000
2052000000   a2e75b98121cf246ca13459fcc26b5f9b3a5a06842c689be5a6f2c4c6997b071   00000000000000000004005a0000000000000000000000000000000000000000
2053000000   2bce0597ed97b9b778ecc84002b118c0bd71e877ae5252175c85ee7c4f9bb57c   00000000000000000004005a0000000000000000000000000000000000000000
2054000000   