debugnonce_start:  1000000000
Mining block template, height 827636...
header:  b'\x00\x00\x00 06\xe7\x83&d\xbd\xbaj\xc0\xd5I.\x00;\xdb\xd4\x1dp@\xafd\x01\x00\x00\x00\x00\x00\x00\x00\x00\x00\xe7p\xc2\xb75\xb0\xe0\xf0\x8c9\xa9\xa8\x93\x89\xebuW\xcbL\xc2\x11\x0e\xad\x95\rQ\xab0a\xe1\x00\xa0\x05\x11\xb5eZ\x00\x04\x17\x00\x00\x00\x00'
1000000000   808405f584caab3bff5440b2afa143e2cb47a60a396e39afef8d450efa621744   00000000000000000004005a0000000000000000000000000000000000000000
1001000000   6e35a681641f37f4e83858e67b9412aac1313f575cc4204703e66a3afd2d91d2   00000000000000000004005a0000000000000000000000000000000000000000
1002000000   94df89c165bc591e8f6968ee65765034ee68c78975f79b6f52b02b017b7a8836   00000000000000000004005a0000000000000000000000000000000000000000
1003000000   24f1170907ce45a481bf9856c03f93a060739bb83b6a35f64f85ba4f7933ed84   00000000000000000004005a0000000000000000000000000000000000000000
1004000000   3a239d33396b0641b14f6902e7abf6629192510636164e7aa0ca07c8f16a3222   00000000000000000004005a0000000000000000000000000000000000000000
1005000000   2f636ff630dffadaaf93e03bd59851b06ec4702ff8fadd002b7e0eb62811119f   00000000000000000004005a0000000000000000000000000000000000000000
1006000000   112d996ef86760cb0ba8a63104a1aa9576aaf889a9753789d172ee01ea8669af   00000000000000000004005a0000000000000000000000000000000000000000
1007000000   cf824b3231cd4b0dc61ea4ae1bdaa6b372480f64531590e91f985cb2d674c270   00000000000000000004005a0000000000000000000000000000000000000000
1008000000   477d74b86856912d5a42944ee1f197d792f31f4f6a74325820004012c33d1f8e   00000000000000000004005a0000000000000000000000000000000000000000
1009000000   de7225b393b27634680a8fe53302f68bc9f239f64b250fe656147487914c91f0   00000000000000000004005a0000000000000000000000000000000000000000
1010000000   a8054a434c08dd9adbd7bbd198beaa776baef6bcd9d9de353574e283ccfa8059   00000000000000000004005a0000000000000000000000000000000000000000
1011000000   0c891971da66416cbbe8d09b4dcfb4783a5980257ade6877a0fc6f8eb31b059a   00000000000000000004005a0000000000000000000000000000000000000000
1012000000   6df1a028c4ea9f08d7ee8a828d500b2df3a77c87af2daf845077f15868aed6da   00000000000000000004005a0000000000000000000000000000000000000000
1013000000   a6084c14c7797283f1d189f302b1877eb2adb83ccce0750ba653a4953c302f50   00000000000000000004005a0000000000000000000000000000000000000000
1014000000   8493ab4e11b700c79ed5c8d46fa7309115f6f8c190bd60d972ba820a7e9cafcf   00000000000000000004005a0000000000000000000000000000000000000000
1015000000   d8ab19f337353bd2707f2ef9f396efa1edf46279b0e54fb7b7278cfa27d68181   00000000000000000004005a0000000000000000000000000000000000000000
1016000000   ab469dbc7add17c4932d71bfe981d70d0da2875bc1abfbafed7d97807aed1864   00000000000000000004005a0000000000000000000000000000000000000000
1017000000   a5e599aad80f4adc51d6cf1048435c2ae663fb29ebc9184214fb019676f42932   00000000000000000004005a0000000000000000000000000000000000000000
1018000000   d5e97781ace29e66732d73c3767210e743ad0f9e5ba172ac96bed8778dcbb5f5   00000000000000000004005a0000000000000000000000000000000000000000
1019000000   b61c8990eec8c7b3c4a9f946be03f9a728abca6137e43daefa3d44ae7df931e2   00000000000000000004005a0000000000000000000000000000000000000000
1020000000   6f382d6812b0814d64e63d7dbd81bba75463840b1f2c2daa0549b4d2da6c0cb7   00000000000000000004005a0000000000000000000000000000000000000000
1021000000   c48e70126be2c011c4dc3997325c65363e48db3a690a8408508c0561384da4c8   00000000000000000004005a0000000000000000000000000000000000000000
1022000000   0e8916c2385cc352773089ab684c866eef12d1c0cdcde9571b8e46643a3ceb01   00000000000000000004005a0000000000000000000000000000000000000000
1023000000   71c6a2511c5f6f2628680a1732a359ec72cfffb8db7148824fd48ef658448925   00000000000000000004005a0000000000000000000000000000000000000000
1024000000   5034eaa55c42b8d33470fd604ae510d842c78dd5d2172450802b4d284830bcc2   00000000000000000004005a0000000000000000000000000000000000000000
1025000000   87efb7da6ed672ccd287b2aa39b40cc6c49eeb02b9cdba733379cfb088eb8050   00000000000000000004005a0000000000000000000000000000000000000000
1026000000   a39cd3d5ee261a1ad0bd8d10d9cbe43584d971b1e7a0476d778b28ae91d96d04   00000000000000000004005a0000000000000000000000000000000000000000
1027000000   ccf382dafb04c1aeb7d169d4b13d7fe15e66ec8a1a7e7125e22ac30a8ce0d7e4   00000000000000000004005a0000000000000000000000000000000000000000
1028000000   d837535f97c3bfe54cd96617b737433009ef1c534d4c55c2a30dff72a35fc8e8   00000000000000000004005a0000000000000000000000000000000000000000
1029000000   a8b8d5ffd0aa5968b5746a56dfe958f9979d6dad85ce4502c2d667e30e5b6862   00000000000000000004005a0000000000000000000000000000000000000000
1030000000   60c7f27e538921496bb07c3b3b234b23c364e199995e70631bf6a9013babdf08   00000000000000000004005a0000000000000000000000000000000000000000
1031000000   c09be205af87039e840ad6e05d73e49d18de8d68be6c43d34c0b5f98ddcc2df5   00000000000000000004005a0000000000000000000000000000000000000000
1032000000   eb65941b115c1e3154a98c84394343c04f06d4cbff079b82b61168b62b3f6356   00000000000000000004005a0000000000000000000000000000000000000000
1033000000   8739d42161d7a279bb035590a2b3548459bd948f24969ec91c03d4fb04bc763c   00000000000000000004005a0000000000000000000000000000000000000000
1034000000   4352bb7c94a9c17cc35808d6fcd3f50ebb47c47a834f6b8b453b6253762bc413   00000000000000000004005a0000000000000000000000000000000000000000
1035000000   cefedf9e992e5ca9dbac0ee8fde863583d1f1cd887aa87ba2f7975d652035d9e   00000000000000000004005a0000000000000000000000000000000000000000
1036000000   dce4d235e5678d3d91d574f3495a7d629e0507de260f93a2648277976d085891   00000000000000000004005a0000000000000000000000000000000000000000
1037000000   79a749d911e3de9ab1e2c953b4203790f94f374237954b0ab9c04e851af5a1cd   00000000000000000004005a0000000000000000000000000000000000000000
1038000000   4bc2c412af1342de08938cd1dce18b8fbbf00ccce91c65425a27180a020ff723   00000000000000000004005a0000000000000000000000000000000000000000
1039000000   dbe0cf5cb63f629b4ac207f0025013236fb6ded414845f68a51e5fe7780f2d8a   00000000000000000004005a0000000000000000000000000000000000000000
1040000000   d705cc95606ee0667977664aac0a9aaa4b13a19393b45b7ab1394922aa0355b7   00000000000000000004005a0000000000000000000000000000000000000000
1041000000   a04dab0d5040ab0d4142ddcdb946e15cc227debd677bc2943b0d0e17834e0f9a   00000000000000000004005a0000000000000000000000000000000000000000
1042000000   eac580272cd614b16d241475c23f7df3d72254e0b56a5c0906c22227d989c752   00000000000000000004005a0000000000000000000000000000000000000000
1043000000   a1f5ea0045f398586fa3123f5190a5df99b63af8088ccf3e75823470b0a8ff79   00000000000000000004005a0000000000000000000000000000000000000000
1044000000   b675823756bfe7530de2992a835176dd8a07fee78eff39e8e139e922b999d78b   00000000000000000004005a0000000000000000000000000000000000000000
1045000000   790cb82b5521b68ee65030866c9f5c60249e165bc995142e71bb79a22add83bd   00000000000000000004005a0000000000000000000000000000000000000000
1046000000   26111f60b27fbb63a9729b2d5c3e3dd6ce6450fe040d8e53c20ea941166bff18   00000000000000000004005a0000000000000000000000000000000000000000
1047000000   2db03556eef9e16e86f818f74bba7ffd24bba24997b2661bb963767d4d533d0d   00000000000000000004005a0000000000000000000000000000000000000000
1048000000   98e1e3ea29530a0db44b2fd424070b3f42948269bcff0b60cb9b28494e0c5587   00000000000000000004005a0000000000000000000000000000000000000000
1049000000   f08ea5605897b22c429e2d86bb5fb5bad2db6193d001c91c911ab29ab97efa8b   00000000000000000004005a0000000000000000000000000000000000000000
1050000000   e22bfa23a27eaec7a7bbe73931676072cd0d9bc296d751f64304b2c25e3d938c   00000000000000000004005a0000000000000000000000000000000000000000
1051000000   2eb0a9c956d3875c948e233b4a047d12dae292330a6e30f9b2a7e3a246a6d9a3   00000000000000000004005a0000000000000000000000000000000000000000
1052000000   4d4ee1cbb869b157847b520f75a94e86c14643c55267e696fbde9a02500f45f4   00000000000000000004005a0000000000000000000000000000000000000000
1053000000   d15b0d33208b2962b8fd6deeb4da4ba055ae354e237c34290d85382cda17b14b   00000000000000000004005a0000000000000000000000000000000000000000
1054000000   