debugnonce_start:  1000000000
Mining block template, height 827344...
header:  b"\x00\x00\x00 R\x99p\x9d\x0c\x03\xdb\xf9\x1f\x81\x13\x9e\xf9\xf3\xa5\xe5-\xdd\x18\x9d!\xb4\x00\x00\x00\x00\x00\x00\x00\x00\x00\x00=\xb5'B\xe5i\xb5\xe0a4\xe8\xd7\xfcU\xabd\xa9\xea\xe6\x83\xfc\xd8\xcf\xe7\xd5\xae3\xfb\xf9O&\x08\xa2\xa1\xb2eZ\x00\x04\x17\x00\x00\x00\x00"
1000000000   e561ac8a6c58d6c619f3e079984fa20b1ea02bcf44f821eb224715a11d5b87c9   00000000000000000004005a0000000000000000000000000000000000000000
1001000000   cdb955555ff62233549c1f493779049df1a935df1e73bebe1f0c37a7b37153e2   00000000000000000004005a0000000000000000000000000000000000000000
1002000000   5eda6422a223f3bfca9893f2f95e2e149f981bcd25e4a4ce1642b2a2369d286c   00000000000000000004005a0000000000000000000000000000000000000000
1003000000   c3dc3e75896a664017856b562a74ce00a1bdb9f4ee4c9143c0def009741827a5   00000000000000000004005a0000000000000000000000000000000000000000
1004000000   a311f1b18f3edbc6bf82f482ca4356daa527318488f02f688d6a9ebd10a77fb5   00000000000000000004005a0000000000000000000000000000000000000000
1005000000   8151570e37b9cb9d1d22d8868441a736fd6b7f9ee1b61b65d8b24cb3b29901c6   00000000000000000004005a0000000000000000000000000000000000000000
1006000000   2755f49892848e9665406b8a13f93ce02fb89a08cdc3f96c41c745c0c9544305   00000000000000000004005a0000000000000000000000000000000000000000
1007000000   a64e02551cf9a7cb6f443a38add8882414d66a5e5181b2e1863f744de4520c65   00000000000000000004005a0000000000000000000000000000000000000000
1008000000   8c255536dd805f77dcf9fa21c162a4976009264ce42bb28cf2f91969afcc4c73   00000000000000000004005a0000000000000000000000000000000000000000
1009000000   1bbe54e8a1b08fa8986578ca0420a7476e913a4bd6883695d43d02f0d8be1239   00000000000000000004005a0000000000000000000000000000000000000000
1010000000   fa328be895947d3a505755bee937f6cb5049d6b29aa4466f7a77211e6d1b686c   00000000000000000004005a0000000000000000000000000000000000000000
1011000000   237105c33d8c6231ba2e0e34cae43e1c83e14dff03f21231f55bbb6ea1093127   00000000000000000004005a0000000000000000000000000000000000000000
1012000000   da22e15d9543f89c21bebb7e1ee73708d6fc7b7f56cccde733407f1ec07de6d7   00000000000000000004005a0000000000000000000000000000000000000000
1013000000   5110d87ca142f0e9a57c3c0f8252286d3aeaaa858a013588adab7af27be4add0   00000000000000000004005a0000000000000000000000000000000000000000
1014000000   fb3e74fa7011e111df8df02f6c6cd3fe17140aaee85f414efacd83275f4cfef8   00000000000000000004005a0000000000000000000000000000000000000000
1015000000   4af3cd3192c3382f4031eb7c820540af7be1fc18ac7aaea8df809b0859594cce   00000000000000000004005a0000000000000000000000000000000000000000
1016000000   9816bb1035268ef73cbe3c75738cf208e96cae0a77ee10b194517077e196cc3a   00000000000000000004005a0000000000000000000000000000000000000000
1017000000   15f5d2cbfc40370fa05086a1c587fddd9f08b5917690c75ddc9a5c27bf74c28c   00000000000000000004005a0000000000000000000000000000000000000000
1018000000   d8534d3702f4fb1b4c863030ebeb38889081f27e69e1de6a6f714b4b15ba03ce   00000000000000000004005a0000000000000000000000000000000000000000
1019000000   ae038b80b74604b5ac93597edd301f718226911b0d1be01208ac4814a4f48780   00000000000000000004005a0000000000000000000000000000000000000000
1020000000   18cf977156fa0314e2fabba3ce91f8afca9d2b6063514b0f018715beda619316   00000000000000000004005a0000000000000000000000000000000000000000
1021000000   623032dfdcf6ee5a0822e14f1a2a523245314f2a2028505d6aa2e6de890f452d   00000000000000000004005a0000000000000000000000000000000000000000
1022000000   504058b0ebe47e91e37e661b116a3daa5633988754421401f73766ea1bd459e2   00000000000000000004005a0000000000000000000000000000000000000000
1023000000   3979570b31a02579ee3d3651cb2c88c745a10e48dc00a551ba197d96a769fa39   00000000000000000004005a0000000000000000000000000000000000000000
new_height:  827345
debugnonce_start:  1000000000
Mining block template, height 827345...
header:  b'\x00\x00\x00 3\xeeH\xa5`\x1dp\xdc\xdaYl\x9f\x94^\\\xe08{h\x16B\xd1\x01\x00\x00\x00\x00\x00\x00\x00\x00\x00N@\xae\xbeO\xe5\x87T\xfc`\xd6-\x80\x8a\xaf\xa4X\xce\r\xcc\x7fx\x141\xf4\xd2\xcb\xd1(L\x98\x8e\x89\xa2\xb2eZ\x00\x04\x17\x00\x00\x00\x00'
1000000000   332a0eefecb57ca44e8fcc4ee4f7b4fa513c400bbf57a693acc40d91aecbd361   00000000000000000004005a0000000000000000000000000000000000000000
1001000000   9e61bf02e2bd4e2fddb3bfc27a2d708fd20824c9571dc57d1925295490f8c814   00000000000000000004005a0000000000000000000000000000000000000000
1002000000   ed1ec9a96ac4d7696bd033658e2b4731257f418c9e2795045638edb4dd5f64c7   00000000000000000004005a0000000000000000000000000000000000000000
1003000000   54bc4493fe83ab50e9b6bf26e31c6d7ca20fa455eed4643fbd3f37ba567a343b   00000000000000000004005a0000000000000000000000000000000000000000
1004000000   36df4ec322ac31dfb33a25a56a2376cda6e7d4057fca3ccd2af27cb3070676c3   00000000000000000004005a0000000000000000000000000000000000000000
1005000000   71b7374329f34ff5ebbcef4c8a8652adaf8cd8f71ca2f669bc84bd614148fe9f   00000000000000000004005a0000000000000000000000000000000000000000
1006000000   c12b06f8754c79df8d026d6bf6a4c20a949006762603b8272e5f5e55f0cf815e   00000000000000000004005a0000000000000000000000000000000000000000
1007000000   aa2e670e20c25e66df46348b73f1e7f5732a412c97819711a119252ea0e0c018   00000000000000000004005a0000000000000000000000000000000000000000
1008000000   568b11c23f81334b411d8e1799c447a8a9b6679337258ec11390b67e8f4bcfc7   00000000000000000004005a0000000000000000000000000000000000000000
1009000000   c7c54b7e0a6e37c64e5ca9887a62746f0e787adfad24ba62bb634b6632cc682d   00000000000000000004005a0000000000000000000000000000000000000000
1010000000   a839147df7a19ccb512aa9439f14fdfadc841ee33688f0b9158c4fb4dd2da2ed   00000000000000000004005a0000000000000000000000000000000000000000
1011000000   8ec78ef25224fe31895bb2bd65be47539c8a232e3b90c1b6c13becfc3346848b   00000000000000000004005a0000000000000000000000000000000000000000
1012000000   2f647e63387b4d9a6e2a4c76d5f0325e09979cdfcaeceb149a5c9b2904304004   00000000000000000004005a0000000000000000000000000000000000000000
1013000000   54a7ef5138bcae7a137882e1ae96d7f81aad77f8642931e0c45ce5f3a16ff3f8   00000000000000000004005a0000000000000000000000000000000000000000
1014000000   7ac493915c86f6f5183cecf5c88f44b67a4252def44398291c63048f1dd039d4   00000000000000000004005a0000000000000000000000000000000000000000
1015000000   580cddc20e4e3a5563fe1e504925767dc63d696bbd2d04ae509b646bc009a05b   00000000000000000004005a0000000000000000000000000000000000000000
1016000000   db486702a48e91f4fb0431382e9eb857450fc70cf0f0f87e3d0a1224404024fe   00000000000000000004005a0000000000000000000000000000000000000000
new_height:  827346
debugnonce_start:  1000000000
Mining block template, height 827346...
header:  b'\x00\x00\x00 \t8\xe6\x97\xcb\x94!\xeb0\xb8fY\x95\x89iE\x95\xa0P\xa7\xa4\x17\x03\x00\x00\x00\x00\x00\x00\x00\x00\x00\xee\xd1l\\+s\r\x7f"-\xa4\x08\xa9\xdc\x11\x17\td\x0ef\xe0\x0f\xde\x02\x0bw9\xec\xfb\x1a\x1f$1\xa3\xb2eZ\x00\x04\x17\x00\x00\x00\x00'
1000000000   bd4ebe83b7f3fc82bb28f67daba94a6ff00ae1c6248055f9106c0ebb6b5cb67d   00000000000000000004005a0000000000000000000000000000000000000000
1001000000   d52ff8776c0da7047de643d0d62e7c0a66148dcd80d1a04204b68e77341a1497   00000000000000000004005a0000000000000000000000000000000000000000
1002000000   b868e773c99125507823c19c0bde46e0e883a6c23339b4ddca6622b5c95af7b3   00000000000000000004005a0000000000000000000000000000000000000000
1003000000   32434fa11bfa299f586dc65394c54ff3f5d6b9ae8bbeefdcbc9eb7264729ef25   00000000000000000004005a0000000000000000000000000000000000000000
1004000000   b8645340ac1e2fc8c40ca0fa8b8a54d20fac731fde910550df190ab4a078ac98   00000000000000000004005a0000000000000000000000000000000000000000
1005000000   40f5b65989e0f21509cf8742193c0674c25f57a75ff45517cb5a56d94b3a25e1   00000000000000000004005a0000000000000000000000000000000000000000
1006000000   40826abe24331d874c94ab9f4874024729ed23989983cf30e048901f8aa6c24a   00000000000000000004005a0000000000000000000000000000000000000000
1007000000   77751259dc640430871b8e1e39659a64af0ead5c6e4274e5e8a47c815358cac4   00000000000000000004005a0000000000000000000000000000000000000000
1008000000   f1efeb01f092166f9aecaadb54aed9ef56505d73a37bf32b9a64bd866684e222   00000000000000000004005a0000000000000000000000000000000000000000
1009000000   ee43ad8eeeb494478a746ff8eea5f16034bb5fcf020c952e95090b0a99d413ab   00000000000000000004005a0000000000000000000000000000000000000000
1010000000   13d21327366882192ce6b7ac14ddd05a209e5ced9bfb0622af1855d1f2b5428f   00000000000000000004005a0000000000000000000000000000000000000000
1011000000   58bfa7e01e076e16f7e3d16218ff00958a535fd7a339f89e1aaad18b3a831f55   00000000000000000004005a0000000000000000000000000000000000000000
1012000000   230df45e8c9e672f4487668911405bd0900cb29723db69965c7becafa5c4fa8d   00000000000000000004005a0000000000000000000000000000000000000000
1013000000   6b0ee8d7475fb6c13a8c16673e2e1b599b8138ce28582635f48a8c62076f3160   00000000000000000004005a0000000000000000000000000000000000000000
1014000000   16c9265b6dd89485cbc293eeb71fc244635d76fa696b935336df89bff9e48734   00000000000000000004005a0000000000000000000000000000000000000000
1015000000   b0604e84bef5d3094b15da1b6489fb10037fbb2036915dfa8ed5ca2c21e00c5e   00000000000000000004005a0000000000000000000000000000000000000000
1016000000   b062432dc7b624485aaa2c8829af1f055639d990813bf18bd62e01e4fa81e14f   00000000000000000004005a0000000000000000000000000000000000000000
1017000000   8221c78d2704c80bbdbe5279d8ed7e7da9bd069568491abcc142118ab070fe50   00000000000000000004005a0000000000000000000000000000000000000000
1018000000   010296dee28c2bab19e2886c2613259933f82ac913636b561a3b54087eaf9686   00000000000000000004005a0000000000000000000000000000000000000000
1019000000   c64da2a3cd539a3b5c4ec2d79b7c3e92b330a4bd14747443a4a43b7aa5504752   00000000000000000004005a0000000000000000000000000000000000000000
1020000000   2934a853f3381b1ab7b9c08b134cf60dab3353b30a90a374fc984974bdc931d4   00000000000000000004005a0000000000000000000000000000000000000000
1021000000   15c59a9ccffcd3cb06690524e7a6a7dd7dc4371834215460e659378eaa1562d2   00000000000000000004005a0000000000000000000000000000000000000000
1022000000   3e50e2917cc50af02d37affb2911b9dbd490c6ef82588cd728eb0b9a790c4d32   00000000000000000004005a0000000000000000000000000000000000000000
1023000000   670fc90151581815106de4acc2dd784db10301d9279d82cf0b161004ceac19ae   00000000000000000004005a0000000000000000000000000000000000000000
1024000000   e697f5e336c79f25502ad5d7a48398452ac025ddff39339a5806ffbb6d43311d   00000000000000000004005a0000000000000000000000000000000000000000
1025000000   b60b3deb623aa62257278ea9509de713ebd3a3ce9bbd834aa61f3986fe2464b8   00000000000000000004005a0000000000000000000000000000000000000000
1026000000   3fa713a87d99b2c41827beebc3421ba61ab1d394edd247925d0254dbeb6fb994   00000000000000000004005a0000000000000000000000000000000000000000
1027000000   904f58841909a725ed5c96403852b25efd6a355120270dd93ba7777cf236a6ab   00000000000000000004005a0000000000000000000000000000000000000000
1028000000   9890b081782b96715bff2cc729470e6719b357c1146a472a974604d3958c1975   00000000000000000004005a0000000000000000000000000000000000000000
1029000000   c04caa56963aef9bb51048a0eb38138cc3ab5c8bf410c450065fe375772ea7a8   00000000000000000004005a0000000000000000000000000000000000000000
1030000000   8b096f4f9eed20b9aa5dc47b1d3206967f99aab7f8695e1c7821c682b624ffa6   00000000000000000004005a0000000000000000000000000000000000000000
1031000000   52a936f3b447fc098403bd3b456805491c1f7e00b3eaa8635fc700dcd1f9b392   00000000000000000004005a0000000000000000000000000000000000000000
1032000000   b87d412d0b2e17e08cf8f89be7f68c754ac70292c65f8c428b1202e22f23947b   00000000000000000004005a0000000000000000000000000000000000000000
1033000000   670453e5005461213562c0aea55cd15f53eac50aee907ee8e1af8fd16a543670   00000000000000000004005a0000000000000000000000000000000000000000
1034000000   bee364de5309a409b3fe6fcd72d36c2b01bd8420c611a09190d2a335895fdead   00000000000000000004005a0000000000000000000000000000000000000000
1035000000   9a459e23c0aa1d4bcc7873268bf602adaffbfa10ec9a05a0857383140ac17f0d   00000000000000000004005a0000000000000000000000000000000000000000
1036000000   fd89b5ee04a2fb451b61977b332c1b196aee1a4d0bbc178286849dfc882641c0   00000000000000000004005a0000000000000000000000000000000000000000
1037000000   9a14da5c7841260eb22585843cc95007b3dead771d8f2f660d3acf31b5a24233   00000000000000000004005a0000000000000000000000000000000000000000
1038000000   2ed60957e5078dad24da52c334ce5114318a0953346e95a469c05667de6c8b16   00000000000000000004005a0000000000000000000000000000000000000000
1039000000   020a65e84bdb78663b31bb8de55222b245dd0aa712ec59828967c46f6be0c058   00000000000000000004005a0000000000000000000000000000000000000000
1040000000   6af8a0fe3d49f3b235eab06e62e8dcb7fa4d8952ba9752d37de44c8c80026da4   00000000000000000004005a0000000000000000000000000000000000000000
1041000000   e831281f5f5dd380f55473ed482932c651294f9ea8bd830d7b1d0d8489963ebf   00000000000000000004005a0000000000000000000000000000000000000000
1042000000   7dd86190380341d5df08b8af12af67c248e01d8c4c4c934db7620a03dab06a61   00000000000000000004005a0000000000000000000000000000000000000000
1043000000   e4e4ca26da8c3c7665aec96faac2d11ee15d5f3ff75e980f5d3edb2a5dacea25   00000000000000000004005a0000000000000000000000000000000000000000
1044000000   f247abd69adee911dc510c40d28b2ace17c151fc0fa0ca0339d995dae29cf5b4   00000000000000000004005a0000000000000000000000000000000000000000
1045000000   3b767987d5b544d403fabad2840ba66895b3059f59c0757eab2dd245f85001a9   00000000000000000004005a0000000000000000000000000000000000000000
1046000000   136a3adcd25937d7e63ce25ad54063a7f1362f84ce66baa5a10800b6dbb6f33d   00000000000000000004005a0000000000000000000000000000000000000000
1047000000   2e892a74211e637441ee307da6e76e4df2b6e8e463069203ab429e36cecca69f   00000000000000000004005a0000000000000000000000000000000000000000
1048000000   8de9299a96f009554b28520cc03cbe16ece2a632c9bebc5c29f8780377be3c71   00000000000000000004005a0000000000000000000000000000000000000000
1049000000   c18c005517ace31599301699808fb973c18e85502e8df9c24641e972c5a4ae29   00000000000000000004005a0000000000000000000000000000000000000000
1050000000   fe1cf6aa57ba45a2d04ba5ed79a83652db8b31db4c1453b91724f239ca98c254   00000000000000000004005a0000000000000000000000000000000000000000
1051000000   71563608fca8de0b2518b0b882515683f8c181bde1daffd31b9649c0e5d7e789   00000000000000000004005a0000000000000000000000000000000000000000
1052000000   0db9f27effddfb71831967cc03f7d11b325acfb7f0ac535808b95a34c9145703   00000000000000000004005a0000000000000000000000000000000000000000
1053000000   da03b26299cbe1cbe9e15da5a1b1f55d4a3d3953b3550eebe5f99804730a041e   00000000000000000004005a0000000000000000000000000000000000000000
1054000000   1c1d58c9a8e196343fbde0b72e1963dfbf6d875da91bf15038298a7470c099aa   00000000000000000004005a0000000000000000000000000000000000000000
1055000000   e0b6574ba9661c911fda53b42f20556c7d2a1f3a31f2ffd50a5e466e222e5c91   00000000000000000004005a0000000000000000000000000000000000000000
1056000000   374245c2f113b77f11d44a584894a9821f687b82268e916acdd6fc5d99e0aed3   00000000000000000004005a0000000000000000000000000000000000000000
1057000000   83e6ff17b1aea83395101838e9b178710d7f11ba491e51c7a9f66d218258666b   00000000000000000004005a0000000000000000000000000000000000000000
1058000000   d4ec0dbceafce251563fb46720d061e78fe71235c3d917a49e87255c66d75410   00000000000000000004005a0000000000000000000000000000000000000000
1059000000   07d00d95874d228dd5c9b15a2dd6e5ea497ec8dbec6477b9a796ed4d475e2d1b   00000000000000000004005a0000000000000000000000000000000000000000
1060000000   c78a051c40714dcfdf2a6451430bcf3feb00ce4eb1acde00ff81a2311f56d0d0   00000000000000000004005a0000000000000000000000000000000000000000
1061000000   7a999d1c125f3654e3c1844c863863a192e03ed03a0277fa50eee9907c0a9802   00000000000000000004005a0000000000000000000000000000000000000000
1062000000   60ab3c43dde027c98111b4303eea4159f2c7fc141978c6df6a2ef7724c80634d   00000000000000000004005a0000000000000000000000000000000000000000
1063000000   3361f88c8b38389c5ffd242cf00680df4aa7bbcbc5c5163875797db66ffe5e7a   00000000000000000004005a0000000000000000000000000000000000000000
1064000000   96df7c1f025de793337437bdaec8894814ae41ea074cbb5cd5cd50f89de8f9d9   00000000000000000004005a0000000000000000000000000000000000000000
1065000000   f57cf634f7031f9e95d93c8b896c7d15895d214ac848a02d9801ac0fa9e4d5c3   00000000000000000004005a0000000000000000000000000000000000000000
1066000000   9251fdde0175c5689f19030c0955da5ec330928e07c92c8fa990c89f3e7ebd40   00000000000000000004005a0000000000000000000000000000000000000000
1067000000   7837bf43315b7aa631d4ab95fd647a2a7210c249e7483007a12e2adf4a5965e9   00000000000000000004005a0000000000000000000000000000000000000000
1068000000   bc05850ded022624a97aa1fe8a5bebc1c803c15c0b347130913e5d668839f546   00000000000000000004005a0000000000000000000000000000000000000000
1069000000   4659836af04b44173ea6ee3224625915fa3ad1b08be65da2d9ae896996c9b099   00000000000000000004005a0000000000000000000000000000000000000000
1070000000   3025e6fafd138aa003dc1c7a1a2fb055e298439a6c7c37a826d99b59b251574d   00000000000000000004005a0000000000000000000000000000000000000000
new_height:  827347
RPC_URL: http://127.0.0.1:8332
RPC_USER: sree
RPC_PASS: admin
Traceback (most recent call last):
  File "/Users/sreenath/Documents/bitcoin_code/ntgbtminer/ntgbtminer.py", line 573, in <module>
    standalone_miner(sys.argv[1].encode().hex(), sys.argv[2], int(sys.argv[3]) )
  File "/Users/sreenath/Documents/bitcoin_code/ntgbtminer/ntgbtminer.py", line 549, in standalone_miner
    block_template = rpc_getblocktemplate()
                     ^^^^^^^^^^^^^^^^^^^^^^
  File "/Users/sreenath/Documents/bitcoin_code/ntgbtminer/ntgbtminer.py", line 85, in rpc_getblocktemplate
    out = rpc("getblocktemplate", [{"rules": ["segwit"]}])
          ^^^^^^^^^^^^^^^^^^^^^^^^^^^^^^^^^^^^^^^^^^^^^^^^
  File "/Users/sreenath/Documents/bitcoin_code/ntgbtminer/ntgbtminer.py", line 58, in rpc
    with urllib.request.urlopen(request) as f:
         ^^^^^^^^^^^^^^^^^^^^^^^^^^^^^^^
  File "/Users/sreenath/anaconda3/lib/python3.11/urllib/request.py", line 216, in urlopen
    return opener.open(url, data, timeout)
           ^^^^^^^^^^^^^^^^^^^^^^^^^^^^^^^
  File "/Users/sreenath/anaconda3/lib/python3.11/urllib/request.py", line 525, in open
    response = meth(req, response)
               ^^^^^^^^^^^^^^^^^^^
  File "/Users/sreenath/anaconda3/lib/python3.11/urllib/request.py", line 634, in http_response
    response = self.parent.error(
               ^^^^^^^^^^^^^^^^^^
  File "/Users/sreenath/anaconda3/lib/python3.11/urllib/request.py", line 563, in error
    return self._call_chain(*args)
           ^^^^^^^^^^^^^^^^^^^^^^^
  File "/Users/sreenath/anaconda3/lib/python3.11/urllib/request.py", line 496, in _call_chain
    result = func(*args)
             ^^^^^^^^^^^
  File "/Users/sreenath/anaconda3/lib/python3.11/urllib/request.py", line 643, in http_error_default
    raise HTTPError(req.full_url, code, msg, hdrs, fp)
urllib.error.HTTPError: HTTP Error 503: Service Unavailable
