debugnonce_start:  2000000000
Mining block template, height 827344...
header:  b'\x00\x00\x00 R\x99p\x9d\x0c\x03\xdb\xf9\x1f\x81\x13\x9e\xf9\xf3\xa5\xe5-\xdd\x18\x9d!\xb4\x00\x00\x00\x00\x00\x00\x00\x00\x00\x00k\x1d\x93\xbc\x98\xd2n~\xef\x06\xc9\x963\xf0\xed`\xf141!>\x80d\xd4q\xa9\xd1\x88\x80\xf3L\xd1\xa2\xa1\xb2eZ\x00\x04\x17\x00\x00\x00\x00'
2000000000   cf69cced89671f138a90194eb998e727b0f14ee707f3d64e99f4b4b3c5f9f6c2   00000000000000000004005a0000000000000000000000000000000000000000
2001000000   e315a204bc29c552d46cf1fafaae3852277ed7147a5dfbff46ed4320df5e97e6   00000000000000000004005a0000000000000000000000000000000000000000
2002000000   d4dbd08b2c76c1cceb1d6820365cb21dd3ef04f994c42ae700e00475707fa83f   00000000000000000004005a0000000000000000000000000000000000000000
2003000000   53c52cd35588001def5c44f6406c064de450a898425135f047baa0c24c0b368a   00000000000000000004005a0000000000000000000000000000000000000000
2004000000   632b3735b281c42923a71fd7a6619a399c7c8ada4f64283e1942f0e48766c30e   00000000000000000004005a0000000000000000000000000000000000000000
2005000000   fef6ed3ea4dadeb3442c970502e8a1896f90c4fd9e7c1867dc999c71c78f720f   00000000000000000004005a0000000000000000000000000000000000000000
2006000000   e8543898c4bd26e2e393ceec57cfa78ed77c5efb4bed7935e9ad39c300458e8c   00000000000000000004005a0000000000000000000000000000000000000000
2007000000   c6b3eb0e5c85e641130991ea6033095ee0c0c8ac4f9dffbd07207c97ae706c67   00000000000000000004005a0000000000000000000000000000000000000000
2008000000   75397ee0260260a22c74d0d309f973ac4a668e31a9ddac3e4e719409521505a7   00000000000000000004005a0000000000000000000000000000000000000000
2009000000   a92b1d3279971b74f85bc96484e6a263f5e027aeba81570cb5c4bf62b3711950   00000000000000000004005a0000000000000000000000000000000000000000
2010000000   ac45a180c0a868e7bb10fdcbf5d7eda9343a2e5bb9eec85918e3a46ed0f4852b   00000000000000000004005a0000000000000000000000000000000000000000
2011000000   2ff842058ca028d076c52f536b17f92b4e12ccb1790cb8a885b93a14aa732198   00000000000000000004005a0000000000000000000000000000000000000000
2012000000   9d1d1cca54a7525e4b54325d242c404bb13ae56cf32109de37379449c06b866d   00000000000000000004005a0000000000000000000000000000000000000000
2013000000   9b674aa32b1dfd88ce67cb94ce82e35543a813b4a239290f5ffbc74fe244c15c   00000000000000000004005a0000000000000000000000000000000000000000
2014000000   deb24e55dd56b903672bb8b5543ecc5a2daebd4998ef0f9bea0349c48b689023   00000000000000000004005a0000000000000000000000000000000000000000
2015000000   08d5c933ef4d200d30ce89e26c8c94665d68314a970f219a2da2218e68c65a81   00000000000000000004005a0000000000000000000000000000000000000000
2016000000   e0d7ad789d2116468a71aec57dbe7167cd5b40bbdf4bc55aa88e15c88f3affef   00000000000000000004005a0000000000000000000000000000000000000000
2017000000   b947f31a5f01e7591b1c1b85de85f6b5205e7094ae204196d8df0e088d45f194   00000000000000000004005a0000000000000000000000000000000000000000
2018000000   bd38ebf6f3696c464a5ec29b9e4e6439c3939acc02290d41d219c4706c11904f   00000000000000000004005a0000000000000000000000000000000000000000
2019000000   0e228cbd418b090b49bc27252bfa5075023c92c65f572e742eb574965d481f9d   00000000000000000004005a0000000000000000000000000000000000000000
2020000000   f2046422e9bc6a805e723c9cacff2ef6ef276881aec28d716d41e74a1f331d1e   00000000000000000004005a0000000000000000000000000000000000000000
2021000000   f52dfc021ab8eef328ab824351dea251d381736c594c5c2028e6b5806fea2ae7   00000000000000000004005a0000000000000000000000000000000000000000
2022000000   1cb96c2e0f2c763f6a2ac167fc6aea49fd1650bb0a60cb03bbf8d1ac1cf94744   00000000000000000004005a0000000000000000000000000000000000000000
new_height:  827345
debugnonce_start:  2000000000
Mining block template, height 827345...
header:  b'\x00\x00\x00 3\xeeH\xa5`\x1dp\xdc\xdaYl\x9f\x94^\\\xe08{h\x16B\xd1\x01\x00\x00\x00\x00\x00\x00\x00\x00\x00\x9bo\x1e\xfc\x1ei\x12m\xea\xbe\xaf\x10\\z\xb6\xcc\xff2\t\xb6>F\xdb"\xac\xa8$\xd6HHB\xfb\x89\xa2\xb2eZ\x00\x04\x17\x00\x00\x00\x00'
2000000000   d27f17646c341ba29872a5cede77a09490a8d5d82e1e210449b0cff95c743e1a   00000000000000000004005a0000000000000000000000000000000000000000
2001000000   954ee15f129d83a67cea9ad9519f3ee36bad6dcc13a4abd97015297fbee97019   00000000000000000004005a0000000000000000000000000000000000000000
2002000000   210c3292a376901c76c639013ffd10dd0ea391e6817a53903243dd8b6fcdb745   00000000000000000004005a0000000000000000000000000000000000000000
2003000000   92f5e18c666529b1f3a8315497604cc4de3359d565f03b0ce5f326cdc5efb314   00000000000000000004005a0000000000000000000000000000000000000000
2004000000   eb99318bad4963febb37aa1938f73b554a02d7271b1da59625332d16ae3c838e   00000000000000000004005a0000000000000000000000000000000000000000
2005000000   fd7b36a29051021734922beb8c579235d584fdd9e68b1d1048e48fb137678eb4   00000000000000000004005a0000000000000000000000000000000000000000
2006000000   04d9be1ae4d9055bf1f9012227dc6faad34d714593a0d75f408cfeee0793546e   00000000000000000004005a0000000000000000000000000000000000000000
2007000000   7bbca71f5ba5788c91bbf47cf24712dd2ebea3bc511060a4590eed1d89ae3647   00000000000000000004005a0000000000000000000000000000000000000000
2008000000   17cdc695bd9d50913f13ed4646bd991d679f721844990a70c048774be5e67387   00000000000000000004005a0000000000000000000000000000000000000000
2009000000   c20fd361d23a707550c359f5ac7cf1618379e7469276c90981470515d37264ba   00000000000000000004005a0000000000000000000000000000000000000000
2010000000   4f4a3dfde1d5a1e6cd0eb2ebb8d896f54eea4b42f42c423a57d571539faa7193   00000000000000000004005a0000000000000000000000000000000000000000
2011000000   1221fe5cf32876b29a0006032f6cf8289ecf72b6c9f98503240d24e5b5beedfe   00000000000000000004005a0000000000000000000000000000000000000000
2012000000   8883bf78408c46f230ecc5747da10433df17cb2f38b9644b2d7b081b9ddae64f   00000000000000000004005a0000000000000000000000000000000000000000
2013000000   c24621d3cd5c0373688142556c8dd68d0ac3792aa0a8d4155dc8ab74185797d0   00000000000000000004005a0000000000000000000000000000000000000000
2014000000   5732f01aedbd32568c9b44d9abcfb5049c719bc52330ecbed5c348497df974d8   00000000000000000004005a0000000000000000000000000000000000000000
2015000000   e50d1abbeee69194764a0e0e47415e8cb23282ff728bce472399863cffe7000a   00000000000000000004005a0000000000000000000000000000000000000000
2016000000   632b3da2afda221277c207e175b3d1464f89ab58416a71c5c15c6d1843ea6469   00000000000000000004005a0000000000000000000000000000000000000000
2017000000   4a16df14bcb04fe5a7118231b34569e438bbc996786978246cb36734fcc0e651   00000000000000000004005a0000000000000000000000000000000000000000
new_height:  827346
debugnonce_start:  2000000000
Mining block template, height 827346...
header:  b'\x00\x00\x00 \t8\xe6\x97\xcb\x94!\xeb0\xb8fY\x95\x89iE\x95\xa0P\xa7\xa4\x17\x03\x00\x00\x00\x00\x00\x00\x00\x00\x00\xee\xa4\xab\xe7e\x9e\x93\xb7\x10\xdaa\xe6Y\xd6\xdf\xe5\xea\r\xa1r\x9b\x94<A\xb1}\x8d7\x9e>t\xfb1\xa3\xb2eZ\x00\x04\x17\x00\x00\x00\x00'
2000000000   882186a8f680314906520236a08988e64dfd22b3163b83fb95200d4e1ec42af8   00000000000000000004005a0000000000000000000000000000000000000000
2001000000   f1d67066d0715e9f68b52e88e134c7216763b7849e60e74b9c79d03565ee86a2   00000000000000000004005a0000000000000000000000000000000000000000
2002000000   09bc96931ae9e9bd465e622bc58b83390cda9134c7591920021f3f54675ea706   00000000000000000004005a0000000000000000000000000000000000000000
2003000000   743f466192afa2fab3cdcdd2610ca0edd8927b4d4837b058c1881b081f990571   00000000000000000004005a0000000000000000000000000000000000000000
2004000000   db665428945cbacdb823c9a56e976b77a3b885cf148c14a01cc242d2e2b49422   00000000000000000004005a0000000000000000000000000000000000000000
2005000000   db571b3b96fcd2c8616e7e9d55f2a355680fae7ceb0d72d87e8a9e9d031e32aa   00000000000000000004005a0000000000000000000000000000000000000000
2006000000   53ab99fa2045a48fd659375abc0ad88c66e6e649f567eeadc8d03f5e3b39e978   00000000000000000004005a0000000000000000000000000000000000000000
2007000000   014011c81bfb688b286834d0c49a0ec875fbfcefb31383f36fe218e03fb5d194   00000000000000000004005a0000000000000000000000000000000000000000
2008000000   8bf77a052e8b354f0dd6d4ce5a838bcde876392741767deb6780b9457b9e4a29   00000000000000000004005a0000000000000000000000000000000000000000
2009000000   dc03d248cd3ee7dfcbb86cb1281e413fb0c6e217493043760e4edff062b65613   00000000000000000004005a0000000000000000000000000000000000000000
2010000000   342d5cbf3b36eaf05989ae435e2f188a495d4082ae839e690e841db39dd59513   00000000000000000004005a0000000000000000000000000000000000000000
2011000000   0cae71116b59e6c3f09dd029c61a4595e8c322f6c5b5f8034e12bbae03ae592d   00000000000000000004005a0000000000000000000000000000000000000000
2012000000   c91fc67531a83ee87ed0dbfcb376a4848e26324f63fa372ca00b97614f2a8ece   00000000000000000004005a0000000000000000000000000000000000000000
2013000000   7c355de93313595b8bb78ff0956e80c3451ab263d5f2f866bb49899c158fada3   00000000000000000004005a0000000000000000000000000000000000000000
2014000000   4e26a5fd6a765d0b32046daf7182b636ff1d4170611aac4ff20cc2c674068e3f   00000000000000000004005a0000000000000000000000000000000000000000
2015000000   b596a98d0ff117d26f26173b28ab903cc195bb6a02b7b2f2223c037026eccf47   00000000000000000004005a0000000000000000000000000000000000000000
2016000000   cd0d572a57a9100dce758fe4ce425b9ac389fde7f17fdc199a6560d328a114e6   00000000000000000004005a0000000000000000000000000000000000000000
2017000000   241f22d52ed5e343e721d40b1ca8c67a56d65b46174dee7be09de08075d8b41a   00000000000000000004005a0000000000000000000000000000000000000000
2018000000   c7154dac7b2a80aed017b3b00f0d471ec76e94ec62bab15bdb97eb216202db9d   00000000000000000004005a0000000000000000000000000000000000000000
2019000000   5efd1199d59cf4b4d6e67d6a1622c7455ccfc9b1c008fd2c2a08f898e5e20662   00000000000000000004005a0000000000000000000000000000000000000000
2020000000   c5f6ca3e490751691aed9ecf06186962c848718047bd7873f7b4a1f553e238c2   00000000000000000004005a0000000000000000000000000000000000000000
2021000000   80ec126b4d497df7df82379e42dcfa69a99da41ff760fb26ef9cd2030fce83bc   00000000000000000004005a0000000000000000000000000000000000000000
2022000000   56d21b87727bc36c6c702bec2a9013f9401a6f2a5c012dad3936e19a8448db42   00000000000000000004005a0000000000000000000000000000000000000000
2023000000   abf15527c580734f8c6cbacb91a6111a99d64ee4333aa6cafb4d95efb609f5d0   00000000000000000004005a0000000000000000000000000000000000000000
2024000000   55178226cbb75f7859f62a19a6dbdc5b9ff46685caccb8ded2c7087ae5da9148   00000000000000000004005a0000000000000000000000000000000000000000
2025000000   26e2f708fc0fb95454ffed42529cd3836898fd8a4db1b913e89abeb147585bf7   00000000000000000004005a0000000000000000000000000000000000000000
2026000000   a3dc4da4e5bfbe3648946f9a8344b83d75b711c1d776a29e7db26c0aaa6a9098   00000000000000000004005a0000000000000000000000000000000000000000
2027000000   6fd677800bca7d48454e705d4e4441cfb77974b2ec4f1d79698c6222133d10cf   00000000000000000004005a0000000000000000000000000000000000000000
2028000000   cbef608369edfecb3470003de6690bd403bf97a31bf591408ec53b75619ad6b6   00000000000000000004005a0000000000000000000000000000000000000000
2029000000   166a36d2716c654e5de45deac41ad8a1d6b036c6f512dc0760f4ad14dfcf9045   00000000000000000004005a0000000000000000000000000000000000000000
2030000000   b14bfea29773614e98a68488755389ff03e03b7fc762e8a9d602e526161a7cb3   00000000000000000004005a0000000000000000000000000000000000000000
2031000000   b6529b03357e2a793cd1faa69e7892f5ca6629baccb834a951a02e244c2f25e1   00000000000000000004005a0000000000000000000000000000000000000000
2032000000   ec0de74990ca948771374208532d8d7bdcf502a789bbfa481237e22b132e89d7   00000000000000000004005a0000000000000000000000000000000000000000
2033000000   be292bf98062f723a40f50de41439185a9d1ae059d5be4d2269f299aa8bbd5be   00000000000000000004005a0000000000000000000000000000000000000000
2034000000   a4359ba7484611384c7c78e3eeea65a43425082747a6b73f2c855e19edbcbfdd   00000000000000000004005a0000000000000000000000000000000000000000
2035000000   edf3f62a0f4a9625a5e7736fda8c6c01d3ed6f73c073d6a1259977791d23434b   00000000000000000004005a0000000000000000000000000000000000000000
2036000000   85b0b408cac86beef881ac2bba3777413473b14fcdc1a3f977ea43fb9950a267   00000000000000000004005a0000000000000000000000000000000000000000
2037000000   bd2f16ffc8be95a034ec55a8d33ee6c4c15db7faf5eab5c0d6299f468ec07ccd   00000000000000000004005a0000000000000000000000000000000000000000
2038000000   0e42babb53ed18c436492ca43416f2899248aa4b425e3437f18bf6b4e912607d   00000000000000000004005a0000000000000000000000000000000000000000
2039000000   c6d288736fc857a5c555d9b790847c34033144d4a9477e3b7075abb8ff22bec9   00000000000000000004005a0000000000000000000000000000000000000000
2040000000   2d1897e5e922924fda271cdfa9e51a6b423c290cd3c7ccf2e9ebd9c1bcbc419c   00000000000000000004005a0000000000000000000000000000000000000000
2041000000   3561f6819f4a72abfd7b3db5b186339f2cd066142db2750159046d379958d5df   00000000000000000004005a0000000000000000000000000000000000000000
2042000000   b07991a6dcc1e47105f3a3d65b1deb98e193c011be2393133bb3ee01be379f4d   00000000000000000004005a0000000000000000000000000000000000000000
2043000000   dd30afb71891911caa4a3a8ee1a491e6afb715c4bb9bf191ea366c61d34806dd   00000000000000000004005a0000000000000000000000000000000000000000
2044000000   639dc0ba20d18edf7dc09e66b4692bf9fde58665f4bf9294b7a027ab747d975a   00000000000000000004005a0000000000000000000000000000000000000000
2045000000   6ee8a71e75b6e5049df7ac96b1e4acd594b81ad233770d61681f48d5b155a6fc   00000000000000000004005a0000000000000000000000000000000000000000
2046000000   00915dd09b67a62a4a26cef705945617d5e9267f629ab61da41a524b97d73ed5   00000000000000000004005a0000000000000000000000000000000000000000
2047000000   572ebd953dad35a32a6a72ff0485ebf35dc6656c0dcdc4f41443b5902b280625   00000000000000000004005a0000000000000000000000000000000000000000
2048000000   50ba0073ccae753878b51369f1dbc965926f95bb6a869071cc0b80fc11347bd0   00000000000000000004005a0000000000000000000000000000000000000000
2049000000   ce04ec5a9301e00ab861635f32e8503dd821a4c38d66d97a7f195700d2923e2c   00000000000000000004005a0000000000000000000000000000000000000000
2050000000   a26e70e3e2e848a46a5527c73d3ed8eefa23e7f8172baceb20b55b5d8af11441   00000000000000000004005a0000000000000000000000000000000000000000
2051000000   fd99d20e4b93d5b7769ba71346f8d41f306d1decd0652482563a88bf1b182769   00000000000000000004005a0000000000000000000000000000000000000000
2052000000   1b678bc7c731b989a695f35284f1d7b00ee2f9f7aafaf6a5dc757f0b4cb29df1   00000000000000000004005a0000000000000000000000000000000000000000
2053000000   b94a4e4d7258923a39e7c645fdba57e42c147768ad07fa147c272af6b03a4bbe   00000000000000000004005a0000000000000000000000000000000000000000
2054000000   f7ae5a764795b2d53dc658829556d2fac2e29b5b47e669f01e7bd284e36ec7a7   00000000000000000004005a0000000000000000000000000000000000000000
2055000000   c4746fba04858800f6cef092330967da98605a30f79d26c3304cedb0a7659da1   00000000000000000004005a0000000000000000000000000000000000000000
2056000000   07629db8bf28dd14c6c2dc097234899e9721ee1a644555c963d95534c6af68a7   00000000000000000004005a0000000000000000000000000000000000000000
2057000000   31c48c68915bc381df6c51b2b066c542a606f71e0084384d58706d75629c0d5a   00000000000000000004005a0000000000000000000000000000000000000000
2058000000   df2255b4201599b002a597136255684bdb29e71df0fd67b9d9737386594a4eb7   00000000000000000004005a0000000000000000000000000000000000000000
2059000000   b2993f711c46eda98cfce7dbc5900b8b098eed11738ece35aea7ef501ae2266a   00000000000000000004005a0000000000000000000000000000000000000000
2060000000   e0f4ec52330ec3338156830f71a82e1a8d640e7c760669e5632234b22503f6b7   00000000000000000004005a0000000000000000000000000000000000000000
2061000000   5f0824f83ad9e1bb5d5c0ab9a69c42dce18c6d6c2fb5de091890a7984f957fb2   00000000000000000004005a0000000000000000000000000000000000000000
2062000000   498715042f188a5ec59f80dfb86e916799ece8cac8d4af8993d5341d4c0e22da   00000000000000000004005a0000000000000000000000000000000000000000
2063000000   b933c7093f940bf87f728c1483905852130cbce94ef757ed1ebfa0e83820ac52   00000000000000000004005a0000000000000000000000000000000000000000
2064000000   d5d0a6ffee263fb1838cc187d0bdae47d128bb0bde402972ed9e9c05dbf4c3ee   00000000000000000004005a0000000000000000000000000000000000000000
2065000000   ea66bc11d6adc1d9cc0b705205f633308543333dabdd2fb0bc78313cef468884   00000000000000000004005a0000000000000000000000000000000000000000
new_height:  827347
debugnonce_start:  2000000000
Mining block template, height 827347...
header:  b'\x00\x00\x00 \x9d\xaa\x170\xe1\xf8.\xf2 \x1c\xdeu\x97\xec\xe1e\xdf\x85Un">\x02\x00\x00\x00\x00\x00\x00\x00\x00\x00\xde\xf9\x1d\xe92-\x05\xd0\x7f\xcb\x1f\xa5\x05\x7f\xfd./\xc9\xb8\xcb\x14OV\xdfu/f\xe1T\xeb\xe2#\xc5\xa4\xb2eZ\x00\x04\x17\x00\x00\x00\x00'
2000000000   61fb055038e568284ad73c8d091cb7a772406874bbf88044cb081a2179e143d3   00000000000000000004005a0000000000000000000000000000000000000000
2001000000   d787a93bac1d813e9d67439afd031803dcf38ca2c84e0183c394f6baa41ea1e7   00000000000000000004005a0000000000000000000000000000000000000000
2002000000   9a1ed1b6e14942feb9b3a37b14a7a7f825a4011f2e26f3c9b3c40becfb85324d   00000000000000000004005a0000000000000000000000000000000000000000
2003000000   18496ae6e9f3f6dc315d82b82914e89fc5ec7da6571c128e98d849afeeb2cb01   00000000000000000004005a0000000000000000000000000000000000000000
2004000000   8688e751ca9e6a9298d4439b322d26e90a8edeb7fbdb17df253639eaec86f43f   00000000000000000004005a0000000000000000000000000000000000000000
2005000000   f346cbfaf0f00227cf8d5b6762f4f3ef800b40a97765fe47ce8edf625a7e83e0   00000000000000000004005a0000000000000000000000000000000000000000
2006000000   23584a29f02542f72a3c17c9b68b383a985c8db6ba638e75b7afef4fe064d73f   00000000000000000004005a0000000000000000000000000000000000000000
2007000000   c5c5a467d758eb7ad4c9eebd69d9dfc04bef6e861b9772671d839c0f204c3837   00000000000000000004005a0000000000000000000000000000000000000000
2008000000   d90aceed3cbf86b45e4c727027a64fb1df40e902c41ffc8524860b164a6b9a64   00000000000000000004005a0000000000000000000000000000000000000000
2009000000   99ee10e5ca374f08a4367f5e25905a90a3571ed9b1a88e69cb3856cba2a0138a   00000000000000000004005a0000000000000000000000000000000000000000
2010000000   86cbdd123df8e59a5c1953f95463ea4f674779c524b055c84d4c877274c4f7c0   00000000000000000004005a0000000000000000000000000000000000000000
2011000000   c3e0dc8d550f122553159af9c3393c5d785157057251ea3197bccfd6859ccb9e   00000000000000000004005a0000000000000000000000000000000000000000
2012000000   48f1f363caf0ad43e55552cf9e11b3df162b6f4c1513954729e3cf3432417ad3   00000000000000000004005a0000000000000000000000000000000000000000
2013000000   db5e1029c4fcd8c73c4b1dbfcdddbbb821f022d9e9242f39a1a48117566cda58   00000000000000000004005a0000000000000000000000000000000000000000
2014000000   8c426489b76b36949fe49593640554c7107a9a72d9f6804fffd574084f33a4d5   00000000000000000004005a0000000000000000000000000000000000000000
2015000000   61899665deb698dde655e3fcbee4394fd7993a3f232776844b2529dc52167afe   00000000000000000004005a0000000000000000000000000000000000000000
2016000000   e983d5504541e5649748b01251e222884f72d8939306eeece0345b2f6188b7b0   00000000000000000004005a0000000000000000000000000000000000000000
2017000000   d2a04a26d98f887b884a772827f171ec775ae590d0a8f378460b9ad45eeaf2dc   00000000000000000004005a0000000000000000000000000000000000000000
2018000000   e79e2ac25ef7a618ecf48e41e46f7d8c58545aa9d2d994b6683b7e6c9fd784e9   00000000000000000004005a0000000000000000000000000000000000000000
2019000000   cf3be1feba29c0710b6934a96afb9e8d6388979a0c629fbda7623faa1ffbc371   00000000000000000004005a0000000000000000000000000000000000000000
2020000000   0bb728d8429ad69b7891927a3e4248c88b6d88f73f48b53a2d21c06a868734da   00000000000000000004005a0000000000000000000000000000000000000000
2021000000   d2f007b2fe4a42aaa1e20868eaed1fd6ba1901fa8813bd113886d2cb9d8d76de   00000000000000000004005a0000000000000000000000000000000000000000
2022000000   609c57d8170521bd0ce42919070f58becbc317d41c419b7524c04b4cc443a4bd   00000000000000000004005a0000000000000000000000000000000000000000
2023000000   fb4731af8b206132aa659e6c797ef88ce26325bb4ef7e0937da4391494c824e7   00000000000000000004005a0000000000000000000000000000000000000000
2024000000   cb242ba477152f556fcd78e04fc40bbc78dda35b97b87c50240425795d2f8230   00000000000000000004005a0000000000000000000000000000000000000000
2025000000   5f92a0cc2d7a22e340af3f9ca9bf4cc584f0b322938c177cb99bc0b926411463   00000000000000000004005a0000000000000000000000000000000000000000
2026000000   243c6b0c526bf1b8dd43575fe7ba60a72de1243636e00219136046df09538b32   00000000000000000004005a0000000000000000000000000000000000000000
2027000000   8c2b065a26a7c9ce7ba461a782ccc4e7e4f253e30f67f4e4d279a1931734b3c8   00000000000000000004005a0000000000000000000000000000000000000000
2028000000   1b404724c34ecde17488000f539d24c99985cba92f44ccd9df92e943df58347b   00000000000000000004005a0000000000000000000000000000000000000000
2029000000   75d2984e7fb4dd0c3bf74a0dbac7153d117969121aeb5f8735c907742fe59b1d   00000000000000000004005a0000000000000000000000000000000000000000
2030000000   9a2b10e0c6da09714d24d7d066f94a4b4407718d40e89e192464d08a9d75b68f   00000000000000000004005a0000000000000000000000000000000000000000
2031000000   9a41623b70626b2f90d4ce0947ed419f09f8b0439773903b8f6bc81d4296941b   00000000000000000004005a0000000000000000000000000000000000000000
2032000000   422f08861fecfac51ee9afaf8b7b8af9d550c3bda5eb4ec6afc8c37b75b32938   00000000000000000004005a0000000000000000000000000000000000000000
2033000000   cf79180d972fefd25289b3ae78e6f3617ede840a1a6d76b050e4feb369873b3d   00000000000000000004005a0000000000000000000000000000000000000000
2034000000   982d0e0a716bc1f34f33edb190256397ff9acebd45ac8d99263aead3ffed9d23   00000000000000000004005a0000000000000000000000000000000000000000
2035000000   40b642f801a74f891c69d90517b7591f857f73f657646b5ee97aaad57c0d2a52   00000000000000000004005a0000000000000000000000000000000000000000
2036000000   e968f27bd9e2f2b13fc979fc692f0e78e37152c73da980f671729e77e3581975   00000000000000000004005a0000000000000000000000000000000000000000
2037000000   1fcd09a9fd753c50e123268a1f2d636b588da82543e0e2600524d2e3a61b3c46   00000000000000000004005a0000000000000000000000000000000000000000
2038000000   63c9c74069dd9109d7173b4a5de67a186beb1712c5acea3c31bc4f6173883c21   00000000000000000004005a0000000000000000000000000000000000000000
2039000000   a5c2b651e3ac9fa190f0b1c0532f482562487d26a655d6fde44388e15270d9e8   00000000000000000004005a0000000000000000000000000000000000000000
2040000000   81cb7c2a76034bd0918c457b7b03025d0d0143a9f565ca3f846fc320051cc7bd   00000000000000000004005a0000000000000000000000000000000000000000
2041000000   fd76ca59e95e25d547007fe48e2111e5b03f87e973d0c9452f96fdf9031fcf81   00000000000000000004005a0000000000000000000000000000000000000000
2042000000   cec9745fd4adc83d557f3d68ce0d635dd138e50780c629814279cbb3a12705ad   00000000000000000004005a0000000000000000000000000000000000000000
2043000000   aa95bbda883d88da02c6984aff78e58016355e32d94c468b47e79d3c0d5eafdd   00000000000000000004005a0000000000000000000000000000000000000000
2044000000   313d8455494612126d7922de3f7a18661138c114a79a672c1d35463b736acab7   00000000000000000004005a0000000000000000000000000000000000000000
2045000000   fe2a3f66f5cde8c19a47b652bf2dc6053a0f80e55e076a9325a182ff0c880fd6   00000000000000000004005a0000000000000000000000000000000000000000
2046000000   83b8774c04ec1a32a1a2697f3a04499bf7e1da590ecf5fd6054873dd3a3b9ffb   00000000000000000004005a0000000000000000000000000000000000000000
2047000000   accce4a6e8814244dcd5f1f082007368bf0e94d20e2ff556888ca6b4b7806295   00000000000000000004005a0000000000000000000000000000000000000000
2048000000   f2c9d2406d1a4da52c512c6509da62c6ea4125f452ecbf0db853661255c9a104   00000000000000000004005a0000000000000000000000000000000000000000
2049000000   04b5a8797c1103179b3c6e21aee99d1b8b8f57299c023bbf6152a206f8b464ec   00000000000000000004005a0000000000000000000000000000000000000000
2050000000   ea00692de28f1716fef09fb806fbdba605b9b9f304b896f5bf973223f46777ec   00000000000000000004005a0000000000000000000000000000000000000000
2051000000   8ce96309e516c982d27555621f58b0932874c06ad4de9fbb2fbea67fd39a0e94   00000000000000000004005a0000000000000000000000000000000000000000
2052000000   7b78b01d6752630bac863eebadb4a516fdd40673b0cb1fc8231af14e13be2fde   00000000000000000004005a0000000000000000000000000000000000000000
2053000000   c4bf0e580f7afd4d3072ad57a71c0113dd97d753019add577b3408a623ec7800   00000000000000000004005a0000000000000000000000000000000000000000
2054000000   98d8b3ffb46beb7d9a427f2c08ad7222d60499c02c0ad61bb2db20af30f021c7   00000000000000000004005a0000000000000000000000000000000000000000
2055000000   a12934b19f990c79fe6c8e34d45a4473be8369429756b5af33725f4810a4191f   00000000000000000004005a0000000000000000000000000000000000000000
2056000000   add251fc0a2a2deece5782be3c3bf5715445360c2fc43c3d904495c78480d6f9   00000000000000000004005a0000000000000000000000000000000000000000
2057000000   3705f2577e7ada54b0d984c870e3a4c11a106dcd0b76c6c869398306a4b63a23   00000000000000000004005a0000000000000000000000000000000000000000
2058000000   b39fbdb232ddd2857ff0076b2db48a577a3cb9438be14a391313bcb93401dac1   00000000000000000004005a0000000000000000000000000000000000000000
2059000000   75c187bdfc1697a0a4598248b90474802596d49bee72f9981db3d7b2854fa7bf   00000000000000000004005a0000000000000000000000000000000000000000
2060000000   43187336b8cdef8c69ee2da33001ddbe10f3733a1c9ba923c8822103d0d1949a   00000000000000000004005a0000000000000000000000000000000000000000
2061000000   0c68a527df2658a8894a89caa376b1d5af5d2e13443869be2dd224181e3c7a9f   00000000000000000004005a0000000000000000000000000000000000000000
2062000000   e29bbe41bbb21fa3397bd647fbdb10ea050661538cd2f08123595988c9bfd5ce   00000000000000000004005a0000000000000000000000000000000000000000
2063000000   8ffdf04dcbceffbcb0a020b916b978cf320bf93d5f6f8f56e4664306ff8fbfe7   00000000000000000004005a0000000000000000000000000000000000000000
2064000000   4558b002f1c821c551feed0038b5faed2961ddbd66df8dc7ec6f8833cbfcdbc0   00000000000000000004005a0000000000000000000000000000000000000000
2065000000   a227bd57c6c47d18c804e6f922451da495b511f44883fb17d9af7a01e0f0523b   00000000000000000004005a0000000000000000000000000000000000000000
2066000000   c212c7623e9daa7333bb0fb65800afef02e897278a5f1d89cb0c62872527d57b   00000000000000000004005a0000000000000000000000000000000000000000
2067000000   aa8db249f13f20aadb3542c1b2e3fd06cdef2aff0bda8d1425b5a9bd92ade0dd   00000000000000000004005a0000000000000000000000000000000000000000
2068000000   ff68733d958a827f2683407e459d66c4b0627b67d7fb48074ca26fcec8a5ee48   00000000000000000004005a0000000000000000000000000000000000000000
2069000000   cb3fabe9dd0551eb7fac82492340b43648c95a4d7fe63730e87adf5130ce2279   00000000000000000004005a0000000000000000000000000000000000000000
2070000000   d88ea9f53055294f78a16e791038d65af29fc74c62e8dc4f3c5642fe6c18342f   00000000000000000004005a0000000000000000000000000000000000000000
2071000000   7e1e0a57a56c7b254675b2bcf23be988837ceb98818bacc35a5251b51edd387a   00000000000000000004005a0000000000000000000000000000000000000000
2072000000   ccadde3f27d3406a4400f163ffe0a21f67098592e40f74232fab8d110462d807   00000000000000000004005a0000000000000000000000000000000000000000
2073000000   f4b7e0aebaaaf852b53c3572d7119f86d786845a7abcbafea39ee63abd3b3bcf   00000000000000000004005a0000000000000000000000000000000000000000
2074000000   5e9e365de853e8265f03db34145349156f0026355d97e4dd987013baeddad90e   00000000000000000004005a0000000000000000000000000000000000000000
2075000000   e0ef34166586da3cd0048e6dc702e40eb4b363a5bafd715736d46156b6dbf182   00000000000000000004005a0000000000000000000000000000000000000000
2076000000   0597cc7f7325b44a701a246f02a1050f9e2198465f8f87c20fe500f94f660012   00000000000000000004005a0000000000000000000000000000000000000000
2077000000   265797ee236f09f84fbb0279f21e2ea9b57358219701f9b193c912f5143ed88d   00000000000000000004005a0000000000000000000000000000000000000000
2078000000   1cb0b03f1f164299f027e4568bfbae68e2b2d1fc61d92c9fc6961425f3c89273   00000000000000000004005a0000000000000000000000000000000000000000
2079000000   23836446cd2dcb50b915b29d08b09ec54824bf28fc52ad4eeee6f4e255eecdd0   00000000000000000004005a0000000000000000000000000000000000000000
2080000000   db1672ff4a6b5d12f7692f3cc0f2ddf3ffc3d1db315ac78bef0d365b0d4e00e1   00000000000000000004005a0000000000000000000000000000000000000000
2081000000   6ce0d9e48fee1a1c77937423c3f3f8a277906d78b2d1becb875eedf192a66e3e   00000000000000000004005a0000000000000000000000000000000000000000
2082000000   d57894934f19ac6810a3ae4592089ea144f72a2bcefbbc73492fa286befc8b68   00000000000000000004005a0000000000000000000000000000000000000000
2083000000   128151bbc9cacae41869b5c40a02dd43412ba3196650a3c9c0c06d4599b9e06b   00000000000000000004005a0000000000000000000000000000000000000000
2084000000   c0261f3ca14ba6d961c52a3a57e2bcfee2b2ed3b9537aa7854a94ab12fef92c6   00000000000000000004005a0000000000000000000000000000000000000000
2085000000   93ed15c0b46f0bbd89f55c75e731f3fba80970f51afa2047ce4dad14d429c409   00000000000000000004005a0000000000000000000000000000000000000000
2086000000   13f51dc909281b71e7cfe742b60269daaf60418a21dfb13c38a074bb66447528   00000000000000000004005a0000000000000000000000000000000000000000
2087000000   95f2ae83af891f192f89c15e24883ebf8e322edefa795d11f6696af37bf5a8de   00000000000000000004005a0000000000000000000000000000000000000000
2088000000   aa02e363876056e630820a0a21c835cc3e3ec3c0e4247812946a6e5e1d31a239   00000000000000000004005a0000000000000000000000000000000000000000
2089000000   0235b13b06a281608a4d41dde99add1c7f80ac7cb4c46e38b6c15471ec316696   00000000000000000004005a0000000000000000000000000000000000000000
2090000000   011568ac9f315a727e43e4052fab74321c55c40f630ed4b3523a43667cba0d6f   00000000000000000004005a0000000000000000000000000000000000000000
2091000000   3613afc37f90042e71d38aa98c2854a6cc2a60ce5baaf01fdee56b1f0b371c45   00000000000000000004005a0000000000000000000000000000000000000000
2092000000   2b3863077b732ad30067b9d1b08886039ad99b87b5487bb98aaa572a21f5385b   00000000000000000004005a0000000000000000000000000000000000000000
2093000000   052499372f424275f21d0287a74da221de37cfa7d962ffb32e53b5953e48472d   00000000000000000004005a0000000000000000000000000000000000000000
2094000000   de50bfc5948f8810e469cb29e04395df98f693b165a28e5b8eddcde5ea0ab0c1   00000000000000000004005a0000000000000000000000000000000000000000
2095000000   f2b9e52dcdfdf0ecf5b0fe37887561dab16f26d8f1ee4b94360aef24f6bae4a4   00000000000000000004005a0000000000000000000000000000000000000000
2096000000   2c89b4881f2335418e05b5bf80b05f159c2b580f759ce9e8e43dde5af97f0f4e   00000000000000000004005a0000000000000000000000000000000000000000
2097000000   3ae41d716f6aef074d1282d8b4cabc66ceccab016fdbc9050138f87de4e7eeed   00000000000000000004005a0000000000000000000000000000000000000000
2098000000   725d9788d774fde45de34cf08429bd039dabc6e2afb863455515f534f3f4bf68   00000000000000000004005a0000000000000000000000000000000000000000
2099000000   11df9571277aa2f808ed7e2b9f0cdd56bd9457a8d754662d3b8e0edf60771f66   00000000000000000004005a0000000000000000000000000000000000000000
2100000000   083a47c9cac0df56347c3d3a4946e1bf4318a9e353313cd3c70b21d98d5e4fb0   00000000000000000004005a0000000000000000000000000000000000000000
2101000000   52b5782943b0db6e90a27b70425499b1615ca0359628da38dfb31f8ccf3dc990   00000000000000000004005a0000000000000000000000000000000000000000
2102000000   b8816420cb68b1c79e9fb9afe804a3655a491328e35a0c2288cbd8305fd99fb7   00000000000000000004005a0000000000000000000000000000000000000000
2103000000   359dcbeb4ac9cf7ee486e62bb8c57cc236dff167d89b089230ee88975298e9e6   00000000000000000004005a0000000000000000000000000000000000000000
2104000000   2eb1a84926ed11e214bc43e9e4ccd66d69f3083bec691e8cc5f8afb2ba463d34   00000000000000000004005a0000000000000000000000000000000000000000
2105000000   bd605359ff1e0efdd3471858b580227652901edd341cfcdbd374c2943b054943   00000000000000000004005a0000000000000000000000000000000000000000
2106000000   374bfea437d190c421c233815eb0bb3a1ebe30bda787117b20c0338225abbd35   00000000000000000004005a0000000000000000000000000000000000000000
2107000000   cee8aeb1fd5484a84880f742c51716f4802358766c8c188b8db1a80319a3f80c   00000000000000000004005a0000000000000000000000000000000000000000
2108000000   5c1feea1d2b50d5552358342551b73973c285925e91275989ce19f552e2f8cd8   00000000000000000004005a0000000000000000000000000000000000000000
2109000000   6d302eeacc4bf2c36324c150d5d396f35ddab869b89f9167fd24a58b1282317c   00000000000000000004005a0000000000000000000000000000000000000000
2110000000   86828434a7d2b623d50e0d8cd53d6dd72efeae7b188e13446eaac25ffd90792f   00000000000000000004005a0000000000000000000000000000000000000000
2111000000   3f461bb5568bb9bb6628a014a0303aef7f9ec51a5558d5cde8f55f23438088a1   00000000000000000004005a0000000000000000000000000000000000000000
2112000000   698afecf837eccb9f524e238ce29ed76867d455016f9ef3fc3bc8f96af513b41   00000000000000000004005a0000000000000000000000000000000000000000
2113000000   8ef7f0d6dc54db4848000d304334e098d6f1b6e67aeea3ca6eaeb2a8df53f22c   00000000000000000004005a0000000000000000000000000000000000000000
2114000000   4ea486a725e1a1a326ef31a7cf6bfa28366d877996a18d03e1da56b78a4c4c6a   00000000000000000004005a0000000000000000000000000000000000000000
2115000000   2c9aa27579a6033741ac9a3b05613223ee7d029292e475ba9e8f53b708b77456   00000000000000000004005a0000000000000000000000000000000000000000
2116000000   6592ba7baba98fd1ce26785c4f034fb8592058514d3fc270cffd219c3a63f87b   00000000000000000004005a0000000000000000000000000000000000000000
2117000000   de5bc80a395c7f3faa839c4ece0f467ebefe87902c26cb54533eeaea9002b4d9   00000000000000000004005a0000000000000000000000000000000000000000
2118000000   3e01a92242cf261af82343f015cd5a52ab3090f9ff380b8248dc48210c52c0b2   00000000000000000004005a0000000000000000000000000000000000000000
2119000000   0b42d8ca3640f90d717158b998df19e607f98179b53e1404ebe1a4800c45ab95   00000000000000000004005a0000000000000000000000000000000000000000
2120000000   cc08da6132f2a5abfb280cfbb38eacbc5ab2f5089467b71324bf5b9921ce6c34   00000000000000000004005a0000000000000000000000000000000000000000
2121000000   16f939e544558c5584b58daf204e29a02e84a2c3528c6ff981ab49f4dfbc44f2   00000000000000000004005a0000000000000000000000000000000000000000
2122000000   881713e60b8ecab52fdf05658978f17228bcfb55aa0934413c7d3d300cdcce81   00000000000000000004005a0000000000000000000000000000000000000000
2123000000   c97ffd8e2ebb6dd578d0203f025909bba5f7b7583f524a1ec546993fdae6db23   00000000000000000004005a0000000000000000000000000000000000000000
2124000000   b4fcaa52dc40d79e79f3521a200c6add3eac2bee06deadcf778c326931ac8592   00000000000000000004005a0000000000000000000000000000000000000000
2125000000   b1e4fe429d0da71c73a5a075295228ffa80435e9720eff19c6f9b3e6bc36a45b   00000000000000000004005a0000000000000000000000000000000000000000
2126000000   ecd753173cd1318d79abfd92634b5b8b7d0bb50c12d3bd4f46353e49ac4a1330   00000000000000000004005a0000000000000000000000000000000000000000
2127000000   46cc4222cc1c1c589595bc9ef59875b1aafc1d41fbe722d73e90cf5fa5b3bcdd   00000000000000000004005a0000000000000000000000000000000000000000
2128000000   d4c198f50876cc2f089e790476e28688fe8fc4e090ef1a343d9982c76c35d6f8   00000000000000000004005a0000000000000000000000000000000000000000
2129000000   37ed3a39ce45feba31a9b35d9b9d7a135c57b24f189078eb90092ccd349687d4   00000000000000000004005a0000000000000000000000000000000000000000
2130000000   a6d9bf4255f2c1e766f4b93e05b24e534fcb83016829cdb283288e59e68f5484   00000000000000000004005a0000000000000000000000000000000000000000
2131000000   24484630e22bc40f3341c33d4142099fd0b4de4bd8b554c80b568b92fdd0fe17   00000000000000000004005a0000000000000000000000000000000000000000
2132000000   132433d0a8a922bba487f6bc15f1ede4d6ab31d4c941c34e660e3dbfb28b63b1   00000000000000000004005a0000000000000000000000000000000000000000
2133000000   fba18f22a2525803256adb74284413d03d43d71cc6de67ead5634b08b0b54733   00000000000000000004005a0000000000000000000000000000000000000000
2134000000   118ddf2cbf5343dbc2fc641ac126d13933290930a747be7af8ef73905b6e41e2   00000000000000000004005a0000000000000000000000000000000000000000
2135000000   8d06221ab21c3add3deaaae57fcf5cfa9f8422d9a4882ed8c57e3a5d908864c9   00000000000000000004005a0000000000000000000000000000000000000000
2136000000   c94afbbe001b58496eb661a0bdd2910106785a6876316bf2307b396875de37a3   00000000000000000004005a0000000000000000000000000000000000000000
2137000000   42717ba166a27ad01dfbd926f73504531086ee6c45b04152a3846951a60e8587   00000000000000000004005a0000000000000000000000000000000000000000
2138000000   b1100684ad0414353c4b1935429f6ab7854e8b9f3805380dd4ecd640ae0902c2   00000000000000000004005a0000000000000000000000000000000000000000
2139000000   c98d4b62843ad767a124df059d1ab47b38aa93d19ef209e36e738f35e43cfd46   00000000000000000004005a0000000000000000000000000000000000000000
2140000000   d38c6f5f69cf980c7ff4c0a4c9a4170980f87d72ea1b3fdd58f407d1b0e36c85   00000000000000000004005a0000000000000000000000000000000000000000
2141000000   1eda02de4529fc316e7a08a0ca669ba80ca2299e80cf3870ec36b282077c6953   00000000000000000004005a0000000000000000000000000000000000000000
2142000000   e823e6f8772329fd6735789de007e4b16e4dec9c541201b5fd31bf5e5e0ce30d   00000000000000000004005a0000000000000000000000000000000000000000
2143000000   026c094beb0266ec376b05649616bb1ebdbddc39703364051f28f7017c1b6656   00000000000000000004005a0000000000000000000000000000000000000000
2144000000   0ea1f3faea8a29c6d339ee291f96d82b9686aa8b3c79932192bdbd1cb6eb8823   00000000000000000004005a0000000000000000000000000000000000000000
2145000000   3d7b9d50fef349379d54f63cd5b2553419c5329c876fbd62393d3e5ffa8c3f96   00000000000000000004005a0000000000000000000000000000000000000000
2146000000   6fd366118eb7dd3a25d7b565d89c7022d2d34370d1ef209991e30cec365565ed   00000000000000000004005a0000000000000000000000000000000000000000
2147000000   f7b7ff94eba67f96de269251857fd7cce0e7bb3d9487410a0d427327b9e0621b   00000000000000000004005a0000000000000000000000000000000000000000
2148000000   976104d9eac7b9882ccb2ec23c696b79238574324e6bdbb6de251a1a1789f5af   00000000000000000004005a0000000000000000000000000000000000000000
2149000000   2e0a20f77e5dfe4ec15aa554a094829006bd0729d88d1bfddddb440303f50d33   00000000000000000004005a0000000000000000000000000000000000000000
2150000000   b45e81e0f273310a9bdc1f3174d3d253b06163cc2d535f7f39d9dc68261506d6   00000000000000000004005a0000000000000000000000000000000000000000
2151000000   948ac78a72d8b4e826c8e9acf1a362aa27e91b58b3a7072a62a4e2ba0d76d6aa   00000000000000000004005a0000000000000000000000000000000000000000
2152000000   7696da64d7e38b7a49d2f39421c5dde8424047b636a736ff8b58f07fcf4ec60a   00000000000000000004005a0000000000000000000000000000000000000000
2153000000   a937072e23d0b8da5bf231d3584a7dbaeb1ecb7a8f0c17938fd7ff8d40d74d47   00000000000000000004005a0000000000000000000000000000000000000000
2154000000   dec2c95dcbd4c9ea610051d7e7f2b74919bfe2cc94c9687846ce0b5bb00e0657   00000000000000000004005a0000000000000000000000000000000000000000
2155000000   481ea00324e1fd4fb3ff5cc1dc218e4a31e26d4cd2bff20a44090ef8cf30ec6e   00000000000000000004005a0000000000000000000000000000000000000000
2156000000   3aba8146a975f8d493ea95f694894dcf2558d02ba2de253550e23bd0df17d29a   00000000000000000004005a0000000000000000000000000000000000000000
2157000000   6c2228593d7d4c1fd17b45a94053ae53b012148de44d8029f6ffd3fb4f4a8186   00000000000000000004005a0000000000000000000000000000000000000000
2158000000   fe63524f41ab36539df2ce07ab87000176b2e4b3c520fe5c187a1ac7af1e2bf1   00000000000000000004005a0000000000000000000000000000000000000000
2159000000   fe7d1dd49d89f03a387573791c3ad3ddfdfbe83421d49b3383787f1545a8fb3a   00000000000000000004005a0000000000000000000000000000000000000000
2160000000   3535485327958f4702dc861ac3b9fe4649ac62d9adb5f508699f7262318325dd   00000000000000000004005a0000000000000000000000000000000000000000
2161000000   b3f456a3f089c38516d8766d0bcd3ef9a3158d9fa15ad167bc3be1b3c852e543   00000000000000000004005a0000000000000000000000000000000000000000
2162000000   714dcfa7d6ab38e51d6768870b379a7de536ce25ad600e6839faad4090047457   00000000000000000004005a0000000000000000000000000000000000000000
2163000000   65c5facfc003768efc14e059c6a66bc719a9f254a79f494bdb38c0fff55dc449   00000000000000000004005a0000000000000000000000000000000000000000
2164000000   45689d8a7ae906e4154ee888533c33a88c5a82813d36dabcfd4065fc7c523048   00000000000000000004005a0000000000000000000000000000000000000000
2165000000   