debugnonce_start:  0
Mining block template, height 828267...
header:  b'\x00\x00\x00 \xb92g\x89\x93`a\x9f\t\xbc\x18\x88\xfay\x9ag\t:/\xbb4+\x01\x00\x00\x00\x00\x00\x00\x00\x00\x00A)\xb5\xd8\x07\x18\xdf\xb3\xf5\xf6\x81\xbc\xbe3\xd3^\xda0\xa5\xc5@\xdb\x81\x9f\x8b\x86k;\x10\x01\x07\xed\xd6\x82\xbaeZ\x00\x04\x17\x00\x00\x00\x00'
0   ad664b2164e4d4ffabb5f1041181c19c10d6f62f32e4eeaf2a408005538f44d2   00000000000000000004005a0000000000000000000000000000000000000000
1000000   d57d285a40283ad6bbf27232d549c30070b6f2566e276fce8ca25c2ef1c55d82   00000000000000000004005a0000000000000000000000000000000000000000
2000000   31164709247751d4379ecc6d38f746a47dbab8d5296de083ee6035a04fcfd298   00000000000000000004005a0000000000000000000000000000000000000000
3000000   0f5d50bb4431a4c528929eec0007ad6f8c58d85f6014015842f32c6ea2fc4f0a   00000000000000000004005a0000000000000000000000000000000000000000
4000000   538f54c8f601ef506dc86ff313c307677b4bb2ba3f49becafee400d8231248fd   00000000000000000004005a0000000000000000000000000000000000000000
5000000   beb50a997ff65a061fc569518664bbbec7139e03008ba257aed0e6e07d289cf3   00000000000000000004005a0000000000000000000000000000000000000000
6000000   f7650ce8045a7d0811fe11ea71a786776287ac10252ddf33ac8fe1aa675d3aad   00000000000000000004005a0000000000000000000000000000000000000000
7000000   52696be713e7224c359e433848d45b3ff7943fa581600bd92cefe4fe39020d42   00000000000000000004005a0000000000000000000000000000000000000000
8000000   0aadc8ba322d195c5212f08146e3a88bb4b9500aa5c31fd0761d06d854f6e2a6   00000000000000000004005a0000000000000000000000000000000000000000
9000000   8016c59788889b342778b2f2f49331d88ba7cd5dc8042e060f1b8b4793f4b0f2   00000000000000000004005a0000000000000000000000000000000000000000
10000000   44af5f281742521f4093902a50bd690ef297fd702c39c8f09d715d486782c3bd   00000000000000000004005a0000000000000000000000000000000000000000
11000000   a1c5c35acf80c6541b7ddb0f6cc9c5976fdb48a486f74ef236e123d42eac3b52   00000000000000000004005a0000000000000000000000000000000000000000
12000000   68a345a93f80ac92f8071947d39011985ac989615b0e7ba7089cfd3fb9de9321   00000000000000000004005a0000000000000000000000000000000000000000
13000000   72ec3250a5e4ced7487e06b735073cb9514b1d4e5db24e59090db20d749e81e5   00000000000000000004005a0000000000000000000000000000000000000000
14000000   4eb1e1846c73f56bbdc82e6a41e2fb8fcfa8bee70bc008a8fd2354cf2b0f9b60   00000000000000000004005a0000000000000000000000000000000000000000
15000000   7143539851aa83fc001918b5662fe2f0f98c42bc1bc28dd51be098c572a1d1e7   00000000000000000004005a0000000000000000000000000000000000000000
16000000   8946588ad7dc031869024634d921304d87e8611853836b726400ce6f709d23e0   00000000000000000004005a0000000000000000000000000000000000000000
17000000   4ef95426119fb57590d34576fa9ecdf21513727320ca003b65e36da203b07b0d   00000000000000000004005a0000000000000000000000000000000000000000
18000000   8ad0f7c9b5d1b2f8f8c51ce3e57cc2248f8a5189654b22a0385766376fb4cd38   00000000000000000004005a0000000000000000000000000000000000000000
19000000   bd8aaa6f33b297e7d4ed9c5e109144281ef7b622a4cb8f29e162b3fc60059fb1   00000000000000000004005a0000000000000000000000000000000000000000
20000000   b40a784e553551eb0517906878e2f3ffdd3731727d369a57dba3dd5f056c97b6   00000000000000000004005a0000000000000000000000000000000000000000
21000000   2580b63b99f788da58689a11722ad3d8e20f611518670dd1b3400492c0feee59   00000000000000000004005a0000000000000000000000000000000000000000
22000000   10b1685d19a1182e5d285630a62660531bc8ba9f1a9f0ef8a14ca26b5263be34   00000000000000000004005a0000000000000000000000000000000000000000
23000000   8abbaa74ba45646bdb3afa4f98d6602c7cb4048d4eed992373dc22c5781c3e24   00000000000000000004005a0000000000000000000000000000000000000000
24000000   37c6914050ff165c5ddb9eb7047b58db4332aa19273cb29ef2cfecfc4cd68a69   00000000000000000004005a0000000000000000000000000000000000000000
25000000   65dfe3063fa497a00d3ba4b895d3481e993cb7fa4ea44ddc864e98c11aade5d8   00000000000000000004005a0000000000000000000000000000000000000000
26000000   0d20384121e096ca91a6ca9b5213fcfdbfcbed1937869a7dce060877d5a27e60   00000000000000000004005a0000000000000000000000000000000000000000
27000000   e1928ec60cb76e831ea36365e24d40a034b055dbc14852445416636a87898356   00000000000000000004005a0000000000000000000000000000000000000000
28000000   93945470ed389236617f17bff94ad988842cda26757f7391cb3a0a869d3a6be2   00000000000000000004005a0000000000000000000000000000000000000000
29000000   822d7ac75c50fe31759d099ea2ee8e844d634902403c130fb1f85f9e3aa3f304   00000000000000000004005a0000000000000000000000000000000000000000
30000000   42905987f04daefd37f7511b8fd53ae6bf31eb0f24162369702ed449088c47c8   00000000000000000004005a0000000000000000000000000000000000000000
31000000   294c8d16a4327dcb47f481522408e1797b94b5b2874f31902b80cb9ecb3b10cc   00000000000000000004005a0000000000000000000000000000000000000000
32000000   318831a63e4f3f23d8e609d3bdcc7a0b6d447a5c821314e58b1dab7ccb19e48e   00000000000000000004005a0000000000000000000000000000000000000000
33000000   bd2fc660d493e0097d822fe314b8323370bedc30935f38764ab989a23d1b1962   00000000000000000004005a0000000000000000000000000000000000000000
34000000   6d5c13591bdef14d26f030fa9a6df22e1bc61b0c611cde32bda056c64551f91c   00000000000000000004005a0000000000000000000000000000000000000000
35000000   334fbfd2635144e1a7594bd66591a352388fdf519702e46af8d32f63db2a3647   00000000000000000004005a0000000000000000000000000000000000000000
36000000   bd89fc117f5826b4a7bce2ae7ab379f55e1527ebebe35e81641de66a8581c91d   00000000000000000004005a0000000000000000000000000000000000000000
37000000   285077f0f3238a04598998c20c67678b3e69149064aabb12e3336ee81bbbee43   00000000000000000004005a0000000000000000000000000000000000000000
38000000   7d4b8ebc1e8c795f7b889c92ba712796b371f099bae244476d98d994ae647423   00000000000000000004005a0000000000000000000000000000000000000000
39000000   f088e360a5abd1eda5c10b6bc07b2c12c0e1f51c2fa41b7925df0eae38be2f31   00000000000000000004005a0000000000000000000000000000000000000000
40000000   dc8263f1260db9c2ff27ff8475069e9d94a0d803f9f408408ef11b390f66e242   00000000000000000004005a0000000000000000000000000000000000000000
41000000   c79c8833b9acf0ccacb7680863438973bac933f2577fa947589f8adc3830f654   00000000000000000004005a0000000000000000000000000000000000000000
42000000   c415635878aa054e7fda63daecba9f9d0d05f4eae057199abf15e10e7f8ec9ec   00000000000000000004005a0000000000000000000000000000000000000000
43000000   93cb6ac0fff6d99dd468cb68c2a7eac511711c98b436bcadd0605f6758a4390b   00000000000000000004005a0000000000000000000000000000000000000000
44000000   0db9c544c32b992b078c6d76a65ec29c79aedc623c30458140460263e89ed6eb   00000000000000000004005a0000000000000000000000000000000000000000
45000000   dabe7c7c6b1880eeb544e618846dcbaf7cca8faca5ec82e06a87c3260926ca2a   00000000000000000004005a0000000000000000000000000000000000000000
46000000   fc1a18db15f720700bdbcbb7dffff54e860cde1875f12073f52a35a1fb7a810e   00000000000000000004005a0000000000000000000000000000000000000000
47000000   6807e89a3e7456f97b1b704136a6428bab72288515987e6cb597b8dc002c4e6d   00000000000000000004005a0000000000000000000000000000000000000000
48000000   460514333778e20cb077300b5d2b26dfe9e5f39f51127d64b651d721e1d11da4   00000000000000000004005a0000000000000000000000000000000000000000
49000000   96f56d00021f9ad293f7ee463ce90389389ea747ea8cbf71ffc2726d3557489b   00000000000000000004005a0000000000000000000000000000000000000000
50000000   17d616e7120ce8b814ee6553935744e6ae46eba397c30df5c85244d15b642791   00000000000000000004005a0000000000000000000000000000000000000000
51000000   58e09778b7aefdc99cafa02c072c43ed28c5ac01eb4d84a29823e820a789e4c1   00000000000000000004005a0000000000000000000000000000000000000000
52000000   dfe3e56e7bfcbb9acdd1c3b15bc1a2ff7057bf06f69c22b919d583864936c0b6   00000000000000000004005a0000000000000000000000000000000000000000
53000000   ef440907bf176847a6b7b0b2bc05d619cfa9f8c240be6a238fa4efe77e065924   00000000000000000004005a0000000000000000000000000000000000000000
54000000   fdeb5afe2e7a225e62d2685412eaf4f2b058d113969ed368835902bd01849e98   00000000000000000004005a0000000000000000000000000000000000000000
55000000   