debugnonce_start:  2000000000
Mining block template, height 828267...
header:  b'\x00\x00\x00 \xb92g\x89\x93`a\x9f\t\xbc\x18\x88\xfay\x9ag\t:/\xbb4+\x01\x00\x00\x00\x00\x00\x00\x00\x00\x00\x0e@\xba\xd7\xb0\x92\xfe\xe8\xe3\xe7\xcbf\xab\xd5c\xc5\x12]2v\xadt\x00\xd0\xc7\x9a\xc4t?{Z%\xd6\x82\xbaeZ\x00\x04\x17\x00\x00\x00\x00'
2000000000   e91548b854377da7f7ad7f69a6674b765cff868624504c178c291344264b5d38   00000000000000000004005a0000000000000000000000000000000000000000
2001000000   add4e67433bad757c4557a43a7612fffa0058b76a477b051027193b17a0fc5dd   00000000000000000004005a0000000000000000000000000000000000000000
2002000000   ee06d60b743e9b4385fa34bfccf45389f4046594f8b56118b3ac887d2fed3c76   00000000000000000004005a0000000000000000000000000000000000000000
2003000000   5eeb98da0db4edac6398636b220027ad416ec2eb3bcc5b3c0f6c2100e5dfa9f0   00000000000000000004005a0000000000000000000000000000000000000000
2004000000   ed8617ac8cdc7f99ea989a461d096ec24d7fde7b7630bfe71e23a3725419b6cd   00000000000000000004005a0000000000000000000000000000000000000000
2005000000   f01dcb38d40f3a0e5c67c89cb196f580a2a23aab68da829421b70bcf562c4e47   00000000000000000004005a0000000000000000000000000000000000000000
2006000000   559531656ed77a2e7e7bcae71d2639c56ae0dc00952da946c79f60005273b7ff   00000000000000000004005a0000000000000000000000000000000000000000
2007000000   9d1e78baa07be183c5fdf5253409d9d5842bffea5aa7783e638f4fc71e59468f   00000000000000000004005a0000000000000000000000000000000000000000
2008000000   0966d0ab663265f3c8ed1bcad51087a2218c848a513362fb537acf980135d211   00000000000000000004005a0000000000000000000000000000000000000000
2009000000   aca718dc58e4f7327350403b9688ef83f1df0845c9a11dda2d9fd8d360231194   00000000000000000004005a0000000000000000000000000000000000000000
2010000000   1ac2c5867d7e20b38ddec250e62820cf2837c08579827ceb2c28c115369c294b   00000000000000000004005a0000000000000000000000000000000000000000
2011000000   e34fd676afce41c5aa13d9e97dda7129d3b08f134f152830cc94e2d7aff31961   00000000000000000004005a0000000000000000000000000000000000000000
2012000000   6ba446d6e5416671280130c59439892ffe697afd1f6ba1f5d3b297d09eda7d19   00000000000000000004005a0000000000000000000000000000000000000000
2013000000   b533ff36cbcc8ac5ed35fd425990cb8a6e7f5bc7c61578d2fbe2c5340fc3c4a6   00000000000000000004005a0000000000000000000000000000000000000000
2014000000   f4bedfbf2046b2afbf9adf3d9265ab0d539bf626a0fd7c1e90de36a53950b589   00000000000000000004005a0000000000000000000000000000000000000000
2015000000   fa43665a1927343f8b04e7e8311b5c403be2481bc4c64ebb0c99a046cacfe3d7   00000000000000000004005a0000000000000000000000000000000000000000
2016000000   f2cbb237e61686fc2b3c01f30d0403c6e5baf94557528fb3b754f3cbd0e16299   00000000000000000004005a0000000000000000000000000000000000000000
2017000000   4d298ddc3bd97b69f801df48aabb96041b5766661eaa1c84368ba47691d495ff   00000000000000000004005a0000000000000000000000000000000000000000
2018000000   385527458f11a32acbbde5357b8908ea85f70ebc2cdb0d75e76ad99c33ac5920   00000000000000000004005a0000000000000000000000000000000000000000
2019000000   b084ddb418af3e16ea4df0f6de8bfddda69e85ad109f4fa10cfc0010a93b97cf   00000000000000000004005a0000000000000000000000000000000000000000
2020000000   f98992eed9698328a9c72701eda5e035ac3a488b327df8b9eef837b896d9d5e8   00000000000000000004005a0000000000000000000000000000000000000000
2021000000   358974ce66632c6b5809beeee6e01f4ef6fc89e1d4ba415ae59d62b59905ff54   00000000000000000004005a0000000000000000000000000000000000000000
2022000000   97aff12b56abebceb06a152203b945ed1dd0becb001df94a02c37af649a82500   00000000000000000004005a0000000000000000000000000000000000000000
2023000000   6cfe3918b2e2b1266a033dd2ea46987144c1fdce84f097f04df9eaa5ed78a2f3   00000000000000000004005a0000000000000000000000000000000000000000
2024000000   e3e407c38da686dc916566a08c81fd2a50bf7683ab7405377251035dccc18d32   00000000000000000004005a0000000000000000000000000000000000000000
2025000000   2c0d54c632c04dbdde714253632f9c49d400719bb612647b72314833187db10c   00000000000000000004005a0000000000000000000000000000000000000000
2026000000   96c36416ce5fbf1c7d8724a1f61591f7987137fc502cd464393e1ef92e243d9a   00000000000000000004005a0000000000000000000000000000000000000000
2027000000   fea35a786589db6f260cebc9fb6484e1383bcaef6b956dfc84118b2056d8b4d7   00000000000000000004005a0000000000000000000000000000000000000000
2028000000   a4378e6ac8a3f225786feb5ba16fcc8e839c6d738fba1a7cf54e8a75cd377687   00000000000000000004005a0000000000000000000000000000000000000000
2029000000   36d751139297da7ee7ca70ecf4923d5522f5cfc6cdf820f3da58082a22cea281   00000000000000000004005a0000000000000000000000000000000000000000
2030000000   3e4b55ae462f3ababab5c96536bb1c6a8380075cc242e5194ff0f15b9636e586   00000000000000000004005a0000000000000000000000000000000000000000
2031000000   9e20e286db18558318cc2879aecfb5d4490597f64ac906c75547c7a92956aa92   00000000000000000004005a0000000000000000000000000000000000000000
2032000000   50e89320131e7382848235f7e5b9f155af71ee865dd48fce80333302336577ad   00000000000000000004005a0000000000000000000000000000000000000000
2033000000   f9a109ded2e5e88ab8204637aa81acb566d31497373bc60827dca97138bce534   00000000000000000004005a0000000000000000000000000000000000000000
2034000000   61796738ea5fb9add6053186d7e286e65248d48887c176800dbfc821829be6ad   00000000000000000004005a0000000000000000000000000000000000000000
2035000000   0c0d0a1ac6a31f06b592da9ffaefe843f57a48f2a79a8f93717be3b36dc6fdc0   00000000000000000004005a0000000000000000000000000000000000000000
2036000000   fa0cc114f0f8943bdb8590e9c0b90496b6d27bf5d7c599781adbf905de8802cb   00000000000000000004005a0000000000000000000000000000000000000000
2037000000   888f02f529c92c069572adb22c148a9491cc2a1472e0a2c5bb18c660acee7279   00000000000000000004005a0000000000000000000000000000000000000000
2038000000   3d84d30fb64d55e1b6db0f043d914426f20846eca809816a7a3a3934c588dc72   00000000000000000004005a0000000000000000000000000000000000000000
2039000000   ff0cdb00738836db9e99732a66cd468c318d5a06b5b553f1933ac983a774ec0c   00000000000000000004005a0000000000000000000000000000000000000000
2040000000   845b03931a7fd01189a51fbf729ce52b69a2c030dadbe533b3a65e43b19ad376   00000000000000000004005a0000000000000000000000000000000000000000
2041000000   76cf06f08ba4b76041b59d3b20a336aad60b9c6feff234f1fdd108dde12b030a   00000000000000000004005a0000000000000000000000000000000000000000
2042000000   da5c23706e63a00abccea174743c9c6db99fbeb383e092a58c88fd7dc3cbc8e3   00000000000000000004005a0000000000000000000000000000000000000000
2043000000   00ceb547c3a3af7484923c54bb230481f093d694d76a89d63d568fde4bd171c5   00000000000000000004005a0000000000000000000000000000000000000000
2044000000   bbdd2a3a46302474b2fc1a18dfb64cdc8f8513dc359305677b15977602e66b90   00000000000000000004005a0000000000000000000000000000000000000000
2045000000   7ec7c621fceebe7bc035c4447590284ca2d8dca46e3e956ae582c4fd935ef560   00000000000000000004005a0000000000000000000000000000000000000000
2046000000   93ddccccf5e93bc1184d801fc1a107f61efa7619100400acb47320b5ffbbe31d   00000000000000000004005a0000000000000000000000000000000000000000
2047000000   e8ac3106c181ec8e02cf4d1032922935d1c46c4dfeffb9a1f4cff07bc648af60   00000000000000000004005a0000000000000000000000000000000000000000
2048000000   ed7f53795b618bc25f6fc3fb012bd6d9ece3893513b4734c75d173924ff996f5   00000000000000000004005a0000000000000000000000000000000000000000
2049000000   ed538c57bb0c10e9cb0a204c5292472a920e52c47b02e556127e7e014321cb3b   00000000000000000004005a0000000000000000000000000000000000000000
2050000000   e31a6f44baa59a6c1b8e5ee54c2de3292ef9b41d1617542970c9cc28e1877f38   00000000000000000004005a0000000000000000000000000000000000000000
2051000000   5a9710616521c74e048e29e861ce54275af9f0f51449b0b60384570fdff721ed   00000000000000000004005a0000000000000000000000000000000000000000
2052000000   04e854539bc1300eb4766f6c0056ca2c39866da5b66cda3481e9f53002a540dc   00000000000000000004005a0000000000000000000000000000000000000000
2053000000   c9a728ea78b344d9108f69a6c64b9be6c264861269fb8726c4072a2175cbe62b   00000000000000000004005a0000000000000000000000000000000000000000
2054000000   