debugnonce_start:  1000000000
Mining block template, height 827458...
header:  b'\x00\x00\x00 \xf7\xa2\x89\x88\x01f\x153\x13\x82\x08\xab\x16LF\x8b\xb0\xc0\r\xf6l\xc9\x02\x00\x00\x00\x00\x00\x00\x00\x00\x00\xb5\xf8\xf3\xb3@\x8b<T\xd0:\x08pO\x99.\xc0\xd7\x85c\x94Q\x1bD\xbbX\xaf\xcdaK\x80\xae\xc3y\x91\xb3eZ\x00\x04\x17\x00\x00\x00\x00'
1000000000   9518246f586c8f4bce1f5bbfd13815b42501c877be80b3e5a4d9ad937d3fea3b   00000000000000000004005a0000000000000000000000000000000000000000
1001000000   284f4adb56e799ca730d3e517a2557894f2df3155aaca7efa9ba4ee4d0a75e92   00000000000000000004005a0000000000000000000000000000000000000000
1002000000   0da907616035bb91c977b0f7d736b9f96e253ec0738c31fba6858582d07f30e1   00000000000000000004005a0000000000000000000000000000000000000000
1003000000   2a89d4125434375e02143816ba4ad3ca42118a4c67d9293ecd74e8679806531e   00000000000000000004005a0000000000000000000000000000000000000000
1004000000   0ad88ccb398493177eb78bc037ecb08b8135993d079a0edd0deb2c965ff90ff5   00000000000000000004005a0000000000000000000000000000000000000000
1005000000   229a061db13001590f6c9088637eef7a6c444a5a73e0ff97df4671d897c3d644   00000000000000000004005a0000000000000000000000000000000000000000
1006000000   e4957ed76d955aed29ca5c6c35c0702a4bed8997804a54ed820df51aa6684fcf   00000000000000000004005a0000000000000000000000000000000000000000
1007000000   f2a46a4f3d3ab75fe94bbb203c87b789cadab2abc31f32074288f87160502db6   00000000000000000004005a0000000000000000000000000000000000000000
1008000000   22fac6571a16abf121aa43d69ac71f40854beca4a19bda9c5c97864d1d1b394c   00000000000000000004005a0000000000000000000000000000000000000000
1009000000   39b331a0a5c6a40fc1dee224e41e9189b2fb8bd271c10b486670482236ebf726   00000000000000000004005a0000000000000000000000000000000000000000
1010000000   c2beb3820ceaf937292e467bc648f6a6614ddfd00ed28f258b2313b4adeab52b   00000000000000000004005a0000000000000000000000000000000000000000
1011000000   7186ce2c813a8261859a77e9e7f8a960b63aa15d698cccf30282f1f0c3c7ecc1   00000000000000000004005a0000000000000000000000000000000000000000
1012000000   a6b5e5745db985f93b3c667497bdf3cbba1ee430bb0e8e2bd13abd4f82c4101a   00000000000000000004005a0000000000000000000000000000000000000000
1013000000   5da2b2735099ffc61e553cd950e47184da929e9dfaeb78632974f9d636d4775d   00000000000000000004005a0000000000000000000000000000000000000000
1014000000   0ba9d132317c678dccd229f5ca21e7cab69dd3f5f6a5f985337e2c9dd7ec43e8   00000000000000000004005a0000000000000000000000000000000000000000
1015000000   15902476ade5a281ce40c60b3575637249f6dff94f8a5224be860a4aa8ed4fe6   00000000000000000004005a0000000000000000000000000000000000000000
1016000000   0455c9eb212666d2621ac53b4ed11373b8aebe19fac713d84a35dbe55b5e31a3   00000000000000000004005a0000000000000000000000000000000000000000
1017000000   f8bf5aac0896e79016a802a1db3ab2d0d05651a0287661267e6799551d74239c   00000000000000000004005a0000000000000000000000000000000000000000
1018000000   a74855c41e0e9379e46c01259360a3b65234c5d95735e48b14bd744e0667e7c9   00000000000000000004005a0000000000000000000000000000000000000000
1019000000   3fa7a3b31130cc3adb23d37682c02a650a9396b8bdf869047c07a62b3cdad996   00000000000000000004005a0000000000000000000000000000000000000000
1020000000   23c24d14658c643a62d359219529aa77fdd4297fa21646e3a0c657a6ce0d9180   00000000000000000004005a0000000000000000000000000000000000000000
1021000000   4e4b21932dfdbfac83d21d4042096552b4b1f1bf1317b371169d1fa5ec1875a4   00000000000000000004005a0000000000000000000000000000000000000000
1022000000   93d0e2162c3f372eb243c17913622a5db2442fc914ccad92eae776379d83aaaf   00000000000000000004005a0000000000000000000000000000000000000000
1023000000   583ee1ed16131cafed529065534eacd01cbba3e7ed81c9ba5cf1d1e7892430a3   00000000000000000004005a0000000000000000000000000000000000000000
1024000000   3ef0ee63fcc24a72a92e465f0fa84aa9f067d6a78caab53350de0494727f2f2f   00000000000000000004005a0000000000000000000000000000000000000000
1025000000   e79cdad02c516e0d6a94be8e3b2ffa6fad15c601dd5b1a183532621bc9eb19d9   00000000000000000004005a0000000000000000000000000000000000000000
1026000000   d63284288603f40eef39aac3ab19326d2629fd8a98c9334badcfb72dae197bdc   00000000000000000004005a0000000000000000000000000000000000000000
1027000000   5a6e3c84b05500d849fd11ad403f0248693eaf61a808d9b377a2928824aaebb1   00000000000000000004005a0000000000000000000000000000000000000000
1028000000   8cee256388d605c472b188ad0016d7c74a61b908e901dbe62eabd1c9255ab718   00000000000000000004005a0000000000000000000000000000000000000000
1029000000   edc354bd9894c041cc403342e8926624111506251c011c492f3e7af6b61a18bc   00000000000000000004005a0000000000000000000000000000000000000000
1030000000   1ef838261579b9c851ce62cb460e195cb39d55fb1a4c420229c3432a51a37c73   00000000000000000004005a0000000000000000000000000000000000000000
1031000000   ac471a7990346565f38382e48e56709109b615f9d4c6bf994b2e4a1e9d0e0c29   00000000000000000004005a0000000000000000000000000000000000000000
1032000000   c3a4b3f4d67c41a5d4b58b0b3d2c3dffaef9e297ce61e4d3b27d82a57869b5d4   00000000000000000004005a0000000000000000000000000000000000000000
1033000000   97a0f3c10d9981cd9c4bbcf33ca6d85fbb4b6ffa397323236418b1cd19c82494   00000000000000000004005a0000000000000000000000000000000000000000
1034000000   a812fccd209e96df8e90fc9443c082427cd9e61170d89ca384200f375970ab1e   00000000000000000004005a0000000000000000000000000000000000000000
1035000000   f6ce26e1c8427effb689f2861a5bbc5b66fba9e4f47915d988e181c05c3e7a6b   00000000000000000004005a0000000000000000000000000000000000000000
1036000000   1aef4c34d4637d5032893804f2b1a1ee641f69dbe9085164e0d98bbaf519df00   00000000000000000004005a0000000000000000000000000000000000000000
1037000000   958778c199cbfe8e5f41d1c07925bbe1540d6379b3c6f6e36caf7a5e3414cc5b   00000000000000000004005a0000000000000000000000000000000000000000
1038000000   47640c5b1d1f1868bbb389c9ea561173a4451fe1ebd59b5342c99681097e96de   00000000000000000004005a0000000000000000000000000000000000000000
1039000000   13512521d35ce8c5c8a47edd7e41e27e72f8045835d1f0401fc841a0171b57dc   00000000000000000004005a0000000000000000000000000000000000000000
1040000000   458847eefe94e55fe0c6cf2d2add6b03d2177e66e5eae5f22506a2304d8bcaa8   00000000000000000004005a0000000000000000000000000000000000000000
1041000000   549e4e22333d1978d1beffb6d9ba2ae01420d6c89daf2cd09aaf92320bdd3816   00000000000000000004005a0000000000000000000000000000000000000000
1042000000   300773d3fe6e606bbf65ddc8823ea4a0dc5746c69a33f02194534e9234123ac5   00000000000000000004005a0000000000000000000000000000000000000000
1043000000   786b1c5fb1b9032640fd65a6a142aadecd1e2d33f8e8be78e97ca2135fc8800f   00000000000000000004005a0000000000000000000000000000000000000000
1044000000   d5eaa20357d803686484512ea0357b0131ba5bd60fd4dfcd27a0b8b752bfa37e   00000000000000000004005a0000000000000000000000000000000000000000
1045000000   24c6d776b1a9b77b8e1d3a7a29c9973957848167aa498f7abdb5d8054753cdcf   00000000000000000004005a0000000000000000000000000000000000000000
1046000000   a2921dd08f4cdc99e511b637fc97f8a679a9d77357121a56c74fa4bdc1f979cd   00000000000000000004005a0000000000000000000000000000000000000000
1047000000   8b4dae5108c1a7f6f820a454c067b2542f949ce8be31110241b270567f4dd503   00000000000000000004005a0000000000000000000000000000000000000000
1048000000   e30b69669acd0c189e8179e03a20d5ce05cfc3d1bcd7262622aaea2cb8516c14   00000000000000000004005a0000000000000000000000000000000000000000
1049000000   7329bb98731f0ac6b5fc4a6a5825841820029e9f4b6ae29cb908c78eaac21758   00000000000000000004005a0000000000000000000000000000000000000000
1050000000   d1ff45055016807d64ff4df07b92ff646922e0d018c412e33d5859e4c3871894   00000000000000000004005a0000000000000000000000000000000000000000
1051000000   34ca0459ec36cc8513e9587267ad25fddc4b7d14f0115ee7fcc3dac2114f5191   00000000000000000004005a0000000000000000000000000000000000000000
1052000000   9f4ff582979021e5f407c74fb741f588566c25fef09d38db43eb87460eb07331   00000000000000000004005a0000000000000000000000000000000000000000
1053000000   8eb95cb827db31697aeee06a2b9cdd75106cecd71a39629beb5aad0402bff90f   00000000000000000004005a0000000000000000000000000000000000000000
1054000000   193c6028253539e45da9cd159aa54a7497749fceccba04d1bd949ae0994ca564   00000000000000000004005a0000000000000000000000000000000000000000
1055000000   108c397286ef6e3728f867878b2a7bb9d7a9b260c3c4ea087e7314bfe95bcf00   00000000000000000004005a0000000000000000000000000000000000000000
1056000000   40792b1aac771158ecc9a272b79b2577f10578de2cdcef578c787164a87879bf   00000000000000000004005a0000000000000000000000000000000000000000
1057000000   a4d2d5130bba6614de70d8ad3e0f515729ecf81006ae795c1ae87c7317c41dda   00000000000000000004005a0000000000000000000000000000000000000000
1058000000   cabbb933891bd5becb85e49ca51e734affa000bfb437947e4ea54d22b97b2f76   00000000000000000004005a0000000000000000000000000000000000000000
1059000000   221b6d125daf0a65874657d7e110b88c99bd5d0e9248eef00c4878b012e13695   00000000000000000004005a0000000000000000000000000000000000000000
1060000000   06956bc328f9095fc4cda4a11bb239ee13dd276d9daaa515cf8c44cc360b1fe1   00000000000000000004005a0000000000000000000000000000000000000000
1061000000   98a90f029b3502bab699ff7d6969baa2315555bbea1e2f83238546cb91a4d3a7   00000000000000000004005a0000000000000000000000000000000000000000
1062000000   790d9c7b29cc0c30d969fdfd7a06c2ef72e602b69369f6799e784ef8bf40a708   00000000000000000004005a0000000000000000000000000000000000000000
1063000000   639143b626692f8ceb78be95eaac537d7df038dce070807b793ed21205a915f2   00000000000000000004005a0000000000000000000000000000000000000000
1064000000   205e8d351dcee27442a16aa4cc632787b5c41a25315d6b47445c9743fec9ed08   00000000000000000004005a0000000000000000000000000000000000000000
1065000000   ec0d198f4f857d418a03e01cdb44a484cef99fd04e099a49d25aeaf2e1d3f12f   00000000000000000004005a0000000000000000000000000000000000000000
1066000000   0d6ae69e6e15ea1430510afd8340cd75b63283e60b0d73bcb9fdd2df3115ae12   00000000000000000004005a0000000000000000000000000000000000000000
1067000000   6294d5cbb44bbfd7299e23e6d6b25bdab674e6a3222b04372e13685eea6becc2   00000000000000000004005a0000000000000000000000000000000000000000
1068000000   673b47e876d20df4acf0ffeb49e893cbfc018ed8abfc3cf60b2ecb6366d6e9ae   00000000000000000004005a0000000000000000000000000000000000000000
1069000000   e80fb625e61c9999efbf800288c7139737fd62441f6434ec9682bad0648d6071   00000000000000000004005a0000000000000000000000000000000000000000
1070000000   b845521d7fe6ab7cb377d3efe7531ab2dd818c9f34d7251c98848d2ad71c687c   00000000000000000004005a0000000000000000000000000000000000000000
1071000000   8f23c5c6f88c1bd56ca85f04d6893e21b34dc6b6e93bab538ead49361c5d9fcf   00000000000000000004005a0000000000000000000000000000000000000000
1072000000   9ae60c6dc72fd11a1adb9df735f5c625213296e81846724ba3ad54f37170f0bb   00000000000000000004005a0000000000000000000000000000000000000000
1073000000   d7f99da2c2067fb3504c7f758ffdf39b202ae88cb86f49cc37bf9b32d548e9ee   00000000000000000004005a0000000000000000000000000000000000000000
1074000000   087d70714a94583a0338305f5ca5b83c5625fb5e2cc19d78278f3d410b57a03a   00000000000000000004005a0000000000000000000000000000000000000000
1075000000   41d5045c2b40fc51c395f2fd62460649ce37ed0cd412ee35cc39afb60f3757b1   00000000000000000004005a0000000000000000000000000000000000000000
1076000000   04db1f1db285668b80893aef57f0f1cc0dc2f3d753bf0cc15d2ebd5f833031b7   00000000000000000004005a0000000000000000000000000000000000000000
1077000000   6d946ed3928775e39297852dc6ac5e7a4237b07a68586b16189343a3a5440e74   00000000000000000004005a0000000000000000000000000000000000000000
1078000000   92a13af9affc1979a0769d7cbbee86dcb4691150ac84198071e85cd0e7df7261   00000000000000000004005a0000000000000000000000000000000000000000
1079000000   2439f351be6f7300f376e5054b81ffb5088d91121288a5d0ecd2373d10d8c7bb   00000000000000000004005a0000000000000000000000000000000000000000
1080000000   bc43309d17d2df6b3bdb97ad63d6eaacaac5c2db7e6dfbfa2497211b697136b1   00000000000000000004005a0000000000000000000000000000000000000000
1081000000   10ad05dd4033d5e6b8fa5a59bd714623d9be82160fd0aa4da13a207153a05438   00000000000000000004005a0000000000000000000000000000000000000000
1082000000   fb713ecb460d24590dee0378e8626fa019ae7bf04b293b6e27d069308f6343c0   00000000000000000004005a0000000000000000000000000000000000000000
1083000000   dda2df3fbc7a538885f405a1b7212d8f83d2409ff0029810d25040fdb5239fad   00000000000000000004005a0000000000000000000000000000000000000000
1084000000   beb539f42c2347b809cbc41943460a0ebc7a5aea1348e13fdfcb7acfa4d9a6fc   00000000000000000004005a0000000000000000000000000000000000000000
1085000000   3f190a2c43a0a0b5a4dbe9bf40d899004e1ac88dfb037c49d731e23acc4a9f36   00000000000000000004005a0000000000000000000000000000000000000000
1086000000   3fc06bc104924f77fb549bbafb138cdbdd916e5513c10139a58764a34ed8b51b   00000000000000000004005a0000000000000000000000000000000000000000
1087000000   1ff335c3d0a012fd9c3943c17b154cae3c58c1451f52804f41c7b5f90d199990   00000000000000000004005a0000000000000000000000000000000000000000
1088000000   1f9fcbcc391b1ed18aea2c487e8c98ed998e09796eb41522601ca66ae15d5bdb   00000000000000000004005a0000000000000000000000000000000000000000
1089000000   57704313601240bd019c5ef147ac9d58814ead182a852b3e636d169ae124e66a   00000000000000000004005a0000000000000000000000000000000000000000
1090000000   1c8fb556ebeb3a36bdf847dc6cc04cbf21c7a054a1da9ebff2948765b1195d5a   00000000000000000004005a0000000000000000000000000000000000000000
1091000000   68a536f86238d5d065b41e71ce2f21f3349a7218ae8bd8f3cbb462442e2b6b8b   00000000000000000004005a0000000000000000000000000000000000000000
1092000000   8c056818acd96bceeea2e10838cec273a5c809451860ee2926fad1432ff21940   00000000000000000004005a0000000000000000000000000000000000000000
1093000000   1d6a64f38100088f020e2264a042202877e0285f610f2602e24c64470af7c81e   00000000000000000004005a0000000000000000000000000000000000000000
1094000000   848cd4c92a0712a78a3d9c34d9c262fc1d7c1139576733a2459a7dcfc1dfdcc3   00000000000000000004005a0000000000000000000000000000000000000000
1095000000   fc89c01a43cedbe8f4f7185e3d278c994f43d6ef168dcb65171a2753d798ee80   00000000000000000004005a0000000000000000000000000000000000000000
1096000000   a768b44e8a44ff5a5aac397df2e0fffbf7cacfae9be028f8ed8b8a1840dae294   00000000000000000004005a0000000000000000000000000000000000000000
1097000000   f9fc778d388afdd4b047b73992647638600045da34c7348cfc2e653b95038916   00000000000000000004005a0000000000000000000000000000000000000000
1098000000   a37662648b8de7bec0ff8d008f8dc975edbbc657a4ead72170d58ebbbedfa18d   00000000000000000004005a0000000000000000000000000000000000000000
1099000000   e80b77f5b61441be026b7bec817066020f9e7b3db466d79222039f363d247d64   00000000000000000004005a0000000000000000000000000000000000000000
1100000000   09ccffe870373d523bd2f91a48c632b8e06a27638f2e44eaae0c54d7b3535405   00000000000000000004005a0000000000000000000000000000000000000000
1101000000   4dc8a35905285f5aa4b49deba5a8b994ab89b5171f43e8dc6a41f596058636db   00000000000000000004005a0000000000000000000000000000000000000000
1102000000   951b875097f8d7e0fddad293e4d84c2509f337054ab6fc35a9a5cf5a9680122f   00000000000000000004005a0000000000000000000000000000000000000000
1103000000   ef1f0430035271b75953dbb1b519bbe6d6c115f84589a300bf1e34dc200d2d46   00000000000000000004005a0000000000000000000000000000000000000000
1104000000   b4b705bcbde40b426eb1ab17f304e061d56c4a004456710d963fe5cac0a29447   00000000000000000004005a0000000000000000000000000000000000000000
1105000000   7915af84353d000b732ec1d426e5c0189d77c88aacf1606df319d442ca746469   00000000000000000004005a0000000000000000000000000000000000000000
1106000000   52399e723c865c35310f615de5c0dee5844018fd2dd74641d3825b736df415e2   00000000000000000004005a0000000000000000000000000000000000000000
1107000000   52b259b6cd56ab5e39c866e9a716bd64c1a92db3c990ef2607626eaf5625b604   00000000000000000004005a0000000000000000000000000000000000000000
1108000000   17dcb6e2fecc70cd6ba7426105ae044f5db6456693700cb40ae0c181ced26895   00000000000000000004005a0000000000000000000000000000000000000000
1109000000   19fcfc4a5cc2066ef949395fb52ee84a23663b10fc9d2f0f14dc174a06a33b2e   00000000000000000004005a0000000000000000000000000000000000000000
1110000000   dd93822f968d498fd939929f522acb8e36c8cdbc6dc526f37d11d0272e073a60   