debugnonce_start:  2000000000
Mining block template, height 827636...
header:  b'\x00\x00\x00 06\xe7\x83&d\xbd\xbaj\xc0\xd5I.\x00;\xdb\xd4\x1dp@\xafd\x01\x00\x00\x00\x00\x00\x00\x00\x00\x00\xc8\xdb<r/5\xe9\xba\x9b\xa7\x92\x06\xfbe\x88m\xae_Ge\x1drz\x9b"8\xa1\x13\xa2xa\x0f\x05\x11\xb5eZ\x00\x04\x17\x00\x00\x00\x00'
2000000000   b171bba670e5d7a6ddfcf7e9d538ada422e451ef3c1e782725f4c37b3d623898   00000000000000000004005a0000000000000000000000000000000000000000
2001000000   9a743d35192641e80103bd9d7830733ab24c925d331e2d7f8897de3fd836ba62   00000000000000000004005a0000000000000000000000000000000000000000
2002000000   b9d602674a357079862a53f6860836aa813b1d1cb427a806cc3836fbad03b09e   00000000000000000004005a0000000000000000000000000000000000000000
2003000000   4b391934950091f3a56d1473c7234ec2ee3de1e452912cf34d82ac822e846327   00000000000000000004005a0000000000000000000000000000000000000000
2004000000   1e7a5ac8856537a61ecc9aec5848fa66d5d6dab9c8b9105df2f9aaeb7206337c   00000000000000000004005a0000000000000000000000000000000000000000
2005000000   07f75f1a0f93bb81738f6c97726c76b03e601cc7d9497866f25c71820ee9b4b1   00000000000000000004005a0000000000000000000000000000000000000000
2006000000   25e0063a7e539de46b7dbced1e0634afa85d5e6f14061c56a00afd7aaad98ab9   00000000000000000004005a0000000000000000000000000000000000000000
2007000000   fdd3f0c108963f0b14997635f13560d56ac9c63c2a3c61bae9907fa1ded60578   00000000000000000004005a0000000000000000000000000000000000000000
2008000000   d2fad94662c5f4373f7a00a985ad778467b4f19fba26b64acdf95ec751cfc056   00000000000000000004005a0000000000000000000000000000000000000000
2009000000   7ac0ad49cc7cdd9c316fd7359c954f123c4b2f67e61c0b12fd0a69ef239e1125   00000000000000000004005a0000000000000000000000000000000000000000
2010000000   ed4296ce0dcedaecd9ecea782f6d7ac8791aab4e14b59c90a3b6242b73bce15c   00000000000000000004005a0000000000000000000000000000000000000000
2011000000   82e53208f877e5eeeae3240d9ae5e9b8d1b810250956a027c65035c6b47c042e   00000000000000000004005a0000000000000000000000000000000000000000
2012000000   997ac0fb1c10eb7641e28a20b3a74a90e413d44d981a538d6594823c2d3340d4   00000000000000000004005a0000000000000000000000000000000000000000
2013000000   c5490b6afc5ad00630ee229f754a9ac9779f1eeb5feb9c7a9c48eab80784fd1d   00000000000000000004005a0000000000000000000000000000000000000000
2014000000   9951c3b44d32fc38d3ce97c51ea5e9c8f202f455e44fa920bbfbf3f98cb126f3   00000000000000000004005a0000000000000000000000000000000000000000
2015000000   4da9b3cef4f586d15a2e40f3145290031da86bcca0336ba265968b5794ce94b8   00000000000000000004005a0000000000000000000000000000000000000000
2016000000   ea9d2675e85c23e1655cba22ef277a53fce65f4ea62d72e3ccc9d91210055b4a   00000000000000000004005a0000000000000000000000000000000000000000
2017000000   64cbf15f0d223ac546f7217109d80dcbc29406da7e56512077b031b4a1e76db0   00000000000000000004005a0000000000000000000000000000000000000000
2018000000   f2bec1b2f0c8f7320842ffea71c2679cfc1f47cf89b33479fd8d08b732d01293   00000000000000000004005a0000000000000000000000000000000000000000
2019000000   8731e7a44e78345528c0fc49e4bebfaa4d729c3f9a9bd80c7678ac668f9f4fca   00000000000000000004005a0000000000000000000000000000000000000000
2020000000   394c2279026956b59954ea41b94e6373dcf9e02a29dff628bd234ae84c429ec1   00000000000000000004005a0000000000000000000000000000000000000000
2021000000   f6a5ed3247dc29f20a1b02ceb53d849130c3c9a241e9ff79c39c45b4a1aded23   00000000000000000004005a0000000000000000000000000000000000000000
2022000000   5270b8f0d0099a926c8a1b6a40d6b2c86525881aca9e1d654093fd32c065689b   00000000000000000004005a0000000000000000000000000000000000000000
2023000000   dd325cb0b73f04735a53a85ca417fa3a86d237e7af2cbcc07de35c6c20332496   00000000000000000004005a0000000000000000000000000000000000000000
2024000000   8dbed98324ab19fb3244dd8f945d47f58594d6a0e3dde3630a2018c0667c1b5f   00000000000000000004005a0000000000000000000000000000000000000000
2025000000   7a369f03c9c929866382d7f8b7a9ce984e7f13d28224c0748de30f741537c0cb   00000000000000000004005a0000000000000000000000000000000000000000
2026000000   d51eee7c7f5d27645fe49578a3dec5d2b1022b85fc401bb2f75122fc04fabb61   00000000000000000004005a0000000000000000000000000000000000000000
2027000000   dbbb1afb1f8efe2fdb4246f4b5666ba48124c2c9274bd82a9667fa077dc30adb   00000000000000000004005a0000000000000000000000000000000000000000
2028000000   92886fd07a6e7964bc788606327bae3e18f251b017649c8e52a59150d313a1a7   00000000000000000004005a0000000000000000000000000000000000000000
2029000000   f33a672ca37fbfedfa82312da054059934db7419c742f08210bcff2210e32009   00000000000000000004005a0000000000000000000000000000000000000000
2030000000   9016b28c5954f0f02ca6566899e4e8405230769c63d7e296258d7c5271fdaf5b   00000000000000000004005a0000000000000000000000000000000000000000
2031000000   315f7973d33185038af06b56089b97b5830edfa01eeedc16ff4b422cdc1dd886   00000000000000000004005a0000000000000000000000000000000000000000
2032000000   5e30c1cecb10e6c2335ab0023f5a34074423add8f70e1c76905d8ce810106f36   00000000000000000004005a0000000000000000000000000000000000000000
2033000000   5f3f115c66750937cf0514e83c301464a6c67d98d20cbfcaf4010faa2ac92705   00000000000000000004005a0000000000000000000000000000000000000000
2034000000   7b33583a5f371a9bdf7d1255e05210a30bde7863e39cd32425c2f3ea0e94694c   00000000000000000004005a0000000000000000000000000000000000000000
2035000000   5b5ba38ad2d7320c31191ec02459efa71b2bac5732c17c6b655b5601c957ff11   00000000000000000004005a0000000000000000000000000000000000000000
2036000000   b74fb8606eb3ddd479204dca1bb7947bf892be84b47a8dea97e26842c2fbf506   00000000000000000004005a0000000000000000000000000000000000000000
2037000000   842409a7bd1adc9eb18d63dac37a49a94312a746badf6f66f481c8fa5531f745   00000000000000000004005a0000000000000000000000000000000000000000
2038000000   072d7b4b2cbca99aaa0aaece5342e80a4196121c9b4874b88271ace373d7052f   00000000000000000004005a0000000000000000000000000000000000000000
2039000000   b1c4e41d313876771b6e443352381e3ec51d15a64eaaaa6df60f51fb49e05b1e   00000000000000000004005a0000000000000000000000000000000000000000
2040000000   2f2be1c5b424aa1fa25461b55937312781a58154f3780e0af944b3cc0aaa7e82   00000000000000000004005a0000000000000000000000000000000000000000
2041000000   de6b668a17cc039390d1f74b13e1acfbdf4d302394bcb8631c9cc97b3098dae1   00000000000000000004005a0000000000000000000000000000000000000000
2042000000   a1978140bc6421cee347e0a5ca473b9ff68dc13192e328060fdd1c3215b70284   00000000000000000004005a0000000000000000000000000000000000000000
2043000000   2e26b48d563e5864e47174935a5b8bdb81defcef103aca368433309f79c1d449   00000000000000000004005a0000000000000000000000000000000000000000
2044000000   81c344fa58371efff5efd0ddac381d50dc2f4e50ba3be838ae090f3e6947c84e   00000000000000000004005a0000000000000000000000000000000000000000
2045000000   9a88ae0f734865717466db9335889f4b6816df1ff300cfcc8f3f53ee155951ec   00000000000000000004005a0000000000000000000000000000000000000000
2046000000   6877837661c91702f77081cbbc5bfa2c073aab998cfd239af8e39ea85b3a287b   00000000000000000004005a0000000000000000000000000000000000000000
2047000000   69958fd367ecf72a91b5075d996f80c514f56aa90aab656e5b158070f40e1a19   00000000000000000004005a0000000000000000000000000000000000000000
2048000000   d50527e646159e8a94faee0eed86219139da2ad897c30102fac056ec82b8368e   00000000000000000004005a0000000000000000000000000000000000000000
2049000000   dccacaecd5df9a04ac5a5569ea3ebdf34558f9e7dc8be0cedac8c683fbec6639   00000000000000000004005a0000000000000000000000000000000000000000
2050000000   e0955e9f567d6786cd76be61c02992295eee8105295a0c214eb564f55c0667f6   00000000000000000004005a0000000000000000000000000000000000000000
2051000000   06dc5e837a7c7efaca90cdb1f216b48037b91fa7b93512d8257caba375d254db   00000000000000000004005a0000000000000000000000000000000000000000
2052000000   f7ab7b9708b780db444a2c01465f497b330cab3e1ad00c301745babecea8c7bb   00000000000000000004005a0000000000000000000000000000000000000000
2053000000   5b6baa3e3c8480a71df3c1db1c77e65d95dd17892213a8fc0aeeed9186a4dd33   00000000000000000004005a0000000000000000000000000000000000000000
2054000000   