debugnonce_start:  3000000000
Mining block template, height 828267...
header:  b'\x00\x00\x00 \xb92g\x89\x93`a\x9f\t\xbc\x18\x88\xfay\x9ag\t:/\xbb4+\x01\x00\x00\x00\x00\x00\x00\x00\x00\x00\xc5\xbb.R\xd4\x98\xe1\xcc\x80\x03\x91\x9f\xfb7\xe3\xf2j\x1f\x84f:\x85/\xad\x81\x9b\xca,\xb6z\tF\xd6\x82\xbaeZ\x00\x04\x17\x00\x00\x00\x00'
3000000000   1ea6302442cfee102db73cb9e92ecb28db235a2c2dfe732a9e9a4d545787dd1f   00000000000000000004005a0000000000000000000000000000000000000000
3001000000   21d7186fc1924c466968f05d4fa976ab7d90721b519d3afb532178b7e9cf3f58   00000000000000000004005a0000000000000000000000000000000000000000
3002000000   c5aff16d00007b1c5191e6a974e1551e56c0f113d45d954ec4102694fd76b70a   00000000000000000004005a0000000000000000000000000000000000000000
3003000000   caa6110913f9a2317184df8308152479b5ba78697c8a42c099d9db0c15e691b8   00000000000000000004005a0000000000000000000000000000000000000000
3004000000   5c6f7ab2a3e36db1907b0038bd9b0f657ecd20afed2d2b6a64338f2cf5c03633   00000000000000000004005a0000000000000000000000000000000000000000
3005000000   c0cdf593cebb9ffda4b92f099ee103ab9ab9ed5f257daffe0802ac5dff17b816   00000000000000000004005a0000000000000000000000000000000000000000
3006000000   8a438a65fb6364f38ae415ee3ef1ffa403941d337cf1874878864597e65b8095   00000000000000000004005a0000000000000000000000000000000000000000
3007000000   0e4c7b6f9d6b58fc6b77209213517a70fd44ba3235fe9d2468093daf121ee0c8   00000000000000000004005a0000000000000000000000000000000000000000
3008000000   06a408c08fc8c5bccdf6fd259f695733308bb65ad6a1f58d5c5e1d48ce2ad778   00000000000000000004005a0000000000000000000000000000000000000000
3009000000   8be0975d6160b44823acdc574b86f056246976fc89b94db6f926461d8ece7da3   00000000000000000004005a0000000000000000000000000000000000000000
3010000000   0b5107abb8e14b436226773470f5a8b726bf70f77cdc55d079b58e090a08401d   00000000000000000004005a0000000000000000000000000000000000000000
3011000000   8b284d5784f45695f1e0d7b00199b51fbf5156b33f591d31f81fcc09f5281561   00000000000000000004005a0000000000000000000000000000000000000000
3012000000   af24b6cd2ff3c1b805a3ee31101b8c8838448178d6c42fb21dd163ad06f28698   00000000000000000004005a0000000000000000000000000000000000000000
3013000000   35991c3e723be4f179186fbe5e24bc502530bd125a9a2a3ada7fd87fddeac2c6   00000000000000000004005a0000000000000000000000000000000000000000
3014000000   3760c75bc67b55b1e1dba58eb968cc2ba59888120afb6694a98435c283ac96f1   00000000000000000004005a0000000000000000000000000000000000000000
3015000000   5065a2d6cf9dbd8cfce27626689d02d77bd1a98147ff046ac192d5ca1be77f87   00000000000000000004005a0000000000000000000000000000000000000000
3016000000   b7bdaa353be311fdfd81b641f378978aff3ed4551006301c0e1f54ae9864b1c7   00000000000000000004005a0000000000000000000000000000000000000000
3017000000   0a9e23ca9c504b8f64722f9b428cf1e514c524095086d0919ecb4e93884986f3   00000000000000000004005a0000000000000000000000000000000000000000
3018000000   05f8410f8a5f049d2b462a5ae9a229b98fc29d237592b5c7505e4380c47d4188   00000000000000000004005a0000000000000000000000000000000000000000
3019000000   1be9fd8c781de9b2fa1ab099f0a844829c7ab7758b75dd985319d644ad277385   00000000000000000004005a0000000000000000000000000000000000000000
3020000000   9e6982303f47bc753e3de7e13df16e8f387e41fbeafd7eb0025d1dc4bc4b8305   00000000000000000004005a0000000000000000000000000000000000000000
3021000000   f9ab4e3bf55d046f3b5517b0a1b222bbf23199501c55a858cf334ed5da197823   00000000000000000004005a0000000000000000000000000000000000000000
3022000000   9daae8b968a220b570a4b2fbbfe65ae5802659a10a84ee0a9d0629ee6573344d   00000000000000000004005a0000000000000000000000000000000000000000
3023000000   58f97c636ffba3b9137d2e95ca2d56c2ecefebdd107c1def04359fd7fa485a61   00000000000000000004005a0000000000000000000000000000000000000000
3024000000   9d2700d65dc667fa58e87766b5fd0840b715b704fea2b294acbf467888471c77   00000000000000000004005a0000000000000000000000000000000000000000
3025000000   aa2ec747640dde56940873ec6950f6743084632f03338ff13a32a9fa7a80d776   00000000000000000004005a0000000000000000000000000000000000000000
3026000000   b8ebcb775e9eb723150ff1b1d69890893f2167e44d9421ec48bb8aade69ef044   00000000000000000004005a0000000000000000000000000000000000000000
3027000000   51c6f273377d2b55beffd463024112f6ec60773544ac8e09ad5666b94b1159ed   00000000000000000004005a0000000000000000000000000000000000000000
3028000000   147ca1b60186da3b5bda95e3d69783a369b3fa4f36d1d640219bdbc513c0fc48   00000000000000000004005a0000000000000000000000000000000000000000
3029000000   c163f736b8982fc7b290b08fc68359f968caed59460e9cac38f7681073030a4f   00000000000000000004005a0000000000000000000000000000000000000000
3030000000   2b04a99dbfd9af0aa5b18b4a72aec7d45cccf6236f233795a020b30077d898df   00000000000000000004005a0000000000000000000000000000000000000000
3031000000   f782ad5d5629535e577f220387626d2c044fea243cc7c6604562d0d8bad963f4   00000000000000000004005a0000000000000000000000000000000000000000
3032000000   4cfa5531911d797fb88b400ff95cd79cd16a564bdfc4b915a623bcaffa140436   00000000000000000004005a0000000000000000000000000000000000000000
3033000000   759aa0dfe6fe3ca2cace67471d53b3b5dea676baadd1b64747a449cd920f5bab   00000000000000000004005a0000000000000000000000000000000000000000
3034000000   7312a866cc2f1aa98c50bce635c100a187875f74cb812f298228722aaf68c7e2   00000000000000000004005a0000000000000000000000000000000000000000
3035000000   f2689c58689801eb06abeddb2172d869f1f03c066766c52b05105bda618f4437   00000000000000000004005a0000000000000000000000000000000000000000
3036000000   b75d40c9818c8813019a9203db7553544ae39582a475b80842842f4703ec6656   00000000000000000004005a0000000000000000000000000000000000000000
3037000000   1d852a6fcd35eb77964fb0a5eaf62e6700937bb1a261364ebc41623417acb116   00000000000000000004005a0000000000000000000000000000000000000000
3038000000   90613481153990330782889177dc1ebca06cb117b3212ec30de0b831c4e6b1e7   00000000000000000004005a0000000000000000000000000000000000000000
3039000000   f32bce70b7c294a3100dc2414c923c842b48f6c3c62095e44df125c4c9ce2ca6   00000000000000000004005a0000000000000000000000000000000000000000
3040000000   c495c11ed82ac05fd5d0830affafa22d65b8c42e18f4cb6e4d4e6bcb6f834bb4   00000000000000000004005a0000000000000000000000000000000000000000
3041000000   c01f3c6d4cef612d580bcbe7525f808cb432e4626a916a05ba30fde0a5ee2a8e   00000000000000000004005a0000000000000000000000000000000000000000
3042000000   3d13a8799945565ac6290e8f4f85eaf0cdd6772ca126cdcbec6938d219ac9011   00000000000000000004005a0000000000000000000000000000000000000000
3043000000   f4fce9c35e0de9c2710ddcc6c0c3eda766d04893069b6fb2f7ce5105ff5bdb86   00000000000000000004005a0000000000000000000000000000000000000000
3044000000   cb99048768125e26eaddbc8917bbaa2bdeae28ff5e40bac0fff89158619e679f   00000000000000000004005a0000000000000000000000000000000000000000
3045000000   477ada92a3e46fb597b39461475427e1fbdd59ab0e6b31c29addb131e477751c   00000000000000000004005a0000000000000000000000000000000000000000
3046000000   91aa68d15604679f37f6b5773391980e2f8c6cbb799cf12eff94d34af1747cc4   00000000000000000004005a0000000000000000000000000000000000000000
3047000000   80543df4a036101036f4c460ee18bfeb38d307c71e6ed05c5de56290562c3415   00000000000000000004005a0000000000000000000000000000000000000000
3048000000   2b4412599aa52abd583c3c891f32bb927500c134a4240ee9b4a32a01ba2a96c9   00000000000000000004005a0000000000000000000000000000000000000000
3049000000   313c238896e26a7fc70a156935f535b9939e6e0945a69247a2f55e4547f54b3e   00000000000000000004005a0000000000000000000000000000000000000000
3050000000   b3b09096a1a8b3d82e08ad4d6fb2970afcb8c733eebef025d3fad920a22ef4f4   00000000000000000004005a0000000000000000000000000000000000000000
3051000000   6c3b22d62ac4cf26df15924d54bbeac9187f5ddf718a8c2fa841c4e73da7a978   00000000000000000004005a0000000000000000000000000000000000000000
3052000000   4f227582d2bcc94bc4ddd78d248c48c3e085a36f39a002cbe8c2ee37c168165b   00000000000000000004005a0000000000000000000000000000000000000000
3053000000   8d04b7754d2a7a710dc299c152eda9f682e5860c7c9fb2c5161a411db55849f5   00000000000000000004005a0000000000000000000000000000000000000000
3054000000   