debugnonce_start:  1000000000
Mining block template, height 828267...
header:  b'\x00\x00\x00 \xb92g\x89\x93`a\x9f\t\xbc\x18\x88\xfay\x9ag\t:/\xbb4+\x01\x00\x00\x00\x00\x00\x00\x00\x00\x00qc\xd6\x04\xf4\x90^,\xa81a\xeb\xcf\x8f\xb2\xca\xd9/\x94";1D\xe1\x97&\xcf\x8d\xe7-_\xcc\xd6\x82\xbaeZ\x00\x04\x17\x00\x00\x00\x00'
1000000000   b0e35867f10fd3969f0dfa2628c49e73734893f67d4dbfa4d7d5957f310feb7e   00000000000000000004005a0000000000000000000000000000000000000000
1001000000   e7c2b6b2db95f8750d7b1608722d9691d7bb8add047a2ad37c4b60e148028a78   00000000000000000004005a0000000000000000000000000000000000000000
1002000000   ce77fb94e812b2fb3dcce62effd74e822b40d2add55bdf1f6879b4cba825f631   00000000000000000004005a0000000000000000000000000000000000000000
1003000000   932eb2f71b0b2a794281df95a97f36ecdd46a1f84b74f97dfb2105fc92e929bf   00000000000000000004005a0000000000000000000000000000000000000000
1004000000   89ec3cfd5a91adffc6507447c1ea3752a517f5e20e9df2723737080984e5ac90   00000000000000000004005a0000000000000000000000000000000000000000
1005000000   8c04294b286596e6f70ff1ce8435bc3550836d488b19b2a514d406139038b1c7   00000000000000000004005a0000000000000000000000000000000000000000
1006000000   37bd368b2a6e3cf0b5bc54a7b5280498104a1eed05a6ae3323ab7aa598788e11   00000000000000000004005a0000000000000000000000000000000000000000
1007000000   f5b28f39fbed40ba7135ce3833353f1c56986fedcb668e29bb6bf4d8d31fbf8f   00000000000000000004005a0000000000000000000000000000000000000000
1008000000   922eadd10fea36a09b65eb27e12e81fdd8ca4ad27ae807471cdc2cfc519d4fdc   00000000000000000004005a0000000000000000000000000000000000000000
1009000000   5f05e5ebfb937b2fc14fe2069f1a4649d25ce40013f595a0af3ae4d28c045628   00000000000000000004005a0000000000000000000000000000000000000000
1010000000   affb438e9b8023a524e1ac3b051e6595737e763000d60fe244199144fe5ed5ac   00000000000000000004005a0000000000000000000000000000000000000000
1011000000   b672c4d5788cda1e90de2c096b4ee47264eb6f965613aba68e0c5a6478d8a537   00000000000000000004005a0000000000000000000000000000000000000000
1012000000   636348005ec7ff7be1b89d6e7cf193611f6e9f738fcde5fdd0acfb53ef6e5da8   00000000000000000004005a0000000000000000000000000000000000000000
1013000000   023e240a11ba695da56fd4279b12546ee8ecd8ca3d889c916bf504938d4220d7   00000000000000000004005a0000000000000000000000000000000000000000
1014000000   ed26d5c705873050e44c125a874b8a13129c3894be679272cb1b5bc0c1fd2244   00000000000000000004005a0000000000000000000000000000000000000000
1015000000   bf2e344bbc005c68a6dfe5568f5992d8aa87872645bd3e5e8bed286de507f26b   00000000000000000004005a0000000000000000000000000000000000000000
1016000000   fe733108e5c6968db4823808856f39927868e661249ccbae6abf1e1bb5535edd   00000000000000000004005a0000000000000000000000000000000000000000
1017000000   e243d347b0d83e9194a146932784cef5c922dbcbfa58a21156cd0682132fff66   00000000000000000004005a0000000000000000000000000000000000000000
1018000000   5c49a5f158a9fca69c4a6c32792bf2b1ed5e9cb890fb47519f72c6066a19e6c0   00000000000000000004005a0000000000000000000000000000000000000000
1019000000   160953901006d52fbc4f5145dbba62048b3a77a6a047d2651c99de54643530ac   00000000000000000004005a0000000000000000000000000000000000000000
1020000000   9f43bbac0a288990fb173de783f1c84f0f4b2907ab84b54c6ec4661a570c02ee   00000000000000000004005a0000000000000000000000000000000000000000
1021000000   b0dbdf69b8586ce87de3da3eb695ff54687de7b2ba2612fde623f802c630fa63   00000000000000000004005a0000000000000000000000000000000000000000
1022000000   eaa1d1b1f4c6ab4b99a4365a4056345617b25c6d9973a3494778864298338e38   00000000000000000004005a0000000000000000000000000000000000000000
1023000000   d76c4aa6a078d94f63f01aa7d0df4bfdf3d25ba8153a802ad7718497d416ba43   00000000000000000004005a0000000000000000000000000000000000000000
1024000000   ed56eef50fdd515d44aa0b42948ad0ad084f66eda9fee1f9a4a3542f3cf515b3   00000000000000000004005a0000000000000000000000000000000000000000
1025000000   eb2a401df15b7c89a71fe372104217a3d43f460cdd7604067893126b27f6d50b   00000000000000000004005a0000000000000000000000000000000000000000
1026000000   fc1d8d587631668b7b5f3a2f47be64b1523515d62d6ca9fd14de2fbc248980e3   00000000000000000004005a0000000000000000000000000000000000000000
1027000000   5c2c455739205404c4675ba62adf9477101a83a6ca4b8b067126344c0062e477   00000000000000000004005a0000000000000000000000000000000000000000
1028000000   4e3435b8c5b14a629f5f515cde8e0aa5b0f585fd025cef7bb1925ced32693ee0   00000000000000000004005a0000000000000000000000000000000000000000
1029000000   023d5835b8876eee98260e005150f6e6485542206478c848c38c95829969572d   00000000000000000004005a0000000000000000000000000000000000000000
1030000000   ed8a4c5fba7409b9e2ead7389f89841f14351b98f9c5f9edc419bc905ea3a612   00000000000000000004005a0000000000000000000000000000000000000000
1031000000   52c7c85bb396e5f1893bdf6ce04cbb5ee561a4c7b109a7156ebccad42dc380e0   00000000000000000004005a0000000000000000000000000000000000000000
1032000000   3a9f2fc60d312466534402fd36b17114f25a94f75d638864df14d61fb6e0eb5c   00000000000000000004005a0000000000000000000000000000000000000000
1033000000   931e457bfe2eedd2485bc4b9372c48516698160b7d88b911723e7fc66a610832   00000000000000000004005a0000000000000000000000000000000000000000
1034000000   dca43b3e05bc95a362258a617bf4cfd21aed660488ef663b8d22789bee53ac49   00000000000000000004005a0000000000000000000000000000000000000000
1035000000   e15be416bf047858cffd2307a3fe415115f0e3d8364c4cc14d61c6d943292f7a   00000000000000000004005a0000000000000000000000000000000000000000
1036000000   54c2d9cf9b13271ae131f960a9b0122e6d19e32ac118118379ef8ed401a02c8e   00000000000000000004005a0000000000000000000000000000000000000000
1037000000   6ba53f6474f7f8df2b67a580602335d73983bafd8385df52cad8f68f82a2b016   00000000000000000004005a0000000000000000000000000000000000000000
1038000000   7159cfb95f5bcdca6764521525f88b245b651c158df738a73c409bc9930b3b6e   00000000000000000004005a0000000000000000000000000000000000000000
1039000000   83ea57749f18a541e95dcc70cbf7b27742fb9f9009672804a888a45cc27d141b   00000000000000000004005a0000000000000000000000000000000000000000
1040000000   1ff651996912708a5c4bba23f0e4f69b271754baa073b07a86f54f919e376469   00000000000000000004005a0000000000000000000000000000000000000000
1041000000   01784820ea044c88bb4a4f80ec8654fb14d3fa95174cf085a839bd8064f69384   00000000000000000004005a0000000000000000000000000000000000000000
1042000000   40bc913bc999c5ada4b20ec8081306a392455270adca65eeadc69d317a6431ce   00000000000000000004005a0000000000000000000000000000000000000000
1043000000   e4df2b7db3b9f8beaeddcca1e80c0459784f40a9a9c551b8be6c40410261baed   00000000000000000004005a0000000000000000000000000000000000000000
1044000000   ef6d9da784294a8631e8f52ed8687181e2c096c881b35a866f2f9357896c93ec   00000000000000000004005a0000000000000000000000000000000000000000
1045000000   e185c92a14c93b8f2553942f8a6c2424752e6f7b41ddb0f32b6dd537e827fb18   00000000000000000004005a0000000000000000000000000000000000000000
1046000000   7a7ed45b4140907917af43e74909f701771e43cbdac7f29d1e1c0aefbfba039b   00000000000000000004005a0000000000000000000000000000000000000000
1047000000   8f512948ebf4e6e45d3f351cae5fc84bbd7c1a00049c470879686cd8f7ab3404   00000000000000000004005a0000000000000000000000000000000000000000
1048000000   559350ca6cd2aa173adf62ea4974a9102f498884092a67f3f4f84b4d43328d67   00000000000000000004005a0000000000000000000000000000000000000000
1049000000   4ecac5fc85b08c55c28fdb33a62f4f4edc84ae5448cd7a52671124bdcd11307a   00000000000000000004005a0000000000000000000000000000000000000000
1050000000   c5f8c597b129b4706b82b38a865d4a39dc372b6f8e1216675ee5f4c6a3bafa4f   00000000000000000004005a0000000000000000000000000000000000000000
1051000000   6753bf997115eac820705903ec7b9a4a7d016a04c028eb87f9d63095dac196a8   00000000000000000004005a0000000000000000000000000000000000000000
1052000000   1a6a1daf3480d229a9dfffa26f64f79fc4f31a0a166536f10dfa46064de005f2   00000000000000000004005a0000000000000000000000000000000000000000
1053000000   dfd0b13a9224c55b4d50e93bbbfcafd2a36cdd3f28fd2328782a3dc20283c7c9   00000000000000000004005a0000000000000000000000000000000000000000
1054000000   