debugnonce_start:  3000000000
Mining block template, height 827344...
header:  b'\x00\x00\x00 R\x99p\x9d\x0c\x03\xdb\xf9\x1f\x81\x13\x9e\xf9\xf3\xa5\xe5-\xdd\x18\x9d!\xb4\x00\x00\x00\x00\x00\x00\x00\x00\x00\x00}\xa6\xe2\x0cXJ\x0b\xa9\xd4[\x12\x06\x0c}U\x1b\x0e7u/}\x9cdg\x16\x0f\xec"r\xa2\xa3<\xa2\xa1\xb2eZ\x00\x04\x17\x00\x00\x00\x00'
3000000000   4aaf8e506e3537eb2c04e6ae22025b536af453682ecfc4fee7655df27ee3c596   00000000000000000004005a0000000000000000000000000000000000000000
3001000000   ce7f274e172758db2e711865b4940c5e2c30cbaaa9cf22c2cb6d2e3dc0cc4787   00000000000000000004005a0000000000000000000000000000000000000000
3002000000   d0ef121ab14ea5818a8003f7fa4cc5becd8263ffa8b9100a8a5701fa6e0f6327   00000000000000000004005a0000000000000000000000000000000000000000
3003000000   3c47dda0afaad4e8e63037b0b892716139e53bd18b39374e1df378c5559723bf   00000000000000000004005a0000000000000000000000000000000000000000
3004000000   90038d477961f645c5522de0a1aaa265ca4d9839a6b25351b821bb74409d0d89   00000000000000000004005a0000000000000000000000000000000000000000
3005000000   6bfe967212cdfc83a9df7757827888891549c15884baf67879c12f6b30f0ed9f   00000000000000000004005a0000000000000000000000000000000000000000
3006000000   487437b5f2646c09d758273aa1545df1dd6f27301c157a22dbef17cf7acff835   00000000000000000004005a0000000000000000000000000000000000000000
3007000000   018ceadbbfa405604ab5a4289c656d44a025f1c34a8e04c6d5b84dfce81d14e3   00000000000000000004005a0000000000000000000000000000000000000000
3008000000   126cef7e7dce868df221097bc77403f4ba1c53d573ba1d42fed6d003c03cee61   00000000000000000004005a0000000000000000000000000000000000000000
3009000000   3f590cabc288ae4bde1d01f9877d64a15dda5cdeb686dbb0dab9d9d28b3f8ae4   00000000000000000004005a0000000000000000000000000000000000000000
3010000000   5e5a001a8766c42dea5000deafad43788475c70740e6af43468567bdde5f6005   00000000000000000004005a0000000000000000000000000000000000000000
3011000000   a398bd295f0b81a63b9eb5a7cd1e04c398e411479fbf13776866c4cc5d64eabf   00000000000000000004005a0000000000000000000000000000000000000000
3012000000   00998d9c03f9d2c92e2021f4b4e1a3d3fe42dc54a2424072ac1b1ac0a89f2687   00000000000000000004005a0000000000000000000000000000000000000000
3013000000   82590828e7b8275809a99b5c2a2d4dd00b12331b6042714714dd328deab22cf6   00000000000000000004005a0000000000000000000000000000000000000000
3014000000   257275cb57f3cf203781bb57a391bf576759e09eb733cccdbcfd257fe96662a4   00000000000000000004005a0000000000000000000000000000000000000000
3015000000   4bc7e2cbf26e3afdf10961b7cae36e9db93e11bdee8e6e0b031de19d095806e3   00000000000000000004005a0000000000000000000000000000000000000000
3016000000   23c747348d0081f862bcea61ec70720305723a6c6573b07f1a5716e992af13f7   00000000000000000004005a0000000000000000000000000000000000000000
3017000000   43ae78cee1cde1951c80e83a2a69f9b66ecaafabb1be5e4174cc6b228f2331fc   00000000000000000004005a0000000000000000000000000000000000000000
3018000000   ff886a98756e1e5928687616fea25614be7271cbea8c209ad038a2ae7c2e8497   00000000000000000004005a0000000000000000000000000000000000000000
3019000000   ba81f5aec62612a44f6f0fa25e11dd2a79e06a12116d87db894e0db7ae7c8bdd   00000000000000000004005a0000000000000000000000000000000000000000
3020000000   453d19a72a416ec2dff36408cbe4e4e75ee4a7e115df46560fe0447d81411938   00000000000000000004005a0000000000000000000000000000000000000000
3021000000   8e208f3761dc068a1934300972fafdf9ba1785757fa846f0d057c8b4c6a5f456   00000000000000000004005a0000000000000000000000000000000000000000
3022000000   bb42b9fc10f9e75f2b7b5cf160dc519643992b74a4e8023e2828f097280d1399   00000000000000000004005a0000000000000000000000000000000000000000
3023000000   1e84d0272fecf3c07b1004cf21ba9da6de8cd6fb44c829f05560b42712a67b65   00000000000000000004005a0000000000000000000000000000000000000000
new_height:  827345
debugnonce_start:  3000000000
Mining block template, height 827345...
header:  b'\x00\x00\x00 3\xeeH\xa5`\x1dp\xdc\xdaYl\x9f\x94^\\\xe08{h\x16B\xd1\x01\x00\x00\x00\x00\x00\x00\x00\x00\x00($T\xd7^\x01N](\x10\x15jx\xa1R\x8ch\xf2_\xe8\xf1\xda\x91uB$\x88\x13\xcd\xbb\x85\x03\x89\xa2\xb2eZ\x00\x04\x17\x00\x00\x00\x00'
3000000000   bc95e0aa3d0d3fb2c6695b1bfa972d6b63553ed2878bf313591e12c50f35353d   00000000000000000004005a0000000000000000000000000000000000000000
3001000000   4e9010e748a2c3ac5da959cca8beefdd832ce986f99b6674f122ce7df211e8ae   00000000000000000004005a0000000000000000000000000000000000000000
3002000000   f2b62d05fe21717708d1557a58e7193ce9be0825f0fdd377f5448febb8844782   00000000000000000004005a0000000000000000000000000000000000000000
3003000000   bcfeb156ca53984d67d849458cec1cf1d771ce9f8a1bcb4da594bffde47d23bb   00000000000000000004005a0000000000000000000000000000000000000000
3004000000   b82e8d5bf91e2de23167652dc265906d87352c8f7a9b2ad6ddfa4169ca192bc2   00000000000000000004005a0000000000000000000000000000000000000000
3005000000   f355e06445ba14e11ab305ffb9a1adc040f3d2ea2c4a9a193585ca830e8bdfcf   00000000000000000004005a0000000000000000000000000000000000000000
3006000000   c18638a2ce11b719cdd2778aa46e99d178d5d7dafe705a40911d31f0a7525792   00000000000000000004005a0000000000000000000000000000000000000000
3007000000   18b2f8c0b8637983b1372b58471866afde109c99ad5faecc60e1bd92695dd00d   00000000000000000004005a0000000000000000000000000000000000000000
3008000000   ed75225c49eafafc3d362a5dc828744a2a8921d00c8889fefec501320e774549   00000000000000000004005a0000000000000000000000000000000000000000
3009000000   f78bd0d9fa69b2d1bcd14eb229477031b76a6c3f1202bab3444427e53fd0ea90   00000000000000000004005a0000000000000000000000000000000000000000
3010000000   68bc7b8b025d88d302676c133033c3b51fbd792ff39d0088b0ffe0f1051a32cf   00000000000000000004005a0000000000000000000000000000000000000000
3011000000   8cc7efd934a93e89c8de2053585302fadee39a6e1fa31e3d525575db49bb2c68   00000000000000000004005a0000000000000000000000000000000000000000
3012000000   b002f18a552cbbe689e6727d2dcef13cb1b1a7ffea5cb51b485805adeb54a84b   00000000000000000004005a0000000000000000000000000000000000000000
3013000000   91de3a94a2274efe3606d2d628ece195366901f8ffb3d0a8ae444542db0713bb   00000000000000000004005a0000000000000000000000000000000000000000
3014000000   914196d0e50d1a8d76efb9cc0767a6acd577969e38dbd59ffe4cbb80bd9d6d9c   00000000000000000004005a0000000000000000000000000000000000000000
3015000000   2189a13d8966686961e7f087a1f16559a10e4e42bc3869c2f18db722484fd3f8   00000000000000000004005a0000000000000000000000000000000000000000
3016000000   a36e3478f75eea96258ef63c8c920b31488f9c5790a538491db21171b1b2e467   00000000000000000004005a0000000000000000000000000000000000000000
3017000000   85e1e895652a71c1cb575a99b6c6d417b684ee86ceecc6037d6ccb95a404d3fa   00000000000000000004005a0000000000000000000000000000000000000000
new_height:  827346
debugnonce_start:  3000000000
Mining block template, height 827346...
header:  b'\x00\x00\x00 \t8\xe6\x97\xcb\x94!\xeb0\xb8fY\x95\x89iE\x95\xa0P\xa7\xa4\x17\x03\x00\x00\x00\x00\x00\x00\x00\x00\x00\xa8\xde\xe7\x9f-\xc2\xf6\xca\x98[gMs\x93\xdf\xc6\x04,\x0en\xd8\x07\x80\xbc}\x93(\x849#\x8e51\xa3\xb2eZ\x00\x04\x17\x00\x00\x00\x00'
3000000000   6535144a616a3ebb863bd8ba3bb74398877c12b9b64b2347a808cf6d26fdfab4   00000000000000000004005a0000000000000000000000000000000000000000
3001000000   e9b6d57e00471d4087684e1ab04ee0ce1ed4a0d385135e800bbba9b20618c22e   00000000000000000004005a0000000000000000000000000000000000000000
3002000000   87a76deec4cfe1736ca042e57b4d4958dbc10d373a949417ecf1e4ee128e32ef   00000000000000000004005a0000000000000000000000000000000000000000
3003000000   7e45d3feb19bf6fd4c81ff05da351f156b7dcd3a0a4d1337d947134be679f6b0   00000000000000000004005a0000000000000000000000000000000000000000
3004000000   2674679c00d452504a1e8df51b2b82042f4845783c0e8cc67503154356c37ea1   00000000000000000004005a0000000000000000000000000000000000000000
3005000000   387a00d240a1a6ef0d7dfe5516df7fcf394db6125b1c10b6aca74a8276227fe2   00000000000000000004005a0000000000000000000000000000000000000000
3006000000   9fdc54f72c90feeda67ffb067c2934cd8e432f9fb9de541ae4ed20560495109f   00000000000000000004005a0000000000000000000000000000000000000000
3007000000   a10028e2e8408726df0ac78123972d918cc27f12c1fd57d2883bfb76dc991109   00000000000000000004005a0000000000000000000000000000000000000000
3008000000   94d29079696e6345a77dd331f16eccce34d60a2d7c002fc10b44528eefb810bb   00000000000000000004005a0000000000000000000000000000000000000000
3009000000   5b64b7f936331b209ea0e15dfd7ac3d6abc66daba71713a9b3331e1e8e415137   00000000000000000004005a0000000000000000000000000000000000000000
3010000000   56dbd7d93088686e0dda9dd9ed4ac45bdbc6e1f870f5bdcd5bbe41560a4940bc   00000000000000000004005a0000000000000000000000000000000000000000
3011000000   bfe1777231d4a6867fbec0bd4c769cfe9572a4ff94d5168101d132773dc530b3   00000000000000000004005a0000000000000000000000000000000000000000
3012000000   7e1d7ae74032054fe4d0e55a5242ab471fc7feee2a6b69a0ae399d950b46fb9e   00000000000000000004005a0000000000000000000000000000000000000000
3013000000   04fd7df6fc401f0bca544d64d8837e8dc91a56d5bf7077d87ff600267bfe5ab5   00000000000000000004005a0000000000000000000000000000000000000000
3014000000   c157c970cf5976f6e0482155b8d5476829d2d76485d0e95550d661a6885108d9   00000000000000000004005a0000000000000000000000000000000000000000
3015000000   103e0a17fb9861ac60f609cc5276d2fd65bd1de8c139957dac8ea91eb9b2f191   00000000000000000004005a0000000000000000000000000000000000000000
3016000000   ab2a9aa3a31eab22d7071d56d6f2d2a1186bc7c9136f05bc665755865867a539   00000000000000000004005a0000000000000000000000000000000000000000
3017000000   05b36e874b0c85d23990082e49649621b98b78cfde1df2dda87b1ba0460c5776   00000000000000000004005a0000000000000000000000000000000000000000
3018000000   8f8f0dc4358573e3dc4bce2c0415a30ef6ca193f5f42b5611889d42ed2b2dd9e   00000000000000000004005a0000000000000000000000000000000000000000
3019000000   d4cf5a2eeb2548d510085ef45712a41fa9c4d7b839d1d62e87b2459b36518dc8   00000000000000000004005a0000000000000000000000000000000000000000
3020000000   78bf2cade9e520a2c591ddaf956376f577ed307c93e3c0b1795d0d46ad5b4cee   00000000000000000004005a0000000000000000000000000000000000000000
3021000000   355c8c7ea21d9454db600656f7f6a9f131f67aa62a5f4fe6f741c3a84ed9bba3   00000000000000000004005a0000000000000000000000000000000000000000
3022000000   d310ce210c0fe0da2e99e69dc27a6045d9956d04d8d6e3c050b3fa3a1c2b9e0f   00000000000000000004005a0000000000000000000000000000000000000000
3023000000   10d557a485663e85f513e27baf8800435fd86eac65f76d7a7d836b4416001915   00000000000000000004005a0000000000000000000000000000000000000000
3024000000   38faa5c9a092c11aa280aa56f7cc46de0819671f9a165420bd3c42cff6e6bfc1   00000000000000000004005a0000000000000000000000000000000000000000
3025000000   1c2ee9d0c6a3a77ed17793c2421884b42e704c4bd70d3f4820efc244c67c06f9   00000000000000000004005a0000000000000000000000000000000000000000
3026000000   a8684d1e207e5ddb6c2da6c79d9d60434c2235ffceb6db5bc7f53ad2bb265d31   00000000000000000004005a0000000000000000000000000000000000000000
3027000000   adcc374a6f0198e10e9c0ae04a099f2f56bc51ed9a413c87f631207f36bfa3f1   00000000000000000004005a0000000000000000000000000000000000000000
3028000000   23787c46a0fa160bd291f2bad64abc27a6c3ca4c813fe865e4d56703ca70cb63   00000000000000000004005a0000000000000000000000000000000000000000
3029000000   524cba4a8db496093a25d3ed263643b47070750b95963bb4b0e3be198644ac39   00000000000000000004005a0000000000000000000000000000000000000000
3030000000   6f7624b54d3362cc743b79fcb01d88da1430da6bce69615a7a308e8864e9b622   00000000000000000004005a0000000000000000000000000000000000000000
3031000000   d40c4279718814dba07b425b1680fa338c56e7ad41d2bb935b4533f3516fcff0   00000000000000000004005a0000000000000000000000000000000000000000
3032000000   905d8a5201e4c0b63c8189a0d64c25608eb964d9c4ae98fe858565eed9d33eaa   00000000000000000004005a0000000000000000000000000000000000000000
3033000000   d505234a0b4bf32ce0fc9929b9c85cedf39e36057cca0fd0a48f91aad54e9871   00000000000000000004005a0000000000000000000000000000000000000000
3034000000   4dc5a07d8c1f67bb7e13e271202b4a73f72657e12b861e800c49c0714acc395c   00000000000000000004005a0000000000000000000000000000000000000000
3035000000   35d145705e737fe324f6f4416def9acc95a4844eee4abc5f2258e8ca5fddfd72   00000000000000000004005a0000000000000000000000000000000000000000
3036000000   a92190c455c9d3131739ac1ab647b31dff1fa07f5ff7b0dd4324274b6262945b   00000000000000000004005a0000000000000000000000000000000000000000
3037000000   1a2ff0cbfb1b37cd0ad334609db4f15be8d466a3d7ef2a8371754b2de080e7d0   00000000000000000004005a0000000000000000000000000000000000000000
3038000000   a7609a868b97cfdfc0d15594b06c8f4e270800536000bf2e7d82f9b4c83e21d5   00000000000000000004005a0000000000000000000000000000000000000000
3039000000   24a0d40bc7187353937e18fc051f9c5dc7672a0f5d0360fff58311b38537c9c4   00000000000000000004005a0000000000000000000000000000000000000000
3040000000   1829ac658f9730ed48ddb7b007429ca22bb56cbfe36090f4e558a8781c00b2cb   00000000000000000004005a0000000000000000000000000000000000000000
3041000000   782dd0647f3413c65458aaac744d1f14306a6ce865d17193364abdab78eac709   00000000000000000004005a0000000000000000000000000000000000000000
3042000000   1111bba721cb568bee22b5ee31311fc7d06e363ed0a79fc34773f5dc0c501283   00000000000000000004005a0000000000000000000000000000000000000000
3043000000   dd68decba81e592234a6b76c6ee3e7178e83296e9529f3187e9f67e06dbb0ae9   00000000000000000004005a0000000000000000000000000000000000000000
3044000000   2424c3c72322da9df3ce353b34f756332baa6db9d4a0a0f03bf43f8505e9a109   00000000000000000004005a0000000000000000000000000000000000000000
3045000000   f604608e6446a55994fc4835bf51d6bddb8e323a138916a780baba72bd1bdcba   00000000000000000004005a0000000000000000000000000000000000000000
3046000000   b64dfb9349c582ba3c049ba5f8899c4976ecab701de110c32388cbc6d09d7ba4   00000000000000000004005a0000000000000000000000000000000000000000
3047000000   368dde6724142c260f5cc4da67503e2f954b001239de24793492f463f0ccf4bd   00000000000000000004005a0000000000000000000000000000000000000000
3048000000   1eb7dbbb26202b814ee265d9bdc9d2c4fbc5c83aa9422c6400c18206c0369628   00000000000000000004005a0000000000000000000000000000000000000000
3049000000   05f88661f628921ac3a69a8b5456b9781ddd77d3c7acd49760d496b6c65a0089   00000000000000000004005a0000000000000000000000000000000000000000
3050000000   346c96e7dd0d15494bddb89720d91bb35b603dbea6c588b32618a21632db1b12   00000000000000000004005a0000000000000000000000000000000000000000
3051000000   bd58f724c7847b56661947255f2e581eff42c189b20014d7512c26da6ff402a4   00000000000000000004005a0000000000000000000000000000000000000000
3052000000   59c443364dac2b8dd22fb118c57ee167f6d85c176a40b8cc510880b6cf67c3a3   00000000000000000004005a0000000000000000000000000000000000000000
3053000000   5c5c93ca487b5c4bbcdb1d1aa6fe5f9d67de23ea3e3252e0d675dc166fe20436   00000000000000000004005a0000000000000000000000000000000000000000
3054000000   3b5ff94ce848b813bae3226ce80acc9827cf08b95f1a0bf2ad1337229fdfe1c8   00000000000000000004005a0000000000000000000000000000000000000000
3055000000   929d240131811619b9bfde6c4b14e915f9801b0fb6c1d9c6a7eb9fe5764e8c04   00000000000000000004005a0000000000000000000000000000000000000000
3056000000   370e78c962f28ad3b4e8065cb4a3f2fa5db26ebd66748145daf3c50ab26ec500   00000000000000000004005a0000000000000000000000000000000000000000
3057000000   39f140406f36aac3fd28b09af413bcf28b3ab53d3ce8ed74454adaf3486b9658   00000000000000000004005a0000000000000000000000000000000000000000
3058000000   4ab4150643148df4c8d36dcf4a7ff21cebff197bc6d1a1a1d3dfc1a6a3cfb854   00000000000000000004005a0000000000000000000000000000000000000000
3059000000   7ab887b8b46481481c7a476c6267dbad101b041a99d1ef2ef25712dd6ac5b754   00000000000000000004005a0000000000000000000000000000000000000000
3060000000   34e6ef1bd75a3680c30d2fcfad6bbb63034f064e600512e469c7b576e103ea79   00000000000000000004005a0000000000000000000000000000000000000000
3061000000   b52a9dfd63ca8d54bcad873d68303a3073c2240ec857dab17accda6bed9e1043   00000000000000000004005a0000000000000000000000000000000000000000
3062000000   3246cba4539dc29619dc34f6e947d3a3b287739179cf2ca297d1e31a7bbdf95a   00000000000000000004005a0000000000000000000000000000000000000000
3063000000   a2e677b2db6362a5344521c50d01f51618cb1bcc9997da96f73ee0b39b5162bd   00000000000000000004005a0000000000000000000000000000000000000000
3064000000   d3ad6e87cd9996c67160e43c016622043a8977399318af0b702762dac6b012da   00000000000000000004005a0000000000000000000000000000000000000000
3065000000   d248dc8259a5a49bd90efa5ade5246ad997e01e55d4f30a57848dd6de9724d5b   00000000000000000004005a0000000000000000000000000000000000000000
3066000000   5af3b8244c46cc5ff277e547a9c58953532283b75125712d4f78334a5897a36c   00000000000000000004005a0000000000000000000000000000000000000000
3067000000   4c127956305a39c67675345ce5e8a66641d74e0bb47c3e14084870ac9b882f72   00000000000000000004005a0000000000000000000000000000000000000000
3068000000   260f6814a7d219f5183b830f70029f5ff60b0fa1db8b163f0226847c25175052   00000000000000000004005a0000000000000000000000000000000000000000
3069000000   31b61dc46eac806087f2eefa27c0afa6efec84de9c815a00db9ac0c3020e4937   00000000000000000004005a0000000000000000000000000000000000000000
new_height:  827347
RPC_URL: http://127.0.0.1:8332
RPC_USER: sree
RPC_PASS: admin
Traceback (most recent call last):
  File "/Users/sreenath/Documents/bitcoin_code/ntgbtminer/ntgbtminer.py", line 573, in <module>
    standalone_miner(sys.argv[1].encode().hex(), sys.argv[2], int(sys.argv[3]) )
  File "/Users/sreenath/Documents/bitcoin_code/ntgbtminer/ntgbtminer.py", line 549, in standalone_miner
    block_template = rpc_getblocktemplate()
                     ^^^^^^^^^^^^^^^^^^^^^^
  File "/Users/sreenath/Documents/bitcoin_code/ntgbtminer/ntgbtminer.py", line 85, in rpc_getblocktemplate
    out = rpc("getblocktemplate", [{"rules": ["segwit"]}])
          ^^^^^^^^^^^^^^^^^^^^^^^^^^^^^^^^^^^^^^^^^^^^^^^^
  File "/Users/sreenath/Documents/bitcoin_code/ntgbtminer/ntgbtminer.py", line 58, in rpc
    with urllib.request.urlopen(request) as f:
         ^^^^^^^^^^^^^^^^^^^^^^^^^^^^^^^
  File "/Users/sreenath/anaconda3/lib/python3.11/urllib/request.py", line 216, in urlopen
    return opener.open(url, data, timeout)
           ^^^^^^^^^^^^^^^^^^^^^^^^^^^^^^^
  File "/Users/sreenath/anaconda3/lib/python3.11/urllib/request.py", line 525, in open
    response = meth(req, response)
               ^^^^^^^^^^^^^^^^^^^
  File "/Users/sreenath/anaconda3/lib/python3.11/urllib/request.py", line 634, in http_response
    response = self.parent.error(
               ^^^^^^^^^^^^^^^^^^
  File "/Users/sreenath/anaconda3/lib/python3.11/urllib/request.py", line 563, in error
    return self._call_chain(*args)
           ^^^^^^^^^^^^^^^^^^^^^^^
  File "/Users/sreenath/anaconda3/lib/python3.11/urllib/request.py", line 496, in _call_chain
    result = func(*args)
             ^^^^^^^^^^^
  File "/Users/sreenath/anaconda3/lib/python3.11/urllib/request.py", line 643, in http_error_default
    raise HTTPError(req.full_url, code, msg, hdrs, fp)
urllib.error.HTTPError: HTTP Error 503: Service Unavailable
