debugnonce_start:  3000000000
Mining block template, height 827344...
header:  b'\x00\x00\x00 R\x99p\x9d\x0c\x03\xdb\xf9\x1f\x81\x13\x9e\xf9\xf3\xa5\xe5-\xdd\x18\x9d!\xb4\x00\x00\x00\x00\x00\x00\x00\x00\x00\x00\x93\x92&\xfe\xaa\x03\xdd\x0eS\xbe\xecM\xa70\xef\x95E\xd4\xca\xb0~\x94\x03\xe1\xf3GG\xba\x8f}\xeax\xa2\xa1\xb2eZ\x00\x04\x17\x00\x00\x00\x00'
3000000000   84d78683b8d3858775ccba9427bf9c08a11e66ca682069f6735e9069cab6a722   00000000000000000004005a0000000000000000000000000000000000000000
3001000000   2dea975a8dae79fed081b4bdd102b378be0282de85cbef8dbf104e2810b52bc3   00000000000000000004005a0000000000000000000000000000000000000000
3002000000   83c288e1b5dfbdfe0eba6ac59ca046f8c6ae144936d1bf14d4d262ca9f2314e7   00000000000000000004005a0000000000000000000000000000000000000000
3003000000   1719652265defac5c0a66ba74e438557621fa63f9f0759b42c01e2d963150a7c   00000000000000000004005a0000000000000000000000000000000000000000
3004000000   04eeab3b139dcd6b0b3bbeeb05135425340770b5b8c2e5d5ac653f6fbefa7bcf   00000000000000000004005a0000000000000000000000000000000000000000
3005000000   576e3c9756120d3156d956757364e2482ee618d7255df4aaa0a024095b7fa248   00000000000000000004005a0000000000000000000000000000000000000000
3006000000   ec038e0ce75c321e18332203778ef9de730c37c5ac32232446fea4929195c50c   00000000000000000004005a0000000000000000000000000000000000000000
3007000000   d49b093aefeac697dd681c60b4f851f5735a7ae30e85b31700957d1e3f805012   00000000000000000004005a0000000000000000000000000000000000000000
3008000000   d5d6ba20c7494dad6d1b0507f778843c82cb6f42e8d7f1f92c1b14a2ea8bf3af   00000000000000000004005a0000000000000000000000000000000000000000
3009000000   651efb34541fa2c1b09711443655d4bbe7f5c2bfd689731be1d086420796ef39   00000000000000000004005a0000000000000000000000000000000000000000
3010000000   1077fc6ee56dc3f8621c1f4aed1f30e27788d2b95971c94beeb76bc44b4438e9   00000000000000000004005a0000000000000000000000000000000000000000
3011000000   5fce0af3891c4df243e504b71aacd38b0c702b94510d0b4ec5f6b4d634edf291   00000000000000000004005a0000000000000000000000000000000000000000
3012000000   b35b008702c2d43f7b423b9cd69a7b7fc7445c199b312043a02dd22aff0d6b7f   00000000000000000004005a0000000000000000000000000000000000000000
3013000000   5fd2fccc9e68ef5bc671e6fd513de7180ed3f8b5ee8e82e65e46f0e9a1f19fb7   00000000000000000004005a0000000000000000000000000000000000000000
3014000000   184ab21d74d3bce3dcef9dc0642479e8b8e6fce733646db4436d28d915dd2952   00000000000000000004005a0000000000000000000000000000000000000000
3015000000   716bd5b39dca46847c32fc4740d5f8fb4839165b0b63c74e329066c566e23adb   00000000000000000004005a0000000000000000000000000000000000000000
3016000000   964fb0ba1949e0c9b8321762d13df60af1d45c8d822b3a1a58350b73c97122ac   00000000000000000004005a0000000000000000000000000000000000000000
3017000000   68770502cc3066d37f7756d262c21384bd25efde7d122d4314f5b50365c8f635   00000000000000000004005a0000000000000000000000000000000000000000
3018000000   dc9970fe846843abd23659262ffeb1028cd6bb01971e5d94c34abd5034b3d6ac   00000000000000000004005a0000000000000000000000000000000000000000
3019000000   5d47774050ce4ecbacffe344acb23ed4350625e03ca6507a1584369f595a216a   00000000000000000004005a0000000000000000000000000000000000000000
3020000000   395be43d925ac368aa4a9d46432bd98e02cd64f880fd2f0dd434923777d6f5cf   00000000000000000004005a0000000000000000000000000000000000000000
3021000000   fc3edd63910e0b49ba1055c4f98c07cdb69d4760b434e95cc9d52c4e2212527d   00000000000000000004005a0000000000000000000000000000000000000000
3022000000   bb44ee0290d71eeda2f8253351f2f57703c9069028073d7d544854f010f61e90   00000000000000000004005a0000000000000000000000000000000000000000
3023000000   8be85cae70eabe7532ce6984342b3ade03af371940dec6b916d68d2b9b842b10   00000000000000000004005a0000000000000000000000000000000000000000
new_height:  827345
debugnonce_start:  3000000000
Mining block template, height 827345...
header:  b'\x00\x00\x00 3\xeeH\xa5`\x1dp\xdc\xdaYl\x9f\x94^\\\xe08{h\x16B\xd1\x01\x00\x00\x00\x00\x00\x00\x00\x00\x00\x1c=\xae\x1e\xa5+\x80\xde\xf5\x89\xa2*\xc8B\xb9\xe1\xd1Fn\xed\xb1+M7c\xb4F\x87\xf9\xe2\xe7\xf0\x89\xa2\xb2eZ\x00\x04\x17\x00\x00\x00\x00'
3000000000   47196800e2f736cae9c44bd6b6b83b20143aeaa62355c8061113dd4ed14584ea   00000000000000000004005a0000000000000000000000000000000000000000
3001000000   efc7252621569c6242f5259f530c55d3188a29fbc3b547b320b30d6db315afc1   00000000000000000004005a0000000000000000000000000000000000000000
3002000000   7faaf8d54630ff62446e9660af392afff94ba6da9d1f883076a7c4c3db01f785   00000000000000000004005a0000000000000000000000000000000000000000
3003000000   e5818207418e3a61681f180bc7a7b6c20f81aa4083a2b0a7d488c23bd59c1132   00000000000000000004005a0000000000000000000000000000000000000000
3004000000   becc44eb3328c8c9717d4a158fe5c43760cd73817fe9d954c5a8bbabf050cb4d   00000000000000000004005a0000000000000000000000000000000000000000
3005000000   387b2a682a6baaac7b2ddfabf064856e0e05c36ca7986995e1c8df26374e29fe   00000000000000000004005a0000000000000000000000000000000000000000
3006000000   2381a260ca5c2f49cc3a6f5ae7755e6d536138a0c521e5b462f6040c01fdd42b   00000000000000000004005a0000000000000000000000000000000000000000
3007000000   c6b890844d13d53e952ade052583f41f8d8df748fecd2d021f44331f194f38ec   00000000000000000004005a0000000000000000000000000000000000000000
3008000000   2eb1f68c40ab886a845748806908a3c7ed00b31b28a2b4eea0301a8629def275   00000000000000000004005a0000000000000000000000000000000000000000
3009000000   9cb116468afd943e404ea09e674023837a3a3f386b18a4f6329722a3a0a8e444   00000000000000000004005a0000000000000000000000000000000000000000
3010000000   cbae2633a4ff0f87f2165e4f9eff51ba8038df8b6d3ecc82af63573fc5ff498b   00000000000000000004005a0000000000000000000000000000000000000000
3011000000   e3b6fe04967222125ce0832decb8a0e879e24221cf10f3fc98dd4ecf7d62ee2b   00000000000000000004005a0000000000000000000000000000000000000000
3012000000   9b4329ed1748226dbabfbf56e3dd189d454cbafea5971cd4ad22329e99a533ae   00000000000000000004005a0000000000000000000000000000000000000000
3013000000   6deb7b7b3cb55a66b16064578d804ce55e38bcb253629d68ac922ffd5af9b2fa   00000000000000000004005a0000000000000000000000000000000000000000
3014000000   36e25a705a8ce869d649c7c97d0c2bdc609e77a2809136cc57c0c079e33a5d00   00000000000000000004005a0000000000000000000000000000000000000000
3015000000   775161411738f6aa30da63a1042447783fa1aa94d1e40c4fe3135d600b51051a   00000000000000000004005a0000000000000000000000000000000000000000
3016000000   9d43880205ce937e70c48b74d70f6d0024fcd7928b1c3028f41cff9fb95f6362   00000000000000000004005a0000000000000000000000000000000000000000
3017000000   570c795a14f7240d46c92752eee57c8f8a811c1022b29bc382a73782e5391501   00000000000000000004005a0000000000000000000000000000000000000000
new_height:  827346
RPC_URL: http://127.0.0.1:8332
RPC_USER: sree
RPC_PASS: admin
Traceback (most recent call last):
  File "/Users/sreenath/Documents/bitcoin_code/ntgbtminer/ntgbtminer.py", line 573, in <module>
    standalone_miner(sys.argv[1].encode().hex(), sys.argv[2], int(sys.argv[3]) )
  File "/Users/sreenath/Documents/bitcoin_code/ntgbtminer/ntgbtminer.py", line 549, in standalone_miner
    block_template = rpc_getblocktemplate()
                     ^^^^^^^^^^^^^^^^^^^^^^
  File "/Users/sreenath/Documents/bitcoin_code/ntgbtminer/ntgbtminer.py", line 85, in rpc_getblocktemplate
    out = rpc("getblocktemplate", [{"rules": ["segwit"]}])
          ^^^^^^^^^^^^^^^^^^^^^^^^^^^^^^^^^^^^^^^^^^^^^^^^
  File "/Users/sreenath/Documents/bitcoin_code/ntgbtminer/ntgbtminer.py", line 58, in rpc
    with urllib.request.urlopen(request) as f:
         ^^^^^^^^^^^^^^^^^^^^^^^^^^^^^^^
  File "/Users/sreenath/anaconda3/lib/python3.11/urllib/request.py", line 216, in urlopen
    return opener.open(url, data, timeout)
           ^^^^^^^^^^^^^^^^^^^^^^^^^^^^^^^
  File "/Users/sreenath/anaconda3/lib/python3.11/urllib/request.py", line 525, in open
    response = meth(req, response)
               ^^^^^^^^^^^^^^^^^^^
  File "/Users/sreenath/anaconda3/lib/python3.11/urllib/request.py", line 634, in http_response
    response = self.parent.error(
               ^^^^^^^^^^^^^^^^^^
  File "/Users/sreenath/anaconda3/lib/python3.11/urllib/request.py", line 563, in error
    return self._call_chain(*args)
           ^^^^^^^^^^^^^^^^^^^^^^^
  File "/Users/sreenath/anaconda3/lib/python3.11/urllib/request.py", line 496, in _call_chain
    result = func(*args)
             ^^^^^^^^^^^
  File "/Users/sreenath/anaconda3/lib/python3.11/urllib/request.py", line 643, in http_error_default
    raise HTTPError(req.full_url, code, msg, hdrs, fp)
urllib.error.HTTPError: HTTP Error 503: Service Unavailable
