debugnonce_start:  0
Mining block template, height 828267...
header:  b'\x00\x00\x00 \xb92g\x89\x93`a\x9f\t\xbc\x18\x88\xfay\x9ag\t:/\xbb4+\x01\x00\x00\x00\x00\x00\x00\x00\x00\x00!\xa9\x07?t\xc8\xca\x93\xdczsK\xd2\xa7\xb2\xd1e\xb0`S=]\xbf\xd2\xca8U\xf0\xe6\x99\x19\xaa\xd6\x82\xbaeZ\x00\x04\x17\x00\x00\x00\x00'
0   24e7e885afd426002e0db65ce7aa37e89fe8ea2f146ed385537cb0351b7b36f4   00000000000000000004005a0000000000000000000000000000000000000000
1000000   278f788ffb7e090bc82cdf5db5784bd45b88fd9cb788d4edca275f563cbba10c   00000000000000000004005a0000000000000000000000000000000000000000
2000000   ee1e4a3a838ba07ed27413e31d50f687d074c9f60745e3599b7ec35dd2398367   00000000000000000004005a0000000000000000000000000000000000000000
3000000   eb36268d984b57e39bd1cb678109445676899e696203e6c2788aa469404cb413   00000000000000000004005a0000000000000000000000000000000000000000
4000000   4a6c77f2ba3c6ed23725c3803e3b9a4a1760e974f6b930f319b04da0e7c1a04b   00000000000000000004005a0000000000000000000000000000000000000000
5000000   ef1005cd5dbc296182cdc4b3c9f63cec50f113531f20432c17e7d12fd28c035f   00000000000000000004005a0000000000000000000000000000000000000000
6000000   c3a96c35afec6e768a9164cf4d8896b214b43601f7ef0ae5219911ae31dcae7f   00000000000000000004005a0000000000000000000000000000000000000000
7000000   0a7f5605feeb0c8818fc773dd20666d0f3e3b49807029c15b08b0ab6fed1d9c7   00000000000000000004005a0000000000000000000000000000000000000000
8000000   1bc4714edaf22f8d4e55d3afd5016b2972634ff0c2b2e52595a816bdb314447d   00000000000000000004005a0000000000000000000000000000000000000000
9000000   5b6feabc270bce547148a10f04fe714d6edc7647d3f245af91c710746ca8c1c4   00000000000000000004005a0000000000000000000000000000000000000000
10000000   85249978fe5b70ca28c0a8238ae9011781624a1682696b78d425b8bef97476b9   00000000000000000004005a0000000000000000000000000000000000000000
11000000   dc8dd1fe963338ea39e7527cadc96c89341a9ad67a2d3e7ffe4e764b732f2672   00000000000000000004005a0000000000000000000000000000000000000000
12000000   7759e66f3a7ca56cc38c11e1ff84a1ff5f3ef5fa3cf983c81e8dd68607cbfb00   00000000000000000004005a0000000000000000000000000000000000000000
13000000   72f8135e85aa15e3ba96057d7ccc450b7eb2cbda6ed9b7eace199cc73470cb11   00000000000000000004005a0000000000000000000000000000000000000000
14000000   f0cf594d6bccf3e63fc725d2a97a7ccb7292524b04fc0e0a835fa369554d2cb1   00000000000000000004005a0000000000000000000000000000000000000000
15000000   1d3a32f80fb2db811f1a786b056dfff44d99c01208eff8536c7898fc6a91ae14   00000000000000000004005a0000000000000000000000000000000000000000
16000000   8ae548819468547c913391469ce7650eb4e6f50577144461437cc9734ab6707e   00000000000000000004005a0000000000000000000000000000000000000000
17000000   ca929bc5b0a1b0298edfc574e0eff76e67fab81a25e24c4b05a7b9cddfa3186e   00000000000000000004005a0000000000000000000000000000000000000000
18000000   c4ad5c1364cbd94801cb0390e06b90c0f424c983b086f780606d276fc71daa55   00000000000000000004005a0000000000000000000000000000000000000000
19000000   6877c50a06fef8fd926e0f8f6a9de5efcc4131bd6644809e23bdf004829bc734   00000000000000000004005a0000000000000000000000000000000000000000
20000000   64e5c0a3074845e01f0942018ac6b568702969114ae5bca91a778ef1cd6217bf   00000000000000000004005a0000000000000000000000000000000000000000
21000000   3d3baa8a736b29c5f6da5adba8bf94d17fafdcdafe47d6e534e847362fc29529   00000000000000000004005a0000000000000000000000000000000000000000
22000000   3d0cb1e041b21039484ecc770b5ac36bda9307c94942dc42b102a3a02c73fb5c   00000000000000000004005a0000000000000000000000000000000000000000
23000000   52672ca3d35bf46a5c62fe0b03a7118e535b8a276e7a379fb7fc33e329f56ef9   00000000000000000004005a0000000000000000000000000000000000000000
24000000   52f26421656f4af56b30178d5a7ec233fd8e14ef1aa61293cf9f789961351b63   00000000000000000004005a0000000000000000000000000000000000000000
25000000   10ea4e53717b4a5ac691214569fac42d097862f1cfaecaee6716ac80fe993f52   00000000000000000004005a0000000000000000000000000000000000000000
26000000   cb82a36aecff9780a770abae3dbeb840b7cd54e72e36447c77c75f2f84e23e84   00000000000000000004005a0000000000000000000000000000000000000000
27000000   07b4d096e7d62eeb42cc6b0079c1b0dc0f68f547de63530348105eeec753b19d   00000000000000000004005a0000000000000000000000000000000000000000
28000000   335627872658a9e86c6d5e54993c9324a9d115256d3c913986cd266a82112c14   00000000000000000004005a0000000000000000000000000000000000000000
29000000   862d3ffe093a741c51d83e492a9a27769712d55f4c378c050035cf900debf7f8   00000000000000000004005a0000000000000000000000000000000000000000
30000000   42848c28fb33b10d570776f92b6e2a0d8dd31c1c2bc48be9ada41b46556c344c   00000000000000000004005a0000000000000000000000000000000000000000
31000000   d320802590f5d895071f4e541ae380b3939328d313111c3eb766daa2153efd2f   00000000000000000004005a0000000000000000000000000000000000000000
32000000   7a5d8f874b59f57d653b602de7b6e27b11923a6f55a2704652cab70a1e225f9a   00000000000000000004005a0000000000000000000000000000000000000000
33000000   e93179e93bf51f109760a6b1761c8954c07360570289d78798153709153b5106   00000000000000000004005a0000000000000000000000000000000000000000
34000000   734c54af3978c982dddf17aa1538824e452bd7c81925eec685a13fe586ada807   00000000000000000004005a0000000000000000000000000000000000000000
35000000   f715d399afda3780aab69991784245e697d41ba75431badc8f2a0f28a7d09721   00000000000000000004005a0000000000000000000000000000000000000000
36000000   6adcfa24d823611e58dc3a32342531406dd2fac988022f6fb239803ad96c3aee   00000000000000000004005a0000000000000000000000000000000000000000
37000000   ee9a0b886068757f35089ebcc0b9fb804607065fb85ade877332bbba94f35336   00000000000000000004005a0000000000000000000000000000000000000000
38000000   1bbee84bc3a5946f97256bbbaa1bd421f934e754fd6c901f64047faaa6da8ad7   00000000000000000004005a0000000000000000000000000000000000000000
39000000   6d31c67a4d6338d7394132b66b0a7c96a975a654c7c64b621646e4393b63bbd2   00000000000000000004005a0000000000000000000000000000000000000000
40000000   2f2f6f855698443ea9cfa13954c24b7877a0e0ea7b2ab35893bb4f5b0255bed2   00000000000000000004005a0000000000000000000000000000000000000000
41000000   fedf81e2142470e6cb302765bef801524fa1c508a88af78d35310f86ac3d7049   00000000000000000004005a0000000000000000000000000000000000000000
42000000   a935531b6fd0e8fbac123cbd4e5323e4674097e4c9fa346fa5f91ff41eba5a83   00000000000000000004005a0000000000000000000000000000000000000000
43000000   7db9af74aad0ae3fa7c3e471de1904df136419a6fa73de388a5065303c0ffd42   00000000000000000004005a0000000000000000000000000000000000000000
44000000   3790f3f3e38448819329e6a76058faa00e30b0135bde31262d896ec849d34903   00000000000000000004005a0000000000000000000000000000000000000000
45000000   6604cbd960c1a226dd3e4d4e25ed9cdfb1e5a04fadf02699d17686459fa4c920   00000000000000000004005a0000000000000000000000000000000000000000
46000000   b42f6a7a9274ec03fd1b5f6dc5c2fec576935de25f45a22a15a2efc30bad8c7c   00000000000000000004005a0000000000000000000000000000000000000000
47000000   2acadb178a3f433bba6ba7c72c431cf504dad5245140f0b35fb4fa5a3c861ea5   00000000000000000004005a0000000000000000000000000000000000000000
48000000   c3d2e8e650d5ff89a12aef8bd00a11f5b4e681ef1fe660169b812bd39babc470   00000000000000000004005a0000000000000000000000000000000000000000
49000000   35b330bb1efe2666ce7156e50f277887dc95f8a2b23e01e8155f93ffcf2210c6   00000000000000000004005a0000000000000000000000000000000000000000
50000000   7a181cb6347cbb8a2a77efa9c98a97ffa12c8028596584a10114f746e529f954   00000000000000000004005a0000000000000000000000000000000000000000
51000000   aace28899231a1944e34bf0f9a3efcb6592b50d9d56deda6ceeaef7d1730cbe0   00000000000000000004005a0000000000000000000000000000000000000000
52000000   11b5a6b7b16ad74df04395ecf6dd61e440d89454678394629340e5c14ffad4cb   00000000000000000004005a0000000000000000000000000000000000000000
53000000   e97d4c29bc777de66c2078fa0fb9e2e1299eb5815d22bd9c37a0e6d4c8c7f600   00000000000000000004005a0000000000000000000000000000000000000000
54000000   e5383fc6ccb31dba182967f58d8df0814c9f1e174e8f19bf640285756f84f344   00000000000000000004005a0000000000000000000000000000000000000000
55000000   