debugnonce_start:  3000000000
Mining block template, height 827636...
header:  b'\x00\x00\x00 06\xe7\x83&d\xbd\xbaj\xc0\xd5I.\x00;\xdb\xd4\x1dp@\xafd\x01\x00\x00\x00\x00\x00\x00\x00\x00\x00H\xc3\x16\x1d\xc07\xc7\xb8\xaa.\xa8\x9e\x1a"\x01\xad\xd2G\xe0\x045p\xd7\xa7\xfbX\xc5\xd1\x7fBK\x10\x05\x11\xb5eZ\x00\x04\x17\x00\x00\x00\x00'
3000000000   a5c8fe8205b9400f0e1ebbf76eb198c2538d17f73ae6de66ad46590c110c65ae   00000000000000000004005a0000000000000000000000000000000000000000
3001000000   895737d816c8c05fdaac559eb3289c9cbd3099f6cdc5c212259fd50b2951b7d7   00000000000000000004005a0000000000000000000000000000000000000000
3002000000   fada82143478876717b88da68109da3e0b6cb5ca24d91123b227557ac38d9cce   00000000000000000004005a0000000000000000000000000000000000000000
3003000000   d72b7284ef2c02e481eff8ce8d7b29344e20f9554f8cb06f8e85d60126d4fa16   00000000000000000004005a0000000000000000000000000000000000000000
3004000000   26c6f44775969698b2a30e495007d5791b5358574f359a56d3bc5ceefd3252ab   00000000000000000004005a0000000000000000000000000000000000000000
3005000000   26f989212f7729063445f04d742cf1072a88f1262ff8eeb9a4e1a89d5410da24   00000000000000000004005a0000000000000000000000000000000000000000
3006000000   8e2d31be524d6a806ef0dfac1b4982760bdd32b82cf81a480166e4a14ee67e35   00000000000000000004005a0000000000000000000000000000000000000000
3007000000   ad9404d9b9ec43ad07d908c746afc271ef0f7cae818bf07c638b8bbf98efc5b9   00000000000000000004005a0000000000000000000000000000000000000000
3008000000   fd71855e9351d7b4cb9ea4f497aef7194ee406189e426304efa85299dafa9152   00000000000000000004005a0000000000000000000000000000000000000000
3009000000   2cee375fc0fbfe5e33d5246e9a1321bdc7ff01249b33caa39d773ce4e3f449da   00000000000000000004005a0000000000000000000000000000000000000000
3010000000   bac62d4652459764920a5384b42bd91bae4ec7f6f42007792025d67e904d5941   00000000000000000004005a0000000000000000000000000000000000000000
3011000000   e55d092905e53676eed1143a4a6cda97b6abdd6ab4f3704851326ce59760ead0   00000000000000000004005a0000000000000000000000000000000000000000
3012000000   4b16e2310695eafcc7f92796df443901da6bf41283b7b2432627f7be5c75eb02   00000000000000000004005a0000000000000000000000000000000000000000
3013000000   2e6ee90ee08bfb5e18085b5f0b79ea34058ed2d2574373ea27a8f142bc8ce5ef   00000000000000000004005a0000000000000000000000000000000000000000
3014000000   357d4802ee24851248ccb829898992ef3b980e2a7ecfa9d29bf91c500e22b326   00000000000000000004005a0000000000000000000000000000000000000000
3015000000   4942c9e9a43a6c0e55127a6bce3de31bc6523236409a8ed577248d692351be3c   00000000000000000004005a0000000000000000000000000000000000000000
3016000000   b81ea0099a97142018981b405f95fb88fec3140e71cb9f9d90c94095b10f8fce   00000000000000000004005a0000000000000000000000000000000000000000
3017000000   d0d25b7a378df3f0df0a4f229ceb81fed9925d1e6c9f2e7689aa38187fd0b976   00000000000000000004005a0000000000000000000000000000000000000000
3018000000   c7a93e4a1506bb8529a150b1a0b9397c703eabd2871a2385f58034d817bc3c45   00000000000000000004005a0000000000000000000000000000000000000000
3019000000   cc22be4ffcff12c79bac240b7890ccb23b5d99a9d4de79c7a83d40e040848e74   00000000000000000004005a0000000000000000000000000000000000000000
3020000000   c865fc03b41333aac9144d6bead457cc777b475776f5ca4a7e1d63b772a468fe   00000000000000000004005a0000000000000000000000000000000000000000
3021000000   0991c80b74817279db1fc2f5db45279047e1eef0abdfe89869a159476d77a004   00000000000000000004005a0000000000000000000000000000000000000000
3022000000   fcdaa3e56cda444a6ccf38de92b80f210776f48d0cd49876476a672eea67f824   00000000000000000004005a0000000000000000000000000000000000000000
3023000000   e92cd4de12f958104e118dfaf2497ccf61a57ca6b600322c74f61552513868c0   00000000000000000004005a0000000000000000000000000000000000000000
3024000000   d11b15aa68031842eb464aff268fb9101c9ff01da36eca46f2915cc678ab4a74   00000000000000000004005a0000000000000000000000000000000000000000
3025000000   a690c5c2b8c320822df188c375f9ccb28ee965508fbe8ada8010c0b0a1cb7e8f   00000000000000000004005a0000000000000000000000000000000000000000
3026000000   49c2f5b3d24d1007f440b577c1ce048740eae6167073be366957b7c737d95008   00000000000000000004005a0000000000000000000000000000000000000000
3027000000   198b6370166ac2721ffd19ad660dd2ea49e728981104b01904db679bf0c0edef   00000000000000000004005a0000000000000000000000000000000000000000
3028000000   702e51b9f12e418a219302acd5462f5f0033aa6df6d3022621adcbb030fec21f   00000000000000000004005a0000000000000000000000000000000000000000
3029000000   8336b708c01368c2b4e0b16176c58ca69fe137811f7d79fab73245d182e11350   00000000000000000004005a0000000000000000000000000000000000000000
3030000000   c64e6c257e36355acbcc66a786e324ea3042f2f9ac689f96cbcf238ba36b8a00   00000000000000000004005a0000000000000000000000000000000000000000
3031000000   5ed685eb014d2dc16f3171603074b5c26304b233a7722d316bb1d2575c08ecc6   00000000000000000004005a0000000000000000000000000000000000000000
3032000000   adf16bffe7f93a3974d870dd85ee7b7ab8fde7229d2aabcca45ad21cfc494e30   00000000000000000004005a0000000000000000000000000000000000000000
3033000000   b4987d043cb1601c5f2463d928652d72b84d90c2b7a8746c9264f9aac2207870   00000000000000000004005a0000000000000000000000000000000000000000
3034000000   521626f9ee9d180df1afa484a3e8c2d4b22ee58d8680a11742a3c044971f68c0   00000000000000000004005a0000000000000000000000000000000000000000
3035000000   73979a9d8de5e63db04fb615a032a22992fe415b485e9fbbcc4e111fa602889c   00000000000000000004005a0000000000000000000000000000000000000000
3036000000   a87bbdb77ad2bc199ec00c1adfc12b3735af7c3010774da94423331d47af3759   00000000000000000004005a0000000000000000000000000000000000000000
3037000000   a87fbe8b4640ffbf6e54cf90da77372674eee268380b76e66dd907a073bd5f4b   00000000000000000004005a0000000000000000000000000000000000000000
3038000000   e6700785da02c9e5666d01cc88bac3b180a642d88969291b3198b2c13369923e   00000000000000000004005a0000000000000000000000000000000000000000
3039000000   2fc652774e42795905a76815e2b05ec3a9dd40cf751db1d3b331d458bb169a5c   00000000000000000004005a0000000000000000000000000000000000000000
3040000000   3b9a55e12d41375228672a0d0c8cb6572f633b2524998080270350947b62deaf   00000000000000000004005a0000000000000000000000000000000000000000
3041000000   2154102009ecca547adf5afc4869f04cd6b4175702d646b61ffeed5c6680e947   00000000000000000004005a0000000000000000000000000000000000000000
3042000000   733e09bc893bc3cc510f6d7fcd5e6b2e04a8069d12cd5888ed1ea4053d1dcc2b   00000000000000000004005a0000000000000000000000000000000000000000
3043000000   8d7cbd5e2a97fc5e0f4fc857713a16564dfd43900426b4876f2bca284b8f5bc9   00000000000000000004005a0000000000000000000000000000000000000000
3044000000   6662151a12acabaab59f4e46b5a07c6e61452de066e10f942fa44751f3d435a0   00000000000000000004005a0000000000000000000000000000000000000000
3045000000   28618cb5bdbd0821c0110d2a90336031172dd393c3f6c3d996f4e5dee40b18df   00000000000000000004005a0000000000000000000000000000000000000000
3046000000   8d74e9ceb30b2c82366f84f5b02b55d68f341659e2a769eea913f4a25c716ddd   00000000000000000004005a0000000000000000000000000000000000000000
3047000000   b05c2693815fb1361b92846f0802749ba258d32c9da61e6b0967bc4261203824   00000000000000000004005a0000000000000000000000000000000000000000
3048000000   6ad19892d4e63e243e0892b4b89edaa7dbaae00eb7577b9a77d0e6cc445d0b82   00000000000000000004005a0000000000000000000000000000000000000000
3049000000   87df4366f69ae570502f472022486cca35ea357602ea95cc007a7f5b8a733986   00000000000000000004005a0000000000000000000000000000000000000000
3050000000   899a2406352bfe0a096545adbbeec0e86f5d67b0741ad67a6d94222cb6dc0604   00000000000000000004005a0000000000000000000000000000000000000000
3051000000   089c4269d425a87bfa68ae08fdda463ccd18228e0c592120d465e8550b774e59   00000000000000000004005a0000000000000000000000000000000000000000
3052000000   f094bfa6dbac09faa91d3f57d1d8ea41f4eac81d3278149572d68f240b3d757e   00000000000000000004005a0000000000000000000000000000000000000000
3053000000   2084e8f6c046df682fd418bd580118ee9832e88e3fe9d5a8279a6bd533359faf   00000000000000000004005a0000000000000000000000000000000000000000
3054000000   