debugnonce_start:  3000000000
Mining block template, height 827344...
header:  b'\x00\x00\x00 R\x99p\x9d\x0c\x03\xdb\xf9\x1f\x81\x13\x9e\xf9\xf3\xa5\xe5-\xdd\x18\x9d!\xb4\x00\x00\x00\x00\x00\x00\x00\x00\x00\x00+/\xa7\xed\x97?\xd2{\xf3\x0f\x18\xaa\x0c\xb5\x14\xc9\xcbV{\x1aH{CO\xaa\x135\xc5\xb7"\x1b\xc4\xa2\xa1\xb2eZ\x00\x04\x17\x00\x00\x00\x00'
3000000000   798bf2802f787eaf308761e046c83976abbd0501ac3b46882577fc36a9cdca9e   00000000000000000004005a0000000000000000000000000000000000000000
3001000000   6b1e1e2447dc44f220f44d2bf1befb7c7d873c0b38362376c6b22a369882a477   00000000000000000004005a0000000000000000000000000000000000000000
3002000000   5f2a2f51fab232edf640e227e22872f0f52ca116212e85be6cebd2289275adf2   00000000000000000004005a0000000000000000000000000000000000000000
3003000000   35011779a2821233959b0e430c068dc3c5c6befa049df3e99a837d296f0d4cdd   00000000000000000004005a0000000000000000000000000000000000000000
3004000000   7bbe0f67498db08171f81773ed0395a69e2af4107c9f17001a778aef30fb36a8   00000000000000000004005a0000000000000000000000000000000000000000
3005000000   129acb7ddebf66200cc8496f18485f5f0e21e33c408b18450389e2206f227804   00000000000000000004005a0000000000000000000000000000000000000000
3006000000   19b4c3ffdf4274d0881662becd43df1a10279cfeea63405fdf0e33a875a3dc05   00000000000000000004005a0000000000000000000000000000000000000000
3007000000   59e1d3646378a230d5abde63260c4beae931b273662e1afb6466e6f6e6d37cd3   00000000000000000004005a0000000000000000000000000000000000000000
3008000000   f9d46dd69017507944d9cd43ae2f7a8c8f02a55f6fbe5bfd123904ebf5fa2454   00000000000000000004005a0000000000000000000000000000000000000000
3009000000   4911d818c1d0958009c873559605f8c64993c3ab35d08882e71d49db4839c2ae   00000000000000000004005a0000000000000000000000000000000000000000
3010000000   fd55952b9ec52b7ce2fba966970e90b632e5df8667cac4c216b91c514ce40220   00000000000000000004005a0000000000000000000000000000000000000000
3011000000   12660bc322f513cee096f650b936c803d57b4b450354b36c71ac430963e3cc82   00000000000000000004005a0000000000000000000000000000000000000000
3012000000   f53ebab292a00ca8941aa501137d923936289203cedcca3273c36c3e1aea3637   00000000000000000004005a0000000000000000000000000000000000000000
3013000000   acf074e1e47b5dbb76be91565409408e0ae2af0ee8e5620bb04277f0648511dc   00000000000000000004005a0000000000000000000000000000000000000000
3014000000   43de4ff577123e5e1ec51deae4bba3a4767dbe6355c9e5a8f36b96ff8735a037   00000000000000000004005a0000000000000000000000000000000000000000
3015000000   efe18a5aa8fa56dd9aff526c61e91b4309cb6882ab865ff9768df53107d4f961   00000000000000000004005a0000000000000000000000000000000000000000
3016000000   231c42f3cf3c26bc47d3d6e408f3d2d8c8d9d7bf8ecf11bc79be7c0969f18b1d   00000000000000000004005a0000000000000000000000000000000000000000
3017000000   3009a866eedcbc845f4d673944e6f72bbd5cfd321639550a2ed249b58362998f   00000000000000000004005a0000000000000000000000000000000000000000
3018000000   34fbad4ab36fa9ef0abdc933d5fe5cf1a2c34dce4dcd28ae3bbc280491d7e4db   00000000000000000004005a0000000000000000000000000000000000000000
3019000000   8208f64ff4d7ed0c34665b1b193e7c08b9a36367fd2e664d5e2de388ca8b4d83   00000000000000000004005a0000000000000000000000000000000000000000
3020000000   15bef107f54d91727b5e785b711c70624185fa46fdae8a66eca533470b6a3a54   00000000000000000004005a0000000000000000000000000000000000000000
3021000000   4305e4f0594f6284ece4eda8f64f82d2b8ef29722563ab4db6b8f28ae75f8eb8   00000000000000000004005a0000000000000000000000000000000000000000
3022000000   bde05f40b4345f58555672aea110e2e8c9a90fcaaeb5c071276100b7af6c81c7   00000000000000000004005a0000000000000000000000000000000000000000
3023000000   4e2639c3bef6fb7737972b069e0ec984260541386f5ba1d376ca6b730f2f22b5   00000000000000000004005a0000000000000000000000000000000000000000
new_height:  827345
debugnonce_start:  3000000000
Mining block template, height 827345...
header:  b'\x00\x00\x00 3\xeeH\xa5`\x1dp\xdc\xdaYl\x9f\x94^\\\xe08{h\x16B\xd1\x01\x00\x00\x00\x00\x00\x00\x00\x00\x00?\xee\x14\x1a\x03\xa45e\xef\xad\x16\xbb\x1d_\xa6I\x81\xb9\xf1\xcfc\xeaY\xec\xdc\xb9{`\x9dAR\xbb\x89\xa2\xb2eZ\x00\x04\x17\x00\x00\x00\x00'
3000000000   3911f7e84d8f1be415d937f1127d456fe231d709a1379020fb7be56db3edd48f   00000000000000000004005a0000000000000000000000000000000000000000
3001000000   25e06dbf6586567495cd07413051723252f1ac10eb2b36cdca90fdb80576c891   00000000000000000004005a0000000000000000000000000000000000000000
3002000000   0ce3d61c88164be764aab2ec4dded8e85e330abf06f5700acc1cecee333778ff   00000000000000000004005a0000000000000000000000000000000000000000
3003000000   68df2b3ba9f19f089846226d6d9c692076c45fd3c2bf0b83f30cd33940332554   00000000000000000004005a0000000000000000000000000000000000000000
3004000000   cb51c35128f6ac75cfc2565eb6d2adfe809242ae216deac8cc4acc5de7cf6e22   00000000000000000004005a0000000000000000000000000000000000000000
3005000000   876ed69f219be009d9b0950c8445b1d9919044269bd967de784669979ab883fd   00000000000000000004005a0000000000000000000000000000000000000000
3006000000   8ce380f6b834cd20059e9f79ec78f4cb069eb4bff5a1bce05322128a039f040d   00000000000000000004005a0000000000000000000000000000000000000000
3007000000   decb150b77f0607a4d8c0c2d0a091fd18adf71bde24409bc71b2226da404803d   00000000000000000004005a0000000000000000000000000000000000000000
3008000000   8b72f55471fd72219d320331414fe820c95ea6ebe88d51e2cea0022fd14c124f   00000000000000000004005a0000000000000000000000000000000000000000
3009000000   239eae3c2a948a9e78af3e69a73b1cc2261694b36af4c1d07aaba5f2e4698888   00000000000000000004005a0000000000000000000000000000000000000000
3010000000   338636faa7b0591127a8a459b185e5dec7887a11e1a8e37cb0428c846f6aa611   00000000000000000004005a0000000000000000000000000000000000000000
3011000000   32d198f08474852c7106df07e9cc69fb52e605007198e54bea46f36244f92a01   00000000000000000004005a0000000000000000000000000000000000000000
3012000000   dc8b3104e4ad7b134dfd8a2838c281c5fc1b18d1f4ccdda2a724dde01c9cc31f   00000000000000000004005a0000000000000000000000000000000000000000
3013000000   bbab9fe486066734e8bedf5ad02e80072319d0893029c858425b405c91e9d2fa   00000000000000000004005a0000000000000000000000000000000000000000
3014000000   c309da2e6174e9d3cd3fa30758636cfdf46b3b809603d9e05d5e7ab05bebf1ea   00000000000000000004005a0000000000000000000000000000000000000000
3015000000   5ec96e35536de99b2909f5dab4c90921d177eb0420b45cfc87466a6b376818f8   00000000000000000004005a0000000000000000000000000000000000000000
3016000000   92a45928f909dcd893d1f8beedad041eee5c5621e55ef2111a8fe497184d14b7   00000000000000000004005a0000000000000000000000000000000000000000
3017000000   0287235afdb542a283857ae0dc03d61ebb00cc2cf633a760c598587be4d2701a   00000000000000000004005a0000000000000000000000000000000000000000
new_height:  827346
debugnonce_start:  3000000000
Mining block template, height 827346...
header:  b'\x00\x00\x00 \t8\xe6\x97\xcb\x94!\xeb0\xb8fY\x95\x89iE\x95\xa0P\xa7\xa4\x17\x03\x00\x00\x00\x00\x00\x00\x00\x00\x00G\x80\nP\x8cX\x96\x08\x1e\x1aL\x9e\xb1<F\x8fh\xe4\xf3bE\x81\xde6\xdf\xbbk\x07\x06\x99h91\xa3\xb2eZ\x00\x04\x17\x00\x00\x00\x00'
3000000000   894c736b3377ba4f440fcedcb1e2028add10eda43984525926a955ed49f2ae86   00000000000000000004005a0000000000000000000000000000000000000000
3001000000   eac6a5796dcbf223d7aee5f80735b5128c3ac17c9326c35482c08309d4d09726   00000000000000000004005a0000000000000000000000000000000000000000
3002000000   54f5843b0d515f9cfe2eb9c183c6a3feeeebc93e9dd925524cb25e456fce8e41   00000000000000000004005a0000000000000000000000000000000000000000
3003000000   16792043254c88116d0849ddb2aa95bd01314da1df073567a479bfe4dcdbe413   00000000000000000004005a0000000000000000000000000000000000000000
3004000000   691b44399bda4c6c851a64b26e75e71d385ca90e3ea2f238b604ad28cb1ed7b7   00000000000000000004005a0000000000000000000000000000000000000000
3005000000   016d2a78d747a5cd80a3dccebaa5ec70cd85b505a6acc8c8bf8c81a46e407e5c   00000000000000000004005a0000000000000000000000000000000000000000
3006000000   3ee3e7e1cd032e3cdc5f4d9f29a539e56479d0fac0362566cd7c38236de45bbe   00000000000000000004005a0000000000000000000000000000000000000000
3007000000   1c233bb4722d61ddfa76e43863a9dab93f65470d19fd35205c849a80f090aebf   00000000000000000004005a0000000000000000000000000000000000000000
3008000000   e1d202cdb80551c6b9c0f4f1a2c88ecb4a34cdbe182601fb021296b544c7dbc9   00000000000000000004005a0000000000000000000000000000000000000000
3009000000   7b08eeb0d0ff6dd7babbf673aeef2d7ed8ed50a3023178b402b0c9226b7f2fab   00000000000000000004005a0000000000000000000000000000000000000000
3010000000   0d36b670018ba2a73fd2016b16d319530fcfe502816d8663acefb26d411ff878   00000000000000000004005a0000000000000000000000000000000000000000
3011000000   f46cc2993d209801bdbc1db6f52ddbf5515c8f2c731772fd29067c82d4f32e1e   00000000000000000004005a0000000000000000000000000000000000000000
3012000000   985b58e8399b7ccd3b80299ca0c73e834d145621a97561f7f140daa37606efab   00000000000000000004005a0000000000000000000000000000000000000000
3013000000   acb29560054d40e5ea0b4be3e4d4827a513755d4ae6c1a4fd3fd358e5db45ce1   00000000000000000004005a0000000000000000000000000000000000000000
3014000000   83f42d59b1ea701d7c23f6ee4c832136cf80657415284b2d07cc4448336103b9   00000000000000000004005a0000000000000000000000000000000000000000
3015000000   c50d6c1537e8fec6db3f91291ab09c42973f5960c589ff4e71fdaa7c68f338d7   00000000000000000004005a0000000000000000000000000000000000000000
3016000000   872d4f12aadaed50d353140d49019c3a4b44736a25d51dd47164eb1710620142   00000000000000000004005a0000000000000000000000000000000000000000
3017000000   1a05d777c80ef658d81f6be36fff41542c4767ee190b1da1724e8a8aa86ebad5   00000000000000000004005a0000000000000000000000000000000000000000
3018000000   fb1277095cbdabf01e99bb91d5dde6b8c4b09620361b9cdbd90856eec70ddf73   00000000000000000004005a0000000000000000000000000000000000000000
3019000000   b101fd90c818c84eb0e81d470c0ac0dd70bb5730eb9a3612d2c615591b1663a8   00000000000000000004005a0000000000000000000000000000000000000000
3020000000   70608f72cc2ae1dc8f65344833b9cd8fe8315d589fa7c2642294b15e9abf453c   00000000000000000004005a0000000000000000000000000000000000000000
3021000000   f98e8caa0b12b003087bfe7c810ed949939e42e2bf06f83657a2997543c7a6bf   00000000000000000004005a0000000000000000000000000000000000000000
3022000000   92e5dc7a3106b47b422adf736b4254e56ab6616379bc751354562bebb89fab05   00000000000000000004005a0000000000000000000000000000000000000000
3023000000   1b955561d3ba4a7fe51e184b990187578b127d02b66492ec4107fe1d054824a0   00000000000000000004005a0000000000000000000000000000000000000000
3024000000   05687c430ead152aa8abec5b1ba3e6c1e8a89d2bc10433d06ae3fc11a1584086   00000000000000000004005a0000000000000000000000000000000000000000
3025000000   e90868e2dedbba6510431b4a7569dc09eec66ce0503d5cff70d5350e8f1fb7a8   00000000000000000004005a0000000000000000000000000000000000000000
3026000000   e818c4845a01faf2ef7f559b98409606c038c9f39e5c80870fe8f43c37918bf2   00000000000000000004005a0000000000000000000000000000000000000000
3027000000   d42d5ef82b52d6287e69acce591fb50b4c999b87f09bb4d63e371a070103f1c0   00000000000000000004005a0000000000000000000000000000000000000000
3028000000   d6e1434ca53216eaf8b95117c3c307ebc7536520ff1e49fa917ea002ba54d445   00000000000000000004005a0000000000000000000000000000000000000000
3029000000   64e0eb6a96be8b522a0e41badcac6743a5a1084e5a4d725b88d84e1b0d94d4ef   00000000000000000004005a0000000000000000000000000000000000000000
3030000000   950e5d33523be99d6a37bf1d03710e1834194038dab20551922a6c079bcde056   00000000000000000004005a0000000000000000000000000000000000000000
3031000000   5503f922f24812fbcb155c603e0b814fb349c11655e4cd536e829f824ab1b378   00000000000000000004005a0000000000000000000000000000000000000000
3032000000   f9c9c2cceead409cbad1095df971085ea9ab2c2223af4755f9f5dfe278c0d90f   00000000000000000004005a0000000000000000000000000000000000000000
3033000000   a69ddd851a6ebf27c3e929ce817a7acd540b130bf4d42fc49acee690396db055   00000000000000000004005a0000000000000000000000000000000000000000
3034000000   730d10b866fb6b7b1f5f263d5838630faaba6e5d0b1bfdcfdf3ed8c718007821   00000000000000000004005a0000000000000000000000000000000000000000
3035000000   c8459bce6c2bdf626acf65d9d12cd24c6ff54a25800c1d304a1d2b0485035164   00000000000000000004005a0000000000000000000000000000000000000000
3036000000   7cb32df714a52013f02a7d94e1723b392d84e6082260dbd91854d5bc9cf290a3   00000000000000000004005a0000000000000000000000000000000000000000
3037000000   0635c8060433073c0522d48b783661b006061eaa4c89a32e947012f353042885   00000000000000000004005a0000000000000000000000000000000000000000
3038000000   808018987b6089b3367ba77beceac92c49dfdb8828e9f6678e07f601c08904ca   00000000000000000004005a0000000000000000000000000000000000000000
3039000000   7b9a11b2e04755567a75fda149af3ed74bcf3f6cea27a2553dc5018e24edf1fa   00000000000000000004005a0000000000000000000000000000000000000000
3040000000   daf82041ebc9e018db9193ec47b10d0a69ecdc18bd7855c223bbfd476f21f21a   00000000000000000004005a0000000000000000000000000000000000000000
3041000000   952e68477cbc4fcf5079950aeb20158b0c3f63b4ff6bbbec1bd8fd5f136cdafa   00000000000000000004005a0000000000000000000000000000000000000000
3042000000   e0a0e911ea05994f7976b4db268ff0e041cbb825fc9f2247ae5ff518586b7a9a   00000000000000000004005a0000000000000000000000000000000000000000
3043000000   339593c3f4ef70c1b993f76d39a1b9fa66f697eb21bd2c5b7f8f5729ad946663   00000000000000000004005a0000000000000000000000000000000000000000
3044000000   749b0b871f58eca7806e402b150e9564e019c115a27de39a35f60e2c412431c2   00000000000000000004005a0000000000000000000000000000000000000000
3045000000   ed4bcee9c2074bb590ce0fd977a9ec75f1ce485f7427fee28cb0751c8552cac1   00000000000000000004005a0000000000000000000000000000000000000000
3046000000   5ba885b12dc289c221f8526511372262a8d5c4fb4fec02627772d5ea12d63a35   00000000000000000004005a0000000000000000000000000000000000000000
3047000000   cb678634bfe51f919b1d37038ba43a24770a0392392bc24d502b1c4c348b83da   00000000000000000004005a0000000000000000000000000000000000000000
3048000000   20b4b5c36fd72e764661b7a075c9b2cf075a042b0ddb78f4aad421f91a907bc9   00000000000000000004005a0000000000000000000000000000000000000000
3049000000   fc33e1a9d752aa3c860da1b183bfcfc7872d8d3cf96b7a46cde5d8ec0ead624b   00000000000000000004005a0000000000000000000000000000000000000000
3050000000   f2f5b56c444d027cffcdbdc5dd9fd738bdce3037c494ac498478a54a2aa1d685   00000000000000000004005a0000000000000000000000000000000000000000
3051000000   9526dc2177e81d14de05d2ea3e51947224527b81a68e2a61f824cc9bdfec5755   00000000000000000004005a0000000000000000000000000000000000000000
3052000000   f37fc3a5cca834ad6ec61e0430b517dc8bedd0d3a678959ad24c553aff78fffc   00000000000000000004005a0000000000000000000000000000000000000000
3053000000   fc929c89e7f9524b4a136a5369b94200e7bc4f88ae6eb667faf512aa3125b641   00000000000000000004005a0000000000000000000000000000000000000000
3054000000   0e0f14a868bdf1a9d97aedb7d253e9993ab5f975a58ccfbb0e1d5375d87e8c4f   00000000000000000004005a0000000000000000000000000000000000000000
3055000000   298fbf3d144ecbba7a6705fce6ddff495d04c0db0e9b85f32362f50bbbab7a81   00000000000000000004005a0000000000000000000000000000000000000000
3056000000   ee39777821ffa5c09f6dd005660d9eaf303ff04376d4cbc6c448297a71326c73   00000000000000000004005a0000000000000000000000000000000000000000
3057000000   d87790a340e96e5672ceb12d21325a70bd436a67bf86aae7a7e4e868953141d1   00000000000000000004005a0000000000000000000000000000000000000000
3058000000   fed4263219308f957b71ca7526a4a37138632449813174aa91634412138d2f31   00000000000000000004005a0000000000000000000000000000000000000000
3059000000   9e80cb81bc4ee06fc350205711ad991264de21ac6b7a133b3f8842b4e1d1f45d   00000000000000000004005a0000000000000000000000000000000000000000
3060000000   d7d6aa326b231f2887f20b81e4ea230b1d66ee7ab3fd35411b75c0ae3eab1714   00000000000000000004005a0000000000000000000000000000000000000000
3061000000   3ca3087fe47c84a2fb1b2b096bd9df5d656fa30dcd19cfb8ef083f2f4cdc3c94   00000000000000000004005a0000000000000000000000000000000000000000
3062000000   3268c670efd2c58c1a3082945f2ecd6509621e6af9b55cf8e4ed56d43545a84b   00000000000000000004005a0000000000000000000000000000000000000000
3063000000   a05e6914e5e768ff4dde8ac9528549ebd80fc7885cf2f7c1af5feefd3bc6572d   00000000000000000004005a0000000000000000000000000000000000000000
3064000000   f353eabb2edc198d7dbeb0cd0ea3186e4570c42e9df9e3c14280dfcbdec284f1   00000000000000000004005a0000000000000000000000000000000000000000
3065000000   2c260fe2b9366c21a38d1d941043cee4cde1782b9f88b393f85a63bade40d9c2   00000000000000000004005a0000000000000000000000000000000000000000
new_height:  827347
RPC_URL: http://127.0.0.1:8332
RPC_USER: sree
RPC_PASS: admin
Traceback (most recent call last):
  File "/Users/sreenath/Documents/bitcoin_code/ntgbtminer/ntgbtminer.py", line 573, in <module>
    standalone_miner(sys.argv[1].encode().hex(), sys.argv[2], int(sys.argv[3]) )
  File "/Users/sreenath/Documents/bitcoin_code/ntgbtminer/ntgbtminer.py", line 549, in standalone_miner
    block_template = rpc_getblocktemplate()
                     ^^^^^^^^^^^^^^^^^^^^^^
  File "/Users/sreenath/Documents/bitcoin_code/ntgbtminer/ntgbtminer.py", line 85, in rpc_getblocktemplate
    out = rpc("getblocktemplate", [{"rules": ["segwit"]}])
          ^^^^^^^^^^^^^^^^^^^^^^^^^^^^^^^^^^^^^^^^^^^^^^^^
  File "/Users/sreenath/Documents/bitcoin_code/ntgbtminer/ntgbtminer.py", line 58, in rpc
    with urllib.request.urlopen(request) as f:
         ^^^^^^^^^^^^^^^^^^^^^^^^^^^^^^^
  File "/Users/sreenath/anaconda3/lib/python3.11/urllib/request.py", line 216, in urlopen
    return opener.open(url, data, timeout)
           ^^^^^^^^^^^^^^^^^^^^^^^^^^^^^^^
  File "/Users/sreenath/anaconda3/lib/python3.11/urllib/request.py", line 525, in open
    response = meth(req, response)
               ^^^^^^^^^^^^^^^^^^^
  File "/Users/sreenath/anaconda3/lib/python3.11/urllib/request.py", line 634, in http_response
    response = self.parent.error(
               ^^^^^^^^^^^^^^^^^^
  File "/Users/sreenath/anaconda3/lib/python3.11/urllib/request.py", line 563, in error
    return self._call_chain(*args)
           ^^^^^^^^^^^^^^^^^^^^^^^
  File "/Users/sreenath/anaconda3/lib/python3.11/urllib/request.py", line 496, in _call_chain
    result = func(*args)
             ^^^^^^^^^^^
  File "/Users/sreenath/anaconda3/lib/python3.11/urllib/request.py", line 643, in http_error_default
    raise HTTPError(req.full_url, code, msg, hdrs, fp)
urllib.error.HTTPError: HTTP Error 503: Service Unavailable
