debugnonce_start:  2000000000
Mining block template, height 827636...
header:  b'\x00\x00\x00 06\xe7\x83&d\xbd\xbaj\xc0\xd5I.\x00;\xdb\xd4\x1dp@\xafd\x01\x00\x00\x00\x00\x00\x00\x00\x00\x00\xb3\xe75\x8a.Q/\xcc|\xe9\xbbI\xa7\x1c@%Ju\x8fm\x05\xc1\xaf\x8b\x8d\x87\xbe\xf8\xb1o\xb6\x8e\x05\x11\xb5eZ\x00\x04\x17\x00\x00\x00\x00'
2000000000   1ef6e00b7e69b838ceac0907d87a21abeccc9fa82420657b8684e56ea74f652f   00000000000000000004005a0000000000000000000000000000000000000000
2001000000   4c26cbc4873d99b02adabb560b2818794785d23ae0602e8d1a4bdae849a29dc5   00000000000000000004005a0000000000000000000000000000000000000000
2002000000   ba463a0774196a493eb467814327f7fd3d6406252ce80ea621d29850593b0d03   00000000000000000004005a0000000000000000000000000000000000000000
2003000000   364727de955fab059d2f9b2f2450f81f911207c34728b89a0ba046b599377442   00000000000000000004005a0000000000000000000000000000000000000000
2004000000   ff54af10ade6a118099aa53306e009cdb896ed97d4adb8307e33b299c0083c2a   00000000000000000004005a0000000000000000000000000000000000000000
2005000000   06a9a18b0320bd76c6a155d81590a85cfcb14530156afa7eab7ee39e8a058c9c   00000000000000000004005a0000000000000000000000000000000000000000
2006000000   8e90984a9b98da081197200445b8b78777fad85cd568ea2d73e6676156379b26   00000000000000000004005a0000000000000000000000000000000000000000
2007000000   1d399017f6a783f14946ea6df5efe1d1be3321112eb7a154782fe44e45494581   00000000000000000004005a0000000000000000000000000000000000000000
2008000000   97c8217a5be6a3e72c5e964eb5be8bb7ddb7011effadd39f45a45fe095db9ad0   00000000000000000004005a0000000000000000000000000000000000000000
2009000000   ddd83ee53a7a78c0373e433b869207b9cee970489e8f5f0992fb5c7017ea6187   00000000000000000004005a0000000000000000000000000000000000000000
2010000000   cc0cd869a987bd58559c502bfc7df369a5eb5265699d9394c2e2206cf97084ce   00000000000000000004005a0000000000000000000000000000000000000000
2011000000   611dc15429507ff368afe074294dcb88c44b1059b6c1b6f9b3ea24b2ac475ece   00000000000000000004005a0000000000000000000000000000000000000000
2012000000   ce80be405ed4a3b0b9f5a31864c72545f787ff30ff85f9c527044b2051f432fa   00000000000000000004005a0000000000000000000000000000000000000000
2013000000   d566d67ec8a30e27c372be7f7247202b02a3969b98cced784cf5fd32dedb772b   00000000000000000004005a0000000000000000000000000000000000000000
2014000000   71295f2262989329acca21856df6db8d66644824a1ccaa3c135d5bc58b4d327b   00000000000000000004005a0000000000000000000000000000000000000000
2015000000   e5ee2732fb73c722e89b76bb88174c41c29273a927bcdb01864254f26cb10ed8   00000000000000000004005a0000000000000000000000000000000000000000
2016000000   fd9e873842781e932cc9b49490c192ecb4dcc4b2aff4dca376c9c4b8af456dc2   00000000000000000004005a0000000000000000000000000000000000000000
2017000000   e278392f080a2c00ef6daeca0b43f9a91d50cd763344c3bbe0231b51389c87ee   00000000000000000004005a0000000000000000000000000000000000000000
2018000000   87a718b8ce1638b029431b9e17f7b46b11e18156aa45d6f7493c182613b321f4   00000000000000000004005a0000000000000000000000000000000000000000
2019000000   632fca18069ca8d4c92600892e88aa415870329da9f425aa222dcc2824a11680   00000000000000000004005a0000000000000000000000000000000000000000
2020000000   f100a82f27eac571ddae6cae4e4fa8ed6f79a651bb8a601cbe19732ce3b180a5   00000000000000000004005a0000000000000000000000000000000000000000
2021000000   78ce7bdab4f0c7e09f353d5c753d882210514f62727a7205b8cc2528f6306118   00000000000000000004005a0000000000000000000000000000000000000000
2022000000   53545725b58cef6dac2e3c6fbc6de27b15db095e1d42dea9bbea96711f8e15dd   00000000000000000004005a0000000000000000000000000000000000000000
2023000000   88b55afd6d983fb83c81620edc5bdde0304d655f6167d2d795f8b9a200732e75   00000000000000000004005a0000000000000000000000000000000000000000
2024000000   b8d60d1c5a24c213df7c2d917807b86b534b378dbda48da8940f98037e2aeb3a   00000000000000000004005a0000000000000000000000000000000000000000
2025000000   42a56e00269fca312ae973a84520dc75e6b4d17373f899be2e1208fd3525e415   00000000000000000004005a0000000000000000000000000000000000000000
2026000000   0a942e2164295198440d2d5ec5416a091a54b98e42c25695c7397e2b6f9adbe2   00000000000000000004005a0000000000000000000000000000000000000000
2027000000   08bd8cb5d057488495691504eaed2f514adaabc353138ebe0b9a1fb6d7cd41ab   00000000000000000004005a0000000000000000000000000000000000000000
2028000000   cfba68e817702854f09c67b8a04f2b2a776a0d6591a7a91b44fd9bc5f7613dc6   00000000000000000004005a0000000000000000000000000000000000000000
2029000000   2b750b420bf7ee414ead38b1a939579204da02091e5b434d8d4ab829697b9cdb   00000000000000000004005a0000000000000000000000000000000000000000
2030000000   741ccca62c40eea1118f0d49357a1aea184951491071ff833754573f78d3cee0   00000000000000000004005a0000000000000000000000000000000000000000
2031000000   68fc35bed2b7541e425c70cbc0b52a524081888419a50226737dc6c259cdb254   00000000000000000004005a0000000000000000000000000000000000000000
2032000000   ed6a27de921159b5d59a177006c3132d9340b29e0a6486dfa2b2de99579a3a2d   00000000000000000004005a0000000000000000000000000000000000000000
2033000000   b089537b79c2db98ceb21362ffff5b63c5f56c88aa15fdfb0f6fd1f34b47430c   00000000000000000004005a0000000000000000000000000000000000000000
2034000000   b14ebd1cff09b4e881b2c126de94f40245fe05e6b3d59dd7faff558efd911b3e   00000000000000000004005a0000000000000000000000000000000000000000
2035000000   f4556210219267c3619f6c34c693e454a71be2584e32bfbf35d0509d2627c5b6   00000000000000000004005a0000000000000000000000000000000000000000
2036000000   14b0e332b10ca885f1adc307fcb90e5b46e35f36a0abf02b42936ac9dea3a365   00000000000000000004005a0000000000000000000000000000000000000000
2037000000   e3392f93326f05cce8fe23f078fcb6725ee193a88a2051daf2183a952af93fb3   00000000000000000004005a0000000000000000000000000000000000000000
2038000000   31b2ae61d4fcf380c01a89e1c3f17a0c7861ba0309fc9a524df2627a6fd55446   00000000000000000004005a0000000000000000000000000000000000000000
2039000000   04b5abba9475e43d393167e818fd7f987a762fa987f5b795d8bbb382416481f4   00000000000000000004005a0000000000000000000000000000000000000000
2040000000   f51cff405648f94b74524291e692492bee40a4a1b0162b9446a0df4cf5a13786   00000000000000000004005a0000000000000000000000000000000000000000
2041000000   7a5f7f29e62a8eb48edc2bd25ce45aba535b5520903c47ca574ecb82952cfbfb   00000000000000000004005a0000000000000000000000000000000000000000
2042000000   b38082f0352c90f681c65aaa3cd6f795c0822c8d0babf4f618a10c55e065b070   00000000000000000004005a0000000000000000000000000000000000000000
2043000000   583435595359a19927418407fa4fd5008f92ef2aad23ab51d91a4f2401f71b00   00000000000000000004005a0000000000000000000000000000000000000000
2044000000   57029d622e2a1ddc6977082504b45e857093510ca35197a9de81015299bb88c3   00000000000000000004005a0000000000000000000000000000000000000000
2045000000   43ec0df2b12c7112ba303c0efa3b327b67aacd5639b9ec528eab1b06078ef889   00000000000000000004005a0000000000000000000000000000000000000000
2046000000   d68a4a8a4e32ae488faaa105740fd4e5f70a7e43ee3b8d8993bbef337e4044db   00000000000000000004005a0000000000000000000000000000000000000000
2047000000   3c5a029d1a84dfe5ff8e9d1067765bf2efae85665351b462ced5e3f8586d29fd   00000000000000000004005a0000000000000000000000000000000000000000
2048000000   79187830d395e7b002dbb4c6fff08730010dab74d9564f6cd05281f2e519c1f1   00000000000000000004005a0000000000000000000000000000000000000000
2049000000   3bd873035164f6b15527145557d76b4ab29acdf688a75ae2a89ca8e3f491daf7   00000000000000000004005a0000000000000000000000000000000000000000
2050000000   891dfcf126fcc4e8af26af85141a01c9568a9d4382b7f58df96982d7eee2936c   00000000000000000004005a0000000000000000000000000000000000000000
2051000000   6405646bce1436d7d50a06aba0b2902d56bb1da6684c78c3bc82616861a99a49   00000000000000000004005a0000000000000000000000000000000000000000
2052000000   ef366ba7e16cef058c37003da0ffe4f319432e96ba9e7a06233c580908f8b329   00000000000000000004005a0000000000000000000000000000000000000000
2053000000   6f4c5410cc65e84de689f15aa7a7471020c5740e82cd960e393d0366212edcf6   00000000000000000004005a0000000000000000000000000000000000000000
2054000000   